[2024-05-19T20:27:31.498+0000] {taskinstance.py:1956} INFO - Dependencies all met for dep_context=non-requeueable deps ti=<TaskInstance: our_first_dag_v2.load_data manual__2024-05-19T20:27:26.260374+00:00 [queued]>
[2024-05-19T20:27:31.507+0000] {taskinstance.py:1956} INFO - Dependencies all met for dep_context=requeueable deps ti=<TaskInstance: our_first_dag_v2.load_data manual__2024-05-19T20:27:26.260374+00:00 [queued]>
[2024-05-19T20:27:31.508+0000] {taskinstance.py:2170} INFO - Starting attempt 1 of 1
[2024-05-19T20:27:31.533+0000] {taskinstance.py:2191} INFO - Executing <Task(PythonOperator): load_data> on 2024-05-19 20:27:26.260374+00:00
[2024-05-19T20:27:31.544+0000] {standard_task_runner.py:60} INFO - Started process 329 to run task
[2024-05-19T20:27:31.547+0000] {standard_task_runner.py:87} INFO - Running: ['***', 'tasks', 'run', 'our_first_dag_v2', 'load_data', 'manual__2024-05-19T20:27:26.260374+00:00', '--job-id', '404', '--raw', '--subdir', 'DAGS_FOLDER/frist-dag.py', '--cfg-path', '/tmp/tmpxqidrm8f']
[2024-05-19T20:27:31.549+0000] {standard_task_runner.py:88} INFO - Job 404: Subtask load_data
[2024-05-19T20:27:31.594+0000] {task_command.py:423} INFO - Running <TaskInstance: our_first_dag_v2.load_data manual__2024-05-19T20:27:26.260374+00:00 [running]> on host 7b23a6949395
[2024-05-19T20:27:31.673+0000] {taskinstance.py:2480} INFO - Exporting env vars: AIRFLOW_CTX_DAG_OWNER='***' AIRFLOW_CTX_DAG_ID='our_first_dag_v2' AIRFLOW_CTX_TASK_ID='load_data' AIRFLOW_CTX_EXECUTION_DATE='2024-05-19T20:27:26.260374+00:00' AIRFLOW_CTX_TRY_NUMBER='1' AIRFLOW_CTX_DAG_RUN_ID='manual__2024-05-19T20:27:26.260374+00:00'
[2024-05-19T20:27:31.675+0000] {logging_mixin.py:188} INFO - Hello from PythonOperator [0 1 2]
[2024-05-19T20:27:31.694+0000] {logging_mixin.py:188} INFO -    number
0       1
[2024-05-19T20:27:31.749+0000] {logging_mixin.py:188} INFO -    VendorID    tpep_pickup_datetime  ... total_amount  congestion_surcharge
0         1  01/01/2020 12:28:15 AM  ...        11.27                   2.5
1         1  01/01/2020 12:35:39 AM  ...        12.30                   2.5
2         1  01/01/2020 12:47:41 AM  ...        10.80                   2.5
3         1  01/01/2020 12:55:23 AM  ...         8.16                   0.0
4         2  01/01/2020 12:01:58 AM  ...         4.80                   0.0

[5 rows x 18 columns]
[2024-05-19T20:27:31.749+0000] {python.py:201} INFO - Done. Returned value was: None
[2024-05-19T20:27:31.759+0000] {taskinstance.py:1138} INFO - Marking task as SUCCESS. dag_id=our_first_dag_v2, task_id=load_data, execution_date=20240519T202726, start_date=20240519T202731, end_date=20240519T202731
[2024-05-19T20:27:31.800+0000] {local_task_job_runner.py:234} INFO - Task exited with return code 0
[2024-05-19T20:27:31.816+0000] {taskinstance.py:3280} INFO - 0 downstream tasks scheduled from follow-on schedule check
