[2024-06-12T18:04:04.685+0000] {processor.py:161} INFO - Started process (PID=38) to work on /opt/airflow/dags/frist-dag.py
[2024-06-12T18:04:04.707+0000] {processor.py:830} INFO - Processing file /opt/airflow/dags/frist-dag.py for tasks to queue
[2024-06-12T18:04:04.741+0000] {logging_mixin.py:188} INFO - [2024-06-12T18:04:04.739+0000] {dagbag.py:538} INFO - Filling up the DagBag from /opt/airflow/dags/frist-dag.py
[2024-06-12T18:04:06.939+0000] {processor.py:840} INFO - DAG(s) 'our_first_dag_v2' retrieved from /opt/airflow/dags/frist-dag.py
[2024-06-12T18:04:07.371+0000] {logging_mixin.py:188} INFO - [2024-06-12T18:04:07.370+0000] {dag.py:3036} INFO - Sync 1 DAGs
[2024-06-12T18:04:07.420+0000] {logging_mixin.py:188} INFO - [2024-06-12T18:04:07.419+0000] {dag.py:3823} INFO - Setting next_dagrun for our_first_dag_v2 to 2024-05-31 00:00:00+00:00, run_after=2024-06-01 00:00:00+00:00
[2024-06-12T18:04:07.470+0000] {processor.py:183} INFO - Processing /opt/airflow/dags/frist-dag.py took 2.841 seconds
[2024-06-12T18:04:38.084+0000] {processor.py:161} INFO - Started process (PID=97) to work on /opt/airflow/dags/frist-dag.py
[2024-06-12T18:04:38.091+0000] {processor.py:830} INFO - Processing file /opt/airflow/dags/frist-dag.py for tasks to queue
[2024-06-12T18:04:38.094+0000] {logging_mixin.py:188} INFO - [2024-06-12T18:04:38.093+0000] {dagbag.py:538} INFO - Filling up the DagBag from /opt/airflow/dags/frist-dag.py
[2024-06-12T18:05:00.790+0000] {processor.py:840} INFO - DAG(s) 'our_first_dag_v2' retrieved from /opt/airflow/dags/frist-dag.py
[2024-06-12T18:06:12.560+0000] {processor.py:161} INFO - Started process (PID=183) to work on /opt/airflow/dags/frist-dag.py
[2024-06-12T18:06:12.561+0000] {processor.py:830} INFO - Processing file /opt/airflow/dags/frist-dag.py for tasks to queue
[2024-06-12T18:06:12.563+0000] {logging_mixin.py:188} INFO - [2024-06-12T18:06:12.562+0000] {dagbag.py:538} INFO - Filling up the DagBag from /opt/airflow/dags/frist-dag.py
[2024-06-12T18:06:13.555+0000] {processor.py:840} INFO - DAG(s) 'our_first_dag_v2' retrieved from /opt/airflow/dags/frist-dag.py
[2024-06-12T18:06:14.058+0000] {logging_mixin.py:188} INFO - [2024-06-12T18:06:14.058+0000] {dag.py:3036} INFO - Sync 1 DAGs
[2024-06-12T18:06:14.128+0000] {processor.py:183} INFO - Processing /opt/airflow/dags/frist-dag.py took 1.577 seconds
[2024-06-12T18:06:34.540+0000] {processor.py:161} INFO - Started process (PID=240) to work on /opt/airflow/dags/frist-dag.py
[2024-06-12T18:06:34.541+0000] {processor.py:830} INFO - Processing file /opt/airflow/dags/frist-dag.py for tasks to queue
[2024-06-12T18:06:34.544+0000] {logging_mixin.py:188} INFO - [2024-06-12T18:06:34.542+0000] {dagbag.py:538} INFO - Filling up the DagBag from /opt/airflow/dags/frist-dag.py
[2024-06-12T18:06:42.205+0000] {processor.py:840} INFO - DAG(s) 'our_first_dag_v2' retrieved from /opt/airflow/dags/frist-dag.py
[2024-06-12T18:06:42.235+0000] {logging_mixin.py:188} INFO - [2024-06-12T18:06:42.234+0000] {taskinstance.py:2700} ERROR - {'DAG Id': 'our_first_dag_v2', 'Task Id': 'load_data', 'Run Id': 'scheduled__2024-05-27T00:00:00+00:00', 'Hostname': '7b23a6949395', 'External Executor Id': '3f3a3ad0-da4e-4001-899a-bd542b757873'}
[2024-06-12T18:06:42.269+0000] {logging_mixin.py:188} INFO - [2024-06-12T18:06:42.269+0000] {taskinstance.py:1138} INFO - Marking task as FAILED. dag_id=our_first_dag_v2, task_id=load_data, execution_date=20240527T000000, start_date=20240612T180552, end_date=20240612T180642
[2024-06-12T18:06:42.280+0000] {processor.py:791} INFO - Executed failure callback for <TaskInstance: our_first_dag_v2.load_data scheduled__2024-05-27T00:00:00+00:00 [failed]> in state failed
[2024-06-12T18:06:42.290+0000] {logging_mixin.py:188} INFO - [2024-06-12T18:06:42.289+0000] {dag.py:3036} INFO - Sync 1 DAGs
[2024-06-12T18:06:42.347+0000] {processor.py:183} INFO - Processing /opt/airflow/dags/frist-dag.py took 7.814 seconds
[2024-06-12T18:06:44.968+0000] {processor.py:161} INFO - Started process (PID=252) to work on /opt/airflow/dags/frist-dag.py
[2024-06-12T18:06:44.969+0000] {processor.py:830} INFO - Processing file /opt/airflow/dags/frist-dag.py for tasks to queue
[2024-06-12T18:06:44.970+0000] {logging_mixin.py:188} INFO - [2024-06-12T18:06:44.970+0000] {dagbag.py:538} INFO - Filling up the DagBag from /opt/airflow/dags/frist-dag.py
[2024-06-12T18:06:46.085+0000] {processor.py:840} INFO - DAG(s) 'our_first_dag_v2' retrieved from /opt/airflow/dags/frist-dag.py
[2024-06-12T18:06:46.114+0000] {logging_mixin.py:188} INFO - [2024-06-12T18:06:46.113+0000] {taskinstance.py:2700} ERROR - {'DAG Id': 'our_first_dag_v2', 'Task Id': 'load_data', 'Run Id': 'scheduled__2024-05-30T00:00:00+00:00', 'Hostname': '7b23a6949395', 'External Executor Id': '388f5fd4-fca6-4bc9-b6da-03fa0c836886'}
[2024-06-12T18:06:46.142+0000] {logging_mixin.py:188} INFO - [2024-06-12T18:06:46.141+0000] {taskinstance.py:1138} INFO - Marking task as FAILED. dag_id=our_first_dag_v2, task_id=load_data, execution_date=20240530T000000, start_date=20240612T180552, end_date=20240612T180646
[2024-06-12T18:06:46.153+0000] {processor.py:791} INFO - Executed failure callback for <TaskInstance: our_first_dag_v2.load_data scheduled__2024-05-30T00:00:00+00:00 [failed]> in state failed
[2024-06-12T18:06:46.156+0000] {logging_mixin.py:188} INFO - [2024-06-12T18:06:46.156+0000] {taskinstance.py:2700} ERROR - {'DAG Id': 'our_first_dag_v2', 'Task Id': 'load_data', 'Run Id': 'scheduled__2024-05-30T00:00:00+00:00', 'Hostname': '7b23a6949395', 'External Executor Id': '388f5fd4-fca6-4bc9-b6da-03fa0c836886'}
[2024-06-12T18:06:46.169+0000] {logging_mixin.py:188} INFO - [2024-06-12T18:06:46.169+0000] {taskinstance.py:1138} INFO - Marking task as FAILED. dag_id=our_first_dag_v2, task_id=load_data, execution_date=20240530T000000, start_date=20240612T180552, end_date=20240612T180646
[2024-06-12T18:06:46.174+0000] {processor.py:791} INFO - Executed failure callback for <TaskInstance: our_first_dag_v2.load_data scheduled__2024-05-30T00:00:00+00:00 [failed]> in state failed
[2024-06-12T18:06:46.177+0000] {logging_mixin.py:188} INFO - [2024-06-12T18:06:46.177+0000] {taskinstance.py:2700} ERROR - {'DAG Id': 'our_first_dag_v2', 'Task Id': 'load_data', 'Run Id': 'scheduled__2024-05-25T00:00:00+00:00', 'Hostname': '7b23a6949395', 'External Executor Id': '6beee1c5-f7b9-4723-a07d-75a46fb51747'}
[2024-06-12T18:06:46.191+0000] {logging_mixin.py:188} INFO - [2024-06-12T18:06:46.191+0000] {taskinstance.py:1138} INFO - Marking task as FAILED. dag_id=our_first_dag_v2, task_id=load_data, execution_date=20240525T000000, start_date=20240612T180552, end_date=20240612T180646
[2024-06-12T18:06:46.195+0000] {processor.py:791} INFO - Executed failure callback for <TaskInstance: our_first_dag_v2.load_data scheduled__2024-05-25T00:00:00+00:00 [failed]> in state failed
[2024-06-12T18:06:46.210+0000] {logging_mixin.py:188} INFO - [2024-06-12T18:06:46.209+0000] {dag.py:3036} INFO - Sync 1 DAGs
[2024-06-12T18:06:46.230+0000] {logging_mixin.py:188} INFO - [2024-06-12T18:06:46.229+0000] {dag.py:3823} INFO - Setting next_dagrun for our_first_dag_v2 to 2024-06-08 00:00:00+00:00, run_after=2024-06-09 00:00:00+00:00
[2024-06-12T18:06:46.253+0000] {processor.py:183} INFO - Processing /opt/airflow/dags/frist-dag.py took 1.289 seconds
[2024-06-12T18:07:16.496+0000] {processor.py:161} INFO - Started process (PID=321) to work on /opt/airflow/dags/frist-dag.py
[2024-06-12T18:07:16.497+0000] {processor.py:830} INFO - Processing file /opt/airflow/dags/frist-dag.py for tasks to queue
[2024-06-12T18:07:16.498+0000] {logging_mixin.py:188} INFO - [2024-06-12T18:07:16.498+0000] {dagbag.py:538} INFO - Filling up the DagBag from /opt/airflow/dags/frist-dag.py
[2024-06-12T18:07:17.290+0000] {processor.py:840} INFO - DAG(s) 'our_first_dag_v2' retrieved from /opt/airflow/dags/frist-dag.py
[2024-06-12T18:07:17.317+0000] {logging_mixin.py:188} INFO - [2024-06-12T18:07:17.316+0000] {dag.py:3036} INFO - Sync 1 DAGs
[2024-06-12T18:07:17.349+0000] {logging_mixin.py:188} INFO - [2024-06-12T18:07:17.349+0000] {dag.py:3823} INFO - Setting next_dagrun for our_first_dag_v2 to 2024-06-12 00:00:00+00:00, run_after=2024-06-13 00:00:00+00:00
[2024-06-12T18:07:17.384+0000] {processor.py:183} INFO - Processing /opt/airflow/dags/frist-dag.py took 0.892 seconds
[2024-06-12T18:07:52.128+0000] {processor.py:161} INFO - Started process (PID=375) to work on /opt/airflow/dags/frist-dag.py
[2024-06-12T18:07:52.129+0000] {processor.py:830} INFO - Processing file /opt/airflow/dags/frist-dag.py for tasks to queue
[2024-06-12T18:07:52.131+0000] {logging_mixin.py:188} INFO - [2024-06-12T18:07:52.130+0000] {dagbag.py:538} INFO - Filling up the DagBag from /opt/airflow/dags/frist-dag.py
[2024-06-12T18:07:55.077+0000] {processor.py:840} INFO - DAG(s) 'our_first_dag_v2' retrieved from /opt/airflow/dags/frist-dag.py
[2024-06-12T18:07:56.764+0000] {logging_mixin.py:188} INFO - [2024-06-12T18:07:56.763+0000] {dag.py:3036} INFO - Sync 1 DAGs
[2024-06-12T18:07:56.823+0000] {logging_mixin.py:188} INFO - [2024-06-12T18:07:56.818+0000] {dag.py:3823} INFO - Setting next_dagrun for our_first_dag_v2 to 2024-06-12 00:00:00+00:00, run_after=2024-06-13 00:00:00+00:00
[2024-06-12T18:07:56.877+0000] {processor.py:183} INFO - Processing /opt/airflow/dags/frist-dag.py took 4.763 seconds
[2024-06-12T18:08:02.888+0000] {processor.py:161} INFO - Started process (PID=447) to work on /opt/airflow/dags/frist-dag.py
[2024-06-12T18:08:02.890+0000] {processor.py:830} INFO - Processing file /opt/airflow/dags/frist-dag.py for tasks to queue
[2024-06-12T18:08:02.891+0000] {logging_mixin.py:188} INFO - [2024-06-12T18:08:02.891+0000] {dagbag.py:538} INFO - Filling up the DagBag from /opt/airflow/dags/frist-dag.py
[2024-06-12T18:08:04.020+0000] {processor.py:840} INFO - DAG(s) 'our_first_dag_v2' retrieved from /opt/airflow/dags/frist-dag.py
[2024-06-12T18:08:04.052+0000] {logging_mixin.py:188} INFO - [2024-06-12T18:08:04.051+0000] {taskinstance.py:2700} ERROR - {'DAG Id': 'our_first_dag_v2', 'Task Id': 'load_data', 'Run Id': 'scheduled__2024-06-08T00:00:00+00:00', 'Hostname': '7b23a6949395', 'External Executor Id': '93e509f1-b0c2-4887-b3d6-531557e3b61f'}
[2024-06-12T18:08:04.099+0000] {logging_mixin.py:188} INFO - [2024-06-12T18:08:04.099+0000] {taskinstance.py:1138} INFO - Marking task as FAILED. dag_id=our_first_dag_v2, task_id=load_data, execution_date=20240608T000000, start_date=20240612T180654, end_date=20240612T180804
[2024-06-12T18:08:04.115+0000] {processor.py:791} INFO - Executed failure callback for <TaskInstance: our_first_dag_v2.load_data scheduled__2024-06-08T00:00:00+00:00 [failed]> in state failed
[2024-06-12T18:08:04.124+0000] {logging_mixin.py:188} INFO - [2024-06-12T18:08:04.124+0000] {taskinstance.py:2700} ERROR - {'DAG Id': 'our_first_dag_v2', 'Task Id': 'load_data', 'Run Id': 'scheduled__2024-06-10T00:00:00+00:00', 'Hostname': '7b23a6949395', 'External Executor Id': '8613d571-9c32-458e-8f96-c20e89512814'}
[2024-06-12T18:08:04.138+0000] {logging_mixin.py:188} INFO - [2024-06-12T18:08:04.138+0000] {taskinstance.py:1138} INFO - Marking task as FAILED. dag_id=our_first_dag_v2, task_id=load_data, execution_date=20240610T000000, start_date=20240612T180703, end_date=20240612T180804
[2024-06-12T18:08:04.143+0000] {processor.py:791} INFO - Executed failure callback for <TaskInstance: our_first_dag_v2.load_data scheduled__2024-06-10T00:00:00+00:00 [failed]> in state failed
[2024-06-12T18:08:04.147+0000] {logging_mixin.py:188} INFO - [2024-06-12T18:08:04.146+0000] {taskinstance.py:2700} ERROR - {'DAG Id': 'our_first_dag_v2', 'Task Id': 'load_data', 'Run Id': 'scheduled__2024-06-08T00:00:00+00:00', 'Hostname': '7b23a6949395', 'External Executor Id': '93e509f1-b0c2-4887-b3d6-531557e3b61f'}
[2024-06-12T18:08:04.162+0000] {logging_mixin.py:188} INFO - [2024-06-12T18:08:04.162+0000] {taskinstance.py:1138} INFO - Marking task as FAILED. dag_id=our_first_dag_v2, task_id=load_data, execution_date=20240608T000000, start_date=20240612T180654, end_date=20240612T180804
[2024-06-12T18:08:04.168+0000] {processor.py:791} INFO - Executed failure callback for <TaskInstance: our_first_dag_v2.load_data scheduled__2024-06-08T00:00:00+00:00 [failed]> in state failed
[2024-06-12T18:08:04.173+0000] {logging_mixin.py:188} INFO - [2024-06-12T18:08:04.173+0000] {taskinstance.py:2700} ERROR - {'DAG Id': 'our_first_dag_v2', 'Task Id': 'load_data', 'Run Id': 'scheduled__2024-06-10T00:00:00+00:00', 'Hostname': '7b23a6949395', 'External Executor Id': '8613d571-9c32-458e-8f96-c20e89512814'}
[2024-06-12T18:08:04.195+0000] {logging_mixin.py:188} INFO - [2024-06-12T18:08:04.194+0000] {taskinstance.py:1138} INFO - Marking task as FAILED. dag_id=our_first_dag_v2, task_id=load_data, execution_date=20240610T000000, start_date=20240612T180703, end_date=20240612T180804
[2024-06-12T18:08:04.205+0000] {processor.py:791} INFO - Executed failure callback for <TaskInstance: our_first_dag_v2.load_data scheduled__2024-06-10T00:00:00+00:00 [failed]> in state failed
[2024-06-12T18:08:04.210+0000] {logging_mixin.py:188} INFO - [2024-06-12T18:08:04.210+0000] {taskinstance.py:2700} ERROR - {'DAG Id': 'our_first_dag_v2', 'Task Id': 'load_data', 'Run Id': 'scheduled__2024-06-09T00:00:00+00:00', 'Hostname': '7b23a6949395', 'External Executor Id': 'f00fbb69-4196-4afe-81ec-f0044bbec409'}
[2024-06-12T18:08:04.235+0000] {logging_mixin.py:188} INFO - [2024-06-12T18:08:04.235+0000] {taskinstance.py:1138} INFO - Marking task as FAILED. dag_id=our_first_dag_v2, task_id=load_data, execution_date=20240609T000000, start_date=20240612T180703, end_date=20240612T180804
[2024-06-12T18:08:04.254+0000] {processor.py:791} INFO - Executed failure callback for <TaskInstance: our_first_dag_v2.load_data scheduled__2024-06-09T00:00:00+00:00 [failed]> in state failed
[2024-06-12T18:08:04.275+0000] {logging_mixin.py:188} INFO - [2024-06-12T18:08:04.275+0000] {dag.py:3036} INFO - Sync 1 DAGs
[2024-06-12T18:08:04.315+0000] {logging_mixin.py:188} INFO - [2024-06-12T18:08:04.314+0000] {dag.py:3823} INFO - Setting next_dagrun for our_first_dag_v2 to 2024-06-12 00:00:00+00:00, run_after=2024-06-13 00:00:00+00:00
[2024-06-12T18:08:04.355+0000] {processor.py:183} INFO - Processing /opt/airflow/dags/frist-dag.py took 1.473 seconds
[2024-06-12T18:08:35.325+0000] {processor.py:161} INFO - Started process (PID=459) to work on /opt/airflow/dags/frist-dag.py
[2024-06-12T18:08:35.326+0000] {processor.py:830} INFO - Processing file /opt/airflow/dags/frist-dag.py for tasks to queue
[2024-06-12T18:08:35.327+0000] {logging_mixin.py:188} INFO - [2024-06-12T18:08:35.327+0000] {dagbag.py:538} INFO - Filling up the DagBag from /opt/airflow/dags/frist-dag.py
[2024-06-12T18:08:36.796+0000] {processor.py:840} INFO - DAG(s) 'our_first_dag_v2' retrieved from /opt/airflow/dags/frist-dag.py
[2024-06-12T18:08:36.842+0000] {logging_mixin.py:188} INFO - [2024-06-12T18:08:36.841+0000] {taskinstance.py:2700} ERROR - {'DAG Id': 'our_first_dag_v2', 'Task Id': 'seceond_task', 'Run Id': 'scheduled__2024-05-29T00:00:00+00:00', 'Hostname': '7b23a6949395', 'External Executor Id': 'c40dece9-d021-453c-9511-c848235c20b2'}
[2024-06-12T18:08:36.894+0000] {logging_mixin.py:188} INFO - [2024-06-12T18:08:36.893+0000] {taskinstance.py:1138} INFO - Marking task as FAILED. dag_id=our_first_dag_v2, task_id=seceond_task, execution_date=20240529T000000, start_date=20240612T180805, end_date=20240612T180836
[2024-06-12T18:08:36.914+0000] {processor.py:791} INFO - Executed failure callback for <TaskInstance: our_first_dag_v2.seceond_task scheduled__2024-05-29T00:00:00+00:00 [failed]> in state failed
[2024-06-12T18:08:36.920+0000] {logging_mixin.py:188} INFO - [2024-06-12T18:08:36.920+0000] {taskinstance.py:2700} ERROR - {'DAG Id': 'our_first_dag_v2', 'Task Id': 'seceond_task', 'Run Id': 'scheduled__2024-05-26T00:00:00+00:00', 'Hostname': '7b23a6949395', 'External Executor Id': '08219a46-1622-48c5-8e2e-ea9abfdd6af2'}
[2024-06-12T18:08:36.938+0000] {logging_mixin.py:188} INFO - [2024-06-12T18:08:36.937+0000] {taskinstance.py:1138} INFO - Marking task as FAILED. dag_id=our_first_dag_v2, task_id=seceond_task, execution_date=20240526T000000, start_date=20240612T180805, end_date=20240612T180836
[2024-06-12T18:08:36.944+0000] {processor.py:791} INFO - Executed failure callback for <TaskInstance: our_first_dag_v2.seceond_task scheduled__2024-05-26T00:00:00+00:00 [failed]> in state failed
[2024-06-12T18:08:36.966+0000] {logging_mixin.py:188} INFO - [2024-06-12T18:08:36.966+0000] {dag.py:3036} INFO - Sync 1 DAGs
[2024-06-12T18:08:37.001+0000] {logging_mixin.py:188} INFO - [2024-06-12T18:08:37.000+0000] {dag.py:3823} INFO - Setting next_dagrun for our_first_dag_v2 to 2024-06-12 00:00:00+00:00, run_after=2024-06-13 00:00:00+00:00
[2024-06-12T18:08:37.034+0000] {processor.py:183} INFO - Processing /opt/airflow/dags/frist-dag.py took 1.713 seconds
[2024-06-12T18:08:45.406+0000] {processor.py:161} INFO - Started process (PID=514) to work on /opt/airflow/dags/frist-dag.py
[2024-06-12T18:08:45.407+0000] {processor.py:830} INFO - Processing file /opt/airflow/dags/frist-dag.py for tasks to queue
[2024-06-12T18:08:45.408+0000] {logging_mixin.py:188} INFO - [2024-06-12T18:08:45.408+0000] {dagbag.py:538} INFO - Filling up the DagBag from /opt/airflow/dags/frist-dag.py
[2024-06-12T18:08:45.917+0000] {processor.py:840} INFO - DAG(s) 'our_first_dag_v2' retrieved from /opt/airflow/dags/frist-dag.py
[2024-06-12T18:08:45.940+0000] {logging_mixin.py:188} INFO - [2024-06-12T18:08:45.939+0000] {taskinstance.py:2700} ERROR - {'DAG Id': 'our_first_dag_v2', 'Task Id': 'seceond_task', 'Run Id': 'scheduled__2024-06-05T00:00:00+00:00', 'Hostname': '7b23a6949395', 'External Executor Id': 'af052809-bd0e-4c86-8f29-6d86d249d206'}
[2024-06-12T18:08:45.962+0000] {logging_mixin.py:188} INFO - [2024-06-12T18:08:45.962+0000] {taskinstance.py:1138} INFO - Marking task as FAILED. dag_id=our_first_dag_v2, task_id=seceond_task, execution_date=20240605T000000, start_date=20240612T180805, end_date=20240612T180845
[2024-06-12T18:08:45.971+0000] {processor.py:791} INFO - Executed failure callback for <TaskInstance: our_first_dag_v2.seceond_task scheduled__2024-06-05T00:00:00+00:00 [failed]> in state failed
[2024-06-12T18:08:45.989+0000] {logging_mixin.py:188} INFO - [2024-06-12T18:08:45.989+0000] {dag.py:3036} INFO - Sync 1 DAGs
[2024-06-12T18:08:46.015+0000] {logging_mixin.py:188} INFO - [2024-06-12T18:08:46.015+0000] {dag.py:3823} INFO - Setting next_dagrun for our_first_dag_v2 to 2024-06-12 00:00:00+00:00, run_after=2024-06-13 00:00:00+00:00
[2024-06-12T18:08:46.039+0000] {processor.py:183} INFO - Processing /opt/airflow/dags/frist-dag.py took 0.636 seconds
[2024-06-12T18:08:55.614+0000] {processor.py:161} INFO - Started process (PID=516) to work on /opt/airflow/dags/frist-dag.py
[2024-06-12T18:08:55.615+0000] {processor.py:830} INFO - Processing file /opt/airflow/dags/frist-dag.py for tasks to queue
[2024-06-12T18:08:55.616+0000] {logging_mixin.py:188} INFO - [2024-06-12T18:08:55.616+0000] {dagbag.py:538} INFO - Filling up the DagBag from /opt/airflow/dags/frist-dag.py
[2024-06-12T18:08:56.128+0000] {processor.py:840} INFO - DAG(s) 'our_first_dag_v2' retrieved from /opt/airflow/dags/frist-dag.py
[2024-06-12T18:08:56.152+0000] {logging_mixin.py:188} INFO - [2024-06-12T18:08:56.151+0000] {taskinstance.py:2700} ERROR - {'DAG Id': 'our_first_dag_v2', 'Task Id': 'seceond_task', 'Run Id': 'scheduled__2024-06-02T00:00:00+00:00', 'Hostname': '7b23a6949395', 'External Executor Id': '13ae4726-6e15-43db-a095-fd057f95089f'}
[2024-06-12T18:08:56.177+0000] {logging_mixin.py:188} INFO - [2024-06-12T18:08:56.177+0000] {taskinstance.py:1138} INFO - Marking task as FAILED. dag_id=our_first_dag_v2, task_id=seceond_task, execution_date=20240602T000000, start_date=20240612T180805, end_date=20240612T180856
[2024-06-12T18:08:56.188+0000] {processor.py:791} INFO - Executed failure callback for <TaskInstance: our_first_dag_v2.seceond_task scheduled__2024-06-02T00:00:00+00:00 [failed]> in state failed
[2024-06-12T18:08:56.192+0000] {logging_mixin.py:188} INFO - [2024-06-12T18:08:56.192+0000] {taskinstance.py:2700} ERROR - {'DAG Id': 'our_first_dag_v2', 'Task Id': 'seceond_task', 'Run Id': 'scheduled__2024-06-07T00:00:00+00:00', 'Hostname': '7b23a6949395', 'External Executor Id': 'b6983e97-47c1-4d31-be66-bd28dad2db60'}
[2024-06-12T18:08:56.204+0000] {logging_mixin.py:188} INFO - [2024-06-12T18:08:56.203+0000] {taskinstance.py:1138} INFO - Marking task as FAILED. dag_id=our_first_dag_v2, task_id=seceond_task, execution_date=20240607T000000, start_date=20240612T180805, end_date=20240612T180856
[2024-06-12T18:08:56.207+0000] {processor.py:791} INFO - Executed failure callback for <TaskInstance: our_first_dag_v2.seceond_task scheduled__2024-06-07T00:00:00+00:00 [failed]> in state failed
[2024-06-12T18:08:56.210+0000] {logging_mixin.py:188} INFO - [2024-06-12T18:08:56.210+0000] {taskinstance.py:2700} ERROR - {'DAG Id': 'our_first_dag_v2', 'Task Id': 'seceond_task', 'Run Id': 'scheduled__2024-06-03T00:00:00+00:00', 'Hostname': '7b23a6949395', 'External Executor Id': 'a83234f8-c282-44b8-bf17-7367c376753b'}
[2024-06-12T18:08:56.220+0000] {logging_mixin.py:188} INFO - [2024-06-12T18:08:56.220+0000] {taskinstance.py:1138} INFO - Marking task as FAILED. dag_id=our_first_dag_v2, task_id=seceond_task, execution_date=20240603T000000, start_date=20240612T180805, end_date=20240612T180856
[2024-06-12T18:08:56.224+0000] {processor.py:791} INFO - Executed failure callback for <TaskInstance: our_first_dag_v2.seceond_task scheduled__2024-06-03T00:00:00+00:00 [failed]> in state failed
[2024-06-12T18:08:56.227+0000] {logging_mixin.py:188} INFO - [2024-06-12T18:08:56.227+0000] {taskinstance.py:2700} ERROR - {'DAG Id': 'our_first_dag_v2', 'Task Id': 'seceond_task', 'Run Id': 'scheduled__2024-05-23T00:00:00+00:00', 'Hostname': '7b23a6949395', 'External Executor Id': '0bf064a6-3803-4071-be2e-1fca2ce76074'}
[2024-06-12T18:08:56.237+0000] {logging_mixin.py:188} INFO - [2024-06-12T18:08:56.237+0000] {taskinstance.py:1138} INFO - Marking task as FAILED. dag_id=our_first_dag_v2, task_id=seceond_task, execution_date=20240523T000000, start_date=20240612T180805, end_date=20240612T180856
[2024-06-12T18:08:56.240+0000] {processor.py:791} INFO - Executed failure callback for <TaskInstance: our_first_dag_v2.seceond_task scheduled__2024-05-23T00:00:00+00:00 [failed]> in state failed
[2024-06-12T18:08:56.242+0000] {logging_mixin.py:188} INFO - [2024-06-12T18:08:56.242+0000] {taskinstance.py:2700} ERROR - {'DAG Id': 'our_first_dag_v2', 'Task Id': 'seceond_task', 'Run Id': 'scheduled__2024-05-24T00:00:00+00:00', 'Hostname': '7b23a6949395', 'External Executor Id': '1df992cb-e8f5-47e6-bc22-8db58c80a125'}
[2024-06-12T18:08:56.252+0000] {logging_mixin.py:188} INFO - [2024-06-12T18:08:56.252+0000] {taskinstance.py:1138} INFO - Marking task as FAILED. dag_id=our_first_dag_v2, task_id=seceond_task, execution_date=20240524T000000, start_date=20240612T180805, end_date=20240612T180856
[2024-06-12T18:08:56.255+0000] {processor.py:791} INFO - Executed failure callback for <TaskInstance: our_first_dag_v2.seceond_task scheduled__2024-05-24T00:00:00+00:00 [failed]> in state failed
[2024-06-12T18:08:56.258+0000] {logging_mixin.py:188} INFO - [2024-06-12T18:08:56.258+0000] {taskinstance.py:2700} ERROR - {'DAG Id': 'our_first_dag_v2', 'Task Id': 'seceond_task', 'Run Id': 'scheduled__2024-06-02T00:00:00+00:00', 'Hostname': '7b23a6949395', 'External Executor Id': '13ae4726-6e15-43db-a095-fd057f95089f'}
[2024-06-12T18:08:56.267+0000] {logging_mixin.py:188} INFO - [2024-06-12T18:08:56.267+0000] {taskinstance.py:1138} INFO - Marking task as FAILED. dag_id=our_first_dag_v2, task_id=seceond_task, execution_date=20240602T000000, start_date=20240612T180805, end_date=20240612T180856
[2024-06-12T18:08:56.271+0000] {processor.py:791} INFO - Executed failure callback for <TaskInstance: our_first_dag_v2.seceond_task scheduled__2024-06-02T00:00:00+00:00 [failed]> in state failed
[2024-06-12T18:08:56.365+0000] {logging_mixin.py:188} INFO - [2024-06-12T18:08:56.365+0000] {dag.py:3036} INFO - Sync 1 DAGs
[2024-06-12T18:08:56.389+0000] {logging_mixin.py:188} INFO - [2024-06-12T18:08:56.388+0000] {dag.py:3823} INFO - Setting next_dagrun for our_first_dag_v2 to 2024-06-12 00:00:00+00:00, run_after=2024-06-13 00:00:00+00:00
[2024-06-12T18:08:56.415+0000] {processor.py:183} INFO - Processing /opt/airflow/dags/frist-dag.py took 0.804 seconds
[2024-06-12T18:09:26.840+0000] {processor.py:161} INFO - Started process (PID=574) to work on /opt/airflow/dags/frist-dag.py
[2024-06-12T18:09:26.841+0000] {processor.py:830} INFO - Processing file /opt/airflow/dags/frist-dag.py for tasks to queue
[2024-06-12T18:09:26.843+0000] {logging_mixin.py:188} INFO - [2024-06-12T18:09:26.842+0000] {dagbag.py:538} INFO - Filling up the DagBag from /opt/airflow/dags/frist-dag.py
[2024-06-12T18:09:27.507+0000] {processor.py:840} INFO - DAG(s) 'our_first_dag_v2' retrieved from /opt/airflow/dags/frist-dag.py
[2024-06-12T18:09:27.530+0000] {logging_mixin.py:188} INFO - [2024-06-12T18:09:27.530+0000] {taskinstance.py:2700} ERROR - {'DAG Id': 'our_first_dag_v2', 'Task Id': 'seceond_task', 'Run Id': 'scheduled__2024-06-07T00:00:00+00:00', 'Hostname': '7b23a6949395', 'External Executor Id': 'b6983e97-47c1-4d31-be66-bd28dad2db60'}
[2024-06-12T18:09:27.551+0000] {logging_mixin.py:188} INFO - [2024-06-12T18:09:27.551+0000] {taskinstance.py:1138} INFO - Marking task as FAILED. dag_id=our_first_dag_v2, task_id=seceond_task, execution_date=20240607T000000, start_date=20240612T180805, end_date=20240612T180927
[2024-06-12T18:09:27.560+0000] {processor.py:791} INFO - Executed failure callback for <TaskInstance: our_first_dag_v2.seceond_task scheduled__2024-06-07T00:00:00+00:00 [failed]> in state failed
[2024-06-12T18:09:27.562+0000] {logging_mixin.py:188} INFO - [2024-06-12T18:09:27.562+0000] {taskinstance.py:2700} ERROR - {'DAG Id': 'our_first_dag_v2', 'Task Id': 'seceond_task', 'Run Id': 'scheduled__2024-06-03T00:00:00+00:00', 'Hostname': '7b23a6949395', 'External Executor Id': 'a83234f8-c282-44b8-bf17-7367c376753b'}
[2024-06-12T18:09:27.572+0000] {logging_mixin.py:188} INFO - [2024-06-12T18:09:27.572+0000] {taskinstance.py:1138} INFO - Marking task as FAILED. dag_id=our_first_dag_v2, task_id=seceond_task, execution_date=20240603T000000, start_date=20240612T180805, end_date=20240612T180927
[2024-06-12T18:09:27.575+0000] {processor.py:791} INFO - Executed failure callback for <TaskInstance: our_first_dag_v2.seceond_task scheduled__2024-06-03T00:00:00+00:00 [failed]> in state failed
[2024-06-12T18:09:27.578+0000] {logging_mixin.py:188} INFO - [2024-06-12T18:09:27.577+0000] {taskinstance.py:2700} ERROR - {'DAG Id': 'our_first_dag_v2', 'Task Id': 'seceond_task', 'Run Id': 'scheduled__2024-05-23T00:00:00+00:00', 'Hostname': '7b23a6949395', 'External Executor Id': '0bf064a6-3803-4071-be2e-1fca2ce76074'}
[2024-06-12T18:09:27.587+0000] {logging_mixin.py:188} INFO - [2024-06-12T18:09:27.587+0000] {taskinstance.py:1138} INFO - Marking task as FAILED. dag_id=our_first_dag_v2, task_id=seceond_task, execution_date=20240523T000000, start_date=20240612T180805, end_date=20240612T180927
[2024-06-12T18:09:27.590+0000] {processor.py:791} INFO - Executed failure callback for <TaskInstance: our_first_dag_v2.seceond_task scheduled__2024-05-23T00:00:00+00:00 [failed]> in state failed
[2024-06-12T18:09:27.593+0000] {logging_mixin.py:188} INFO - [2024-06-12T18:09:27.592+0000] {taskinstance.py:2700} ERROR - {'DAG Id': 'our_first_dag_v2', 'Task Id': 'seceond_task', 'Run Id': 'scheduled__2024-05-24T00:00:00+00:00', 'Hostname': '7b23a6949395', 'External Executor Id': '1df992cb-e8f5-47e6-bc22-8db58c80a125'}
[2024-06-12T18:09:27.602+0000] {logging_mixin.py:188} INFO - [2024-06-12T18:09:27.602+0000] {taskinstance.py:1138} INFO - Marking task as FAILED. dag_id=our_first_dag_v2, task_id=seceond_task, execution_date=20240524T000000, start_date=20240612T180805, end_date=20240612T180927
[2024-06-12T18:09:27.605+0000] {processor.py:791} INFO - Executed failure callback for <TaskInstance: our_first_dag_v2.seceond_task scheduled__2024-05-24T00:00:00+00:00 [failed]> in state failed
[2024-06-12T18:09:27.624+0000] {logging_mixin.py:188} INFO - [2024-06-12T18:09:27.623+0000] {dag.py:3036} INFO - Sync 1 DAGs
[2024-06-12T18:09:27.642+0000] {logging_mixin.py:188} INFO - [2024-06-12T18:09:27.642+0000] {dag.py:3823} INFO - Setting next_dagrun for our_first_dag_v2 to 2024-06-12 00:00:00+00:00, run_after=2024-06-13 00:00:00+00:00
[2024-06-12T18:09:27.663+0000] {processor.py:183} INFO - Processing /opt/airflow/dags/frist-dag.py took 0.826 seconds
[2024-06-12T18:09:57.804+0000] {processor.py:161} INFO - Started process (PID=631) to work on /opt/airflow/dags/frist-dag.py
[2024-06-12T18:09:57.806+0000] {processor.py:830} INFO - Processing file /opt/airflow/dags/frist-dag.py for tasks to queue
[2024-06-12T18:09:57.807+0000] {logging_mixin.py:188} INFO - [2024-06-12T18:09:57.806+0000] {dagbag.py:538} INFO - Filling up the DagBag from /opt/airflow/dags/frist-dag.py
[2024-06-12T18:09:58.348+0000] {processor.py:840} INFO - DAG(s) 'our_first_dag_v2' retrieved from /opt/airflow/dags/frist-dag.py
[2024-06-12T18:09:58.367+0000] {logging_mixin.py:188} INFO - [2024-06-12T18:09:58.367+0000] {dag.py:3036} INFO - Sync 1 DAGs
[2024-06-12T18:09:58.391+0000] {logging_mixin.py:188} INFO - [2024-06-12T18:09:58.391+0000] {dag.py:3823} INFO - Setting next_dagrun for our_first_dag_v2 to 2024-06-12 00:00:00+00:00, run_after=2024-06-13 00:00:00+00:00
[2024-06-12T18:09:58.411+0000] {processor.py:183} INFO - Processing /opt/airflow/dags/frist-dag.py took 0.611 seconds
[2024-06-12T18:10:06.197+0000] {processor.py:161} INFO - Started process (PID=639) to work on /opt/airflow/dags/frist-dag.py
[2024-06-12T18:10:06.199+0000] {processor.py:830} INFO - Processing file /opt/airflow/dags/frist-dag.py for tasks to queue
[2024-06-12T18:10:06.200+0000] {logging_mixin.py:188} INFO - [2024-06-12T18:10:06.200+0000] {dagbag.py:538} INFO - Filling up the DagBag from /opt/airflow/dags/frist-dag.py
[2024-06-12T18:10:06.866+0000] {processor.py:840} INFO - DAG(s) 'our_first_dag_v2' retrieved from /opt/airflow/dags/frist-dag.py
[2024-06-12T18:10:06.896+0000] {logging_mixin.py:188} INFO - [2024-06-12T18:10:06.896+0000] {taskinstance.py:2700} ERROR - {'DAG Id': 'our_first_dag_v2', 'Task Id': 'wget', 'Run Id': 'scheduled__2024-06-04T00:00:00+00:00', 'Hostname': '7b23a6949395', 'External Executor Id': '134e4b40-9a76-47b0-a196-12d214f62a4c'}
[2024-06-12T18:10:06.922+0000] {logging_mixin.py:188} INFO - [2024-06-12T18:10:06.922+0000] {taskinstance.py:1138} INFO - Marking task as UP_FOR_RETRY. dag_id=our_first_dag_v2, task_id=wget, execution_date=20240604T000000, start_date=20240612T180443, end_date=20240612T181006
[2024-06-12T18:10:06.932+0000] {processor.py:791} INFO - Executed failure callback for <TaskInstance: our_first_dag_v2.wget scheduled__2024-06-04T00:00:00+00:00 [up_for_retry]> in state up_for_retry
[2024-06-12T18:10:06.944+0000] {logging_mixin.py:188} INFO - [2024-06-12T18:10:06.944+0000] {dag.py:3036} INFO - Sync 1 DAGs
[2024-06-12T18:10:06.964+0000] {logging_mixin.py:188} INFO - [2024-06-12T18:10:06.963+0000] {dag.py:3823} INFO - Setting next_dagrun for our_first_dag_v2 to 2024-06-12 00:00:00+00:00, run_after=2024-06-13 00:00:00+00:00
[2024-06-12T18:10:06.984+0000] {processor.py:183} INFO - Processing /opt/airflow/dags/frist-dag.py took 0.791 seconds
[2024-06-12T18:10:37.542+0000] {processor.py:161} INFO - Started process (PID=696) to work on /opt/airflow/dags/frist-dag.py
[2024-06-12T18:10:37.543+0000] {processor.py:830} INFO - Processing file /opt/airflow/dags/frist-dag.py for tasks to queue
[2024-06-12T18:10:37.545+0000] {logging_mixin.py:188} INFO - [2024-06-12T18:10:37.544+0000] {dagbag.py:538} INFO - Filling up the DagBag from /opt/airflow/dags/frist-dag.py
[2024-06-12T18:10:38.085+0000] {processor.py:840} INFO - DAG(s) 'our_first_dag_v2' retrieved from /opt/airflow/dags/frist-dag.py
[2024-06-12T18:10:38.106+0000] {logging_mixin.py:188} INFO - [2024-06-12T18:10:38.105+0000] {dag.py:3036} INFO - Sync 1 DAGs
[2024-06-12T18:10:38.135+0000] {logging_mixin.py:188} INFO - [2024-06-12T18:10:38.135+0000] {dag.py:3823} INFO - Setting next_dagrun for our_first_dag_v2 to 2024-06-12 00:00:00+00:00, run_after=2024-06-13 00:00:00+00:00
[2024-06-12T18:10:38.162+0000] {processor.py:183} INFO - Processing /opt/airflow/dags/frist-dag.py took 0.622 seconds
[2024-06-12T18:11:08.339+0000] {processor.py:161} INFO - Started process (PID=755) to work on /opt/airflow/dags/frist-dag.py
[2024-06-12T18:11:08.340+0000] {processor.py:830} INFO - Processing file /opt/airflow/dags/frist-dag.py for tasks to queue
[2024-06-12T18:11:08.342+0000] {logging_mixin.py:188} INFO - [2024-06-12T18:11:08.341+0000] {dagbag.py:538} INFO - Filling up the DagBag from /opt/airflow/dags/frist-dag.py
[2024-06-12T18:11:08.953+0000] {processor.py:840} INFO - DAG(s) 'our_first_dag_v2' retrieved from /opt/airflow/dags/frist-dag.py
[2024-06-12T18:11:08.974+0000] {logging_mixin.py:188} INFO - [2024-06-12T18:11:08.974+0000] {dag.py:3036} INFO - Sync 1 DAGs
[2024-06-12T18:11:09.000+0000] {logging_mixin.py:188} INFO - [2024-06-12T18:11:09.000+0000] {dag.py:3823} INFO - Setting next_dagrun for our_first_dag_v2 to 2024-06-12 00:00:00+00:00, run_after=2024-06-13 00:00:00+00:00
[2024-06-12T18:11:09.025+0000] {processor.py:183} INFO - Processing /opt/airflow/dags/frist-dag.py took 0.690 seconds
[2024-06-12T18:11:39.411+0000] {processor.py:161} INFO - Started process (PID=811) to work on /opt/airflow/dags/frist-dag.py
[2024-06-12T18:11:39.413+0000] {processor.py:830} INFO - Processing file /opt/airflow/dags/frist-dag.py for tasks to queue
[2024-06-12T18:11:39.414+0000] {logging_mixin.py:188} INFO - [2024-06-12T18:11:39.414+0000] {dagbag.py:538} INFO - Filling up the DagBag from /opt/airflow/dags/frist-dag.py
[2024-06-12T18:11:40.103+0000] {processor.py:840} INFO - DAG(s) 'our_first_dag_v2' retrieved from /opt/airflow/dags/frist-dag.py
[2024-06-12T18:11:40.126+0000] {logging_mixin.py:188} INFO - [2024-06-12T18:11:40.125+0000] {dag.py:3036} INFO - Sync 1 DAGs
[2024-06-12T18:11:40.156+0000] {logging_mixin.py:188} INFO - [2024-06-12T18:11:40.156+0000] {dag.py:3823} INFO - Setting next_dagrun for our_first_dag_v2 to 2024-06-12 00:00:00+00:00, run_after=2024-06-13 00:00:00+00:00
[2024-06-12T18:11:40.182+0000] {processor.py:183} INFO - Processing /opt/airflow/dags/frist-dag.py took 0.775 seconds
[2024-06-12T18:12:10.559+0000] {processor.py:161} INFO - Started process (PID=868) to work on /opt/airflow/dags/frist-dag.py
[2024-06-12T18:12:10.560+0000] {processor.py:830} INFO - Processing file /opt/airflow/dags/frist-dag.py for tasks to queue
[2024-06-12T18:12:10.562+0000] {logging_mixin.py:188} INFO - [2024-06-12T18:12:10.561+0000] {dagbag.py:538} INFO - Filling up the DagBag from /opt/airflow/dags/frist-dag.py
[2024-06-12T18:12:11.179+0000] {processor.py:840} INFO - DAG(s) 'our_first_dag_v2' retrieved from /opt/airflow/dags/frist-dag.py
[2024-06-12T18:12:11.202+0000] {logging_mixin.py:188} INFO - [2024-06-12T18:12:11.202+0000] {dag.py:3036} INFO - Sync 1 DAGs
[2024-06-12T18:12:11.229+0000] {logging_mixin.py:188} INFO - [2024-06-12T18:12:11.228+0000] {dag.py:3823} INFO - Setting next_dagrun for our_first_dag_v2 to 2024-06-12 00:00:00+00:00, run_after=2024-06-13 00:00:00+00:00
[2024-06-12T18:12:11.252+0000] {processor.py:183} INFO - Processing /opt/airflow/dags/frist-dag.py took 0.697 seconds
[2024-06-12T18:14:47.770+0000] {processor.py:161} INFO - Started process (PID=38) to work on /opt/airflow/dags/frist-dag.py
[2024-06-12T18:14:47.771+0000] {processor.py:830} INFO - Processing file /opt/airflow/dags/frist-dag.py for tasks to queue
[2024-06-12T18:14:47.775+0000] {logging_mixin.py:188} INFO - [2024-06-12T18:14:47.774+0000] {dagbag.py:538} INFO - Filling up the DagBag from /opt/airflow/dags/frist-dag.py
[2024-06-12T18:14:48.745+0000] {processor.py:840} INFO - DAG(s) 'our_first_dag_v2' retrieved from /opt/airflow/dags/frist-dag.py
[2024-06-12T18:14:48.994+0000] {logging_mixin.py:188} INFO - [2024-06-12T18:14:48.994+0000] {dag.py:3036} INFO - Sync 1 DAGs
[2024-06-12T18:14:49.032+0000] {logging_mixin.py:188} INFO - [2024-06-12T18:14:49.032+0000] {dag.py:3823} INFO - Setting next_dagrun for our_first_dag_v2 to 2024-06-12 00:00:00+00:00, run_after=2024-06-13 00:00:00+00:00
[2024-06-12T18:14:49.073+0000] {processor.py:183} INFO - Processing /opt/airflow/dags/frist-dag.py took 1.309 seconds
[2024-06-12T18:15:19.380+0000] {processor.py:161} INFO - Started process (PID=96) to work on /opt/airflow/dags/frist-dag.py
[2024-06-12T18:15:19.382+0000] {processor.py:830} INFO - Processing file /opt/airflow/dags/frist-dag.py for tasks to queue
[2024-06-12T18:15:19.384+0000] {logging_mixin.py:188} INFO - [2024-06-12T18:15:19.383+0000] {dagbag.py:538} INFO - Filling up the DagBag from /opt/airflow/dags/frist-dag.py
[2024-06-12T18:15:19.998+0000] {processor.py:840} INFO - DAG(s) 'our_first_dag_v2' retrieved from /opt/airflow/dags/frist-dag.py
[2024-06-12T18:15:20.139+0000] {logging_mixin.py:188} INFO - [2024-06-12T18:15:20.138+0000] {dag.py:3036} INFO - Sync 1 DAGs
[2024-06-12T18:15:20.167+0000] {logging_mixin.py:188} INFO - [2024-06-12T18:15:20.167+0000] {dag.py:3823} INFO - Setting next_dagrun for our_first_dag_v2 to 2024-06-12 00:00:00+00:00, run_after=2024-06-13 00:00:00+00:00
[2024-06-12T18:15:20.193+0000] {processor.py:183} INFO - Processing /opt/airflow/dags/frist-dag.py took 0.817 seconds
[2024-06-12T18:15:50.252+0000] {processor.py:161} INFO - Started process (PID=156) to work on /opt/airflow/dags/frist-dag.py
[2024-06-12T18:15:50.253+0000] {processor.py:830} INFO - Processing file /opt/airflow/dags/frist-dag.py for tasks to queue
[2024-06-12T18:15:50.255+0000] {logging_mixin.py:188} INFO - [2024-06-12T18:15:50.255+0000] {dagbag.py:538} INFO - Filling up the DagBag from /opt/airflow/dags/frist-dag.py
[2024-06-12T18:15:50.781+0000] {processor.py:840} INFO - DAG(s) 'our_first_dag_v2' retrieved from /opt/airflow/dags/frist-dag.py
[2024-06-12T18:15:50.799+0000] {logging_mixin.py:188} INFO - [2024-06-12T18:15:50.799+0000] {dag.py:3036} INFO - Sync 1 DAGs
[2024-06-12T18:15:50.829+0000] {logging_mixin.py:188} INFO - [2024-06-12T18:15:50.829+0000] {dag.py:3823} INFO - Setting next_dagrun for our_first_dag_v2 to 2024-06-12 00:00:00+00:00, run_after=2024-06-13 00:00:00+00:00
[2024-06-12T18:15:50.855+0000] {processor.py:183} INFO - Processing /opt/airflow/dags/frist-dag.py took 0.606 seconds
[2024-06-12T18:16:21.600+0000] {processor.py:161} INFO - Started process (PID=214) to work on /opt/airflow/dags/frist-dag.py
[2024-06-12T18:16:21.602+0000] {processor.py:830} INFO - Processing file /opt/airflow/dags/frist-dag.py for tasks to queue
[2024-06-12T18:16:21.605+0000] {logging_mixin.py:188} INFO - [2024-06-12T18:16:21.605+0000] {dagbag.py:538} INFO - Filling up the DagBag from /opt/airflow/dags/frist-dag.py
[2024-06-12T18:16:22.278+0000] {processor.py:840} INFO - DAG(s) 'our_first_dag_v2' retrieved from /opt/airflow/dags/frist-dag.py
[2024-06-12T18:16:22.433+0000] {logging_mixin.py:188} INFO - [2024-06-12T18:16:22.432+0000] {dag.py:3036} INFO - Sync 1 DAGs
[2024-06-12T18:16:22.465+0000] {logging_mixin.py:188} INFO - [2024-06-12T18:16:22.464+0000] {dag.py:3823} INFO - Setting next_dagrun for our_first_dag_v2 to 2024-06-12 00:00:00+00:00, run_after=2024-06-13 00:00:00+00:00
[2024-06-12T18:16:22.496+0000] {processor.py:183} INFO - Processing /opt/airflow/dags/frist-dag.py took 0.901 seconds
[2024-06-12T18:16:52.564+0000] {processor.py:161} INFO - Started process (PID=276) to work on /opt/airflow/dags/frist-dag.py
[2024-06-12T18:16:52.565+0000] {processor.py:830} INFO - Processing file /opt/airflow/dags/frist-dag.py for tasks to queue
[2024-06-12T18:16:52.568+0000] {logging_mixin.py:188} INFO - [2024-06-12T18:16:52.567+0000] {dagbag.py:538} INFO - Filling up the DagBag from /opt/airflow/dags/frist-dag.py
[2024-06-12T18:16:53.177+0000] {processor.py:840} INFO - DAG(s) 'our_first_dag_v2' retrieved from /opt/airflow/dags/frist-dag.py
[2024-06-12T18:16:53.198+0000] {logging_mixin.py:188} INFO - [2024-06-12T18:16:53.197+0000] {dag.py:3036} INFO - Sync 1 DAGs
[2024-06-12T18:16:53.228+0000] {logging_mixin.py:188} INFO - [2024-06-12T18:16:53.228+0000] {dag.py:3823} INFO - Setting next_dagrun for our_first_dag_v2 to 2024-06-12 00:00:00+00:00, run_after=2024-06-13 00:00:00+00:00
[2024-06-12T18:16:53.256+0000] {processor.py:183} INFO - Processing /opt/airflow/dags/frist-dag.py took 0.696 seconds
[2024-06-12T18:17:18.682+0000] {processor.py:161} INFO - Started process (PID=323) to work on /opt/airflow/dags/frist-dag.py
[2024-06-12T18:17:18.683+0000] {processor.py:830} INFO - Processing file /opt/airflow/dags/frist-dag.py for tasks to queue
[2024-06-12T18:17:18.685+0000] {logging_mixin.py:188} INFO - [2024-06-12T18:17:18.684+0000] {dagbag.py:538} INFO - Filling up the DagBag from /opt/airflow/dags/frist-dag.py
[2024-06-12T18:17:19.149+0000] {processor.py:840} INFO - DAG(s) 'our_first_dag_v2' retrieved from /opt/airflow/dags/frist-dag.py
[2024-06-12T18:17:19.168+0000] {logging_mixin.py:188} INFO - [2024-06-12T18:17:19.168+0000] {taskinstance.py:2700} ERROR - {'DAG Id': 'our_first_dag_v2', 'Task Id': 'load_data', 'Run Id': 'scheduled__2024-06-04T00:00:00+00:00', 'Hostname': '7b23a6949395', 'External Executor Id': '97a328cc-f95b-43c4-a486-651b0edb8935'}
[2024-06-12T18:17:19.196+0000] {logging_mixin.py:188} INFO - [2024-06-12T18:17:19.195+0000] {taskinstance.py:1138} INFO - Marking task as FAILED. dag_id=our_first_dag_v2, task_id=load_data, execution_date=20240604T000000, start_date=20240612T181213, end_date=20240612T181719
[2024-06-12T18:17:19.205+0000] {processor.py:791} INFO - Executed failure callback for <TaskInstance: our_first_dag_v2.load_data scheduled__2024-06-04T00:00:00+00:00 [failed]> in state failed
[2024-06-12T18:17:19.217+0000] {logging_mixin.py:188} INFO - [2024-06-12T18:17:19.217+0000] {dag.py:3036} INFO - Sync 1 DAGs
[2024-06-12T18:17:19.235+0000] {logging_mixin.py:188} INFO - [2024-06-12T18:17:19.235+0000] {dag.py:3823} INFO - Setting next_dagrun for our_first_dag_v2 to 2024-06-12 00:00:00+00:00, run_after=2024-06-13 00:00:00+00:00
[2024-06-12T18:17:19.253+0000] {processor.py:183} INFO - Processing /opt/airflow/dags/frist-dag.py took 0.574 seconds
[2024-06-12T18:18:44.867+0000] {processor.py:161} INFO - Started process (PID=38) to work on /opt/airflow/dags/frist-dag.py
[2024-06-12T18:18:44.868+0000] {processor.py:830} INFO - Processing file /opt/airflow/dags/frist-dag.py for tasks to queue
[2024-06-12T18:18:44.870+0000] {logging_mixin.py:188} INFO - [2024-06-12T18:18:44.869+0000] {dagbag.py:538} INFO - Filling up the DagBag from /opt/airflow/dags/frist-dag.py
[2024-06-12T18:18:45.226+0000] {processor.py:840} INFO - DAG(s) 'our_first_dag_v2' retrieved from /opt/airflow/dags/frist-dag.py
[2024-06-12T18:18:45.555+0000] {logging_mixin.py:188} INFO - [2024-06-12T18:18:45.554+0000] {dag.py:3036} INFO - Sync 1 DAGs
[2024-06-12T18:18:45.583+0000] {logging_mixin.py:188} INFO - [2024-06-12T18:18:45.582+0000] {dag.py:3823} INFO - Setting next_dagrun for our_first_dag_v2 to 2024-06-12 00:00:00+00:00, run_after=2024-06-13 00:00:00+00:00
[2024-06-12T18:18:45.607+0000] {processor.py:183} INFO - Processing /opt/airflow/dags/frist-dag.py took 0.743 seconds
[2024-06-12T18:19:15.766+0000] {processor.py:161} INFO - Started process (PID=95) to work on /opt/airflow/dags/frist-dag.py
[2024-06-12T18:19:15.768+0000] {processor.py:830} INFO - Processing file /opt/airflow/dags/frist-dag.py for tasks to queue
[2024-06-12T18:19:15.775+0000] {logging_mixin.py:188} INFO - [2024-06-12T18:19:15.774+0000] {dagbag.py:538} INFO - Filling up the DagBag from /opt/airflow/dags/frist-dag.py
[2024-06-12T18:19:16.496+0000] {processor.py:840} INFO - DAG(s) 'our_first_dag_v2' retrieved from /opt/airflow/dags/frist-dag.py
[2024-06-12T18:19:16.625+0000] {logging_mixin.py:188} INFO - [2024-06-12T18:19:16.625+0000] {dag.py:3036} INFO - Sync 1 DAGs
[2024-06-12T18:19:16.666+0000] {logging_mixin.py:188} INFO - [2024-06-12T18:19:16.665+0000] {dag.py:3823} INFO - Setting next_dagrun for our_first_dag_v2 to 2024-06-12 00:00:00+00:00, run_after=2024-06-13 00:00:00+00:00
[2024-06-12T18:19:16.701+0000] {processor.py:183} INFO - Processing /opt/airflow/dags/frist-dag.py took 0.943 seconds
[2024-06-12T18:19:47.064+0000] {processor.py:161} INFO - Started process (PID=157) to work on /opt/airflow/dags/frist-dag.py
[2024-06-12T18:19:47.066+0000] {processor.py:830} INFO - Processing file /opt/airflow/dags/frist-dag.py for tasks to queue
[2024-06-12T18:19:47.068+0000] {logging_mixin.py:188} INFO - [2024-06-12T18:19:47.068+0000] {dagbag.py:538} INFO - Filling up the DagBag from /opt/airflow/dags/frist-dag.py
[2024-06-12T18:19:47.610+0000] {processor.py:840} INFO - DAG(s) 'our_first_dag_v2' retrieved from /opt/airflow/dags/frist-dag.py
[2024-06-12T18:19:47.636+0000] {logging_mixin.py:188} INFO - [2024-06-12T18:19:47.636+0000] {dag.py:3036} INFO - Sync 1 DAGs
[2024-06-12T18:19:47.667+0000] {logging_mixin.py:188} INFO - [2024-06-12T18:19:47.666+0000] {dag.py:3823} INFO - Setting next_dagrun for our_first_dag_v2 to 2024-06-12 00:00:00+00:00, run_after=2024-06-13 00:00:00+00:00
[2024-06-12T18:19:47.693+0000] {processor.py:183} INFO - Processing /opt/airflow/dags/frist-dag.py took 0.633 seconds
[2024-06-12T18:20:18.039+0000] {processor.py:161} INFO - Started process (PID=215) to work on /opt/airflow/dags/frist-dag.py
[2024-06-12T18:20:18.041+0000] {processor.py:830} INFO - Processing file /opt/airflow/dags/frist-dag.py for tasks to queue
[2024-06-12T18:20:18.043+0000] {logging_mixin.py:188} INFO - [2024-06-12T18:20:18.043+0000] {dagbag.py:538} INFO - Filling up the DagBag from /opt/airflow/dags/frist-dag.py
[2024-06-12T18:20:18.728+0000] {processor.py:840} INFO - DAG(s) 'our_first_dag_v2' retrieved from /opt/airflow/dags/frist-dag.py
[2024-06-12T18:20:18.754+0000] {logging_mixin.py:188} INFO - [2024-06-12T18:20:18.754+0000] {dag.py:3036} INFO - Sync 1 DAGs
[2024-06-12T18:20:18.787+0000] {logging_mixin.py:188} INFO - [2024-06-12T18:20:18.787+0000] {dag.py:3823} INFO - Setting next_dagrun for our_first_dag_v2 to 2024-06-12 00:00:00+00:00, run_after=2024-06-13 00:00:00+00:00
[2024-06-12T18:20:18.816+0000] {processor.py:183} INFO - Processing /opt/airflow/dags/frist-dag.py took 0.781 seconds
[2024-06-12T18:20:48.896+0000] {processor.py:161} INFO - Started process (PID=276) to work on /opt/airflow/dags/frist-dag.py
[2024-06-12T18:20:48.898+0000] {processor.py:830} INFO - Processing file /opt/airflow/dags/frist-dag.py for tasks to queue
[2024-06-12T18:20:48.900+0000] {logging_mixin.py:188} INFO - [2024-06-12T18:20:48.900+0000] {dagbag.py:538} INFO - Filling up the DagBag from /opt/airflow/dags/frist-dag.py
[2024-06-12T18:20:49.535+0000] {processor.py:840} INFO - DAG(s) 'our_first_dag_v2' retrieved from /opt/airflow/dags/frist-dag.py
[2024-06-12T18:20:49.556+0000] {logging_mixin.py:188} INFO - [2024-06-12T18:20:49.556+0000] {dag.py:3036} INFO - Sync 1 DAGs
[2024-06-12T18:20:49.585+0000] {logging_mixin.py:188} INFO - [2024-06-12T18:20:49.584+0000] {dag.py:3823} INFO - Setting next_dagrun for our_first_dag_v2 to 2024-06-12 00:00:00+00:00, run_after=2024-06-13 00:00:00+00:00
[2024-06-12T18:20:49.623+0000] {processor.py:183} INFO - Processing /opt/airflow/dags/frist-dag.py took 0.731 seconds
[2024-06-12T18:21:19.672+0000] {processor.py:161} INFO - Started process (PID=337) to work on /opt/airflow/dags/frist-dag.py
[2024-06-12T18:21:19.673+0000] {processor.py:830} INFO - Processing file /opt/airflow/dags/frist-dag.py for tasks to queue
[2024-06-12T18:21:19.676+0000] {logging_mixin.py:188} INFO - [2024-06-12T18:21:19.675+0000] {dagbag.py:538} INFO - Filling up the DagBag from /opt/airflow/dags/frist-dag.py
[2024-06-12T18:21:20.179+0000] {processor.py:840} INFO - DAG(s) 'our_first_dag_v2' retrieved from /opt/airflow/dags/frist-dag.py
[2024-06-12T18:21:20.200+0000] {logging_mixin.py:188} INFO - [2024-06-12T18:21:20.200+0000] {dag.py:3036} INFO - Sync 1 DAGs
[2024-06-12T18:21:20.230+0000] {logging_mixin.py:188} INFO - [2024-06-12T18:21:20.230+0000] {dag.py:3823} INFO - Setting next_dagrun for our_first_dag_v2 to 2024-06-12 00:00:00+00:00, run_after=2024-06-13 00:00:00+00:00
[2024-06-12T18:21:20.257+0000] {processor.py:183} INFO - Processing /opt/airflow/dags/frist-dag.py took 0.589 seconds
[2024-06-12T18:21:50.727+0000] {processor.py:161} INFO - Started process (PID=394) to work on /opt/airflow/dags/frist-dag.py
[2024-06-12T18:21:50.728+0000] {processor.py:830} INFO - Processing file /opt/airflow/dags/frist-dag.py for tasks to queue
[2024-06-12T18:21:50.730+0000] {logging_mixin.py:188} INFO - [2024-06-12T18:21:50.730+0000] {dagbag.py:538} INFO - Filling up the DagBag from /opt/airflow/dags/frist-dag.py
[2024-06-12T18:21:51.362+0000] {processor.py:840} INFO - DAG(s) 'our_first_dag_v2' retrieved from /opt/airflow/dags/frist-dag.py
[2024-06-12T18:21:51.387+0000] {logging_mixin.py:188} INFO - [2024-06-12T18:21:51.386+0000] {dag.py:3036} INFO - Sync 1 DAGs
[2024-06-12T18:21:51.424+0000] {logging_mixin.py:188} INFO - [2024-06-12T18:21:51.424+0000] {dag.py:3823} INFO - Setting next_dagrun for our_first_dag_v2 to 2024-06-12 00:00:00+00:00, run_after=2024-06-13 00:00:00+00:00
[2024-06-12T18:21:51.458+0000] {processor.py:183} INFO - Processing /opt/airflow/dags/frist-dag.py took 0.736 seconds
[2024-06-12T18:22:21.834+0000] {processor.py:161} INFO - Started process (PID=451) to work on /opt/airflow/dags/frist-dag.py
[2024-06-12T18:22:21.835+0000] {processor.py:830} INFO - Processing file /opt/airflow/dags/frist-dag.py for tasks to queue
[2024-06-12T18:22:21.838+0000] {logging_mixin.py:188} INFO - [2024-06-12T18:22:21.837+0000] {dagbag.py:538} INFO - Filling up the DagBag from /opt/airflow/dags/frist-dag.py
[2024-06-12T18:22:22.559+0000] {processor.py:840} INFO - DAG(s) 'our_first_dag_v2' retrieved from /opt/airflow/dags/frist-dag.py
[2024-06-12T18:22:22.584+0000] {logging_mixin.py:188} INFO - [2024-06-12T18:22:22.584+0000] {dag.py:3036} INFO - Sync 1 DAGs
[2024-06-12T18:22:22.619+0000] {logging_mixin.py:188} INFO - [2024-06-12T18:22:22.619+0000] {dag.py:3823} INFO - Setting next_dagrun for our_first_dag_v2 to 2024-06-12 00:00:00+00:00, run_after=2024-06-13 00:00:00+00:00
[2024-06-12T18:22:22.650+0000] {processor.py:183} INFO - Processing /opt/airflow/dags/frist-dag.py took 0.821 seconds
[2024-06-12T18:22:52.900+0000] {processor.py:161} INFO - Started process (PID=512) to work on /opt/airflow/dags/frist-dag.py
[2024-06-12T18:22:52.901+0000] {processor.py:830} INFO - Processing file /opt/airflow/dags/frist-dag.py for tasks to queue
[2024-06-12T18:22:52.904+0000] {logging_mixin.py:188} INFO - [2024-06-12T18:22:52.904+0000] {dagbag.py:538} INFO - Filling up the DagBag from /opt/airflow/dags/frist-dag.py
[2024-06-12T18:22:53.528+0000] {processor.py:840} INFO - DAG(s) 'our_first_dag_v2' retrieved from /opt/airflow/dags/frist-dag.py
[2024-06-12T18:22:53.555+0000] {logging_mixin.py:188} INFO - [2024-06-12T18:22:53.554+0000] {dag.py:3036} INFO - Sync 1 DAGs
[2024-06-12T18:22:53.588+0000] {logging_mixin.py:188} INFO - [2024-06-12T18:22:53.588+0000] {dag.py:3823} INFO - Setting next_dagrun for our_first_dag_v2 to 2024-06-12 00:00:00+00:00, run_after=2024-06-13 00:00:00+00:00
[2024-06-12T18:22:53.619+0000] {processor.py:183} INFO - Processing /opt/airflow/dags/frist-dag.py took 0.723 seconds
[2024-06-12T18:23:23.855+0000] {processor.py:161} INFO - Started process (PID=573) to work on /opt/airflow/dags/frist-dag.py
[2024-06-12T18:23:23.857+0000] {processor.py:830} INFO - Processing file /opt/airflow/dags/frist-dag.py for tasks to queue
[2024-06-12T18:23:23.859+0000] {logging_mixin.py:188} INFO - [2024-06-12T18:23:23.859+0000] {dagbag.py:538} INFO - Filling up the DagBag from /opt/airflow/dags/frist-dag.py
[2024-06-12T18:23:24.390+0000] {processor.py:840} INFO - DAG(s) 'our_first_dag_v2' retrieved from /opt/airflow/dags/frist-dag.py
[2024-06-12T18:23:24.412+0000] {logging_mixin.py:188} INFO - [2024-06-12T18:23:24.412+0000] {dag.py:3036} INFO - Sync 1 DAGs
[2024-06-12T18:23:24.443+0000] {logging_mixin.py:188} INFO - [2024-06-12T18:23:24.442+0000] {dag.py:3823} INFO - Setting next_dagrun for our_first_dag_v2 to 2024-06-12 00:00:00+00:00, run_after=2024-06-13 00:00:00+00:00
[2024-06-12T18:23:24.472+0000] {processor.py:183} INFO - Processing /opt/airflow/dags/frist-dag.py took 0.622 seconds
[2024-06-12T18:23:55.101+0000] {processor.py:161} INFO - Started process (PID=631) to work on /opt/airflow/dags/frist-dag.py
[2024-06-12T18:23:55.103+0000] {processor.py:830} INFO - Processing file /opt/airflow/dags/frist-dag.py for tasks to queue
[2024-06-12T18:23:55.105+0000] {logging_mixin.py:188} INFO - [2024-06-12T18:23:55.105+0000] {dagbag.py:538} INFO - Filling up the DagBag from /opt/airflow/dags/frist-dag.py
[2024-06-12T18:23:55.768+0000] {processor.py:840} INFO - DAG(s) 'our_first_dag_v2' retrieved from /opt/airflow/dags/frist-dag.py
[2024-06-12T18:23:55.797+0000] {logging_mixin.py:188} INFO - [2024-06-12T18:23:55.796+0000] {dag.py:3036} INFO - Sync 1 DAGs
[2024-06-12T18:23:55.833+0000] {logging_mixin.py:188} INFO - [2024-06-12T18:23:55.832+0000] {dag.py:3823} INFO - Setting next_dagrun for our_first_dag_v2 to 2024-06-12 00:00:00+00:00, run_after=2024-06-13 00:00:00+00:00
[2024-06-12T18:23:55.872+0000] {processor.py:183} INFO - Processing /opt/airflow/dags/frist-dag.py took 0.776 seconds
[2024-06-12T18:24:26.348+0000] {processor.py:161} INFO - Started process (PID=689) to work on /opt/airflow/dags/frist-dag.py
[2024-06-12T18:24:26.349+0000] {processor.py:830} INFO - Processing file /opt/airflow/dags/frist-dag.py for tasks to queue
[2024-06-12T18:24:26.352+0000] {logging_mixin.py:188} INFO - [2024-06-12T18:24:26.351+0000] {dagbag.py:538} INFO - Filling up the DagBag from /opt/airflow/dags/frist-dag.py
[2024-06-12T18:24:27.007+0000] {processor.py:840} INFO - DAG(s) 'our_first_dag_v2' retrieved from /opt/airflow/dags/frist-dag.py
[2024-06-12T18:24:27.147+0000] {logging_mixin.py:188} INFO - [2024-06-12T18:24:27.146+0000] {dag.py:3036} INFO - Sync 1 DAGs
[2024-06-12T18:24:27.181+0000] {logging_mixin.py:188} INFO - [2024-06-12T18:24:27.181+0000] {dag.py:3823} INFO - Setting next_dagrun for our_first_dag_v2 to 2024-06-12 00:00:00+00:00, run_after=2024-06-13 00:00:00+00:00
[2024-06-12T18:24:27.217+0000] {processor.py:183} INFO - Processing /opt/airflow/dags/frist-dag.py took 0.874 seconds
[2024-06-12T18:24:57.377+0000] {processor.py:161} INFO - Started process (PID=751) to work on /opt/airflow/dags/frist-dag.py
[2024-06-12T18:24:57.378+0000] {processor.py:830} INFO - Processing file /opt/airflow/dags/frist-dag.py for tasks to queue
[2024-06-12T18:24:57.380+0000] {logging_mixin.py:188} INFO - [2024-06-12T18:24:57.379+0000] {dagbag.py:538} INFO - Filling up the DagBag from /opt/airflow/dags/frist-dag.py
[2024-06-12T18:24:57.832+0000] {processor.py:840} INFO - DAG(s) 'our_first_dag_v2' retrieved from /opt/airflow/dags/frist-dag.py
[2024-06-12T18:24:57.851+0000] {logging_mixin.py:188} INFO - [2024-06-12T18:24:57.851+0000] {dag.py:3036} INFO - Sync 1 DAGs
[2024-06-12T18:24:57.876+0000] {logging_mixin.py:188} INFO - [2024-06-12T18:24:57.876+0000] {dag.py:3823} INFO - Setting next_dagrun for our_first_dag_v2 to 2024-06-12 00:00:00+00:00, run_after=2024-06-13 00:00:00+00:00
[2024-06-12T18:24:57.899+0000] {processor.py:183} INFO - Processing /opt/airflow/dags/frist-dag.py took 0.524 seconds
[2024-06-12T18:25:28.050+0000] {processor.py:161} INFO - Started process (PID=810) to work on /opt/airflow/dags/frist-dag.py
[2024-06-12T18:25:28.051+0000] {processor.py:830} INFO - Processing file /opt/airflow/dags/frist-dag.py for tasks to queue
[2024-06-12T18:25:28.053+0000] {logging_mixin.py:188} INFO - [2024-06-12T18:25:28.053+0000] {dagbag.py:538} INFO - Filling up the DagBag from /opt/airflow/dags/frist-dag.py
[2024-06-12T18:25:28.588+0000] {processor.py:840} INFO - DAG(s) 'our_first_dag_v2' retrieved from /opt/airflow/dags/frist-dag.py
[2024-06-12T18:25:28.617+0000] {logging_mixin.py:188} INFO - [2024-06-12T18:25:28.617+0000] {dag.py:3036} INFO - Sync 1 DAGs
[2024-06-12T18:25:28.652+0000] {logging_mixin.py:188} INFO - [2024-06-12T18:25:28.652+0000] {dag.py:3823} INFO - Setting next_dagrun for our_first_dag_v2 to 2024-06-12 00:00:00+00:00, run_after=2024-06-13 00:00:00+00:00
[2024-06-12T18:25:28.685+0000] {processor.py:183} INFO - Processing /opt/airflow/dags/frist-dag.py took 0.638 seconds
[2024-06-12T18:26:55.625+0000] {processor.py:161} INFO - Started process (PID=38) to work on /opt/airflow/dags/frist-dag.py
[2024-06-12T18:26:55.629+0000] {processor.py:830} INFO - Processing file /opt/airflow/dags/frist-dag.py for tasks to queue
[2024-06-12T18:26:55.632+0000] {logging_mixin.py:188} INFO - [2024-06-12T18:26:55.631+0000] {dagbag.py:538} INFO - Filling up the DagBag from /opt/airflow/dags/frist-dag.py
[2024-06-12T18:26:56.109+0000] {processor.py:840} INFO - DAG(s) 'our_first_dag_v2' retrieved from /opt/airflow/dags/frist-dag.py
[2024-06-12T18:26:56.434+0000] {logging_mixin.py:188} INFO - [2024-06-12T18:26:56.433+0000] {dag.py:3036} INFO - Sync 1 DAGs
[2024-06-12T18:26:56.474+0000] {logging_mixin.py:188} INFO - [2024-06-12T18:26:56.474+0000] {dag.py:3823} INFO - Setting next_dagrun for our_first_dag_v2 to 2024-06-12 00:00:00+00:00, run_after=2024-06-13 00:00:00+00:00
[2024-06-12T18:26:56.517+0000] {processor.py:183} INFO - Processing /opt/airflow/dags/frist-dag.py took 0.898 seconds
[2024-06-12T18:27:26.806+0000] {processor.py:161} INFO - Started process (PID=97) to work on /opt/airflow/dags/frist-dag.py
[2024-06-12T18:27:26.808+0000] {processor.py:830} INFO - Processing file /opt/airflow/dags/frist-dag.py for tasks to queue
[2024-06-12T18:27:26.810+0000] {logging_mixin.py:188} INFO - [2024-06-12T18:27:26.810+0000] {dagbag.py:538} INFO - Filling up the DagBag from /opt/airflow/dags/frist-dag.py
[2024-06-12T18:27:27.552+0000] {processor.py:840} INFO - DAG(s) 'our_first_dag_v2' retrieved from /opt/airflow/dags/frist-dag.py
[2024-06-12T18:27:27.732+0000] {logging_mixin.py:188} INFO - [2024-06-12T18:27:27.731+0000] {dag.py:3036} INFO - Sync 1 DAGs
[2024-06-12T18:27:27.764+0000] {logging_mixin.py:188} INFO - [2024-06-12T18:27:27.763+0000] {dag.py:3823} INFO - Setting next_dagrun for our_first_dag_v2 to 2024-06-12 00:00:00+00:00, run_after=2024-06-13 00:00:00+00:00
[2024-06-12T18:27:27.794+0000] {processor.py:183} INFO - Processing /opt/airflow/dags/frist-dag.py took 0.993 seconds
[2024-06-12T18:27:58.462+0000] {processor.py:161} INFO - Started process (PID=159) to work on /opt/airflow/dags/frist-dag.py
[2024-06-12T18:27:58.463+0000] {processor.py:830} INFO - Processing file /opt/airflow/dags/frist-dag.py for tasks to queue
[2024-06-12T18:27:58.465+0000] {logging_mixin.py:188} INFO - [2024-06-12T18:27:58.465+0000] {dagbag.py:538} INFO - Filling up the DagBag from /opt/airflow/dags/frist-dag.py
[2024-06-12T18:27:59.048+0000] {processor.py:840} INFO - DAG(s) 'our_first_dag_v2' retrieved from /opt/airflow/dags/frist-dag.py
[2024-06-12T18:27:59.070+0000] {logging_mixin.py:188} INFO - [2024-06-12T18:27:59.070+0000] {dag.py:3036} INFO - Sync 1 DAGs
[2024-06-12T18:27:59.098+0000] {logging_mixin.py:188} INFO - [2024-06-12T18:27:59.098+0000] {dag.py:3823} INFO - Setting next_dagrun for our_first_dag_v2 to 2024-06-12 00:00:00+00:00, run_after=2024-06-13 00:00:00+00:00
[2024-06-12T18:27:59.124+0000] {processor.py:183} INFO - Processing /opt/airflow/dags/frist-dag.py took 0.666 seconds
[2024-06-12T18:28:29.738+0000] {processor.py:161} INFO - Started process (PID=216) to work on /opt/airflow/dags/frist-dag.py
[2024-06-12T18:28:29.740+0000] {processor.py:830} INFO - Processing file /opt/airflow/dags/frist-dag.py for tasks to queue
[2024-06-12T18:28:29.743+0000] {logging_mixin.py:188} INFO - [2024-06-12T18:28:29.742+0000] {dagbag.py:538} INFO - Filling up the DagBag from /opt/airflow/dags/frist-dag.py
[2024-06-12T18:28:30.436+0000] {processor.py:840} INFO - DAG(s) 'our_first_dag_v2' retrieved from /opt/airflow/dags/frist-dag.py
[2024-06-12T18:28:30.462+0000] {logging_mixin.py:188} INFO - [2024-06-12T18:28:30.462+0000] {dag.py:3036} INFO - Sync 1 DAGs
[2024-06-12T18:28:30.493+0000] {logging_mixin.py:188} INFO - [2024-06-12T18:28:30.492+0000] {dag.py:3823} INFO - Setting next_dagrun for our_first_dag_v2 to 2024-06-12 00:00:00+00:00, run_after=2024-06-13 00:00:00+00:00
[2024-06-12T18:28:30.525+0000] {processor.py:183} INFO - Processing /opt/airflow/dags/frist-dag.py took 0.791 seconds
[2024-06-12T18:29:00.681+0000] {processor.py:161} INFO - Started process (PID=277) to work on /opt/airflow/dags/frist-dag.py
[2024-06-12T18:29:00.682+0000] {processor.py:830} INFO - Processing file /opt/airflow/dags/frist-dag.py for tasks to queue
[2024-06-12T18:29:00.685+0000] {logging_mixin.py:188} INFO - [2024-06-12T18:29:00.685+0000] {dagbag.py:538} INFO - Filling up the DagBag from /opt/airflow/dags/frist-dag.py
[2024-06-12T18:29:01.392+0000] {processor.py:840} INFO - DAG(s) 'our_first_dag_v2' retrieved from /opt/airflow/dags/frist-dag.py
[2024-06-12T18:29:01.435+0000] {logging_mixin.py:188} INFO - [2024-06-12T18:29:01.434+0000] {dag.py:3036} INFO - Sync 1 DAGs
[2024-06-12T18:29:01.472+0000] {logging_mixin.py:188} INFO - [2024-06-12T18:29:01.471+0000] {dag.py:3823} INFO - Setting next_dagrun for our_first_dag_v2 to 2024-06-12 00:00:00+00:00, run_after=2024-06-13 00:00:00+00:00
[2024-06-12T18:29:01.513+0000] {processor.py:183} INFO - Processing /opt/airflow/dags/frist-dag.py took 0.837 seconds
[2024-06-12T18:29:32.103+0000] {processor.py:161} INFO - Started process (PID=336) to work on /opt/airflow/dags/frist-dag.py
[2024-06-12T18:29:32.104+0000] {processor.py:830} INFO - Processing file /opt/airflow/dags/frist-dag.py for tasks to queue
[2024-06-12T18:29:32.107+0000] {logging_mixin.py:188} INFO - [2024-06-12T18:29:32.106+0000] {dagbag.py:538} INFO - Filling up the DagBag from /opt/airflow/dags/frist-dag.py
[2024-06-12T18:29:32.687+0000] {processor.py:840} INFO - DAG(s) 'our_first_dag_v2' retrieved from /opt/airflow/dags/frist-dag.py
[2024-06-12T18:29:32.703+0000] {logging_mixin.py:188} INFO - [2024-06-12T18:29:32.703+0000] {dag.py:3036} INFO - Sync 1 DAGs
[2024-06-12T18:29:32.729+0000] {logging_mixin.py:188} INFO - [2024-06-12T18:29:32.729+0000] {dag.py:3823} INFO - Setting next_dagrun for our_first_dag_v2 to 2024-06-12 00:00:00+00:00, run_after=2024-06-13 00:00:00+00:00
[2024-06-12T18:29:32.753+0000] {processor.py:183} INFO - Processing /opt/airflow/dags/frist-dag.py took 0.653 seconds
[2024-06-12T18:30:02.912+0000] {processor.py:161} INFO - Started process (PID=397) to work on /opt/airflow/dags/frist-dag.py
[2024-06-12T18:30:02.913+0000] {processor.py:830} INFO - Processing file /opt/airflow/dags/frist-dag.py for tasks to queue
[2024-06-12T18:30:02.916+0000] {logging_mixin.py:188} INFO - [2024-06-12T18:30:02.915+0000] {dagbag.py:538} INFO - Filling up the DagBag from /opt/airflow/dags/frist-dag.py
[2024-06-12T18:30:03.599+0000] {processor.py:840} INFO - DAG(s) 'our_first_dag_v2' retrieved from /opt/airflow/dags/frist-dag.py
[2024-06-12T18:30:03.622+0000] {logging_mixin.py:188} INFO - [2024-06-12T18:30:03.622+0000] {dag.py:3036} INFO - Sync 1 DAGs
[2024-06-12T18:30:03.660+0000] {logging_mixin.py:188} INFO - [2024-06-12T18:30:03.659+0000] {dag.py:3823} INFO - Setting next_dagrun for our_first_dag_v2 to 2024-06-12 00:00:00+00:00, run_after=2024-06-13 00:00:00+00:00
[2024-06-12T18:30:03.696+0000] {processor.py:183} INFO - Processing /opt/airflow/dags/frist-dag.py took 0.788 seconds
[2024-06-12T18:30:33.873+0000] {processor.py:161} INFO - Started process (PID=452) to work on /opt/airflow/dags/frist-dag.py
[2024-06-12T18:30:33.874+0000] {processor.py:830} INFO - Processing file /opt/airflow/dags/frist-dag.py for tasks to queue
[2024-06-12T18:30:33.876+0000] {logging_mixin.py:188} INFO - [2024-06-12T18:30:33.875+0000] {dagbag.py:538} INFO - Filling up the DagBag from /opt/airflow/dags/frist-dag.py
[2024-06-12T18:30:34.344+0000] {processor.py:840} INFO - DAG(s) 'our_first_dag_v2' retrieved from /opt/airflow/dags/frist-dag.py
[2024-06-12T18:30:34.361+0000] {logging_mixin.py:188} INFO - [2024-06-12T18:30:34.361+0000] {dag.py:3036} INFO - Sync 1 DAGs
[2024-06-12T18:30:34.388+0000] {logging_mixin.py:188} INFO - [2024-06-12T18:30:34.388+0000] {dag.py:3823} INFO - Setting next_dagrun for our_first_dag_v2 to 2024-06-12 00:00:00+00:00, run_after=2024-06-13 00:00:00+00:00
[2024-06-12T18:30:34.410+0000] {processor.py:183} INFO - Processing /opt/airflow/dags/frist-dag.py took 0.540 seconds
[2024-06-12T18:31:04.761+0000] {processor.py:161} INFO - Started process (PID=513) to work on /opt/airflow/dags/frist-dag.py
[2024-06-12T18:31:04.763+0000] {processor.py:830} INFO - Processing file /opt/airflow/dags/frist-dag.py for tasks to queue
[2024-06-12T18:31:04.766+0000] {logging_mixin.py:188} INFO - [2024-06-12T18:31:04.765+0000] {dagbag.py:538} INFO - Filling up the DagBag from /opt/airflow/dags/frist-dag.py
[2024-06-12T18:31:05.418+0000] {processor.py:840} INFO - DAG(s) 'our_first_dag_v2' retrieved from /opt/airflow/dags/frist-dag.py
[2024-06-12T18:31:05.438+0000] {logging_mixin.py:188} INFO - [2024-06-12T18:31:05.438+0000] {dag.py:3036} INFO - Sync 1 DAGs
[2024-06-12T18:31:05.469+0000] {logging_mixin.py:188} INFO - [2024-06-12T18:31:05.469+0000] {dag.py:3823} INFO - Setting next_dagrun for our_first_dag_v2 to 2024-06-12 00:00:00+00:00, run_after=2024-06-13 00:00:00+00:00
[2024-06-12T18:31:05.496+0000] {processor.py:183} INFO - Processing /opt/airflow/dags/frist-dag.py took 0.740 seconds
[2024-06-12T18:31:35.649+0000] {processor.py:161} INFO - Started process (PID=574) to work on /opt/airflow/dags/frist-dag.py
[2024-06-12T18:31:35.650+0000] {processor.py:830} INFO - Processing file /opt/airflow/dags/frist-dag.py for tasks to queue
[2024-06-12T18:31:35.652+0000] {logging_mixin.py:188} INFO - [2024-06-12T18:31:35.652+0000] {dagbag.py:538} INFO - Filling up the DagBag from /opt/airflow/dags/frist-dag.py
[2024-06-12T18:31:36.246+0000] {processor.py:840} INFO - DAG(s) 'our_first_dag_v2' retrieved from /opt/airflow/dags/frist-dag.py
[2024-06-12T18:31:36.272+0000] {logging_mixin.py:188} INFO - [2024-06-12T18:31:36.272+0000] {dag.py:3036} INFO - Sync 1 DAGs
[2024-06-12T18:31:36.310+0000] {logging_mixin.py:188} INFO - [2024-06-12T18:31:36.309+0000] {dag.py:3823} INFO - Setting next_dagrun for our_first_dag_v2 to 2024-06-12 00:00:00+00:00, run_after=2024-06-13 00:00:00+00:00
[2024-06-12T18:31:36.339+0000] {processor.py:183} INFO - Processing /opt/airflow/dags/frist-dag.py took 0.694 seconds
[2024-06-12T18:32:06.414+0000] {processor.py:161} INFO - Started process (PID=634) to work on /opt/airflow/dags/frist-dag.py
[2024-06-12T18:32:06.415+0000] {processor.py:830} INFO - Processing file /opt/airflow/dags/frist-dag.py for tasks to queue
[2024-06-12T18:32:06.417+0000] {logging_mixin.py:188} INFO - [2024-06-12T18:32:06.417+0000] {dagbag.py:538} INFO - Filling up the DagBag from /opt/airflow/dags/frist-dag.py
[2024-06-12T18:32:06.944+0000] {processor.py:840} INFO - DAG(s) 'our_first_dag_v2' retrieved from /opt/airflow/dags/frist-dag.py
[2024-06-12T18:32:06.964+0000] {logging_mixin.py:188} INFO - [2024-06-12T18:32:06.964+0000] {dag.py:3036} INFO - Sync 1 DAGs
[2024-06-12T18:32:06.999+0000] {logging_mixin.py:188} INFO - [2024-06-12T18:32:06.998+0000] {dag.py:3823} INFO - Setting next_dagrun for our_first_dag_v2 to 2024-06-12 00:00:00+00:00, run_after=2024-06-13 00:00:00+00:00
[2024-06-12T18:32:07.025+0000] {processor.py:183} INFO - Processing /opt/airflow/dags/frist-dag.py took 0.614 seconds
[2024-06-12T18:32:37.637+0000] {processor.py:161} INFO - Started process (PID=694) to work on /opt/airflow/dags/frist-dag.py
[2024-06-12T18:32:37.639+0000] {processor.py:830} INFO - Processing file /opt/airflow/dags/frist-dag.py for tasks to queue
[2024-06-12T18:32:37.641+0000] {logging_mixin.py:188} INFO - [2024-06-12T18:32:37.640+0000] {dagbag.py:538} INFO - Filling up the DagBag from /opt/airflow/dags/frist-dag.py
[2024-06-12T18:32:38.294+0000] {processor.py:840} INFO - DAG(s) 'our_first_dag_v2' retrieved from /opt/airflow/dags/frist-dag.py
[2024-06-12T18:32:38.320+0000] {logging_mixin.py:188} INFO - [2024-06-12T18:32:38.320+0000] {dag.py:3036} INFO - Sync 1 DAGs
[2024-06-12T18:32:38.357+0000] {logging_mixin.py:188} INFO - [2024-06-12T18:32:38.356+0000] {dag.py:3823} INFO - Setting next_dagrun for our_first_dag_v2 to 2024-06-12 00:00:00+00:00, run_after=2024-06-13 00:00:00+00:00
[2024-06-12T18:32:38.392+0000] {processor.py:183} INFO - Processing /opt/airflow/dags/frist-dag.py took 0.761 seconds
[2024-06-12T18:33:08.568+0000] {processor.py:161} INFO - Started process (PID=756) to work on /opt/airflow/dags/frist-dag.py
[2024-06-12T18:33:08.569+0000] {processor.py:830} INFO - Processing file /opt/airflow/dags/frist-dag.py for tasks to queue
[2024-06-12T18:33:08.571+0000] {logging_mixin.py:188} INFO - [2024-06-12T18:33:08.571+0000] {dagbag.py:538} INFO - Filling up the DagBag from /opt/airflow/dags/frist-dag.py
[2024-06-12T18:33:09.193+0000] {processor.py:840} INFO - DAG(s) 'our_first_dag_v2' retrieved from /opt/airflow/dags/frist-dag.py
[2024-06-12T18:33:09.220+0000] {logging_mixin.py:188} INFO - [2024-06-12T18:33:09.219+0000] {dag.py:3036} INFO - Sync 1 DAGs
[2024-06-12T18:33:09.252+0000] {logging_mixin.py:188} INFO - [2024-06-12T18:33:09.251+0000] {dag.py:3823} INFO - Setting next_dagrun for our_first_dag_v2 to 2024-06-12 00:00:00+00:00, run_after=2024-06-13 00:00:00+00:00
[2024-06-12T18:33:09.288+0000] {processor.py:183} INFO - Processing /opt/airflow/dags/frist-dag.py took 0.723 seconds
[2024-06-12T18:33:39.877+0000] {processor.py:161} INFO - Started process (PID=814) to work on /opt/airflow/dags/frist-dag.py
[2024-06-12T18:33:39.878+0000] {processor.py:830} INFO - Processing file /opt/airflow/dags/frist-dag.py for tasks to queue
[2024-06-12T18:33:39.881+0000] {logging_mixin.py:188} INFO - [2024-06-12T18:33:39.880+0000] {dagbag.py:538} INFO - Filling up the DagBag from /opt/airflow/dags/frist-dag.py
[2024-06-12T18:33:40.532+0000] {processor.py:840} INFO - DAG(s) 'our_first_dag_v2' retrieved from /opt/airflow/dags/frist-dag.py
[2024-06-12T18:33:40.557+0000] {logging_mixin.py:188} INFO - [2024-06-12T18:33:40.557+0000] {dag.py:3036} INFO - Sync 1 DAGs
[2024-06-12T18:33:40.593+0000] {logging_mixin.py:188} INFO - [2024-06-12T18:33:40.592+0000] {dag.py:3823} INFO - Setting next_dagrun for our_first_dag_v2 to 2024-06-12 00:00:00+00:00, run_after=2024-06-13 00:00:00+00:00
[2024-06-12T18:33:40.630+0000] {processor.py:183} INFO - Processing /opt/airflow/dags/frist-dag.py took 0.757 seconds
[2024-06-12T18:34:10.785+0000] {processor.py:161} INFO - Started process (PID=874) to work on /opt/airflow/dags/frist-dag.py
[2024-06-12T18:34:10.787+0000] {processor.py:830} INFO - Processing file /opt/airflow/dags/frist-dag.py for tasks to queue
[2024-06-12T18:34:10.789+0000] {logging_mixin.py:188} INFO - [2024-06-12T18:34:10.789+0000] {dagbag.py:538} INFO - Filling up the DagBag from /opt/airflow/dags/frist-dag.py
[2024-06-12T18:34:11.478+0000] {processor.py:840} INFO - DAG(s) 'our_first_dag_v2' retrieved from /opt/airflow/dags/frist-dag.py
[2024-06-12T18:34:11.524+0000] {logging_mixin.py:188} INFO - [2024-06-12T18:34:11.523+0000] {dag.py:3036} INFO - Sync 1 DAGs
[2024-06-12T18:34:11.562+0000] {logging_mixin.py:188} INFO - [2024-06-12T18:34:11.561+0000] {dag.py:3823} INFO - Setting next_dagrun for our_first_dag_v2 to 2024-06-12 00:00:00+00:00, run_after=2024-06-13 00:00:00+00:00
[2024-06-12T18:34:11.605+0000] {processor.py:183} INFO - Processing /opt/airflow/dags/frist-dag.py took 0.823 seconds
[2024-06-12T18:34:42.024+0000] {processor.py:161} INFO - Started process (PID=940) to work on /opt/airflow/dags/frist-dag.py
[2024-06-12T18:34:42.025+0000] {processor.py:830} INFO - Processing file /opt/airflow/dags/frist-dag.py for tasks to queue
[2024-06-12T18:34:42.028+0000] {logging_mixin.py:188} INFO - [2024-06-12T18:34:42.027+0000] {dagbag.py:538} INFO - Filling up the DagBag from /opt/airflow/dags/frist-dag.py
[2024-06-12T18:34:42.673+0000] {processor.py:840} INFO - DAG(s) 'our_first_dag_v2' retrieved from /opt/airflow/dags/frist-dag.py
[2024-06-12T18:34:42.697+0000] {logging_mixin.py:188} INFO - [2024-06-12T18:34:42.697+0000] {dag.py:3036} INFO - Sync 1 DAGs
[2024-06-12T18:34:42.735+0000] {logging_mixin.py:188} INFO - [2024-06-12T18:34:42.735+0000] {dag.py:3823} INFO - Setting next_dagrun for our_first_dag_v2 to 2024-06-12 00:00:00+00:00, run_after=2024-06-13 00:00:00+00:00
[2024-06-12T18:34:42.765+0000] {processor.py:183} INFO - Processing /opt/airflow/dags/frist-dag.py took 0.745 seconds
[2024-06-12T18:35:12.903+0000] {processor.py:161} INFO - Started process (PID=1001) to work on /opt/airflow/dags/frist-dag.py
[2024-06-12T18:35:12.905+0000] {processor.py:830} INFO - Processing file /opt/airflow/dags/frist-dag.py for tasks to queue
[2024-06-12T18:35:12.907+0000] {logging_mixin.py:188} INFO - [2024-06-12T18:35:12.907+0000] {dagbag.py:538} INFO - Filling up the DagBag from /opt/airflow/dags/frist-dag.py
[2024-06-12T18:35:13.441+0000] {processor.py:840} INFO - DAG(s) 'our_first_dag_v2' retrieved from /opt/airflow/dags/frist-dag.py
[2024-06-12T18:35:13.461+0000] {logging_mixin.py:188} INFO - [2024-06-12T18:35:13.461+0000] {dag.py:3036} INFO - Sync 1 DAGs
[2024-06-12T18:35:13.489+0000] {logging_mixin.py:188} INFO - [2024-06-12T18:35:13.489+0000] {dag.py:3823} INFO - Setting next_dagrun for our_first_dag_v2 to 2024-06-12 00:00:00+00:00, run_after=2024-06-13 00:00:00+00:00
[2024-06-12T18:35:13.511+0000] {processor.py:183} INFO - Processing /opt/airflow/dags/frist-dag.py took 0.612 seconds
[2024-06-12T18:35:43.568+0000] {processor.py:161} INFO - Started process (PID=1062) to work on /opt/airflow/dags/frist-dag.py
[2024-06-12T18:35:43.570+0000] {processor.py:830} INFO - Processing file /opt/airflow/dags/frist-dag.py for tasks to queue
[2024-06-12T18:35:43.572+0000] {logging_mixin.py:188} INFO - [2024-06-12T18:35:43.572+0000] {dagbag.py:538} INFO - Filling up the DagBag from /opt/airflow/dags/frist-dag.py
[2024-06-12T18:35:44.169+0000] {processor.py:840} INFO - DAG(s) 'our_first_dag_v2' retrieved from /opt/airflow/dags/frist-dag.py
[2024-06-12T18:35:44.192+0000] {logging_mixin.py:188} INFO - [2024-06-12T18:35:44.191+0000] {dag.py:3036} INFO - Sync 1 DAGs
[2024-06-12T18:35:44.230+0000] {logging_mixin.py:188} INFO - [2024-06-12T18:35:44.230+0000] {dag.py:3823} INFO - Setting next_dagrun for our_first_dag_v2 to 2024-06-12 00:00:00+00:00, run_after=2024-06-13 00:00:00+00:00
[2024-06-12T18:35:44.270+0000] {processor.py:183} INFO - Processing /opt/airflow/dags/frist-dag.py took 0.705 seconds
