[2024-05-19T20:31:02.683+0000] {taskinstance.py:1956} INFO - Dependencies all met for dep_context=non-requeueable deps ti=<TaskInstance: our_first_dag_v2.load_data manual__2024-05-19T20:30:55.909134+00:00 [queued]>
[2024-05-19T20:31:02.695+0000] {taskinstance.py:1956} INFO - Dependencies all met for dep_context=requeueable deps ti=<TaskInstance: our_first_dag_v2.load_data manual__2024-05-19T20:30:55.909134+00:00 [queued]>
[2024-05-19T20:31:02.696+0000] {taskinstance.py:2170} INFO - Starting attempt 1 of 1
[2024-05-19T20:31:02.715+0000] {taskinstance.py:2191} INFO - Executing <Task(PythonOperator): load_data> on 2024-05-19 20:30:55.909134+00:00
[2024-05-19T20:31:02.723+0000] {standard_task_runner.py:60} INFO - Started process 411 to run task
[2024-05-19T20:31:02.726+0000] {standard_task_runner.py:87} INFO - Running: ['***', 'tasks', 'run', 'our_first_dag_v2', 'load_data', 'manual__2024-05-19T20:30:55.909134+00:00', '--job-id', '413', '--raw', '--subdir', 'DAGS_FOLDER/frist-dag.py', '--cfg-path', '/tmp/tmpdrejl8m_']
[2024-05-19T20:31:02.728+0000] {standard_task_runner.py:88} INFO - Job 413: Subtask load_data
[2024-05-19T20:31:02.776+0000] {task_command.py:423} INFO - Running <TaskInstance: our_first_dag_v2.load_data manual__2024-05-19T20:30:55.909134+00:00 [running]> on host 7b23a6949395
[2024-05-19T20:31:02.849+0000] {taskinstance.py:2480} INFO - Exporting env vars: AIRFLOW_CTX_DAG_OWNER='***' AIRFLOW_CTX_DAG_ID='our_first_dag_v2' AIRFLOW_CTX_TASK_ID='load_data' AIRFLOW_CTX_EXECUTION_DATE='2024-05-19T20:30:55.909134+00:00' AIRFLOW_CTX_TRY_NUMBER='1' AIRFLOW_CTX_DAG_RUN_ID='manual__2024-05-19T20:30:55.909134+00:00'
[2024-05-19T20:31:02.851+0000] {logging_mixin.py:188} INFO - Hello from PythonOperator [0 1 2]
[2024-05-19T20:31:02.867+0000] {logging_mixin.py:188} INFO -    number
0       1
[2024-05-19T20:31:02.895+0000] {logging_mixin.py:188} INFO -    VendorID    tpep_pickup_datetime  ... total_amount  congestion_surcharge
0         1  01/01/2020 12:28:15 AM  ...        11.27                   2.5
1         1  01/01/2020 12:35:39 AM  ...        12.30                   2.5
2         1  01/01/2020 12:47:41 AM  ...        10.80                   2.5
3         1  01/01/2020 12:55:23 AM  ...         8.16                   0.0
4         2  01/01/2020 12:01:58 AM  ...         4.80                   0.0

[5 rows x 18 columns]
[2024-05-19T20:31:02.931+0000] {python.py:201} INFO - Done. Returned value was: None
[2024-05-19T20:31:02.940+0000] {taskinstance.py:1138} INFO - Marking task as SUCCESS. dag_id=our_first_dag_v2, task_id=load_data, execution_date=20240519T203055, start_date=20240519T203102, end_date=20240519T203102
[2024-05-19T20:31:02.979+0000] {local_task_job_runner.py:234} INFO - Task exited with return code 0
[2024-05-19T20:31:02.995+0000] {taskinstance.py:3280} INFO - 0 downstream tasks scheduled from follow-on schedule check
