[2024-05-18T14:59:03.953+0000] {taskinstance.py:1956} INFO - Dependencies all met for dep_context=non-requeueable deps ti=<TaskInstance: our_first_dag_v2.wget manual__2024-05-18T14:59:02.352666+00:00 [queued]>
[2024-05-18T14:59:03.961+0000] {taskinstance.py:1956} INFO - Dependencies all met for dep_context=requeueable deps ti=<TaskInstance: our_first_dag_v2.wget manual__2024-05-18T14:59:02.352666+00:00 [queued]>
[2024-05-18T14:59:03.961+0000] {taskinstance.py:2170} INFO - Starting attempt 1 of 11
[2024-05-18T14:59:03.977+0000] {taskinstance.py:2191} INFO - Executing <Task(BashOperator): wget> on 2024-05-18 14:59:02.352666+00:00
[2024-05-18T14:59:03.985+0000] {standard_task_runner.py:60} INFO - Started process 1880 to run task
[2024-05-18T14:59:03.988+0000] {standard_task_runner.py:87} INFO - Running: ['***', 'tasks', 'run', 'our_first_dag_v2', 'wget', 'manual__2024-05-18T14:59:02.352666+00:00', '--job-id', '334', '--raw', '--subdir', 'DAGS_FOLDER/frist-dag.py', '--cfg-path', '/tmp/tmpzwirgc3f']
[2024-05-18T14:59:03.990+0000] {standard_task_runner.py:88} INFO - Job 334: Subtask wget
[2024-05-18T14:59:04.032+0000] {task_command.py:423} INFO - Running <TaskInstance: our_first_dag_v2.wget manual__2024-05-18T14:59:02.352666+00:00 [running]> on host 7b23a6949395
[2024-05-18T14:59:04.107+0000] {taskinstance.py:2480} INFO - Exporting env vars: AIRFLOW_CTX_DAG_OWNER='omar' AIRFLOW_CTX_DAG_ID='our_first_dag_v2' AIRFLOW_CTX_TASK_ID='wget' AIRFLOW_CTX_EXECUTION_DATE='2024-05-18T14:59:02.352666+00:00' AIRFLOW_CTX_TRY_NUMBER='1' AIRFLOW_CTX_DAG_RUN_ID='manual__2024-05-18T14:59:02.352666+00:00'
[2024-05-18T14:59:04.109+0000] {subprocess.py:63} INFO - Tmp dir root location: /tmp
[2024-05-18T14:59:04.110+0000] {subprocess.py:75} INFO - Running command: ['/usr/bin/bash', '-c', 'curl https://d37ci6vzurychx.cloudfront.net/misc/taxi_zone_lookup.csv']
[2024-05-18T14:59:04.128+0000] {subprocess.py:86} INFO - Output:
[2024-05-18T14:59:04.138+0000] {subprocess.py:93} INFO -   % Total    % Received % Xferd  Average Speed   Time    Time     Time  Current
[2024-05-18T14:59:04.139+0000] {subprocess.py:93} INFO -                                  Dload  Upload   Total   Spent    Left  Speed
[2024-05-18T14:59:04.437+0000] {subprocess.py:93} INFO -   0     0    0     0    0     0      0      0 --:--:-- --:--:-- --:--:--     0  0     0    0     0    0     0      0      0 --:--:-- --:--:-- --:--:--     0"LocationID","Borough","Zone","service_zone"
[2024-05-18T14:59:04.438+0000] {subprocess.py:93} INFO - 1,"EWR","Newark Airport","EWR"
[2024-05-18T14:59:04.438+0000] {subprocess.py:93} INFO - 2,"Queens","Jamaica Bay","Boro Zone"
[2024-05-18T14:59:04.439+0000] {subprocess.py:93} INFO - 3,"Bronx","Allerton/Pelham Gardens","Boro Zone"
[2024-05-18T14:59:04.439+0000] {subprocess.py:93} INFO - 4,"Manhattan","Alphabet City","Yellow Zone"
[2024-05-18T14:59:04.439+0000] {subprocess.py:93} INFO - 5,"Staten Island","Arden Heights","Boro Zone"
[2024-05-18T14:59:04.439+0000] {subprocess.py:93} INFO - 6,"Staten Island","Arrochar/Fort Wadsworth","Boro Zone"
[2024-05-18T14:59:04.440+0000] {subprocess.py:93} INFO - 7,"Queens","Astoria","Boro Zone"
[2024-05-18T14:59:04.440+0000] {subprocess.py:93} INFO - 8,"Queens","Astoria Park","Boro Zone"
[2024-05-18T14:59:04.440+0000] {subprocess.py:93} INFO - 9,"Queens","Auburndale","Boro Zone"
[2024-05-18T14:59:04.441+0000] {subprocess.py:93} INFO - 10,"Queens","Baisley Park","Boro Zone"
[2024-05-18T14:59:04.441+0000] {subprocess.py:93} INFO - 11,"Brooklyn","Bath Beach","Boro Zone"
[2024-05-18T14:59:04.441+0000] {subprocess.py:93} INFO - 12,"Manhattan","Battery Park","Yellow Zone"
[2024-05-18T14:59:04.442+0000] {subprocess.py:93} INFO - 13,"Manhattan","Battery Park City","Yellow Zone"
[2024-05-18T14:59:04.442+0000] {subprocess.py:93} INFO - 14,"Brooklyn","Bay Ridge","Boro Zone"
[2024-05-18T14:59:04.442+0000] {subprocess.py:93} INFO - 15,"Queens","Bay Terrace/Fort Totten","Boro Zone"
[2024-05-18T14:59:04.442+0000] {subprocess.py:93} INFO - 16,"Queens","Bayside","Boro Zone"
[2024-05-18T14:59:04.443+0000] {subprocess.py:93} INFO - 17,"Brooklyn","Bedford","Boro Zone"
[2024-05-18T14:59:04.443+0000] {subprocess.py:93} INFO - 18,"Bronx","Bedford Park","Boro Zone"
[2024-05-18T14:59:04.443+0000] {subprocess.py:93} INFO - 19,"Queens","Bellerose","Boro Zone"
[2024-05-18T14:59:04.444+0000] {subprocess.py:93} INFO - 20,"Bronx","Belmont","Boro Zone"
[2024-05-18T14:59:04.444+0000] {subprocess.py:93} INFO - 21,"Brooklyn","Bensonhurst East","Boro Zone"
[2024-05-18T14:59:04.444+0000] {subprocess.py:93} INFO - 22,"Brooklyn","Bensonhurst West","Boro Zone"
[2024-05-18T14:59:04.445+0000] {subprocess.py:93} INFO - 23,"Staten Island","Bloomfield/Emerson Hill","Boro Zone"
[2024-05-18T14:59:04.445+0000] {subprocess.py:93} INFO - 24,"Manhattan","Bloomingdale","Yellow Zone"
[2024-05-18T14:59:04.445+0000] {subprocess.py:93} INFO - 25,"Brooklyn","Boerum Hill","Boro Zone"
[2024-05-18T14:59:04.446+0000] {subprocess.py:93} INFO - 26,"Brooklyn","Borough Park","Boro Zone"
[2024-05-18T14:59:04.446+0000] {subprocess.py:93} INFO - 27,"Queens","Breezy Point/Fort Tilden/Riis Beach","Boro Zone"
[2024-05-18T14:59:04.446+0000] {subprocess.py:93} INFO - 28,"Queens","Briarwood/Jamaica Hills","Boro Zone"
[2024-05-18T14:59:04.447+0000] {subprocess.py:93} INFO - 29,"Brooklyn","Brighton Beach","Boro Zone"
[2024-05-18T14:59:04.447+0000] {subprocess.py:93} INFO - 30,"Queens","Broad Channel","Boro Zone"
[2024-05-18T14:59:04.448+0000] {subprocess.py:93} INFO - 31,"Bronx","Bronx Park","Boro Zone"
[2024-05-18T14:59:04.448+0000] {subprocess.py:93} INFO - 32,"Bronx","Bronxdale","Boro Zone"
[2024-05-18T14:59:04.449+0000] {subprocess.py:93} INFO - 33,"Brooklyn","Brooklyn Heights","Boro Zone"
[2024-05-18T14:59:04.449+0000] {subprocess.py:93} INFO - 34,"Brooklyn","Brooklyn Navy Yard","Boro Zone"
[2024-05-18T14:59:04.449+0000] {subprocess.py:93} INFO - 35,"Brooklyn","Brownsville","Boro Zone"
[2024-05-18T14:59:04.450+0000] {subprocess.py:93} INFO - 36,"Brooklyn","Bushwick North","Boro Zone"
[2024-05-18T14:59:04.450+0000] {subprocess.py:93} INFO - 37,"Brooklyn","Bushwick South","Boro Zone"
[2024-05-18T14:59:04.450+0000] {subprocess.py:93} INFO - 38,"Queens","Cambria Heights","Boro Zone"
[2024-05-18T14:59:04.450+0000] {subprocess.py:93} INFO - 39,"Brooklyn","Canarsie","Boro Zone"
[2024-05-18T14:59:04.451+0000] {subprocess.py:93} INFO - 40,"Brooklyn","Carroll Gardens","Boro Zone"
[2024-05-18T14:59:04.451+0000] {subprocess.py:93} INFO - 41,"Manhattan","Central Harlem","Boro Zone"
[2024-05-18T14:59:04.451+0000] {subprocess.py:93} INFO - 42,"Manhattan","Central Harlem North","Boro Zone"
[2024-05-18T14:59:04.452+0000] {subprocess.py:93} INFO - 43,"Manhattan","Central Park","Yellow Zone"
[2024-05-18T14:59:04.452+0000] {subprocess.py:93} INFO - 44,"Staten Island","Charleston/Tottenville","Boro Zone"
[2024-05-18T14:59:04.452+0000] {subprocess.py:93} INFO - 45,"Manhattan","Chinatown","Yellow Zone"
[2024-05-18T14:59:04.453+0000] {subprocess.py:93} INFO - 46,"Bronx","City Island","Boro Zone"
[2024-05-18T14:59:04.453+0000] {subprocess.py:93} INFO - 47,"Bronx","Claremont/Bathgate","Boro Zone"
[2024-05-18T14:59:04.453+0000] {subprocess.py:93} INFO - 48,"Manhattan","Clinton East","Yellow Zone"
[2024-05-18T14:59:04.454+0000] {subprocess.py:93} INFO - 49,"Brooklyn","Clinton Hill","Boro Zone"
[2024-05-18T14:59:04.454+0000] {subprocess.py:93} INFO - 50,"Manhattan","Clinton West","Yellow Zone"
[2024-05-18T14:59:04.454+0000] {subprocess.py:93} INFO - 51,"Bronx","Co-Op City","Boro Zone"
[2024-05-18T14:59:04.455+0000] {subprocess.py:93} INFO - 52,"Brooklyn","Cobble Hill","Boro Zone"
[2024-05-18T14:59:04.455+0000] {subprocess.py:93} INFO - 53,"Queens","College Point","Boro Zone"
[2024-05-18T14:59:04.455+0000] {subprocess.py:93} INFO - 54,"Brooklyn","Columbia Street","Boro Zone"
[2024-05-18T14:59:04.456+0000] {subprocess.py:93} INFO - 55,"Brooklyn","Coney Island","Boro Zone"
[2024-05-18T14:59:04.456+0000] {subprocess.py:93} INFO - 56,"Queens","Corona","Boro Zone"
[2024-05-18T14:59:04.456+0000] {subprocess.py:93} INFO - 57,"Queens","Corona","Boro Zone"
[2024-05-18T14:59:04.457+0000] {subprocess.py:93} INFO - 58,"Bronx","Country Club","Boro Zone"
[2024-05-18T14:59:04.457+0000] {subprocess.py:93} INFO - 59,"Bronx","Crotona Park","Boro Zone"
[2024-05-18T14:59:04.457+0000] {subprocess.py:93} INFO - 60,"Bronx","Crotona Park East","Boro Zone"
[2024-05-18T14:59:04.458+0000] {subprocess.py:93} INFO - 61,"Brooklyn","Crown Heights North","Boro Zone"
[2024-05-18T14:59:04.458+0000] {subprocess.py:93} INFO - 62,"Brooklyn","Crown Heights South","Boro Zone"
[2024-05-18T14:59:04.459+0000] {subprocess.py:93} INFO - 63,"Brooklyn","Cypress Hills","Boro Zone"
[2024-05-18T14:59:04.459+0000] {subprocess.py:93} INFO - 64,"Queens","Douglaston","Boro Zone"
[2024-05-18T14:59:04.459+0000] {subprocess.py:93} INFO - 65,"Brooklyn","Downtown Brooklyn/MetroTech","Boro Zone"
[2024-05-18T14:59:04.460+0000] {subprocess.py:93} INFO - 66,"Brooklyn","DUMBO/Vinegar Hill","Boro Zone"
[2024-05-18T14:59:04.460+0000] {subprocess.py:93} INFO - 67,"Brooklyn","Dyker Heights","Boro Zone"
[2024-05-18T14:59:04.460+0000] {subprocess.py:93} INFO - 68,"Manhattan","East Chelsea","Yellow Zone"
[2024-05-18T14:59:04.461+0000] {subprocess.py:93} INFO - 69,"Bronx","East Concourse/Concourse Village","Boro Zone"
[2024-05-18T14:59:04.461+0000] {subprocess.py:93} INFO - 70,"Queens","East Elmhurst","Boro Zone"
[2024-05-18T14:59:04.462+0000] {subprocess.py:93} INFO - 71,"Brooklyn","East Flatbush/Farragut","Boro Zone"
[2024-05-18T14:59:04.462+0000] {subprocess.py:93} INFO - 72,"Brooklyn","East Flatbush/Remsen Village","Boro Zone"
[2024-05-18T14:59:04.462+0000] {subprocess.py:93} INFO - 73,"Queens","East Flushing","Boro Zone"
[2024-05-18T14:59:04.463+0000] {subprocess.py:93} INFO - 74,"Manhattan","East Harlem North","Boro Zone"
[2024-05-18T14:59:04.463+0000] {subprocess.py:93} INFO - 75,"Manhattan","East Harlem South","Boro Zone"
[2024-05-18T14:59:04.464+0000] {subprocess.py:93} INFO - 76,"Brooklyn","East New York","Boro Zone"
[2024-05-18T14:59:04.464+0000] {subprocess.py:93} INFO - 77,"Brooklyn","East New York/Pennsylvania Avenue","Boro Zone"
[2024-05-18T14:59:04.465+0000] {subprocess.py:93} INFO - 78,"Bronx","East Tremont","Boro Zone"
[2024-05-18T14:59:04.465+0000] {subprocess.py:93} INFO - 79,"Manhattan","East Village","Yellow Zone"
[2024-05-18T14:59:04.465+0000] {subprocess.py:93} INFO - 80,"Brooklyn","East Williamsburg","Boro Zone"
[2024-05-18T14:59:04.466+0000] {subprocess.py:93} INFO - 81,"Bronx","Eastchester","Boro Zone"
[2024-05-18T14:59:04.466+0000] {subprocess.py:93} INFO - 82,"Queens","Elmhurst","Boro Zone"
[2024-05-18T14:59:04.467+0000] {subprocess.py:93} INFO - 83,"Queens","Elmhurst/Maspeth","Boro Zone"
[2024-05-18T14:59:04.467+0000] {subprocess.py:93} INFO - 84,"Staten Island","Eltingville/Annadale/Prince's Bay","Boro Zone"
[2024-05-18T14:59:04.468+0000] {subprocess.py:93} INFO - 85,"Brooklyn","Erasmus","Boro Zone"
[2024-05-18T14:59:04.468+0000] {subprocess.py:93} INFO - 86,"Queens","Far Rockaway","Boro Zone"
[2024-05-18T14:59:04.469+0000] {subprocess.py:93} INFO - 87,"Manhattan","Financial District North","Yellow Zone"
[2024-05-18T14:59:04.469+0000] {subprocess.py:93} INFO - 88,"Manhattan","Financial District South","Yellow Zone"
[2024-05-18T14:59:04.470+0000] {subprocess.py:93} INFO - 89,"Brooklyn","Flatbush/Ditmas Park","Boro Zone"
[2024-05-18T14:59:04.470+0000] {subprocess.py:93} INFO - 90,"Manhattan","Flatiron","Yellow Zone"
[2024-05-18T14:59:04.470+0000] {subprocess.py:93} INFO - 91,"Brooklyn","Flatlands","Boro Zone"
[2024-05-18T14:59:04.471+0000] {subprocess.py:93} INFO - 92,"Queens","Flushing","Boro Zone"
[2024-05-18T14:59:04.471+0000] {subprocess.py:93} INFO - 93,"Queens","Flushing Meadows-Corona Park","Boro Zone"
[2024-05-18T14:59:04.472+0000] {subprocess.py:93} INFO - 94,"Bronx","Fordham South","Boro Zone"
[2024-05-18T14:59:04.472+0000] {subprocess.py:93} INFO - 95,"Queens","Forest Hills","Boro Zone"
[2024-05-18T14:59:04.473+0000] {subprocess.py:93} INFO - 96,"Queens","Forest Park/Highland Park","Boro Zone"
[2024-05-18T14:59:04.474+0000] {subprocess.py:93} INFO - 97,"Brooklyn","Fort Greene","Boro Zone"
[2024-05-18T14:59:04.474+0000] {subprocess.py:93} INFO - 98,"Queens","Fresh Meadows","Boro Zone"
[2024-05-18T14:59:04.474+0000] {subprocess.py:93} INFO - 99,"Staten Island","Freshkills Park","Boro Zone"
[2024-05-18T14:59:04.475+0000] {subprocess.py:93} INFO - 100,"Manhattan","Garment District","Yellow Zone"
[2024-05-18T14:59:04.475+0000] {subprocess.py:93} INFO - 101,"Queens","Glen Oaks","Boro Zone"
[2024-05-18T14:59:04.476+0000] {subprocess.py:93} INFO - 102,"Queens","Glendale","Boro Zone"
[2024-05-18T14:59:04.476+0000] {subprocess.py:93} INFO - 103,"Manhattan","Governor's Island/Ellis Island/Liberty Island","Yellow Zone"
[2024-05-18T14:59:04.477+0000] {subprocess.py:93} INFO - 104,"Manhattan","Governor's Island/Ellis Island/Liberty Island","Yellow Zone"
[2024-05-18T14:59:04.477+0000] {subprocess.py:93} INFO - 105,"Manhattan","Governor's Island/Ellis Island/Liberty Island","Yellow Zone"
[2024-05-18T14:59:04.478+0000] {subprocess.py:93} INFO - 106,"Brooklyn","Gowanus","Boro Zone"
[2024-05-18T14:59:04.478+0000] {subprocess.py:93} INFO - 107,"Manhattan","Gramercy","Yellow Zone"
[2024-05-18T14:59:04.478+0000] {subprocess.py:93} INFO - 108,"Brooklyn","Gravesend","Boro Zone"
[2024-05-18T14:59:04.479+0000] {subprocess.py:93} INFO - 109,"Staten Island","Great Kills","Boro Zone"
[2024-05-18T14:59:04.479+0000] {subprocess.py:93} INFO - 110,"Staten Island","Great Kills Park","Boro Zone"
[2024-05-18T14:59:04.480+0000] {subprocess.py:93} INFO - 111,"Brooklyn","Green-Wood Cemetery","Boro Zone"
[2024-05-18T14:59:04.480+0000] {subprocess.py:93} INFO - 112,"Brooklyn","Greenpoint","Boro Zone"
[2024-05-18T14:59:04.480+0000] {subprocess.py:93} INFO - 113,"Manhattan","Greenwich Village North","Yellow Zone"
[2024-05-18T14:59:04.481+0000] {subprocess.py:93} INFO - 114,"Manhattan","Greenwich Village South","Yellow Zone"
[2024-05-18T14:59:04.481+0000] {subprocess.py:93} INFO - 115,"Staten Island","Grymes Hill/Clifton","Boro Zone"
[2024-05-18T14:59:04.482+0000] {subprocess.py:93} INFO - 116,"Manhattan","Hamilton Heights","Boro Zone"
[2024-05-18T14:59:04.482+0000] {subprocess.py:93} INFO - 117,"Queens","Hammels/Arverne","Boro Zone"
[2024-05-18T14:59:04.482+0000] {subprocess.py:93} INFO - 118,"Staten Island","Heartland Village/Todt Hill","Boro Zone"
[2024-05-18T14:59:04.483+0000] {subprocess.py:93} INFO - 119,"Bronx","Highbridge","Boro Zone"
[2024-05-18T14:59:04.483+0000] {subprocess.py:93} INFO - 120,"Manhattan","Highbridge Park","Boro Zone"
[2024-05-18T14:59:04.483+0000] {subprocess.py:93} INFO - 121,"Queens","Hillcrest/Pomonok","Boro Zone"
[2024-05-18T14:59:04.484+0000] {subprocess.py:93} INFO - 122,"Queens","Hollis","Boro Zone"
[2024-05-18T14:59:04.484+0000] {subprocess.py:93} INFO - 123,"Brooklyn","Homecrest","Boro Zone"
[2024-05-18T14:59:04.484+0000] {subprocess.py:93} INFO - 124,"Queens","Howard Beach","Boro Zone"
[2024-05-18T14:59:04.484+0000] {subprocess.py:93} INFO - 125,"Manhattan","Hudson Sq","Yellow Zone"
[2024-05-18T14:59:04.485+0000] {subprocess.py:93} INFO - 126,"Bronx","Hunts Point","Boro Zone"
[2024-05-18T14:59:04.485+0000] {subprocess.py:93} INFO - 127,"Manhattan","Inwood","Boro Zone"
[2024-05-18T14:59:04.485+0000] {subprocess.py:93} INFO - 128,"Manhattan","Inwood Hill Park","Boro Zone"
[2024-05-18T14:59:04.486+0000] {subprocess.py:93} INFO - 129,"Queens","Jackson Heights","Boro Zone"
[2024-05-18T14:59:04.486+0000] {subprocess.py:93} INFO - 130,"Queens","Jamaica","Boro Zone"
[2024-05-18T14:59:04.486+0000] {subprocess.py:93} INFO - 131,"Queens","Jamaica Estates","Boro Zone"
[2024-05-18T14:59:04.486+0000] {subprocess.py:93} INFO - 132,"Queens","JFK Airport","Airports"
[2024-05-18T14:59:04.487+0000] {subprocess.py:93} INFO - 133,"Brooklyn","Kensington","Boro Zone"
[2024-05-18T14:59:04.487+0000] {subprocess.py:93} INFO - 134,"Queens","Kew Gardens","Boro Zone"
[2024-05-18T14:59:04.487+0000] {subprocess.py:93} INFO - 135,"Queens","Kew Gardens Hills","Boro Zone"
[2024-05-18T14:59:04.488+0000] {subprocess.py:93} INFO - 136,"Bronx","Kingsbridge Heights","Boro Zone"
[2024-05-18T14:59:04.488+0000] {subprocess.py:93} INFO - 137,"Manhattan","Kips Bay","Yellow Zone"
[2024-05-18T14:59:04.488+0000] {subprocess.py:93} INFO - 138,"Queens","LaGuardia Airport","Airports"
[2024-05-18T14:59:04.489+0000] {subprocess.py:93} INFO - 139,"Queens","Laurelton","Boro Zone"
[2024-05-18T14:59:04.489+0000] {subprocess.py:93} INFO - 140,"Manhattan","Lenox Hill East","Yellow Zone"
[2024-05-18T14:59:04.489+0000] {subprocess.py:93} INFO - 141,"Manhattan","Lenox Hill West","Yellow Zone"
[2024-05-18T14:59:04.490+0000] {subprocess.py:93} INFO - 142,"Manhattan","Lincoln Square East","Yellow Zone"
[2024-05-18T14:59:04.490+0000] {subprocess.py:93} INFO - 143,"Manhattan","Lincoln Square West","Yellow Zone"
[2024-05-18T14:59:04.490+0000] {subprocess.py:93} INFO - 144,"Manhattan","Little Italy/NoLiTa","Yellow Zone"
[2024-05-18T14:59:04.491+0000] {subprocess.py:93} INFO - 145,"Queens","Long Island City/Hunters Point","Boro Zone"
[2024-05-18T14:59:04.491+0000] {subprocess.py:93} INFO - 146,"Queens","Long Island City/Queens Plaza","Boro Zone"
[2024-05-18T14:59:04.491+0000] {subprocess.py:93} INFO - 147,"Bronx","Longwood","Boro Zone"
[2024-05-18T14:59:04.492+0000] {subprocess.py:93} INFO - 148,"Manhattan","Lower East Side","Yellow Zone"
[2024-05-18T14:59:04.492+0000] {subprocess.py:93} INFO - 149,"Brooklyn","Madison","Boro Zone"
[2024-05-18T14:59:04.492+0000] {subprocess.py:93} INFO - 150,"Brooklyn","Manhattan Beach","Boro Zone"
[2024-05-18T14:59:04.493+0000] {subprocess.py:93} INFO - 151,"Manhattan","Manhattan Valley","Yellow Zone"
[2024-05-18T14:59:04.493+0000] {subprocess.py:93} INFO - 152,"Manhattan","Manhattanville","Boro Zone"
[2024-05-18T14:59:04.493+0000] {subprocess.py:93} INFO - 153,"Manhattan","Marble Hill","Boro Zone"
[2024-05-18T14:59:04.494+0000] {subprocess.py:93} INFO - 154,"Brooklyn","Marine Park/Floyd Bennett Field","Boro Zone"
[2024-05-18T14:59:04.494+0000] {subprocess.py:93} INFO - 155,"Brooklyn","Marine Park/Mill Basin","Boro Zone"
[2024-05-18T14:59:04.494+0000] {subprocess.py:93} INFO - 156,"Staten Island","Mariners Harbor","Boro Zone"
[2024-05-18T14:59:04.495+0000] {subprocess.py:93} INFO - 157,"Queens","Maspeth","Boro Zone"
[2024-05-18T14:59:04.495+0000] {subprocess.py:93} INFO - 158,"Manhattan","Meatpacking/West Village West","Yellow Zone"
[2024-05-18T14:59:04.495+0000] {subprocess.py:93} INFO - 159,"Bronx","Melrose South","Boro Zone"
[2024-05-18T14:59:04.496+0000] {subprocess.py:93} INFO - 160,"Queens","Middle Village","Boro Zone"
[2024-05-18T14:59:04.496+0000] {subprocess.py:93} INFO - 161,"Manhattan","Midtown Center","Yellow Zone"
[2024-05-18T14:59:04.497+0000] {subprocess.py:93} INFO - 162,"Manhattan","Midtown East","Yellow Zone"
[2024-05-18T14:59:04.497+0000] {subprocess.py:93} INFO - 163,"Manhattan","Midtown North","Yellow Zone"
[2024-05-18T14:59:04.497+0000] {subprocess.py:93} INFO - 164,"Manhattan","Midtown South","Yellow Zone"
[2024-05-18T14:59:04.497+0000] {subprocess.py:93} INFO - 165,"Brooklyn","Midwood","Boro Zone"
[2024-05-18T14:59:04.498+0000] {subprocess.py:93} INFO - 166,"Manhattan","Morningside Heights","Boro Zone"
[2024-05-18T14:59:04.498+0000] {subprocess.py:93} INFO - 167,"Bronx","Morrisania/Melrose","Boro Zone"
[2024-05-18T14:59:04.498+0000] {subprocess.py:93} INFO - 168,"Bronx","Mott Haven/Port Morris","Boro Zone"
[2024-05-18T14:59:04.499+0000] {subprocess.py:93} INFO - 169,"Bronx","Mount Hope","Boro Zone"
[2024-05-18T14:59:04.499+0000] {subprocess.py:93} INFO - 170,"Manhattan","Murray Hill","Yellow Zone"
[2024-05-18T14:59:04.500+0000] {subprocess.py:93} INFO - 171,"Queens","Murray Hill-Queens","Boro Zone"
[2024-05-18T14:59:04.500+0000] {subprocess.py:93} INFO - 172,"Staten Island","New Dorp/Midland Beach","Boro Zone"
[2024-05-18T14:59:04.500+0000] {subprocess.py:93} INFO - 173,"Queens","North Corona","Boro Zone"
[2024-05-18T14:59:04.501+0000] {subprocess.py:93} INFO - 174,"Bronx","Norwood","Boro Zone"
[2024-05-18T14:59:04.501+0000] {subprocess.py:93} INFO - 175,"Queens","Oakland Gardens","Boro Zone"
[2024-05-18T14:59:04.501+0000] {subprocess.py:93} INFO - 176,"Staten Island","Oakwood","Boro Zone"
[2024-05-18T14:59:04.502+0000] {subprocess.py:93} INFO - 177,"Brooklyn","Ocean Hill","Boro Zone"
[2024-05-18T14:59:04.502+0000] {subprocess.py:93} INFO - 178,"Brooklyn","Ocean Parkway South","Boro Zone"
[2024-05-18T14:59:04.502+0000] {subprocess.py:93} INFO - 179,"Queens","Old Astoria","Boro Zone"
[2024-05-18T14:59:04.503+0000] {subprocess.py:93} INFO - 180,"Queens","Ozone Park","Boro Zone"
[2024-05-18T14:59:04.503+0000] {subprocess.py:93} INFO - 181,"Brooklyn","Park Slope","Boro Zone"
[2024-05-18T14:59:04.503+0000] {subprocess.py:93} INFO - 182,"Bronx","Parkchester","Boro Zone"
[2024-05-18T14:59:04.504+0000] {subprocess.py:93} INFO - 183,"Bronx","Pelham Bay","Boro Zone"
[2024-05-18T14:59:04.504+0000] {subprocess.py:93} INFO - 184,"Bronx","Pelham Bay Park","Boro Zone"
[2024-05-18T14:59:04.504+0000] {subprocess.py:93} INFO - 185,"Bronx","Pelham Parkway","Boro Zone"
[2024-05-18T14:59:04.505+0000] {subprocess.py:93} INFO - 186,"Manhattan","Penn Station/Madison Sq West","Yellow Zone"
[2024-05-18T14:59:04.505+0000] {subprocess.py:93} INFO - 187,"Staten Island","Port Richmond","Boro Zone"
[2024-05-18T14:59:04.506+0000] {subprocess.py:93} INFO - 188,"Brooklyn","Prospect-Lefferts Gardens","Boro Zone"
[2024-05-18T14:59:04.506+0000] {subprocess.py:93} INFO - 189,"Brooklyn","Prospect Heights","Boro Zone"
[2024-05-18T14:59:04.506+0000] {subprocess.py:93} INFO - 190,"Brooklyn","Prospect Park","Boro Zone"
[2024-05-18T14:59:04.507+0000] {subprocess.py:93} INFO - 191,"Queens","Queens Village","Boro Zone"
[2024-05-18T14:59:04.507+0000] {subprocess.py:93} INFO - 192,"Queens","Queensboro Hill","Boro Zone"
[2024-05-18T14:59:04.507+0000] {subprocess.py:93} INFO - 193,"Queens","Queensbridge/Ravenswood","Boro Zone"
[2024-05-18T14:59:04.508+0000] {subprocess.py:93} INFO - 194,"Manhattan","Randalls Island","Yellow Zone"
[2024-05-18T14:59:04.508+0000] {subprocess.py:93} INFO - 195,"Brooklyn","Red Hook","Boro Zone"
[2024-05-18T14:59:04.508+0000] {subprocess.py:93} INFO - 196,"Queens","Rego Park","Boro Zone"
[2024-05-18T14:59:04.509+0000] {subprocess.py:93} INFO - 197,"Queens","Richmond Hill","Boro Zone"
[2024-05-18T14:59:04.509+0000] {subprocess.py:93} INFO - 198,"Queens","Ridgewood","Boro Zone"
[2024-05-18T14:59:04.510+0000] {subprocess.py:93} INFO - 199,"Bronx","Rikers Island","Boro Zone"
[2024-05-18T14:59:04.510+0000] {subprocess.py:93} INFO - 200,"Bronx","Riverdale/North Riverdale/Fieldston","Boro Zone"
[2024-05-18T14:59:04.510+0000] {subprocess.py:93} INFO - 201,"Queens","Rockaway Park","Boro Zone"
[2024-05-18T14:59:04.511+0000] {subprocess.py:93} INFO - 202,"Manhattan","Roosevelt Island","Boro Zone"
[2024-05-18T14:59:04.511+0000] {subprocess.py:93} INFO - 203,"Queens","Rosedale","Boro Zone"
[2024-05-18T14:59:04.511+0000] {subprocess.py:93} INFO - 204,"Staten Island","Rossville/Woodrow","Boro Zone"
[2024-05-18T14:59:04.512+0000] {subprocess.py:93} INFO - 205,"Queens","Saint Albans","Boro Zone"
[2024-05-18T14:59:04.512+0000] {subprocess.py:93} INFO - 206,"Staten Island","Saint George/New Brighton","Boro Zone"
[2024-05-18T14:59:04.512+0000] {subprocess.py:93} INFO - 207,"Queens","Saint Michaels Cemetery/Woodside","Boro Zone"
[2024-05-18T14:59:04.513+0000] {subprocess.py:93} INFO - 208,"Bronx","Schuylerville/Edgewater Park","Boro Zone"
[2024-05-18T14:59:04.513+0000] {subprocess.py:93} INFO - 209,"Manhattan","Seaport","Yellow Zone"
[2024-05-18T14:59:04.513+0000] {subprocess.py:93} INFO - 210,"Brooklyn","Sheepshead Bay","Boro Zone"
[2024-05-18T14:59:04.514+0000] {subprocess.py:93} INFO - 211,"Manhattan","SoHo","Yellow Zone"
[2024-05-18T14:59:04.514+0000] {subprocess.py:93} INFO - 212,"Bronx","Soundview/Bruckner","Boro Zone"
[2024-05-18T14:59:04.515+0000] {subprocess.py:93} INFO - 213,"Bronx","Soundview/Castle Hill","Boro Zone"
[2024-05-18T14:59:04.515+0000] {subprocess.py:93} INFO - 214,"Staten Island","South Beach/Dongan Hills","Boro Zone"
[2024-05-18T14:59:04.515+0000] {subprocess.py:93} INFO - 215,"Queens","South Jamaica","Boro Zone"
[2024-05-18T14:59:04.516+0000] {subprocess.py:93} INFO - 216,"Queens","South Ozone Park","Boro Zone"
[2024-05-18T14:59:04.516+0000] {subprocess.py:93} INFO - 217,"Brooklyn","South Williamsburg","Boro Zone"
[2024-05-18T14:59:04.517+0000] {subprocess.py:93} INFO - 218,"Queens","Springfield Gardens North","Boro Zone"
[2024-05-18T14:59:04.517+0000] {subprocess.py:93} INFO - 219,"Queens","Springfield Gardens South","Boro Zone"
[2024-05-18T14:59:04.517+0000] {subprocess.py:93} INFO - 220,"Bronx","Spuyten Duyvil/Kingsbridge","Boro Zone"
[2024-05-18T14:59:04.518+0000] {subprocess.py:93} INFO - 221,"Staten Island","Stapleton","Boro Zone"
[2024-05-18T14:59:04.518+0000] {subprocess.py:93} INFO - 222,"Brooklyn","Starrett City","Boro Zone"
[2024-05-18T14:59:04.518+0000] {subprocess.py:93} INFO - 223,"Queens","Steinway","Boro Zone"
[2024-05-18T14:59:04.519+0000] {subprocess.py:93} INFO - 224,"Manhattan","Stuy Town/Peter Cooper Village","Yellow Zone"
[2024-05-18T14:59:04.519+0000] {subprocess.py:93} INFO - 225,"Brooklyn","Stuyvesant Heights","Boro Zone"
[2024-05-18T14:59:04.520+0000] {subprocess.py:93} INFO - 226,"Queens","Sunnyside","Boro Zone"
[2024-05-18T14:59:04.520+0000] {subprocess.py:93} INFO - 227,"Brooklyn","Sunset Park East","Boro Zone"
[2024-05-18T14:59:04.520+0000] {subprocess.py:93} INFO - 228,"Brooklyn","Sunset Park West","Boro Zone"
[2024-05-18T14:59:04.521+0000] {subprocess.py:93} INFO - 229,"Manhattan","Sutton Place/Turtle Bay North","Yellow Zone"
[2024-05-18T14:59:04.521+0000] {subprocess.py:93} INFO - 230,"Manhattan","Times Sq/Theatre District","Yellow Zone"
[2024-05-18T14:59:04.522+0000] {subprocess.py:93} INFO - 231,"Manhattan","TriBeCa/Civic Center","Yellow Zone"
[2024-05-18T14:59:04.522+0000] {subprocess.py:93} INFO - 232,"Manhattan","Two Bridges/Seward Park","Yellow Zone"
[2024-05-18T14:59:04.522+0000] {subprocess.py:93} INFO - 233,"Manhattan","UN/Turtle Bay South","Yellow Zone"
[2024-05-18T14:59:04.523+0000] {subprocess.py:93} INFO - 234,"Manhattan","Union Sq","Yellow Zone"
[2024-05-18T14:59:04.523+0000] {subprocess.py:93} INFO - 235,"Bronx","University Heights/Morris Heights","Boro Zone"
[2024-05-18T14:59:04.524+0000] {subprocess.py:93} INFO - 236,"Manhattan","Upper East Side North","Yellow Zone"
[2024-05-18T14:59:04.524+0000] {subprocess.py:93} INFO - 237,"Manhattan","Upper East Side South","Yellow Zone"
[2024-05-18T14:59:04.525+0000] {subprocess.py:93} INFO - 238,"Manhattan","Upper West Side North","Yellow Zone"
[2024-05-18T14:59:04.525+0000] {subprocess.py:93} INFO - 239,"Manhattan","Upper West Side South","Yellow Zone"
[2024-05-18T14:59:04.525+0000] {subprocess.py:93} INFO - 240,"Bronx","Van Cortlandt Park","Boro Zone"
[2024-05-18T14:59:04.526+0000] {subprocess.py:93} INFO - 241,"Bronx","Van Cortlandt Village","Boro Zone"
[2024-05-18T14:59:04.526+0000] {subprocess.py:93} INFO - 242,"Bronx","Van Nest/Morris Park","Boro Zone"
[2024-05-18T14:59:04.527+0000] {subprocess.py:93} INFO - 243,"Manhattan","Washington Heights North","Boro Zone"
[2024-05-18T14:59:04.527+0000] {subprocess.py:93} INFO - 244,"Manhattan","Washington Heights South","Boro Zone"
[2024-05-18T14:59:04.527+0000] {subprocess.py:93} INFO - 245,"Staten Island","West Brighton","Boro Zone"
[2024-05-18T14:59:04.528+0000] {subprocess.py:93} INFO - 246,"Manhattan","West Chelsea/Hudson Yards","Yellow Zone"
[2024-05-18T14:59:04.528+0000] {subprocess.py:93} INFO - 247,"Bronx","West Concourse","Boro Zone"
[2024-05-18T14:59:04.529+0000] {subprocess.py:93} INFO - 248,"Bronx","West Farms/Bronx River","Boro Zone"
[2024-05-18T14:59:04.529+0000] {subprocess.py:93} INFO - 249,"Manhattan","West Village","Yellow Zone"
[2024-05-18T14:59:04.529+0000] {subprocess.py:93} INFO - 250,"Bronx","Westchester Village/Unionport","Boro Zone"
[2024-05-18T14:59:04.530+0000] {subprocess.py:93} INFO - 251,"Staten Island","Westerleigh","Boro Zone"
[2024-05-18T14:59:04.530+0000] {subprocess.py:93} INFO - 252,"Queens","Whitestone","Boro Zone"
[2024-05-18T14:59:04.531+0000] {subprocess.py:93} INFO - 253,"Queens","Willets Point","Boro Zone"
[2024-05-18T14:59:04.531+0000] {subprocess.py:93} INFO - 254,"Bronx","Williamsbridge/Olinville","Boro Zone"
[2024-05-18T14:59:04.531+0000] {subprocess.py:93} INFO - 255,"Brooklyn","Williamsburg (North Side)","Boro Zone"
[2024-05-18T14:59:04.532+0000] {subprocess.py:93} INFO - 256,"Brooklyn","Williamsburg (South Side)","Boro Zone"
[2024-05-18T14:59:04.532+0000] {subprocess.py:93} INFO - 257,"Brooklyn","Windsor Terrace","Boro Zone"
[2024-05-18T14:59:04.533+0000] {subprocess.py:93} INFO - 258,"Queens","Woodhaven","Boro Zone"
[2024-05-18T14:59:04.533+0000] {subprocess.py:93} INFO - 259,"Bronx","Woodlawn/Wakefield","Boro Zone"
[2024-05-18T14:59:04.533+0000] {subprocess.py:93} INFO - 260,"Queens","Woodside","Boro Zone"
[2024-05-18T14:59:04.534+0000] {subprocess.py:93} INFO - 261,"Manhattan","World Trade Center","Yellow Zone"
[2024-05-18T14:59:04.534+0000] {subprocess.py:93} INFO - 262,"Manhattan","Yorkville East","Yellow Zone"
[2024-05-18T14:59:04.534+0000] {subprocess.py:93} INFO - 263,"Manhattan","Yorkville West","Yellow Zone"
[2024-05-18T14:59:04.535+0000] {subprocess.py:93} INFO - 264,"Unknown","N/A100 12331  100 12331    0     0  41131      0 --:--:-- --:--:-- --:--:-- 41103
[2024-05-18T14:59:04.535+0000] {subprocess.py:93} INFO - ","N/A"
[2024-05-18T14:59:04.535+0000] {subprocess.py:93} INFO - 265,"N/A","Outside of NYC","N/A"
[2024-05-18T14:59:04.536+0000] {subprocess.py:97} INFO - Command exited with return code 0
[2024-05-18T14:59:04.565+0000] {taskinstance.py:1138} INFO - Marking task as SUCCESS. dag_id=our_first_dag_v2, task_id=wget, execution_date=20240518T145902, start_date=20240518T145903, end_date=20240518T145904
[2024-05-18T14:59:04.601+0000] {local_task_job_runner.py:234} INFO - Task exited with return code 0
[2024-05-18T14:59:04.628+0000] {taskinstance.py:3280} INFO - 1 downstream tasks scheduled from follow-on schedule check
