[2024-05-22T22:36:41.325+0000] {processor.py:161} INFO - Started process (PID=52255) to work on /home/airflow/.local/lib/python3.8/site-packages/airflow/example_dags/example_sla_dag.py
[2024-05-22T22:36:41.326+0000] {processor.py:830} INFO - Processing file /home/airflow/.local/lib/python3.8/site-packages/airflow/example_dags/example_sla_dag.py for tasks to queue
[2024-05-22T22:36:41.329+0000] {logging_mixin.py:188} INFO - [2024-05-22T22:36:41.328+0000] {dagbag.py:538} INFO - Filling up the DagBag from /home/airflow/.local/lib/python3.8/site-packages/airflow/example_dags/example_sla_dag.py
[2024-05-22T22:36:41.339+0000] {processor.py:840} INFO - DAG(s) 'example_sla_dag' retrieved from /home/airflow/.local/lib/python3.8/site-packages/airflow/example_dags/example_sla_dag.py
[2024-05-22T22:36:41.365+0000] {logging_mixin.py:188} INFO - [2024-05-22T22:36:41.365+0000] {dag.py:3036} INFO - Sync 1 DAGs
[2024-05-22T22:36:41.401+0000] {logging_mixin.py:188} INFO - [2024-05-22T22:36:41.401+0000] {dag.py:3823} INFO - Setting next_dagrun for example_sla_dag to 2024-05-22 22:34:00+00:00, run_after=2024-05-22 22:36:00+00:00
[2024-05-22T22:36:41.432+0000] {processor.py:183} INFO - Processing /home/airflow/.local/lib/python3.8/site-packages/airflow/example_dags/example_sla_dag.py took 0.111 seconds
[2024-05-22T22:37:11.888+0000] {processor.py:161} INFO - Started process (PID=52312) to work on /home/airflow/.local/lib/python3.8/site-packages/airflow/example_dags/example_sla_dag.py
[2024-05-22T22:37:11.889+0000] {processor.py:830} INFO - Processing file /home/airflow/.local/lib/python3.8/site-packages/airflow/example_dags/example_sla_dag.py for tasks to queue
[2024-05-22T22:37:11.892+0000] {logging_mixin.py:188} INFO - [2024-05-22T22:37:11.891+0000] {dagbag.py:538} INFO - Filling up the DagBag from /home/airflow/.local/lib/python3.8/site-packages/airflow/example_dags/example_sla_dag.py
[2024-05-22T22:37:11.899+0000] {processor.py:840} INFO - DAG(s) 'example_sla_dag' retrieved from /home/airflow/.local/lib/python3.8/site-packages/airflow/example_dags/example_sla_dag.py
[2024-05-22T22:37:11.917+0000] {logging_mixin.py:188} INFO - [2024-05-22T22:37:11.917+0000] {dag.py:3036} INFO - Sync 1 DAGs
[2024-05-22T22:37:11.944+0000] {logging_mixin.py:188} INFO - [2024-05-22T22:37:11.944+0000] {dag.py:3823} INFO - Setting next_dagrun for example_sla_dag to 2024-05-22 22:34:00+00:00, run_after=2024-05-22 22:36:00+00:00
[2024-05-22T22:37:11.963+0000] {processor.py:183} INFO - Processing /home/airflow/.local/lib/python3.8/site-packages/airflow/example_dags/example_sla_dag.py took 0.078 seconds
[2024-05-22T22:37:42.370+0000] {processor.py:161} INFO - Started process (PID=52369) to work on /home/airflow/.local/lib/python3.8/site-packages/airflow/example_dags/example_sla_dag.py
[2024-05-22T22:37:42.371+0000] {processor.py:830} INFO - Processing file /home/airflow/.local/lib/python3.8/site-packages/airflow/example_dags/example_sla_dag.py for tasks to queue
[2024-05-22T22:37:42.373+0000] {logging_mixin.py:188} INFO - [2024-05-22T22:37:42.372+0000] {dagbag.py:538} INFO - Filling up the DagBag from /home/airflow/.local/lib/python3.8/site-packages/airflow/example_dags/example_sla_dag.py
[2024-05-22T22:37:42.382+0000] {processor.py:840} INFO - DAG(s) 'example_sla_dag' retrieved from /home/airflow/.local/lib/python3.8/site-packages/airflow/example_dags/example_sla_dag.py
[2024-05-22T22:37:42.402+0000] {logging_mixin.py:188} INFO - [2024-05-22T22:37:42.401+0000] {dag.py:3036} INFO - Sync 1 DAGs
[2024-05-22T22:37:42.430+0000] {logging_mixin.py:188} INFO - [2024-05-22T22:37:42.430+0000] {dag.py:3823} INFO - Setting next_dagrun for example_sla_dag to 2024-05-22 22:34:00+00:00, run_after=2024-05-22 22:36:00+00:00
[2024-05-22T22:37:42.455+0000] {processor.py:183} INFO - Processing /home/airflow/.local/lib/python3.8/site-packages/airflow/example_dags/example_sla_dag.py took 0.088 seconds
[2024-05-22T22:38:12.818+0000] {processor.py:161} INFO - Started process (PID=52426) to work on /home/airflow/.local/lib/python3.8/site-packages/airflow/example_dags/example_sla_dag.py
[2024-05-22T22:38:12.819+0000] {processor.py:830} INFO - Processing file /home/airflow/.local/lib/python3.8/site-packages/airflow/example_dags/example_sla_dag.py for tasks to queue
[2024-05-22T22:38:12.821+0000] {logging_mixin.py:188} INFO - [2024-05-22T22:38:12.820+0000] {dagbag.py:538} INFO - Filling up the DagBag from /home/airflow/.local/lib/python3.8/site-packages/airflow/example_dags/example_sla_dag.py
[2024-05-22T22:38:12.831+0000] {processor.py:840} INFO - DAG(s) 'example_sla_dag' retrieved from /home/airflow/.local/lib/python3.8/site-packages/airflow/example_dags/example_sla_dag.py
[2024-05-22T22:38:12.854+0000] {logging_mixin.py:188} INFO - [2024-05-22T22:38:12.854+0000] {dag.py:3036} INFO - Sync 1 DAGs
[2024-05-22T22:38:12.894+0000] {logging_mixin.py:188} INFO - [2024-05-22T22:38:12.893+0000] {dag.py:3823} INFO - Setting next_dagrun for example_sla_dag to 2024-05-22 22:36:00+00:00, run_after=2024-05-22 22:38:00+00:00
[2024-05-22T22:38:12.917+0000] {processor.py:183} INFO - Processing /home/airflow/.local/lib/python3.8/site-packages/airflow/example_dags/example_sla_dag.py took 0.102 seconds
[2024-05-22T22:38:43.441+0000] {processor.py:161} INFO - Started process (PID=52483) to work on /home/airflow/.local/lib/python3.8/site-packages/airflow/example_dags/example_sla_dag.py
[2024-05-22T22:38:43.443+0000] {processor.py:830} INFO - Processing file /home/airflow/.local/lib/python3.8/site-packages/airflow/example_dags/example_sla_dag.py for tasks to queue
[2024-05-22T22:38:43.445+0000] {logging_mixin.py:188} INFO - [2024-05-22T22:38:43.445+0000] {dagbag.py:538} INFO - Filling up the DagBag from /home/airflow/.local/lib/python3.8/site-packages/airflow/example_dags/example_sla_dag.py
[2024-05-22T22:38:43.457+0000] {processor.py:840} INFO - DAG(s) 'example_sla_dag' retrieved from /home/airflow/.local/lib/python3.8/site-packages/airflow/example_dags/example_sla_dag.py
[2024-05-22T22:38:43.483+0000] {logging_mixin.py:188} INFO - [2024-05-22T22:38:43.483+0000] {dag.py:3036} INFO - Sync 1 DAGs
[2024-05-22T22:38:43.519+0000] {logging_mixin.py:188} INFO - [2024-05-22T22:38:43.519+0000] {dag.py:3823} INFO - Setting next_dagrun for example_sla_dag to 2024-05-22 22:36:00+00:00, run_after=2024-05-22 22:38:00+00:00
[2024-05-22T22:38:43.551+0000] {processor.py:183} INFO - Processing /home/airflow/.local/lib/python3.8/site-packages/airflow/example_dags/example_sla_dag.py took 0.113 seconds
[2024-05-22T22:39:13.716+0000] {processor.py:161} INFO - Started process (PID=52540) to work on /home/airflow/.local/lib/python3.8/site-packages/airflow/example_dags/example_sla_dag.py
[2024-05-22T22:39:13.717+0000] {processor.py:830} INFO - Processing file /home/airflow/.local/lib/python3.8/site-packages/airflow/example_dags/example_sla_dag.py for tasks to queue
[2024-05-22T22:39:13.718+0000] {logging_mixin.py:188} INFO - [2024-05-22T22:39:13.718+0000] {dagbag.py:538} INFO - Filling up the DagBag from /home/airflow/.local/lib/python3.8/site-packages/airflow/example_dags/example_sla_dag.py
[2024-05-22T22:39:13.726+0000] {processor.py:840} INFO - DAG(s) 'example_sla_dag' retrieved from /home/airflow/.local/lib/python3.8/site-packages/airflow/example_dags/example_sla_dag.py
[2024-05-22T22:39:13.745+0000] {logging_mixin.py:188} INFO - [2024-05-22T22:39:13.744+0000] {dag.py:3036} INFO - Sync 1 DAGs
[2024-05-22T22:39:13.769+0000] {logging_mixin.py:188} INFO - [2024-05-22T22:39:13.768+0000] {dag.py:3823} INFO - Setting next_dagrun for example_sla_dag to 2024-05-22 22:36:00+00:00, run_after=2024-05-22 22:38:00+00:00
[2024-05-22T22:39:13.798+0000] {processor.py:183} INFO - Processing /home/airflow/.local/lib/python3.8/site-packages/airflow/example_dags/example_sla_dag.py took 0.086 seconds
[2024-05-22T22:39:44.154+0000] {processor.py:161} INFO - Started process (PID=52597) to work on /home/airflow/.local/lib/python3.8/site-packages/airflow/example_dags/example_sla_dag.py
[2024-05-22T22:39:44.155+0000] {processor.py:830} INFO - Processing file /home/airflow/.local/lib/python3.8/site-packages/airflow/example_dags/example_sla_dag.py for tasks to queue
[2024-05-22T22:39:44.157+0000] {logging_mixin.py:188} INFO - [2024-05-22T22:39:44.156+0000] {dagbag.py:538} INFO - Filling up the DagBag from /home/airflow/.local/lib/python3.8/site-packages/airflow/example_dags/example_sla_dag.py
[2024-05-22T22:39:44.166+0000] {processor.py:840} INFO - DAG(s) 'example_sla_dag' retrieved from /home/airflow/.local/lib/python3.8/site-packages/airflow/example_dags/example_sla_dag.py
[2024-05-22T22:39:44.187+0000] {logging_mixin.py:188} INFO - [2024-05-22T22:39:44.187+0000] {dag.py:3036} INFO - Sync 1 DAGs
[2024-05-22T22:39:44.228+0000] {logging_mixin.py:188} INFO - [2024-05-22T22:39:44.227+0000] {dag.py:3823} INFO - Setting next_dagrun for example_sla_dag to 2024-05-22 22:36:00+00:00, run_after=2024-05-22 22:38:00+00:00
[2024-05-22T22:39:44.250+0000] {processor.py:183} INFO - Processing /home/airflow/.local/lib/python3.8/site-packages/airflow/example_dags/example_sla_dag.py took 0.099 seconds
[2024-05-22T22:40:14.727+0000] {processor.py:161} INFO - Started process (PID=52654) to work on /home/airflow/.local/lib/python3.8/site-packages/airflow/example_dags/example_sla_dag.py
[2024-05-22T22:40:14.728+0000] {processor.py:830} INFO - Processing file /home/airflow/.local/lib/python3.8/site-packages/airflow/example_dags/example_sla_dag.py for tasks to queue
[2024-05-22T22:40:14.730+0000] {logging_mixin.py:188} INFO - [2024-05-22T22:40:14.729+0000] {dagbag.py:538} INFO - Filling up the DagBag from /home/airflow/.local/lib/python3.8/site-packages/airflow/example_dags/example_sla_dag.py
[2024-05-22T22:40:14.738+0000] {processor.py:840} INFO - DAG(s) 'example_sla_dag' retrieved from /home/airflow/.local/lib/python3.8/site-packages/airflow/example_dags/example_sla_dag.py
[2024-05-22T22:40:14.757+0000] {logging_mixin.py:188} INFO - [2024-05-22T22:40:14.757+0000] {dag.py:3036} INFO - Sync 1 DAGs
[2024-05-22T22:40:14.786+0000] {logging_mixin.py:188} INFO - [2024-05-22T22:40:14.785+0000] {dag.py:3823} INFO - Setting next_dagrun for example_sla_dag to 2024-05-22 22:38:00+00:00, run_after=2024-05-22 22:40:00+00:00
[2024-05-22T22:40:14.809+0000] {processor.py:183} INFO - Processing /home/airflow/.local/lib/python3.8/site-packages/airflow/example_dags/example_sla_dag.py took 0.085 seconds
[2024-05-22T22:40:45.217+0000] {processor.py:161} INFO - Started process (PID=52711) to work on /home/airflow/.local/lib/python3.8/site-packages/airflow/example_dags/example_sla_dag.py
[2024-05-22T22:40:45.218+0000] {processor.py:830} INFO - Processing file /home/airflow/.local/lib/python3.8/site-packages/airflow/example_dags/example_sla_dag.py for tasks to queue
[2024-05-22T22:40:45.220+0000] {logging_mixin.py:188} INFO - [2024-05-22T22:40:45.219+0000] {dagbag.py:538} INFO - Filling up the DagBag from /home/airflow/.local/lib/python3.8/site-packages/airflow/example_dags/example_sla_dag.py
[2024-05-22T22:40:45.227+0000] {processor.py:840} INFO - DAG(s) 'example_sla_dag' retrieved from /home/airflow/.local/lib/python3.8/site-packages/airflow/example_dags/example_sla_dag.py
[2024-05-22T22:40:45.247+0000] {logging_mixin.py:188} INFO - [2024-05-22T22:40:45.247+0000] {dag.py:3036} INFO - Sync 1 DAGs
[2024-05-22T22:40:45.281+0000] {logging_mixin.py:188} INFO - [2024-05-22T22:40:45.280+0000] {dag.py:3823} INFO - Setting next_dagrun for example_sla_dag to 2024-05-22 22:38:00+00:00, run_after=2024-05-22 22:40:00+00:00
[2024-05-22T22:40:45.301+0000] {processor.py:183} INFO - Processing /home/airflow/.local/lib/python3.8/site-packages/airflow/example_dags/example_sla_dag.py took 0.086 seconds
[2024-05-22T22:41:15.626+0000] {processor.py:161} INFO - Started process (PID=52768) to work on /home/airflow/.local/lib/python3.8/site-packages/airflow/example_dags/example_sla_dag.py
[2024-05-22T22:41:15.627+0000] {processor.py:830} INFO - Processing file /home/airflow/.local/lib/python3.8/site-packages/airflow/example_dags/example_sla_dag.py for tasks to queue
[2024-05-22T22:41:15.628+0000] {logging_mixin.py:188} INFO - [2024-05-22T22:41:15.628+0000] {dagbag.py:538} INFO - Filling up the DagBag from /home/airflow/.local/lib/python3.8/site-packages/airflow/example_dags/example_sla_dag.py
[2024-05-22T22:41:15.638+0000] {processor.py:840} INFO - DAG(s) 'example_sla_dag' retrieved from /home/airflow/.local/lib/python3.8/site-packages/airflow/example_dags/example_sla_dag.py
[2024-05-22T22:41:15.661+0000] {logging_mixin.py:188} INFO - [2024-05-22T22:41:15.660+0000] {dag.py:3036} INFO - Sync 1 DAGs
[2024-05-22T22:41:15.686+0000] {logging_mixin.py:188} INFO - [2024-05-22T22:41:15.686+0000] {dag.py:3823} INFO - Setting next_dagrun for example_sla_dag to 2024-05-22 22:38:00+00:00, run_after=2024-05-22 22:40:00+00:00
[2024-05-22T22:41:15.708+0000] {processor.py:183} INFO - Processing /home/airflow/.local/lib/python3.8/site-packages/airflow/example_dags/example_sla_dag.py took 0.085 seconds
[2024-05-22T22:41:46.081+0000] {processor.py:161} INFO - Started process (PID=52825) to work on /home/airflow/.local/lib/python3.8/site-packages/airflow/example_dags/example_sla_dag.py
[2024-05-22T22:41:46.082+0000] {processor.py:830} INFO - Processing file /home/airflow/.local/lib/python3.8/site-packages/airflow/example_dags/example_sla_dag.py for tasks to queue
[2024-05-22T22:41:46.084+0000] {logging_mixin.py:188} INFO - [2024-05-22T22:41:46.084+0000] {dagbag.py:538} INFO - Filling up the DagBag from /home/airflow/.local/lib/python3.8/site-packages/airflow/example_dags/example_sla_dag.py
[2024-05-22T22:41:46.092+0000] {processor.py:840} INFO - DAG(s) 'example_sla_dag' retrieved from /home/airflow/.local/lib/python3.8/site-packages/airflow/example_dags/example_sla_dag.py
[2024-05-22T22:41:46.110+0000] {logging_mixin.py:188} INFO - [2024-05-22T22:41:46.110+0000] {dag.py:3036} INFO - Sync 1 DAGs
[2024-05-22T22:41:46.134+0000] {logging_mixin.py:188} INFO - [2024-05-22T22:41:46.134+0000] {dag.py:3823} INFO - Setting next_dagrun for example_sla_dag to 2024-05-22 22:38:00+00:00, run_after=2024-05-22 22:40:00+00:00
[2024-05-22T22:41:46.152+0000] {processor.py:183} INFO - Processing /home/airflow/.local/lib/python3.8/site-packages/airflow/example_dags/example_sla_dag.py took 0.073 seconds
[2024-05-22T22:42:16.784+0000] {processor.py:161} INFO - Started process (PID=52883) to work on /home/airflow/.local/lib/python3.8/site-packages/airflow/example_dags/example_sla_dag.py
[2024-05-22T22:42:16.785+0000] {processor.py:830} INFO - Processing file /home/airflow/.local/lib/python3.8/site-packages/airflow/example_dags/example_sla_dag.py for tasks to queue
[2024-05-22T22:42:16.787+0000] {logging_mixin.py:188} INFO - [2024-05-22T22:42:16.787+0000] {dagbag.py:538} INFO - Filling up the DagBag from /home/airflow/.local/lib/python3.8/site-packages/airflow/example_dags/example_sla_dag.py
[2024-05-22T22:42:16.796+0000] {processor.py:840} INFO - DAG(s) 'example_sla_dag' retrieved from /home/airflow/.local/lib/python3.8/site-packages/airflow/example_dags/example_sla_dag.py
[2024-05-22T22:42:16.815+0000] {logging_mixin.py:188} INFO - [2024-05-22T22:42:16.815+0000] {dag.py:3036} INFO - Sync 1 DAGs
[2024-05-22T22:42:16.841+0000] {logging_mixin.py:188} INFO - [2024-05-22T22:42:16.841+0000] {dag.py:3823} INFO - Setting next_dagrun for example_sla_dag to 2024-05-22 22:40:00+00:00, run_after=2024-05-22 22:42:00+00:00
[2024-05-22T22:42:16.861+0000] {processor.py:183} INFO - Processing /home/airflow/.local/lib/python3.8/site-packages/airflow/example_dags/example_sla_dag.py took 0.081 seconds
[2024-05-22T22:42:47.397+0000] {processor.py:161} INFO - Started process (PID=52940) to work on /home/airflow/.local/lib/python3.8/site-packages/airflow/example_dags/example_sla_dag.py
[2024-05-22T22:42:47.398+0000] {processor.py:830} INFO - Processing file /home/airflow/.local/lib/python3.8/site-packages/airflow/example_dags/example_sla_dag.py for tasks to queue
[2024-05-22T22:42:47.399+0000] {logging_mixin.py:188} INFO - [2024-05-22T22:42:47.399+0000] {dagbag.py:538} INFO - Filling up the DagBag from /home/airflow/.local/lib/python3.8/site-packages/airflow/example_dags/example_sla_dag.py
[2024-05-22T22:42:47.409+0000] {processor.py:840} INFO - DAG(s) 'example_sla_dag' retrieved from /home/airflow/.local/lib/python3.8/site-packages/airflow/example_dags/example_sla_dag.py
[2024-05-22T22:42:47.429+0000] {logging_mixin.py:188} INFO - [2024-05-22T22:42:47.429+0000] {dag.py:3036} INFO - Sync 1 DAGs
[2024-05-22T22:42:47.454+0000] {logging_mixin.py:188} INFO - [2024-05-22T22:42:47.454+0000] {dag.py:3823} INFO - Setting next_dagrun for example_sla_dag to 2024-05-22 22:40:00+00:00, run_after=2024-05-22 22:42:00+00:00
[2024-05-22T22:42:47.473+0000] {processor.py:183} INFO - Processing /home/airflow/.local/lib/python3.8/site-packages/airflow/example_dags/example_sla_dag.py took 0.079 seconds
[2024-05-22T22:43:18.250+0000] {processor.py:161} INFO - Started process (PID=52997) to work on /home/airflow/.local/lib/python3.8/site-packages/airflow/example_dags/example_sla_dag.py
[2024-05-22T22:43:18.251+0000] {processor.py:830} INFO - Processing file /home/airflow/.local/lib/python3.8/site-packages/airflow/example_dags/example_sla_dag.py for tasks to queue
[2024-05-22T22:43:18.253+0000] {logging_mixin.py:188} INFO - [2024-05-22T22:43:18.252+0000] {dagbag.py:538} INFO - Filling up the DagBag from /home/airflow/.local/lib/python3.8/site-packages/airflow/example_dags/example_sla_dag.py
[2024-05-22T22:43:18.262+0000] {processor.py:840} INFO - DAG(s) 'example_sla_dag' retrieved from /home/airflow/.local/lib/python3.8/site-packages/airflow/example_dags/example_sla_dag.py
[2024-05-22T22:43:18.283+0000] {logging_mixin.py:188} INFO - [2024-05-22T22:43:18.283+0000] {dag.py:3036} INFO - Sync 1 DAGs
[2024-05-22T22:43:18.311+0000] {logging_mixin.py:188} INFO - [2024-05-22T22:43:18.311+0000] {dag.py:3823} INFO - Setting next_dagrun for example_sla_dag to 2024-05-22 22:40:00+00:00, run_after=2024-05-22 22:42:00+00:00
[2024-05-22T22:43:18.333+0000] {processor.py:183} INFO - Processing /home/airflow/.local/lib/python3.8/site-packages/airflow/example_dags/example_sla_dag.py took 0.086 seconds
[2024-05-22T22:43:48.792+0000] {processor.py:161} INFO - Started process (PID=53054) to work on /home/airflow/.local/lib/python3.8/site-packages/airflow/example_dags/example_sla_dag.py
[2024-05-22T22:43:48.793+0000] {processor.py:830} INFO - Processing file /home/airflow/.local/lib/python3.8/site-packages/airflow/example_dags/example_sla_dag.py for tasks to queue
[2024-05-22T22:43:48.795+0000] {logging_mixin.py:188} INFO - [2024-05-22T22:43:48.794+0000] {dagbag.py:538} INFO - Filling up the DagBag from /home/airflow/.local/lib/python3.8/site-packages/airflow/example_dags/example_sla_dag.py
[2024-05-22T22:43:48.805+0000] {processor.py:840} INFO - DAG(s) 'example_sla_dag' retrieved from /home/airflow/.local/lib/python3.8/site-packages/airflow/example_dags/example_sla_dag.py
[2024-05-22T22:43:48.830+0000] {logging_mixin.py:188} INFO - [2024-05-22T22:43:48.829+0000] {dag.py:3036} INFO - Sync 1 DAGs
[2024-05-22T22:43:48.860+0000] {logging_mixin.py:188} INFO - [2024-05-22T22:43:48.860+0000] {dag.py:3823} INFO - Setting next_dagrun for example_sla_dag to 2024-05-22 22:40:00+00:00, run_after=2024-05-22 22:42:00+00:00
[2024-05-22T22:43:48.888+0000] {processor.py:183} INFO - Processing /home/airflow/.local/lib/python3.8/site-packages/airflow/example_dags/example_sla_dag.py took 0.100 seconds
[2024-05-22T22:44:19.043+0000] {processor.py:161} INFO - Started process (PID=53111) to work on /home/airflow/.local/lib/python3.8/site-packages/airflow/example_dags/example_sla_dag.py
[2024-05-22T22:44:19.044+0000] {processor.py:830} INFO - Processing file /home/airflow/.local/lib/python3.8/site-packages/airflow/example_dags/example_sla_dag.py for tasks to queue
[2024-05-22T22:44:19.045+0000] {logging_mixin.py:188} INFO - [2024-05-22T22:44:19.045+0000] {dagbag.py:538} INFO - Filling up the DagBag from /home/airflow/.local/lib/python3.8/site-packages/airflow/example_dags/example_sla_dag.py
[2024-05-22T22:44:19.055+0000] {processor.py:840} INFO - DAG(s) 'example_sla_dag' retrieved from /home/airflow/.local/lib/python3.8/site-packages/airflow/example_dags/example_sla_dag.py
[2024-05-22T22:44:19.077+0000] {logging_mixin.py:188} INFO - [2024-05-22T22:44:19.077+0000] {dag.py:3036} INFO - Sync 1 DAGs
[2024-05-22T22:44:19.111+0000] {logging_mixin.py:188} INFO - [2024-05-22T22:44:19.110+0000] {dag.py:3823} INFO - Setting next_dagrun for example_sla_dag to 2024-05-22 22:42:00+00:00, run_after=2024-05-22 22:44:00+00:00
[2024-05-22T22:44:19.132+0000] {processor.py:183} INFO - Processing /home/airflow/.local/lib/python3.8/site-packages/airflow/example_dags/example_sla_dag.py took 0.092 seconds
[2024-05-22T22:44:49.335+0000] {processor.py:161} INFO - Started process (PID=53168) to work on /home/airflow/.local/lib/python3.8/site-packages/airflow/example_dags/example_sla_dag.py
[2024-05-22T22:44:49.336+0000] {processor.py:830} INFO - Processing file /home/airflow/.local/lib/python3.8/site-packages/airflow/example_dags/example_sla_dag.py for tasks to queue
[2024-05-22T22:44:49.338+0000] {logging_mixin.py:188} INFO - [2024-05-22T22:44:49.338+0000] {dagbag.py:538} INFO - Filling up the DagBag from /home/airflow/.local/lib/python3.8/site-packages/airflow/example_dags/example_sla_dag.py
[2024-05-22T22:44:49.347+0000] {processor.py:840} INFO - DAG(s) 'example_sla_dag' retrieved from /home/airflow/.local/lib/python3.8/site-packages/airflow/example_dags/example_sla_dag.py
[2024-05-22T22:44:49.370+0000] {logging_mixin.py:188} INFO - [2024-05-22T22:44:49.369+0000] {dag.py:3036} INFO - Sync 1 DAGs
[2024-05-22T22:44:49.401+0000] {logging_mixin.py:188} INFO - [2024-05-22T22:44:49.401+0000] {dag.py:3823} INFO - Setting next_dagrun for example_sla_dag to 2024-05-22 22:42:00+00:00, run_after=2024-05-22 22:44:00+00:00
[2024-05-22T22:44:49.424+0000] {processor.py:183} INFO - Processing /home/airflow/.local/lib/python3.8/site-packages/airflow/example_dags/example_sla_dag.py took 0.092 seconds
[2024-05-22T22:45:19.679+0000] {processor.py:161} INFO - Started process (PID=53226) to work on /home/airflow/.local/lib/python3.8/site-packages/airflow/example_dags/example_sla_dag.py
[2024-05-22T22:45:19.680+0000] {processor.py:830} INFO - Processing file /home/airflow/.local/lib/python3.8/site-packages/airflow/example_dags/example_sla_dag.py for tasks to queue
[2024-05-22T22:45:19.681+0000] {logging_mixin.py:188} INFO - [2024-05-22T22:45:19.681+0000] {dagbag.py:538} INFO - Filling up the DagBag from /home/airflow/.local/lib/python3.8/site-packages/airflow/example_dags/example_sla_dag.py
[2024-05-22T22:45:19.690+0000] {processor.py:840} INFO - DAG(s) 'example_sla_dag' retrieved from /home/airflow/.local/lib/python3.8/site-packages/airflow/example_dags/example_sla_dag.py
[2024-05-22T22:45:19.710+0000] {logging_mixin.py:188} INFO - [2024-05-22T22:45:19.710+0000] {dag.py:3036} INFO - Sync 1 DAGs
[2024-05-22T22:45:19.735+0000] {logging_mixin.py:188} INFO - [2024-05-22T22:45:19.734+0000] {dag.py:3823} INFO - Setting next_dagrun for example_sla_dag to 2024-05-22 22:42:00+00:00, run_after=2024-05-22 22:44:00+00:00
[2024-05-22T22:45:19.755+0000] {processor.py:183} INFO - Processing /home/airflow/.local/lib/python3.8/site-packages/airflow/example_dags/example_sla_dag.py took 0.079 seconds
[2024-05-22T22:45:50.127+0000] {processor.py:161} INFO - Started process (PID=53284) to work on /home/airflow/.local/lib/python3.8/site-packages/airflow/example_dags/example_sla_dag.py
[2024-05-22T22:45:50.128+0000] {processor.py:830} INFO - Processing file /home/airflow/.local/lib/python3.8/site-packages/airflow/example_dags/example_sla_dag.py for tasks to queue
[2024-05-22T22:45:50.130+0000] {logging_mixin.py:188} INFO - [2024-05-22T22:45:50.129+0000] {dagbag.py:538} INFO - Filling up the DagBag from /home/airflow/.local/lib/python3.8/site-packages/airflow/example_dags/example_sla_dag.py
[2024-05-22T22:45:50.138+0000] {processor.py:840} INFO - DAG(s) 'example_sla_dag' retrieved from /home/airflow/.local/lib/python3.8/site-packages/airflow/example_dags/example_sla_dag.py
[2024-05-22T22:45:50.158+0000] {logging_mixin.py:188} INFO - [2024-05-22T22:45:50.158+0000] {dag.py:3036} INFO - Sync 1 DAGs
[2024-05-22T22:45:50.183+0000] {logging_mixin.py:188} INFO - [2024-05-22T22:45:50.183+0000] {dag.py:3823} INFO - Setting next_dagrun for example_sla_dag to 2024-05-22 22:42:00+00:00, run_after=2024-05-22 22:44:00+00:00
[2024-05-22T22:45:50.203+0000] {processor.py:183} INFO - Processing /home/airflow/.local/lib/python3.8/site-packages/airflow/example_dags/example_sla_dag.py took 0.079 seconds
[2024-05-22T22:46:20.506+0000] {processor.py:161} INFO - Started process (PID=53342) to work on /home/airflow/.local/lib/python3.8/site-packages/airflow/example_dags/example_sla_dag.py
[2024-05-22T22:46:20.507+0000] {processor.py:830} INFO - Processing file /home/airflow/.local/lib/python3.8/site-packages/airflow/example_dags/example_sla_dag.py for tasks to queue
[2024-05-22T22:46:20.509+0000] {logging_mixin.py:188} INFO - [2024-05-22T22:46:20.508+0000] {dagbag.py:538} INFO - Filling up the DagBag from /home/airflow/.local/lib/python3.8/site-packages/airflow/example_dags/example_sla_dag.py
[2024-05-22T22:46:20.518+0000] {processor.py:840} INFO - DAG(s) 'example_sla_dag' retrieved from /home/airflow/.local/lib/python3.8/site-packages/airflow/example_dags/example_sla_dag.py
[2024-05-22T22:46:20.539+0000] {logging_mixin.py:188} INFO - [2024-05-22T22:46:20.539+0000] {dag.py:3036} INFO - Sync 1 DAGs
[2024-05-22T22:46:20.573+0000] {logging_mixin.py:188} INFO - [2024-05-22T22:46:20.573+0000] {dag.py:3823} INFO - Setting next_dagrun for example_sla_dag to 2024-05-22 22:44:00+00:00, run_after=2024-05-22 22:46:00+00:00
[2024-05-22T22:46:20.602+0000] {processor.py:183} INFO - Processing /home/airflow/.local/lib/python3.8/site-packages/airflow/example_dags/example_sla_dag.py took 0.100 seconds
[2024-05-22T22:46:50.873+0000] {processor.py:161} INFO - Started process (PID=53399) to work on /home/airflow/.local/lib/python3.8/site-packages/airflow/example_dags/example_sla_dag.py
[2024-05-22T22:46:50.874+0000] {processor.py:830} INFO - Processing file /home/airflow/.local/lib/python3.8/site-packages/airflow/example_dags/example_sla_dag.py for tasks to queue
[2024-05-22T22:46:50.876+0000] {logging_mixin.py:188} INFO - [2024-05-22T22:46:50.876+0000] {dagbag.py:538} INFO - Filling up the DagBag from /home/airflow/.local/lib/python3.8/site-packages/airflow/example_dags/example_sla_dag.py
[2024-05-22T22:46:50.886+0000] {processor.py:840} INFO - DAG(s) 'example_sla_dag' retrieved from /home/airflow/.local/lib/python3.8/site-packages/airflow/example_dags/example_sla_dag.py
[2024-05-22T22:46:50.907+0000] {logging_mixin.py:188} INFO - [2024-05-22T22:46:50.907+0000] {dag.py:3036} INFO - Sync 1 DAGs
[2024-05-22T22:46:50.938+0000] {logging_mixin.py:188} INFO - [2024-05-22T22:46:50.938+0000] {dag.py:3823} INFO - Setting next_dagrun for example_sla_dag to 2024-05-22 22:44:00+00:00, run_after=2024-05-22 22:46:00+00:00
[2024-05-22T22:46:50.960+0000] {processor.py:183} INFO - Processing /home/airflow/.local/lib/python3.8/site-packages/airflow/example_dags/example_sla_dag.py took 0.090 seconds
[2024-05-22T22:47:21.381+0000] {processor.py:161} INFO - Started process (PID=53456) to work on /home/airflow/.local/lib/python3.8/site-packages/airflow/example_dags/example_sla_dag.py
[2024-05-22T22:47:21.382+0000] {processor.py:830} INFO - Processing file /home/airflow/.local/lib/python3.8/site-packages/airflow/example_dags/example_sla_dag.py for tasks to queue
[2024-05-22T22:47:21.383+0000] {logging_mixin.py:188} INFO - [2024-05-22T22:47:21.383+0000] {dagbag.py:538} INFO - Filling up the DagBag from /home/airflow/.local/lib/python3.8/site-packages/airflow/example_dags/example_sla_dag.py
[2024-05-22T22:47:21.391+0000] {processor.py:840} INFO - DAG(s) 'example_sla_dag' retrieved from /home/airflow/.local/lib/python3.8/site-packages/airflow/example_dags/example_sla_dag.py
[2024-05-22T22:47:21.411+0000] {logging_mixin.py:188} INFO - [2024-05-22T22:47:21.411+0000] {dag.py:3036} INFO - Sync 1 DAGs
[2024-05-22T22:47:21.438+0000] {logging_mixin.py:188} INFO - [2024-05-22T22:47:21.438+0000] {dag.py:3823} INFO - Setting next_dagrun for example_sla_dag to 2024-05-22 22:44:00+00:00, run_after=2024-05-22 22:46:00+00:00
[2024-05-22T22:47:21.461+0000] {processor.py:183} INFO - Processing /home/airflow/.local/lib/python3.8/site-packages/airflow/example_dags/example_sla_dag.py took 0.083 seconds
[2024-05-22T22:47:51.787+0000] {processor.py:161} INFO - Started process (PID=53514) to work on /home/airflow/.local/lib/python3.8/site-packages/airflow/example_dags/example_sla_dag.py
[2024-05-22T22:47:51.788+0000] {processor.py:830} INFO - Processing file /home/airflow/.local/lib/python3.8/site-packages/airflow/example_dags/example_sla_dag.py for tasks to queue
[2024-05-22T22:47:51.790+0000] {logging_mixin.py:188} INFO - [2024-05-22T22:47:51.790+0000] {dagbag.py:538} INFO - Filling up the DagBag from /home/airflow/.local/lib/python3.8/site-packages/airflow/example_dags/example_sla_dag.py
[2024-05-22T22:47:51.799+0000] {processor.py:840} INFO - DAG(s) 'example_sla_dag' retrieved from /home/airflow/.local/lib/python3.8/site-packages/airflow/example_dags/example_sla_dag.py
[2024-05-22T22:47:51.819+0000] {logging_mixin.py:188} INFO - [2024-05-22T22:47:51.819+0000] {dag.py:3036} INFO - Sync 1 DAGs
[2024-05-22T22:47:51.849+0000] {logging_mixin.py:188} INFO - [2024-05-22T22:47:51.848+0000] {dag.py:3823} INFO - Setting next_dagrun for example_sla_dag to 2024-05-22 22:44:00+00:00, run_after=2024-05-22 22:46:00+00:00
[2024-05-22T22:47:51.871+0000] {processor.py:183} INFO - Processing /home/airflow/.local/lib/python3.8/site-packages/airflow/example_dags/example_sla_dag.py took 0.088 seconds
[2024-05-22T22:48:22.423+0000] {processor.py:161} INFO - Started process (PID=53571) to work on /home/airflow/.local/lib/python3.8/site-packages/airflow/example_dags/example_sla_dag.py
[2024-05-22T22:48:22.424+0000] {processor.py:830} INFO - Processing file /home/airflow/.local/lib/python3.8/site-packages/airflow/example_dags/example_sla_dag.py for tasks to queue
[2024-05-22T22:48:22.426+0000] {logging_mixin.py:188} INFO - [2024-05-22T22:48:22.426+0000] {dagbag.py:538} INFO - Filling up the DagBag from /home/airflow/.local/lib/python3.8/site-packages/airflow/example_dags/example_sla_dag.py
[2024-05-22T22:48:22.442+0000] {processor.py:840} INFO - DAG(s) 'example_sla_dag' retrieved from /home/airflow/.local/lib/python3.8/site-packages/airflow/example_dags/example_sla_dag.py
[2024-05-22T22:48:22.467+0000] {logging_mixin.py:188} INFO - [2024-05-22T22:48:22.467+0000] {dag.py:3036} INFO - Sync 1 DAGs
[2024-05-22T22:48:22.502+0000] {logging_mixin.py:188} INFO - [2024-05-22T22:48:22.502+0000] {dag.py:3823} INFO - Setting next_dagrun for example_sla_dag to 2024-05-22 22:46:00+00:00, run_after=2024-05-22 22:48:00+00:00
[2024-05-22T22:48:22.527+0000] {processor.py:183} INFO - Processing /home/airflow/.local/lib/python3.8/site-packages/airflow/example_dags/example_sla_dag.py took 0.107 seconds
[2024-05-22T22:48:52.986+0000] {processor.py:161} INFO - Started process (PID=53628) to work on /home/airflow/.local/lib/python3.8/site-packages/airflow/example_dags/example_sla_dag.py
[2024-05-22T22:48:52.988+0000] {processor.py:830} INFO - Processing file /home/airflow/.local/lib/python3.8/site-packages/airflow/example_dags/example_sla_dag.py for tasks to queue
[2024-05-22T22:48:52.989+0000] {logging_mixin.py:188} INFO - [2024-05-22T22:48:52.989+0000] {dagbag.py:538} INFO - Filling up the DagBag from /home/airflow/.local/lib/python3.8/site-packages/airflow/example_dags/example_sla_dag.py
[2024-05-22T22:48:52.998+0000] {processor.py:840} INFO - DAG(s) 'example_sla_dag' retrieved from /home/airflow/.local/lib/python3.8/site-packages/airflow/example_dags/example_sla_dag.py
[2024-05-22T22:48:53.022+0000] {logging_mixin.py:188} INFO - [2024-05-22T22:48:53.022+0000] {dag.py:3036} INFO - Sync 1 DAGs
[2024-05-22T22:48:53.048+0000] {logging_mixin.py:188} INFO - [2024-05-22T22:48:53.048+0000] {dag.py:3823} INFO - Setting next_dagrun for example_sla_dag to 2024-05-22 22:46:00+00:00, run_after=2024-05-22 22:48:00+00:00
[2024-05-22T22:48:53.069+0000] {processor.py:183} INFO - Processing /home/airflow/.local/lib/python3.8/site-packages/airflow/example_dags/example_sla_dag.py took 0.086 seconds
[2024-05-22T22:49:23.211+0000] {processor.py:161} INFO - Started process (PID=53685) to work on /home/airflow/.local/lib/python3.8/site-packages/airflow/example_dags/example_sla_dag.py
[2024-05-22T22:49:23.212+0000] {processor.py:830} INFO - Processing file /home/airflow/.local/lib/python3.8/site-packages/airflow/example_dags/example_sla_dag.py for tasks to queue
[2024-05-22T22:49:23.213+0000] {logging_mixin.py:188} INFO - [2024-05-22T22:49:23.213+0000] {dagbag.py:538} INFO - Filling up the DagBag from /home/airflow/.local/lib/python3.8/site-packages/airflow/example_dags/example_sla_dag.py
[2024-05-22T22:49:23.222+0000] {processor.py:840} INFO - DAG(s) 'example_sla_dag' retrieved from /home/airflow/.local/lib/python3.8/site-packages/airflow/example_dags/example_sla_dag.py
[2024-05-22T22:49:23.245+0000] {logging_mixin.py:188} INFO - [2024-05-22T22:49:23.245+0000] {dag.py:3036} INFO - Sync 1 DAGs
[2024-05-22T22:49:23.278+0000] {logging_mixin.py:188} INFO - [2024-05-22T22:49:23.278+0000] {dag.py:3823} INFO - Setting next_dagrun for example_sla_dag to 2024-05-22 22:46:00+00:00, run_after=2024-05-22 22:48:00+00:00
[2024-05-22T22:49:23.301+0000] {processor.py:183} INFO - Processing /home/airflow/.local/lib/python3.8/site-packages/airflow/example_dags/example_sla_dag.py took 0.093 seconds
[2024-05-22T22:49:53.681+0000] {processor.py:161} INFO - Started process (PID=53742) to work on /home/airflow/.local/lib/python3.8/site-packages/airflow/example_dags/example_sla_dag.py
[2024-05-22T22:49:53.682+0000] {processor.py:830} INFO - Processing file /home/airflow/.local/lib/python3.8/site-packages/airflow/example_dags/example_sla_dag.py for tasks to queue
[2024-05-22T22:49:53.684+0000] {logging_mixin.py:188} INFO - [2024-05-22T22:49:53.683+0000] {dagbag.py:538} INFO - Filling up the DagBag from /home/airflow/.local/lib/python3.8/site-packages/airflow/example_dags/example_sla_dag.py
[2024-05-22T22:49:53.692+0000] {processor.py:840} INFO - DAG(s) 'example_sla_dag' retrieved from /home/airflow/.local/lib/python3.8/site-packages/airflow/example_dags/example_sla_dag.py
[2024-05-22T22:49:53.712+0000] {logging_mixin.py:188} INFO - [2024-05-22T22:49:53.712+0000] {dag.py:3036} INFO - Sync 1 DAGs
[2024-05-22T22:49:53.743+0000] {logging_mixin.py:188} INFO - [2024-05-22T22:49:53.743+0000] {dag.py:3823} INFO - Setting next_dagrun for example_sla_dag to 2024-05-22 22:46:00+00:00, run_after=2024-05-22 22:48:00+00:00
[2024-05-22T22:49:53.765+0000] {processor.py:183} INFO - Processing /home/airflow/.local/lib/python3.8/site-packages/airflow/example_dags/example_sla_dag.py took 0.087 seconds
[2024-05-22T22:50:24.210+0000] {processor.py:161} INFO - Started process (PID=53799) to work on /home/airflow/.local/lib/python3.8/site-packages/airflow/example_dags/example_sla_dag.py
[2024-05-22T22:50:24.211+0000] {processor.py:830} INFO - Processing file /home/airflow/.local/lib/python3.8/site-packages/airflow/example_dags/example_sla_dag.py for tasks to queue
[2024-05-22T22:50:24.213+0000] {logging_mixin.py:188} INFO - [2024-05-22T22:50:24.213+0000] {dagbag.py:538} INFO - Filling up the DagBag from /home/airflow/.local/lib/python3.8/site-packages/airflow/example_dags/example_sla_dag.py
[2024-05-22T22:50:24.222+0000] {processor.py:840} INFO - DAG(s) 'example_sla_dag' retrieved from /home/airflow/.local/lib/python3.8/site-packages/airflow/example_dags/example_sla_dag.py
[2024-05-22T22:50:24.246+0000] {logging_mixin.py:188} INFO - [2024-05-22T22:50:24.246+0000] {dag.py:3036} INFO - Sync 1 DAGs
[2024-05-22T22:50:24.282+0000] {logging_mixin.py:188} INFO - [2024-05-22T22:50:24.281+0000] {dag.py:3823} INFO - Setting next_dagrun for example_sla_dag to 2024-05-22 22:48:00+00:00, run_after=2024-05-22 22:50:00+00:00
[2024-05-22T22:50:24.306+0000] {processor.py:183} INFO - Processing /home/airflow/.local/lib/python3.8/site-packages/airflow/example_dags/example_sla_dag.py took 0.100 seconds
[2024-05-22T22:50:54.716+0000] {processor.py:161} INFO - Started process (PID=53856) to work on /home/airflow/.local/lib/python3.8/site-packages/airflow/example_dags/example_sla_dag.py
[2024-05-22T22:50:54.717+0000] {processor.py:830} INFO - Processing file /home/airflow/.local/lib/python3.8/site-packages/airflow/example_dags/example_sla_dag.py for tasks to queue
[2024-05-22T22:50:54.720+0000] {logging_mixin.py:188} INFO - [2024-05-22T22:50:54.719+0000] {dagbag.py:538} INFO - Filling up the DagBag from /home/airflow/.local/lib/python3.8/site-packages/airflow/example_dags/example_sla_dag.py
[2024-05-22T22:50:54.730+0000] {processor.py:840} INFO - DAG(s) 'example_sla_dag' retrieved from /home/airflow/.local/lib/python3.8/site-packages/airflow/example_dags/example_sla_dag.py
[2024-05-22T22:50:54.758+0000] {logging_mixin.py:188} INFO - [2024-05-22T22:50:54.758+0000] {dag.py:3036} INFO - Sync 1 DAGs
[2024-05-22T22:50:54.796+0000] {logging_mixin.py:188} INFO - [2024-05-22T22:50:54.795+0000] {dag.py:3823} INFO - Setting next_dagrun for example_sla_dag to 2024-05-22 22:48:00+00:00, run_after=2024-05-22 22:50:00+00:00
[2024-05-22T22:50:54.818+0000] {processor.py:183} INFO - Processing /home/airflow/.local/lib/python3.8/site-packages/airflow/example_dags/example_sla_dag.py took 0.105 seconds
[2024-05-22T22:51:25.134+0000] {processor.py:161} INFO - Started process (PID=53913) to work on /home/airflow/.local/lib/python3.8/site-packages/airflow/example_dags/example_sla_dag.py
[2024-05-22T22:51:25.135+0000] {processor.py:830} INFO - Processing file /home/airflow/.local/lib/python3.8/site-packages/airflow/example_dags/example_sla_dag.py for tasks to queue
[2024-05-22T22:51:25.137+0000] {logging_mixin.py:188} INFO - [2024-05-22T22:51:25.136+0000] {dagbag.py:538} INFO - Filling up the DagBag from /home/airflow/.local/lib/python3.8/site-packages/airflow/example_dags/example_sla_dag.py
[2024-05-22T22:51:25.145+0000] {processor.py:840} INFO - DAG(s) 'example_sla_dag' retrieved from /home/airflow/.local/lib/python3.8/site-packages/airflow/example_dags/example_sla_dag.py
[2024-05-22T22:51:25.165+0000] {logging_mixin.py:188} INFO - [2024-05-22T22:51:25.165+0000] {dag.py:3036} INFO - Sync 1 DAGs
[2024-05-22T22:51:25.191+0000] {logging_mixin.py:188} INFO - [2024-05-22T22:51:25.191+0000] {dag.py:3823} INFO - Setting next_dagrun for example_sla_dag to 2024-05-22 22:48:00+00:00, run_after=2024-05-22 22:50:00+00:00
[2024-05-22T22:51:25.213+0000] {processor.py:183} INFO - Processing /home/airflow/.local/lib/python3.8/site-packages/airflow/example_dags/example_sla_dag.py took 0.082 seconds
[2024-05-22T22:51:55.255+0000] {processor.py:161} INFO - Started process (PID=53968) to work on /home/airflow/.local/lib/python3.8/site-packages/airflow/example_dags/example_sla_dag.py
[2024-05-22T22:51:55.256+0000] {processor.py:830} INFO - Processing file /home/airflow/.local/lib/python3.8/site-packages/airflow/example_dags/example_sla_dag.py for tasks to queue
[2024-05-22T22:51:55.258+0000] {logging_mixin.py:188} INFO - [2024-05-22T22:51:55.257+0000] {dagbag.py:538} INFO - Filling up the DagBag from /home/airflow/.local/lib/python3.8/site-packages/airflow/example_dags/example_sla_dag.py
[2024-05-22T22:51:55.266+0000] {processor.py:840} INFO - DAG(s) 'example_sla_dag' retrieved from /home/airflow/.local/lib/python3.8/site-packages/airflow/example_dags/example_sla_dag.py
[2024-05-22T22:51:55.284+0000] {logging_mixin.py:188} INFO - [2024-05-22T22:51:55.284+0000] {dag.py:3036} INFO - Sync 1 DAGs
[2024-05-22T22:51:55.314+0000] {logging_mixin.py:188} INFO - [2024-05-22T22:51:55.314+0000] {dag.py:3823} INFO - Setting next_dagrun for example_sla_dag to 2024-05-22 22:48:00+00:00, run_after=2024-05-22 22:50:00+00:00
[2024-05-22T22:51:55.338+0000] {processor.py:183} INFO - Processing /home/airflow/.local/lib/python3.8/site-packages/airflow/example_dags/example_sla_dag.py took 0.086 seconds
[2024-05-22T22:52:25.609+0000] {processor.py:161} INFO - Started process (PID=54025) to work on /home/airflow/.local/lib/python3.8/site-packages/airflow/example_dags/example_sla_dag.py
[2024-05-22T22:52:25.610+0000] {processor.py:830} INFO - Processing file /home/airflow/.local/lib/python3.8/site-packages/airflow/example_dags/example_sla_dag.py for tasks to queue
[2024-05-22T22:52:25.611+0000] {logging_mixin.py:188} INFO - [2024-05-22T22:52:25.611+0000] {dagbag.py:538} INFO - Filling up the DagBag from /home/airflow/.local/lib/python3.8/site-packages/airflow/example_dags/example_sla_dag.py
[2024-05-22T22:52:25.619+0000] {processor.py:840} INFO - DAG(s) 'example_sla_dag' retrieved from /home/airflow/.local/lib/python3.8/site-packages/airflow/example_dags/example_sla_dag.py
[2024-05-22T22:52:25.638+0000] {logging_mixin.py:188} INFO - [2024-05-22T22:52:25.637+0000] {dag.py:3036} INFO - Sync 1 DAGs
[2024-05-22T22:52:25.662+0000] {logging_mixin.py:188} INFO - [2024-05-22T22:52:25.662+0000] {dag.py:3823} INFO - Setting next_dagrun for example_sla_dag to 2024-05-22 22:50:00+00:00, run_after=2024-05-22 22:52:00+00:00
[2024-05-22T22:52:25.683+0000] {processor.py:183} INFO - Processing /home/airflow/.local/lib/python3.8/site-packages/airflow/example_dags/example_sla_dag.py took 0.077 seconds
[2024-05-22T22:52:55.914+0000] {processor.py:161} INFO - Started process (PID=54083) to work on /home/airflow/.local/lib/python3.8/site-packages/airflow/example_dags/example_sla_dag.py
[2024-05-22T22:52:55.914+0000] {processor.py:830} INFO - Processing file /home/airflow/.local/lib/python3.8/site-packages/airflow/example_dags/example_sla_dag.py for tasks to queue
[2024-05-22T22:52:55.916+0000] {logging_mixin.py:188} INFO - [2024-05-22T22:52:55.916+0000] {dagbag.py:538} INFO - Filling up the DagBag from /home/airflow/.local/lib/python3.8/site-packages/airflow/example_dags/example_sla_dag.py
[2024-05-22T22:52:55.924+0000] {processor.py:840} INFO - DAG(s) 'example_sla_dag' retrieved from /home/airflow/.local/lib/python3.8/site-packages/airflow/example_dags/example_sla_dag.py
[2024-05-22T22:52:55.945+0000] {logging_mixin.py:188} INFO - [2024-05-22T22:52:55.944+0000] {dag.py:3036} INFO - Sync 1 DAGs
[2024-05-22T22:52:55.979+0000] {logging_mixin.py:188} INFO - [2024-05-22T22:52:55.978+0000] {dag.py:3823} INFO - Setting next_dagrun for example_sla_dag to 2024-05-22 22:50:00+00:00, run_after=2024-05-22 22:52:00+00:00
[2024-05-22T22:52:56.003+0000] {processor.py:183} INFO - Processing /home/airflow/.local/lib/python3.8/site-packages/airflow/example_dags/example_sla_dag.py took 0.096 seconds
[2024-05-22T22:53:26.400+0000] {processor.py:161} INFO - Started process (PID=54140) to work on /home/airflow/.local/lib/python3.8/site-packages/airflow/example_dags/example_sla_dag.py
[2024-05-22T22:53:26.401+0000] {processor.py:830} INFO - Processing file /home/airflow/.local/lib/python3.8/site-packages/airflow/example_dags/example_sla_dag.py for tasks to queue
[2024-05-22T22:53:26.403+0000] {logging_mixin.py:188} INFO - [2024-05-22T22:53:26.402+0000] {dagbag.py:538} INFO - Filling up the DagBag from /home/airflow/.local/lib/python3.8/site-packages/airflow/example_dags/example_sla_dag.py
[2024-05-22T22:53:26.411+0000] {processor.py:840} INFO - DAG(s) 'example_sla_dag' retrieved from /home/airflow/.local/lib/python3.8/site-packages/airflow/example_dags/example_sla_dag.py
[2024-05-22T22:53:26.432+0000] {logging_mixin.py:188} INFO - [2024-05-22T22:53:26.432+0000] {dag.py:3036} INFO - Sync 1 DAGs
[2024-05-22T22:53:26.459+0000] {logging_mixin.py:188} INFO - [2024-05-22T22:53:26.459+0000] {dag.py:3823} INFO - Setting next_dagrun for example_sla_dag to 2024-05-22 22:50:00+00:00, run_after=2024-05-22 22:52:00+00:00
[2024-05-22T22:53:26.481+0000] {processor.py:183} INFO - Processing /home/airflow/.local/lib/python3.8/site-packages/airflow/example_dags/example_sla_dag.py took 0.085 seconds
[2024-05-22T22:53:56.738+0000] {processor.py:161} INFO - Started process (PID=54197) to work on /home/airflow/.local/lib/python3.8/site-packages/airflow/example_dags/example_sla_dag.py
[2024-05-22T22:53:56.739+0000] {processor.py:830} INFO - Processing file /home/airflow/.local/lib/python3.8/site-packages/airflow/example_dags/example_sla_dag.py for tasks to queue
[2024-05-22T22:53:56.740+0000] {logging_mixin.py:188} INFO - [2024-05-22T22:53:56.740+0000] {dagbag.py:538} INFO - Filling up the DagBag from /home/airflow/.local/lib/python3.8/site-packages/airflow/example_dags/example_sla_dag.py
[2024-05-22T22:53:56.749+0000] {processor.py:840} INFO - DAG(s) 'example_sla_dag' retrieved from /home/airflow/.local/lib/python3.8/site-packages/airflow/example_dags/example_sla_dag.py
[2024-05-22T22:53:56.769+0000] {logging_mixin.py:188} INFO - [2024-05-22T22:53:56.769+0000] {dag.py:3036} INFO - Sync 1 DAGs
[2024-05-22T22:53:56.801+0000] {logging_mixin.py:188} INFO - [2024-05-22T22:53:56.801+0000] {dag.py:3823} INFO - Setting next_dagrun for example_sla_dag to 2024-05-22 22:50:00+00:00, run_after=2024-05-22 22:52:00+00:00
[2024-05-22T22:53:56.824+0000] {processor.py:183} INFO - Processing /home/airflow/.local/lib/python3.8/site-packages/airflow/example_dags/example_sla_dag.py took 0.089 seconds
[2024-05-22T22:54:27.251+0000] {processor.py:161} INFO - Started process (PID=54254) to work on /home/airflow/.local/lib/python3.8/site-packages/airflow/example_dags/example_sla_dag.py
[2024-05-22T22:54:27.253+0000] {processor.py:830} INFO - Processing file /home/airflow/.local/lib/python3.8/site-packages/airflow/example_dags/example_sla_dag.py for tasks to queue
[2024-05-22T22:54:27.255+0000] {logging_mixin.py:188} INFO - [2024-05-22T22:54:27.254+0000] {dagbag.py:538} INFO - Filling up the DagBag from /home/airflow/.local/lib/python3.8/site-packages/airflow/example_dags/example_sla_dag.py
[2024-05-22T22:54:27.264+0000] {processor.py:840} INFO - DAG(s) 'example_sla_dag' retrieved from /home/airflow/.local/lib/python3.8/site-packages/airflow/example_dags/example_sla_dag.py
[2024-05-22T22:54:27.284+0000] {logging_mixin.py:188} INFO - [2024-05-22T22:54:27.283+0000] {dag.py:3036} INFO - Sync 1 DAGs
[2024-05-22T22:54:27.309+0000] {logging_mixin.py:188} INFO - [2024-05-22T22:54:27.309+0000] {dag.py:3823} INFO - Setting next_dagrun for example_sla_dag to 2024-05-22 22:52:00+00:00, run_after=2024-05-22 22:54:00+00:00
[2024-05-22T22:54:27.329+0000] {processor.py:183} INFO - Processing /home/airflow/.local/lib/python3.8/site-packages/airflow/example_dags/example_sla_dag.py took 0.081 seconds
[2024-05-22T22:54:57.640+0000] {processor.py:161} INFO - Started process (PID=54311) to work on /home/airflow/.local/lib/python3.8/site-packages/airflow/example_dags/example_sla_dag.py
[2024-05-22T22:54:57.641+0000] {processor.py:830} INFO - Processing file /home/airflow/.local/lib/python3.8/site-packages/airflow/example_dags/example_sla_dag.py for tasks to queue
[2024-05-22T22:54:57.642+0000] {logging_mixin.py:188} INFO - [2024-05-22T22:54:57.642+0000] {dagbag.py:538} INFO - Filling up the DagBag from /home/airflow/.local/lib/python3.8/site-packages/airflow/example_dags/example_sla_dag.py
[2024-05-22T22:54:57.651+0000] {processor.py:840} INFO - DAG(s) 'example_sla_dag' retrieved from /home/airflow/.local/lib/python3.8/site-packages/airflow/example_dags/example_sla_dag.py
[2024-05-22T22:54:57.673+0000] {logging_mixin.py:188} INFO - [2024-05-22T22:54:57.673+0000] {dag.py:3036} INFO - Sync 1 DAGs
[2024-05-22T22:54:57.700+0000] {logging_mixin.py:188} INFO - [2024-05-22T22:54:57.700+0000] {dag.py:3823} INFO - Setting next_dagrun for example_sla_dag to 2024-05-22 22:52:00+00:00, run_after=2024-05-22 22:54:00+00:00
[2024-05-22T22:54:57.720+0000] {processor.py:183} INFO - Processing /home/airflow/.local/lib/python3.8/site-packages/airflow/example_dags/example_sla_dag.py took 0.084 seconds
[2024-05-22T22:55:28.118+0000] {processor.py:161} INFO - Started process (PID=54368) to work on /home/airflow/.local/lib/python3.8/site-packages/airflow/example_dags/example_sla_dag.py
[2024-05-22T22:55:28.119+0000] {processor.py:830} INFO - Processing file /home/airflow/.local/lib/python3.8/site-packages/airflow/example_dags/example_sla_dag.py for tasks to queue
[2024-05-22T22:55:28.121+0000] {logging_mixin.py:188} INFO - [2024-05-22T22:55:28.121+0000] {dagbag.py:538} INFO - Filling up the DagBag from /home/airflow/.local/lib/python3.8/site-packages/airflow/example_dags/example_sla_dag.py
[2024-05-22T22:55:28.129+0000] {processor.py:840} INFO - DAG(s) 'example_sla_dag' retrieved from /home/airflow/.local/lib/python3.8/site-packages/airflow/example_dags/example_sla_dag.py
[2024-05-22T22:55:28.149+0000] {logging_mixin.py:188} INFO - [2024-05-22T22:55:28.149+0000] {dag.py:3036} INFO - Sync 1 DAGs
[2024-05-22T22:55:28.175+0000] {logging_mixin.py:188} INFO - [2024-05-22T22:55:28.175+0000] {dag.py:3823} INFO - Setting next_dagrun for example_sla_dag to 2024-05-22 22:52:00+00:00, run_after=2024-05-22 22:54:00+00:00
[2024-05-22T22:55:28.198+0000] {processor.py:183} INFO - Processing /home/airflow/.local/lib/python3.8/site-packages/airflow/example_dags/example_sla_dag.py took 0.082 seconds
[2024-05-22T22:55:58.994+0000] {processor.py:161} INFO - Started process (PID=54425) to work on /home/airflow/.local/lib/python3.8/site-packages/airflow/example_dags/example_sla_dag.py
[2024-05-22T22:55:58.995+0000] {processor.py:830} INFO - Processing file /home/airflow/.local/lib/python3.8/site-packages/airflow/example_dags/example_sla_dag.py for tasks to queue
[2024-05-22T22:55:58.997+0000] {logging_mixin.py:188} INFO - [2024-05-22T22:55:58.997+0000] {dagbag.py:538} INFO - Filling up the DagBag from /home/airflow/.local/lib/python3.8/site-packages/airflow/example_dags/example_sla_dag.py
[2024-05-22T22:55:59.009+0000] {processor.py:840} INFO - DAG(s) 'example_sla_dag' retrieved from /home/airflow/.local/lib/python3.8/site-packages/airflow/example_dags/example_sla_dag.py
[2024-05-22T22:55:59.034+0000] {logging_mixin.py:188} INFO - [2024-05-22T22:55:59.033+0000] {dag.py:3036} INFO - Sync 1 DAGs
[2024-05-22T22:55:59.067+0000] {logging_mixin.py:188} INFO - [2024-05-22T22:55:59.067+0000] {dag.py:3823} INFO - Setting next_dagrun for example_sla_dag to 2024-05-22 22:52:00+00:00, run_after=2024-05-22 22:54:00+00:00
[2024-05-22T22:55:59.101+0000] {processor.py:183} INFO - Processing /home/airflow/.local/lib/python3.8/site-packages/airflow/example_dags/example_sla_dag.py took 0.111 seconds
[2024-05-22T22:56:29.295+0000] {processor.py:161} INFO - Started process (PID=54482) to work on /home/airflow/.local/lib/python3.8/site-packages/airflow/example_dags/example_sla_dag.py
[2024-05-22T22:56:29.296+0000] {processor.py:830} INFO - Processing file /home/airflow/.local/lib/python3.8/site-packages/airflow/example_dags/example_sla_dag.py for tasks to queue
[2024-05-22T22:56:29.298+0000] {logging_mixin.py:188} INFO - [2024-05-22T22:56:29.297+0000] {dagbag.py:538} INFO - Filling up the DagBag from /home/airflow/.local/lib/python3.8/site-packages/airflow/example_dags/example_sla_dag.py
[2024-05-22T22:56:29.307+0000] {processor.py:840} INFO - DAG(s) 'example_sla_dag' retrieved from /home/airflow/.local/lib/python3.8/site-packages/airflow/example_dags/example_sla_dag.py
[2024-05-22T22:56:29.332+0000] {logging_mixin.py:188} INFO - [2024-05-22T22:56:29.332+0000] {dag.py:3036} INFO - Sync 1 DAGs
[2024-05-22T22:56:29.363+0000] {logging_mixin.py:188} INFO - [2024-05-22T22:56:29.363+0000] {dag.py:3823} INFO - Setting next_dagrun for example_sla_dag to 2024-05-22 22:54:00+00:00, run_after=2024-05-22 22:56:00+00:00
[2024-05-22T22:56:29.391+0000] {processor.py:183} INFO - Processing /home/airflow/.local/lib/python3.8/site-packages/airflow/example_dags/example_sla_dag.py took 0.099 seconds
[2024-05-22T22:56:59.843+0000] {processor.py:161} INFO - Started process (PID=54539) to work on /home/airflow/.local/lib/python3.8/site-packages/airflow/example_dags/example_sla_dag.py
[2024-05-22T22:56:59.844+0000] {processor.py:830} INFO - Processing file /home/airflow/.local/lib/python3.8/site-packages/airflow/example_dags/example_sla_dag.py for tasks to queue
[2024-05-22T22:56:59.846+0000] {logging_mixin.py:188} INFO - [2024-05-22T22:56:59.845+0000] {dagbag.py:538} INFO - Filling up the DagBag from /home/airflow/.local/lib/python3.8/site-packages/airflow/example_dags/example_sla_dag.py
[2024-05-22T22:56:59.857+0000] {processor.py:840} INFO - DAG(s) 'example_sla_dag' retrieved from /home/airflow/.local/lib/python3.8/site-packages/airflow/example_dags/example_sla_dag.py
[2024-05-22T22:56:59.880+0000] {logging_mixin.py:188} INFO - [2024-05-22T22:56:59.880+0000] {dag.py:3036} INFO - Sync 1 DAGs
[2024-05-22T22:56:59.914+0000] {logging_mixin.py:188} INFO - [2024-05-22T22:56:59.913+0000] {dag.py:3823} INFO - Setting next_dagrun for example_sla_dag to 2024-05-22 22:54:00+00:00, run_after=2024-05-22 22:56:00+00:00
[2024-05-22T22:56:59.936+0000] {processor.py:183} INFO - Processing /home/airflow/.local/lib/python3.8/site-packages/airflow/example_dags/example_sla_dag.py took 0.096 seconds
[2024-05-22T22:57:30.221+0000] {processor.py:161} INFO - Started process (PID=54596) to work on /home/airflow/.local/lib/python3.8/site-packages/airflow/example_dags/example_sla_dag.py
[2024-05-22T22:57:30.222+0000] {processor.py:830} INFO - Processing file /home/airflow/.local/lib/python3.8/site-packages/airflow/example_dags/example_sla_dag.py for tasks to queue
[2024-05-22T22:57:30.224+0000] {logging_mixin.py:188} INFO - [2024-05-22T22:57:30.224+0000] {dagbag.py:538} INFO - Filling up the DagBag from /home/airflow/.local/lib/python3.8/site-packages/airflow/example_dags/example_sla_dag.py
[2024-05-22T22:57:30.235+0000] {processor.py:840} INFO - DAG(s) 'example_sla_dag' retrieved from /home/airflow/.local/lib/python3.8/site-packages/airflow/example_dags/example_sla_dag.py
[2024-05-22T22:57:30.263+0000] {logging_mixin.py:188} INFO - [2024-05-22T22:57:30.263+0000] {dag.py:3036} INFO - Sync 1 DAGs
[2024-05-22T22:57:30.293+0000] {logging_mixin.py:188} INFO - [2024-05-22T22:57:30.293+0000] {dag.py:3823} INFO - Setting next_dagrun for example_sla_dag to 2024-05-22 22:54:00+00:00, run_after=2024-05-22 22:56:00+00:00
[2024-05-22T22:57:30.317+0000] {processor.py:183} INFO - Processing /home/airflow/.local/lib/python3.8/site-packages/airflow/example_dags/example_sla_dag.py took 0.100 seconds
[2024-05-22T22:58:00.801+0000] {processor.py:161} INFO - Started process (PID=54653) to work on /home/airflow/.local/lib/python3.8/site-packages/airflow/example_dags/example_sla_dag.py
[2024-05-22T22:58:00.802+0000] {processor.py:830} INFO - Processing file /home/airflow/.local/lib/python3.8/site-packages/airflow/example_dags/example_sla_dag.py for tasks to queue
[2024-05-22T22:58:00.805+0000] {logging_mixin.py:188} INFO - [2024-05-22T22:58:00.804+0000] {dagbag.py:538} INFO - Filling up the DagBag from /home/airflow/.local/lib/python3.8/site-packages/airflow/example_dags/example_sla_dag.py
[2024-05-22T22:58:00.816+0000] {processor.py:840} INFO - DAG(s) 'example_sla_dag' retrieved from /home/airflow/.local/lib/python3.8/site-packages/airflow/example_dags/example_sla_dag.py
[2024-05-22T22:58:00.839+0000] {logging_mixin.py:188} INFO - [2024-05-22T22:58:00.838+0000] {dag.py:3036} INFO - Sync 1 DAGs
[2024-05-22T22:58:00.870+0000] {logging_mixin.py:188} INFO - [2024-05-22T22:58:00.870+0000] {dag.py:3823} INFO - Setting next_dagrun for example_sla_dag to 2024-05-22 22:56:00+00:00, run_after=2024-05-22 22:58:00+00:00
[2024-05-22T22:58:00.895+0000] {processor.py:183} INFO - Processing /home/airflow/.local/lib/python3.8/site-packages/airflow/example_dags/example_sla_dag.py took 0.097 seconds
[2024-05-22T22:58:31.083+0000] {processor.py:161} INFO - Started process (PID=54710) to work on /home/airflow/.local/lib/python3.8/site-packages/airflow/example_dags/example_sla_dag.py
[2024-05-22T22:58:31.084+0000] {processor.py:830} INFO - Processing file /home/airflow/.local/lib/python3.8/site-packages/airflow/example_dags/example_sla_dag.py for tasks to queue
[2024-05-22T22:58:31.086+0000] {logging_mixin.py:188} INFO - [2024-05-22T22:58:31.085+0000] {dagbag.py:538} INFO - Filling up the DagBag from /home/airflow/.local/lib/python3.8/site-packages/airflow/example_dags/example_sla_dag.py
[2024-05-22T22:58:31.096+0000] {processor.py:840} INFO - DAG(s) 'example_sla_dag' retrieved from /home/airflow/.local/lib/python3.8/site-packages/airflow/example_dags/example_sla_dag.py
[2024-05-22T22:58:31.121+0000] {logging_mixin.py:188} INFO - [2024-05-22T22:58:31.121+0000] {dag.py:3036} INFO - Sync 1 DAGs
[2024-05-22T22:58:31.156+0000] {logging_mixin.py:188} INFO - [2024-05-22T22:58:31.156+0000] {dag.py:3823} INFO - Setting next_dagrun for example_sla_dag to 2024-05-22 22:56:00+00:00, run_after=2024-05-22 22:58:00+00:00
[2024-05-22T22:58:31.181+0000] {processor.py:183} INFO - Processing /home/airflow/.local/lib/python3.8/site-packages/airflow/example_dags/example_sla_dag.py took 0.101 seconds
[2024-05-22T22:59:01.494+0000] {processor.py:161} INFO - Started process (PID=54767) to work on /home/airflow/.local/lib/python3.8/site-packages/airflow/example_dags/example_sla_dag.py
[2024-05-22T22:59:01.495+0000] {processor.py:830} INFO - Processing file /home/airflow/.local/lib/python3.8/site-packages/airflow/example_dags/example_sla_dag.py for tasks to queue
[2024-05-22T22:59:01.497+0000] {logging_mixin.py:188} INFO - [2024-05-22T22:59:01.496+0000] {dagbag.py:538} INFO - Filling up the DagBag from /home/airflow/.local/lib/python3.8/site-packages/airflow/example_dags/example_sla_dag.py
[2024-05-22T22:59:01.504+0000] {processor.py:840} INFO - DAG(s) 'example_sla_dag' retrieved from /home/airflow/.local/lib/python3.8/site-packages/airflow/example_dags/example_sla_dag.py
[2024-05-22T22:59:01.523+0000] {logging_mixin.py:188} INFO - [2024-05-22T22:59:01.522+0000] {dag.py:3036} INFO - Sync 1 DAGs
[2024-05-22T22:59:01.551+0000] {logging_mixin.py:188} INFO - [2024-05-22T22:59:01.551+0000] {dag.py:3823} INFO - Setting next_dagrun for example_sla_dag to 2024-05-22 22:56:00+00:00, run_after=2024-05-22 22:58:00+00:00
[2024-05-22T22:59:01.574+0000] {processor.py:183} INFO - Processing /home/airflow/.local/lib/python3.8/site-packages/airflow/example_dags/example_sla_dag.py took 0.083 seconds
[2024-05-22T22:59:32.682+0000] {processor.py:161} INFO - Started process (PID=54824) to work on /home/airflow/.local/lib/python3.8/site-packages/airflow/example_dags/example_sla_dag.py
[2024-05-22T22:59:32.683+0000] {processor.py:830} INFO - Processing file /home/airflow/.local/lib/python3.8/site-packages/airflow/example_dags/example_sla_dag.py for tasks to queue
[2024-05-22T22:59:32.685+0000] {logging_mixin.py:188} INFO - [2024-05-22T22:59:32.685+0000] {dagbag.py:538} INFO - Filling up the DagBag from /home/airflow/.local/lib/python3.8/site-packages/airflow/example_dags/example_sla_dag.py
[2024-05-22T22:59:32.693+0000] {processor.py:840} INFO - DAG(s) 'example_sla_dag' retrieved from /home/airflow/.local/lib/python3.8/site-packages/airflow/example_dags/example_sla_dag.py
[2024-05-22T22:59:32.712+0000] {logging_mixin.py:188} INFO - [2024-05-22T22:59:32.711+0000] {dag.py:3036} INFO - Sync 1 DAGs
[2024-05-22T22:59:32.736+0000] {logging_mixin.py:188} INFO - [2024-05-22T22:59:32.736+0000] {dag.py:3823} INFO - Setting next_dagrun for example_sla_dag to 2024-05-22 22:56:00+00:00, run_after=2024-05-22 22:58:00+00:00
[2024-05-22T22:59:32.755+0000] {processor.py:183} INFO - Processing /home/airflow/.local/lib/python3.8/site-packages/airflow/example_dags/example_sla_dag.py took 0.075 seconds
[2024-05-22T23:00:03.187+0000] {processor.py:161} INFO - Started process (PID=54881) to work on /home/airflow/.local/lib/python3.8/site-packages/airflow/example_dags/example_sla_dag.py
[2024-05-22T23:00:03.188+0000] {processor.py:830} INFO - Processing file /home/airflow/.local/lib/python3.8/site-packages/airflow/example_dags/example_sla_dag.py for tasks to queue
[2024-05-22T23:00:03.190+0000] {logging_mixin.py:188} INFO - [2024-05-22T23:00:03.190+0000] {dagbag.py:538} INFO - Filling up the DagBag from /home/airflow/.local/lib/python3.8/site-packages/airflow/example_dags/example_sla_dag.py
[2024-05-22T23:00:03.200+0000] {processor.py:840} INFO - DAG(s) 'example_sla_dag' retrieved from /home/airflow/.local/lib/python3.8/site-packages/airflow/example_dags/example_sla_dag.py
[2024-05-22T23:00:03.219+0000] {logging_mixin.py:188} INFO - [2024-05-22T23:00:03.219+0000] {dag.py:3036} INFO - Sync 1 DAGs
[2024-05-22T23:00:03.245+0000] {logging_mixin.py:188} INFO - [2024-05-22T23:00:03.244+0000] {dag.py:3823} INFO - Setting next_dagrun for example_sla_dag to 2024-05-22 22:58:00+00:00, run_after=2024-05-22 23:00:00+00:00
[2024-05-22T23:00:03.266+0000] {processor.py:183} INFO - Processing /home/airflow/.local/lib/python3.8/site-packages/airflow/example_dags/example_sla_dag.py took 0.082 seconds
[2024-05-22T23:00:33.989+0000] {processor.py:161} INFO - Started process (PID=54938) to work on /home/airflow/.local/lib/python3.8/site-packages/airflow/example_dags/example_sla_dag.py
[2024-05-22T23:00:33.990+0000] {processor.py:830} INFO - Processing file /home/airflow/.local/lib/python3.8/site-packages/airflow/example_dags/example_sla_dag.py for tasks to queue
[2024-05-22T23:00:33.992+0000] {logging_mixin.py:188} INFO - [2024-05-22T23:00:33.992+0000] {dagbag.py:538} INFO - Filling up the DagBag from /home/airflow/.local/lib/python3.8/site-packages/airflow/example_dags/example_sla_dag.py
[2024-05-22T23:00:34.001+0000] {processor.py:840} INFO - DAG(s) 'example_sla_dag' retrieved from /home/airflow/.local/lib/python3.8/site-packages/airflow/example_dags/example_sla_dag.py
[2024-05-22T23:00:34.020+0000] {logging_mixin.py:188} INFO - [2024-05-22T23:00:34.019+0000] {dag.py:3036} INFO - Sync 1 DAGs
[2024-05-22T23:00:34.047+0000] {logging_mixin.py:188} INFO - [2024-05-22T23:00:34.047+0000] {dag.py:3823} INFO - Setting next_dagrun for example_sla_dag to 2024-05-22 22:58:00+00:00, run_after=2024-05-22 23:00:00+00:00
[2024-05-22T23:00:34.069+0000] {processor.py:183} INFO - Processing /home/airflow/.local/lib/python3.8/site-packages/airflow/example_dags/example_sla_dag.py took 0.083 seconds
[2024-05-22T23:01:04.986+0000] {processor.py:161} INFO - Started process (PID=54995) to work on /home/airflow/.local/lib/python3.8/site-packages/airflow/example_dags/example_sla_dag.py
[2024-05-22T23:01:04.987+0000] {processor.py:830} INFO - Processing file /home/airflow/.local/lib/python3.8/site-packages/airflow/example_dags/example_sla_dag.py for tasks to queue
[2024-05-22T23:01:04.989+0000] {logging_mixin.py:188} INFO - [2024-05-22T23:01:04.989+0000] {dagbag.py:538} INFO - Filling up the DagBag from /home/airflow/.local/lib/python3.8/site-packages/airflow/example_dags/example_sla_dag.py
[2024-05-22T23:01:04.999+0000] {processor.py:840} INFO - DAG(s) 'example_sla_dag' retrieved from /home/airflow/.local/lib/python3.8/site-packages/airflow/example_dags/example_sla_dag.py
[2024-05-22T23:01:05.018+0000] {logging_mixin.py:188} INFO - [2024-05-22T23:01:05.018+0000] {dag.py:3036} INFO - Sync 1 DAGs
[2024-05-22T23:01:05.052+0000] {logging_mixin.py:188} INFO - [2024-05-22T23:01:05.052+0000] {dag.py:3823} INFO - Setting next_dagrun for example_sla_dag to 2024-05-22 22:58:00+00:00, run_after=2024-05-22 23:00:00+00:00
[2024-05-22T23:01:05.084+0000] {processor.py:183} INFO - Processing /home/airflow/.local/lib/python3.8/site-packages/airflow/example_dags/example_sla_dag.py took 0.100 seconds
[2024-05-22T23:01:35.491+0000] {processor.py:161} INFO - Started process (PID=55052) to work on /home/airflow/.local/lib/python3.8/site-packages/airflow/example_dags/example_sla_dag.py
[2024-05-22T23:01:35.492+0000] {processor.py:830} INFO - Processing file /home/airflow/.local/lib/python3.8/site-packages/airflow/example_dags/example_sla_dag.py for tasks to queue
[2024-05-22T23:01:35.494+0000] {logging_mixin.py:188} INFO - [2024-05-22T23:01:35.494+0000] {dagbag.py:538} INFO - Filling up the DagBag from /home/airflow/.local/lib/python3.8/site-packages/airflow/example_dags/example_sla_dag.py
[2024-05-22T23:01:35.503+0000] {processor.py:840} INFO - DAG(s) 'example_sla_dag' retrieved from /home/airflow/.local/lib/python3.8/site-packages/airflow/example_dags/example_sla_dag.py
[2024-05-22T23:01:35.521+0000] {logging_mixin.py:188} INFO - [2024-05-22T23:01:35.520+0000] {dag.py:3036} INFO - Sync 1 DAGs
[2024-05-22T23:01:35.549+0000] {logging_mixin.py:188} INFO - [2024-05-22T23:01:35.548+0000] {dag.py:3823} INFO - Setting next_dagrun for example_sla_dag to 2024-05-22 22:58:00+00:00, run_after=2024-05-22 23:00:00+00:00
[2024-05-22T23:01:35.582+0000] {processor.py:183} INFO - Processing /home/airflow/.local/lib/python3.8/site-packages/airflow/example_dags/example_sla_dag.py took 0.095 seconds
[2024-05-22T23:02:05.821+0000] {processor.py:161} INFO - Started process (PID=55109) to work on /home/airflow/.local/lib/python3.8/site-packages/airflow/example_dags/example_sla_dag.py
[2024-05-22T23:02:05.823+0000] {processor.py:830} INFO - Processing file /home/airflow/.local/lib/python3.8/site-packages/airflow/example_dags/example_sla_dag.py for tasks to queue
[2024-05-22T23:02:05.826+0000] {logging_mixin.py:188} INFO - [2024-05-22T23:02:05.825+0000] {dagbag.py:538} INFO - Filling up the DagBag from /home/airflow/.local/lib/python3.8/site-packages/airflow/example_dags/example_sla_dag.py
[2024-05-22T23:02:05.838+0000] {processor.py:840} INFO - DAG(s) 'example_sla_dag' retrieved from /home/airflow/.local/lib/python3.8/site-packages/airflow/example_dags/example_sla_dag.py
[2024-05-22T23:02:05.859+0000] {logging_mixin.py:188} INFO - [2024-05-22T23:02:05.859+0000] {dag.py:3036} INFO - Sync 1 DAGs
[2024-05-22T23:02:05.893+0000] {logging_mixin.py:188} INFO - [2024-05-22T23:02:05.893+0000] {dag.py:3823} INFO - Setting next_dagrun for example_sla_dag to 2024-05-22 23:00:00+00:00, run_after=2024-05-22 23:02:00+00:00
[2024-05-22T23:02:05.916+0000] {processor.py:183} INFO - Processing /home/airflow/.local/lib/python3.8/site-packages/airflow/example_dags/example_sla_dag.py took 0.099 seconds
[2024-05-22T23:02:36.102+0000] {processor.py:161} INFO - Started process (PID=55167) to work on /home/airflow/.local/lib/python3.8/site-packages/airflow/example_dags/example_sla_dag.py
[2024-05-22T23:02:36.103+0000] {processor.py:830} INFO - Processing file /home/airflow/.local/lib/python3.8/site-packages/airflow/example_dags/example_sla_dag.py for tasks to queue
[2024-05-22T23:02:36.105+0000] {logging_mixin.py:188} INFO - [2024-05-22T23:02:36.105+0000] {dagbag.py:538} INFO - Filling up the DagBag from /home/airflow/.local/lib/python3.8/site-packages/airflow/example_dags/example_sla_dag.py
[2024-05-22T23:02:36.115+0000] {processor.py:840} INFO - DAG(s) 'example_sla_dag' retrieved from /home/airflow/.local/lib/python3.8/site-packages/airflow/example_dags/example_sla_dag.py
[2024-05-22T23:02:36.138+0000] {logging_mixin.py:188} INFO - [2024-05-22T23:02:36.138+0000] {dag.py:3036} INFO - Sync 1 DAGs
[2024-05-22T23:02:36.167+0000] {logging_mixin.py:188} INFO - [2024-05-22T23:02:36.167+0000] {dag.py:3823} INFO - Setting next_dagrun for example_sla_dag to 2024-05-22 23:00:00+00:00, run_after=2024-05-22 23:02:00+00:00
[2024-05-22T23:02:36.188+0000] {processor.py:183} INFO - Processing /home/airflow/.local/lib/python3.8/site-packages/airflow/example_dags/example_sla_dag.py took 0.089 seconds
[2024-05-22T23:03:07.123+0000] {processor.py:161} INFO - Started process (PID=55224) to work on /home/airflow/.local/lib/python3.8/site-packages/airflow/example_dags/example_sla_dag.py
[2024-05-22T23:03:07.124+0000] {processor.py:830} INFO - Processing file /home/airflow/.local/lib/python3.8/site-packages/airflow/example_dags/example_sla_dag.py for tasks to queue
[2024-05-22T23:03:07.126+0000] {logging_mixin.py:188} INFO - [2024-05-22T23:03:07.126+0000] {dagbag.py:538} INFO - Filling up the DagBag from /home/airflow/.local/lib/python3.8/site-packages/airflow/example_dags/example_sla_dag.py
[2024-05-22T23:03:07.135+0000] {processor.py:840} INFO - DAG(s) 'example_sla_dag' retrieved from /home/airflow/.local/lib/python3.8/site-packages/airflow/example_dags/example_sla_dag.py
[2024-05-22T23:03:07.161+0000] {logging_mixin.py:188} INFO - [2024-05-22T23:03:07.160+0000] {dag.py:3036} INFO - Sync 1 DAGs
[2024-05-22T23:03:07.189+0000] {logging_mixin.py:188} INFO - [2024-05-22T23:03:07.188+0000] {dag.py:3823} INFO - Setting next_dagrun for example_sla_dag to 2024-05-22 23:00:00+00:00, run_after=2024-05-22 23:02:00+00:00
[2024-05-22T23:03:07.211+0000] {processor.py:183} INFO - Processing /home/airflow/.local/lib/python3.8/site-packages/airflow/example_dags/example_sla_dag.py took 0.091 seconds
[2024-05-22T23:03:37.864+0000] {processor.py:161} INFO - Started process (PID=55281) to work on /home/airflow/.local/lib/python3.8/site-packages/airflow/example_dags/example_sla_dag.py
[2024-05-22T23:03:37.865+0000] {processor.py:830} INFO - Processing file /home/airflow/.local/lib/python3.8/site-packages/airflow/example_dags/example_sla_dag.py for tasks to queue
[2024-05-22T23:03:37.868+0000] {logging_mixin.py:188} INFO - [2024-05-22T23:03:37.867+0000] {dagbag.py:538} INFO - Filling up the DagBag from /home/airflow/.local/lib/python3.8/site-packages/airflow/example_dags/example_sla_dag.py
[2024-05-22T23:03:37.877+0000] {processor.py:840} INFO - DAG(s) 'example_sla_dag' retrieved from /home/airflow/.local/lib/python3.8/site-packages/airflow/example_dags/example_sla_dag.py
[2024-05-22T23:03:37.901+0000] {logging_mixin.py:188} INFO - [2024-05-22T23:03:37.900+0000] {dag.py:3036} INFO - Sync 1 DAGs
[2024-05-22T23:03:37.932+0000] {logging_mixin.py:188} INFO - [2024-05-22T23:03:37.931+0000] {dag.py:3823} INFO - Setting next_dagrun for example_sla_dag to 2024-05-22 23:00:00+00:00, run_after=2024-05-22 23:02:00+00:00
[2024-05-22T23:03:37.955+0000] {processor.py:183} INFO - Processing /home/airflow/.local/lib/python3.8/site-packages/airflow/example_dags/example_sla_dag.py took 0.095 seconds
[2024-05-22T23:04:08.512+0000] {processor.py:161} INFO - Started process (PID=55339) to work on /home/airflow/.local/lib/python3.8/site-packages/airflow/example_dags/example_sla_dag.py
[2024-05-22T23:04:08.513+0000] {processor.py:830} INFO - Processing file /home/airflow/.local/lib/python3.8/site-packages/airflow/example_dags/example_sla_dag.py for tasks to queue
[2024-05-22T23:04:08.515+0000] {logging_mixin.py:188} INFO - [2024-05-22T23:04:08.514+0000] {dagbag.py:538} INFO - Filling up the DagBag from /home/airflow/.local/lib/python3.8/site-packages/airflow/example_dags/example_sla_dag.py
[2024-05-22T23:04:08.524+0000] {processor.py:840} INFO - DAG(s) 'example_sla_dag' retrieved from /home/airflow/.local/lib/python3.8/site-packages/airflow/example_dags/example_sla_dag.py
[2024-05-22T23:04:08.546+0000] {logging_mixin.py:188} INFO - [2024-05-22T23:04:08.546+0000] {dag.py:3036} INFO - Sync 1 DAGs
[2024-05-22T23:04:08.578+0000] {logging_mixin.py:188} INFO - [2024-05-22T23:04:08.578+0000] {dag.py:3823} INFO - Setting next_dagrun for example_sla_dag to 2024-05-22 23:02:00+00:00, run_after=2024-05-22 23:04:00+00:00
[2024-05-22T23:04:08.603+0000] {processor.py:183} INFO - Processing /home/airflow/.local/lib/python3.8/site-packages/airflow/example_dags/example_sla_dag.py took 0.095 seconds
[2024-05-22T23:04:38.855+0000] {processor.py:161} INFO - Started process (PID=55394) to work on /home/airflow/.local/lib/python3.8/site-packages/airflow/example_dags/example_sla_dag.py
[2024-05-22T23:04:38.856+0000] {processor.py:830} INFO - Processing file /home/airflow/.local/lib/python3.8/site-packages/airflow/example_dags/example_sla_dag.py for tasks to queue
[2024-05-22T23:04:38.858+0000] {logging_mixin.py:188} INFO - [2024-05-22T23:04:38.857+0000] {dagbag.py:538} INFO - Filling up the DagBag from /home/airflow/.local/lib/python3.8/site-packages/airflow/example_dags/example_sla_dag.py
[2024-05-22T23:04:38.866+0000] {processor.py:840} INFO - DAG(s) 'example_sla_dag' retrieved from /home/airflow/.local/lib/python3.8/site-packages/airflow/example_dags/example_sla_dag.py
[2024-05-22T23:04:38.887+0000] {logging_mixin.py:188} INFO - [2024-05-22T23:04:38.887+0000] {dag.py:3036} INFO - Sync 1 DAGs
[2024-05-22T23:04:38.915+0000] {logging_mixin.py:188} INFO - [2024-05-22T23:04:38.915+0000] {dag.py:3823} INFO - Setting next_dagrun for example_sla_dag to 2024-05-22 23:02:00+00:00, run_after=2024-05-22 23:04:00+00:00
[2024-05-22T23:04:38.938+0000] {processor.py:183} INFO - Processing /home/airflow/.local/lib/python3.8/site-packages/airflow/example_dags/example_sla_dag.py took 0.086 seconds
[2024-05-22T23:05:09.499+0000] {processor.py:161} INFO - Started process (PID=55451) to work on /home/airflow/.local/lib/python3.8/site-packages/airflow/example_dags/example_sla_dag.py
[2024-05-22T23:05:09.500+0000] {processor.py:830} INFO - Processing file /home/airflow/.local/lib/python3.8/site-packages/airflow/example_dags/example_sla_dag.py for tasks to queue
[2024-05-22T23:05:09.503+0000] {logging_mixin.py:188} INFO - [2024-05-22T23:05:09.502+0000] {dagbag.py:538} INFO - Filling up the DagBag from /home/airflow/.local/lib/python3.8/site-packages/airflow/example_dags/example_sla_dag.py
[2024-05-22T23:05:09.512+0000] {processor.py:840} INFO - DAG(s) 'example_sla_dag' retrieved from /home/airflow/.local/lib/python3.8/site-packages/airflow/example_dags/example_sla_dag.py
[2024-05-22T23:05:09.536+0000] {logging_mixin.py:188} INFO - [2024-05-22T23:05:09.536+0000] {dag.py:3036} INFO - Sync 1 DAGs
[2024-05-22T23:05:09.570+0000] {logging_mixin.py:188} INFO - [2024-05-22T23:05:09.569+0000] {dag.py:3823} INFO - Setting next_dagrun for example_sla_dag to 2024-05-22 23:02:00+00:00, run_after=2024-05-22 23:04:00+00:00
[2024-05-22T23:05:09.594+0000] {processor.py:183} INFO - Processing /home/airflow/.local/lib/python3.8/site-packages/airflow/example_dags/example_sla_dag.py took 0.097 seconds
[2024-05-22T23:05:39.685+0000] {processor.py:161} INFO - Started process (PID=55508) to work on /home/airflow/.local/lib/python3.8/site-packages/airflow/example_dags/example_sla_dag.py
[2024-05-22T23:05:39.686+0000] {processor.py:830} INFO - Processing file /home/airflow/.local/lib/python3.8/site-packages/airflow/example_dags/example_sla_dag.py for tasks to queue
[2024-05-22T23:05:39.687+0000] {logging_mixin.py:188} INFO - [2024-05-22T23:05:39.687+0000] {dagbag.py:538} INFO - Filling up the DagBag from /home/airflow/.local/lib/python3.8/site-packages/airflow/example_dags/example_sla_dag.py
[2024-05-22T23:05:39.695+0000] {processor.py:840} INFO - DAG(s) 'example_sla_dag' retrieved from /home/airflow/.local/lib/python3.8/site-packages/airflow/example_dags/example_sla_dag.py
[2024-05-22T23:05:39.714+0000] {logging_mixin.py:188} INFO - [2024-05-22T23:05:39.714+0000] {dag.py:3036} INFO - Sync 1 DAGs
[2024-05-22T23:05:39.740+0000] {logging_mixin.py:188} INFO - [2024-05-22T23:05:39.740+0000] {dag.py:3823} INFO - Setting next_dagrun for example_sla_dag to 2024-05-22 23:02:00+00:00, run_after=2024-05-22 23:04:00+00:00
[2024-05-22T23:05:39.770+0000] {processor.py:183} INFO - Processing /home/airflow/.local/lib/python3.8/site-packages/airflow/example_dags/example_sla_dag.py took 0.088 seconds
[2024-05-22T23:06:10.296+0000] {processor.py:161} INFO - Started process (PID=55565) to work on /home/airflow/.local/lib/python3.8/site-packages/airflow/example_dags/example_sla_dag.py
[2024-05-22T23:06:10.297+0000] {processor.py:830} INFO - Processing file /home/airflow/.local/lib/python3.8/site-packages/airflow/example_dags/example_sla_dag.py for tasks to queue
[2024-05-22T23:06:10.299+0000] {logging_mixin.py:188} INFO - [2024-05-22T23:06:10.299+0000] {dagbag.py:538} INFO - Filling up the DagBag from /home/airflow/.local/lib/python3.8/site-packages/airflow/example_dags/example_sla_dag.py
[2024-05-22T23:06:10.309+0000] {processor.py:840} INFO - DAG(s) 'example_sla_dag' retrieved from /home/airflow/.local/lib/python3.8/site-packages/airflow/example_dags/example_sla_dag.py
[2024-05-22T23:06:10.332+0000] {logging_mixin.py:188} INFO - [2024-05-22T23:06:10.331+0000] {dag.py:3036} INFO - Sync 1 DAGs
[2024-05-22T23:06:10.358+0000] {logging_mixin.py:188} INFO - [2024-05-22T23:06:10.358+0000] {dag.py:3823} INFO - Setting next_dagrun for example_sla_dag to 2024-05-22 23:04:00+00:00, run_after=2024-05-22 23:06:00+00:00
[2024-05-22T23:06:10.382+0000] {processor.py:183} INFO - Processing /home/airflow/.local/lib/python3.8/site-packages/airflow/example_dags/example_sla_dag.py took 0.088 seconds
[2024-05-22T23:06:41.031+0000] {processor.py:161} INFO - Started process (PID=55622) to work on /home/airflow/.local/lib/python3.8/site-packages/airflow/example_dags/example_sla_dag.py
[2024-05-22T23:06:41.032+0000] {processor.py:830} INFO - Processing file /home/airflow/.local/lib/python3.8/site-packages/airflow/example_dags/example_sla_dag.py for tasks to queue
[2024-05-22T23:06:41.033+0000] {logging_mixin.py:188} INFO - [2024-05-22T23:06:41.033+0000] {dagbag.py:538} INFO - Filling up the DagBag from /home/airflow/.local/lib/python3.8/site-packages/airflow/example_dags/example_sla_dag.py
[2024-05-22T23:06:41.044+0000] {processor.py:840} INFO - DAG(s) 'example_sla_dag' retrieved from /home/airflow/.local/lib/python3.8/site-packages/airflow/example_dags/example_sla_dag.py
[2024-05-22T23:06:41.066+0000] {logging_mixin.py:188} INFO - [2024-05-22T23:06:41.066+0000] {dag.py:3036} INFO - Sync 1 DAGs
[2024-05-22T23:06:41.097+0000] {logging_mixin.py:188} INFO - [2024-05-22T23:06:41.097+0000] {dag.py:3823} INFO - Setting next_dagrun for example_sla_dag to 2024-05-22 23:04:00+00:00, run_after=2024-05-22 23:06:00+00:00
[2024-05-22T23:06:41.121+0000] {processor.py:183} INFO - Processing /home/airflow/.local/lib/python3.8/site-packages/airflow/example_dags/example_sla_dag.py took 0.094 seconds
[2024-05-22T23:07:11.278+0000] {processor.py:161} INFO - Started process (PID=55679) to work on /home/airflow/.local/lib/python3.8/site-packages/airflow/example_dags/example_sla_dag.py
[2024-05-22T23:07:11.279+0000] {processor.py:830} INFO - Processing file /home/airflow/.local/lib/python3.8/site-packages/airflow/example_dags/example_sla_dag.py for tasks to queue
[2024-05-22T23:07:11.280+0000] {logging_mixin.py:188} INFO - [2024-05-22T23:07:11.280+0000] {dagbag.py:538} INFO - Filling up the DagBag from /home/airflow/.local/lib/python3.8/site-packages/airflow/example_dags/example_sla_dag.py
[2024-05-22T23:07:11.291+0000] {processor.py:840} INFO - DAG(s) 'example_sla_dag' retrieved from /home/airflow/.local/lib/python3.8/site-packages/airflow/example_dags/example_sla_dag.py
[2024-05-22T23:07:11.312+0000] {logging_mixin.py:188} INFO - [2024-05-22T23:07:11.312+0000] {dag.py:3036} INFO - Sync 1 DAGs
[2024-05-22T23:07:11.338+0000] {logging_mixin.py:188} INFO - [2024-05-22T23:07:11.337+0000] {dag.py:3823} INFO - Setting next_dagrun for example_sla_dag to 2024-05-22 23:04:00+00:00, run_after=2024-05-22 23:06:00+00:00
[2024-05-22T23:07:11.358+0000] {processor.py:183} INFO - Processing /home/airflow/.local/lib/python3.8/site-packages/airflow/example_dags/example_sla_dag.py took 0.084 seconds
[2024-05-22T23:07:41.434+0000] {processor.py:161} INFO - Started process (PID=55736) to work on /home/airflow/.local/lib/python3.8/site-packages/airflow/example_dags/example_sla_dag.py
[2024-05-22T23:07:41.435+0000] {processor.py:830} INFO - Processing file /home/airflow/.local/lib/python3.8/site-packages/airflow/example_dags/example_sla_dag.py for tasks to queue
[2024-05-22T23:07:41.437+0000] {logging_mixin.py:188} INFO - [2024-05-22T23:07:41.437+0000] {dagbag.py:538} INFO - Filling up the DagBag from /home/airflow/.local/lib/python3.8/site-packages/airflow/example_dags/example_sla_dag.py
[2024-05-22T23:07:41.446+0000] {processor.py:840} INFO - DAG(s) 'example_sla_dag' retrieved from /home/airflow/.local/lib/python3.8/site-packages/airflow/example_dags/example_sla_dag.py
[2024-05-22T23:07:41.467+0000] {logging_mixin.py:188} INFO - [2024-05-22T23:07:41.467+0000] {dag.py:3036} INFO - Sync 1 DAGs
[2024-05-22T23:07:41.497+0000] {logging_mixin.py:188} INFO - [2024-05-22T23:07:41.496+0000] {dag.py:3823} INFO - Setting next_dagrun for example_sla_dag to 2024-05-22 23:04:00+00:00, run_after=2024-05-22 23:06:00+00:00
[2024-05-22T23:07:41.518+0000] {processor.py:183} INFO - Processing /home/airflow/.local/lib/python3.8/site-packages/airflow/example_dags/example_sla_dag.py took 0.087 seconds
[2024-05-22T23:08:12.046+0000] {processor.py:161} INFO - Started process (PID=55793) to work on /home/airflow/.local/lib/python3.8/site-packages/airflow/example_dags/example_sla_dag.py
[2024-05-22T23:08:12.048+0000] {processor.py:830} INFO - Processing file /home/airflow/.local/lib/python3.8/site-packages/airflow/example_dags/example_sla_dag.py for tasks to queue
[2024-05-22T23:08:12.050+0000] {logging_mixin.py:188} INFO - [2024-05-22T23:08:12.049+0000] {dagbag.py:538} INFO - Filling up the DagBag from /home/airflow/.local/lib/python3.8/site-packages/airflow/example_dags/example_sla_dag.py
[2024-05-22T23:08:12.059+0000] {processor.py:840} INFO - DAG(s) 'example_sla_dag' retrieved from /home/airflow/.local/lib/python3.8/site-packages/airflow/example_dags/example_sla_dag.py
[2024-05-22T23:08:12.085+0000] {logging_mixin.py:188} INFO - [2024-05-22T23:08:12.084+0000] {dag.py:3036} INFO - Sync 1 DAGs
[2024-05-22T23:08:12.119+0000] {logging_mixin.py:188} INFO - [2024-05-22T23:08:12.119+0000] {dag.py:3823} INFO - Setting next_dagrun for example_sla_dag to 2024-05-22 23:06:00+00:00, run_after=2024-05-22 23:08:00+00:00
[2024-05-22T23:08:12.153+0000] {processor.py:183} INFO - Processing /home/airflow/.local/lib/python3.8/site-packages/airflow/example_dags/example_sla_dag.py took 0.109 seconds
[2024-05-22T23:08:42.870+0000] {processor.py:161} INFO - Started process (PID=55850) to work on /home/airflow/.local/lib/python3.8/site-packages/airflow/example_dags/example_sla_dag.py
[2024-05-22T23:08:42.871+0000] {processor.py:830} INFO - Processing file /home/airflow/.local/lib/python3.8/site-packages/airflow/example_dags/example_sla_dag.py for tasks to queue
[2024-05-22T23:08:42.873+0000] {logging_mixin.py:188} INFO - [2024-05-22T23:08:42.873+0000] {dagbag.py:538} INFO - Filling up the DagBag from /home/airflow/.local/lib/python3.8/site-packages/airflow/example_dags/example_sla_dag.py
[2024-05-22T23:08:42.884+0000] {processor.py:840} INFO - DAG(s) 'example_sla_dag' retrieved from /home/airflow/.local/lib/python3.8/site-packages/airflow/example_dags/example_sla_dag.py
[2024-05-22T23:08:42.911+0000] {logging_mixin.py:188} INFO - [2024-05-22T23:08:42.910+0000] {dag.py:3036} INFO - Sync 1 DAGs
[2024-05-22T23:08:42.943+0000] {logging_mixin.py:188} INFO - [2024-05-22T23:08:42.943+0000] {dag.py:3823} INFO - Setting next_dagrun for example_sla_dag to 2024-05-22 23:06:00+00:00, run_after=2024-05-22 23:08:00+00:00
[2024-05-22T23:08:42.964+0000] {processor.py:183} INFO - Processing /home/airflow/.local/lib/python3.8/site-packages/airflow/example_dags/example_sla_dag.py took 0.097 seconds
[2024-05-22T23:09:13.715+0000] {processor.py:161} INFO - Started process (PID=55913) to work on /home/airflow/.local/lib/python3.8/site-packages/airflow/example_dags/example_sla_dag.py
[2024-05-22T23:09:13.717+0000] {processor.py:830} INFO - Processing file /home/airflow/.local/lib/python3.8/site-packages/airflow/example_dags/example_sla_dag.py for tasks to queue
[2024-05-22T23:09:13.719+0000] {logging_mixin.py:188} INFO - [2024-05-22T23:09:13.718+0000] {dagbag.py:538} INFO - Filling up the DagBag from /home/airflow/.local/lib/python3.8/site-packages/airflow/example_dags/example_sla_dag.py
[2024-05-22T23:09:13.729+0000] {processor.py:840} INFO - DAG(s) 'example_sla_dag' retrieved from /home/airflow/.local/lib/python3.8/site-packages/airflow/example_dags/example_sla_dag.py
[2024-05-22T23:09:13.752+0000] {logging_mixin.py:188} INFO - [2024-05-22T23:09:13.751+0000] {dag.py:3036} INFO - Sync 1 DAGs
[2024-05-22T23:09:13.782+0000] {logging_mixin.py:188} INFO - [2024-05-22T23:09:13.782+0000] {dag.py:3823} INFO - Setting next_dagrun for example_sla_dag to 2024-05-22 23:06:00+00:00, run_after=2024-05-22 23:08:00+00:00
[2024-05-22T23:09:13.808+0000] {processor.py:183} INFO - Processing /home/airflow/.local/lib/python3.8/site-packages/airflow/example_dags/example_sla_dag.py took 0.096 seconds
[2024-05-22T23:09:44.143+0000] {processor.py:161} INFO - Started process (PID=55970) to work on /home/airflow/.local/lib/python3.8/site-packages/airflow/example_dags/example_sla_dag.py
[2024-05-22T23:09:44.144+0000] {processor.py:830} INFO - Processing file /home/airflow/.local/lib/python3.8/site-packages/airflow/example_dags/example_sla_dag.py for tasks to queue
[2024-05-22T23:09:44.146+0000] {logging_mixin.py:188} INFO - [2024-05-22T23:09:44.146+0000] {dagbag.py:538} INFO - Filling up the DagBag from /home/airflow/.local/lib/python3.8/site-packages/airflow/example_dags/example_sla_dag.py
[2024-05-22T23:09:44.155+0000] {processor.py:840} INFO - DAG(s) 'example_sla_dag' retrieved from /home/airflow/.local/lib/python3.8/site-packages/airflow/example_dags/example_sla_dag.py
[2024-05-22T23:09:44.179+0000] {logging_mixin.py:188} INFO - [2024-05-22T23:09:44.178+0000] {dag.py:3036} INFO - Sync 1 DAGs
[2024-05-22T23:09:44.213+0000] {logging_mixin.py:188} INFO - [2024-05-22T23:09:44.213+0000] {dag.py:3823} INFO - Setting next_dagrun for example_sla_dag to 2024-05-22 23:06:00+00:00, run_after=2024-05-22 23:08:00+00:00
[2024-05-22T23:09:44.234+0000] {processor.py:183} INFO - Processing /home/airflow/.local/lib/python3.8/site-packages/airflow/example_dags/example_sla_dag.py took 0.095 seconds
[2024-05-22T23:10:14.439+0000] {processor.py:161} INFO - Started process (PID=56027) to work on /home/airflow/.local/lib/python3.8/site-packages/airflow/example_dags/example_sla_dag.py
[2024-05-22T23:10:14.440+0000] {processor.py:830} INFO - Processing file /home/airflow/.local/lib/python3.8/site-packages/airflow/example_dags/example_sla_dag.py for tasks to queue
[2024-05-22T23:10:14.441+0000] {logging_mixin.py:188} INFO - [2024-05-22T23:10:14.441+0000] {dagbag.py:538} INFO - Filling up the DagBag from /home/airflow/.local/lib/python3.8/site-packages/airflow/example_dags/example_sla_dag.py
[2024-05-22T23:10:14.451+0000] {processor.py:840} INFO - DAG(s) 'example_sla_dag' retrieved from /home/airflow/.local/lib/python3.8/site-packages/airflow/example_dags/example_sla_dag.py
[2024-05-22T23:10:14.473+0000] {logging_mixin.py:188} INFO - [2024-05-22T23:10:14.472+0000] {dag.py:3036} INFO - Sync 1 DAGs
[2024-05-22T23:10:14.499+0000] {logging_mixin.py:188} INFO - [2024-05-22T23:10:14.499+0000] {dag.py:3823} INFO - Setting next_dagrun for example_sla_dag to 2024-05-22 23:08:00+00:00, run_after=2024-05-22 23:10:00+00:00
[2024-05-22T23:10:14.519+0000] {processor.py:183} INFO - Processing /home/airflow/.local/lib/python3.8/site-packages/airflow/example_dags/example_sla_dag.py took 0.084 seconds
