[2024-05-22T22:36:40.137+0000] {processor.py:161} INFO - Started process (PID=52244) to work on /home/airflow/.local/lib/python3.8/site-packages/airflow/example_dags/example_xcom.py
[2024-05-22T22:36:40.139+0000] {processor.py:830} INFO - Processing file /home/airflow/.local/lib/python3.8/site-packages/airflow/example_dags/example_xcom.py for tasks to queue
[2024-05-22T22:36:40.142+0000] {logging_mixin.py:188} INFO - [2024-05-22T22:36:40.141+0000] {dagbag.py:538} INFO - Filling up the DagBag from /home/airflow/.local/lib/python3.8/site-packages/airflow/example_dags/example_xcom.py
[2024-05-22T22:36:40.154+0000] {processor.py:840} INFO - DAG(s) 'example_xcom' retrieved from /home/airflow/.local/lib/python3.8/site-packages/airflow/example_dags/example_xcom.py
[2024-05-22T22:36:40.194+0000] {logging_mixin.py:188} INFO - [2024-05-22T22:36:40.194+0000] {dag.py:3036} INFO - Sync 1 DAGs
[2024-05-22T22:36:40.240+0000] {logging_mixin.py:188} INFO - [2024-05-22T22:36:40.239+0000] {dag.py:3823} INFO - Setting next_dagrun for example_xcom to 2021-01-01 00:00:00+00:00, run_after=2021-01-01 00:00:00+00:00
[2024-05-22T22:36:40.292+0000] {processor.py:183} INFO - Processing /home/airflow/.local/lib/python3.8/site-packages/airflow/example_dags/example_xcom.py took 0.159 seconds
[2024-05-22T22:37:11.081+0000] {processor.py:161} INFO - Started process (PID=52301) to work on /home/airflow/.local/lib/python3.8/site-packages/airflow/example_dags/example_xcom.py
[2024-05-22T22:37:11.082+0000] {processor.py:830} INFO - Processing file /home/airflow/.local/lib/python3.8/site-packages/airflow/example_dags/example_xcom.py for tasks to queue
[2024-05-22T22:37:11.084+0000] {logging_mixin.py:188} INFO - [2024-05-22T22:37:11.083+0000] {dagbag.py:538} INFO - Filling up the DagBag from /home/airflow/.local/lib/python3.8/site-packages/airflow/example_dags/example_xcom.py
[2024-05-22T22:37:11.090+0000] {processor.py:840} INFO - DAG(s) 'example_xcom' retrieved from /home/airflow/.local/lib/python3.8/site-packages/airflow/example_dags/example_xcom.py
[2024-05-22T22:37:11.110+0000] {logging_mixin.py:188} INFO - [2024-05-22T22:37:11.109+0000] {dag.py:3036} INFO - Sync 1 DAGs
[2024-05-22T22:37:11.134+0000] {logging_mixin.py:188} INFO - [2024-05-22T22:37:11.133+0000] {dag.py:3823} INFO - Setting next_dagrun for example_xcom to 2021-01-01 00:00:00+00:00, run_after=2021-01-01 00:00:00+00:00
[2024-05-22T22:37:11.158+0000] {processor.py:183} INFO - Processing /home/airflow/.local/lib/python3.8/site-packages/airflow/example_dags/example_xcom.py took 0.080 seconds
[2024-05-22T22:37:41.619+0000] {processor.py:161} INFO - Started process (PID=52358) to work on /home/airflow/.local/lib/python3.8/site-packages/airflow/example_dags/example_xcom.py
[2024-05-22T22:37:41.620+0000] {processor.py:830} INFO - Processing file /home/airflow/.local/lib/python3.8/site-packages/airflow/example_dags/example_xcom.py for tasks to queue
[2024-05-22T22:37:41.621+0000] {logging_mixin.py:188} INFO - [2024-05-22T22:37:41.621+0000] {dagbag.py:538} INFO - Filling up the DagBag from /home/airflow/.local/lib/python3.8/site-packages/airflow/example_dags/example_xcom.py
[2024-05-22T22:37:41.629+0000] {processor.py:840} INFO - DAG(s) 'example_xcom' retrieved from /home/airflow/.local/lib/python3.8/site-packages/airflow/example_dags/example_xcom.py
[2024-05-22T22:37:41.653+0000] {logging_mixin.py:188} INFO - [2024-05-22T22:37:41.653+0000] {dag.py:3036} INFO - Sync 1 DAGs
[2024-05-22T22:37:41.677+0000] {logging_mixin.py:188} INFO - [2024-05-22T22:37:41.676+0000] {dag.py:3823} INFO - Setting next_dagrun for example_xcom to 2021-01-01 00:00:00+00:00, run_after=2021-01-01 00:00:00+00:00
[2024-05-22T22:37:41.701+0000] {processor.py:183} INFO - Processing /home/airflow/.local/lib/python3.8/site-packages/airflow/example_dags/example_xcom.py took 0.086 seconds
[2024-05-22T22:38:12.115+0000] {processor.py:161} INFO - Started process (PID=52415) to work on /home/airflow/.local/lib/python3.8/site-packages/airflow/example_dags/example_xcom.py
[2024-05-22T22:38:12.116+0000] {processor.py:830} INFO - Processing file /home/airflow/.local/lib/python3.8/site-packages/airflow/example_dags/example_xcom.py for tasks to queue
[2024-05-22T22:38:12.118+0000] {logging_mixin.py:188} INFO - [2024-05-22T22:38:12.118+0000] {dagbag.py:538} INFO - Filling up the DagBag from /home/airflow/.local/lib/python3.8/site-packages/airflow/example_dags/example_xcom.py
[2024-05-22T22:38:12.128+0000] {processor.py:840} INFO - DAG(s) 'example_xcom' retrieved from /home/airflow/.local/lib/python3.8/site-packages/airflow/example_dags/example_xcom.py
[2024-05-22T22:38:12.158+0000] {logging_mixin.py:188} INFO - [2024-05-22T22:38:12.157+0000] {dag.py:3036} INFO - Sync 1 DAGs
[2024-05-22T22:38:12.188+0000] {logging_mixin.py:188} INFO - [2024-05-22T22:38:12.187+0000] {dag.py:3823} INFO - Setting next_dagrun for example_xcom to 2021-01-01 00:00:00+00:00, run_after=2021-01-01 00:00:00+00:00
[2024-05-22T22:38:12.215+0000] {processor.py:183} INFO - Processing /home/airflow/.local/lib/python3.8/site-packages/airflow/example_dags/example_xcom.py took 0.103 seconds
[2024-05-22T22:38:42.683+0000] {processor.py:161} INFO - Started process (PID=52472) to work on /home/airflow/.local/lib/python3.8/site-packages/airflow/example_dags/example_xcom.py
[2024-05-22T22:38:42.684+0000] {processor.py:830} INFO - Processing file /home/airflow/.local/lib/python3.8/site-packages/airflow/example_dags/example_xcom.py for tasks to queue
[2024-05-22T22:38:42.687+0000] {logging_mixin.py:188} INFO - [2024-05-22T22:38:42.687+0000] {dagbag.py:538} INFO - Filling up the DagBag from /home/airflow/.local/lib/python3.8/site-packages/airflow/example_dags/example_xcom.py
[2024-05-22T22:38:42.696+0000] {processor.py:840} INFO - DAG(s) 'example_xcom' retrieved from /home/airflow/.local/lib/python3.8/site-packages/airflow/example_dags/example_xcom.py
[2024-05-22T22:38:42.726+0000] {logging_mixin.py:188} INFO - [2024-05-22T22:38:42.726+0000] {dag.py:3036} INFO - Sync 1 DAGs
[2024-05-22T22:38:42.758+0000] {logging_mixin.py:188} INFO - [2024-05-22T22:38:42.758+0000] {dag.py:3823} INFO - Setting next_dagrun for example_xcom to 2021-01-01 00:00:00+00:00, run_after=2021-01-01 00:00:00+00:00
[2024-05-22T22:38:42.786+0000] {processor.py:183} INFO - Processing /home/airflow/.local/lib/python3.8/site-packages/airflow/example_dags/example_xcom.py took 0.107 seconds
[2024-05-22T22:39:13.052+0000] {processor.py:161} INFO - Started process (PID=52529) to work on /home/airflow/.local/lib/python3.8/site-packages/airflow/example_dags/example_xcom.py
[2024-05-22T22:39:13.053+0000] {processor.py:830} INFO - Processing file /home/airflow/.local/lib/python3.8/site-packages/airflow/example_dags/example_xcom.py for tasks to queue
[2024-05-22T22:39:13.055+0000] {logging_mixin.py:188} INFO - [2024-05-22T22:39:13.054+0000] {dagbag.py:538} INFO - Filling up the DagBag from /home/airflow/.local/lib/python3.8/site-packages/airflow/example_dags/example_xcom.py
[2024-05-22T22:39:13.062+0000] {processor.py:840} INFO - DAG(s) 'example_xcom' retrieved from /home/airflow/.local/lib/python3.8/site-packages/airflow/example_dags/example_xcom.py
[2024-05-22T22:39:13.082+0000] {logging_mixin.py:188} INFO - [2024-05-22T22:39:13.082+0000] {dag.py:3036} INFO - Sync 1 DAGs
[2024-05-22T22:39:13.107+0000] {logging_mixin.py:188} INFO - [2024-05-22T22:39:13.107+0000] {dag.py:3823} INFO - Setting next_dagrun for example_xcom to 2021-01-01 00:00:00+00:00, run_after=2021-01-01 00:00:00+00:00
[2024-05-22T22:39:13.130+0000] {processor.py:183} INFO - Processing /home/airflow/.local/lib/python3.8/site-packages/airflow/example_dags/example_xcom.py took 0.081 seconds
[2024-05-22T22:39:43.440+0000] {processor.py:161} INFO - Started process (PID=52586) to work on /home/airflow/.local/lib/python3.8/site-packages/airflow/example_dags/example_xcom.py
[2024-05-22T22:39:43.441+0000] {processor.py:830} INFO - Processing file /home/airflow/.local/lib/python3.8/site-packages/airflow/example_dags/example_xcom.py for tasks to queue
[2024-05-22T22:39:43.443+0000] {logging_mixin.py:188} INFO - [2024-05-22T22:39:43.442+0000] {dagbag.py:538} INFO - Filling up the DagBag from /home/airflow/.local/lib/python3.8/site-packages/airflow/example_dags/example_xcom.py
[2024-05-22T22:39:43.450+0000] {processor.py:840} INFO - DAG(s) 'example_xcom' retrieved from /home/airflow/.local/lib/python3.8/site-packages/airflow/example_dags/example_xcom.py
[2024-05-22T22:39:43.480+0000] {logging_mixin.py:188} INFO - [2024-05-22T22:39:43.479+0000] {dag.py:3036} INFO - Sync 1 DAGs
[2024-05-22T22:39:43.507+0000] {logging_mixin.py:188} INFO - [2024-05-22T22:39:43.507+0000] {dag.py:3823} INFO - Setting next_dagrun for example_xcom to 2021-01-01 00:00:00+00:00, run_after=2021-01-01 00:00:00+00:00
[2024-05-22T22:39:43.534+0000] {processor.py:183} INFO - Processing /home/airflow/.local/lib/python3.8/site-packages/airflow/example_dags/example_xcom.py took 0.096 seconds
[2024-05-22T22:40:13.895+0000] {processor.py:161} INFO - Started process (PID=52643) to work on /home/airflow/.local/lib/python3.8/site-packages/airflow/example_dags/example_xcom.py
[2024-05-22T22:40:13.896+0000] {processor.py:830} INFO - Processing file /home/airflow/.local/lib/python3.8/site-packages/airflow/example_dags/example_xcom.py for tasks to queue
[2024-05-22T22:40:13.898+0000] {logging_mixin.py:188} INFO - [2024-05-22T22:40:13.898+0000] {dagbag.py:538} INFO - Filling up the DagBag from /home/airflow/.local/lib/python3.8/site-packages/airflow/example_dags/example_xcom.py
[2024-05-22T22:40:13.906+0000] {processor.py:840} INFO - DAG(s) 'example_xcom' retrieved from /home/airflow/.local/lib/python3.8/site-packages/airflow/example_dags/example_xcom.py
[2024-05-22T22:40:13.933+0000] {logging_mixin.py:188} INFO - [2024-05-22T22:40:13.933+0000] {dag.py:3036} INFO - Sync 1 DAGs
[2024-05-22T22:40:13.962+0000] {logging_mixin.py:188} INFO - [2024-05-22T22:40:13.961+0000] {dag.py:3823} INFO - Setting next_dagrun for example_xcom to 2021-01-01 00:00:00+00:00, run_after=2021-01-01 00:00:00+00:00
[2024-05-22T22:40:13.987+0000] {processor.py:183} INFO - Processing /home/airflow/.local/lib/python3.8/site-packages/airflow/example_dags/example_xcom.py took 0.095 seconds
[2024-05-22T22:40:44.575+0000] {processor.py:161} INFO - Started process (PID=52700) to work on /home/airflow/.local/lib/python3.8/site-packages/airflow/example_dags/example_xcom.py
[2024-05-22T22:40:44.576+0000] {processor.py:830} INFO - Processing file /home/airflow/.local/lib/python3.8/site-packages/airflow/example_dags/example_xcom.py for tasks to queue
[2024-05-22T22:40:44.578+0000] {logging_mixin.py:188} INFO - [2024-05-22T22:40:44.578+0000] {dagbag.py:538} INFO - Filling up the DagBag from /home/airflow/.local/lib/python3.8/site-packages/airflow/example_dags/example_xcom.py
[2024-05-22T22:40:44.585+0000] {processor.py:840} INFO - DAG(s) 'example_xcom' retrieved from /home/airflow/.local/lib/python3.8/site-packages/airflow/example_dags/example_xcom.py
[2024-05-22T22:40:44.608+0000] {logging_mixin.py:188} INFO - [2024-05-22T22:40:44.608+0000] {dag.py:3036} INFO - Sync 1 DAGs
[2024-05-22T22:40:44.633+0000] {logging_mixin.py:188} INFO - [2024-05-22T22:40:44.633+0000] {dag.py:3823} INFO - Setting next_dagrun for example_xcom to 2021-01-01 00:00:00+00:00, run_after=2021-01-01 00:00:00+00:00
[2024-05-22T22:40:44.657+0000] {processor.py:183} INFO - Processing /home/airflow/.local/lib/python3.8/site-packages/airflow/example_dags/example_xcom.py took 0.087 seconds
[2024-05-22T22:41:14.906+0000] {processor.py:161} INFO - Started process (PID=52757) to work on /home/airflow/.local/lib/python3.8/site-packages/airflow/example_dags/example_xcom.py
[2024-05-22T22:41:14.908+0000] {processor.py:830} INFO - Processing file /home/airflow/.local/lib/python3.8/site-packages/airflow/example_dags/example_xcom.py for tasks to queue
[2024-05-22T22:41:14.910+0000] {logging_mixin.py:188} INFO - [2024-05-22T22:41:14.910+0000] {dagbag.py:538} INFO - Filling up the DagBag from /home/airflow/.local/lib/python3.8/site-packages/airflow/example_dags/example_xcom.py
[2024-05-22T22:41:14.919+0000] {processor.py:840} INFO - DAG(s) 'example_xcom' retrieved from /home/airflow/.local/lib/python3.8/site-packages/airflow/example_dags/example_xcom.py
[2024-05-22T22:41:14.944+0000] {logging_mixin.py:188} INFO - [2024-05-22T22:41:14.944+0000] {dag.py:3036} INFO - Sync 1 DAGs
[2024-05-22T22:41:14.971+0000] {logging_mixin.py:188} INFO - [2024-05-22T22:41:14.970+0000] {dag.py:3823} INFO - Setting next_dagrun for example_xcom to 2021-01-01 00:00:00+00:00, run_after=2021-01-01 00:00:00+00:00
[2024-05-22T22:41:14.996+0000] {processor.py:183} INFO - Processing /home/airflow/.local/lib/python3.8/site-packages/airflow/example_dags/example_xcom.py took 0.094 seconds
[2024-05-22T22:41:45.345+0000] {processor.py:161} INFO - Started process (PID=52814) to work on /home/airflow/.local/lib/python3.8/site-packages/airflow/example_dags/example_xcom.py
[2024-05-22T22:41:45.346+0000] {processor.py:830} INFO - Processing file /home/airflow/.local/lib/python3.8/site-packages/airflow/example_dags/example_xcom.py for tasks to queue
[2024-05-22T22:41:45.348+0000] {logging_mixin.py:188} INFO - [2024-05-22T22:41:45.347+0000] {dagbag.py:538} INFO - Filling up the DagBag from /home/airflow/.local/lib/python3.8/site-packages/airflow/example_dags/example_xcom.py
[2024-05-22T22:41:45.357+0000] {processor.py:840} INFO - DAG(s) 'example_xcom' retrieved from /home/airflow/.local/lib/python3.8/site-packages/airflow/example_dags/example_xcom.py
[2024-05-22T22:41:45.382+0000] {logging_mixin.py:188} INFO - [2024-05-22T22:41:45.382+0000] {dag.py:3036} INFO - Sync 1 DAGs
[2024-05-22T22:41:45.410+0000] {logging_mixin.py:188} INFO - [2024-05-22T22:41:45.410+0000] {dag.py:3823} INFO - Setting next_dagrun for example_xcom to 2021-01-01 00:00:00+00:00, run_after=2021-01-01 00:00:00+00:00
[2024-05-22T22:41:45.444+0000] {processor.py:183} INFO - Processing /home/airflow/.local/lib/python3.8/site-packages/airflow/example_dags/example_xcom.py took 0.103 seconds
[2024-05-22T22:42:16.075+0000] {processor.py:161} INFO - Started process (PID=52872) to work on /home/airflow/.local/lib/python3.8/site-packages/airflow/example_dags/example_xcom.py
[2024-05-22T22:42:16.076+0000] {processor.py:830} INFO - Processing file /home/airflow/.local/lib/python3.8/site-packages/airflow/example_dags/example_xcom.py for tasks to queue
[2024-05-22T22:42:16.078+0000] {logging_mixin.py:188} INFO - [2024-05-22T22:42:16.078+0000] {dagbag.py:538} INFO - Filling up the DagBag from /home/airflow/.local/lib/python3.8/site-packages/airflow/example_dags/example_xcom.py
[2024-05-22T22:42:16.086+0000] {processor.py:840} INFO - DAG(s) 'example_xcom' retrieved from /home/airflow/.local/lib/python3.8/site-packages/airflow/example_dags/example_xcom.py
[2024-05-22T22:42:16.115+0000] {logging_mixin.py:188} INFO - [2024-05-22T22:42:16.114+0000] {dag.py:3036} INFO - Sync 1 DAGs
[2024-05-22T22:42:16.140+0000] {logging_mixin.py:188} INFO - [2024-05-22T22:42:16.139+0000] {dag.py:3823} INFO - Setting next_dagrun for example_xcom to 2021-01-01 00:00:00+00:00, run_after=2021-01-01 00:00:00+00:00
[2024-05-22T22:42:16.169+0000] {processor.py:183} INFO - Processing /home/airflow/.local/lib/python3.8/site-packages/airflow/example_dags/example_xcom.py took 0.097 seconds
[2024-05-22T22:42:46.727+0000] {processor.py:161} INFO - Started process (PID=52929) to work on /home/airflow/.local/lib/python3.8/site-packages/airflow/example_dags/example_xcom.py
[2024-05-22T22:42:46.728+0000] {processor.py:830} INFO - Processing file /home/airflow/.local/lib/python3.8/site-packages/airflow/example_dags/example_xcom.py for tasks to queue
[2024-05-22T22:42:46.730+0000] {logging_mixin.py:188} INFO - [2024-05-22T22:42:46.730+0000] {dagbag.py:538} INFO - Filling up the DagBag from /home/airflow/.local/lib/python3.8/site-packages/airflow/example_dags/example_xcom.py
[2024-05-22T22:42:46.737+0000] {processor.py:840} INFO - DAG(s) 'example_xcom' retrieved from /home/airflow/.local/lib/python3.8/site-packages/airflow/example_dags/example_xcom.py
[2024-05-22T22:42:46.760+0000] {logging_mixin.py:188} INFO - [2024-05-22T22:42:46.760+0000] {dag.py:3036} INFO - Sync 1 DAGs
[2024-05-22T22:42:46.785+0000] {logging_mixin.py:188} INFO - [2024-05-22T22:42:46.784+0000] {dag.py:3823} INFO - Setting next_dagrun for example_xcom to 2021-01-01 00:00:00+00:00, run_after=2021-01-01 00:00:00+00:00
[2024-05-22T22:42:46.804+0000] {processor.py:183} INFO - Processing /home/airflow/.local/lib/python3.8/site-packages/airflow/example_dags/example_xcom.py took 0.081 seconds
[2024-05-22T22:43:17.399+0000] {processor.py:161} INFO - Started process (PID=52986) to work on /home/airflow/.local/lib/python3.8/site-packages/airflow/example_dags/example_xcom.py
[2024-05-22T22:43:17.400+0000] {processor.py:830} INFO - Processing file /home/airflow/.local/lib/python3.8/site-packages/airflow/example_dags/example_xcom.py for tasks to queue
[2024-05-22T22:43:17.402+0000] {logging_mixin.py:188} INFO - [2024-05-22T22:43:17.402+0000] {dagbag.py:538} INFO - Filling up the DagBag from /home/airflow/.local/lib/python3.8/site-packages/airflow/example_dags/example_xcom.py
[2024-05-22T22:43:17.413+0000] {processor.py:840} INFO - DAG(s) 'example_xcom' retrieved from /home/airflow/.local/lib/python3.8/site-packages/airflow/example_dags/example_xcom.py
[2024-05-22T22:43:17.439+0000] {logging_mixin.py:188} INFO - [2024-05-22T22:43:17.439+0000] {dag.py:3036} INFO - Sync 1 DAGs
[2024-05-22T22:43:17.471+0000] {logging_mixin.py:188} INFO - [2024-05-22T22:43:17.470+0000] {dag.py:3823} INFO - Setting next_dagrun for example_xcom to 2021-01-01 00:00:00+00:00, run_after=2021-01-01 00:00:00+00:00
[2024-05-22T22:43:17.500+0000] {processor.py:183} INFO - Processing /home/airflow/.local/lib/python3.8/site-packages/airflow/example_dags/example_xcom.py took 0.104 seconds
[2024-05-22T22:43:47.993+0000] {processor.py:161} INFO - Started process (PID=53043) to work on /home/airflow/.local/lib/python3.8/site-packages/airflow/example_dags/example_xcom.py
[2024-05-22T22:43:47.995+0000] {processor.py:830} INFO - Processing file /home/airflow/.local/lib/python3.8/site-packages/airflow/example_dags/example_xcom.py for tasks to queue
[2024-05-22T22:43:47.997+0000] {logging_mixin.py:188} INFO - [2024-05-22T22:43:47.997+0000] {dagbag.py:538} INFO - Filling up the DagBag from /home/airflow/.local/lib/python3.8/site-packages/airflow/example_dags/example_xcom.py
[2024-05-22T22:43:48.010+0000] {processor.py:840} INFO - DAG(s) 'example_xcom' retrieved from /home/airflow/.local/lib/python3.8/site-packages/airflow/example_dags/example_xcom.py
[2024-05-22T22:43:48.054+0000] {logging_mixin.py:188} INFO - [2024-05-22T22:43:48.054+0000] {dag.py:3036} INFO - Sync 1 DAGs
[2024-05-22T22:43:48.093+0000] {logging_mixin.py:188} INFO - [2024-05-22T22:43:48.092+0000] {dag.py:3823} INFO - Setting next_dagrun for example_xcom to 2021-01-01 00:00:00+00:00, run_after=2021-01-01 00:00:00+00:00
[2024-05-22T22:43:48.127+0000] {processor.py:183} INFO - Processing /home/airflow/.local/lib/python3.8/site-packages/airflow/example_dags/example_xcom.py took 0.139 seconds
[2024-05-22T22:44:18.249+0000] {processor.py:161} INFO - Started process (PID=53100) to work on /home/airflow/.local/lib/python3.8/site-packages/airflow/example_dags/example_xcom.py
[2024-05-22T22:44:18.252+0000] {processor.py:830} INFO - Processing file /home/airflow/.local/lib/python3.8/site-packages/airflow/example_dags/example_xcom.py for tasks to queue
[2024-05-22T22:44:18.254+0000] {logging_mixin.py:188} INFO - [2024-05-22T22:44:18.254+0000] {dagbag.py:538} INFO - Filling up the DagBag from /home/airflow/.local/lib/python3.8/site-packages/airflow/example_dags/example_xcom.py
[2024-05-22T22:44:18.262+0000] {processor.py:840} INFO - DAG(s) 'example_xcom' retrieved from /home/airflow/.local/lib/python3.8/site-packages/airflow/example_dags/example_xcom.py
[2024-05-22T22:44:18.286+0000] {logging_mixin.py:188} INFO - [2024-05-22T22:44:18.286+0000] {dag.py:3036} INFO - Sync 1 DAGs
[2024-05-22T22:44:18.312+0000] {logging_mixin.py:188} INFO - [2024-05-22T22:44:18.312+0000] {dag.py:3823} INFO - Setting next_dagrun for example_xcom to 2021-01-01 00:00:00+00:00, run_after=2021-01-01 00:00:00+00:00
[2024-05-22T22:44:18.336+0000] {processor.py:183} INFO - Processing /home/airflow/.local/lib/python3.8/site-packages/airflow/example_dags/example_xcom.py took 0.090 seconds
[2024-05-22T22:44:48.595+0000] {processor.py:161} INFO - Started process (PID=53157) to work on /home/airflow/.local/lib/python3.8/site-packages/airflow/example_dags/example_xcom.py
[2024-05-22T22:44:48.596+0000] {processor.py:830} INFO - Processing file /home/airflow/.local/lib/python3.8/site-packages/airflow/example_dags/example_xcom.py for tasks to queue
[2024-05-22T22:44:48.598+0000] {logging_mixin.py:188} INFO - [2024-05-22T22:44:48.598+0000] {dagbag.py:538} INFO - Filling up the DagBag from /home/airflow/.local/lib/python3.8/site-packages/airflow/example_dags/example_xcom.py
[2024-05-22T22:44:48.607+0000] {processor.py:840} INFO - DAG(s) 'example_xcom' retrieved from /home/airflow/.local/lib/python3.8/site-packages/airflow/example_dags/example_xcom.py
[2024-05-22T22:44:48.633+0000] {logging_mixin.py:188} INFO - [2024-05-22T22:44:48.633+0000] {dag.py:3036} INFO - Sync 1 DAGs
[2024-05-22T22:44:48.664+0000] {logging_mixin.py:188} INFO - [2024-05-22T22:44:48.663+0000] {dag.py:3823} INFO - Setting next_dagrun for example_xcom to 2021-01-01 00:00:00+00:00, run_after=2021-01-01 00:00:00+00:00
[2024-05-22T22:44:48.691+0000] {processor.py:183} INFO - Processing /home/airflow/.local/lib/python3.8/site-packages/airflow/example_dags/example_xcom.py took 0.100 seconds
[2024-05-22T22:45:18.837+0000] {processor.py:161} INFO - Started process (PID=53215) to work on /home/airflow/.local/lib/python3.8/site-packages/airflow/example_dags/example_xcom.py
[2024-05-22T22:45:18.838+0000] {processor.py:830} INFO - Processing file /home/airflow/.local/lib/python3.8/site-packages/airflow/example_dags/example_xcom.py for tasks to queue
[2024-05-22T22:45:18.839+0000] {logging_mixin.py:188} INFO - [2024-05-22T22:45:18.839+0000] {dagbag.py:538} INFO - Filling up the DagBag from /home/airflow/.local/lib/python3.8/site-packages/airflow/example_dags/example_xcom.py
[2024-05-22T22:45:18.848+0000] {processor.py:840} INFO - DAG(s) 'example_xcom' retrieved from /home/airflow/.local/lib/python3.8/site-packages/airflow/example_dags/example_xcom.py
[2024-05-22T22:45:18.872+0000] {logging_mixin.py:188} INFO - [2024-05-22T22:45:18.872+0000] {dag.py:3036} INFO - Sync 1 DAGs
[2024-05-22T22:45:18.897+0000] {logging_mixin.py:188} INFO - [2024-05-22T22:45:18.897+0000] {dag.py:3823} INFO - Setting next_dagrun for example_xcom to 2021-01-01 00:00:00+00:00, run_after=2021-01-01 00:00:00+00:00
[2024-05-22T22:45:18.922+0000] {processor.py:183} INFO - Processing /home/airflow/.local/lib/python3.8/site-packages/airflow/example_dags/example_xcom.py took 0.090 seconds
[2024-05-22T22:45:49.247+0000] {processor.py:161} INFO - Started process (PID=53273) to work on /home/airflow/.local/lib/python3.8/site-packages/airflow/example_dags/example_xcom.py
[2024-05-22T22:45:49.248+0000] {processor.py:830} INFO - Processing file /home/airflow/.local/lib/python3.8/site-packages/airflow/example_dags/example_xcom.py for tasks to queue
[2024-05-22T22:45:49.250+0000] {logging_mixin.py:188} INFO - [2024-05-22T22:45:49.250+0000] {dagbag.py:538} INFO - Filling up the DagBag from /home/airflow/.local/lib/python3.8/site-packages/airflow/example_dags/example_xcom.py
[2024-05-22T22:45:49.260+0000] {processor.py:840} INFO - DAG(s) 'example_xcom' retrieved from /home/airflow/.local/lib/python3.8/site-packages/airflow/example_dags/example_xcom.py
[2024-05-22T22:45:49.284+0000] {logging_mixin.py:188} INFO - [2024-05-22T22:45:49.284+0000] {dag.py:3036} INFO - Sync 1 DAGs
[2024-05-22T22:45:49.314+0000] {logging_mixin.py:188} INFO - [2024-05-22T22:45:49.313+0000] {dag.py:3823} INFO - Setting next_dagrun for example_xcom to 2021-01-01 00:00:00+00:00, run_after=2021-01-01 00:00:00+00:00
[2024-05-22T22:45:49.338+0000] {processor.py:183} INFO - Processing /home/airflow/.local/lib/python3.8/site-packages/airflow/example_dags/example_xcom.py took 0.097 seconds
[2024-05-22T22:46:19.801+0000] {processor.py:161} INFO - Started process (PID=53331) to work on /home/airflow/.local/lib/python3.8/site-packages/airflow/example_dags/example_xcom.py
[2024-05-22T22:46:19.802+0000] {processor.py:830} INFO - Processing file /home/airflow/.local/lib/python3.8/site-packages/airflow/example_dags/example_xcom.py for tasks to queue
[2024-05-22T22:46:19.804+0000] {logging_mixin.py:188} INFO - [2024-05-22T22:46:19.804+0000] {dagbag.py:538} INFO - Filling up the DagBag from /home/airflow/.local/lib/python3.8/site-packages/airflow/example_dags/example_xcom.py
[2024-05-22T22:46:19.813+0000] {processor.py:840} INFO - DAG(s) 'example_xcom' retrieved from /home/airflow/.local/lib/python3.8/site-packages/airflow/example_dags/example_xcom.py
[2024-05-22T22:46:19.835+0000] {logging_mixin.py:188} INFO - [2024-05-22T22:46:19.835+0000] {dag.py:3036} INFO - Sync 1 DAGs
[2024-05-22T22:46:19.857+0000] {logging_mixin.py:188} INFO - [2024-05-22T22:46:19.857+0000] {dag.py:3823} INFO - Setting next_dagrun for example_xcom to 2021-01-01 00:00:00+00:00, run_after=2021-01-01 00:00:00+00:00
[2024-05-22T22:46:19.880+0000] {processor.py:183} INFO - Processing /home/airflow/.local/lib/python3.8/site-packages/airflow/example_dags/example_xcom.py took 0.083 seconds
[2024-05-22T22:46:50.177+0000] {processor.py:161} INFO - Started process (PID=53388) to work on /home/airflow/.local/lib/python3.8/site-packages/airflow/example_dags/example_xcom.py
[2024-05-22T22:46:50.178+0000] {processor.py:830} INFO - Processing file /home/airflow/.local/lib/python3.8/site-packages/airflow/example_dags/example_xcom.py for tasks to queue
[2024-05-22T22:46:50.180+0000] {logging_mixin.py:188} INFO - [2024-05-22T22:46:50.180+0000] {dagbag.py:538} INFO - Filling up the DagBag from /home/airflow/.local/lib/python3.8/site-packages/airflow/example_dags/example_xcom.py
[2024-05-22T22:46:50.190+0000] {processor.py:840} INFO - DAG(s) 'example_xcom' retrieved from /home/airflow/.local/lib/python3.8/site-packages/airflow/example_dags/example_xcom.py
[2024-05-22T22:46:50.213+0000] {logging_mixin.py:188} INFO - [2024-05-22T22:46:50.213+0000] {dag.py:3036} INFO - Sync 1 DAGs
[2024-05-22T22:46:50.240+0000] {logging_mixin.py:188} INFO - [2024-05-22T22:46:50.239+0000] {dag.py:3823} INFO - Setting next_dagrun for example_xcom to 2021-01-01 00:00:00+00:00, run_after=2021-01-01 00:00:00+00:00
[2024-05-22T22:46:50.270+0000] {processor.py:183} INFO - Processing /home/airflow/.local/lib/python3.8/site-packages/airflow/example_dags/example_xcom.py took 0.096 seconds
[2024-05-22T22:47:20.690+0000] {processor.py:161} INFO - Started process (PID=53445) to work on /home/airflow/.local/lib/python3.8/site-packages/airflow/example_dags/example_xcom.py
[2024-05-22T22:47:20.691+0000] {processor.py:830} INFO - Processing file /home/airflow/.local/lib/python3.8/site-packages/airflow/example_dags/example_xcom.py for tasks to queue
[2024-05-22T22:47:20.693+0000] {logging_mixin.py:188} INFO - [2024-05-22T22:47:20.692+0000] {dagbag.py:538} INFO - Filling up the DagBag from /home/airflow/.local/lib/python3.8/site-packages/airflow/example_dags/example_xcom.py
[2024-05-22T22:47:20.700+0000] {processor.py:840} INFO - DAG(s) 'example_xcom' retrieved from /home/airflow/.local/lib/python3.8/site-packages/airflow/example_dags/example_xcom.py
[2024-05-22T22:47:20.722+0000] {logging_mixin.py:188} INFO - [2024-05-22T22:47:20.722+0000] {dag.py:3036} INFO - Sync 1 DAGs
[2024-05-22T22:47:20.748+0000] {logging_mixin.py:188} INFO - [2024-05-22T22:47:20.747+0000] {dag.py:3823} INFO - Setting next_dagrun for example_xcom to 2021-01-01 00:00:00+00:00, run_after=2021-01-01 00:00:00+00:00
[2024-05-22T22:47:20.769+0000] {processor.py:183} INFO - Processing /home/airflow/.local/lib/python3.8/site-packages/airflow/example_dags/example_xcom.py took 0.083 seconds
[2024-05-22T22:47:51.081+0000] {processor.py:161} INFO - Started process (PID=53503) to work on /home/airflow/.local/lib/python3.8/site-packages/airflow/example_dags/example_xcom.py
[2024-05-22T22:47:51.082+0000] {processor.py:830} INFO - Processing file /home/airflow/.local/lib/python3.8/site-packages/airflow/example_dags/example_xcom.py for tasks to queue
[2024-05-22T22:47:51.084+0000] {logging_mixin.py:188} INFO - [2024-05-22T22:47:51.084+0000] {dagbag.py:538} INFO - Filling up the DagBag from /home/airflow/.local/lib/python3.8/site-packages/airflow/example_dags/example_xcom.py
[2024-05-22T22:47:51.093+0000] {processor.py:840} INFO - DAG(s) 'example_xcom' retrieved from /home/airflow/.local/lib/python3.8/site-packages/airflow/example_dags/example_xcom.py
[2024-05-22T22:47:51.116+0000] {logging_mixin.py:188} INFO - [2024-05-22T22:47:51.116+0000] {dag.py:3036} INFO - Sync 1 DAGs
[2024-05-22T22:47:51.139+0000] {logging_mixin.py:188} INFO - [2024-05-22T22:47:51.139+0000] {dag.py:3823} INFO - Setting next_dagrun for example_xcom to 2021-01-01 00:00:00+00:00, run_after=2021-01-01 00:00:00+00:00
[2024-05-22T22:47:51.161+0000] {processor.py:183} INFO - Processing /home/airflow/.local/lib/python3.8/site-packages/airflow/example_dags/example_xcom.py took 0.084 seconds
[2024-05-22T22:48:21.761+0000] {processor.py:161} INFO - Started process (PID=53560) to work on /home/airflow/.local/lib/python3.8/site-packages/airflow/example_dags/example_xcom.py
[2024-05-22T22:48:21.763+0000] {processor.py:830} INFO - Processing file /home/airflow/.local/lib/python3.8/site-packages/airflow/example_dags/example_xcom.py for tasks to queue
[2024-05-22T22:48:21.765+0000] {logging_mixin.py:188} INFO - [2024-05-22T22:48:21.764+0000] {dagbag.py:538} INFO - Filling up the DagBag from /home/airflow/.local/lib/python3.8/site-packages/airflow/example_dags/example_xcom.py
[2024-05-22T22:48:21.772+0000] {processor.py:840} INFO - DAG(s) 'example_xcom' retrieved from /home/airflow/.local/lib/python3.8/site-packages/airflow/example_dags/example_xcom.py
[2024-05-22T22:48:21.795+0000] {logging_mixin.py:188} INFO - [2024-05-22T22:48:21.794+0000] {dag.py:3036} INFO - Sync 1 DAGs
[2024-05-22T22:48:21.817+0000] {logging_mixin.py:188} INFO - [2024-05-22T22:48:21.817+0000] {dag.py:3823} INFO - Setting next_dagrun for example_xcom to 2021-01-01 00:00:00+00:00, run_after=2021-01-01 00:00:00+00:00
[2024-05-22T22:48:21.843+0000] {processor.py:183} INFO - Processing /home/airflow/.local/lib/python3.8/site-packages/airflow/example_dags/example_xcom.py took 0.085 seconds
[2024-05-22T22:48:52.143+0000] {processor.py:161} INFO - Started process (PID=53617) to work on /home/airflow/.local/lib/python3.8/site-packages/airflow/example_dags/example_xcom.py
[2024-05-22T22:48:52.144+0000] {processor.py:830} INFO - Processing file /home/airflow/.local/lib/python3.8/site-packages/airflow/example_dags/example_xcom.py for tasks to queue
[2024-05-22T22:48:52.146+0000] {logging_mixin.py:188} INFO - [2024-05-22T22:48:52.146+0000] {dagbag.py:538} INFO - Filling up the DagBag from /home/airflow/.local/lib/python3.8/site-packages/airflow/example_dags/example_xcom.py
[2024-05-22T22:48:52.156+0000] {processor.py:840} INFO - DAG(s) 'example_xcom' retrieved from /home/airflow/.local/lib/python3.8/site-packages/airflow/example_dags/example_xcom.py
[2024-05-22T22:48:52.180+0000] {logging_mixin.py:188} INFO - [2024-05-22T22:48:52.180+0000] {dag.py:3036} INFO - Sync 1 DAGs
[2024-05-22T22:48:52.204+0000] {logging_mixin.py:188} INFO - [2024-05-22T22:48:52.203+0000] {dag.py:3823} INFO - Setting next_dagrun for example_xcom to 2021-01-01 00:00:00+00:00, run_after=2021-01-01 00:00:00+00:00
[2024-05-22T22:48:52.226+0000] {processor.py:183} INFO - Processing /home/airflow/.local/lib/python3.8/site-packages/airflow/example_dags/example_xcom.py took 0.087 seconds
[2024-05-22T22:49:22.544+0000] {processor.py:161} INFO - Started process (PID=53674) to work on /home/airflow/.local/lib/python3.8/site-packages/airflow/example_dags/example_xcom.py
[2024-05-22T22:49:22.545+0000] {processor.py:830} INFO - Processing file /home/airflow/.local/lib/python3.8/site-packages/airflow/example_dags/example_xcom.py for tasks to queue
[2024-05-22T22:49:22.547+0000] {logging_mixin.py:188} INFO - [2024-05-22T22:49:22.546+0000] {dagbag.py:538} INFO - Filling up the DagBag from /home/airflow/.local/lib/python3.8/site-packages/airflow/example_dags/example_xcom.py
[2024-05-22T22:49:22.554+0000] {processor.py:840} INFO - DAG(s) 'example_xcom' retrieved from /home/airflow/.local/lib/python3.8/site-packages/airflow/example_dags/example_xcom.py
[2024-05-22T22:49:22.579+0000] {logging_mixin.py:188} INFO - [2024-05-22T22:49:22.578+0000] {dag.py:3036} INFO - Sync 1 DAGs
[2024-05-22T22:49:22.602+0000] {logging_mixin.py:188} INFO - [2024-05-22T22:49:22.602+0000] {dag.py:3823} INFO - Setting next_dagrun for example_xcom to 2021-01-01 00:00:00+00:00, run_after=2021-01-01 00:00:00+00:00
[2024-05-22T22:49:22.625+0000] {processor.py:183} INFO - Processing /home/airflow/.local/lib/python3.8/site-packages/airflow/example_dags/example_xcom.py took 0.085 seconds
[2024-05-22T22:49:52.946+0000] {processor.py:161} INFO - Started process (PID=53731) to work on /home/airflow/.local/lib/python3.8/site-packages/airflow/example_dags/example_xcom.py
[2024-05-22T22:49:52.947+0000] {processor.py:830} INFO - Processing file /home/airflow/.local/lib/python3.8/site-packages/airflow/example_dags/example_xcom.py for tasks to queue
[2024-05-22T22:49:52.948+0000] {logging_mixin.py:188} INFO - [2024-05-22T22:49:52.948+0000] {dagbag.py:538} INFO - Filling up the DagBag from /home/airflow/.local/lib/python3.8/site-packages/airflow/example_dags/example_xcom.py
[2024-05-22T22:49:52.956+0000] {processor.py:840} INFO - DAG(s) 'example_xcom' retrieved from /home/airflow/.local/lib/python3.8/site-packages/airflow/example_dags/example_xcom.py
[2024-05-22T22:49:52.978+0000] {logging_mixin.py:188} INFO - [2024-05-22T22:49:52.978+0000] {dag.py:3036} INFO - Sync 1 DAGs
[2024-05-22T22:49:53.008+0000] {logging_mixin.py:188} INFO - [2024-05-22T22:49:53.007+0000] {dag.py:3823} INFO - Setting next_dagrun for example_xcom to 2021-01-01 00:00:00+00:00, run_after=2021-01-01 00:00:00+00:00
[2024-05-22T22:49:53.033+0000] {processor.py:183} INFO - Processing /home/airflow/.local/lib/python3.8/site-packages/airflow/example_dags/example_xcom.py took 0.090 seconds
[2024-05-22T22:50:23.285+0000] {processor.py:161} INFO - Started process (PID=53787) to work on /home/airflow/.local/lib/python3.8/site-packages/airflow/example_dags/example_xcom.py
[2024-05-22T22:50:23.286+0000] {processor.py:830} INFO - Processing file /home/airflow/.local/lib/python3.8/site-packages/airflow/example_dags/example_xcom.py for tasks to queue
[2024-05-22T22:50:23.288+0000] {logging_mixin.py:188} INFO - [2024-05-22T22:50:23.287+0000] {dagbag.py:538} INFO - Filling up the DagBag from /home/airflow/.local/lib/python3.8/site-packages/airflow/example_dags/example_xcom.py
[2024-05-22T22:50:23.296+0000] {processor.py:840} INFO - DAG(s) 'example_xcom' retrieved from /home/airflow/.local/lib/python3.8/site-packages/airflow/example_dags/example_xcom.py
[2024-05-22T22:50:23.322+0000] {logging_mixin.py:188} INFO - [2024-05-22T22:50:23.321+0000] {dag.py:3036} INFO - Sync 1 DAGs
[2024-05-22T22:50:23.347+0000] {logging_mixin.py:188} INFO - [2024-05-22T22:50:23.346+0000] {dag.py:3823} INFO - Setting next_dagrun for example_xcom to 2021-01-01 00:00:00+00:00, run_after=2021-01-01 00:00:00+00:00
[2024-05-22T22:50:23.373+0000] {processor.py:183} INFO - Processing /home/airflow/.local/lib/python3.8/site-packages/airflow/example_dags/example_xcom.py took 0.091 seconds
[2024-05-22T22:50:53.866+0000] {processor.py:161} INFO - Started process (PID=53843) to work on /home/airflow/.local/lib/python3.8/site-packages/airflow/example_dags/example_xcom.py
[2024-05-22T22:50:53.867+0000] {processor.py:830} INFO - Processing file /home/airflow/.local/lib/python3.8/site-packages/airflow/example_dags/example_xcom.py for tasks to queue
[2024-05-22T22:50:53.870+0000] {logging_mixin.py:188} INFO - [2024-05-22T22:50:53.870+0000] {dagbag.py:538} INFO - Filling up the DagBag from /home/airflow/.local/lib/python3.8/site-packages/airflow/example_dags/example_xcom.py
[2024-05-22T22:50:53.877+0000] {processor.py:840} INFO - DAG(s) 'example_xcom' retrieved from /home/airflow/.local/lib/python3.8/site-packages/airflow/example_dags/example_xcom.py
[2024-05-22T22:50:53.899+0000] {logging_mixin.py:188} INFO - [2024-05-22T22:50:53.899+0000] {dag.py:3036} INFO - Sync 1 DAGs
[2024-05-22T22:50:53.925+0000] {logging_mixin.py:188} INFO - [2024-05-22T22:50:53.925+0000] {dag.py:3823} INFO - Setting next_dagrun for example_xcom to 2021-01-01 00:00:00+00:00, run_after=2021-01-01 00:00:00+00:00
[2024-05-22T22:50:53.951+0000] {processor.py:183} INFO - Processing /home/airflow/.local/lib/python3.8/site-packages/airflow/example_dags/example_xcom.py took 0.088 seconds
[2024-05-22T22:51:24.247+0000] {processor.py:161} INFO - Started process (PID=53900) to work on /home/airflow/.local/lib/python3.8/site-packages/airflow/example_dags/example_xcom.py
[2024-05-22T22:51:24.248+0000] {processor.py:830} INFO - Processing file /home/airflow/.local/lib/python3.8/site-packages/airflow/example_dags/example_xcom.py for tasks to queue
[2024-05-22T22:51:24.250+0000] {logging_mixin.py:188} INFO - [2024-05-22T22:51:24.249+0000] {dagbag.py:538} INFO - Filling up the DagBag from /home/airflow/.local/lib/python3.8/site-packages/airflow/example_dags/example_xcom.py
[2024-05-22T22:51:24.259+0000] {processor.py:840} INFO - DAG(s) 'example_xcom' retrieved from /home/airflow/.local/lib/python3.8/site-packages/airflow/example_dags/example_xcom.py
[2024-05-22T22:51:24.288+0000] {logging_mixin.py:188} INFO - [2024-05-22T22:51:24.288+0000] {dag.py:3036} INFO - Sync 1 DAGs
[2024-05-22T22:51:24.317+0000] {logging_mixin.py:188} INFO - [2024-05-22T22:51:24.316+0000] {dag.py:3823} INFO - Setting next_dagrun for example_xcom to 2021-01-01 00:00:00+00:00, run_after=2021-01-01 00:00:00+00:00
[2024-05-22T22:51:24.346+0000] {processor.py:183} INFO - Processing /home/airflow/.local/lib/python3.8/site-packages/airflow/example_dags/example_xcom.py took 0.103 seconds
[2024-05-22T22:51:54.545+0000] {processor.py:161} INFO - Started process (PID=53957) to work on /home/airflow/.local/lib/python3.8/site-packages/airflow/example_dags/example_xcom.py
[2024-05-22T22:51:54.546+0000] {processor.py:830} INFO - Processing file /home/airflow/.local/lib/python3.8/site-packages/airflow/example_dags/example_xcom.py for tasks to queue
[2024-05-22T22:51:54.548+0000] {logging_mixin.py:188} INFO - [2024-05-22T22:51:54.548+0000] {dagbag.py:538} INFO - Filling up the DagBag from /home/airflow/.local/lib/python3.8/site-packages/airflow/example_dags/example_xcom.py
[2024-05-22T22:51:54.556+0000] {processor.py:840} INFO - DAG(s) 'example_xcom' retrieved from /home/airflow/.local/lib/python3.8/site-packages/airflow/example_dags/example_xcom.py
[2024-05-22T22:51:54.578+0000] {logging_mixin.py:188} INFO - [2024-05-22T22:51:54.578+0000] {dag.py:3036} INFO - Sync 1 DAGs
[2024-05-22T22:51:54.603+0000] {logging_mixin.py:188} INFO - [2024-05-22T22:51:54.603+0000] {dag.py:3823} INFO - Setting next_dagrun for example_xcom to 2021-01-01 00:00:00+00:00, run_after=2021-01-01 00:00:00+00:00
[2024-05-22T22:51:54.625+0000] {processor.py:183} INFO - Processing /home/airflow/.local/lib/python3.8/site-packages/airflow/example_dags/example_xcom.py took 0.083 seconds
[2024-05-22T22:52:24.904+0000] {processor.py:161} INFO - Started process (PID=54014) to work on /home/airflow/.local/lib/python3.8/site-packages/airflow/example_dags/example_xcom.py
[2024-05-22T22:52:24.905+0000] {processor.py:830} INFO - Processing file /home/airflow/.local/lib/python3.8/site-packages/airflow/example_dags/example_xcom.py for tasks to queue
[2024-05-22T22:52:24.907+0000] {logging_mixin.py:188} INFO - [2024-05-22T22:52:24.907+0000] {dagbag.py:538} INFO - Filling up the DagBag from /home/airflow/.local/lib/python3.8/site-packages/airflow/example_dags/example_xcom.py
[2024-05-22T22:52:24.917+0000] {processor.py:840} INFO - DAG(s) 'example_xcom' retrieved from /home/airflow/.local/lib/python3.8/site-packages/airflow/example_dags/example_xcom.py
[2024-05-22T22:52:24.941+0000] {logging_mixin.py:188} INFO - [2024-05-22T22:52:24.940+0000] {dag.py:3036} INFO - Sync 1 DAGs
[2024-05-22T22:52:24.968+0000] {logging_mixin.py:188} INFO - [2024-05-22T22:52:24.968+0000] {dag.py:3823} INFO - Setting next_dagrun for example_xcom to 2021-01-01 00:00:00+00:00, run_after=2021-01-01 00:00:00+00:00
[2024-05-22T22:52:24.991+0000] {processor.py:183} INFO - Processing /home/airflow/.local/lib/python3.8/site-packages/airflow/example_dags/example_xcom.py took 0.090 seconds
[2024-05-22T22:52:55.204+0000] {processor.py:161} INFO - Started process (PID=54072) to work on /home/airflow/.local/lib/python3.8/site-packages/airflow/example_dags/example_xcom.py
[2024-05-22T22:52:55.205+0000] {processor.py:830} INFO - Processing file /home/airflow/.local/lib/python3.8/site-packages/airflow/example_dags/example_xcom.py for tasks to queue
[2024-05-22T22:52:55.207+0000] {logging_mixin.py:188} INFO - [2024-05-22T22:52:55.207+0000] {dagbag.py:538} INFO - Filling up the DagBag from /home/airflow/.local/lib/python3.8/site-packages/airflow/example_dags/example_xcom.py
[2024-05-22T22:52:55.216+0000] {processor.py:840} INFO - DAG(s) 'example_xcom' retrieved from /home/airflow/.local/lib/python3.8/site-packages/airflow/example_dags/example_xcom.py
[2024-05-22T22:52:55.241+0000] {logging_mixin.py:188} INFO - [2024-05-22T22:52:55.241+0000] {dag.py:3036} INFO - Sync 1 DAGs
[2024-05-22T22:52:55.267+0000] {logging_mixin.py:188} INFO - [2024-05-22T22:52:55.267+0000] {dag.py:3823} INFO - Setting next_dagrun for example_xcom to 2021-01-01 00:00:00+00:00, run_after=2021-01-01 00:00:00+00:00
[2024-05-22T22:52:55.291+0000] {processor.py:183} INFO - Processing /home/airflow/.local/lib/python3.8/site-packages/airflow/example_dags/example_xcom.py took 0.090 seconds
[2024-05-22T22:53:25.617+0000] {processor.py:161} INFO - Started process (PID=54129) to work on /home/airflow/.local/lib/python3.8/site-packages/airflow/example_dags/example_xcom.py
[2024-05-22T22:53:25.619+0000] {processor.py:830} INFO - Processing file /home/airflow/.local/lib/python3.8/site-packages/airflow/example_dags/example_xcom.py for tasks to queue
[2024-05-22T22:53:25.621+0000] {logging_mixin.py:188} INFO - [2024-05-22T22:53:25.620+0000] {dagbag.py:538} INFO - Filling up the DagBag from /home/airflow/.local/lib/python3.8/site-packages/airflow/example_dags/example_xcom.py
[2024-05-22T22:53:25.630+0000] {processor.py:840} INFO - DAG(s) 'example_xcom' retrieved from /home/airflow/.local/lib/python3.8/site-packages/airflow/example_dags/example_xcom.py
[2024-05-22T22:53:25.656+0000] {logging_mixin.py:188} INFO - [2024-05-22T22:53:25.655+0000] {dag.py:3036} INFO - Sync 1 DAGs
[2024-05-22T22:53:25.686+0000] {logging_mixin.py:188} INFO - [2024-05-22T22:53:25.686+0000] {dag.py:3823} INFO - Setting next_dagrun for example_xcom to 2021-01-01 00:00:00+00:00, run_after=2021-01-01 00:00:00+00:00
[2024-05-22T22:53:25.717+0000] {processor.py:183} INFO - Processing /home/airflow/.local/lib/python3.8/site-packages/airflow/example_dags/example_xcom.py took 0.103 seconds
[2024-05-22T22:53:55.997+0000] {processor.py:161} INFO - Started process (PID=54186) to work on /home/airflow/.local/lib/python3.8/site-packages/airflow/example_dags/example_xcom.py
[2024-05-22T22:53:55.998+0000] {processor.py:830} INFO - Processing file /home/airflow/.local/lib/python3.8/site-packages/airflow/example_dags/example_xcom.py for tasks to queue
[2024-05-22T22:53:55.999+0000] {logging_mixin.py:188} INFO - [2024-05-22T22:53:55.999+0000] {dagbag.py:538} INFO - Filling up the DagBag from /home/airflow/.local/lib/python3.8/site-packages/airflow/example_dags/example_xcom.py
[2024-05-22T22:53:56.007+0000] {processor.py:840} INFO - DAG(s) 'example_xcom' retrieved from /home/airflow/.local/lib/python3.8/site-packages/airflow/example_dags/example_xcom.py
[2024-05-22T22:53:56.028+0000] {logging_mixin.py:188} INFO - [2024-05-22T22:53:56.028+0000] {dag.py:3036} INFO - Sync 1 DAGs
[2024-05-22T22:53:56.051+0000] {logging_mixin.py:188} INFO - [2024-05-22T22:53:56.050+0000] {dag.py:3823} INFO - Setting next_dagrun for example_xcom to 2021-01-01 00:00:00+00:00, run_after=2021-01-01 00:00:00+00:00
[2024-05-22T22:53:56.077+0000] {processor.py:183} INFO - Processing /home/airflow/.local/lib/python3.8/site-packages/airflow/example_dags/example_xcom.py took 0.084 seconds
[2024-05-22T22:54:26.498+0000] {processor.py:161} INFO - Started process (PID=54243) to work on /home/airflow/.local/lib/python3.8/site-packages/airflow/example_dags/example_xcom.py
[2024-05-22T22:54:26.499+0000] {processor.py:830} INFO - Processing file /home/airflow/.local/lib/python3.8/site-packages/airflow/example_dags/example_xcom.py for tasks to queue
[2024-05-22T22:54:26.501+0000] {logging_mixin.py:188} INFO - [2024-05-22T22:54:26.501+0000] {dagbag.py:538} INFO - Filling up the DagBag from /home/airflow/.local/lib/python3.8/site-packages/airflow/example_dags/example_xcom.py
[2024-05-22T22:54:26.510+0000] {processor.py:840} INFO - DAG(s) 'example_xcom' retrieved from /home/airflow/.local/lib/python3.8/site-packages/airflow/example_dags/example_xcom.py
[2024-05-22T22:54:26.539+0000] {logging_mixin.py:188} INFO - [2024-05-22T22:54:26.538+0000] {dag.py:3036} INFO - Sync 1 DAGs
[2024-05-22T22:54:26.571+0000] {logging_mixin.py:188} INFO - [2024-05-22T22:54:26.571+0000] {dag.py:3823} INFO - Setting next_dagrun for example_xcom to 2021-01-01 00:00:00+00:00, run_after=2021-01-01 00:00:00+00:00
[2024-05-22T22:54:26.601+0000] {processor.py:183} INFO - Processing /home/airflow/.local/lib/python3.8/site-packages/airflow/example_dags/example_xcom.py took 0.106 seconds
[2024-05-22T22:54:56.675+0000] {processor.py:161} INFO - Started process (PID=54299) to work on /home/airflow/.local/lib/python3.8/site-packages/airflow/example_dags/example_xcom.py
[2024-05-22T22:54:56.676+0000] {processor.py:830} INFO - Processing file /home/airflow/.local/lib/python3.8/site-packages/airflow/example_dags/example_xcom.py for tasks to queue
[2024-05-22T22:54:56.678+0000] {logging_mixin.py:188} INFO - [2024-05-22T22:54:56.677+0000] {dagbag.py:538} INFO - Filling up the DagBag from /home/airflow/.local/lib/python3.8/site-packages/airflow/example_dags/example_xcom.py
[2024-05-22T22:54:56.688+0000] {processor.py:840} INFO - DAG(s) 'example_xcom' retrieved from /home/airflow/.local/lib/python3.8/site-packages/airflow/example_dags/example_xcom.py
[2024-05-22T22:54:56.711+0000] {logging_mixin.py:188} INFO - [2024-05-22T22:54:56.711+0000] {dag.py:3036} INFO - Sync 1 DAGs
[2024-05-22T22:54:56.734+0000] {logging_mixin.py:188} INFO - [2024-05-22T22:54:56.733+0000] {dag.py:3823} INFO - Setting next_dagrun for example_xcom to 2021-01-01 00:00:00+00:00, run_after=2021-01-01 00:00:00+00:00
[2024-05-22T22:54:56.770+0000] {processor.py:183} INFO - Processing /home/airflow/.local/lib/python3.8/site-packages/airflow/example_dags/example_xcom.py took 0.098 seconds
[2024-05-22T22:55:26.935+0000] {processor.py:161} INFO - Started process (PID=54355) to work on /home/airflow/.local/lib/python3.8/site-packages/airflow/example_dags/example_xcom.py
[2024-05-22T22:55:26.936+0000] {processor.py:830} INFO - Processing file /home/airflow/.local/lib/python3.8/site-packages/airflow/example_dags/example_xcom.py for tasks to queue
[2024-05-22T22:55:26.939+0000] {logging_mixin.py:188} INFO - [2024-05-22T22:55:26.938+0000] {dagbag.py:538} INFO - Filling up the DagBag from /home/airflow/.local/lib/python3.8/site-packages/airflow/example_dags/example_xcom.py
[2024-05-22T22:55:26.946+0000] {processor.py:840} INFO - DAG(s) 'example_xcom' retrieved from /home/airflow/.local/lib/python3.8/site-packages/airflow/example_dags/example_xcom.py
[2024-05-22T22:55:26.969+0000] {logging_mixin.py:188} INFO - [2024-05-22T22:55:26.969+0000] {dag.py:3036} INFO - Sync 1 DAGs
[2024-05-22T22:55:27.005+0000] {logging_mixin.py:188} INFO - [2024-05-22T22:55:27.005+0000] {dag.py:3823} INFO - Setting next_dagrun for example_xcom to 2021-01-01 00:00:00+00:00, run_after=2021-01-01 00:00:00+00:00
[2024-05-22T22:55:27.031+0000] {processor.py:183} INFO - Processing /home/airflow/.local/lib/python3.8/site-packages/airflow/example_dags/example_xcom.py took 0.099 seconds
[2024-05-22T22:55:58.109+0000] {processor.py:161} INFO - Started process (PID=54414) to work on /home/airflow/.local/lib/python3.8/site-packages/airflow/example_dags/example_xcom.py
[2024-05-22T22:55:58.110+0000] {processor.py:830} INFO - Processing file /home/airflow/.local/lib/python3.8/site-packages/airflow/example_dags/example_xcom.py for tasks to queue
[2024-05-22T22:55:58.113+0000] {logging_mixin.py:188} INFO - [2024-05-22T22:55:58.112+0000] {dagbag.py:538} INFO - Filling up the DagBag from /home/airflow/.local/lib/python3.8/site-packages/airflow/example_dags/example_xcom.py
[2024-05-22T22:55:58.123+0000] {processor.py:840} INFO - DAG(s) 'example_xcom' retrieved from /home/airflow/.local/lib/python3.8/site-packages/airflow/example_dags/example_xcom.py
[2024-05-22T22:55:58.153+0000] {logging_mixin.py:188} INFO - [2024-05-22T22:55:58.152+0000] {dag.py:3036} INFO - Sync 1 DAGs
[2024-05-22T22:55:58.189+0000] {logging_mixin.py:188} INFO - [2024-05-22T22:55:58.188+0000] {dag.py:3823} INFO - Setting next_dagrun for example_xcom to 2021-01-01 00:00:00+00:00, run_after=2021-01-01 00:00:00+00:00
[2024-05-22T22:55:58.220+0000] {processor.py:183} INFO - Processing /home/airflow/.local/lib/python3.8/site-packages/airflow/example_dags/example_xcom.py took 0.115 seconds
[2024-05-22T22:56:28.643+0000] {processor.py:161} INFO - Started process (PID=54471) to work on /home/airflow/.local/lib/python3.8/site-packages/airflow/example_dags/example_xcom.py
[2024-05-22T22:56:28.644+0000] {processor.py:830} INFO - Processing file /home/airflow/.local/lib/python3.8/site-packages/airflow/example_dags/example_xcom.py for tasks to queue
[2024-05-22T22:56:28.645+0000] {logging_mixin.py:188} INFO - [2024-05-22T22:56:28.645+0000] {dagbag.py:538} INFO - Filling up the DagBag from /home/airflow/.local/lib/python3.8/site-packages/airflow/example_dags/example_xcom.py
[2024-05-22T22:56:28.652+0000] {processor.py:840} INFO - DAG(s) 'example_xcom' retrieved from /home/airflow/.local/lib/python3.8/site-packages/airflow/example_dags/example_xcom.py
[2024-05-22T22:56:28.673+0000] {logging_mixin.py:188} INFO - [2024-05-22T22:56:28.673+0000] {dag.py:3036} INFO - Sync 1 DAGs
[2024-05-22T22:56:28.696+0000] {logging_mixin.py:188} INFO - [2024-05-22T22:56:28.695+0000] {dag.py:3823} INFO - Setting next_dagrun for example_xcom to 2021-01-01 00:00:00+00:00, run_after=2021-01-01 00:00:00+00:00
[2024-05-22T22:56:28.718+0000] {processor.py:183} INFO - Processing /home/airflow/.local/lib/python3.8/site-packages/airflow/example_dags/example_xcom.py took 0.078 seconds
[2024-05-22T22:56:59.105+0000] {processor.py:161} INFO - Started process (PID=54528) to work on /home/airflow/.local/lib/python3.8/site-packages/airflow/example_dags/example_xcom.py
[2024-05-22T22:56:59.106+0000] {processor.py:830} INFO - Processing file /home/airflow/.local/lib/python3.8/site-packages/airflow/example_dags/example_xcom.py for tasks to queue
[2024-05-22T22:56:59.108+0000] {logging_mixin.py:188} INFO - [2024-05-22T22:56:59.107+0000] {dagbag.py:538} INFO - Filling up the DagBag from /home/airflow/.local/lib/python3.8/site-packages/airflow/example_dags/example_xcom.py
[2024-05-22T22:56:59.116+0000] {processor.py:840} INFO - DAG(s) 'example_xcom' retrieved from /home/airflow/.local/lib/python3.8/site-packages/airflow/example_dags/example_xcom.py
[2024-05-22T22:56:59.139+0000] {logging_mixin.py:188} INFO - [2024-05-22T22:56:59.139+0000] {dag.py:3036} INFO - Sync 1 DAGs
[2024-05-22T22:56:59.165+0000] {logging_mixin.py:188} INFO - [2024-05-22T22:56:59.165+0000] {dag.py:3823} INFO - Setting next_dagrun for example_xcom to 2021-01-01 00:00:00+00:00, run_after=2021-01-01 00:00:00+00:00
[2024-05-22T22:56:59.188+0000] {processor.py:183} INFO - Processing /home/airflow/.local/lib/python3.8/site-packages/airflow/example_dags/example_xcom.py took 0.087 seconds
[2024-05-22T22:57:29.264+0000] {processor.py:161} INFO - Started process (PID=54584) to work on /home/airflow/.local/lib/python3.8/site-packages/airflow/example_dags/example_xcom.py
[2024-05-22T22:57:29.265+0000] {processor.py:830} INFO - Processing file /home/airflow/.local/lib/python3.8/site-packages/airflow/example_dags/example_xcom.py for tasks to queue
[2024-05-22T22:57:29.267+0000] {logging_mixin.py:188} INFO - [2024-05-22T22:57:29.267+0000] {dagbag.py:538} INFO - Filling up the DagBag from /home/airflow/.local/lib/python3.8/site-packages/airflow/example_dags/example_xcom.py
[2024-05-22T22:57:29.274+0000] {processor.py:840} INFO - DAG(s) 'example_xcom' retrieved from /home/airflow/.local/lib/python3.8/site-packages/airflow/example_dags/example_xcom.py
[2024-05-22T22:57:29.297+0000] {logging_mixin.py:188} INFO - [2024-05-22T22:57:29.297+0000] {dag.py:3036} INFO - Sync 1 DAGs
[2024-05-22T22:57:29.320+0000] {logging_mixin.py:188} INFO - [2024-05-22T22:57:29.320+0000] {dag.py:3823} INFO - Setting next_dagrun for example_xcom to 2021-01-01 00:00:00+00:00, run_after=2021-01-01 00:00:00+00:00
[2024-05-22T22:57:29.349+0000] {processor.py:183} INFO - Processing /home/airflow/.local/lib/python3.8/site-packages/airflow/example_dags/example_xcom.py took 0.088 seconds
[2024-05-22T22:57:59.448+0000] {processor.py:161} INFO - Started process (PID=54640) to work on /home/airflow/.local/lib/python3.8/site-packages/airflow/example_dags/example_xcom.py
[2024-05-22T22:57:59.449+0000] {processor.py:830} INFO - Processing file /home/airflow/.local/lib/python3.8/site-packages/airflow/example_dags/example_xcom.py for tasks to queue
[2024-05-22T22:57:59.450+0000] {logging_mixin.py:188} INFO - [2024-05-22T22:57:59.450+0000] {dagbag.py:538} INFO - Filling up the DagBag from /home/airflow/.local/lib/python3.8/site-packages/airflow/example_dags/example_xcom.py
[2024-05-22T22:57:59.457+0000] {processor.py:840} INFO - DAG(s) 'example_xcom' retrieved from /home/airflow/.local/lib/python3.8/site-packages/airflow/example_dags/example_xcom.py
[2024-05-22T22:57:59.483+0000] {logging_mixin.py:188} INFO - [2024-05-22T22:57:59.483+0000] {dag.py:3036} INFO - Sync 1 DAGs
[2024-05-22T22:57:59.512+0000] {logging_mixin.py:188} INFO - [2024-05-22T22:57:59.512+0000] {dag.py:3823} INFO - Setting next_dagrun for example_xcom to 2021-01-01 00:00:00+00:00, run_after=2021-01-01 00:00:00+00:00
[2024-05-22T22:57:59.540+0000] {processor.py:183} INFO - Processing /home/airflow/.local/lib/python3.8/site-packages/airflow/example_dags/example_xcom.py took 0.096 seconds
[2024-05-22T22:58:29.993+0000] {processor.py:161} INFO - Started process (PID=54697) to work on /home/airflow/.local/lib/python3.8/site-packages/airflow/example_dags/example_xcom.py
[2024-05-22T22:58:29.994+0000] {processor.py:830} INFO - Processing file /home/airflow/.local/lib/python3.8/site-packages/airflow/example_dags/example_xcom.py for tasks to queue
[2024-05-22T22:58:29.996+0000] {logging_mixin.py:188} INFO - [2024-05-22T22:58:29.996+0000] {dagbag.py:538} INFO - Filling up the DagBag from /home/airflow/.local/lib/python3.8/site-packages/airflow/example_dags/example_xcom.py
[2024-05-22T22:58:30.003+0000] {processor.py:840} INFO - DAG(s) 'example_xcom' retrieved from /home/airflow/.local/lib/python3.8/site-packages/airflow/example_dags/example_xcom.py
[2024-05-22T22:58:30.023+0000] {logging_mixin.py:188} INFO - [2024-05-22T22:58:30.022+0000] {dag.py:3036} INFO - Sync 1 DAGs
[2024-05-22T22:58:30.045+0000] {logging_mixin.py:188} INFO - [2024-05-22T22:58:30.044+0000] {dag.py:3823} INFO - Setting next_dagrun for example_xcom to 2021-01-01 00:00:00+00:00, run_after=2021-01-01 00:00:00+00:00
[2024-05-22T22:58:30.066+0000] {processor.py:183} INFO - Processing /home/airflow/.local/lib/python3.8/site-packages/airflow/example_dags/example_xcom.py took 0.076 seconds
[2024-05-22T22:59:00.340+0000] {processor.py:161} INFO - Started process (PID=54754) to work on /home/airflow/.local/lib/python3.8/site-packages/airflow/example_dags/example_xcom.py
[2024-05-22T22:59:00.341+0000] {processor.py:830} INFO - Processing file /home/airflow/.local/lib/python3.8/site-packages/airflow/example_dags/example_xcom.py for tasks to queue
[2024-05-22T22:59:00.343+0000] {logging_mixin.py:188} INFO - [2024-05-22T22:59:00.342+0000] {dagbag.py:538} INFO - Filling up the DagBag from /home/airflow/.local/lib/python3.8/site-packages/airflow/example_dags/example_xcom.py
[2024-05-22T22:59:00.349+0000] {processor.py:840} INFO - DAG(s) 'example_xcom' retrieved from /home/airflow/.local/lib/python3.8/site-packages/airflow/example_dags/example_xcom.py
[2024-05-22T22:59:00.370+0000] {logging_mixin.py:188} INFO - [2024-05-22T22:59:00.370+0000] {dag.py:3036} INFO - Sync 1 DAGs
[2024-05-22T22:59:00.393+0000] {logging_mixin.py:188} INFO - [2024-05-22T22:59:00.393+0000] {dag.py:3823} INFO - Setting next_dagrun for example_xcom to 2021-01-01 00:00:00+00:00, run_after=2021-01-01 00:00:00+00:00
[2024-05-22T22:59:00.416+0000] {processor.py:183} INFO - Processing /home/airflow/.local/lib/python3.8/site-packages/airflow/example_dags/example_xcom.py took 0.079 seconds
[2024-05-22T22:59:30.705+0000] {processor.py:161} INFO - Started process (PID=54811) to work on /home/airflow/.local/lib/python3.8/site-packages/airflow/example_dags/example_xcom.py
[2024-05-22T22:59:30.706+0000] {processor.py:830} INFO - Processing file /home/airflow/.local/lib/python3.8/site-packages/airflow/example_dags/example_xcom.py for tasks to queue
[2024-05-22T22:59:30.709+0000] {logging_mixin.py:188} INFO - [2024-05-22T22:59:30.709+0000] {dagbag.py:538} INFO - Filling up the DagBag from /home/airflow/.local/lib/python3.8/site-packages/airflow/example_dags/example_xcom.py
[2024-05-22T22:59:30.718+0000] {processor.py:840} INFO - DAG(s) 'example_xcom' retrieved from /home/airflow/.local/lib/python3.8/site-packages/airflow/example_dags/example_xcom.py
[2024-05-22T22:59:30.745+0000] {logging_mixin.py:188} INFO - [2024-05-22T22:59:30.744+0000] {dag.py:3036} INFO - Sync 1 DAGs
[2024-05-22T22:59:30.773+0000] {logging_mixin.py:188} INFO - [2024-05-22T22:59:30.772+0000] {dag.py:3823} INFO - Setting next_dagrun for example_xcom to 2021-01-01 00:00:00+00:00, run_after=2021-01-01 00:00:00+00:00
[2024-05-22T22:59:30.800+0000] {processor.py:183} INFO - Processing /home/airflow/.local/lib/python3.8/site-packages/airflow/example_dags/example_xcom.py took 0.100 seconds
[2024-05-22T23:00:01.241+0000] {processor.py:161} INFO - Started process (PID=54868) to work on /home/airflow/.local/lib/python3.8/site-packages/airflow/example_dags/example_xcom.py
[2024-05-22T23:00:01.242+0000] {processor.py:830} INFO - Processing file /home/airflow/.local/lib/python3.8/site-packages/airflow/example_dags/example_xcom.py for tasks to queue
[2024-05-22T23:00:01.244+0000] {logging_mixin.py:188} INFO - [2024-05-22T23:00:01.244+0000] {dagbag.py:538} INFO - Filling up the DagBag from /home/airflow/.local/lib/python3.8/site-packages/airflow/example_dags/example_xcom.py
[2024-05-22T23:00:01.254+0000] {processor.py:840} INFO - DAG(s) 'example_xcom' retrieved from /home/airflow/.local/lib/python3.8/site-packages/airflow/example_dags/example_xcom.py
[2024-05-22T23:00:01.279+0000] {logging_mixin.py:188} INFO - [2024-05-22T23:00:01.278+0000] {dag.py:3036} INFO - Sync 1 DAGs
[2024-05-22T23:00:01.309+0000] {logging_mixin.py:188} INFO - [2024-05-22T23:00:01.308+0000] {dag.py:3823} INFO - Setting next_dagrun for example_xcom to 2021-01-01 00:00:00+00:00, run_after=2021-01-01 00:00:00+00:00
[2024-05-22T23:00:01.332+0000] {processor.py:183} INFO - Processing /home/airflow/.local/lib/python3.8/site-packages/airflow/example_dags/example_xcom.py took 0.095 seconds
[2024-05-22T23:00:32.115+0000] {processor.py:161} INFO - Started process (PID=54925) to work on /home/airflow/.local/lib/python3.8/site-packages/airflow/example_dags/example_xcom.py
[2024-05-22T23:00:32.116+0000] {processor.py:830} INFO - Processing file /home/airflow/.local/lib/python3.8/site-packages/airflow/example_dags/example_xcom.py for tasks to queue
[2024-05-22T23:00:32.118+0000] {logging_mixin.py:188} INFO - [2024-05-22T23:00:32.117+0000] {dagbag.py:538} INFO - Filling up the DagBag from /home/airflow/.local/lib/python3.8/site-packages/airflow/example_dags/example_xcom.py
[2024-05-22T23:00:32.124+0000] {processor.py:840} INFO - DAG(s) 'example_xcom' retrieved from /home/airflow/.local/lib/python3.8/site-packages/airflow/example_dags/example_xcom.py
[2024-05-22T23:00:32.147+0000] {logging_mixin.py:188} INFO - [2024-05-22T23:00:32.147+0000] {dag.py:3036} INFO - Sync 1 DAGs
[2024-05-22T23:00:32.171+0000] {logging_mixin.py:188} INFO - [2024-05-22T23:00:32.171+0000] {dag.py:3823} INFO - Setting next_dagrun for example_xcom to 2021-01-01 00:00:00+00:00, run_after=2021-01-01 00:00:00+00:00
[2024-05-22T23:00:32.192+0000] {processor.py:183} INFO - Processing /home/airflow/.local/lib/python3.8/site-packages/airflow/example_dags/example_xcom.py took 0.080 seconds
[2024-05-22T23:01:03.103+0000] {processor.py:161} INFO - Started process (PID=54982) to work on /home/airflow/.local/lib/python3.8/site-packages/airflow/example_dags/example_xcom.py
[2024-05-22T23:01:03.103+0000] {processor.py:830} INFO - Processing file /home/airflow/.local/lib/python3.8/site-packages/airflow/example_dags/example_xcom.py for tasks to queue
[2024-05-22T23:01:03.105+0000] {logging_mixin.py:188} INFO - [2024-05-22T23:01:03.105+0000] {dagbag.py:538} INFO - Filling up the DagBag from /home/airflow/.local/lib/python3.8/site-packages/airflow/example_dags/example_xcom.py
[2024-05-22T23:01:03.112+0000] {processor.py:840} INFO - DAG(s) 'example_xcom' retrieved from /home/airflow/.local/lib/python3.8/site-packages/airflow/example_dags/example_xcom.py
[2024-05-22T23:01:03.131+0000] {logging_mixin.py:188} INFO - [2024-05-22T23:01:03.131+0000] {dag.py:3036} INFO - Sync 1 DAGs
[2024-05-22T23:01:03.152+0000] {logging_mixin.py:188} INFO - [2024-05-22T23:01:03.151+0000] {dag.py:3823} INFO - Setting next_dagrun for example_xcom to 2021-01-01 00:00:00+00:00, run_after=2021-01-01 00:00:00+00:00
[2024-05-22T23:01:03.171+0000] {processor.py:183} INFO - Processing /home/airflow/.local/lib/python3.8/site-packages/airflow/example_dags/example_xcom.py took 0.072 seconds
[2024-05-22T23:01:33.515+0000] {processor.py:161} INFO - Started process (PID=55039) to work on /home/airflow/.local/lib/python3.8/site-packages/airflow/example_dags/example_xcom.py
[2024-05-22T23:01:33.516+0000] {processor.py:830} INFO - Processing file /home/airflow/.local/lib/python3.8/site-packages/airflow/example_dags/example_xcom.py for tasks to queue
[2024-05-22T23:01:33.518+0000] {logging_mixin.py:188} INFO - [2024-05-22T23:01:33.518+0000] {dagbag.py:538} INFO - Filling up the DagBag from /home/airflow/.local/lib/python3.8/site-packages/airflow/example_dags/example_xcom.py
[2024-05-22T23:01:33.525+0000] {processor.py:840} INFO - DAG(s) 'example_xcom' retrieved from /home/airflow/.local/lib/python3.8/site-packages/airflow/example_dags/example_xcom.py
[2024-05-22T23:01:33.545+0000] {logging_mixin.py:188} INFO - [2024-05-22T23:01:33.545+0000] {dag.py:3036} INFO - Sync 1 DAGs
[2024-05-22T23:01:33.567+0000] {logging_mixin.py:188} INFO - [2024-05-22T23:01:33.567+0000] {dag.py:3823} INFO - Setting next_dagrun for example_xcom to 2021-01-01 00:00:00+00:00, run_after=2021-01-01 00:00:00+00:00
[2024-05-22T23:01:33.587+0000] {processor.py:183} INFO - Processing /home/airflow/.local/lib/python3.8/site-packages/airflow/example_dags/example_xcom.py took 0.075 seconds
[2024-05-22T23:02:03.821+0000] {processor.py:161} INFO - Started process (PID=55096) to work on /home/airflow/.local/lib/python3.8/site-packages/airflow/example_dags/example_xcom.py
[2024-05-22T23:02:03.822+0000] {processor.py:830} INFO - Processing file /home/airflow/.local/lib/python3.8/site-packages/airflow/example_dags/example_xcom.py for tasks to queue
[2024-05-22T23:02:03.824+0000] {logging_mixin.py:188} INFO - [2024-05-22T23:02:03.824+0000] {dagbag.py:538} INFO - Filling up the DagBag from /home/airflow/.local/lib/python3.8/site-packages/airflow/example_dags/example_xcom.py
[2024-05-22T23:02:03.832+0000] {processor.py:840} INFO - DAG(s) 'example_xcom' retrieved from /home/airflow/.local/lib/python3.8/site-packages/airflow/example_dags/example_xcom.py
[2024-05-22T23:02:03.859+0000] {logging_mixin.py:188} INFO - [2024-05-22T23:02:03.859+0000] {dag.py:3036} INFO - Sync 1 DAGs
[2024-05-22T23:02:03.890+0000] {logging_mixin.py:188} INFO - [2024-05-22T23:02:03.889+0000] {dag.py:3823} INFO - Setting next_dagrun for example_xcom to 2021-01-01 00:00:00+00:00, run_after=2021-01-01 00:00:00+00:00
[2024-05-22T23:02:03.916+0000] {processor.py:183} INFO - Processing /home/airflow/.local/lib/python3.8/site-packages/airflow/example_dags/example_xcom.py took 0.099 seconds
[2024-05-22T23:02:34.017+0000] {processor.py:161} INFO - Started process (PID=55154) to work on /home/airflow/.local/lib/python3.8/site-packages/airflow/example_dags/example_xcom.py
[2024-05-22T23:02:34.018+0000] {processor.py:830} INFO - Processing file /home/airflow/.local/lib/python3.8/site-packages/airflow/example_dags/example_xcom.py for tasks to queue
[2024-05-22T23:02:34.020+0000] {logging_mixin.py:188} INFO - [2024-05-22T23:02:34.019+0000] {dagbag.py:538} INFO - Filling up the DagBag from /home/airflow/.local/lib/python3.8/site-packages/airflow/example_dags/example_xcom.py
[2024-05-22T23:02:34.028+0000] {processor.py:840} INFO - DAG(s) 'example_xcom' retrieved from /home/airflow/.local/lib/python3.8/site-packages/airflow/example_dags/example_xcom.py
[2024-05-22T23:02:34.052+0000] {logging_mixin.py:188} INFO - [2024-05-22T23:02:34.052+0000] {dag.py:3036} INFO - Sync 1 DAGs
[2024-05-22T23:02:34.078+0000] {logging_mixin.py:188} INFO - [2024-05-22T23:02:34.078+0000] {dag.py:3823} INFO - Setting next_dagrun for example_xcom to 2021-01-01 00:00:00+00:00, run_after=2021-01-01 00:00:00+00:00
[2024-05-22T23:02:34.101+0000] {processor.py:183} INFO - Processing /home/airflow/.local/lib/python3.8/site-packages/airflow/example_dags/example_xcom.py took 0.087 seconds
[2024-05-22T23:03:04.251+0000] {processor.py:161} INFO - Started process (PID=55211) to work on /home/airflow/.local/lib/python3.8/site-packages/airflow/example_dags/example_xcom.py
[2024-05-22T23:03:04.252+0000] {processor.py:830} INFO - Processing file /home/airflow/.local/lib/python3.8/site-packages/airflow/example_dags/example_xcom.py for tasks to queue
[2024-05-22T23:03:04.254+0000] {logging_mixin.py:188} INFO - [2024-05-22T23:03:04.254+0000] {dagbag.py:538} INFO - Filling up the DagBag from /home/airflow/.local/lib/python3.8/site-packages/airflow/example_dags/example_xcom.py
[2024-05-22T23:03:04.261+0000] {processor.py:840} INFO - DAG(s) 'example_xcom' retrieved from /home/airflow/.local/lib/python3.8/site-packages/airflow/example_dags/example_xcom.py
[2024-05-22T23:03:04.287+0000] {logging_mixin.py:188} INFO - [2024-05-22T23:03:04.287+0000] {dag.py:3036} INFO - Sync 1 DAGs
[2024-05-22T23:03:04.311+0000] {logging_mixin.py:188} INFO - [2024-05-22T23:03:04.311+0000] {dag.py:3823} INFO - Setting next_dagrun for example_xcom to 2021-01-01 00:00:00+00:00, run_after=2021-01-01 00:00:00+00:00
[2024-05-22T23:03:04.336+0000] {processor.py:183} INFO - Processing /home/airflow/.local/lib/python3.8/site-packages/airflow/example_dags/example_xcom.py took 0.087 seconds
[2024-05-22T23:03:34.982+0000] {processor.py:161} INFO - Started process (PID=55268) to work on /home/airflow/.local/lib/python3.8/site-packages/airflow/example_dags/example_xcom.py
[2024-05-22T23:03:34.983+0000] {processor.py:830} INFO - Processing file /home/airflow/.local/lib/python3.8/site-packages/airflow/example_dags/example_xcom.py for tasks to queue
[2024-05-22T23:03:34.986+0000] {logging_mixin.py:188} INFO - [2024-05-22T23:03:34.985+0000] {dagbag.py:538} INFO - Filling up the DagBag from /home/airflow/.local/lib/python3.8/site-packages/airflow/example_dags/example_xcom.py
[2024-05-22T23:03:34.994+0000] {processor.py:840} INFO - DAG(s) 'example_xcom' retrieved from /home/airflow/.local/lib/python3.8/site-packages/airflow/example_dags/example_xcom.py
[2024-05-22T23:03:35.022+0000] {logging_mixin.py:188} INFO - [2024-05-22T23:03:35.021+0000] {dag.py:3036} INFO - Sync 1 DAGs
[2024-05-22T23:03:35.048+0000] {logging_mixin.py:188} INFO - [2024-05-22T23:03:35.047+0000] {dag.py:3823} INFO - Setting next_dagrun for example_xcom to 2021-01-01 00:00:00+00:00, run_after=2021-01-01 00:00:00+00:00
[2024-05-22T23:03:35.077+0000] {processor.py:183} INFO - Processing /home/airflow/.local/lib/python3.8/site-packages/airflow/example_dags/example_xcom.py took 0.098 seconds
[2024-05-22T23:04:05.479+0000] {processor.py:161} INFO - Started process (PID=55326) to work on /home/airflow/.local/lib/python3.8/site-packages/airflow/example_dags/example_xcom.py
[2024-05-22T23:04:05.481+0000] {processor.py:830} INFO - Processing file /home/airflow/.local/lib/python3.8/site-packages/airflow/example_dags/example_xcom.py for tasks to queue
[2024-05-22T23:04:05.483+0000] {logging_mixin.py:188} INFO - [2024-05-22T23:04:05.482+0000] {dagbag.py:538} INFO - Filling up the DagBag from /home/airflow/.local/lib/python3.8/site-packages/airflow/example_dags/example_xcom.py
[2024-05-22T23:04:05.492+0000] {processor.py:840} INFO - DAG(s) 'example_xcom' retrieved from /home/airflow/.local/lib/python3.8/site-packages/airflow/example_dags/example_xcom.py
[2024-05-22T23:04:05.517+0000] {logging_mixin.py:188} INFO - [2024-05-22T23:04:05.516+0000] {dag.py:3036} INFO - Sync 1 DAGs
[2024-05-22T23:04:05.546+0000] {logging_mixin.py:188} INFO - [2024-05-22T23:04:05.546+0000] {dag.py:3823} INFO - Setting next_dagrun for example_xcom to 2021-01-01 00:00:00+00:00, run_after=2021-01-01 00:00:00+00:00
[2024-05-22T23:04:05.577+0000] {processor.py:183} INFO - Processing /home/airflow/.local/lib/python3.8/site-packages/airflow/example_dags/example_xcom.py took 0.102 seconds
[2024-05-22T23:04:36.103+0000] {processor.py:161} INFO - Started process (PID=55383) to work on /home/airflow/.local/lib/python3.8/site-packages/airflow/example_dags/example_xcom.py
[2024-05-22T23:04:36.104+0000] {processor.py:830} INFO - Processing file /home/airflow/.local/lib/python3.8/site-packages/airflow/example_dags/example_xcom.py for tasks to queue
[2024-05-22T23:04:36.106+0000] {logging_mixin.py:188} INFO - [2024-05-22T23:04:36.105+0000] {dagbag.py:538} INFO - Filling up the DagBag from /home/airflow/.local/lib/python3.8/site-packages/airflow/example_dags/example_xcom.py
[2024-05-22T23:04:36.114+0000] {processor.py:840} INFO - DAG(s) 'example_xcom' retrieved from /home/airflow/.local/lib/python3.8/site-packages/airflow/example_dags/example_xcom.py
[2024-05-22T23:04:36.137+0000] {logging_mixin.py:188} INFO - [2024-05-22T23:04:36.136+0000] {dag.py:3036} INFO - Sync 1 DAGs
[2024-05-22T23:04:36.166+0000] {logging_mixin.py:188} INFO - [2024-05-22T23:04:36.166+0000] {dag.py:3823} INFO - Setting next_dagrun for example_xcom to 2021-01-01 00:00:00+00:00, run_after=2021-01-01 00:00:00+00:00
[2024-05-22T23:04:36.190+0000] {processor.py:183} INFO - Processing /home/airflow/.local/lib/python3.8/site-packages/airflow/example_dags/example_xcom.py took 0.091 seconds
[2024-05-22T23:05:06.663+0000] {processor.py:161} INFO - Started process (PID=55440) to work on /home/airflow/.local/lib/python3.8/site-packages/airflow/example_dags/example_xcom.py
[2024-05-22T23:05:06.664+0000] {processor.py:830} INFO - Processing file /home/airflow/.local/lib/python3.8/site-packages/airflow/example_dags/example_xcom.py for tasks to queue
[2024-05-22T23:05:06.666+0000] {logging_mixin.py:188} INFO - [2024-05-22T23:05:06.665+0000] {dagbag.py:538} INFO - Filling up the DagBag from /home/airflow/.local/lib/python3.8/site-packages/airflow/example_dags/example_xcom.py
[2024-05-22T23:05:06.675+0000] {processor.py:840} INFO - DAG(s) 'example_xcom' retrieved from /home/airflow/.local/lib/python3.8/site-packages/airflow/example_dags/example_xcom.py
[2024-05-22T23:05:06.700+0000] {logging_mixin.py:188} INFO - [2024-05-22T23:05:06.700+0000] {dag.py:3036} INFO - Sync 1 DAGs
[2024-05-22T23:05:06.728+0000] {logging_mixin.py:188} INFO - [2024-05-22T23:05:06.727+0000] {dag.py:3823} INFO - Setting next_dagrun for example_xcom to 2021-01-01 00:00:00+00:00, run_after=2021-01-01 00:00:00+00:00
[2024-05-22T23:05:06.755+0000] {processor.py:183} INFO - Processing /home/airflow/.local/lib/python3.8/site-packages/airflow/example_dags/example_xcom.py took 0.096 seconds
[2024-05-22T23:05:36.844+0000] {processor.py:161} INFO - Started process (PID=55497) to work on /home/airflow/.local/lib/python3.8/site-packages/airflow/example_dags/example_xcom.py
[2024-05-22T23:05:36.845+0000] {processor.py:830} INFO - Processing file /home/airflow/.local/lib/python3.8/site-packages/airflow/example_dags/example_xcom.py for tasks to queue
[2024-05-22T23:05:36.847+0000] {logging_mixin.py:188} INFO - [2024-05-22T23:05:36.847+0000] {dagbag.py:538} INFO - Filling up the DagBag from /home/airflow/.local/lib/python3.8/site-packages/airflow/example_dags/example_xcom.py
[2024-05-22T23:05:36.854+0000] {processor.py:840} INFO - DAG(s) 'example_xcom' retrieved from /home/airflow/.local/lib/python3.8/site-packages/airflow/example_dags/example_xcom.py
[2024-05-22T23:05:36.879+0000] {logging_mixin.py:188} INFO - [2024-05-22T23:05:36.879+0000] {dag.py:3036} INFO - Sync 1 DAGs
[2024-05-22T23:05:36.901+0000] {logging_mixin.py:188} INFO - [2024-05-22T23:05:36.900+0000] {dag.py:3823} INFO - Setting next_dagrun for example_xcom to 2021-01-01 00:00:00+00:00, run_after=2021-01-01 00:00:00+00:00
[2024-05-22T23:05:36.925+0000] {processor.py:183} INFO - Processing /home/airflow/.local/lib/python3.8/site-packages/airflow/example_dags/example_xcom.py took 0.083 seconds
[2024-05-22T23:06:07.498+0000] {processor.py:161} INFO - Started process (PID=55554) to work on /home/airflow/.local/lib/python3.8/site-packages/airflow/example_dags/example_xcom.py
[2024-05-22T23:06:07.499+0000] {processor.py:830} INFO - Processing file /home/airflow/.local/lib/python3.8/site-packages/airflow/example_dags/example_xcom.py for tasks to queue
[2024-05-22T23:06:07.501+0000] {logging_mixin.py:188} INFO - [2024-05-22T23:06:07.501+0000] {dagbag.py:538} INFO - Filling up the DagBag from /home/airflow/.local/lib/python3.8/site-packages/airflow/example_dags/example_xcom.py
[2024-05-22T23:06:07.509+0000] {processor.py:840} INFO - DAG(s) 'example_xcom' retrieved from /home/airflow/.local/lib/python3.8/site-packages/airflow/example_dags/example_xcom.py
[2024-05-22T23:06:07.533+0000] {logging_mixin.py:188} INFO - [2024-05-22T23:06:07.533+0000] {dag.py:3036} INFO - Sync 1 DAGs
[2024-05-22T23:06:07.560+0000] {logging_mixin.py:188} INFO - [2024-05-22T23:06:07.560+0000] {dag.py:3823} INFO - Setting next_dagrun for example_xcom to 2021-01-01 00:00:00+00:00, run_after=2021-01-01 00:00:00+00:00
[2024-05-22T23:06:07.586+0000] {processor.py:183} INFO - Processing /home/airflow/.local/lib/python3.8/site-packages/airflow/example_dags/example_xcom.py took 0.092 seconds
[2024-05-22T23:06:38.155+0000] {processor.py:161} INFO - Started process (PID=55611) to work on /home/airflow/.local/lib/python3.8/site-packages/airflow/example_dags/example_xcom.py
[2024-05-22T23:06:38.157+0000] {processor.py:830} INFO - Processing file /home/airflow/.local/lib/python3.8/site-packages/airflow/example_dags/example_xcom.py for tasks to queue
[2024-05-22T23:06:38.159+0000] {logging_mixin.py:188} INFO - [2024-05-22T23:06:38.159+0000] {dagbag.py:538} INFO - Filling up the DagBag from /home/airflow/.local/lib/python3.8/site-packages/airflow/example_dags/example_xcom.py
[2024-05-22T23:06:38.174+0000] {processor.py:840} INFO - DAG(s) 'example_xcom' retrieved from /home/airflow/.local/lib/python3.8/site-packages/airflow/example_dags/example_xcom.py
[2024-05-22T23:06:38.208+0000] {logging_mixin.py:188} INFO - [2024-05-22T23:06:38.207+0000] {dag.py:3036} INFO - Sync 1 DAGs
[2024-05-22T23:06:38.244+0000] {logging_mixin.py:188} INFO - [2024-05-22T23:06:38.243+0000] {dag.py:3823} INFO - Setting next_dagrun for example_xcom to 2021-01-01 00:00:00+00:00, run_after=2021-01-01 00:00:00+00:00
[2024-05-22T23:06:38.277+0000] {processor.py:183} INFO - Processing /home/airflow/.local/lib/python3.8/site-packages/airflow/example_dags/example_xcom.py took 0.129 seconds
[2024-05-22T23:07:08.434+0000] {processor.py:161} INFO - Started process (PID=55668) to work on /home/airflow/.local/lib/python3.8/site-packages/airflow/example_dags/example_xcom.py
[2024-05-22T23:07:08.436+0000] {processor.py:830} INFO - Processing file /home/airflow/.local/lib/python3.8/site-packages/airflow/example_dags/example_xcom.py for tasks to queue
[2024-05-22T23:07:08.438+0000] {logging_mixin.py:188} INFO - [2024-05-22T23:07:08.438+0000] {dagbag.py:538} INFO - Filling up the DagBag from /home/airflow/.local/lib/python3.8/site-packages/airflow/example_dags/example_xcom.py
[2024-05-22T23:07:08.446+0000] {processor.py:840} INFO - DAG(s) 'example_xcom' retrieved from /home/airflow/.local/lib/python3.8/site-packages/airflow/example_dags/example_xcom.py
[2024-05-22T23:07:08.475+0000] {logging_mixin.py:188} INFO - [2024-05-22T23:07:08.475+0000] {dag.py:3036} INFO - Sync 1 DAGs
[2024-05-22T23:07:08.500+0000] {logging_mixin.py:188} INFO - [2024-05-22T23:07:08.500+0000] {dag.py:3823} INFO - Setting next_dagrun for example_xcom to 2021-01-01 00:00:00+00:00, run_after=2021-01-01 00:00:00+00:00
[2024-05-22T23:07:08.522+0000] {processor.py:183} INFO - Processing /home/airflow/.local/lib/python3.8/site-packages/airflow/example_dags/example_xcom.py took 0.092 seconds
[2024-05-22T23:07:38.624+0000] {processor.py:161} INFO - Started process (PID=55725) to work on /home/airflow/.local/lib/python3.8/site-packages/airflow/example_dags/example_xcom.py
[2024-05-22T23:07:38.625+0000] {processor.py:830} INFO - Processing file /home/airflow/.local/lib/python3.8/site-packages/airflow/example_dags/example_xcom.py for tasks to queue
[2024-05-22T23:07:38.628+0000] {logging_mixin.py:188} INFO - [2024-05-22T23:07:38.628+0000] {dagbag.py:538} INFO - Filling up the DagBag from /home/airflow/.local/lib/python3.8/site-packages/airflow/example_dags/example_xcom.py
[2024-05-22T23:07:38.637+0000] {processor.py:840} INFO - DAG(s) 'example_xcom' retrieved from /home/airflow/.local/lib/python3.8/site-packages/airflow/example_dags/example_xcom.py
[2024-05-22T23:07:38.669+0000] {logging_mixin.py:188} INFO - [2024-05-22T23:07:38.668+0000] {dag.py:3036} INFO - Sync 1 DAGs
[2024-05-22T23:07:38.705+0000] {logging_mixin.py:188} INFO - [2024-05-22T23:07:38.704+0000] {dag.py:3823} INFO - Setting next_dagrun for example_xcom to 2021-01-01 00:00:00+00:00, run_after=2021-01-01 00:00:00+00:00
[2024-05-22T23:07:38.732+0000] {processor.py:183} INFO - Processing /home/airflow/.local/lib/python3.8/site-packages/airflow/example_dags/example_xcom.py took 0.111 seconds
[2024-05-22T23:08:09.378+0000] {processor.py:161} INFO - Started process (PID=55782) to work on /home/airflow/.local/lib/python3.8/site-packages/airflow/example_dags/example_xcom.py
[2024-05-22T23:08:09.379+0000] {processor.py:830} INFO - Processing file /home/airflow/.local/lib/python3.8/site-packages/airflow/example_dags/example_xcom.py for tasks to queue
[2024-05-22T23:08:09.381+0000] {logging_mixin.py:188} INFO - [2024-05-22T23:08:09.381+0000] {dagbag.py:538} INFO - Filling up the DagBag from /home/airflow/.local/lib/python3.8/site-packages/airflow/example_dags/example_xcom.py
[2024-05-22T23:08:09.392+0000] {processor.py:840} INFO - DAG(s) 'example_xcom' retrieved from /home/airflow/.local/lib/python3.8/site-packages/airflow/example_dags/example_xcom.py
[2024-05-22T23:08:09.425+0000] {logging_mixin.py:188} INFO - [2024-05-22T23:08:09.425+0000] {dag.py:3036} INFO - Sync 1 DAGs
[2024-05-22T23:08:09.449+0000] {logging_mixin.py:188} INFO - [2024-05-22T23:08:09.449+0000] {dag.py:3823} INFO - Setting next_dagrun for example_xcom to 2021-01-01 00:00:00+00:00, run_after=2021-01-01 00:00:00+00:00
[2024-05-22T23:08:09.478+0000] {processor.py:183} INFO - Processing /home/airflow/.local/lib/python3.8/site-packages/airflow/example_dags/example_xcom.py took 0.103 seconds
[2024-05-22T23:08:40.133+0000] {processor.py:161} INFO - Started process (PID=55839) to work on /home/airflow/.local/lib/python3.8/site-packages/airflow/example_dags/example_xcom.py
[2024-05-22T23:08:40.134+0000] {processor.py:830} INFO - Processing file /home/airflow/.local/lib/python3.8/site-packages/airflow/example_dags/example_xcom.py for tasks to queue
[2024-05-22T23:08:40.136+0000] {logging_mixin.py:188} INFO - [2024-05-22T23:08:40.135+0000] {dagbag.py:538} INFO - Filling up the DagBag from /home/airflow/.local/lib/python3.8/site-packages/airflow/example_dags/example_xcom.py
[2024-05-22T23:08:40.145+0000] {processor.py:840} INFO - DAG(s) 'example_xcom' retrieved from /home/airflow/.local/lib/python3.8/site-packages/airflow/example_dags/example_xcom.py
[2024-05-22T23:08:40.167+0000] {logging_mixin.py:188} INFO - [2024-05-22T23:08:40.167+0000] {dag.py:3036} INFO - Sync 1 DAGs
[2024-05-22T23:08:40.190+0000] {logging_mixin.py:188} INFO - [2024-05-22T23:08:40.190+0000] {dag.py:3823} INFO - Setting next_dagrun for example_xcom to 2021-01-01 00:00:00+00:00, run_after=2021-01-01 00:00:00+00:00
[2024-05-22T23:08:40.213+0000] {processor.py:183} INFO - Processing /home/airflow/.local/lib/python3.8/site-packages/airflow/example_dags/example_xcom.py took 0.084 seconds
[2024-05-22T23:09:11.015+0000] {processor.py:161} INFO - Started process (PID=55896) to work on /home/airflow/.local/lib/python3.8/site-packages/airflow/example_dags/example_xcom.py
[2024-05-22T23:09:11.016+0000] {processor.py:830} INFO - Processing file /home/airflow/.local/lib/python3.8/site-packages/airflow/example_dags/example_xcom.py for tasks to queue
[2024-05-22T23:09:11.018+0000] {logging_mixin.py:188} INFO - [2024-05-22T23:09:11.018+0000] {dagbag.py:538} INFO - Filling up the DagBag from /home/airflow/.local/lib/python3.8/site-packages/airflow/example_dags/example_xcom.py
[2024-05-22T23:09:11.025+0000] {processor.py:840} INFO - DAG(s) 'example_xcom' retrieved from /home/airflow/.local/lib/python3.8/site-packages/airflow/example_dags/example_xcom.py
[2024-05-22T23:09:11.047+0000] {logging_mixin.py:188} INFO - [2024-05-22T23:09:11.047+0000] {dag.py:3036} INFO - Sync 1 DAGs
[2024-05-22T23:09:11.071+0000] {logging_mixin.py:188} INFO - [2024-05-22T23:09:11.071+0000] {dag.py:3823} INFO - Setting next_dagrun for example_xcom to 2021-01-01 00:00:00+00:00, run_after=2021-01-01 00:00:00+00:00
[2024-05-22T23:09:11.092+0000] {processor.py:183} INFO - Processing /home/airflow/.local/lib/python3.8/site-packages/airflow/example_dags/example_xcom.py took 0.080 seconds
[2024-05-22T23:09:41.432+0000] {processor.py:161} INFO - Started process (PID=55953) to work on /home/airflow/.local/lib/python3.8/site-packages/airflow/example_dags/example_xcom.py
[2024-05-22T23:09:41.433+0000] {processor.py:830} INFO - Processing file /home/airflow/.local/lib/python3.8/site-packages/airflow/example_dags/example_xcom.py for tasks to queue
[2024-05-22T23:09:41.435+0000] {logging_mixin.py:188} INFO - [2024-05-22T23:09:41.434+0000] {dagbag.py:538} INFO - Filling up the DagBag from /home/airflow/.local/lib/python3.8/site-packages/airflow/example_dags/example_xcom.py
[2024-05-22T23:09:41.442+0000] {processor.py:840} INFO - DAG(s) 'example_xcom' retrieved from /home/airflow/.local/lib/python3.8/site-packages/airflow/example_dags/example_xcom.py
[2024-05-22T23:09:41.463+0000] {logging_mixin.py:188} INFO - [2024-05-22T23:09:41.462+0000] {dag.py:3036} INFO - Sync 1 DAGs
[2024-05-22T23:09:41.485+0000] {logging_mixin.py:188} INFO - [2024-05-22T23:09:41.485+0000] {dag.py:3823} INFO - Setting next_dagrun for example_xcom to 2021-01-01 00:00:00+00:00, run_after=2021-01-01 00:00:00+00:00
[2024-05-22T23:09:41.508+0000] {processor.py:183} INFO - Processing /home/airflow/.local/lib/python3.8/site-packages/airflow/example_dags/example_xcom.py took 0.079 seconds
[2024-05-22T23:10:11.838+0000] {processor.py:161} INFO - Started process (PID=56010) to work on /home/airflow/.local/lib/python3.8/site-packages/airflow/example_dags/example_xcom.py
[2024-05-22T23:10:11.839+0000] {processor.py:830} INFO - Processing file /home/airflow/.local/lib/python3.8/site-packages/airflow/example_dags/example_xcom.py for tasks to queue
[2024-05-22T23:10:11.841+0000] {logging_mixin.py:188} INFO - [2024-05-22T23:10:11.841+0000] {dagbag.py:538} INFO - Filling up the DagBag from /home/airflow/.local/lib/python3.8/site-packages/airflow/example_dags/example_xcom.py
[2024-05-22T23:10:11.850+0000] {processor.py:840} INFO - DAG(s) 'example_xcom' retrieved from /home/airflow/.local/lib/python3.8/site-packages/airflow/example_dags/example_xcom.py
[2024-05-22T23:10:11.870+0000] {logging_mixin.py:188} INFO - [2024-05-22T23:10:11.870+0000] {dag.py:3036} INFO - Sync 1 DAGs
[2024-05-22T23:10:11.894+0000] {logging_mixin.py:188} INFO - [2024-05-22T23:10:11.894+0000] {dag.py:3823} INFO - Setting next_dagrun for example_xcom to 2021-01-01 00:00:00+00:00, run_after=2021-01-01 00:00:00+00:00
[2024-05-22T23:10:11.914+0000] {processor.py:183} INFO - Processing /home/airflow/.local/lib/python3.8/site-packages/airflow/example_dags/example_xcom.py took 0.079 seconds
