[2024-05-22T22:36:33.762+0000] {processor.py:161} INFO - Started process (PID=52209) to work on /home/airflow/.local/lib/python3.8/site-packages/airflow/example_dags/example_dag_decorator.py
[2024-05-22T22:36:33.768+0000] {processor.py:830} INFO - Processing file /home/airflow/.local/lib/python3.8/site-packages/airflow/example_dags/example_dag_decorator.py for tasks to queue
[2024-05-22T22:36:33.774+0000] {logging_mixin.py:188} INFO - [2024-05-22T22:36:33.773+0000] {dagbag.py:538} INFO - Filling up the DagBag from /home/airflow/.local/lib/python3.8/site-packages/airflow/example_dags/example_dag_decorator.py
[2024-05-22T22:36:34.215+0000] {processor.py:840} INFO - DAG(s) 'example_dag_decorator' retrieved from /home/airflow/.local/lib/python3.8/site-packages/airflow/example_dags/example_dag_decorator.py
[2024-05-22T22:36:34.592+0000] {logging_mixin.py:188} INFO - [2024-05-22T22:36:34.592+0000] {dag.py:3036} INFO - Sync 1 DAGs
[2024-05-22T22:36:34.634+0000] {logging_mixin.py:188} INFO - [2024-05-22T22:36:34.634+0000] {dag.py:3823} INFO - Setting next_dagrun for example_dag_decorator to None, run_after=None
[2024-05-22T22:36:34.774+0000] {processor.py:183} INFO - Processing /home/airflow/.local/lib/python3.8/site-packages/airflow/example_dags/example_dag_decorator.py took 1.024 seconds
[2024-05-22T22:37:05.291+0000] {processor.py:161} INFO - Started process (PID=52266) to work on /home/airflow/.local/lib/python3.8/site-packages/airflow/example_dags/example_dag_decorator.py
[2024-05-22T22:37:05.292+0000] {processor.py:830} INFO - Processing file /home/airflow/.local/lib/python3.8/site-packages/airflow/example_dags/example_dag_decorator.py for tasks to queue
[2024-05-22T22:37:05.294+0000] {logging_mixin.py:188} INFO - [2024-05-22T22:37:05.294+0000] {dagbag.py:538} INFO - Filling up the DagBag from /home/airflow/.local/lib/python3.8/site-packages/airflow/example_dags/example_dag_decorator.py
[2024-05-22T22:37:05.398+0000] {processor.py:840} INFO - DAG(s) 'example_dag_decorator' retrieved from /home/airflow/.local/lib/python3.8/site-packages/airflow/example_dags/example_dag_decorator.py
[2024-05-22T22:37:05.504+0000] {logging_mixin.py:188} INFO - [2024-05-22T22:37:05.503+0000] {dag.py:3036} INFO - Sync 1 DAGs
[2024-05-22T22:37:05.516+0000] {logging_mixin.py:188} INFO - [2024-05-22T22:37:05.516+0000] {dag.py:3823} INFO - Setting next_dagrun for example_dag_decorator to None, run_after=None
[2024-05-22T22:37:05.537+0000] {processor.py:183} INFO - Processing /home/airflow/.local/lib/python3.8/site-packages/airflow/example_dags/example_dag_decorator.py took 0.248 seconds
[2024-05-22T22:37:35.735+0000] {processor.py:161} INFO - Started process (PID=52323) to work on /home/airflow/.local/lib/python3.8/site-packages/airflow/example_dags/example_dag_decorator.py
[2024-05-22T22:37:35.736+0000] {processor.py:830} INFO - Processing file /home/airflow/.local/lib/python3.8/site-packages/airflow/example_dags/example_dag_decorator.py for tasks to queue
[2024-05-22T22:37:35.738+0000] {logging_mixin.py:188} INFO - [2024-05-22T22:37:35.738+0000] {dagbag.py:538} INFO - Filling up the DagBag from /home/airflow/.local/lib/python3.8/site-packages/airflow/example_dags/example_dag_decorator.py
[2024-05-22T22:37:35.839+0000] {processor.py:840} INFO - DAG(s) 'example_dag_decorator' retrieved from /home/airflow/.local/lib/python3.8/site-packages/airflow/example_dags/example_dag_decorator.py
[2024-05-22T22:37:35.950+0000] {logging_mixin.py:188} INFO - [2024-05-22T22:37:35.950+0000] {dag.py:3036} INFO - Sync 1 DAGs
[2024-05-22T22:37:35.961+0000] {logging_mixin.py:188} INFO - [2024-05-22T22:37:35.961+0000] {dag.py:3823} INFO - Setting next_dagrun for example_dag_decorator to None, run_after=None
[2024-05-22T22:37:35.982+0000] {processor.py:183} INFO - Processing /home/airflow/.local/lib/python3.8/site-packages/airflow/example_dags/example_dag_decorator.py took 0.250 seconds
[2024-05-22T22:38:06.254+0000] {processor.py:161} INFO - Started process (PID=52380) to work on /home/airflow/.local/lib/python3.8/site-packages/airflow/example_dags/example_dag_decorator.py
[2024-05-22T22:38:06.255+0000] {processor.py:830} INFO - Processing file /home/airflow/.local/lib/python3.8/site-packages/airflow/example_dags/example_dag_decorator.py for tasks to queue
[2024-05-22T22:38:06.258+0000] {logging_mixin.py:188} INFO - [2024-05-22T22:38:06.257+0000] {dagbag.py:538} INFO - Filling up the DagBag from /home/airflow/.local/lib/python3.8/site-packages/airflow/example_dags/example_dag_decorator.py
[2024-05-22T22:38:06.384+0000] {processor.py:840} INFO - DAG(s) 'example_dag_decorator' retrieved from /home/airflow/.local/lib/python3.8/site-packages/airflow/example_dags/example_dag_decorator.py
[2024-05-22T22:38:06.516+0000] {logging_mixin.py:188} INFO - [2024-05-22T22:38:06.516+0000] {dag.py:3036} INFO - Sync 1 DAGs
[2024-05-22T22:38:06.527+0000] {logging_mixin.py:188} INFO - [2024-05-22T22:38:06.527+0000] {dag.py:3823} INFO - Setting next_dagrun for example_dag_decorator to None, run_after=None
[2024-05-22T22:38:06.561+0000] {processor.py:183} INFO - Processing /home/airflow/.local/lib/python3.8/site-packages/airflow/example_dags/example_dag_decorator.py took 0.314 seconds
[2024-05-22T22:38:36.712+0000] {processor.py:161} INFO - Started process (PID=52437) to work on /home/airflow/.local/lib/python3.8/site-packages/airflow/example_dags/example_dag_decorator.py
[2024-05-22T22:38:36.713+0000] {processor.py:830} INFO - Processing file /home/airflow/.local/lib/python3.8/site-packages/airflow/example_dags/example_dag_decorator.py for tasks to queue
[2024-05-22T22:38:36.715+0000] {logging_mixin.py:188} INFO - [2024-05-22T22:38:36.714+0000] {dagbag.py:538} INFO - Filling up the DagBag from /home/airflow/.local/lib/python3.8/site-packages/airflow/example_dags/example_dag_decorator.py
[2024-05-22T22:38:36.835+0000] {processor.py:840} INFO - DAG(s) 'example_dag_decorator' retrieved from /home/airflow/.local/lib/python3.8/site-packages/airflow/example_dags/example_dag_decorator.py
[2024-05-22T22:38:36.955+0000] {logging_mixin.py:188} INFO - [2024-05-22T22:38:36.955+0000] {dag.py:3036} INFO - Sync 1 DAGs
[2024-05-22T22:38:36.969+0000] {logging_mixin.py:188} INFO - [2024-05-22T22:38:36.969+0000] {dag.py:3823} INFO - Setting next_dagrun for example_dag_decorator to None, run_after=None
[2024-05-22T22:38:36.995+0000] {processor.py:183} INFO - Processing /home/airflow/.local/lib/python3.8/site-packages/airflow/example_dags/example_dag_decorator.py took 0.287 seconds
[2024-05-22T22:39:07.313+0000] {processor.py:161} INFO - Started process (PID=52494) to work on /home/airflow/.local/lib/python3.8/site-packages/airflow/example_dags/example_dag_decorator.py
[2024-05-22T22:39:07.314+0000] {processor.py:830} INFO - Processing file /home/airflow/.local/lib/python3.8/site-packages/airflow/example_dags/example_dag_decorator.py for tasks to queue
[2024-05-22T22:39:07.315+0000] {logging_mixin.py:188} INFO - [2024-05-22T22:39:07.315+0000] {dagbag.py:538} INFO - Filling up the DagBag from /home/airflow/.local/lib/python3.8/site-packages/airflow/example_dags/example_dag_decorator.py
[2024-05-22T22:39:07.429+0000] {processor.py:840} INFO - DAG(s) 'example_dag_decorator' retrieved from /home/airflow/.local/lib/python3.8/site-packages/airflow/example_dags/example_dag_decorator.py
[2024-05-22T22:39:07.546+0000] {logging_mixin.py:188} INFO - [2024-05-22T22:39:07.546+0000] {dag.py:3036} INFO - Sync 1 DAGs
[2024-05-22T22:39:07.557+0000] {logging_mixin.py:188} INFO - [2024-05-22T22:39:07.557+0000] {dag.py:3823} INFO - Setting next_dagrun for example_dag_decorator to None, run_after=None
[2024-05-22T22:39:07.580+0000] {processor.py:183} INFO - Processing /home/airflow/.local/lib/python3.8/site-packages/airflow/example_dags/example_dag_decorator.py took 0.270 seconds
[2024-05-22T22:39:37.698+0000] {processor.py:161} INFO - Started process (PID=52553) to work on /home/airflow/.local/lib/python3.8/site-packages/airflow/example_dags/example_dag_decorator.py
[2024-05-22T22:39:37.699+0000] {processor.py:830} INFO - Processing file /home/airflow/.local/lib/python3.8/site-packages/airflow/example_dags/example_dag_decorator.py for tasks to queue
[2024-05-22T22:39:37.700+0000] {logging_mixin.py:188} INFO - [2024-05-22T22:39:37.700+0000] {dagbag.py:538} INFO - Filling up the DagBag from /home/airflow/.local/lib/python3.8/site-packages/airflow/example_dags/example_dag_decorator.py
[2024-05-22T22:39:37.806+0000] {processor.py:840} INFO - DAG(s) 'example_dag_decorator' retrieved from /home/airflow/.local/lib/python3.8/site-packages/airflow/example_dags/example_dag_decorator.py
[2024-05-22T22:39:37.912+0000] {logging_mixin.py:188} INFO - [2024-05-22T22:39:37.911+0000] {dag.py:3036} INFO - Sync 1 DAGs
[2024-05-22T22:39:37.925+0000] {logging_mixin.py:188} INFO - [2024-05-22T22:39:37.925+0000] {dag.py:3823} INFO - Setting next_dagrun for example_dag_decorator to None, run_after=None
[2024-05-22T22:39:37.948+0000] {processor.py:183} INFO - Processing /home/airflow/.local/lib/python3.8/site-packages/airflow/example_dags/example_dag_decorator.py took 0.253 seconds
[2024-05-22T22:40:08.186+0000] {processor.py:161} INFO - Started process (PID=52610) to work on /home/airflow/.local/lib/python3.8/site-packages/airflow/example_dags/example_dag_decorator.py
[2024-05-22T22:40:08.188+0000] {processor.py:830} INFO - Processing file /home/airflow/.local/lib/python3.8/site-packages/airflow/example_dags/example_dag_decorator.py for tasks to queue
[2024-05-22T22:40:08.190+0000] {logging_mixin.py:188} INFO - [2024-05-22T22:40:08.189+0000] {dagbag.py:538} INFO - Filling up the DagBag from /home/airflow/.local/lib/python3.8/site-packages/airflow/example_dags/example_dag_decorator.py
[2024-05-22T22:40:08.301+0000] {processor.py:840} INFO - DAG(s) 'example_dag_decorator' retrieved from /home/airflow/.local/lib/python3.8/site-packages/airflow/example_dags/example_dag_decorator.py
[2024-05-22T22:40:08.409+0000] {logging_mixin.py:188} INFO - [2024-05-22T22:40:08.408+0000] {dag.py:3036} INFO - Sync 1 DAGs
[2024-05-22T22:40:08.420+0000] {logging_mixin.py:188} INFO - [2024-05-22T22:40:08.419+0000] {dag.py:3823} INFO - Setting next_dagrun for example_dag_decorator to None, run_after=None
[2024-05-22T22:40:08.443+0000] {processor.py:183} INFO - Processing /home/airflow/.local/lib/python3.8/site-packages/airflow/example_dags/example_dag_decorator.py took 0.259 seconds
[2024-05-22T22:40:38.567+0000] {processor.py:161} INFO - Started process (PID=52666) to work on /home/airflow/.local/lib/python3.8/site-packages/airflow/example_dags/example_dag_decorator.py
[2024-05-22T22:40:38.569+0000] {processor.py:830} INFO - Processing file /home/airflow/.local/lib/python3.8/site-packages/airflow/example_dags/example_dag_decorator.py for tasks to queue
[2024-05-22T22:40:38.570+0000] {logging_mixin.py:188} INFO - [2024-05-22T22:40:38.570+0000] {dagbag.py:538} INFO - Filling up the DagBag from /home/airflow/.local/lib/python3.8/site-packages/airflow/example_dags/example_dag_decorator.py
[2024-05-22T22:40:38.667+0000] {processor.py:840} INFO - DAG(s) 'example_dag_decorator' retrieved from /home/airflow/.local/lib/python3.8/site-packages/airflow/example_dags/example_dag_decorator.py
[2024-05-22T22:40:38.781+0000] {logging_mixin.py:188} INFO - [2024-05-22T22:40:38.780+0000] {dag.py:3036} INFO - Sync 1 DAGs
[2024-05-22T22:40:38.792+0000] {logging_mixin.py:188} INFO - [2024-05-22T22:40:38.792+0000] {dag.py:3823} INFO - Setting next_dagrun for example_dag_decorator to None, run_after=None
[2024-05-22T22:40:38.812+0000] {processor.py:183} INFO - Processing /home/airflow/.local/lib/python3.8/site-packages/airflow/example_dags/example_dag_decorator.py took 0.248 seconds
[2024-05-22T22:41:09.065+0000] {processor.py:161} INFO - Started process (PID=52723) to work on /home/airflow/.local/lib/python3.8/site-packages/airflow/example_dags/example_dag_decorator.py
[2024-05-22T22:41:09.066+0000] {processor.py:830} INFO - Processing file /home/airflow/.local/lib/python3.8/site-packages/airflow/example_dags/example_dag_decorator.py for tasks to queue
[2024-05-22T22:41:09.068+0000] {logging_mixin.py:188} INFO - [2024-05-22T22:41:09.067+0000] {dagbag.py:538} INFO - Filling up the DagBag from /home/airflow/.local/lib/python3.8/site-packages/airflow/example_dags/example_dag_decorator.py
[2024-05-22T22:41:09.183+0000] {processor.py:840} INFO - DAG(s) 'example_dag_decorator' retrieved from /home/airflow/.local/lib/python3.8/site-packages/airflow/example_dags/example_dag_decorator.py
[2024-05-22T22:41:09.308+0000] {logging_mixin.py:188} INFO - [2024-05-22T22:41:09.307+0000] {dag.py:3036} INFO - Sync 1 DAGs
[2024-05-22T22:41:09.320+0000] {logging_mixin.py:188} INFO - [2024-05-22T22:41:09.320+0000] {dag.py:3823} INFO - Setting next_dagrun for example_dag_decorator to None, run_after=None
[2024-05-22T22:41:09.344+0000] {processor.py:183} INFO - Processing /home/airflow/.local/lib/python3.8/site-packages/airflow/example_dags/example_dag_decorator.py took 0.282 seconds
[2024-05-22T22:41:39.599+0000] {processor.py:161} INFO - Started process (PID=52780) to work on /home/airflow/.local/lib/python3.8/site-packages/airflow/example_dags/example_dag_decorator.py
[2024-05-22T22:41:39.600+0000] {processor.py:830} INFO - Processing file /home/airflow/.local/lib/python3.8/site-packages/airflow/example_dags/example_dag_decorator.py for tasks to queue
[2024-05-22T22:41:39.602+0000] {logging_mixin.py:188} INFO - [2024-05-22T22:41:39.601+0000] {dagbag.py:538} INFO - Filling up the DagBag from /home/airflow/.local/lib/python3.8/site-packages/airflow/example_dags/example_dag_decorator.py
[2024-05-22T22:41:39.709+0000] {processor.py:840} INFO - DAG(s) 'example_dag_decorator' retrieved from /home/airflow/.local/lib/python3.8/site-packages/airflow/example_dags/example_dag_decorator.py
[2024-05-22T22:41:39.843+0000] {logging_mixin.py:188} INFO - [2024-05-22T22:41:39.842+0000] {dag.py:3036} INFO - Sync 1 DAGs
[2024-05-22T22:41:39.855+0000] {logging_mixin.py:188} INFO - [2024-05-22T22:41:39.855+0000] {dag.py:3823} INFO - Setting next_dagrun for example_dag_decorator to None, run_after=None
[2024-05-22T22:41:39.881+0000] {processor.py:183} INFO - Processing /home/airflow/.local/lib/python3.8/site-packages/airflow/example_dags/example_dag_decorator.py took 0.285 seconds
[2024-05-22T22:42:10.157+0000] {processor.py:161} INFO - Started process (PID=52835) to work on /home/airflow/.local/lib/python3.8/site-packages/airflow/example_dags/example_dag_decorator.py
[2024-05-22T22:42:10.159+0000] {processor.py:830} INFO - Processing file /home/airflow/.local/lib/python3.8/site-packages/airflow/example_dags/example_dag_decorator.py for tasks to queue
[2024-05-22T22:42:10.162+0000] {logging_mixin.py:188} INFO - [2024-05-22T22:42:10.161+0000] {dagbag.py:538} INFO - Filling up the DagBag from /home/airflow/.local/lib/python3.8/site-packages/airflow/example_dags/example_dag_decorator.py
[2024-05-22T22:42:10.290+0000] {processor.py:840} INFO - DAG(s) 'example_dag_decorator' retrieved from /home/airflow/.local/lib/python3.8/site-packages/airflow/example_dags/example_dag_decorator.py
[2024-05-22T22:42:10.429+0000] {logging_mixin.py:188} INFO - [2024-05-22T22:42:10.428+0000] {dag.py:3036} INFO - Sync 1 DAGs
[2024-05-22T22:42:10.441+0000] {logging_mixin.py:188} INFO - [2024-05-22T22:42:10.441+0000] {dag.py:3823} INFO - Setting next_dagrun for example_dag_decorator to None, run_after=None
[2024-05-22T22:42:10.465+0000] {processor.py:183} INFO - Processing /home/airflow/.local/lib/python3.8/site-packages/airflow/example_dags/example_dag_decorator.py took 0.315 seconds
[2024-05-22T22:42:40.507+0000] {processor.py:161} INFO - Started process (PID=52900) to work on /home/airflow/.local/lib/python3.8/site-packages/airflow/example_dags/example_dag_decorator.py
[2024-05-22T22:42:40.508+0000] {processor.py:830} INFO - Processing file /home/airflow/.local/lib/python3.8/site-packages/airflow/example_dags/example_dag_decorator.py for tasks to queue
[2024-05-22T22:42:40.510+0000] {logging_mixin.py:188} INFO - [2024-05-22T22:42:40.510+0000] {dagbag.py:538} INFO - Filling up the DagBag from /home/airflow/.local/lib/python3.8/site-packages/airflow/example_dags/example_dag_decorator.py
[2024-05-22T22:42:40.605+0000] {processor.py:840} INFO - DAG(s) 'example_dag_decorator' retrieved from /home/airflow/.local/lib/python3.8/site-packages/airflow/example_dags/example_dag_decorator.py
[2024-05-22T22:42:40.723+0000] {logging_mixin.py:188} INFO - [2024-05-22T22:42:40.723+0000] {dag.py:3036} INFO - Sync 1 DAGs
[2024-05-22T22:42:40.738+0000] {logging_mixin.py:188} INFO - [2024-05-22T22:42:40.738+0000] {dag.py:3823} INFO - Setting next_dagrun for example_dag_decorator to None, run_after=None
[2024-05-22T22:42:40.764+0000] {processor.py:183} INFO - Processing /home/airflow/.local/lib/python3.8/site-packages/airflow/example_dags/example_dag_decorator.py took 0.259 seconds
[2024-05-22T22:43:10.834+0000] {processor.py:161} INFO - Started process (PID=52954) to work on /home/airflow/.local/lib/python3.8/site-packages/airflow/example_dags/example_dag_decorator.py
[2024-05-22T22:43:10.835+0000] {processor.py:830} INFO - Processing file /home/airflow/.local/lib/python3.8/site-packages/airflow/example_dags/example_dag_decorator.py for tasks to queue
[2024-05-22T22:43:10.837+0000] {logging_mixin.py:188} INFO - [2024-05-22T22:43:10.837+0000] {dagbag.py:538} INFO - Filling up the DagBag from /home/airflow/.local/lib/python3.8/site-packages/airflow/example_dags/example_dag_decorator.py
[2024-05-22T22:43:10.972+0000] {processor.py:840} INFO - DAG(s) 'example_dag_decorator' retrieved from /home/airflow/.local/lib/python3.8/site-packages/airflow/example_dags/example_dag_decorator.py
[2024-05-22T22:43:11.092+0000] {logging_mixin.py:188} INFO - [2024-05-22T22:43:11.091+0000] {dag.py:3036} INFO - Sync 1 DAGs
[2024-05-22T22:43:11.103+0000] {logging_mixin.py:188} INFO - [2024-05-22T22:43:11.102+0000] {dag.py:3823} INFO - Setting next_dagrun for example_dag_decorator to None, run_after=None
[2024-05-22T22:43:11.126+0000] {processor.py:183} INFO - Processing /home/airflow/.local/lib/python3.8/site-packages/airflow/example_dags/example_dag_decorator.py took 0.295 seconds
[2024-05-22T22:43:41.748+0000] {processor.py:161} INFO - Started process (PID=53011) to work on /home/airflow/.local/lib/python3.8/site-packages/airflow/example_dags/example_dag_decorator.py
[2024-05-22T22:43:41.750+0000] {processor.py:830} INFO - Processing file /home/airflow/.local/lib/python3.8/site-packages/airflow/example_dags/example_dag_decorator.py for tasks to queue
[2024-05-22T22:43:41.753+0000] {logging_mixin.py:188} INFO - [2024-05-22T22:43:41.752+0000] {dagbag.py:538} INFO - Filling up the DagBag from /home/airflow/.local/lib/python3.8/site-packages/airflow/example_dags/example_dag_decorator.py
[2024-05-22T22:43:41.897+0000] {processor.py:840} INFO - DAG(s) 'example_dag_decorator' retrieved from /home/airflow/.local/lib/python3.8/site-packages/airflow/example_dags/example_dag_decorator.py
[2024-05-22T22:43:42.019+0000] {logging_mixin.py:188} INFO - [2024-05-22T22:43:42.018+0000] {dag.py:3036} INFO - Sync 1 DAGs
[2024-05-22T22:43:42.030+0000] {logging_mixin.py:188} INFO - [2024-05-22T22:43:42.029+0000] {dag.py:3823} INFO - Setting next_dagrun for example_dag_decorator to None, run_after=None
[2024-05-22T22:43:42.069+0000] {processor.py:183} INFO - Processing /home/airflow/.local/lib/python3.8/site-packages/airflow/example_dags/example_dag_decorator.py took 0.324 seconds
[2024-05-22T22:44:12.209+0000] {processor.py:161} INFO - Started process (PID=53067) to work on /home/airflow/.local/lib/python3.8/site-packages/airflow/example_dags/example_dag_decorator.py
[2024-05-22T22:44:12.210+0000] {processor.py:830} INFO - Processing file /home/airflow/.local/lib/python3.8/site-packages/airflow/example_dags/example_dag_decorator.py for tasks to queue
[2024-05-22T22:44:12.212+0000] {logging_mixin.py:188} INFO - [2024-05-22T22:44:12.212+0000] {dagbag.py:538} INFO - Filling up the DagBag from /home/airflow/.local/lib/python3.8/site-packages/airflow/example_dags/example_dag_decorator.py
[2024-05-22T22:44:12.325+0000] {processor.py:840} INFO - DAG(s) 'example_dag_decorator' retrieved from /home/airflow/.local/lib/python3.8/site-packages/airflow/example_dags/example_dag_decorator.py
[2024-05-22T22:44:12.443+0000] {logging_mixin.py:188} INFO - [2024-05-22T22:44:12.443+0000] {dag.py:3036} INFO - Sync 1 DAGs
[2024-05-22T22:44:12.454+0000] {logging_mixin.py:188} INFO - [2024-05-22T22:44:12.454+0000] {dag.py:3823} INFO - Setting next_dagrun for example_dag_decorator to None, run_after=None
[2024-05-22T22:44:12.478+0000] {processor.py:183} INFO - Processing /home/airflow/.local/lib/python3.8/site-packages/airflow/example_dags/example_dag_decorator.py took 0.272 seconds
[2024-05-22T22:44:42.552+0000] {processor.py:161} INFO - Started process (PID=53124) to work on /home/airflow/.local/lib/python3.8/site-packages/airflow/example_dags/example_dag_decorator.py
[2024-05-22T22:44:42.553+0000] {processor.py:830} INFO - Processing file /home/airflow/.local/lib/python3.8/site-packages/airflow/example_dags/example_dag_decorator.py for tasks to queue
[2024-05-22T22:44:42.555+0000] {logging_mixin.py:188} INFO - [2024-05-22T22:44:42.555+0000] {dagbag.py:538} INFO - Filling up the DagBag from /home/airflow/.local/lib/python3.8/site-packages/airflow/example_dags/example_dag_decorator.py
[2024-05-22T22:44:42.658+0000] {processor.py:840} INFO - DAG(s) 'example_dag_decorator' retrieved from /home/airflow/.local/lib/python3.8/site-packages/airflow/example_dags/example_dag_decorator.py
[2024-05-22T22:44:42.685+0000] {logging_mixin.py:188} INFO - [2024-05-22T22:44:42.685+0000] {dag.py:3036} INFO - Sync 1 DAGs
[2024-05-22T22:44:42.699+0000] {logging_mixin.py:188} INFO - [2024-05-22T22:44:42.698+0000] {dag.py:3823} INFO - Setting next_dagrun for example_dag_decorator to None, run_after=None
[2024-05-22T22:44:42.718+0000] {processor.py:183} INFO - Processing /home/airflow/.local/lib/python3.8/site-packages/airflow/example_dags/example_dag_decorator.py took 0.169 seconds
[2024-05-22T22:45:12.791+0000] {processor.py:161} INFO - Started process (PID=53182) to work on /home/airflow/.local/lib/python3.8/site-packages/airflow/example_dags/example_dag_decorator.py
[2024-05-22T22:45:12.792+0000] {processor.py:830} INFO - Processing file /home/airflow/.local/lib/python3.8/site-packages/airflow/example_dags/example_dag_decorator.py for tasks to queue
[2024-05-22T22:45:12.794+0000] {logging_mixin.py:188} INFO - [2024-05-22T22:45:12.794+0000] {dagbag.py:538} INFO - Filling up the DagBag from /home/airflow/.local/lib/python3.8/site-packages/airflow/example_dags/example_dag_decorator.py
[2024-05-22T22:45:12.906+0000] {processor.py:840} INFO - DAG(s) 'example_dag_decorator' retrieved from /home/airflow/.local/lib/python3.8/site-packages/airflow/example_dags/example_dag_decorator.py
[2024-05-22T22:45:12.935+0000] {logging_mixin.py:188} INFO - [2024-05-22T22:45:12.935+0000] {dag.py:3036} INFO - Sync 1 DAGs
[2024-05-22T22:45:12.950+0000] {logging_mixin.py:188} INFO - [2024-05-22T22:45:12.950+0000] {dag.py:3823} INFO - Setting next_dagrun for example_dag_decorator to None, run_after=None
[2024-05-22T22:45:12.983+0000] {processor.py:183} INFO - Processing /home/airflow/.local/lib/python3.8/site-packages/airflow/example_dags/example_dag_decorator.py took 0.195 seconds
[2024-05-22T22:45:43.173+0000] {processor.py:161} INFO - Started process (PID=53240) to work on /home/airflow/.local/lib/python3.8/site-packages/airflow/example_dags/example_dag_decorator.py
[2024-05-22T22:45:43.174+0000] {processor.py:830} INFO - Processing file /home/airflow/.local/lib/python3.8/site-packages/airflow/example_dags/example_dag_decorator.py for tasks to queue
[2024-05-22T22:45:43.176+0000] {logging_mixin.py:188} INFO - [2024-05-22T22:45:43.175+0000] {dagbag.py:538} INFO - Filling up the DagBag from /home/airflow/.local/lib/python3.8/site-packages/airflow/example_dags/example_dag_decorator.py
[2024-05-22T22:45:43.299+0000] {processor.py:840} INFO - DAG(s) 'example_dag_decorator' retrieved from /home/airflow/.local/lib/python3.8/site-packages/airflow/example_dags/example_dag_decorator.py
[2024-05-22T22:45:43.326+0000] {logging_mixin.py:188} INFO - [2024-05-22T22:45:43.325+0000] {dag.py:3036} INFO - Sync 1 DAGs
[2024-05-22T22:45:43.344+0000] {logging_mixin.py:188} INFO - [2024-05-22T22:45:43.343+0000] {dag.py:3823} INFO - Setting next_dagrun for example_dag_decorator to None, run_after=None
[2024-05-22T22:45:43.367+0000] {processor.py:183} INFO - Processing /home/airflow/.local/lib/python3.8/site-packages/airflow/example_dags/example_dag_decorator.py took 0.197 seconds
[2024-05-22T22:46:13.522+0000] {processor.py:161} INFO - Started process (PID=53298) to work on /home/airflow/.local/lib/python3.8/site-packages/airflow/example_dags/example_dag_decorator.py
[2024-05-22T22:46:13.523+0000] {processor.py:830} INFO - Processing file /home/airflow/.local/lib/python3.8/site-packages/airflow/example_dags/example_dag_decorator.py for tasks to queue
[2024-05-22T22:46:13.525+0000] {logging_mixin.py:188} INFO - [2024-05-22T22:46:13.524+0000] {dagbag.py:538} INFO - Filling up the DagBag from /home/airflow/.local/lib/python3.8/site-packages/airflow/example_dags/example_dag_decorator.py
[2024-05-22T22:46:13.632+0000] {processor.py:840} INFO - DAG(s) 'example_dag_decorator' retrieved from /home/airflow/.local/lib/python3.8/site-packages/airflow/example_dags/example_dag_decorator.py
[2024-05-22T22:46:13.664+0000] {logging_mixin.py:188} INFO - [2024-05-22T22:46:13.664+0000] {dag.py:3036} INFO - Sync 1 DAGs
[2024-05-22T22:46:13.684+0000] {logging_mixin.py:188} INFO - [2024-05-22T22:46:13.683+0000] {dag.py:3823} INFO - Setting next_dagrun for example_dag_decorator to None, run_after=None
[2024-05-22T22:46:13.712+0000] {processor.py:183} INFO - Processing /home/airflow/.local/lib/python3.8/site-packages/airflow/example_dags/example_dag_decorator.py took 0.193 seconds
[2024-05-22T22:46:43.959+0000] {processor.py:161} INFO - Started process (PID=53355) to work on /home/airflow/.local/lib/python3.8/site-packages/airflow/example_dags/example_dag_decorator.py
[2024-05-22T22:46:43.960+0000] {processor.py:830} INFO - Processing file /home/airflow/.local/lib/python3.8/site-packages/airflow/example_dags/example_dag_decorator.py for tasks to queue
[2024-05-22T22:46:43.962+0000] {logging_mixin.py:188} INFO - [2024-05-22T22:46:43.961+0000] {dagbag.py:538} INFO - Filling up the DagBag from /home/airflow/.local/lib/python3.8/site-packages/airflow/example_dags/example_dag_decorator.py
[2024-05-22T22:46:44.071+0000] {processor.py:840} INFO - DAG(s) 'example_dag_decorator' retrieved from /home/airflow/.local/lib/python3.8/site-packages/airflow/example_dags/example_dag_decorator.py
[2024-05-22T22:46:44.200+0000] {logging_mixin.py:188} INFO - [2024-05-22T22:46:44.200+0000] {dag.py:3036} INFO - Sync 1 DAGs
[2024-05-22T22:46:44.214+0000] {logging_mixin.py:188} INFO - [2024-05-22T22:46:44.213+0000] {dag.py:3823} INFO - Setting next_dagrun for example_dag_decorator to None, run_after=None
[2024-05-22T22:46:44.239+0000] {processor.py:183} INFO - Processing /home/airflow/.local/lib/python3.8/site-packages/airflow/example_dags/example_dag_decorator.py took 0.284 seconds
[2024-05-22T22:47:14.289+0000] {processor.py:161} INFO - Started process (PID=53412) to work on /home/airflow/.local/lib/python3.8/site-packages/airflow/example_dags/example_dag_decorator.py
[2024-05-22T22:47:14.290+0000] {processor.py:830} INFO - Processing file /home/airflow/.local/lib/python3.8/site-packages/airflow/example_dags/example_dag_decorator.py for tasks to queue
[2024-05-22T22:47:14.293+0000] {logging_mixin.py:188} INFO - [2024-05-22T22:47:14.293+0000] {dagbag.py:538} INFO - Filling up the DagBag from /home/airflow/.local/lib/python3.8/site-packages/airflow/example_dags/example_dag_decorator.py
[2024-05-22T22:47:14.401+0000] {processor.py:840} INFO - DAG(s) 'example_dag_decorator' retrieved from /home/airflow/.local/lib/python3.8/site-packages/airflow/example_dags/example_dag_decorator.py
[2024-05-22T22:47:14.540+0000] {logging_mixin.py:188} INFO - [2024-05-22T22:47:14.539+0000] {dag.py:3036} INFO - Sync 1 DAGs
[2024-05-22T22:47:14.553+0000] {logging_mixin.py:188} INFO - [2024-05-22T22:47:14.553+0000] {dag.py:3823} INFO - Setting next_dagrun for example_dag_decorator to None, run_after=None
[2024-05-22T22:47:14.579+0000] {processor.py:183} INFO - Processing /home/airflow/.local/lib/python3.8/site-packages/airflow/example_dags/example_dag_decorator.py took 0.294 seconds
[2024-05-22T22:47:44.831+0000] {processor.py:161} INFO - Started process (PID=53470) to work on /home/airflow/.local/lib/python3.8/site-packages/airflow/example_dags/example_dag_decorator.py
[2024-05-22T22:47:44.832+0000] {processor.py:830} INFO - Processing file /home/airflow/.local/lib/python3.8/site-packages/airflow/example_dags/example_dag_decorator.py for tasks to queue
[2024-05-22T22:47:44.833+0000] {logging_mixin.py:188} INFO - [2024-05-22T22:47:44.833+0000] {dagbag.py:538} INFO - Filling up the DagBag from /home/airflow/.local/lib/python3.8/site-packages/airflow/example_dags/example_dag_decorator.py
[2024-05-22T22:47:44.951+0000] {processor.py:840} INFO - DAG(s) 'example_dag_decorator' retrieved from /home/airflow/.local/lib/python3.8/site-packages/airflow/example_dags/example_dag_decorator.py
[2024-05-22T22:47:44.981+0000] {logging_mixin.py:188} INFO - [2024-05-22T22:47:44.981+0000] {dag.py:3036} INFO - Sync 1 DAGs
[2024-05-22T22:47:44.997+0000] {logging_mixin.py:188} INFO - [2024-05-22T22:47:44.997+0000] {dag.py:3823} INFO - Setting next_dagrun for example_dag_decorator to None, run_after=None
[2024-05-22T22:47:45.022+0000] {processor.py:183} INFO - Processing /home/airflow/.local/lib/python3.8/site-packages/airflow/example_dags/example_dag_decorator.py took 0.195 seconds
[2024-05-22T22:48:15.215+0000] {processor.py:161} INFO - Started process (PID=53527) to work on /home/airflow/.local/lib/python3.8/site-packages/airflow/example_dags/example_dag_decorator.py
[2024-05-22T22:48:15.216+0000] {processor.py:830} INFO - Processing file /home/airflow/.local/lib/python3.8/site-packages/airflow/example_dags/example_dag_decorator.py for tasks to queue
[2024-05-22T22:48:15.219+0000] {logging_mixin.py:188} INFO - [2024-05-22T22:48:15.219+0000] {dagbag.py:538} INFO - Filling up the DagBag from /home/airflow/.local/lib/python3.8/site-packages/airflow/example_dags/example_dag_decorator.py
[2024-05-22T22:48:15.347+0000] {processor.py:840} INFO - DAG(s) 'example_dag_decorator' retrieved from /home/airflow/.local/lib/python3.8/site-packages/airflow/example_dags/example_dag_decorator.py
[2024-05-22T22:48:15.502+0000] {logging_mixin.py:188} INFO - [2024-05-22T22:48:15.501+0000] {dag.py:3036} INFO - Sync 1 DAGs
[2024-05-22T22:48:15.517+0000] {logging_mixin.py:188} INFO - [2024-05-22T22:48:15.516+0000] {dag.py:3823} INFO - Setting next_dagrun for example_dag_decorator to None, run_after=None
[2024-05-22T22:48:15.549+0000] {processor.py:183} INFO - Processing /home/airflow/.local/lib/python3.8/site-packages/airflow/example_dags/example_dag_decorator.py took 0.337 seconds
[2024-05-22T22:48:45.856+0000] {processor.py:161} INFO - Started process (PID=53584) to work on /home/airflow/.local/lib/python3.8/site-packages/airflow/example_dags/example_dag_decorator.py
[2024-05-22T22:48:45.857+0000] {processor.py:830} INFO - Processing file /home/airflow/.local/lib/python3.8/site-packages/airflow/example_dags/example_dag_decorator.py for tasks to queue
[2024-05-22T22:48:45.859+0000] {logging_mixin.py:188} INFO - [2024-05-22T22:48:45.858+0000] {dagbag.py:538} INFO - Filling up the DagBag from /home/airflow/.local/lib/python3.8/site-packages/airflow/example_dags/example_dag_decorator.py
[2024-05-22T22:48:45.979+0000] {processor.py:840} INFO - DAG(s) 'example_dag_decorator' retrieved from /home/airflow/.local/lib/python3.8/site-packages/airflow/example_dags/example_dag_decorator.py
[2024-05-22T22:48:46.119+0000] {logging_mixin.py:188} INFO - [2024-05-22T22:48:46.118+0000] {dag.py:3036} INFO - Sync 1 DAGs
[2024-05-22T22:48:46.132+0000] {logging_mixin.py:188} INFO - [2024-05-22T22:48:46.132+0000] {dag.py:3823} INFO - Setting next_dagrun for example_dag_decorator to None, run_after=None
[2024-05-22T22:48:46.157+0000] {processor.py:183} INFO - Processing /home/airflow/.local/lib/python3.8/site-packages/airflow/example_dags/example_dag_decorator.py took 0.305 seconds
[2024-05-22T22:49:16.388+0000] {processor.py:161} INFO - Started process (PID=53641) to work on /home/airflow/.local/lib/python3.8/site-packages/airflow/example_dags/example_dag_decorator.py
[2024-05-22T22:49:16.389+0000] {processor.py:830} INFO - Processing file /home/airflow/.local/lib/python3.8/site-packages/airflow/example_dags/example_dag_decorator.py for tasks to queue
[2024-05-22T22:49:16.391+0000] {logging_mixin.py:188} INFO - [2024-05-22T22:49:16.390+0000] {dagbag.py:538} INFO - Filling up the DagBag from /home/airflow/.local/lib/python3.8/site-packages/airflow/example_dags/example_dag_decorator.py
[2024-05-22T22:49:16.506+0000] {processor.py:840} INFO - DAG(s) 'example_dag_decorator' retrieved from /home/airflow/.local/lib/python3.8/site-packages/airflow/example_dags/example_dag_decorator.py
[2024-05-22T22:49:16.533+0000] {logging_mixin.py:188} INFO - [2024-05-22T22:49:16.533+0000] {dag.py:3036} INFO - Sync 1 DAGs
[2024-05-22T22:49:16.548+0000] {logging_mixin.py:188} INFO - [2024-05-22T22:49:16.548+0000] {dag.py:3823} INFO - Setting next_dagrun for example_dag_decorator to None, run_after=None
[2024-05-22T22:49:16.572+0000] {processor.py:183} INFO - Processing /home/airflow/.local/lib/python3.8/site-packages/airflow/example_dags/example_dag_decorator.py took 0.188 seconds
[2024-05-22T22:49:46.626+0000] {processor.py:161} INFO - Started process (PID=53698) to work on /home/airflow/.local/lib/python3.8/site-packages/airflow/example_dags/example_dag_decorator.py
[2024-05-22T22:49:46.627+0000] {processor.py:830} INFO - Processing file /home/airflow/.local/lib/python3.8/site-packages/airflow/example_dags/example_dag_decorator.py for tasks to queue
[2024-05-22T22:49:46.628+0000] {logging_mixin.py:188} INFO - [2024-05-22T22:49:46.628+0000] {dagbag.py:538} INFO - Filling up the DagBag from /home/airflow/.local/lib/python3.8/site-packages/airflow/example_dags/example_dag_decorator.py
[2024-05-22T22:49:46.738+0000] {processor.py:840} INFO - DAG(s) 'example_dag_decorator' retrieved from /home/airflow/.local/lib/python3.8/site-packages/airflow/example_dags/example_dag_decorator.py
[2024-05-22T22:49:46.780+0000] {logging_mixin.py:188} INFO - [2024-05-22T22:49:46.780+0000] {dag.py:3036} INFO - Sync 1 DAGs
[2024-05-22T22:49:46.796+0000] {logging_mixin.py:188} INFO - [2024-05-22T22:49:46.795+0000] {dag.py:3823} INFO - Setting next_dagrun for example_dag_decorator to None, run_after=None
[2024-05-22T22:49:46.818+0000] {processor.py:183} INFO - Processing /home/airflow/.local/lib/python3.8/site-packages/airflow/example_dags/example_dag_decorator.py took 0.197 seconds
[2024-05-22T22:50:17.165+0000] {processor.py:161} INFO - Started process (PID=53755) to work on /home/airflow/.local/lib/python3.8/site-packages/airflow/example_dags/example_dag_decorator.py
[2024-05-22T22:50:17.166+0000] {processor.py:830} INFO - Processing file /home/airflow/.local/lib/python3.8/site-packages/airflow/example_dags/example_dag_decorator.py for tasks to queue
[2024-05-22T22:50:17.168+0000] {logging_mixin.py:188} INFO - [2024-05-22T22:50:17.168+0000] {dagbag.py:538} INFO - Filling up the DagBag from /home/airflow/.local/lib/python3.8/site-packages/airflow/example_dags/example_dag_decorator.py
[2024-05-22T22:50:17.283+0000] {processor.py:840} INFO - DAG(s) 'example_dag_decorator' retrieved from /home/airflow/.local/lib/python3.8/site-packages/airflow/example_dags/example_dag_decorator.py
[2024-05-22T22:50:17.408+0000] {logging_mixin.py:188} INFO - [2024-05-22T22:50:17.407+0000] {dag.py:3036} INFO - Sync 1 DAGs
[2024-05-22T22:50:17.419+0000] {logging_mixin.py:188} INFO - [2024-05-22T22:50:17.419+0000] {dag.py:3823} INFO - Setting next_dagrun for example_dag_decorator to None, run_after=None
[2024-05-22T22:50:17.442+0000] {processor.py:183} INFO - Processing /home/airflow/.local/lib/python3.8/site-packages/airflow/example_dags/example_dag_decorator.py took 0.281 seconds
[2024-05-22T22:50:47.678+0000] {processor.py:161} INFO - Started process (PID=53812) to work on /home/airflow/.local/lib/python3.8/site-packages/airflow/example_dags/example_dag_decorator.py
[2024-05-22T22:50:47.679+0000] {processor.py:830} INFO - Processing file /home/airflow/.local/lib/python3.8/site-packages/airflow/example_dags/example_dag_decorator.py for tasks to queue
[2024-05-22T22:50:47.681+0000] {logging_mixin.py:188} INFO - [2024-05-22T22:50:47.681+0000] {dagbag.py:538} INFO - Filling up the DagBag from /home/airflow/.local/lib/python3.8/site-packages/airflow/example_dags/example_dag_decorator.py
[2024-05-22T22:50:47.800+0000] {processor.py:840} INFO - DAG(s) 'example_dag_decorator' retrieved from /home/airflow/.local/lib/python3.8/site-packages/airflow/example_dags/example_dag_decorator.py
[2024-05-22T22:50:47.824+0000] {logging_mixin.py:188} INFO - [2024-05-22T22:50:47.824+0000] {dag.py:3036} INFO - Sync 1 DAGs
[2024-05-22T22:50:47.839+0000] {logging_mixin.py:188} INFO - [2024-05-22T22:50:47.838+0000] {dag.py:3823} INFO - Setting next_dagrun for example_dag_decorator to None, run_after=None
[2024-05-22T22:50:47.863+0000] {processor.py:183} INFO - Processing /home/airflow/.local/lib/python3.8/site-packages/airflow/example_dags/example_dag_decorator.py took 0.188 seconds
[2024-05-22T22:51:18.263+0000] {processor.py:161} INFO - Started process (PID=53869) to work on /home/airflow/.local/lib/python3.8/site-packages/airflow/example_dags/example_dag_decorator.py
[2024-05-22T22:51:18.263+0000] {processor.py:830} INFO - Processing file /home/airflow/.local/lib/python3.8/site-packages/airflow/example_dags/example_dag_decorator.py for tasks to queue
[2024-05-22T22:51:18.266+0000] {logging_mixin.py:188} INFO - [2024-05-22T22:51:18.265+0000] {dagbag.py:538} INFO - Filling up the DagBag from /home/airflow/.local/lib/python3.8/site-packages/airflow/example_dags/example_dag_decorator.py
[2024-05-22T22:51:18.378+0000] {processor.py:840} INFO - DAG(s) 'example_dag_decorator' retrieved from /home/airflow/.local/lib/python3.8/site-packages/airflow/example_dags/example_dag_decorator.py
[2024-05-22T22:51:18.405+0000] {logging_mixin.py:188} INFO - [2024-05-22T22:51:18.405+0000] {dag.py:3036} INFO - Sync 1 DAGs
[2024-05-22T22:51:18.419+0000] {logging_mixin.py:188} INFO - [2024-05-22T22:51:18.419+0000] {dag.py:3823} INFO - Setting next_dagrun for example_dag_decorator to None, run_after=None
[2024-05-22T22:51:18.442+0000] {processor.py:183} INFO - Processing /home/airflow/.local/lib/python3.8/site-packages/airflow/example_dags/example_dag_decorator.py took 0.183 seconds
[2024-05-22T22:51:48.678+0000] {processor.py:161} INFO - Started process (PID=53926) to work on /home/airflow/.local/lib/python3.8/site-packages/airflow/example_dags/example_dag_decorator.py
[2024-05-22T22:51:48.679+0000] {processor.py:830} INFO - Processing file /home/airflow/.local/lib/python3.8/site-packages/airflow/example_dags/example_dag_decorator.py for tasks to queue
[2024-05-22T22:51:48.681+0000] {logging_mixin.py:188} INFO - [2024-05-22T22:51:48.681+0000] {dagbag.py:538} INFO - Filling up the DagBag from /home/airflow/.local/lib/python3.8/site-packages/airflow/example_dags/example_dag_decorator.py
[2024-05-22T22:51:48.792+0000] {processor.py:840} INFO - DAG(s) 'example_dag_decorator' retrieved from /home/airflow/.local/lib/python3.8/site-packages/airflow/example_dags/example_dag_decorator.py
[2024-05-22T22:51:48.901+0000] {logging_mixin.py:188} INFO - [2024-05-22T22:51:48.901+0000] {dag.py:3036} INFO - Sync 1 DAGs
[2024-05-22T22:51:48.914+0000] {logging_mixin.py:188} INFO - [2024-05-22T22:51:48.914+0000] {dag.py:3823} INFO - Setting next_dagrun for example_dag_decorator to None, run_after=None
[2024-05-22T22:51:48.944+0000] {processor.py:183} INFO - Processing /home/airflow/.local/lib/python3.8/site-packages/airflow/example_dags/example_dag_decorator.py took 0.269 seconds
[2024-05-22T22:52:19.034+0000] {processor.py:161} INFO - Started process (PID=53983) to work on /home/airflow/.local/lib/python3.8/site-packages/airflow/example_dags/example_dag_decorator.py
[2024-05-22T22:52:19.035+0000] {processor.py:830} INFO - Processing file /home/airflow/.local/lib/python3.8/site-packages/airflow/example_dags/example_dag_decorator.py for tasks to queue
[2024-05-22T22:52:19.038+0000] {logging_mixin.py:188} INFO - [2024-05-22T22:52:19.037+0000] {dagbag.py:538} INFO - Filling up the DagBag from /home/airflow/.local/lib/python3.8/site-packages/airflow/example_dags/example_dag_decorator.py
[2024-05-22T22:52:19.147+0000] {processor.py:840} INFO - DAG(s) 'example_dag_decorator' retrieved from /home/airflow/.local/lib/python3.8/site-packages/airflow/example_dags/example_dag_decorator.py
[2024-05-22T22:52:19.271+0000] {logging_mixin.py:188} INFO - [2024-05-22T22:52:19.271+0000] {dag.py:3036} INFO - Sync 1 DAGs
[2024-05-22T22:52:19.285+0000] {logging_mixin.py:188} INFO - [2024-05-22T22:52:19.285+0000] {dag.py:3823} INFO - Setting next_dagrun for example_dag_decorator to None, run_after=None
[2024-05-22T22:52:19.309+0000] {processor.py:183} INFO - Processing /home/airflow/.local/lib/python3.8/site-packages/airflow/example_dags/example_dag_decorator.py took 0.281 seconds
[2024-05-22T22:52:49.380+0000] {processor.py:161} INFO - Started process (PID=54041) to work on /home/airflow/.local/lib/python3.8/site-packages/airflow/example_dags/example_dag_decorator.py
[2024-05-22T22:52:49.381+0000] {processor.py:830} INFO - Processing file /home/airflow/.local/lib/python3.8/site-packages/airflow/example_dags/example_dag_decorator.py for tasks to queue
[2024-05-22T22:52:49.382+0000] {logging_mixin.py:188} INFO - [2024-05-22T22:52:49.382+0000] {dagbag.py:538} INFO - Filling up the DagBag from /home/airflow/.local/lib/python3.8/site-packages/airflow/example_dags/example_dag_decorator.py
[2024-05-22T22:52:49.483+0000] {processor.py:840} INFO - DAG(s) 'example_dag_decorator' retrieved from /home/airflow/.local/lib/python3.8/site-packages/airflow/example_dags/example_dag_decorator.py
[2024-05-22T22:52:49.611+0000] {logging_mixin.py:188} INFO - [2024-05-22T22:52:49.611+0000] {dag.py:3036} INFO - Sync 1 DAGs
[2024-05-22T22:52:49.624+0000] {logging_mixin.py:188} INFO - [2024-05-22T22:52:49.624+0000] {dag.py:3823} INFO - Setting next_dagrun for example_dag_decorator to None, run_after=None
[2024-05-22T22:52:49.654+0000] {processor.py:183} INFO - Processing /home/airflow/.local/lib/python3.8/site-packages/airflow/example_dags/example_dag_decorator.py took 0.278 seconds
[2024-05-22T22:53:19.744+0000] {processor.py:161} INFO - Started process (PID=54098) to work on /home/airflow/.local/lib/python3.8/site-packages/airflow/example_dags/example_dag_decorator.py
[2024-05-22T22:53:19.745+0000] {processor.py:830} INFO - Processing file /home/airflow/.local/lib/python3.8/site-packages/airflow/example_dags/example_dag_decorator.py for tasks to queue
[2024-05-22T22:53:19.748+0000] {logging_mixin.py:188} INFO - [2024-05-22T22:53:19.747+0000] {dagbag.py:538} INFO - Filling up the DagBag from /home/airflow/.local/lib/python3.8/site-packages/airflow/example_dags/example_dag_decorator.py
[2024-05-22T22:53:19.906+0000] {processor.py:840} INFO - DAG(s) 'example_dag_decorator' retrieved from /home/airflow/.local/lib/python3.8/site-packages/airflow/example_dags/example_dag_decorator.py
[2024-05-22T22:53:20.040+0000] {logging_mixin.py:188} INFO - [2024-05-22T22:53:20.040+0000] {dag.py:3036} INFO - Sync 1 DAGs
[2024-05-22T22:53:20.056+0000] {logging_mixin.py:188} INFO - [2024-05-22T22:53:20.055+0000] {dag.py:3823} INFO - Setting next_dagrun for example_dag_decorator to None, run_after=None
[2024-05-22T22:53:20.080+0000] {processor.py:183} INFO - Processing /home/airflow/.local/lib/python3.8/site-packages/airflow/example_dags/example_dag_decorator.py took 0.341 seconds
[2024-05-22T22:53:50.206+0000] {processor.py:161} INFO - Started process (PID=54155) to work on /home/airflow/.local/lib/python3.8/site-packages/airflow/example_dags/example_dag_decorator.py
[2024-05-22T22:53:50.206+0000] {processor.py:830} INFO - Processing file /home/airflow/.local/lib/python3.8/site-packages/airflow/example_dags/example_dag_decorator.py for tasks to queue
[2024-05-22T22:53:50.209+0000] {logging_mixin.py:188} INFO - [2024-05-22T22:53:50.208+0000] {dagbag.py:538} INFO - Filling up the DagBag from /home/airflow/.local/lib/python3.8/site-packages/airflow/example_dags/example_dag_decorator.py
[2024-05-22T22:53:50.322+0000] {processor.py:840} INFO - DAG(s) 'example_dag_decorator' retrieved from /home/airflow/.local/lib/python3.8/site-packages/airflow/example_dags/example_dag_decorator.py
[2024-05-22T22:53:50.443+0000] {logging_mixin.py:188} INFO - [2024-05-22T22:53:50.443+0000] {dag.py:3036} INFO - Sync 1 DAGs
[2024-05-22T22:53:50.457+0000] {logging_mixin.py:188} INFO - [2024-05-22T22:53:50.456+0000] {dag.py:3823} INFO - Setting next_dagrun for example_dag_decorator to None, run_after=None
[2024-05-22T22:53:50.481+0000] {processor.py:183} INFO - Processing /home/airflow/.local/lib/python3.8/site-packages/airflow/example_dags/example_dag_decorator.py took 0.279 seconds
[2024-05-22T22:54:20.534+0000] {processor.py:161} INFO - Started process (PID=54212) to work on /home/airflow/.local/lib/python3.8/site-packages/airflow/example_dags/example_dag_decorator.py
[2024-05-22T22:54:20.535+0000] {processor.py:830} INFO - Processing file /home/airflow/.local/lib/python3.8/site-packages/airflow/example_dags/example_dag_decorator.py for tasks to queue
[2024-05-22T22:54:20.537+0000] {logging_mixin.py:188} INFO - [2024-05-22T22:54:20.537+0000] {dagbag.py:538} INFO - Filling up the DagBag from /home/airflow/.local/lib/python3.8/site-packages/airflow/example_dags/example_dag_decorator.py
[2024-05-22T22:54:20.646+0000] {processor.py:840} INFO - DAG(s) 'example_dag_decorator' retrieved from /home/airflow/.local/lib/python3.8/site-packages/airflow/example_dags/example_dag_decorator.py
[2024-05-22T22:54:20.768+0000] {logging_mixin.py:188} INFO - [2024-05-22T22:54:20.767+0000] {dag.py:3036} INFO - Sync 1 DAGs
[2024-05-22T22:54:20.782+0000] {logging_mixin.py:188} INFO - [2024-05-22T22:54:20.782+0000] {dag.py:3823} INFO - Setting next_dagrun for example_dag_decorator to None, run_after=None
[2024-05-22T22:54:20.807+0000] {processor.py:183} INFO - Processing /home/airflow/.local/lib/python3.8/site-packages/airflow/example_dags/example_dag_decorator.py took 0.277 seconds
[2024-05-22T22:54:50.843+0000] {processor.py:161} INFO - Started process (PID=54269) to work on /home/airflow/.local/lib/python3.8/site-packages/airflow/example_dags/example_dag_decorator.py
[2024-05-22T22:54:50.844+0000] {processor.py:830} INFO - Processing file /home/airflow/.local/lib/python3.8/site-packages/airflow/example_dags/example_dag_decorator.py for tasks to queue
[2024-05-22T22:54:50.846+0000] {logging_mixin.py:188} INFO - [2024-05-22T22:54:50.846+0000] {dagbag.py:538} INFO - Filling up the DagBag from /home/airflow/.local/lib/python3.8/site-packages/airflow/example_dags/example_dag_decorator.py
[2024-05-22T22:54:50.967+0000] {processor.py:840} INFO - DAG(s) 'example_dag_decorator' retrieved from /home/airflow/.local/lib/python3.8/site-packages/airflow/example_dags/example_dag_decorator.py
[2024-05-22T22:54:51.100+0000] {logging_mixin.py:188} INFO - [2024-05-22T22:54:51.100+0000] {dag.py:3036} INFO - Sync 1 DAGs
[2024-05-22T22:54:51.115+0000] {logging_mixin.py:188} INFO - [2024-05-22T22:54:51.115+0000] {dag.py:3823} INFO - Setting next_dagrun for example_dag_decorator to None, run_after=None
[2024-05-22T22:54:51.141+0000] {processor.py:183} INFO - Processing /home/airflow/.local/lib/python3.8/site-packages/airflow/example_dags/example_dag_decorator.py took 0.301 seconds
[2024-05-22T22:55:21.241+0000] {processor.py:161} INFO - Started process (PID=54327) to work on /home/airflow/.local/lib/python3.8/site-packages/airflow/example_dags/example_dag_decorator.py
[2024-05-22T22:55:21.242+0000] {processor.py:830} INFO - Processing file /home/airflow/.local/lib/python3.8/site-packages/airflow/example_dags/example_dag_decorator.py for tasks to queue
[2024-05-22T22:55:21.243+0000] {logging_mixin.py:188} INFO - [2024-05-22T22:55:21.243+0000] {dagbag.py:538} INFO - Filling up the DagBag from /home/airflow/.local/lib/python3.8/site-packages/airflow/example_dags/example_dag_decorator.py
[2024-05-22T22:55:21.353+0000] {processor.py:840} INFO - DAG(s) 'example_dag_decorator' retrieved from /home/airflow/.local/lib/python3.8/site-packages/airflow/example_dags/example_dag_decorator.py
[2024-05-22T22:55:21.470+0000] {logging_mixin.py:188} INFO - [2024-05-22T22:55:21.470+0000] {dag.py:3036} INFO - Sync 1 DAGs
[2024-05-22T22:55:21.483+0000] {logging_mixin.py:188} INFO - [2024-05-22T22:55:21.483+0000] {dag.py:3823} INFO - Setting next_dagrun for example_dag_decorator to None, run_after=None
[2024-05-22T22:55:21.509+0000] {processor.py:183} INFO - Processing /home/airflow/.local/lib/python3.8/site-packages/airflow/example_dags/example_dag_decorator.py took 0.271 seconds
[2024-05-22T22:55:51.631+0000] {processor.py:161} INFO - Started process (PID=54383) to work on /home/airflow/.local/lib/python3.8/site-packages/airflow/example_dags/example_dag_decorator.py
[2024-05-22T22:55:51.632+0000] {processor.py:830} INFO - Processing file /home/airflow/.local/lib/python3.8/site-packages/airflow/example_dags/example_dag_decorator.py for tasks to queue
[2024-05-22T22:55:51.634+0000] {logging_mixin.py:188} INFO - [2024-05-22T22:55:51.633+0000] {dagbag.py:538} INFO - Filling up the DagBag from /home/airflow/.local/lib/python3.8/site-packages/airflow/example_dags/example_dag_decorator.py
[2024-05-22T22:55:51.751+0000] {processor.py:840} INFO - DAG(s) 'example_dag_decorator' retrieved from /home/airflow/.local/lib/python3.8/site-packages/airflow/example_dags/example_dag_decorator.py
[2024-05-22T22:55:51.879+0000] {logging_mixin.py:188} INFO - [2024-05-22T22:55:51.879+0000] {dag.py:3036} INFO - Sync 1 DAGs
[2024-05-22T22:55:51.890+0000] {logging_mixin.py:188} INFO - [2024-05-22T22:55:51.890+0000] {dag.py:3823} INFO - Setting next_dagrun for example_dag_decorator to None, run_after=None
[2024-05-22T22:55:51.917+0000] {processor.py:183} INFO - Processing /home/airflow/.local/lib/python3.8/site-packages/airflow/example_dags/example_dag_decorator.py took 0.290 seconds
[2024-05-22T22:56:22.570+0000] {processor.py:161} INFO - Started process (PID=54440) to work on /home/airflow/.local/lib/python3.8/site-packages/airflow/example_dags/example_dag_decorator.py
[2024-05-22T22:56:22.571+0000] {processor.py:830} INFO - Processing file /home/airflow/.local/lib/python3.8/site-packages/airflow/example_dags/example_dag_decorator.py for tasks to queue
[2024-05-22T22:56:22.573+0000] {logging_mixin.py:188} INFO - [2024-05-22T22:56:22.573+0000] {dagbag.py:538} INFO - Filling up the DagBag from /home/airflow/.local/lib/python3.8/site-packages/airflow/example_dags/example_dag_decorator.py
[2024-05-22T22:56:22.703+0000] {processor.py:840} INFO - DAG(s) 'example_dag_decorator' retrieved from /home/airflow/.local/lib/python3.8/site-packages/airflow/example_dags/example_dag_decorator.py
[2024-05-22T22:56:22.834+0000] {logging_mixin.py:188} INFO - [2024-05-22T22:56:22.834+0000] {dag.py:3036} INFO - Sync 1 DAGs
[2024-05-22T22:56:22.847+0000] {logging_mixin.py:188} INFO - [2024-05-22T22:56:22.847+0000] {dag.py:3823} INFO - Setting next_dagrun for example_dag_decorator to None, run_after=None
[2024-05-22T22:56:22.873+0000] {processor.py:183} INFO - Processing /home/airflow/.local/lib/python3.8/site-packages/airflow/example_dags/example_dag_decorator.py took 0.307 seconds
[2024-05-22T22:56:52.942+0000] {processor.py:161} INFO - Started process (PID=54498) to work on /home/airflow/.local/lib/python3.8/site-packages/airflow/example_dags/example_dag_decorator.py
[2024-05-22T22:56:52.943+0000] {processor.py:830} INFO - Processing file /home/airflow/.local/lib/python3.8/site-packages/airflow/example_dags/example_dag_decorator.py for tasks to queue
[2024-05-22T22:56:52.944+0000] {logging_mixin.py:188} INFO - [2024-05-22T22:56:52.944+0000] {dagbag.py:538} INFO - Filling up the DagBag from /home/airflow/.local/lib/python3.8/site-packages/airflow/example_dags/example_dag_decorator.py
[2024-05-22T22:56:53.042+0000] {processor.py:840} INFO - DAG(s) 'example_dag_decorator' retrieved from /home/airflow/.local/lib/python3.8/site-packages/airflow/example_dags/example_dag_decorator.py
[2024-05-22T22:56:53.154+0000] {logging_mixin.py:188} INFO - [2024-05-22T22:56:53.153+0000] {dag.py:3036} INFO - Sync 1 DAGs
[2024-05-22T22:56:53.165+0000] {logging_mixin.py:188} INFO - [2024-05-22T22:56:53.165+0000] {dag.py:3823} INFO - Setting next_dagrun for example_dag_decorator to None, run_after=None
[2024-05-22T22:56:53.188+0000] {processor.py:183} INFO - Processing /home/airflow/.local/lib/python3.8/site-packages/airflow/example_dags/example_dag_decorator.py took 0.249 seconds
[2024-05-22T22:57:23.402+0000] {processor.py:161} INFO - Started process (PID=54554) to work on /home/airflow/.local/lib/python3.8/site-packages/airflow/example_dags/example_dag_decorator.py
[2024-05-22T22:57:23.403+0000] {processor.py:830} INFO - Processing file /home/airflow/.local/lib/python3.8/site-packages/airflow/example_dags/example_dag_decorator.py for tasks to queue
[2024-05-22T22:57:23.405+0000] {logging_mixin.py:188} INFO - [2024-05-22T22:57:23.404+0000] {dagbag.py:538} INFO - Filling up the DagBag from /home/airflow/.local/lib/python3.8/site-packages/airflow/example_dags/example_dag_decorator.py
[2024-05-22T22:57:23.519+0000] {processor.py:840} INFO - DAG(s) 'example_dag_decorator' retrieved from /home/airflow/.local/lib/python3.8/site-packages/airflow/example_dags/example_dag_decorator.py
[2024-05-22T22:57:23.646+0000] {logging_mixin.py:188} INFO - [2024-05-22T22:57:23.646+0000] {dag.py:3036} INFO - Sync 1 DAGs
[2024-05-22T22:57:23.660+0000] {logging_mixin.py:188} INFO - [2024-05-22T22:57:23.660+0000] {dag.py:3823} INFO - Setting next_dagrun for example_dag_decorator to None, run_after=None
[2024-05-22T22:57:23.681+0000] {processor.py:183} INFO - Processing /home/airflow/.local/lib/python3.8/site-packages/airflow/example_dags/example_dag_decorator.py took 0.282 seconds
[2024-05-22T22:57:53.733+0000] {processor.py:161} INFO - Started process (PID=54611) to work on /home/airflow/.local/lib/python3.8/site-packages/airflow/example_dags/example_dag_decorator.py
[2024-05-22T22:57:53.735+0000] {processor.py:830} INFO - Processing file /home/airflow/.local/lib/python3.8/site-packages/airflow/example_dags/example_dag_decorator.py for tasks to queue
[2024-05-22T22:57:53.736+0000] {logging_mixin.py:188} INFO - [2024-05-22T22:57:53.736+0000] {dagbag.py:538} INFO - Filling up the DagBag from /home/airflow/.local/lib/python3.8/site-packages/airflow/example_dags/example_dag_decorator.py
[2024-05-22T22:57:53.893+0000] {processor.py:840} INFO - DAG(s) 'example_dag_decorator' retrieved from /home/airflow/.local/lib/python3.8/site-packages/airflow/example_dags/example_dag_decorator.py
[2024-05-22T22:57:54.012+0000] {logging_mixin.py:188} INFO - [2024-05-22T22:57:54.011+0000] {dag.py:3036} INFO - Sync 1 DAGs
[2024-05-22T22:57:54.024+0000] {logging_mixin.py:188} INFO - [2024-05-22T22:57:54.024+0000] {dag.py:3823} INFO - Setting next_dagrun for example_dag_decorator to None, run_after=None
[2024-05-22T22:57:54.051+0000] {processor.py:183} INFO - Processing /home/airflow/.local/lib/python3.8/site-packages/airflow/example_dags/example_dag_decorator.py took 0.322 seconds
[2024-05-22T22:58:24.230+0000] {processor.py:161} INFO - Started process (PID=54668) to work on /home/airflow/.local/lib/python3.8/site-packages/airflow/example_dags/example_dag_decorator.py
[2024-05-22T22:58:24.231+0000] {processor.py:830} INFO - Processing file /home/airflow/.local/lib/python3.8/site-packages/airflow/example_dags/example_dag_decorator.py for tasks to queue
[2024-05-22T22:58:24.232+0000] {logging_mixin.py:188} INFO - [2024-05-22T22:58:24.232+0000] {dagbag.py:538} INFO - Filling up the DagBag from /home/airflow/.local/lib/python3.8/site-packages/airflow/example_dags/example_dag_decorator.py
[2024-05-22T22:58:24.357+0000] {processor.py:840} INFO - DAG(s) 'example_dag_decorator' retrieved from /home/airflow/.local/lib/python3.8/site-packages/airflow/example_dags/example_dag_decorator.py
[2024-05-22T22:58:24.482+0000] {logging_mixin.py:188} INFO - [2024-05-22T22:58:24.481+0000] {dag.py:3036} INFO - Sync 1 DAGs
[2024-05-22T22:58:24.492+0000] {logging_mixin.py:188} INFO - [2024-05-22T22:58:24.492+0000] {dag.py:3823} INFO - Setting next_dagrun for example_dag_decorator to None, run_after=None
[2024-05-22T22:58:24.516+0000] {processor.py:183} INFO - Processing /home/airflow/.local/lib/python3.8/site-packages/airflow/example_dags/example_dag_decorator.py took 0.290 seconds
[2024-05-22T22:58:54.618+0000] {processor.py:161} INFO - Started process (PID=54726) to work on /home/airflow/.local/lib/python3.8/site-packages/airflow/example_dags/example_dag_decorator.py
[2024-05-22T22:58:54.619+0000] {processor.py:830} INFO - Processing file /home/airflow/.local/lib/python3.8/site-packages/airflow/example_dags/example_dag_decorator.py for tasks to queue
[2024-05-22T22:58:54.621+0000] {logging_mixin.py:188} INFO - [2024-05-22T22:58:54.621+0000] {dagbag.py:538} INFO - Filling up the DagBag from /home/airflow/.local/lib/python3.8/site-packages/airflow/example_dags/example_dag_decorator.py
[2024-05-22T22:58:54.732+0000] {processor.py:840} INFO - DAG(s) 'example_dag_decorator' retrieved from /home/airflow/.local/lib/python3.8/site-packages/airflow/example_dags/example_dag_decorator.py
[2024-05-22T22:58:54.862+0000] {logging_mixin.py:188} INFO - [2024-05-22T22:58:54.862+0000] {dag.py:3036} INFO - Sync 1 DAGs
[2024-05-22T22:58:54.875+0000] {logging_mixin.py:188} INFO - [2024-05-22T22:58:54.875+0000] {dag.py:3823} INFO - Setting next_dagrun for example_dag_decorator to None, run_after=None
[2024-05-22T22:58:54.901+0000] {processor.py:183} INFO - Processing /home/airflow/.local/lib/python3.8/site-packages/airflow/example_dags/example_dag_decorator.py took 0.287 seconds
[2024-05-22T22:59:25.102+0000] {processor.py:161} INFO - Started process (PID=54785) to work on /home/airflow/.local/lib/python3.8/site-packages/airflow/example_dags/example_dag_decorator.py
[2024-05-22T22:59:25.103+0000] {processor.py:830} INFO - Processing file /home/airflow/.local/lib/python3.8/site-packages/airflow/example_dags/example_dag_decorator.py for tasks to queue
[2024-05-22T22:59:25.105+0000] {logging_mixin.py:188} INFO - [2024-05-22T22:59:25.104+0000] {dagbag.py:538} INFO - Filling up the DagBag from /home/airflow/.local/lib/python3.8/site-packages/airflow/example_dags/example_dag_decorator.py
[2024-05-22T22:59:25.212+0000] {processor.py:840} INFO - DAG(s) 'example_dag_decorator' retrieved from /home/airflow/.local/lib/python3.8/site-packages/airflow/example_dags/example_dag_decorator.py
[2024-05-22T22:59:25.322+0000] {logging_mixin.py:188} INFO - [2024-05-22T22:59:25.321+0000] {dag.py:3036} INFO - Sync 1 DAGs
[2024-05-22T22:59:25.334+0000] {logging_mixin.py:188} INFO - [2024-05-22T22:59:25.333+0000] {dag.py:3823} INFO - Setting next_dagrun for example_dag_decorator to None, run_after=None
[2024-05-22T22:59:25.358+0000] {processor.py:183} INFO - Processing /home/airflow/.local/lib/python3.8/site-packages/airflow/example_dags/example_dag_decorator.py took 0.260 seconds
[2024-05-22T22:59:55.407+0000] {processor.py:161} INFO - Started process (PID=54844) to work on /home/airflow/.local/lib/python3.8/site-packages/airflow/example_dags/example_dag_decorator.py
[2024-05-22T22:59:55.408+0000] {processor.py:830} INFO - Processing file /home/airflow/.local/lib/python3.8/site-packages/airflow/example_dags/example_dag_decorator.py for tasks to queue
[2024-05-22T22:59:55.410+0000] {logging_mixin.py:188} INFO - [2024-05-22T22:59:55.409+0000] {dagbag.py:538} INFO - Filling up the DagBag from /home/airflow/.local/lib/python3.8/site-packages/airflow/example_dags/example_dag_decorator.py
[2024-05-22T22:59:55.508+0000] {processor.py:840} INFO - DAG(s) 'example_dag_decorator' retrieved from /home/airflow/.local/lib/python3.8/site-packages/airflow/example_dags/example_dag_decorator.py
[2024-05-22T22:59:55.636+0000] {logging_mixin.py:188} INFO - [2024-05-22T22:59:55.636+0000] {dag.py:3036} INFO - Sync 1 DAGs
[2024-05-22T22:59:55.648+0000] {logging_mixin.py:188} INFO - [2024-05-22T22:59:55.648+0000] {dag.py:3823} INFO - Setting next_dagrun for example_dag_decorator to None, run_after=None
[2024-05-22T22:59:55.675+0000] {processor.py:183} INFO - Processing /home/airflow/.local/lib/python3.8/site-packages/airflow/example_dags/example_dag_decorator.py took 0.271 seconds
[2024-05-22T23:00:25.887+0000] {processor.py:161} INFO - Started process (PID=54901) to work on /home/airflow/.local/lib/python3.8/site-packages/airflow/example_dags/example_dag_decorator.py
[2024-05-22T23:00:25.887+0000] {processor.py:830} INFO - Processing file /home/airflow/.local/lib/python3.8/site-packages/airflow/example_dags/example_dag_decorator.py for tasks to queue
[2024-05-22T23:00:25.889+0000] {logging_mixin.py:188} INFO - [2024-05-22T23:00:25.889+0000] {dagbag.py:538} INFO - Filling up the DagBag from /home/airflow/.local/lib/python3.8/site-packages/airflow/example_dags/example_dag_decorator.py
[2024-05-22T23:00:25.987+0000] {processor.py:840} INFO - DAG(s) 'example_dag_decorator' retrieved from /home/airflow/.local/lib/python3.8/site-packages/airflow/example_dags/example_dag_decorator.py
[2024-05-22T23:00:26.009+0000] {logging_mixin.py:188} INFO - [2024-05-22T23:00:26.009+0000] {dag.py:3036} INFO - Sync 1 DAGs
[2024-05-22T23:00:26.022+0000] {logging_mixin.py:188} INFO - [2024-05-22T23:00:26.022+0000] {dag.py:3823} INFO - Setting next_dagrun for example_dag_decorator to None, run_after=None
[2024-05-22T23:00:26.047+0000] {processor.py:183} INFO - Processing /home/airflow/.local/lib/python3.8/site-packages/airflow/example_dags/example_dag_decorator.py took 0.164 seconds
[2024-05-22T23:00:56.421+0000] {processor.py:161} INFO - Started process (PID=54953) to work on /home/airflow/.local/lib/python3.8/site-packages/airflow/example_dags/example_dag_decorator.py
[2024-05-22T23:00:56.422+0000] {processor.py:830} INFO - Processing file /home/airflow/.local/lib/python3.8/site-packages/airflow/example_dags/example_dag_decorator.py for tasks to queue
[2024-05-22T23:00:56.425+0000] {logging_mixin.py:188} INFO - [2024-05-22T23:00:56.424+0000] {dagbag.py:538} INFO - Filling up the DagBag from /home/airflow/.local/lib/python3.8/site-packages/airflow/example_dags/example_dag_decorator.py
[2024-05-22T23:00:56.531+0000] {processor.py:840} INFO - DAG(s) 'example_dag_decorator' retrieved from /home/airflow/.local/lib/python3.8/site-packages/airflow/example_dags/example_dag_decorator.py
[2024-05-22T23:00:56.641+0000] {logging_mixin.py:188} INFO - [2024-05-22T23:00:56.640+0000] {dag.py:3036} INFO - Sync 1 DAGs
[2024-05-22T23:00:56.654+0000] {logging_mixin.py:188} INFO - [2024-05-22T23:00:56.654+0000] {dag.py:3823} INFO - Setting next_dagrun for example_dag_decorator to None, run_after=None
[2024-05-22T23:00:56.678+0000] {processor.py:183} INFO - Processing /home/airflow/.local/lib/python3.8/site-packages/airflow/example_dags/example_dag_decorator.py took 0.259 seconds
[2024-05-22T23:01:26.757+0000] {processor.py:161} INFO - Started process (PID=55010) to work on /home/airflow/.local/lib/python3.8/site-packages/airflow/example_dags/example_dag_decorator.py
[2024-05-22T23:01:26.758+0000] {processor.py:830} INFO - Processing file /home/airflow/.local/lib/python3.8/site-packages/airflow/example_dags/example_dag_decorator.py for tasks to queue
[2024-05-22T23:01:26.760+0000] {logging_mixin.py:188} INFO - [2024-05-22T23:01:26.760+0000] {dagbag.py:538} INFO - Filling up the DagBag from /home/airflow/.local/lib/python3.8/site-packages/airflow/example_dags/example_dag_decorator.py
[2024-05-22T23:01:26.877+0000] {processor.py:840} INFO - DAG(s) 'example_dag_decorator' retrieved from /home/airflow/.local/lib/python3.8/site-packages/airflow/example_dags/example_dag_decorator.py
[2024-05-22T23:01:26.903+0000] {logging_mixin.py:188} INFO - [2024-05-22T23:01:26.903+0000] {dag.py:3036} INFO - Sync 1 DAGs
[2024-05-22T23:01:26.920+0000] {logging_mixin.py:188} INFO - [2024-05-22T23:01:26.920+0000] {dag.py:3823} INFO - Setting next_dagrun for example_dag_decorator to None, run_after=None
[2024-05-22T23:01:26.944+0000] {processor.py:183} INFO - Processing /home/airflow/.local/lib/python3.8/site-packages/airflow/example_dags/example_dag_decorator.py took 0.192 seconds
[2024-05-22T23:01:57.063+0000] {processor.py:161} INFO - Started process (PID=55068) to work on /home/airflow/.local/lib/python3.8/site-packages/airflow/example_dags/example_dag_decorator.py
[2024-05-22T23:01:57.065+0000] {processor.py:830} INFO - Processing file /home/airflow/.local/lib/python3.8/site-packages/airflow/example_dags/example_dag_decorator.py for tasks to queue
[2024-05-22T23:01:57.067+0000] {logging_mixin.py:188} INFO - [2024-05-22T23:01:57.066+0000] {dagbag.py:538} INFO - Filling up the DagBag from /home/airflow/.local/lib/python3.8/site-packages/airflow/example_dags/example_dag_decorator.py
[2024-05-22T23:01:57.171+0000] {processor.py:840} INFO - DAG(s) 'example_dag_decorator' retrieved from /home/airflow/.local/lib/python3.8/site-packages/airflow/example_dags/example_dag_decorator.py
[2024-05-22T23:01:57.298+0000] {logging_mixin.py:188} INFO - [2024-05-22T23:01:57.298+0000] {dag.py:3036} INFO - Sync 1 DAGs
[2024-05-22T23:01:57.311+0000] {logging_mixin.py:188} INFO - [2024-05-22T23:01:57.311+0000] {dag.py:3823} INFO - Setting next_dagrun for example_dag_decorator to None, run_after=None
[2024-05-22T23:01:57.334+0000] {processor.py:183} INFO - Processing /home/airflow/.local/lib/python3.8/site-packages/airflow/example_dags/example_dag_decorator.py took 0.275 seconds
[2024-05-22T23:02:27.420+0000] {processor.py:161} INFO - Started process (PID=55127) to work on /home/airflow/.local/lib/python3.8/site-packages/airflow/example_dags/example_dag_decorator.py
[2024-05-22T23:02:27.421+0000] {processor.py:830} INFO - Processing file /home/airflow/.local/lib/python3.8/site-packages/airflow/example_dags/example_dag_decorator.py for tasks to queue
[2024-05-22T23:02:27.423+0000] {logging_mixin.py:188} INFO - [2024-05-22T23:02:27.423+0000] {dagbag.py:538} INFO - Filling up the DagBag from /home/airflow/.local/lib/python3.8/site-packages/airflow/example_dags/example_dag_decorator.py
[2024-05-22T23:02:27.541+0000] {processor.py:840} INFO - DAG(s) 'example_dag_decorator' retrieved from /home/airflow/.local/lib/python3.8/site-packages/airflow/example_dags/example_dag_decorator.py
[2024-05-22T23:02:27.663+0000] {logging_mixin.py:188} INFO - [2024-05-22T23:02:27.662+0000] {dag.py:3036} INFO - Sync 1 DAGs
[2024-05-22T23:02:27.677+0000] {logging_mixin.py:188} INFO - [2024-05-22T23:02:27.677+0000] {dag.py:3823} INFO - Setting next_dagrun for example_dag_decorator to None, run_after=None
[2024-05-22T23:02:27.703+0000] {processor.py:183} INFO - Processing /home/airflow/.local/lib/python3.8/site-packages/airflow/example_dags/example_dag_decorator.py took 0.286 seconds
[2024-05-22T23:02:57.815+0000] {processor.py:161} INFO - Started process (PID=55185) to work on /home/airflow/.local/lib/python3.8/site-packages/airflow/example_dags/example_dag_decorator.py
[2024-05-22T23:02:57.816+0000] {processor.py:830} INFO - Processing file /home/airflow/.local/lib/python3.8/site-packages/airflow/example_dags/example_dag_decorator.py for tasks to queue
[2024-05-22T23:02:57.817+0000] {logging_mixin.py:188} INFO - [2024-05-22T23:02:57.817+0000] {dagbag.py:538} INFO - Filling up the DagBag from /home/airflow/.local/lib/python3.8/site-packages/airflow/example_dags/example_dag_decorator.py
[2024-05-22T23:02:57.919+0000] {processor.py:840} INFO - DAG(s) 'example_dag_decorator' retrieved from /home/airflow/.local/lib/python3.8/site-packages/airflow/example_dags/example_dag_decorator.py
[2024-05-22T23:02:58.031+0000] {logging_mixin.py:188} INFO - [2024-05-22T23:02:58.030+0000] {dag.py:3036} INFO - Sync 1 DAGs
[2024-05-22T23:02:58.042+0000] {logging_mixin.py:188} INFO - [2024-05-22T23:02:58.042+0000] {dag.py:3823} INFO - Setting next_dagrun for example_dag_decorator to None, run_after=None
[2024-05-22T23:02:58.063+0000] {processor.py:183} INFO - Processing /home/airflow/.local/lib/python3.8/site-packages/airflow/example_dags/example_dag_decorator.py took 0.251 seconds
[2024-05-22T23:03:28.245+0000] {processor.py:161} INFO - Started process (PID=55243) to work on /home/airflow/.local/lib/python3.8/site-packages/airflow/example_dags/example_dag_decorator.py
[2024-05-22T23:03:28.246+0000] {processor.py:830} INFO - Processing file /home/airflow/.local/lib/python3.8/site-packages/airflow/example_dags/example_dag_decorator.py for tasks to queue
[2024-05-22T23:03:28.248+0000] {logging_mixin.py:188} INFO - [2024-05-22T23:03:28.247+0000] {dagbag.py:538} INFO - Filling up the DagBag from /home/airflow/.local/lib/python3.8/site-packages/airflow/example_dags/example_dag_decorator.py
[2024-05-22T23:03:28.371+0000] {processor.py:840} INFO - DAG(s) 'example_dag_decorator' retrieved from /home/airflow/.local/lib/python3.8/site-packages/airflow/example_dags/example_dag_decorator.py
[2024-05-22T23:03:28.507+0000] {logging_mixin.py:188} INFO - [2024-05-22T23:03:28.507+0000] {dag.py:3036} INFO - Sync 1 DAGs
[2024-05-22T23:03:28.524+0000] {logging_mixin.py:188} INFO - [2024-05-22T23:03:28.524+0000] {dag.py:3823} INFO - Setting next_dagrun for example_dag_decorator to None, run_after=None
[2024-05-22T23:03:28.561+0000] {processor.py:183} INFO - Processing /home/airflow/.local/lib/python3.8/site-packages/airflow/example_dags/example_dag_decorator.py took 0.320 seconds
[2024-05-22T23:03:58.727+0000] {processor.py:161} INFO - Started process (PID=55302) to work on /home/airflow/.local/lib/python3.8/site-packages/airflow/example_dags/example_dag_decorator.py
[2024-05-22T23:03:58.728+0000] {processor.py:830} INFO - Processing file /home/airflow/.local/lib/python3.8/site-packages/airflow/example_dags/example_dag_decorator.py for tasks to queue
[2024-05-22T23:03:58.730+0000] {logging_mixin.py:188} INFO - [2024-05-22T23:03:58.729+0000] {dagbag.py:538} INFO - Filling up the DagBag from /home/airflow/.local/lib/python3.8/site-packages/airflow/example_dags/example_dag_decorator.py
[2024-05-22T23:03:58.846+0000] {processor.py:840} INFO - DAG(s) 'example_dag_decorator' retrieved from /home/airflow/.local/lib/python3.8/site-packages/airflow/example_dags/example_dag_decorator.py
[2024-05-22T23:03:58.873+0000] {logging_mixin.py:188} INFO - [2024-05-22T23:03:58.873+0000] {dag.py:3036} INFO - Sync 1 DAGs
[2024-05-22T23:03:58.887+0000] {logging_mixin.py:188} INFO - [2024-05-22T23:03:58.887+0000] {dag.py:3823} INFO - Setting next_dagrun for example_dag_decorator to None, run_after=None
[2024-05-22T23:03:58.919+0000] {processor.py:183} INFO - Processing /home/airflow/.local/lib/python3.8/site-packages/airflow/example_dags/example_dag_decorator.py took 0.196 seconds
[2024-05-22T23:04:29.109+0000] {processor.py:161} INFO - Started process (PID=55354) to work on /home/airflow/.local/lib/python3.8/site-packages/airflow/example_dags/example_dag_decorator.py
[2024-05-22T23:04:29.111+0000] {processor.py:830} INFO - Processing file /home/airflow/.local/lib/python3.8/site-packages/airflow/example_dags/example_dag_decorator.py for tasks to queue
[2024-05-22T23:04:29.113+0000] {logging_mixin.py:188} INFO - [2024-05-22T23:04:29.113+0000] {dagbag.py:538} INFO - Filling up the DagBag from /home/airflow/.local/lib/python3.8/site-packages/airflow/example_dags/example_dag_decorator.py
[2024-05-22T23:04:29.230+0000] {processor.py:840} INFO - DAG(s) 'example_dag_decorator' retrieved from /home/airflow/.local/lib/python3.8/site-packages/airflow/example_dags/example_dag_decorator.py
[2024-05-22T23:04:29.358+0000] {logging_mixin.py:188} INFO - [2024-05-22T23:04:29.358+0000] {dag.py:3036} INFO - Sync 1 DAGs
[2024-05-22T23:04:29.373+0000] {logging_mixin.py:188} INFO - [2024-05-22T23:04:29.372+0000] {dag.py:3823} INFO - Setting next_dagrun for example_dag_decorator to None, run_after=None
[2024-05-22T23:04:29.402+0000] {processor.py:183} INFO - Processing /home/airflow/.local/lib/python3.8/site-packages/airflow/example_dags/example_dag_decorator.py took 0.296 seconds
[2024-05-22T23:04:59.665+0000] {processor.py:161} INFO - Started process (PID=55411) to work on /home/airflow/.local/lib/python3.8/site-packages/airflow/example_dags/example_dag_decorator.py
[2024-05-22T23:04:59.667+0000] {processor.py:830} INFO - Processing file /home/airflow/.local/lib/python3.8/site-packages/airflow/example_dags/example_dag_decorator.py for tasks to queue
[2024-05-22T23:04:59.671+0000] {logging_mixin.py:188} INFO - [2024-05-22T23:04:59.670+0000] {dagbag.py:538} INFO - Filling up the DagBag from /home/airflow/.local/lib/python3.8/site-packages/airflow/example_dags/example_dag_decorator.py
[2024-05-22T23:04:59.800+0000] {processor.py:840} INFO - DAG(s) 'example_dag_decorator' retrieved from /home/airflow/.local/lib/python3.8/site-packages/airflow/example_dags/example_dag_decorator.py
[2024-05-22T23:04:59.921+0000] {logging_mixin.py:188} INFO - [2024-05-22T23:04:59.920+0000] {dag.py:3036} INFO - Sync 1 DAGs
[2024-05-22T23:04:59.932+0000] {logging_mixin.py:188} INFO - [2024-05-22T23:04:59.932+0000] {dag.py:3823} INFO - Setting next_dagrun for example_dag_decorator to None, run_after=None
[2024-05-22T23:04:59.957+0000] {processor.py:183} INFO - Processing /home/airflow/.local/lib/python3.8/site-packages/airflow/example_dags/example_dag_decorator.py took 0.294 seconds
[2024-05-22T23:05:30.053+0000] {processor.py:161} INFO - Started process (PID=55469) to work on /home/airflow/.local/lib/python3.8/site-packages/airflow/example_dags/example_dag_decorator.py
[2024-05-22T23:05:30.054+0000] {processor.py:830} INFO - Processing file /home/airflow/.local/lib/python3.8/site-packages/airflow/example_dags/example_dag_decorator.py for tasks to queue
[2024-05-22T23:05:30.056+0000] {logging_mixin.py:188} INFO - [2024-05-22T23:05:30.056+0000] {dagbag.py:538} INFO - Filling up the DagBag from /home/airflow/.local/lib/python3.8/site-packages/airflow/example_dags/example_dag_decorator.py
[2024-05-22T23:05:30.174+0000] {processor.py:840} INFO - DAG(s) 'example_dag_decorator' retrieved from /home/airflow/.local/lib/python3.8/site-packages/airflow/example_dags/example_dag_decorator.py
[2024-05-22T23:05:30.298+0000] {logging_mixin.py:188} INFO - [2024-05-22T23:05:30.297+0000] {dag.py:3036} INFO - Sync 1 DAGs
[2024-05-22T23:05:30.310+0000] {logging_mixin.py:188} INFO - [2024-05-22T23:05:30.310+0000] {dag.py:3823} INFO - Setting next_dagrun for example_dag_decorator to None, run_after=None
[2024-05-22T23:05:30.337+0000] {processor.py:183} INFO - Processing /home/airflow/.local/lib/python3.8/site-packages/airflow/example_dags/example_dag_decorator.py took 0.287 seconds
[2024-05-22T23:06:00.605+0000] {processor.py:161} INFO - Started process (PID=55525) to work on /home/airflow/.local/lib/python3.8/site-packages/airflow/example_dags/example_dag_decorator.py
[2024-05-22T23:06:00.606+0000] {processor.py:830} INFO - Processing file /home/airflow/.local/lib/python3.8/site-packages/airflow/example_dags/example_dag_decorator.py for tasks to queue
[2024-05-22T23:06:00.607+0000] {logging_mixin.py:188} INFO - [2024-05-22T23:06:00.607+0000] {dagbag.py:538} INFO - Filling up the DagBag from /home/airflow/.local/lib/python3.8/site-packages/airflow/example_dags/example_dag_decorator.py
[2024-05-22T23:06:00.724+0000] {processor.py:840} INFO - DAG(s) 'example_dag_decorator' retrieved from /home/airflow/.local/lib/python3.8/site-packages/airflow/example_dags/example_dag_decorator.py
[2024-05-22T23:06:00.750+0000] {logging_mixin.py:188} INFO - [2024-05-22T23:06:00.750+0000] {dag.py:3036} INFO - Sync 1 DAGs
[2024-05-22T23:06:00.768+0000] {logging_mixin.py:188} INFO - [2024-05-22T23:06:00.768+0000] {dag.py:3823} INFO - Setting next_dagrun for example_dag_decorator to None, run_after=None
[2024-05-22T23:06:00.795+0000] {processor.py:183} INFO - Processing /home/airflow/.local/lib/python3.8/site-packages/airflow/example_dags/example_dag_decorator.py took 0.195 seconds
[2024-05-22T23:06:31.163+0000] {processor.py:161} INFO - Started process (PID=55582) to work on /home/airflow/.local/lib/python3.8/site-packages/airflow/example_dags/example_dag_decorator.py
[2024-05-22T23:06:31.165+0000] {processor.py:830} INFO - Processing file /home/airflow/.local/lib/python3.8/site-packages/airflow/example_dags/example_dag_decorator.py for tasks to queue
[2024-05-22T23:06:31.167+0000] {logging_mixin.py:188} INFO - [2024-05-22T23:06:31.167+0000] {dagbag.py:538} INFO - Filling up the DagBag from /home/airflow/.local/lib/python3.8/site-packages/airflow/example_dags/example_dag_decorator.py
[2024-05-22T23:06:31.277+0000] {processor.py:840} INFO - DAG(s) 'example_dag_decorator' retrieved from /home/airflow/.local/lib/python3.8/site-packages/airflow/example_dags/example_dag_decorator.py
[2024-05-22T23:06:31.307+0000] {logging_mixin.py:188} INFO - [2024-05-22T23:06:31.307+0000] {dag.py:3036} INFO - Sync 1 DAGs
[2024-05-22T23:06:31.323+0000] {logging_mixin.py:188} INFO - [2024-05-22T23:06:31.323+0000] {dag.py:3823} INFO - Setting next_dagrun for example_dag_decorator to None, run_after=None
[2024-05-22T23:06:31.351+0000] {processor.py:183} INFO - Processing /home/airflow/.local/lib/python3.8/site-packages/airflow/example_dags/example_dag_decorator.py took 0.191 seconds
[2024-05-22T23:07:01.478+0000] {processor.py:161} INFO - Started process (PID=55639) to work on /home/airflow/.local/lib/python3.8/site-packages/airflow/example_dags/example_dag_decorator.py
[2024-05-22T23:07:01.479+0000] {processor.py:830} INFO - Processing file /home/airflow/.local/lib/python3.8/site-packages/airflow/example_dags/example_dag_decorator.py for tasks to queue
[2024-05-22T23:07:01.482+0000] {logging_mixin.py:188} INFO - [2024-05-22T23:07:01.481+0000] {dagbag.py:538} INFO - Filling up the DagBag from /home/airflow/.local/lib/python3.8/site-packages/airflow/example_dags/example_dag_decorator.py
[2024-05-22T23:07:01.590+0000] {processor.py:840} INFO - DAG(s) 'example_dag_decorator' retrieved from /home/airflow/.local/lib/python3.8/site-packages/airflow/example_dags/example_dag_decorator.py
[2024-05-22T23:07:01.617+0000] {logging_mixin.py:188} INFO - [2024-05-22T23:07:01.617+0000] {dag.py:3036} INFO - Sync 1 DAGs
[2024-05-22T23:07:01.633+0000] {logging_mixin.py:188} INFO - [2024-05-22T23:07:01.633+0000] {dag.py:3823} INFO - Setting next_dagrun for example_dag_decorator to None, run_after=None
[2024-05-22T23:07:01.660+0000] {processor.py:183} INFO - Processing /home/airflow/.local/lib/python3.8/site-packages/airflow/example_dags/example_dag_decorator.py took 0.186 seconds
[2024-05-22T23:07:31.703+0000] {processor.py:161} INFO - Started process (PID=55696) to work on /home/airflow/.local/lib/python3.8/site-packages/airflow/example_dags/example_dag_decorator.py
[2024-05-22T23:07:31.704+0000] {processor.py:830} INFO - Processing file /home/airflow/.local/lib/python3.8/site-packages/airflow/example_dags/example_dag_decorator.py for tasks to queue
[2024-05-22T23:07:31.706+0000] {logging_mixin.py:188} INFO - [2024-05-22T23:07:31.706+0000] {dagbag.py:538} INFO - Filling up the DagBag from /home/airflow/.local/lib/python3.8/site-packages/airflow/example_dags/example_dag_decorator.py
[2024-05-22T23:07:31.818+0000] {processor.py:840} INFO - DAG(s) 'example_dag_decorator' retrieved from /home/airflow/.local/lib/python3.8/site-packages/airflow/example_dags/example_dag_decorator.py
[2024-05-22T23:07:31.937+0000] {logging_mixin.py:188} INFO - [2024-05-22T23:07:31.937+0000] {dag.py:3036} INFO - Sync 1 DAGs
[2024-05-22T23:07:31.950+0000] {logging_mixin.py:188} INFO - [2024-05-22T23:07:31.950+0000] {dag.py:3823} INFO - Setting next_dagrun for example_dag_decorator to None, run_after=None
[2024-05-22T23:07:31.974+0000] {processor.py:183} INFO - Processing /home/airflow/.local/lib/python3.8/site-packages/airflow/example_dags/example_dag_decorator.py took 0.275 seconds
[2024-05-22T23:08:02.415+0000] {processor.py:161} INFO - Started process (PID=55753) to work on /home/airflow/.local/lib/python3.8/site-packages/airflow/example_dags/example_dag_decorator.py
[2024-05-22T23:08:02.416+0000] {processor.py:830} INFO - Processing file /home/airflow/.local/lib/python3.8/site-packages/airflow/example_dags/example_dag_decorator.py for tasks to queue
[2024-05-22T23:08:02.419+0000] {logging_mixin.py:188} INFO - [2024-05-22T23:08:02.418+0000] {dagbag.py:538} INFO - Filling up the DagBag from /home/airflow/.local/lib/python3.8/site-packages/airflow/example_dags/example_dag_decorator.py
[2024-05-22T23:08:02.547+0000] {processor.py:840} INFO - DAG(s) 'example_dag_decorator' retrieved from /home/airflow/.local/lib/python3.8/site-packages/airflow/example_dags/example_dag_decorator.py
[2024-05-22T23:08:02.717+0000] {logging_mixin.py:188} INFO - [2024-05-22T23:08:02.716+0000] {dag.py:3036} INFO - Sync 1 DAGs
[2024-05-22T23:08:02.736+0000] {logging_mixin.py:188} INFO - [2024-05-22T23:08:02.735+0000] {dag.py:3823} INFO - Setting next_dagrun for example_dag_decorator to None, run_after=None
[2024-05-22T23:08:02.785+0000] {processor.py:183} INFO - Processing /home/airflow/.local/lib/python3.8/site-packages/airflow/example_dags/example_dag_decorator.py took 0.374 seconds
[2024-05-22T23:08:33.503+0000] {processor.py:161} INFO - Started process (PID=55810) to work on /home/airflow/.local/lib/python3.8/site-packages/airflow/example_dags/example_dag_decorator.py
[2024-05-22T23:08:33.504+0000] {processor.py:830} INFO - Processing file /home/airflow/.local/lib/python3.8/site-packages/airflow/example_dags/example_dag_decorator.py for tasks to queue
[2024-05-22T23:08:33.506+0000] {logging_mixin.py:188} INFO - [2024-05-22T23:08:33.506+0000] {dagbag.py:538} INFO - Filling up the DagBag from /home/airflow/.local/lib/python3.8/site-packages/airflow/example_dags/example_dag_decorator.py
[2024-05-22T23:08:33.615+0000] {processor.py:840} INFO - DAG(s) 'example_dag_decorator' retrieved from /home/airflow/.local/lib/python3.8/site-packages/airflow/example_dags/example_dag_decorator.py
[2024-05-22T23:08:33.738+0000] {logging_mixin.py:188} INFO - [2024-05-22T23:08:33.738+0000] {dag.py:3036} INFO - Sync 1 DAGs
[2024-05-22T23:08:33.751+0000] {logging_mixin.py:188} INFO - [2024-05-22T23:08:33.751+0000] {dag.py:3823} INFO - Setting next_dagrun for example_dag_decorator to None, run_after=None
[2024-05-22T23:08:33.778+0000] {processor.py:183} INFO - Processing /home/airflow/.local/lib/python3.8/site-packages/airflow/example_dags/example_dag_decorator.py took 0.279 seconds
[2024-05-22T23:09:04.294+0000] {processor.py:161} INFO - Started process (PID=55867) to work on /home/airflow/.local/lib/python3.8/site-packages/airflow/example_dags/example_dag_decorator.py
[2024-05-22T23:09:04.295+0000] {processor.py:830} INFO - Processing file /home/airflow/.local/lib/python3.8/site-packages/airflow/example_dags/example_dag_decorator.py for tasks to queue
[2024-05-22T23:09:04.297+0000] {logging_mixin.py:188} INFO - [2024-05-22T23:09:04.296+0000] {dagbag.py:538} INFO - Filling up the DagBag from /home/airflow/.local/lib/python3.8/site-packages/airflow/example_dags/example_dag_decorator.py
[2024-05-22T23:09:04.403+0000] {processor.py:840} INFO - DAG(s) 'example_dag_decorator' retrieved from /home/airflow/.local/lib/python3.8/site-packages/airflow/example_dags/example_dag_decorator.py
[2024-05-22T23:09:04.428+0000] {logging_mixin.py:188} INFO - [2024-05-22T23:09:04.427+0000] {dag.py:3036} INFO - Sync 1 DAGs
[2024-05-22T23:09:04.447+0000] {logging_mixin.py:188} INFO - [2024-05-22T23:09:04.447+0000] {dag.py:3823} INFO - Setting next_dagrun for example_dag_decorator to None, run_after=None
[2024-05-22T23:09:04.470+0000] {processor.py:183} INFO - Processing /home/airflow/.local/lib/python3.8/site-packages/airflow/example_dags/example_dag_decorator.py took 0.180 seconds
[2024-05-22T23:09:34.684+0000] {processor.py:161} INFO - Started process (PID=55924) to work on /home/airflow/.local/lib/python3.8/site-packages/airflow/example_dags/example_dag_decorator.py
[2024-05-22T23:09:34.685+0000] {processor.py:830} INFO - Processing file /home/airflow/.local/lib/python3.8/site-packages/airflow/example_dags/example_dag_decorator.py for tasks to queue
[2024-05-22T23:09:34.687+0000] {logging_mixin.py:188} INFO - [2024-05-22T23:09:34.686+0000] {dagbag.py:538} INFO - Filling up the DagBag from /home/airflow/.local/lib/python3.8/site-packages/airflow/example_dags/example_dag_decorator.py
[2024-05-22T23:09:34.799+0000] {processor.py:840} INFO - DAG(s) 'example_dag_decorator' retrieved from /home/airflow/.local/lib/python3.8/site-packages/airflow/example_dags/example_dag_decorator.py
[2024-05-22T23:09:34.915+0000] {logging_mixin.py:188} INFO - [2024-05-22T23:09:34.915+0000] {dag.py:3036} INFO - Sync 1 DAGs
[2024-05-22T23:09:34.932+0000] {logging_mixin.py:188} INFO - [2024-05-22T23:09:34.932+0000] {dag.py:3823} INFO - Setting next_dagrun for example_dag_decorator to None, run_after=None
[2024-05-22T23:09:34.958+0000] {processor.py:183} INFO - Processing /home/airflow/.local/lib/python3.8/site-packages/airflow/example_dags/example_dag_decorator.py took 0.278 seconds
[2024-05-22T23:10:05.090+0000] {processor.py:161} INFO - Started process (PID=55981) to work on /home/airflow/.local/lib/python3.8/site-packages/airflow/example_dags/example_dag_decorator.py
[2024-05-22T23:10:05.091+0000] {processor.py:830} INFO - Processing file /home/airflow/.local/lib/python3.8/site-packages/airflow/example_dags/example_dag_decorator.py for tasks to queue
[2024-05-22T23:10:05.093+0000] {logging_mixin.py:188} INFO - [2024-05-22T23:10:05.093+0000] {dagbag.py:538} INFO - Filling up the DagBag from /home/airflow/.local/lib/python3.8/site-packages/airflow/example_dags/example_dag_decorator.py
[2024-05-22T23:10:05.214+0000] {processor.py:840} INFO - DAG(s) 'example_dag_decorator' retrieved from /home/airflow/.local/lib/python3.8/site-packages/airflow/example_dags/example_dag_decorator.py
[2024-05-22T23:10:05.329+0000] {logging_mixin.py:188} INFO - [2024-05-22T23:10:05.329+0000] {dag.py:3036} INFO - Sync 1 DAGs
[2024-05-22T23:10:05.342+0000] {logging_mixin.py:188} INFO - [2024-05-22T23:10:05.342+0000] {dag.py:3823} INFO - Setting next_dagrun for example_dag_decorator to None, run_after=None
[2024-05-22T23:10:05.367+0000] {processor.py:183} INFO - Processing /home/airflow/.local/lib/python3.8/site-packages/airflow/example_dags/example_dag_decorator.py took 0.280 seconds
