[2024-05-22T22:36:37.309+0000] {processor.py:161} INFO - Started process (PID=52225) to work on /home/airflow/.local/lib/python3.8/site-packages/airflow/example_dags/example_params_trigger_ui.py
[2024-05-22T22:36:37.312+0000] {processor.py:830} INFO - Processing file /home/airflow/.local/lib/python3.8/site-packages/airflow/example_dags/example_params_trigger_ui.py for tasks to queue
[2024-05-22T22:36:37.342+0000] {logging_mixin.py:188} INFO - [2024-05-22T22:36:37.341+0000] {dagbag.py:538} INFO - Filling up the DagBag from /home/airflow/.local/lib/python3.8/site-packages/airflow/example_dags/example_params_trigger_ui.py
[2024-05-22T22:36:37.399+0000] {processor.py:840} INFO - DAG(s) 'example_params_trigger_ui' retrieved from /home/airflow/.local/lib/python3.8/site-packages/airflow/example_dags/example_params_trigger_ui.py
[2024-05-22T22:36:37.673+0000] {logging_mixin.py:188} INFO - [2024-05-22T22:36:37.671+0000] {dag.py:3036} INFO - Sync 1 DAGs
[2024-05-22T22:36:37.762+0000] {logging_mixin.py:188} INFO - [2024-05-22T22:36:37.761+0000] {dag.py:3823} INFO - Setting next_dagrun for example_params_trigger_ui to None, run_after=None
[2024-05-22T22:36:37.868+0000] {processor.py:183} INFO - Processing /home/airflow/.local/lib/python3.8/site-packages/airflow/example_dags/example_params_trigger_ui.py took 0.567 seconds
[2024-05-22T22:37:08.306+0000] {processor.py:161} INFO - Started process (PID=52282) to work on /home/airflow/.local/lib/python3.8/site-packages/airflow/example_dags/example_params_trigger_ui.py
[2024-05-22T22:37:08.307+0000] {processor.py:830} INFO - Processing file /home/airflow/.local/lib/python3.8/site-packages/airflow/example_dags/example_params_trigger_ui.py for tasks to queue
[2024-05-22T22:37:08.309+0000] {logging_mixin.py:188} INFO - [2024-05-22T22:37:08.309+0000] {dagbag.py:538} INFO - Filling up the DagBag from /home/airflow/.local/lib/python3.8/site-packages/airflow/example_dags/example_params_trigger_ui.py
[2024-05-22T22:37:08.321+0000] {processor.py:840} INFO - DAG(s) 'example_params_trigger_ui' retrieved from /home/airflow/.local/lib/python3.8/site-packages/airflow/example_dags/example_params_trigger_ui.py
[2024-05-22T22:37:08.377+0000] {logging_mixin.py:188} INFO - [2024-05-22T22:37:08.377+0000] {dag.py:3036} INFO - Sync 1 DAGs
[2024-05-22T22:37:08.390+0000] {logging_mixin.py:188} INFO - [2024-05-22T22:37:08.390+0000] {dag.py:3823} INFO - Setting next_dagrun for example_params_trigger_ui to None, run_after=None
[2024-05-22T22:37:08.408+0000] {processor.py:183} INFO - Processing /home/airflow/.local/lib/python3.8/site-packages/airflow/example_dags/example_params_trigger_ui.py took 0.105 seconds
[2024-05-22T22:37:38.804+0000] {processor.py:161} INFO - Started process (PID=52339) to work on /home/airflow/.local/lib/python3.8/site-packages/airflow/example_dags/example_params_trigger_ui.py
[2024-05-22T22:37:38.804+0000] {processor.py:830} INFO - Processing file /home/airflow/.local/lib/python3.8/site-packages/airflow/example_dags/example_params_trigger_ui.py for tasks to queue
[2024-05-22T22:37:38.806+0000] {logging_mixin.py:188} INFO - [2024-05-22T22:37:38.806+0000] {dagbag.py:538} INFO - Filling up the DagBag from /home/airflow/.local/lib/python3.8/site-packages/airflow/example_dags/example_params_trigger_ui.py
[2024-05-22T22:37:38.819+0000] {processor.py:840} INFO - DAG(s) 'example_params_trigger_ui' retrieved from /home/airflow/.local/lib/python3.8/site-packages/airflow/example_dags/example_params_trigger_ui.py
[2024-05-22T22:37:38.885+0000] {logging_mixin.py:188} INFO - [2024-05-22T22:37:38.885+0000] {dag.py:3036} INFO - Sync 1 DAGs
[2024-05-22T22:37:38.899+0000] {logging_mixin.py:188} INFO - [2024-05-22T22:37:38.899+0000] {dag.py:3823} INFO - Setting next_dagrun for example_params_trigger_ui to None, run_after=None
[2024-05-22T22:37:38.922+0000] {processor.py:183} INFO - Processing /home/airflow/.local/lib/python3.8/site-packages/airflow/example_dags/example_params_trigger_ui.py took 0.121 seconds
[2024-05-22T22:38:09.312+0000] {processor.py:161} INFO - Started process (PID=52396) to work on /home/airflow/.local/lib/python3.8/site-packages/airflow/example_dags/example_params_trigger_ui.py
[2024-05-22T22:38:09.313+0000] {processor.py:830} INFO - Processing file /home/airflow/.local/lib/python3.8/site-packages/airflow/example_dags/example_params_trigger_ui.py for tasks to queue
[2024-05-22T22:38:09.315+0000] {logging_mixin.py:188} INFO - [2024-05-22T22:38:09.315+0000] {dagbag.py:538} INFO - Filling up the DagBag from /home/airflow/.local/lib/python3.8/site-packages/airflow/example_dags/example_params_trigger_ui.py
[2024-05-22T22:38:09.329+0000] {processor.py:840} INFO - DAG(s) 'example_params_trigger_ui' retrieved from /home/airflow/.local/lib/python3.8/site-packages/airflow/example_dags/example_params_trigger_ui.py
[2024-05-22T22:38:09.393+0000] {logging_mixin.py:188} INFO - [2024-05-22T22:38:09.393+0000] {dag.py:3036} INFO - Sync 1 DAGs
[2024-05-22T22:38:09.409+0000] {logging_mixin.py:188} INFO - [2024-05-22T22:38:09.408+0000] {dag.py:3823} INFO - Setting next_dagrun for example_params_trigger_ui to None, run_after=None
[2024-05-22T22:38:09.431+0000] {processor.py:183} INFO - Processing /home/airflow/.local/lib/python3.8/site-packages/airflow/example_dags/example_params_trigger_ui.py took 0.123 seconds
[2024-05-22T22:38:39.849+0000] {processor.py:161} INFO - Started process (PID=52453) to work on /home/airflow/.local/lib/python3.8/site-packages/airflow/example_dags/example_params_trigger_ui.py
[2024-05-22T22:38:39.850+0000] {processor.py:830} INFO - Processing file /home/airflow/.local/lib/python3.8/site-packages/airflow/example_dags/example_params_trigger_ui.py for tasks to queue
[2024-05-22T22:38:39.853+0000] {logging_mixin.py:188} INFO - [2024-05-22T22:38:39.852+0000] {dagbag.py:538} INFO - Filling up the DagBag from /home/airflow/.local/lib/python3.8/site-packages/airflow/example_dags/example_params_trigger_ui.py
[2024-05-22T22:38:39.870+0000] {processor.py:840} INFO - DAG(s) 'example_params_trigger_ui' retrieved from /home/airflow/.local/lib/python3.8/site-packages/airflow/example_dags/example_params_trigger_ui.py
[2024-05-22T22:38:39.941+0000] {logging_mixin.py:188} INFO - [2024-05-22T22:38:39.940+0000] {dag.py:3036} INFO - Sync 1 DAGs
[2024-05-22T22:38:39.955+0000] {logging_mixin.py:188} INFO - [2024-05-22T22:38:39.954+0000] {dag.py:3823} INFO - Setting next_dagrun for example_params_trigger_ui to None, run_after=None
[2024-05-22T22:38:39.975+0000] {processor.py:183} INFO - Processing /home/airflow/.local/lib/python3.8/site-packages/airflow/example_dags/example_params_trigger_ui.py took 0.130 seconds
[2024-05-22T22:39:10.210+0000] {processor.py:161} INFO - Started process (PID=52516) to work on /home/airflow/.local/lib/python3.8/site-packages/airflow/example_dags/example_params_trigger_ui.py
[2024-05-22T22:39:10.211+0000] {processor.py:830} INFO - Processing file /home/airflow/.local/lib/python3.8/site-packages/airflow/example_dags/example_params_trigger_ui.py for tasks to queue
[2024-05-22T22:39:10.213+0000] {logging_mixin.py:188} INFO - [2024-05-22T22:39:10.212+0000] {dagbag.py:538} INFO - Filling up the DagBag from /home/airflow/.local/lib/python3.8/site-packages/airflow/example_dags/example_params_trigger_ui.py
[2024-05-22T22:39:10.227+0000] {processor.py:840} INFO - DAG(s) 'example_params_trigger_ui' retrieved from /home/airflow/.local/lib/python3.8/site-packages/airflow/example_dags/example_params_trigger_ui.py
[2024-05-22T22:39:10.287+0000] {logging_mixin.py:188} INFO - [2024-05-22T22:39:10.287+0000] {dag.py:3036} INFO - Sync 1 DAGs
[2024-05-22T22:39:10.302+0000] {logging_mixin.py:188} INFO - [2024-05-22T22:39:10.302+0000] {dag.py:3823} INFO - Setting next_dagrun for example_params_trigger_ui to None, run_after=None
[2024-05-22T22:39:10.323+0000] {processor.py:183} INFO - Processing /home/airflow/.local/lib/python3.8/site-packages/airflow/example_dags/example_params_trigger_ui.py took 0.117 seconds
[2024-05-22T22:39:40.605+0000] {processor.py:161} INFO - Started process (PID=52573) to work on /home/airflow/.local/lib/python3.8/site-packages/airflow/example_dags/example_params_trigger_ui.py
[2024-05-22T22:39:40.605+0000] {processor.py:830} INFO - Processing file /home/airflow/.local/lib/python3.8/site-packages/airflow/example_dags/example_params_trigger_ui.py for tasks to queue
[2024-05-22T22:39:40.607+0000] {logging_mixin.py:188} INFO - [2024-05-22T22:39:40.607+0000] {dagbag.py:538} INFO - Filling up the DagBag from /home/airflow/.local/lib/python3.8/site-packages/airflow/example_dags/example_params_trigger_ui.py
[2024-05-22T22:39:40.624+0000] {processor.py:840} INFO - DAG(s) 'example_params_trigger_ui' retrieved from /home/airflow/.local/lib/python3.8/site-packages/airflow/example_dags/example_params_trigger_ui.py
[2024-05-22T22:39:40.686+0000] {logging_mixin.py:188} INFO - [2024-05-22T22:39:40.685+0000] {dag.py:3036} INFO - Sync 1 DAGs
[2024-05-22T22:39:40.702+0000] {logging_mixin.py:188} INFO - [2024-05-22T22:39:40.702+0000] {dag.py:3823} INFO - Setting next_dagrun for example_params_trigger_ui to None, run_after=None
[2024-05-22T22:39:40.723+0000] {processor.py:183} INFO - Processing /home/airflow/.local/lib/python3.8/site-packages/airflow/example_dags/example_params_trigger_ui.py took 0.122 seconds
[2024-05-22T22:40:11.133+0000] {processor.py:161} INFO - Started process (PID=52630) to work on /home/airflow/.local/lib/python3.8/site-packages/airflow/example_dags/example_params_trigger_ui.py
[2024-05-22T22:40:11.134+0000] {processor.py:830} INFO - Processing file /home/airflow/.local/lib/python3.8/site-packages/airflow/example_dags/example_params_trigger_ui.py for tasks to queue
[2024-05-22T22:40:11.137+0000] {logging_mixin.py:188} INFO - [2024-05-22T22:40:11.136+0000] {dagbag.py:538} INFO - Filling up the DagBag from /home/airflow/.local/lib/python3.8/site-packages/airflow/example_dags/example_params_trigger_ui.py
[2024-05-22T22:40:11.150+0000] {processor.py:840} INFO - DAG(s) 'example_params_trigger_ui' retrieved from /home/airflow/.local/lib/python3.8/site-packages/airflow/example_dags/example_params_trigger_ui.py
[2024-05-22T22:40:11.207+0000] {logging_mixin.py:188} INFO - [2024-05-22T22:40:11.207+0000] {dag.py:3036} INFO - Sync 1 DAGs
[2024-05-22T22:40:11.219+0000] {logging_mixin.py:188} INFO - [2024-05-22T22:40:11.219+0000] {dag.py:3823} INFO - Setting next_dagrun for example_params_trigger_ui to None, run_after=None
[2024-05-22T22:40:11.239+0000] {processor.py:183} INFO - Processing /home/airflow/.local/lib/python3.8/site-packages/airflow/example_dags/example_params_trigger_ui.py took 0.109 seconds
[2024-05-22T22:40:41.606+0000] {processor.py:161} INFO - Started process (PID=52687) to work on /home/airflow/.local/lib/python3.8/site-packages/airflow/example_dags/example_params_trigger_ui.py
[2024-05-22T22:40:41.607+0000] {processor.py:830} INFO - Processing file /home/airflow/.local/lib/python3.8/site-packages/airflow/example_dags/example_params_trigger_ui.py for tasks to queue
[2024-05-22T22:40:41.609+0000] {logging_mixin.py:188} INFO - [2024-05-22T22:40:41.609+0000] {dagbag.py:538} INFO - Filling up the DagBag from /home/airflow/.local/lib/python3.8/site-packages/airflow/example_dags/example_params_trigger_ui.py
[2024-05-22T22:40:41.622+0000] {processor.py:840} INFO - DAG(s) 'example_params_trigger_ui' retrieved from /home/airflow/.local/lib/python3.8/site-packages/airflow/example_dags/example_params_trigger_ui.py
[2024-05-22T22:40:41.686+0000] {logging_mixin.py:188} INFO - [2024-05-22T22:40:41.686+0000] {dag.py:3036} INFO - Sync 1 DAGs
[2024-05-22T22:40:41.703+0000] {logging_mixin.py:188} INFO - [2024-05-22T22:40:41.703+0000] {dag.py:3823} INFO - Setting next_dagrun for example_params_trigger_ui to None, run_after=None
[2024-05-22T22:40:41.724+0000] {processor.py:183} INFO - Processing /home/airflow/.local/lib/python3.8/site-packages/airflow/example_dags/example_params_trigger_ui.py took 0.122 seconds
[2024-05-22T22:41:12.125+0000] {processor.py:161} INFO - Started process (PID=52744) to work on /home/airflow/.local/lib/python3.8/site-packages/airflow/example_dags/example_params_trigger_ui.py
[2024-05-22T22:41:12.126+0000] {processor.py:830} INFO - Processing file /home/airflow/.local/lib/python3.8/site-packages/airflow/example_dags/example_params_trigger_ui.py for tasks to queue
[2024-05-22T22:41:12.128+0000] {logging_mixin.py:188} INFO - [2024-05-22T22:41:12.127+0000] {dagbag.py:538} INFO - Filling up the DagBag from /home/airflow/.local/lib/python3.8/site-packages/airflow/example_dags/example_params_trigger_ui.py
[2024-05-22T22:41:12.143+0000] {processor.py:840} INFO - DAG(s) 'example_params_trigger_ui' retrieved from /home/airflow/.local/lib/python3.8/site-packages/airflow/example_dags/example_params_trigger_ui.py
[2024-05-22T22:41:12.213+0000] {logging_mixin.py:188} INFO - [2024-05-22T22:41:12.213+0000] {dag.py:3036} INFO - Sync 1 DAGs
[2024-05-22T22:41:12.229+0000] {logging_mixin.py:188} INFO - [2024-05-22T22:41:12.228+0000] {dag.py:3823} INFO - Setting next_dagrun for example_params_trigger_ui to None, run_after=None
[2024-05-22T22:41:12.253+0000] {processor.py:183} INFO - Processing /home/airflow/.local/lib/python3.8/site-packages/airflow/example_dags/example_params_trigger_ui.py took 0.133 seconds
[2024-05-22T22:41:42.599+0000] {processor.py:161} INFO - Started process (PID=52801) to work on /home/airflow/.local/lib/python3.8/site-packages/airflow/example_dags/example_params_trigger_ui.py
[2024-05-22T22:41:42.600+0000] {processor.py:830} INFO - Processing file /home/airflow/.local/lib/python3.8/site-packages/airflow/example_dags/example_params_trigger_ui.py for tasks to queue
[2024-05-22T22:41:42.602+0000] {logging_mixin.py:188} INFO - [2024-05-22T22:41:42.601+0000] {dagbag.py:538} INFO - Filling up the DagBag from /home/airflow/.local/lib/python3.8/site-packages/airflow/example_dags/example_params_trigger_ui.py
[2024-05-22T22:41:42.615+0000] {processor.py:840} INFO - DAG(s) 'example_params_trigger_ui' retrieved from /home/airflow/.local/lib/python3.8/site-packages/airflow/example_dags/example_params_trigger_ui.py
[2024-05-22T22:41:42.670+0000] {logging_mixin.py:188} INFO - [2024-05-22T22:41:42.670+0000] {dag.py:3036} INFO - Sync 1 DAGs
[2024-05-22T22:41:42.685+0000] {logging_mixin.py:188} INFO - [2024-05-22T22:41:42.685+0000] {dag.py:3823} INFO - Setting next_dagrun for example_params_trigger_ui to None, run_after=None
[2024-05-22T22:41:42.706+0000] {processor.py:183} INFO - Processing /home/airflow/.local/lib/python3.8/site-packages/airflow/example_dags/example_params_trigger_ui.py took 0.110 seconds
[2024-05-22T22:42:13.224+0000] {processor.py:161} INFO - Started process (PID=52859) to work on /home/airflow/.local/lib/python3.8/site-packages/airflow/example_dags/example_params_trigger_ui.py
[2024-05-22T22:42:13.225+0000] {processor.py:830} INFO - Processing file /home/airflow/.local/lib/python3.8/site-packages/airflow/example_dags/example_params_trigger_ui.py for tasks to queue
[2024-05-22T22:42:13.227+0000] {logging_mixin.py:188} INFO - [2024-05-22T22:42:13.227+0000] {dagbag.py:538} INFO - Filling up the DagBag from /home/airflow/.local/lib/python3.8/site-packages/airflow/example_dags/example_params_trigger_ui.py
[2024-05-22T22:42:13.249+0000] {processor.py:840} INFO - DAG(s) 'example_params_trigger_ui' retrieved from /home/airflow/.local/lib/python3.8/site-packages/airflow/example_dags/example_params_trigger_ui.py
[2024-05-22T22:42:13.316+0000] {logging_mixin.py:188} INFO - [2024-05-22T22:42:13.315+0000] {dag.py:3036} INFO - Sync 1 DAGs
[2024-05-22T22:42:13.329+0000] {logging_mixin.py:188} INFO - [2024-05-22T22:42:13.328+0000] {dag.py:3823} INFO - Setting next_dagrun for example_params_trigger_ui to None, run_after=None
[2024-05-22T22:42:13.350+0000] {processor.py:183} INFO - Processing /home/airflow/.local/lib/python3.8/site-packages/airflow/example_dags/example_params_trigger_ui.py took 0.129 seconds
[2024-05-22T22:42:43.760+0000] {processor.py:161} INFO - Started process (PID=52916) to work on /home/airflow/.local/lib/python3.8/site-packages/airflow/example_dags/example_params_trigger_ui.py
[2024-05-22T22:42:43.761+0000] {processor.py:830} INFO - Processing file /home/airflow/.local/lib/python3.8/site-packages/airflow/example_dags/example_params_trigger_ui.py for tasks to queue
[2024-05-22T22:42:43.763+0000] {logging_mixin.py:188} INFO - [2024-05-22T22:42:43.762+0000] {dagbag.py:538} INFO - Filling up the DagBag from /home/airflow/.local/lib/python3.8/site-packages/airflow/example_dags/example_params_trigger_ui.py
[2024-05-22T22:42:43.781+0000] {processor.py:840} INFO - DAG(s) 'example_params_trigger_ui' retrieved from /home/airflow/.local/lib/python3.8/site-packages/airflow/example_dags/example_params_trigger_ui.py
[2024-05-22T22:42:43.856+0000] {logging_mixin.py:188} INFO - [2024-05-22T22:42:43.855+0000] {dag.py:3036} INFO - Sync 1 DAGs
[2024-05-22T22:42:43.875+0000] {logging_mixin.py:188} INFO - [2024-05-22T22:42:43.874+0000] {dag.py:3823} INFO - Setting next_dagrun for example_params_trigger_ui to None, run_after=None
[2024-05-22T22:42:43.906+0000] {processor.py:183} INFO - Processing /home/airflow/.local/lib/python3.8/site-packages/airflow/example_dags/example_params_trigger_ui.py took 0.150 seconds
[2024-05-22T22:43:14.325+0000] {processor.py:161} INFO - Started process (PID=52973) to work on /home/airflow/.local/lib/python3.8/site-packages/airflow/example_dags/example_params_trigger_ui.py
[2024-05-22T22:43:14.326+0000] {processor.py:830} INFO - Processing file /home/airflow/.local/lib/python3.8/site-packages/airflow/example_dags/example_params_trigger_ui.py for tasks to queue
[2024-05-22T22:43:14.329+0000] {logging_mixin.py:188} INFO - [2024-05-22T22:43:14.328+0000] {dagbag.py:538} INFO - Filling up the DagBag from /home/airflow/.local/lib/python3.8/site-packages/airflow/example_dags/example_params_trigger_ui.py
[2024-05-22T22:43:14.348+0000] {processor.py:840} INFO - DAG(s) 'example_params_trigger_ui' retrieved from /home/airflow/.local/lib/python3.8/site-packages/airflow/example_dags/example_params_trigger_ui.py
[2024-05-22T22:43:14.426+0000] {logging_mixin.py:188} INFO - [2024-05-22T22:43:14.425+0000] {dag.py:3036} INFO - Sync 1 DAGs
[2024-05-22T22:43:14.447+0000] {logging_mixin.py:188} INFO - [2024-05-22T22:43:14.447+0000] {dag.py:3823} INFO - Setting next_dagrun for example_params_trigger_ui to None, run_after=None
[2024-05-22T22:43:14.489+0000] {processor.py:183} INFO - Processing /home/airflow/.local/lib/python3.8/site-packages/airflow/example_dags/example_params_trigger_ui.py took 0.167 seconds
[2024-05-22T22:43:44.837+0000] {processor.py:161} INFO - Started process (PID=53030) to work on /home/airflow/.local/lib/python3.8/site-packages/airflow/example_dags/example_params_trigger_ui.py
[2024-05-22T22:43:44.838+0000] {processor.py:830} INFO - Processing file /home/airflow/.local/lib/python3.8/site-packages/airflow/example_dags/example_params_trigger_ui.py for tasks to queue
[2024-05-22T22:43:44.841+0000] {logging_mixin.py:188} INFO - [2024-05-22T22:43:44.840+0000] {dagbag.py:538} INFO - Filling up the DagBag from /home/airflow/.local/lib/python3.8/site-packages/airflow/example_dags/example_params_trigger_ui.py
[2024-05-22T22:43:44.861+0000] {processor.py:840} INFO - DAG(s) 'example_params_trigger_ui' retrieved from /home/airflow/.local/lib/python3.8/site-packages/airflow/example_dags/example_params_trigger_ui.py
[2024-05-22T22:43:44.939+0000] {logging_mixin.py:188} INFO - [2024-05-22T22:43:44.938+0000] {dag.py:3036} INFO - Sync 1 DAGs
[2024-05-22T22:43:44.956+0000] {logging_mixin.py:188} INFO - [2024-05-22T22:43:44.956+0000] {dag.py:3823} INFO - Setting next_dagrun for example_params_trigger_ui to None, run_after=None
[2024-05-22T22:43:44.990+0000] {processor.py:183} INFO - Processing /home/airflow/.local/lib/python3.8/site-packages/airflow/example_dags/example_params_trigger_ui.py took 0.159 seconds
[2024-05-22T22:44:15.224+0000] {processor.py:161} INFO - Started process (PID=53087) to work on /home/airflow/.local/lib/python3.8/site-packages/airflow/example_dags/example_params_trigger_ui.py
[2024-05-22T22:44:15.226+0000] {processor.py:830} INFO - Processing file /home/airflow/.local/lib/python3.8/site-packages/airflow/example_dags/example_params_trigger_ui.py for tasks to queue
[2024-05-22T22:44:15.228+0000] {logging_mixin.py:188} INFO - [2024-05-22T22:44:15.228+0000] {dagbag.py:538} INFO - Filling up the DagBag from /home/airflow/.local/lib/python3.8/site-packages/airflow/example_dags/example_params_trigger_ui.py
[2024-05-22T22:44:15.246+0000] {processor.py:840} INFO - DAG(s) 'example_params_trigger_ui' retrieved from /home/airflow/.local/lib/python3.8/site-packages/airflow/example_dags/example_params_trigger_ui.py
[2024-05-22T22:44:15.317+0000] {logging_mixin.py:188} INFO - [2024-05-22T22:44:15.316+0000] {dag.py:3036} INFO - Sync 1 DAGs
[2024-05-22T22:44:15.338+0000] {logging_mixin.py:188} INFO - [2024-05-22T22:44:15.338+0000] {dag.py:3823} INFO - Setting next_dagrun for example_params_trigger_ui to None, run_after=None
[2024-05-22T22:44:15.372+0000] {processor.py:183} INFO - Processing /home/airflow/.local/lib/python3.8/site-packages/airflow/example_dags/example_params_trigger_ui.py took 0.151 seconds
[2024-05-22T22:44:45.415+0000] {processor.py:161} INFO - Started process (PID=53144) to work on /home/airflow/.local/lib/python3.8/site-packages/airflow/example_dags/example_params_trigger_ui.py
[2024-05-22T22:44:45.416+0000] {processor.py:830} INFO - Processing file /home/airflow/.local/lib/python3.8/site-packages/airflow/example_dags/example_params_trigger_ui.py for tasks to queue
[2024-05-22T22:44:45.419+0000] {logging_mixin.py:188} INFO - [2024-05-22T22:44:45.418+0000] {dagbag.py:538} INFO - Filling up the DagBag from /home/airflow/.local/lib/python3.8/site-packages/airflow/example_dags/example_params_trigger_ui.py
[2024-05-22T22:44:45.435+0000] {processor.py:840} INFO - DAG(s) 'example_params_trigger_ui' retrieved from /home/airflow/.local/lib/python3.8/site-packages/airflow/example_dags/example_params_trigger_ui.py
[2024-05-22T22:44:45.506+0000] {logging_mixin.py:188} INFO - [2024-05-22T22:44:45.506+0000] {dag.py:3036} INFO - Sync 1 DAGs
[2024-05-22T22:44:45.522+0000] {logging_mixin.py:188} INFO - [2024-05-22T22:44:45.521+0000] {dag.py:3823} INFO - Setting next_dagrun for example_params_trigger_ui to None, run_after=None
[2024-05-22T22:44:45.550+0000] {processor.py:183} INFO - Processing /home/airflow/.local/lib/python3.8/site-packages/airflow/example_dags/example_params_trigger_ui.py took 0.138 seconds
[2024-05-22T22:45:15.837+0000] {processor.py:161} INFO - Started process (PID=53202) to work on /home/airflow/.local/lib/python3.8/site-packages/airflow/example_dags/example_params_trigger_ui.py
[2024-05-22T22:45:15.838+0000] {processor.py:830} INFO - Processing file /home/airflow/.local/lib/python3.8/site-packages/airflow/example_dags/example_params_trigger_ui.py for tasks to queue
[2024-05-22T22:45:15.841+0000] {logging_mixin.py:188} INFO - [2024-05-22T22:45:15.840+0000] {dagbag.py:538} INFO - Filling up the DagBag from /home/airflow/.local/lib/python3.8/site-packages/airflow/example_dags/example_params_trigger_ui.py
[2024-05-22T22:45:15.859+0000] {processor.py:840} INFO - DAG(s) 'example_params_trigger_ui' retrieved from /home/airflow/.local/lib/python3.8/site-packages/airflow/example_dags/example_params_trigger_ui.py
[2024-05-22T22:45:15.925+0000] {logging_mixin.py:188} INFO - [2024-05-22T22:45:15.924+0000] {dag.py:3036} INFO - Sync 1 DAGs
[2024-05-22T22:45:15.940+0000] {logging_mixin.py:188} INFO - [2024-05-22T22:45:15.940+0000] {dag.py:3823} INFO - Setting next_dagrun for example_params_trigger_ui to None, run_after=None
[2024-05-22T22:45:15.967+0000] {processor.py:183} INFO - Processing /home/airflow/.local/lib/python3.8/site-packages/airflow/example_dags/example_params_trigger_ui.py took 0.134 seconds
[2024-05-22T22:45:46.065+0000] {processor.py:161} INFO - Started process (PID=53258) to work on /home/airflow/.local/lib/python3.8/site-packages/airflow/example_dags/example_params_trigger_ui.py
[2024-05-22T22:45:46.067+0000] {processor.py:830} INFO - Processing file /home/airflow/.local/lib/python3.8/site-packages/airflow/example_dags/example_params_trigger_ui.py for tasks to queue
[2024-05-22T22:45:46.070+0000] {logging_mixin.py:188} INFO - [2024-05-22T22:45:46.069+0000] {dagbag.py:538} INFO - Filling up the DagBag from /home/airflow/.local/lib/python3.8/site-packages/airflow/example_dags/example_params_trigger_ui.py
[2024-05-22T22:45:46.088+0000] {processor.py:840} INFO - DAG(s) 'example_params_trigger_ui' retrieved from /home/airflow/.local/lib/python3.8/site-packages/airflow/example_dags/example_params_trigger_ui.py
[2024-05-22T22:45:46.164+0000] {logging_mixin.py:188} INFO - [2024-05-22T22:45:46.164+0000] {dag.py:3036} INFO - Sync 1 DAGs
[2024-05-22T22:45:46.182+0000] {logging_mixin.py:188} INFO - [2024-05-22T22:45:46.182+0000] {dag.py:3823} INFO - Setting next_dagrun for example_params_trigger_ui to None, run_after=None
[2024-05-22T22:45:46.217+0000] {processor.py:183} INFO - Processing /home/airflow/.local/lib/python3.8/site-packages/airflow/example_dags/example_params_trigger_ui.py took 0.156 seconds
[2024-05-22T22:46:16.703+0000] {processor.py:161} INFO - Started process (PID=53316) to work on /home/airflow/.local/lib/python3.8/site-packages/airflow/example_dags/example_params_trigger_ui.py
[2024-05-22T22:46:16.704+0000] {processor.py:830} INFO - Processing file /home/airflow/.local/lib/python3.8/site-packages/airflow/example_dags/example_params_trigger_ui.py for tasks to queue
[2024-05-22T22:46:16.706+0000] {logging_mixin.py:188} INFO - [2024-05-22T22:46:16.706+0000] {dagbag.py:538} INFO - Filling up the DagBag from /home/airflow/.local/lib/python3.8/site-packages/airflow/example_dags/example_params_trigger_ui.py
[2024-05-22T22:46:16.719+0000] {processor.py:840} INFO - DAG(s) 'example_params_trigger_ui' retrieved from /home/airflow/.local/lib/python3.8/site-packages/airflow/example_dags/example_params_trigger_ui.py
[2024-05-22T22:46:16.781+0000] {logging_mixin.py:188} INFO - [2024-05-22T22:46:16.781+0000] {dag.py:3036} INFO - Sync 1 DAGs
[2024-05-22T22:46:16.796+0000] {logging_mixin.py:188} INFO - [2024-05-22T22:46:16.796+0000] {dag.py:3823} INFO - Setting next_dagrun for example_params_trigger_ui to None, run_after=None
[2024-05-22T22:46:16.822+0000] {processor.py:183} INFO - Processing /home/airflow/.local/lib/python3.8/site-packages/airflow/example_dags/example_params_trigger_ui.py took 0.122 seconds
[2024-05-22T22:46:47.298+0000] {processor.py:161} INFO - Started process (PID=53373) to work on /home/airflow/.local/lib/python3.8/site-packages/airflow/example_dags/example_params_trigger_ui.py
[2024-05-22T22:46:47.299+0000] {processor.py:830} INFO - Processing file /home/airflow/.local/lib/python3.8/site-packages/airflow/example_dags/example_params_trigger_ui.py for tasks to queue
[2024-05-22T22:46:47.301+0000] {logging_mixin.py:188} INFO - [2024-05-22T22:46:47.300+0000] {dagbag.py:538} INFO - Filling up the DagBag from /home/airflow/.local/lib/python3.8/site-packages/airflow/example_dags/example_params_trigger_ui.py
[2024-05-22T22:46:47.315+0000] {processor.py:840} INFO - DAG(s) 'example_params_trigger_ui' retrieved from /home/airflow/.local/lib/python3.8/site-packages/airflow/example_dags/example_params_trigger_ui.py
[2024-05-22T22:46:47.384+0000] {logging_mixin.py:188} INFO - [2024-05-22T22:46:47.384+0000] {dag.py:3036} INFO - Sync 1 DAGs
[2024-05-22T22:46:47.400+0000] {logging_mixin.py:188} INFO - [2024-05-22T22:46:47.399+0000] {dag.py:3823} INFO - Setting next_dagrun for example_params_trigger_ui to None, run_after=None
[2024-05-22T22:46:47.425+0000] {processor.py:183} INFO - Processing /home/airflow/.local/lib/python3.8/site-packages/airflow/example_dags/example_params_trigger_ui.py took 0.130 seconds
[2024-05-22T22:47:17.589+0000] {processor.py:161} INFO - Started process (PID=53430) to work on /home/airflow/.local/lib/python3.8/site-packages/airflow/example_dags/example_params_trigger_ui.py
[2024-05-22T22:47:17.590+0000] {processor.py:830} INFO - Processing file /home/airflow/.local/lib/python3.8/site-packages/airflow/example_dags/example_params_trigger_ui.py for tasks to queue
[2024-05-22T22:47:17.592+0000] {logging_mixin.py:188} INFO - [2024-05-22T22:47:17.592+0000] {dagbag.py:538} INFO - Filling up the DagBag from /home/airflow/.local/lib/python3.8/site-packages/airflow/example_dags/example_params_trigger_ui.py
[2024-05-22T22:47:17.604+0000] {processor.py:840} INFO - DAG(s) 'example_params_trigger_ui' retrieved from /home/airflow/.local/lib/python3.8/site-packages/airflow/example_dags/example_params_trigger_ui.py
[2024-05-22T22:47:17.669+0000] {logging_mixin.py:188} INFO - [2024-05-22T22:47:17.669+0000] {dag.py:3036} INFO - Sync 1 DAGs
[2024-05-22T22:47:17.684+0000] {logging_mixin.py:188} INFO - [2024-05-22T22:47:17.684+0000] {dag.py:3823} INFO - Setting next_dagrun for example_params_trigger_ui to None, run_after=None
[2024-05-22T22:47:17.705+0000] {processor.py:183} INFO - Processing /home/airflow/.local/lib/python3.8/site-packages/airflow/example_dags/example_params_trigger_ui.py took 0.120 seconds
[2024-05-22T22:47:48.096+0000] {processor.py:161} INFO - Started process (PID=53488) to work on /home/airflow/.local/lib/python3.8/site-packages/airflow/example_dags/example_params_trigger_ui.py
[2024-05-22T22:47:48.097+0000] {processor.py:830} INFO - Processing file /home/airflow/.local/lib/python3.8/site-packages/airflow/example_dags/example_params_trigger_ui.py for tasks to queue
[2024-05-22T22:47:48.099+0000] {logging_mixin.py:188} INFO - [2024-05-22T22:47:48.099+0000] {dagbag.py:538} INFO - Filling up the DagBag from /home/airflow/.local/lib/python3.8/site-packages/airflow/example_dags/example_params_trigger_ui.py
[2024-05-22T22:47:48.116+0000] {processor.py:840} INFO - DAG(s) 'example_params_trigger_ui' retrieved from /home/airflow/.local/lib/python3.8/site-packages/airflow/example_dags/example_params_trigger_ui.py
[2024-05-22T22:47:48.180+0000] {logging_mixin.py:188} INFO - [2024-05-22T22:47:48.180+0000] {dag.py:3036} INFO - Sync 1 DAGs
[2024-05-22T22:47:48.196+0000] {logging_mixin.py:188} INFO - [2024-05-22T22:47:48.196+0000] {dag.py:3823} INFO - Setting next_dagrun for example_params_trigger_ui to None, run_after=None
[2024-05-22T22:47:48.225+0000] {processor.py:183} INFO - Processing /home/airflow/.local/lib/python3.8/site-packages/airflow/example_dags/example_params_trigger_ui.py took 0.133 seconds
[2024-05-22T22:48:18.711+0000] {processor.py:161} INFO - Started process (PID=53546) to work on /home/airflow/.local/lib/python3.8/site-packages/airflow/example_dags/example_params_trigger_ui.py
[2024-05-22T22:48:18.712+0000] {processor.py:830} INFO - Processing file /home/airflow/.local/lib/python3.8/site-packages/airflow/example_dags/example_params_trigger_ui.py for tasks to queue
[2024-05-22T22:48:18.714+0000] {logging_mixin.py:188} INFO - [2024-05-22T22:48:18.713+0000] {dagbag.py:538} INFO - Filling up the DagBag from /home/airflow/.local/lib/python3.8/site-packages/airflow/example_dags/example_params_trigger_ui.py
[2024-05-22T22:48:18.728+0000] {processor.py:840} INFO - DAG(s) 'example_params_trigger_ui' retrieved from /home/airflow/.local/lib/python3.8/site-packages/airflow/example_dags/example_params_trigger_ui.py
[2024-05-22T22:48:18.788+0000] {logging_mixin.py:188} INFO - [2024-05-22T22:48:18.788+0000] {dag.py:3036} INFO - Sync 1 DAGs
[2024-05-22T22:48:18.801+0000] {logging_mixin.py:188} INFO - [2024-05-22T22:48:18.801+0000] {dag.py:3823} INFO - Setting next_dagrun for example_params_trigger_ui to None, run_after=None
[2024-05-22T22:48:18.830+0000] {processor.py:183} INFO - Processing /home/airflow/.local/lib/python3.8/site-packages/airflow/example_dags/example_params_trigger_ui.py took 0.122 seconds
[2024-05-22T22:48:49.293+0000] {processor.py:161} INFO - Started process (PID=53603) to work on /home/airflow/.local/lib/python3.8/site-packages/airflow/example_dags/example_params_trigger_ui.py
[2024-05-22T22:48:49.294+0000] {processor.py:830} INFO - Processing file /home/airflow/.local/lib/python3.8/site-packages/airflow/example_dags/example_params_trigger_ui.py for tasks to queue
[2024-05-22T22:48:49.296+0000] {logging_mixin.py:188} INFO - [2024-05-22T22:48:49.296+0000] {dagbag.py:538} INFO - Filling up the DagBag from /home/airflow/.local/lib/python3.8/site-packages/airflow/example_dags/example_params_trigger_ui.py
[2024-05-22T22:48:49.309+0000] {processor.py:840} INFO - DAG(s) 'example_params_trigger_ui' retrieved from /home/airflow/.local/lib/python3.8/site-packages/airflow/example_dags/example_params_trigger_ui.py
[2024-05-22T22:48:49.364+0000] {logging_mixin.py:188} INFO - [2024-05-22T22:48:49.364+0000] {dag.py:3036} INFO - Sync 1 DAGs
[2024-05-22T22:48:49.381+0000] {logging_mixin.py:188} INFO - [2024-05-22T22:48:49.381+0000] {dag.py:3823} INFO - Setting next_dagrun for example_params_trigger_ui to None, run_after=None
[2024-05-22T22:48:49.406+0000] {processor.py:183} INFO - Processing /home/airflow/.local/lib/python3.8/site-packages/airflow/example_dags/example_params_trigger_ui.py took 0.116 seconds
[2024-05-22T22:49:19.566+0000] {processor.py:161} INFO - Started process (PID=53660) to work on /home/airflow/.local/lib/python3.8/site-packages/airflow/example_dags/example_params_trigger_ui.py
[2024-05-22T22:49:19.567+0000] {processor.py:830} INFO - Processing file /home/airflow/.local/lib/python3.8/site-packages/airflow/example_dags/example_params_trigger_ui.py for tasks to queue
[2024-05-22T22:49:19.569+0000] {logging_mixin.py:188} INFO - [2024-05-22T22:49:19.568+0000] {dagbag.py:538} INFO - Filling up the DagBag from /home/airflow/.local/lib/python3.8/site-packages/airflow/example_dags/example_params_trigger_ui.py
[2024-05-22T22:49:19.581+0000] {processor.py:840} INFO - DAG(s) 'example_params_trigger_ui' retrieved from /home/airflow/.local/lib/python3.8/site-packages/airflow/example_dags/example_params_trigger_ui.py
[2024-05-22T22:49:19.648+0000] {logging_mixin.py:188} INFO - [2024-05-22T22:49:19.648+0000] {dag.py:3036} INFO - Sync 1 DAGs
[2024-05-22T22:49:19.664+0000] {logging_mixin.py:188} INFO - [2024-05-22T22:49:19.664+0000] {dag.py:3823} INFO - Setting next_dagrun for example_params_trigger_ui to None, run_after=None
[2024-05-22T22:49:19.690+0000] {processor.py:183} INFO - Processing /home/airflow/.local/lib/python3.8/site-packages/airflow/example_dags/example_params_trigger_ui.py took 0.127 seconds
[2024-05-22T22:49:50.626+0000] {processor.py:161} INFO - Started process (PID=53716) to work on /home/airflow/.local/lib/python3.8/site-packages/airflow/example_dags/example_params_trigger_ui.py
[2024-05-22T22:49:50.627+0000] {processor.py:830} INFO - Processing file /home/airflow/.local/lib/python3.8/site-packages/airflow/example_dags/example_params_trigger_ui.py for tasks to queue
[2024-05-22T22:49:50.629+0000] {logging_mixin.py:188} INFO - [2024-05-22T22:49:50.629+0000] {dagbag.py:538} INFO - Filling up the DagBag from /home/airflow/.local/lib/python3.8/site-packages/airflow/example_dags/example_params_trigger_ui.py
[2024-05-22T22:49:50.648+0000] {processor.py:840} INFO - DAG(s) 'example_params_trigger_ui' retrieved from /home/airflow/.local/lib/python3.8/site-packages/airflow/example_dags/example_params_trigger_ui.py
[2024-05-22T22:49:50.726+0000] {logging_mixin.py:188} INFO - [2024-05-22T22:49:50.726+0000] {dag.py:3036} INFO - Sync 1 DAGs
[2024-05-22T22:49:50.747+0000] {logging_mixin.py:188} INFO - [2024-05-22T22:49:50.747+0000] {dag.py:3823} INFO - Setting next_dagrun for example_params_trigger_ui to None, run_after=None
[2024-05-22T22:49:50.772+0000] {processor.py:183} INFO - Processing /home/airflow/.local/lib/python3.8/site-packages/airflow/example_dags/example_params_trigger_ui.py took 0.150 seconds
[2024-05-22T22:50:21.255+0000] {processor.py:161} INFO - Started process (PID=53773) to work on /home/airflow/.local/lib/python3.8/site-packages/airflow/example_dags/example_params_trigger_ui.py
[2024-05-22T22:50:21.257+0000] {processor.py:830} INFO - Processing file /home/airflow/.local/lib/python3.8/site-packages/airflow/example_dags/example_params_trigger_ui.py for tasks to queue
[2024-05-22T22:50:21.259+0000] {logging_mixin.py:188} INFO - [2024-05-22T22:50:21.259+0000] {dagbag.py:538} INFO - Filling up the DagBag from /home/airflow/.local/lib/python3.8/site-packages/airflow/example_dags/example_params_trigger_ui.py
[2024-05-22T22:50:21.273+0000] {processor.py:840} INFO - DAG(s) 'example_params_trigger_ui' retrieved from /home/airflow/.local/lib/python3.8/site-packages/airflow/example_dags/example_params_trigger_ui.py
[2024-05-22T22:50:21.338+0000] {logging_mixin.py:188} INFO - [2024-05-22T22:50:21.338+0000] {dag.py:3036} INFO - Sync 1 DAGs
[2024-05-22T22:50:21.351+0000] {logging_mixin.py:188} INFO - [2024-05-22T22:50:21.351+0000] {dag.py:3823} INFO - Setting next_dagrun for example_params_trigger_ui to None, run_after=None
[2024-05-22T22:50:21.374+0000] {processor.py:183} INFO - Processing /home/airflow/.local/lib/python3.8/site-packages/airflow/example_dags/example_params_trigger_ui.py took 0.123 seconds
[2024-05-22T22:50:51.777+0000] {processor.py:161} INFO - Started process (PID=53830) to work on /home/airflow/.local/lib/python3.8/site-packages/airflow/example_dags/example_params_trigger_ui.py
[2024-05-22T22:50:51.778+0000] {processor.py:830} INFO - Processing file /home/airflow/.local/lib/python3.8/site-packages/airflow/example_dags/example_params_trigger_ui.py for tasks to queue
[2024-05-22T22:50:51.782+0000] {logging_mixin.py:188} INFO - [2024-05-22T22:50:51.781+0000] {dagbag.py:538} INFO - Filling up the DagBag from /home/airflow/.local/lib/python3.8/site-packages/airflow/example_dags/example_params_trigger_ui.py
[2024-05-22T22:50:51.797+0000] {processor.py:840} INFO - DAG(s) 'example_params_trigger_ui' retrieved from /home/airflow/.local/lib/python3.8/site-packages/airflow/example_dags/example_params_trigger_ui.py
[2024-05-22T22:50:51.867+0000] {logging_mixin.py:188} INFO - [2024-05-22T22:50:51.866+0000] {dag.py:3036} INFO - Sync 1 DAGs
[2024-05-22T22:50:51.882+0000] {logging_mixin.py:188} INFO - [2024-05-22T22:50:51.882+0000] {dag.py:3823} INFO - Setting next_dagrun for example_params_trigger_ui to None, run_after=None
[2024-05-22T22:50:51.911+0000] {processor.py:183} INFO - Processing /home/airflow/.local/lib/python3.8/site-packages/airflow/example_dags/example_params_trigger_ui.py took 0.140 seconds
[2024-05-22T22:51:22.295+0000] {processor.py:161} INFO - Started process (PID=53887) to work on /home/airflow/.local/lib/python3.8/site-packages/airflow/example_dags/example_params_trigger_ui.py
[2024-05-22T22:51:22.296+0000] {processor.py:830} INFO - Processing file /home/airflow/.local/lib/python3.8/site-packages/airflow/example_dags/example_params_trigger_ui.py for tasks to queue
[2024-05-22T22:51:22.299+0000] {logging_mixin.py:188} INFO - [2024-05-22T22:51:22.298+0000] {dagbag.py:538} INFO - Filling up the DagBag from /home/airflow/.local/lib/python3.8/site-packages/airflow/example_dags/example_params_trigger_ui.py
[2024-05-22T22:51:22.317+0000] {processor.py:840} INFO - DAG(s) 'example_params_trigger_ui' retrieved from /home/airflow/.local/lib/python3.8/site-packages/airflow/example_dags/example_params_trigger_ui.py
[2024-05-22T22:51:22.395+0000] {logging_mixin.py:188} INFO - [2024-05-22T22:51:22.395+0000] {dag.py:3036} INFO - Sync 1 DAGs
[2024-05-22T22:51:22.412+0000] {logging_mixin.py:188} INFO - [2024-05-22T22:51:22.412+0000] {dag.py:3823} INFO - Setting next_dagrun for example_params_trigger_ui to None, run_after=None
[2024-05-22T22:51:22.437+0000] {processor.py:183} INFO - Processing /home/airflow/.local/lib/python3.8/site-packages/airflow/example_dags/example_params_trigger_ui.py took 0.146 seconds
[2024-05-22T22:51:52.641+0000] {processor.py:161} INFO - Started process (PID=53943) to work on /home/airflow/.local/lib/python3.8/site-packages/airflow/example_dags/example_params_trigger_ui.py
[2024-05-22T22:51:52.642+0000] {processor.py:830} INFO - Processing file /home/airflow/.local/lib/python3.8/site-packages/airflow/example_dags/example_params_trigger_ui.py for tasks to queue
[2024-05-22T22:51:52.645+0000] {logging_mixin.py:188} INFO - [2024-05-22T22:51:52.644+0000] {dagbag.py:538} INFO - Filling up the DagBag from /home/airflow/.local/lib/python3.8/site-packages/airflow/example_dags/example_params_trigger_ui.py
[2024-05-22T22:51:52.669+0000] {processor.py:840} INFO - DAG(s) 'example_params_trigger_ui' retrieved from /home/airflow/.local/lib/python3.8/site-packages/airflow/example_dags/example_params_trigger_ui.py
[2024-05-22T22:51:52.740+0000] {logging_mixin.py:188} INFO - [2024-05-22T22:51:52.740+0000] {dag.py:3036} INFO - Sync 1 DAGs
[2024-05-22T22:51:52.754+0000] {logging_mixin.py:188} INFO - [2024-05-22T22:51:52.754+0000] {dag.py:3823} INFO - Setting next_dagrun for example_params_trigger_ui to None, run_after=None
[2024-05-22T22:51:52.780+0000] {processor.py:183} INFO - Processing /home/airflow/.local/lib/python3.8/site-packages/airflow/example_dags/example_params_trigger_ui.py took 0.143 seconds
[2024-05-22T22:52:22.994+0000] {processor.py:161} INFO - Started process (PID=54000) to work on /home/airflow/.local/lib/python3.8/site-packages/airflow/example_dags/example_params_trigger_ui.py
[2024-05-22T22:52:22.995+0000] {processor.py:830} INFO - Processing file /home/airflow/.local/lib/python3.8/site-packages/airflow/example_dags/example_params_trigger_ui.py for tasks to queue
[2024-05-22T22:52:22.997+0000] {logging_mixin.py:188} INFO - [2024-05-22T22:52:22.997+0000] {dagbag.py:538} INFO - Filling up the DagBag from /home/airflow/.local/lib/python3.8/site-packages/airflow/example_dags/example_params_trigger_ui.py
[2024-05-22T22:52:23.014+0000] {processor.py:840} INFO - DAG(s) 'example_params_trigger_ui' retrieved from /home/airflow/.local/lib/python3.8/site-packages/airflow/example_dags/example_params_trigger_ui.py
[2024-05-22T22:52:23.073+0000] {logging_mixin.py:188} INFO - [2024-05-22T22:52:23.073+0000] {dag.py:3036} INFO - Sync 1 DAGs
[2024-05-22T22:52:23.086+0000] {logging_mixin.py:188} INFO - [2024-05-22T22:52:23.085+0000] {dag.py:3823} INFO - Setting next_dagrun for example_params_trigger_ui to None, run_after=None
[2024-05-22T22:52:23.107+0000] {processor.py:183} INFO - Processing /home/airflow/.local/lib/python3.8/site-packages/airflow/example_dags/example_params_trigger_ui.py took 0.118 seconds
[2024-05-22T22:52:53.328+0000] {processor.py:161} INFO - Started process (PID=54058) to work on /home/airflow/.local/lib/python3.8/site-packages/airflow/example_dags/example_params_trigger_ui.py
[2024-05-22T22:52:53.329+0000] {processor.py:830} INFO - Processing file /home/airflow/.local/lib/python3.8/site-packages/airflow/example_dags/example_params_trigger_ui.py for tasks to queue
[2024-05-22T22:52:53.331+0000] {logging_mixin.py:188} INFO - [2024-05-22T22:52:53.331+0000] {dagbag.py:538} INFO - Filling up the DagBag from /home/airflow/.local/lib/python3.8/site-packages/airflow/example_dags/example_params_trigger_ui.py
[2024-05-22T22:52:53.347+0000] {processor.py:840} INFO - DAG(s) 'example_params_trigger_ui' retrieved from /home/airflow/.local/lib/python3.8/site-packages/airflow/example_dags/example_params_trigger_ui.py
[2024-05-22T22:52:53.405+0000] {logging_mixin.py:188} INFO - [2024-05-22T22:52:53.404+0000] {dag.py:3036} INFO - Sync 1 DAGs
[2024-05-22T22:52:53.419+0000] {logging_mixin.py:188} INFO - [2024-05-22T22:52:53.419+0000] {dag.py:3823} INFO - Setting next_dagrun for example_params_trigger_ui to None, run_after=None
[2024-05-22T22:52:53.441+0000] {processor.py:183} INFO - Processing /home/airflow/.local/lib/python3.8/site-packages/airflow/example_dags/example_params_trigger_ui.py took 0.116 seconds
[2024-05-22T22:53:23.787+0000] {processor.py:161} INFO - Started process (PID=54115) to work on /home/airflow/.local/lib/python3.8/site-packages/airflow/example_dags/example_params_trigger_ui.py
[2024-05-22T22:53:23.788+0000] {processor.py:830} INFO - Processing file /home/airflow/.local/lib/python3.8/site-packages/airflow/example_dags/example_params_trigger_ui.py for tasks to queue
[2024-05-22T22:53:23.790+0000] {logging_mixin.py:188} INFO - [2024-05-22T22:53:23.790+0000] {dagbag.py:538} INFO - Filling up the DagBag from /home/airflow/.local/lib/python3.8/site-packages/airflow/example_dags/example_params_trigger_ui.py
[2024-05-22T22:53:23.803+0000] {processor.py:840} INFO - DAG(s) 'example_params_trigger_ui' retrieved from /home/airflow/.local/lib/python3.8/site-packages/airflow/example_dags/example_params_trigger_ui.py
[2024-05-22T22:53:23.865+0000] {logging_mixin.py:188} INFO - [2024-05-22T22:53:23.865+0000] {dag.py:3036} INFO - Sync 1 DAGs
[2024-05-22T22:53:23.882+0000] {logging_mixin.py:188} INFO - [2024-05-22T22:53:23.882+0000] {dag.py:3823} INFO - Setting next_dagrun for example_params_trigger_ui to None, run_after=None
[2024-05-22T22:53:23.910+0000] {processor.py:183} INFO - Processing /home/airflow/.local/lib/python3.8/site-packages/airflow/example_dags/example_params_trigger_ui.py took 0.126 seconds
[2024-05-22T22:53:54.160+0000] {processor.py:161} INFO - Started process (PID=54172) to work on /home/airflow/.local/lib/python3.8/site-packages/airflow/example_dags/example_params_trigger_ui.py
[2024-05-22T22:53:54.162+0000] {processor.py:830} INFO - Processing file /home/airflow/.local/lib/python3.8/site-packages/airflow/example_dags/example_params_trigger_ui.py for tasks to queue
[2024-05-22T22:53:54.164+0000] {logging_mixin.py:188} INFO - [2024-05-22T22:53:54.164+0000] {dagbag.py:538} INFO - Filling up the DagBag from /home/airflow/.local/lib/python3.8/site-packages/airflow/example_dags/example_params_trigger_ui.py
[2024-05-22T22:53:54.182+0000] {processor.py:840} INFO - DAG(s) 'example_params_trigger_ui' retrieved from /home/airflow/.local/lib/python3.8/site-packages/airflow/example_dags/example_params_trigger_ui.py
[2024-05-22T22:53:54.246+0000] {logging_mixin.py:188} INFO - [2024-05-22T22:53:54.246+0000] {dag.py:3036} INFO - Sync 1 DAGs
[2024-05-22T22:53:54.259+0000] {logging_mixin.py:188} INFO - [2024-05-22T22:53:54.259+0000] {dag.py:3823} INFO - Setting next_dagrun for example_params_trigger_ui to None, run_after=None
[2024-05-22T22:53:54.282+0000] {processor.py:183} INFO - Processing /home/airflow/.local/lib/python3.8/site-packages/airflow/example_dags/example_params_trigger_ui.py took 0.126 seconds
[2024-05-22T22:54:24.555+0000] {processor.py:161} INFO - Started process (PID=54229) to work on /home/airflow/.local/lib/python3.8/site-packages/airflow/example_dags/example_params_trigger_ui.py
[2024-05-22T22:54:24.556+0000] {processor.py:830} INFO - Processing file /home/airflow/.local/lib/python3.8/site-packages/airflow/example_dags/example_params_trigger_ui.py for tasks to queue
[2024-05-22T22:54:24.558+0000] {logging_mixin.py:188} INFO - [2024-05-22T22:54:24.558+0000] {dagbag.py:538} INFO - Filling up the DagBag from /home/airflow/.local/lib/python3.8/site-packages/airflow/example_dags/example_params_trigger_ui.py
[2024-05-22T22:54:24.575+0000] {processor.py:840} INFO - DAG(s) 'example_params_trigger_ui' retrieved from /home/airflow/.local/lib/python3.8/site-packages/airflow/example_dags/example_params_trigger_ui.py
[2024-05-22T22:54:24.642+0000] {logging_mixin.py:188} INFO - [2024-05-22T22:54:24.642+0000] {dag.py:3036} INFO - Sync 1 DAGs
[2024-05-22T22:54:24.656+0000] {logging_mixin.py:188} INFO - [2024-05-22T22:54:24.655+0000] {dag.py:3823} INFO - Setting next_dagrun for example_params_trigger_ui to None, run_after=None
[2024-05-22T22:54:24.678+0000] {processor.py:183} INFO - Processing /home/airflow/.local/lib/python3.8/site-packages/airflow/example_dags/example_params_trigger_ui.py took 0.127 seconds
[2024-05-22T22:54:54.919+0000] {processor.py:161} INFO - Started process (PID=54286) to work on /home/airflow/.local/lib/python3.8/site-packages/airflow/example_dags/example_params_trigger_ui.py
[2024-05-22T22:54:54.920+0000] {processor.py:830} INFO - Processing file /home/airflow/.local/lib/python3.8/site-packages/airflow/example_dags/example_params_trigger_ui.py for tasks to queue
[2024-05-22T22:54:54.923+0000] {logging_mixin.py:188} INFO - [2024-05-22T22:54:54.922+0000] {dagbag.py:538} INFO - Filling up the DagBag from /home/airflow/.local/lib/python3.8/site-packages/airflow/example_dags/example_params_trigger_ui.py
[2024-05-22T22:54:54.939+0000] {processor.py:840} INFO - DAG(s) 'example_params_trigger_ui' retrieved from /home/airflow/.local/lib/python3.8/site-packages/airflow/example_dags/example_params_trigger_ui.py
[2024-05-22T22:54:55.004+0000] {logging_mixin.py:188} INFO - [2024-05-22T22:54:55.004+0000] {dag.py:3036} INFO - Sync 1 DAGs
[2024-05-22T22:54:55.018+0000] {logging_mixin.py:188} INFO - [2024-05-22T22:54:55.018+0000] {dag.py:3823} INFO - Setting next_dagrun for example_params_trigger_ui to None, run_after=None
[2024-05-22T22:54:55.043+0000] {processor.py:183} INFO - Processing /home/airflow/.local/lib/python3.8/site-packages/airflow/example_dags/example_params_trigger_ui.py took 0.128 seconds
[2024-05-22T22:55:25.244+0000] {processor.py:161} INFO - Started process (PID=54343) to work on /home/airflow/.local/lib/python3.8/site-packages/airflow/example_dags/example_params_trigger_ui.py
[2024-05-22T22:55:25.245+0000] {processor.py:830} INFO - Processing file /home/airflow/.local/lib/python3.8/site-packages/airflow/example_dags/example_params_trigger_ui.py for tasks to queue
[2024-05-22T22:55:25.247+0000] {logging_mixin.py:188} INFO - [2024-05-22T22:55:25.247+0000] {dagbag.py:538} INFO - Filling up the DagBag from /home/airflow/.local/lib/python3.8/site-packages/airflow/example_dags/example_params_trigger_ui.py
[2024-05-22T22:55:25.263+0000] {processor.py:840} INFO - DAG(s) 'example_params_trigger_ui' retrieved from /home/airflow/.local/lib/python3.8/site-packages/airflow/example_dags/example_params_trigger_ui.py
[2024-05-22T22:55:25.326+0000] {logging_mixin.py:188} INFO - [2024-05-22T22:55:25.326+0000] {dag.py:3036} INFO - Sync 1 DAGs
[2024-05-22T22:55:25.340+0000] {logging_mixin.py:188} INFO - [2024-05-22T22:55:25.340+0000] {dag.py:3823} INFO - Setting next_dagrun for example_params_trigger_ui to None, run_after=None
[2024-05-22T22:55:25.363+0000] {processor.py:183} INFO - Processing /home/airflow/.local/lib/python3.8/site-packages/airflow/example_dags/example_params_trigger_ui.py took 0.123 seconds
[2024-05-22T22:55:55.798+0000] {processor.py:161} INFO - Started process (PID=54400) to work on /home/airflow/.local/lib/python3.8/site-packages/airflow/example_dags/example_params_trigger_ui.py
[2024-05-22T22:55:55.799+0000] {processor.py:830} INFO - Processing file /home/airflow/.local/lib/python3.8/site-packages/airflow/example_dags/example_params_trigger_ui.py for tasks to queue
[2024-05-22T22:55:55.802+0000] {logging_mixin.py:188} INFO - [2024-05-22T22:55:55.801+0000] {dagbag.py:538} INFO - Filling up the DagBag from /home/airflow/.local/lib/python3.8/site-packages/airflow/example_dags/example_params_trigger_ui.py
[2024-05-22T22:55:55.819+0000] {processor.py:840} INFO - DAG(s) 'example_params_trigger_ui' retrieved from /home/airflow/.local/lib/python3.8/site-packages/airflow/example_dags/example_params_trigger_ui.py
[2024-05-22T22:55:55.880+0000] {logging_mixin.py:188} INFO - [2024-05-22T22:55:55.880+0000] {dag.py:3036} INFO - Sync 1 DAGs
[2024-05-22T22:55:55.894+0000] {logging_mixin.py:188} INFO - [2024-05-22T22:55:55.894+0000] {dag.py:3823} INFO - Setting next_dagrun for example_params_trigger_ui to None, run_after=None
[2024-05-22T22:55:55.934+0000] {processor.py:183} INFO - Processing /home/airflow/.local/lib/python3.8/site-packages/airflow/example_dags/example_params_trigger_ui.py took 0.141 seconds
[2024-05-22T22:56:26.691+0000] {processor.py:161} INFO - Started process (PID=54457) to work on /home/airflow/.local/lib/python3.8/site-packages/airflow/example_dags/example_params_trigger_ui.py
[2024-05-22T22:56:26.692+0000] {processor.py:830} INFO - Processing file /home/airflow/.local/lib/python3.8/site-packages/airflow/example_dags/example_params_trigger_ui.py for tasks to queue
[2024-05-22T22:56:26.695+0000] {logging_mixin.py:188} INFO - [2024-05-22T22:56:26.694+0000] {dagbag.py:538} INFO - Filling up the DagBag from /home/airflow/.local/lib/python3.8/site-packages/airflow/example_dags/example_params_trigger_ui.py
[2024-05-22T22:56:26.717+0000] {processor.py:840} INFO - DAG(s) 'example_params_trigger_ui' retrieved from /home/airflow/.local/lib/python3.8/site-packages/airflow/example_dags/example_params_trigger_ui.py
[2024-05-22T22:56:26.791+0000] {logging_mixin.py:188} INFO - [2024-05-22T22:56:26.790+0000] {dag.py:3036} INFO - Sync 1 DAGs
[2024-05-22T22:56:26.805+0000] {logging_mixin.py:188} INFO - [2024-05-22T22:56:26.805+0000] {dag.py:3823} INFO - Setting next_dagrun for example_params_trigger_ui to None, run_after=None
[2024-05-22T22:56:26.834+0000] {processor.py:183} INFO - Processing /home/airflow/.local/lib/python3.8/site-packages/airflow/example_dags/example_params_trigger_ui.py took 0.148 seconds
[2024-05-22T22:56:57.141+0000] {processor.py:161} INFO - Started process (PID=54514) to work on /home/airflow/.local/lib/python3.8/site-packages/airflow/example_dags/example_params_trigger_ui.py
[2024-05-22T22:56:57.142+0000] {processor.py:830} INFO - Processing file /home/airflow/.local/lib/python3.8/site-packages/airflow/example_dags/example_params_trigger_ui.py for tasks to queue
[2024-05-22T22:56:57.144+0000] {logging_mixin.py:188} INFO - [2024-05-22T22:56:57.144+0000] {dagbag.py:538} INFO - Filling up the DagBag from /home/airflow/.local/lib/python3.8/site-packages/airflow/example_dags/example_params_trigger_ui.py
[2024-05-22T22:56:57.161+0000] {processor.py:840} INFO - DAG(s) 'example_params_trigger_ui' retrieved from /home/airflow/.local/lib/python3.8/site-packages/airflow/example_dags/example_params_trigger_ui.py
[2024-05-22T22:56:57.239+0000] {logging_mixin.py:188} INFO - [2024-05-22T22:56:57.239+0000] {dag.py:3036} INFO - Sync 1 DAGs
[2024-05-22T22:56:57.259+0000] {logging_mixin.py:188} INFO - [2024-05-22T22:56:57.258+0000] {dag.py:3823} INFO - Setting next_dagrun for example_params_trigger_ui to None, run_after=None
[2024-05-22T22:56:57.290+0000] {processor.py:183} INFO - Processing /home/airflow/.local/lib/python3.8/site-packages/airflow/example_dags/example_params_trigger_ui.py took 0.153 seconds
[2024-05-22T22:57:27.385+0000] {processor.py:161} INFO - Started process (PID=54571) to work on /home/airflow/.local/lib/python3.8/site-packages/airflow/example_dags/example_params_trigger_ui.py
[2024-05-22T22:57:27.387+0000] {processor.py:830} INFO - Processing file /home/airflow/.local/lib/python3.8/site-packages/airflow/example_dags/example_params_trigger_ui.py for tasks to queue
[2024-05-22T22:57:27.389+0000] {logging_mixin.py:188} INFO - [2024-05-22T22:57:27.388+0000] {dagbag.py:538} INFO - Filling up the DagBag from /home/airflow/.local/lib/python3.8/site-packages/airflow/example_dags/example_params_trigger_ui.py
[2024-05-22T22:57:27.412+0000] {processor.py:840} INFO - DAG(s) 'example_params_trigger_ui' retrieved from /home/airflow/.local/lib/python3.8/site-packages/airflow/example_dags/example_params_trigger_ui.py
[2024-05-22T22:57:27.497+0000] {logging_mixin.py:188} INFO - [2024-05-22T22:57:27.497+0000] {dag.py:3036} INFO - Sync 1 DAGs
[2024-05-22T22:57:27.515+0000] {logging_mixin.py:188} INFO - [2024-05-22T22:57:27.515+0000] {dag.py:3823} INFO - Setting next_dagrun for example_params_trigger_ui to None, run_after=None
[2024-05-22T22:57:27.546+0000] {processor.py:183} INFO - Processing /home/airflow/.local/lib/python3.8/site-packages/airflow/example_dags/example_params_trigger_ui.py took 0.166 seconds
[2024-05-22T22:57:57.708+0000] {processor.py:161} INFO - Started process (PID=54628) to work on /home/airflow/.local/lib/python3.8/site-packages/airflow/example_dags/example_params_trigger_ui.py
[2024-05-22T22:57:57.709+0000] {processor.py:830} INFO - Processing file /home/airflow/.local/lib/python3.8/site-packages/airflow/example_dags/example_params_trigger_ui.py for tasks to queue
[2024-05-22T22:57:57.712+0000] {logging_mixin.py:188} INFO - [2024-05-22T22:57:57.711+0000] {dagbag.py:538} INFO - Filling up the DagBag from /home/airflow/.local/lib/python3.8/site-packages/airflow/example_dags/example_params_trigger_ui.py
[2024-05-22T22:57:57.728+0000] {processor.py:840} INFO - DAG(s) 'example_params_trigger_ui' retrieved from /home/airflow/.local/lib/python3.8/site-packages/airflow/example_dags/example_params_trigger_ui.py
[2024-05-22T22:57:57.794+0000] {logging_mixin.py:188} INFO - [2024-05-22T22:57:57.794+0000] {dag.py:3036} INFO - Sync 1 DAGs
[2024-05-22T22:57:57.808+0000] {logging_mixin.py:188} INFO - [2024-05-22T22:57:57.807+0000] {dag.py:3823} INFO - Setting next_dagrun for example_params_trigger_ui to None, run_after=None
[2024-05-22T22:57:57.829+0000] {processor.py:183} INFO - Processing /home/airflow/.local/lib/python3.8/site-packages/airflow/example_dags/example_params_trigger_ui.py took 0.125 seconds
[2024-05-22T22:58:28.319+0000] {processor.py:161} INFO - Started process (PID=54685) to work on /home/airflow/.local/lib/python3.8/site-packages/airflow/example_dags/example_params_trigger_ui.py
[2024-05-22T22:58:28.321+0000] {processor.py:830} INFO - Processing file /home/airflow/.local/lib/python3.8/site-packages/airflow/example_dags/example_params_trigger_ui.py for tasks to queue
[2024-05-22T22:58:28.322+0000] {logging_mixin.py:188} INFO - [2024-05-22T22:58:28.322+0000] {dagbag.py:538} INFO - Filling up the DagBag from /home/airflow/.local/lib/python3.8/site-packages/airflow/example_dags/example_params_trigger_ui.py
[2024-05-22T22:58:28.336+0000] {processor.py:840} INFO - DAG(s) 'example_params_trigger_ui' retrieved from /home/airflow/.local/lib/python3.8/site-packages/airflow/example_dags/example_params_trigger_ui.py
[2024-05-22T22:58:28.409+0000] {logging_mixin.py:188} INFO - [2024-05-22T22:58:28.409+0000] {dag.py:3036} INFO - Sync 1 DAGs
[2024-05-22T22:58:28.427+0000] {logging_mixin.py:188} INFO - [2024-05-22T22:58:28.427+0000] {dag.py:3823} INFO - Setting next_dagrun for example_params_trigger_ui to None, run_after=None
[2024-05-22T22:58:28.453+0000] {processor.py:183} INFO - Processing /home/airflow/.local/lib/python3.8/site-packages/airflow/example_dags/example_params_trigger_ui.py took 0.137 seconds
[2024-05-22T22:58:58.679+0000] {processor.py:161} INFO - Started process (PID=54742) to work on /home/airflow/.local/lib/python3.8/site-packages/airflow/example_dags/example_params_trigger_ui.py
[2024-05-22T22:58:58.680+0000] {processor.py:830} INFO - Processing file /home/airflow/.local/lib/python3.8/site-packages/airflow/example_dags/example_params_trigger_ui.py for tasks to queue
[2024-05-22T22:58:58.682+0000] {logging_mixin.py:188} INFO - [2024-05-22T22:58:58.681+0000] {dagbag.py:538} INFO - Filling up the DagBag from /home/airflow/.local/lib/python3.8/site-packages/airflow/example_dags/example_params_trigger_ui.py
[2024-05-22T22:58:58.698+0000] {processor.py:840} INFO - DAG(s) 'example_params_trigger_ui' retrieved from /home/airflow/.local/lib/python3.8/site-packages/airflow/example_dags/example_params_trigger_ui.py
[2024-05-22T22:58:58.771+0000] {logging_mixin.py:188} INFO - [2024-05-22T22:58:58.771+0000] {dag.py:3036} INFO - Sync 1 DAGs
[2024-05-22T22:58:58.784+0000] {logging_mixin.py:188} INFO - [2024-05-22T22:58:58.784+0000] {dag.py:3823} INFO - Setting next_dagrun for example_params_trigger_ui to None, run_after=None
[2024-05-22T22:58:58.811+0000] {processor.py:183} INFO - Processing /home/airflow/.local/lib/python3.8/site-packages/airflow/example_dags/example_params_trigger_ui.py took 0.136 seconds
[2024-05-22T22:59:29.043+0000] {processor.py:161} INFO - Started process (PID=54799) to work on /home/airflow/.local/lib/python3.8/site-packages/airflow/example_dags/example_params_trigger_ui.py
[2024-05-22T22:59:29.044+0000] {processor.py:830} INFO - Processing file /home/airflow/.local/lib/python3.8/site-packages/airflow/example_dags/example_params_trigger_ui.py for tasks to queue
[2024-05-22T22:59:29.046+0000] {logging_mixin.py:188} INFO - [2024-05-22T22:59:29.046+0000] {dagbag.py:538} INFO - Filling up the DagBag from /home/airflow/.local/lib/python3.8/site-packages/airflow/example_dags/example_params_trigger_ui.py
[2024-05-22T22:59:29.061+0000] {processor.py:840} INFO - DAG(s) 'example_params_trigger_ui' retrieved from /home/airflow/.local/lib/python3.8/site-packages/airflow/example_dags/example_params_trigger_ui.py
[2024-05-22T22:59:29.129+0000] {logging_mixin.py:188} INFO - [2024-05-22T22:59:29.128+0000] {dag.py:3036} INFO - Sync 1 DAGs
[2024-05-22T22:59:29.142+0000] {logging_mixin.py:188} INFO - [2024-05-22T22:59:29.142+0000] {dag.py:3823} INFO - Setting next_dagrun for example_params_trigger_ui to None, run_after=None
[2024-05-22T22:59:29.166+0000] {processor.py:183} INFO - Processing /home/airflow/.local/lib/python3.8/site-packages/airflow/example_dags/example_params_trigger_ui.py took 0.128 seconds
[2024-05-22T22:59:59.471+0000] {processor.py:161} INFO - Started process (PID=54856) to work on /home/airflow/.local/lib/python3.8/site-packages/airflow/example_dags/example_params_trigger_ui.py
[2024-05-22T22:59:59.472+0000] {processor.py:830} INFO - Processing file /home/airflow/.local/lib/python3.8/site-packages/airflow/example_dags/example_params_trigger_ui.py for tasks to queue
[2024-05-22T22:59:59.474+0000] {logging_mixin.py:188} INFO - [2024-05-22T22:59:59.474+0000] {dagbag.py:538} INFO - Filling up the DagBag from /home/airflow/.local/lib/python3.8/site-packages/airflow/example_dags/example_params_trigger_ui.py
[2024-05-22T22:59:59.489+0000] {processor.py:840} INFO - DAG(s) 'example_params_trigger_ui' retrieved from /home/airflow/.local/lib/python3.8/site-packages/airflow/example_dags/example_params_trigger_ui.py
[2024-05-22T22:59:59.554+0000] {logging_mixin.py:188} INFO - [2024-05-22T22:59:59.554+0000] {dag.py:3036} INFO - Sync 1 DAGs
[2024-05-22T22:59:59.567+0000] {logging_mixin.py:188} INFO - [2024-05-22T22:59:59.566+0000] {dag.py:3823} INFO - Setting next_dagrun for example_params_trigger_ui to None, run_after=None
[2024-05-22T22:59:59.592+0000] {processor.py:183} INFO - Processing /home/airflow/.local/lib/python3.8/site-packages/airflow/example_dags/example_params_trigger_ui.py took 0.124 seconds
[2024-05-22T23:00:30.471+0000] {processor.py:161} INFO - Started process (PID=54913) to work on /home/airflow/.local/lib/python3.8/site-packages/airflow/example_dags/example_params_trigger_ui.py
[2024-05-22T23:00:30.472+0000] {processor.py:830} INFO - Processing file /home/airflow/.local/lib/python3.8/site-packages/airflow/example_dags/example_params_trigger_ui.py for tasks to queue
[2024-05-22T23:00:30.474+0000] {logging_mixin.py:188} INFO - [2024-05-22T23:00:30.474+0000] {dagbag.py:538} INFO - Filling up the DagBag from /home/airflow/.local/lib/python3.8/site-packages/airflow/example_dags/example_params_trigger_ui.py
[2024-05-22T23:00:30.488+0000] {processor.py:840} INFO - DAG(s) 'example_params_trigger_ui' retrieved from /home/airflow/.local/lib/python3.8/site-packages/airflow/example_dags/example_params_trigger_ui.py
[2024-05-22T23:00:30.546+0000] {logging_mixin.py:188} INFO - [2024-05-22T23:00:30.545+0000] {dag.py:3036} INFO - Sync 1 DAGs
[2024-05-22T23:00:30.558+0000] {logging_mixin.py:188} INFO - [2024-05-22T23:00:30.558+0000] {dag.py:3823} INFO - Setting next_dagrun for example_params_trigger_ui to None, run_after=None
[2024-05-22T23:00:30.581+0000] {processor.py:183} INFO - Processing /home/airflow/.local/lib/python3.8/site-packages/airflow/example_dags/example_params_trigger_ui.py took 0.113 seconds
[2024-05-22T23:01:01.410+0000] {processor.py:161} INFO - Started process (PID=54970) to work on /home/airflow/.local/lib/python3.8/site-packages/airflow/example_dags/example_params_trigger_ui.py
[2024-05-22T23:01:01.411+0000] {processor.py:830} INFO - Processing file /home/airflow/.local/lib/python3.8/site-packages/airflow/example_dags/example_params_trigger_ui.py for tasks to queue
[2024-05-22T23:01:01.414+0000] {logging_mixin.py:188} INFO - [2024-05-22T23:01:01.413+0000] {dagbag.py:538} INFO - Filling up the DagBag from /home/airflow/.local/lib/python3.8/site-packages/airflow/example_dags/example_params_trigger_ui.py
[2024-05-22T23:01:01.430+0000] {processor.py:840} INFO - DAG(s) 'example_params_trigger_ui' retrieved from /home/airflow/.local/lib/python3.8/site-packages/airflow/example_dags/example_params_trigger_ui.py
[2024-05-22T23:01:01.504+0000] {logging_mixin.py:188} INFO - [2024-05-22T23:01:01.504+0000] {dag.py:3036} INFO - Sync 1 DAGs
[2024-05-22T23:01:01.519+0000] {logging_mixin.py:188} INFO - [2024-05-22T23:01:01.519+0000] {dag.py:3823} INFO - Setting next_dagrun for example_params_trigger_ui to None, run_after=None
[2024-05-22T23:01:01.547+0000] {processor.py:183} INFO - Processing /home/airflow/.local/lib/python3.8/site-packages/airflow/example_dags/example_params_trigger_ui.py took 0.141 seconds
[2024-05-22T23:01:31.759+0000] {processor.py:161} INFO - Started process (PID=55027) to work on /home/airflow/.local/lib/python3.8/site-packages/airflow/example_dags/example_params_trigger_ui.py
[2024-05-22T23:01:31.760+0000] {processor.py:830} INFO - Processing file /home/airflow/.local/lib/python3.8/site-packages/airflow/example_dags/example_params_trigger_ui.py for tasks to queue
[2024-05-22T23:01:31.762+0000] {logging_mixin.py:188} INFO - [2024-05-22T23:01:31.761+0000] {dagbag.py:538} INFO - Filling up the DagBag from /home/airflow/.local/lib/python3.8/site-packages/airflow/example_dags/example_params_trigger_ui.py
[2024-05-22T23:01:31.777+0000] {processor.py:840} INFO - DAG(s) 'example_params_trigger_ui' retrieved from /home/airflow/.local/lib/python3.8/site-packages/airflow/example_dags/example_params_trigger_ui.py
[2024-05-22T23:01:31.845+0000] {logging_mixin.py:188} INFO - [2024-05-22T23:01:31.845+0000] {dag.py:3036} INFO - Sync 1 DAGs
[2024-05-22T23:01:31.862+0000] {logging_mixin.py:188} INFO - [2024-05-22T23:01:31.861+0000] {dag.py:3823} INFO - Setting next_dagrun for example_params_trigger_ui to None, run_after=None
[2024-05-22T23:01:31.887+0000] {processor.py:183} INFO - Processing /home/airflow/.local/lib/python3.8/site-packages/airflow/example_dags/example_params_trigger_ui.py took 0.131 seconds
[2024-05-22T23:02:02.029+0000] {processor.py:161} INFO - Started process (PID=55084) to work on /home/airflow/.local/lib/python3.8/site-packages/airflow/example_dags/example_params_trigger_ui.py
[2024-05-22T23:02:02.030+0000] {processor.py:830} INFO - Processing file /home/airflow/.local/lib/python3.8/site-packages/airflow/example_dags/example_params_trigger_ui.py for tasks to queue
[2024-05-22T23:02:02.032+0000] {logging_mixin.py:188} INFO - [2024-05-22T23:02:02.032+0000] {dagbag.py:538} INFO - Filling up the DagBag from /home/airflow/.local/lib/python3.8/site-packages/airflow/example_dags/example_params_trigger_ui.py
[2024-05-22T23:02:02.047+0000] {processor.py:840} INFO - DAG(s) 'example_params_trigger_ui' retrieved from /home/airflow/.local/lib/python3.8/site-packages/airflow/example_dags/example_params_trigger_ui.py
[2024-05-22T23:02:02.108+0000] {logging_mixin.py:188} INFO - [2024-05-22T23:02:02.107+0000] {dag.py:3036} INFO - Sync 1 DAGs
[2024-05-22T23:02:02.121+0000] {logging_mixin.py:188} INFO - [2024-05-22T23:02:02.121+0000] {dag.py:3823} INFO - Setting next_dagrun for example_params_trigger_ui to None, run_after=None
[2024-05-22T23:02:02.144+0000] {processor.py:183} INFO - Processing /home/airflow/.local/lib/python3.8/site-packages/airflow/example_dags/example_params_trigger_ui.py took 0.119 seconds
[2024-05-22T23:02:32.313+0000] {processor.py:161} INFO - Started process (PID=55142) to work on /home/airflow/.local/lib/python3.8/site-packages/airflow/example_dags/example_params_trigger_ui.py
[2024-05-22T23:02:32.314+0000] {processor.py:830} INFO - Processing file /home/airflow/.local/lib/python3.8/site-packages/airflow/example_dags/example_params_trigger_ui.py for tasks to queue
[2024-05-22T23:02:32.316+0000] {logging_mixin.py:188} INFO - [2024-05-22T23:02:32.316+0000] {dagbag.py:538} INFO - Filling up the DagBag from /home/airflow/.local/lib/python3.8/site-packages/airflow/example_dags/example_params_trigger_ui.py
[2024-05-22T23:02:32.331+0000] {processor.py:840} INFO - DAG(s) 'example_params_trigger_ui' retrieved from /home/airflow/.local/lib/python3.8/site-packages/airflow/example_dags/example_params_trigger_ui.py
[2024-05-22T23:02:32.406+0000] {logging_mixin.py:188} INFO - [2024-05-22T23:02:32.406+0000] {dag.py:3036} INFO - Sync 1 DAGs
[2024-05-22T23:02:32.422+0000] {logging_mixin.py:188} INFO - [2024-05-22T23:02:32.422+0000] {dag.py:3823} INFO - Setting next_dagrun for example_params_trigger_ui to None, run_after=None
[2024-05-22T23:02:32.446+0000] {processor.py:183} INFO - Processing /home/airflow/.local/lib/python3.8/site-packages/airflow/example_dags/example_params_trigger_ui.py took 0.138 seconds
[2024-05-22T23:03:02.583+0000] {processor.py:161} INFO - Started process (PID=55199) to work on /home/airflow/.local/lib/python3.8/site-packages/airflow/example_dags/example_params_trigger_ui.py
[2024-05-22T23:03:02.584+0000] {processor.py:830} INFO - Processing file /home/airflow/.local/lib/python3.8/site-packages/airflow/example_dags/example_params_trigger_ui.py for tasks to queue
[2024-05-22T23:03:02.586+0000] {logging_mixin.py:188} INFO - [2024-05-22T23:03:02.586+0000] {dagbag.py:538} INFO - Filling up the DagBag from /home/airflow/.local/lib/python3.8/site-packages/airflow/example_dags/example_params_trigger_ui.py
[2024-05-22T23:03:02.600+0000] {processor.py:840} INFO - DAG(s) 'example_params_trigger_ui' retrieved from /home/airflow/.local/lib/python3.8/site-packages/airflow/example_dags/example_params_trigger_ui.py
[2024-05-22T23:03:02.672+0000] {logging_mixin.py:188} INFO - [2024-05-22T23:03:02.671+0000] {dag.py:3036} INFO - Sync 1 DAGs
[2024-05-22T23:03:02.687+0000] {logging_mixin.py:188} INFO - [2024-05-22T23:03:02.687+0000] {dag.py:3823} INFO - Setting next_dagrun for example_params_trigger_ui to None, run_after=None
[2024-05-22T23:03:02.712+0000] {processor.py:183} INFO - Processing /home/airflow/.local/lib/python3.8/site-packages/airflow/example_dags/example_params_trigger_ui.py took 0.131 seconds
[2024-05-22T23:03:33.147+0000] {processor.py:161} INFO - Started process (PID=55256) to work on /home/airflow/.local/lib/python3.8/site-packages/airflow/example_dags/example_params_trigger_ui.py
[2024-05-22T23:03:33.148+0000] {processor.py:830} INFO - Processing file /home/airflow/.local/lib/python3.8/site-packages/airflow/example_dags/example_params_trigger_ui.py for tasks to queue
[2024-05-22T23:03:33.152+0000] {logging_mixin.py:188} INFO - [2024-05-22T23:03:33.152+0000] {dagbag.py:538} INFO - Filling up the DagBag from /home/airflow/.local/lib/python3.8/site-packages/airflow/example_dags/example_params_trigger_ui.py
[2024-05-22T23:03:33.171+0000] {processor.py:840} INFO - DAG(s) 'example_params_trigger_ui' retrieved from /home/airflow/.local/lib/python3.8/site-packages/airflow/example_dags/example_params_trigger_ui.py
[2024-05-22T23:03:33.253+0000] {logging_mixin.py:188} INFO - [2024-05-22T23:03:33.252+0000] {dag.py:3036} INFO - Sync 1 DAGs
[2024-05-22T23:03:33.272+0000] {logging_mixin.py:188} INFO - [2024-05-22T23:03:33.272+0000] {dag.py:3823} INFO - Setting next_dagrun for example_params_trigger_ui to None, run_after=None
[2024-05-22T23:03:33.303+0000] {processor.py:183} INFO - Processing /home/airflow/.local/lib/python3.8/site-packages/airflow/example_dags/example_params_trigger_ui.py took 0.160 seconds
[2024-05-22T23:04:03.695+0000] {processor.py:161} INFO - Started process (PID=55314) to work on /home/airflow/.local/lib/python3.8/site-packages/airflow/example_dags/example_params_trigger_ui.py
[2024-05-22T23:04:03.696+0000] {processor.py:830} INFO - Processing file /home/airflow/.local/lib/python3.8/site-packages/airflow/example_dags/example_params_trigger_ui.py for tasks to queue
[2024-05-22T23:04:03.698+0000] {logging_mixin.py:188} INFO - [2024-05-22T23:04:03.697+0000] {dagbag.py:538} INFO - Filling up the DagBag from /home/airflow/.local/lib/python3.8/site-packages/airflow/example_dags/example_params_trigger_ui.py
[2024-05-22T23:04:03.714+0000] {processor.py:840} INFO - DAG(s) 'example_params_trigger_ui' retrieved from /home/airflow/.local/lib/python3.8/site-packages/airflow/example_dags/example_params_trigger_ui.py
[2024-05-22T23:04:03.779+0000] {logging_mixin.py:188} INFO - [2024-05-22T23:04:03.779+0000] {dag.py:3036} INFO - Sync 1 DAGs
[2024-05-22T23:04:03.797+0000] {logging_mixin.py:188} INFO - [2024-05-22T23:04:03.796+0000] {dag.py:3823} INFO - Setting next_dagrun for example_params_trigger_ui to None, run_after=None
[2024-05-22T23:04:03.823+0000] {processor.py:183} INFO - Processing /home/airflow/.local/lib/python3.8/site-packages/airflow/example_dags/example_params_trigger_ui.py took 0.133 seconds
[2024-05-22T23:04:34.296+0000] {processor.py:161} INFO - Started process (PID=55371) to work on /home/airflow/.local/lib/python3.8/site-packages/airflow/example_dags/example_params_trigger_ui.py
[2024-05-22T23:04:34.296+0000] {processor.py:830} INFO - Processing file /home/airflow/.local/lib/python3.8/site-packages/airflow/example_dags/example_params_trigger_ui.py for tasks to queue
[2024-05-22T23:04:34.298+0000] {logging_mixin.py:188} INFO - [2024-05-22T23:04:34.298+0000] {dagbag.py:538} INFO - Filling up the DagBag from /home/airflow/.local/lib/python3.8/site-packages/airflow/example_dags/example_params_trigger_ui.py
[2024-05-22T23:04:34.314+0000] {processor.py:840} INFO - DAG(s) 'example_params_trigger_ui' retrieved from /home/airflow/.local/lib/python3.8/site-packages/airflow/example_dags/example_params_trigger_ui.py
[2024-05-22T23:04:34.393+0000] {logging_mixin.py:188} INFO - [2024-05-22T23:04:34.393+0000] {dag.py:3036} INFO - Sync 1 DAGs
[2024-05-22T23:04:34.410+0000] {logging_mixin.py:188} INFO - [2024-05-22T23:04:34.410+0000] {dag.py:3823} INFO - Setting next_dagrun for example_params_trigger_ui to None, run_after=None
[2024-05-22T23:04:34.441+0000] {processor.py:183} INFO - Processing /home/airflow/.local/lib/python3.8/site-packages/airflow/example_dags/example_params_trigger_ui.py took 0.150 seconds
[2024-05-22T23:05:04.783+0000] {processor.py:161} INFO - Started process (PID=55428) to work on /home/airflow/.local/lib/python3.8/site-packages/airflow/example_dags/example_params_trigger_ui.py
[2024-05-22T23:05:04.785+0000] {processor.py:830} INFO - Processing file /home/airflow/.local/lib/python3.8/site-packages/airflow/example_dags/example_params_trigger_ui.py for tasks to queue
[2024-05-22T23:05:04.787+0000] {logging_mixin.py:188} INFO - [2024-05-22T23:05:04.787+0000] {dagbag.py:538} INFO - Filling up the DagBag from /home/airflow/.local/lib/python3.8/site-packages/airflow/example_dags/example_params_trigger_ui.py
[2024-05-22T23:05:04.809+0000] {processor.py:840} INFO - DAG(s) 'example_params_trigger_ui' retrieved from /home/airflow/.local/lib/python3.8/site-packages/airflow/example_dags/example_params_trigger_ui.py
[2024-05-22T23:05:04.892+0000] {logging_mixin.py:188} INFO - [2024-05-22T23:05:04.891+0000] {dag.py:3036} INFO - Sync 1 DAGs
[2024-05-22T23:05:04.908+0000] {logging_mixin.py:188} INFO - [2024-05-22T23:05:04.908+0000] {dag.py:3823} INFO - Setting next_dagrun for example_params_trigger_ui to None, run_after=None
[2024-05-22T23:05:04.944+0000] {processor.py:183} INFO - Processing /home/airflow/.local/lib/python3.8/site-packages/airflow/example_dags/example_params_trigger_ui.py took 0.165 seconds
[2024-05-22T23:05:35.068+0000] {processor.py:161} INFO - Started process (PID=55485) to work on /home/airflow/.local/lib/python3.8/site-packages/airflow/example_dags/example_params_trigger_ui.py
[2024-05-22T23:05:35.069+0000] {processor.py:830} INFO - Processing file /home/airflow/.local/lib/python3.8/site-packages/airflow/example_dags/example_params_trigger_ui.py for tasks to queue
[2024-05-22T23:05:35.071+0000] {logging_mixin.py:188} INFO - [2024-05-22T23:05:35.071+0000] {dagbag.py:538} INFO - Filling up the DagBag from /home/airflow/.local/lib/python3.8/site-packages/airflow/example_dags/example_params_trigger_ui.py
[2024-05-22T23:05:35.086+0000] {processor.py:840} INFO - DAG(s) 'example_params_trigger_ui' retrieved from /home/airflow/.local/lib/python3.8/site-packages/airflow/example_dags/example_params_trigger_ui.py
[2024-05-22T23:05:35.158+0000] {logging_mixin.py:188} INFO - [2024-05-22T23:05:35.157+0000] {dag.py:3036} INFO - Sync 1 DAGs
[2024-05-22T23:05:35.174+0000] {logging_mixin.py:188} INFO - [2024-05-22T23:05:35.174+0000] {dag.py:3823} INFO - Setting next_dagrun for example_params_trigger_ui to None, run_after=None
[2024-05-22T23:05:35.202+0000] {processor.py:183} INFO - Processing /home/airflow/.local/lib/python3.8/site-packages/airflow/example_dags/example_params_trigger_ui.py took 0.137 seconds
[2024-05-22T23:06:05.742+0000] {processor.py:161} INFO - Started process (PID=55542) to work on /home/airflow/.local/lib/python3.8/site-packages/airflow/example_dags/example_params_trigger_ui.py
[2024-05-22T23:06:05.743+0000] {processor.py:830} INFO - Processing file /home/airflow/.local/lib/python3.8/site-packages/airflow/example_dags/example_params_trigger_ui.py for tasks to queue
[2024-05-22T23:06:05.745+0000] {logging_mixin.py:188} INFO - [2024-05-22T23:06:05.745+0000] {dagbag.py:538} INFO - Filling up the DagBag from /home/airflow/.local/lib/python3.8/site-packages/airflow/example_dags/example_params_trigger_ui.py
[2024-05-22T23:06:05.769+0000] {processor.py:840} INFO - DAG(s) 'example_params_trigger_ui' retrieved from /home/airflow/.local/lib/python3.8/site-packages/airflow/example_dags/example_params_trigger_ui.py
[2024-05-22T23:06:05.841+0000] {logging_mixin.py:188} INFO - [2024-05-22T23:06:05.841+0000] {dag.py:3036} INFO - Sync 1 DAGs
[2024-05-22T23:06:05.854+0000] {logging_mixin.py:188} INFO - [2024-05-22T23:06:05.854+0000] {dag.py:3823} INFO - Setting next_dagrun for example_params_trigger_ui to None, run_after=None
[2024-05-22T23:06:05.879+0000] {processor.py:183} INFO - Processing /home/airflow/.local/lib/python3.8/site-packages/airflow/example_dags/example_params_trigger_ui.py took 0.142 seconds
[2024-05-22T23:06:36.365+0000] {processor.py:161} INFO - Started process (PID=55599) to work on /home/airflow/.local/lib/python3.8/site-packages/airflow/example_dags/example_params_trigger_ui.py
[2024-05-22T23:06:36.366+0000] {processor.py:830} INFO - Processing file /home/airflow/.local/lib/python3.8/site-packages/airflow/example_dags/example_params_trigger_ui.py for tasks to queue
[2024-05-22T23:06:36.368+0000] {logging_mixin.py:188} INFO - [2024-05-22T23:06:36.368+0000] {dagbag.py:538} INFO - Filling up the DagBag from /home/airflow/.local/lib/python3.8/site-packages/airflow/example_dags/example_params_trigger_ui.py
[2024-05-22T23:06:36.386+0000] {processor.py:840} INFO - DAG(s) 'example_params_trigger_ui' retrieved from /home/airflow/.local/lib/python3.8/site-packages/airflow/example_dags/example_params_trigger_ui.py
[2024-05-22T23:06:36.463+0000] {logging_mixin.py:188} INFO - [2024-05-22T23:06:36.463+0000] {dag.py:3036} INFO - Sync 1 DAGs
[2024-05-22T23:06:36.484+0000] {logging_mixin.py:188} INFO - [2024-05-22T23:06:36.484+0000] {dag.py:3823} INFO - Setting next_dagrun for example_params_trigger_ui to None, run_after=None
[2024-05-22T23:06:36.517+0000] {processor.py:183} INFO - Processing /home/airflow/.local/lib/python3.8/site-packages/airflow/example_dags/example_params_trigger_ui.py took 0.156 seconds
[2024-05-22T23:07:06.658+0000] {processor.py:161} INFO - Started process (PID=55656) to work on /home/airflow/.local/lib/python3.8/site-packages/airflow/example_dags/example_params_trigger_ui.py
[2024-05-22T23:07:06.659+0000] {processor.py:830} INFO - Processing file /home/airflow/.local/lib/python3.8/site-packages/airflow/example_dags/example_params_trigger_ui.py for tasks to queue
[2024-05-22T23:07:06.661+0000] {logging_mixin.py:188} INFO - [2024-05-22T23:07:06.661+0000] {dagbag.py:538} INFO - Filling up the DagBag from /home/airflow/.local/lib/python3.8/site-packages/airflow/example_dags/example_params_trigger_ui.py
[2024-05-22T23:07:06.675+0000] {processor.py:840} INFO - DAG(s) 'example_params_trigger_ui' retrieved from /home/airflow/.local/lib/python3.8/site-packages/airflow/example_dags/example_params_trigger_ui.py
[2024-05-22T23:07:06.736+0000] {logging_mixin.py:188} INFO - [2024-05-22T23:07:06.736+0000] {dag.py:3036} INFO - Sync 1 DAGs
[2024-05-22T23:07:06.750+0000] {logging_mixin.py:188} INFO - [2024-05-22T23:07:06.750+0000] {dag.py:3823} INFO - Setting next_dagrun for example_params_trigger_ui to None, run_after=None
[2024-05-22T23:07:06.772+0000] {processor.py:183} INFO - Processing /home/airflow/.local/lib/python3.8/site-packages/airflow/example_dags/example_params_trigger_ui.py took 0.117 seconds
[2024-05-22T23:07:36.899+0000] {processor.py:161} INFO - Started process (PID=55713) to work on /home/airflow/.local/lib/python3.8/site-packages/airflow/example_dags/example_params_trigger_ui.py
[2024-05-22T23:07:36.900+0000] {processor.py:830} INFO - Processing file /home/airflow/.local/lib/python3.8/site-packages/airflow/example_dags/example_params_trigger_ui.py for tasks to queue
[2024-05-22T23:07:36.902+0000] {logging_mixin.py:188} INFO - [2024-05-22T23:07:36.902+0000] {dagbag.py:538} INFO - Filling up the DagBag from /home/airflow/.local/lib/python3.8/site-packages/airflow/example_dags/example_params_trigger_ui.py
[2024-05-22T23:07:36.918+0000] {processor.py:840} INFO - DAG(s) 'example_params_trigger_ui' retrieved from /home/airflow/.local/lib/python3.8/site-packages/airflow/example_dags/example_params_trigger_ui.py
[2024-05-22T23:07:36.994+0000] {logging_mixin.py:188} INFO - [2024-05-22T23:07:36.993+0000] {dag.py:3036} INFO - Sync 1 DAGs
[2024-05-22T23:07:37.009+0000] {logging_mixin.py:188} INFO - [2024-05-22T23:07:37.009+0000] {dag.py:3823} INFO - Setting next_dagrun for example_params_trigger_ui to None, run_after=None
[2024-05-22T23:07:37.038+0000] {processor.py:183} INFO - Processing /home/airflow/.local/lib/python3.8/site-packages/airflow/example_dags/example_params_trigger_ui.py took 0.143 seconds
[2024-05-22T23:08:07.609+0000] {processor.py:161} INFO - Started process (PID=55770) to work on /home/airflow/.local/lib/python3.8/site-packages/airflow/example_dags/example_params_trigger_ui.py
[2024-05-22T23:08:07.610+0000] {processor.py:830} INFO - Processing file /home/airflow/.local/lib/python3.8/site-packages/airflow/example_dags/example_params_trigger_ui.py for tasks to queue
[2024-05-22T23:08:07.612+0000] {logging_mixin.py:188} INFO - [2024-05-22T23:08:07.612+0000] {dagbag.py:538} INFO - Filling up the DagBag from /home/airflow/.local/lib/python3.8/site-packages/airflow/example_dags/example_params_trigger_ui.py
[2024-05-22T23:08:07.629+0000] {processor.py:840} INFO - DAG(s) 'example_params_trigger_ui' retrieved from /home/airflow/.local/lib/python3.8/site-packages/airflow/example_dags/example_params_trigger_ui.py
[2024-05-22T23:08:07.696+0000] {logging_mixin.py:188} INFO - [2024-05-22T23:08:07.696+0000] {dag.py:3036} INFO - Sync 1 DAGs
[2024-05-22T23:08:07.714+0000] {logging_mixin.py:188} INFO - [2024-05-22T23:08:07.713+0000] {dag.py:3823} INFO - Setting next_dagrun for example_params_trigger_ui to None, run_after=None
[2024-05-22T23:08:07.743+0000] {processor.py:183} INFO - Processing /home/airflow/.local/lib/python3.8/site-packages/airflow/example_dags/example_params_trigger_ui.py took 0.138 seconds
[2024-05-22T23:08:38.457+0000] {processor.py:161} INFO - Started process (PID=55827) to work on /home/airflow/.local/lib/python3.8/site-packages/airflow/example_dags/example_params_trigger_ui.py
[2024-05-22T23:08:38.457+0000] {processor.py:830} INFO - Processing file /home/airflow/.local/lib/python3.8/site-packages/airflow/example_dags/example_params_trigger_ui.py for tasks to queue
[2024-05-22T23:08:38.459+0000] {logging_mixin.py:188} INFO - [2024-05-22T23:08:38.459+0000] {dagbag.py:538} INFO - Filling up the DagBag from /home/airflow/.local/lib/python3.8/site-packages/airflow/example_dags/example_params_trigger_ui.py
[2024-05-22T23:08:38.475+0000] {processor.py:840} INFO - DAG(s) 'example_params_trigger_ui' retrieved from /home/airflow/.local/lib/python3.8/site-packages/airflow/example_dags/example_params_trigger_ui.py
[2024-05-22T23:08:38.542+0000] {logging_mixin.py:188} INFO - [2024-05-22T23:08:38.542+0000] {dag.py:3036} INFO - Sync 1 DAGs
[2024-05-22T23:08:38.557+0000] {logging_mixin.py:188} INFO - [2024-05-22T23:08:38.557+0000] {dag.py:3823} INFO - Setting next_dagrun for example_params_trigger_ui to None, run_after=None
[2024-05-22T23:08:38.582+0000] {processor.py:183} INFO - Processing /home/airflow/.local/lib/python3.8/site-packages/airflow/example_dags/example_params_trigger_ui.py took 0.129 seconds
[2024-05-22T23:09:09.267+0000] {processor.py:161} INFO - Started process (PID=55884) to work on /home/airflow/.local/lib/python3.8/site-packages/airflow/example_dags/example_params_trigger_ui.py
[2024-05-22T23:09:09.268+0000] {processor.py:830} INFO - Processing file /home/airflow/.local/lib/python3.8/site-packages/airflow/example_dags/example_params_trigger_ui.py for tasks to queue
[2024-05-22T23:09:09.270+0000] {logging_mixin.py:188} INFO - [2024-05-22T23:09:09.270+0000] {dagbag.py:538} INFO - Filling up the DagBag from /home/airflow/.local/lib/python3.8/site-packages/airflow/example_dags/example_params_trigger_ui.py
[2024-05-22T23:09:09.286+0000] {processor.py:840} INFO - DAG(s) 'example_params_trigger_ui' retrieved from /home/airflow/.local/lib/python3.8/site-packages/airflow/example_dags/example_params_trigger_ui.py
[2024-05-22T23:09:09.360+0000] {logging_mixin.py:188} INFO - [2024-05-22T23:09:09.359+0000] {dag.py:3036} INFO - Sync 1 DAGs
[2024-05-22T23:09:09.376+0000] {logging_mixin.py:188} INFO - [2024-05-22T23:09:09.376+0000] {dag.py:3823} INFO - Setting next_dagrun for example_params_trigger_ui to None, run_after=None
[2024-05-22T23:09:09.398+0000] {processor.py:183} INFO - Processing /home/airflow/.local/lib/python3.8/site-packages/airflow/example_dags/example_params_trigger_ui.py took 0.135 seconds
[2024-05-22T23:09:39.676+0000] {processor.py:161} INFO - Started process (PID=55941) to work on /home/airflow/.local/lib/python3.8/site-packages/airflow/example_dags/example_params_trigger_ui.py
[2024-05-22T23:09:39.678+0000] {processor.py:830} INFO - Processing file /home/airflow/.local/lib/python3.8/site-packages/airflow/example_dags/example_params_trigger_ui.py for tasks to queue
[2024-05-22T23:09:39.682+0000] {logging_mixin.py:188} INFO - [2024-05-22T23:09:39.682+0000] {dagbag.py:538} INFO - Filling up the DagBag from /home/airflow/.local/lib/python3.8/site-packages/airflow/example_dags/example_params_trigger_ui.py
[2024-05-22T23:09:39.714+0000] {processor.py:840} INFO - DAG(s) 'example_params_trigger_ui' retrieved from /home/airflow/.local/lib/python3.8/site-packages/airflow/example_dags/example_params_trigger_ui.py
[2024-05-22T23:09:39.795+0000] {logging_mixin.py:188} INFO - [2024-05-22T23:09:39.795+0000] {dag.py:3036} INFO - Sync 1 DAGs
[2024-05-22T23:09:39.807+0000] {logging_mixin.py:188} INFO - [2024-05-22T23:09:39.807+0000] {dag.py:3823} INFO - Setting next_dagrun for example_params_trigger_ui to None, run_after=None
[2024-05-22T23:09:39.830+0000] {processor.py:183} INFO - Processing /home/airflow/.local/lib/python3.8/site-packages/airflow/example_dags/example_params_trigger_ui.py took 0.158 seconds
[2024-05-22T23:10:10.085+0000] {processor.py:161} INFO - Started process (PID=55998) to work on /home/airflow/.local/lib/python3.8/site-packages/airflow/example_dags/example_params_trigger_ui.py
[2024-05-22T23:10:10.086+0000] {processor.py:830} INFO - Processing file /home/airflow/.local/lib/python3.8/site-packages/airflow/example_dags/example_params_trigger_ui.py for tasks to queue
[2024-05-22T23:10:10.088+0000] {logging_mixin.py:188} INFO - [2024-05-22T23:10:10.088+0000] {dagbag.py:538} INFO - Filling up the DagBag from /home/airflow/.local/lib/python3.8/site-packages/airflow/example_dags/example_params_trigger_ui.py
[2024-05-22T23:10:10.102+0000] {processor.py:840} INFO - DAG(s) 'example_params_trigger_ui' retrieved from /home/airflow/.local/lib/python3.8/site-packages/airflow/example_dags/example_params_trigger_ui.py
[2024-05-22T23:10:10.167+0000] {logging_mixin.py:188} INFO - [2024-05-22T23:10:10.167+0000] {dag.py:3036} INFO - Sync 1 DAGs
[2024-05-22T23:10:10.180+0000] {logging_mixin.py:188} INFO - [2024-05-22T23:10:10.180+0000] {dag.py:3823} INFO - Setting next_dagrun for example_params_trigger_ui to None, run_after=None
[2024-05-22T23:10:10.202+0000] {processor.py:183} INFO - Processing /home/airflow/.local/lib/python3.8/site-packages/airflow/example_dags/example_params_trigger_ui.py took 0.121 seconds
