[2024-05-22T22:36:35.680+0000] {processor.py:161} INFO - Started process (PID=52216) to work on /home/airflow/.local/lib/python3.8/site-packages/airflow/example_dags/example_python_operator.py
[2024-05-22T22:36:35.682+0000] {processor.py:830} INFO - Processing file /home/airflow/.local/lib/python3.8/site-packages/airflow/example_dags/example_python_operator.py for tasks to queue
[2024-05-22T22:36:35.685+0000] {logging_mixin.py:188} INFO - [2024-05-22T22:36:35.685+0000] {dagbag.py:538} INFO - Filling up the DagBag from /home/airflow/.local/lib/python3.8/site-packages/airflow/example_dags/example_python_operator.py
[2024-05-22T22:36:35.708+0000] {processor.py:840} INFO - DAG(s) 'example_python_operator' retrieved from /home/airflow/.local/lib/python3.8/site-packages/airflow/example_dags/example_python_operator.py
[2024-05-22T22:36:35.765+0000] {logging_mixin.py:188} INFO - [2024-05-22T22:36:35.764+0000] {dag.py:3036} INFO - Sync 1 DAGs
[2024-05-22T22:36:35.803+0000] {logging_mixin.py:188} INFO - [2024-05-22T22:36:35.802+0000] {dag.py:3823} INFO - Setting next_dagrun for example_python_operator to None, run_after=None
[2024-05-22T22:36:35.867+0000] {processor.py:183} INFO - Processing /home/airflow/.local/lib/python3.8/site-packages/airflow/example_dags/example_python_operator.py took 0.201 seconds
[2024-05-22T22:37:06.689+0000] {processor.py:161} INFO - Started process (PID=52273) to work on /home/airflow/.local/lib/python3.8/site-packages/airflow/example_dags/example_python_operator.py
[2024-05-22T22:37:06.690+0000] {processor.py:830} INFO - Processing file /home/airflow/.local/lib/python3.8/site-packages/airflow/example_dags/example_python_operator.py for tasks to queue
[2024-05-22T22:37:06.692+0000] {logging_mixin.py:188} INFO - [2024-05-22T22:37:06.691+0000] {dagbag.py:538} INFO - Filling up the DagBag from /home/airflow/.local/lib/python3.8/site-packages/airflow/example_dags/example_python_operator.py
[2024-05-22T22:37:06.702+0000] {processor.py:840} INFO - DAG(s) 'example_python_operator' retrieved from /home/airflow/.local/lib/python3.8/site-packages/airflow/example_dags/example_python_operator.py
[2024-05-22T22:37:06.728+0000] {logging_mixin.py:188} INFO - [2024-05-22T22:37:06.728+0000] {dag.py:3036} INFO - Sync 1 DAGs
[2024-05-22T22:37:06.741+0000] {logging_mixin.py:188} INFO - [2024-05-22T22:37:06.741+0000] {dag.py:3823} INFO - Setting next_dagrun for example_python_operator to None, run_after=None
[2024-05-22T22:37:06.764+0000] {processor.py:183} INFO - Processing /home/airflow/.local/lib/python3.8/site-packages/airflow/example_dags/example_python_operator.py took 0.077 seconds
[2024-05-22T22:37:37.160+0000] {processor.py:161} INFO - Started process (PID=52330) to work on /home/airflow/.local/lib/python3.8/site-packages/airflow/example_dags/example_python_operator.py
[2024-05-22T22:37:37.161+0000] {processor.py:830} INFO - Processing file /home/airflow/.local/lib/python3.8/site-packages/airflow/example_dags/example_python_operator.py for tasks to queue
[2024-05-22T22:37:37.163+0000] {logging_mixin.py:188} INFO - [2024-05-22T22:37:37.163+0000] {dagbag.py:538} INFO - Filling up the DagBag from /home/airflow/.local/lib/python3.8/site-packages/airflow/example_dags/example_python_operator.py
[2024-05-22T22:37:37.175+0000] {processor.py:840} INFO - DAG(s) 'example_python_operator' retrieved from /home/airflow/.local/lib/python3.8/site-packages/airflow/example_dags/example_python_operator.py
[2024-05-22T22:37:37.209+0000] {logging_mixin.py:188} INFO - [2024-05-22T22:37:37.208+0000] {dag.py:3036} INFO - Sync 1 DAGs
[2024-05-22T22:37:37.225+0000] {logging_mixin.py:188} INFO - [2024-05-22T22:37:37.224+0000] {dag.py:3823} INFO - Setting next_dagrun for example_python_operator to None, run_after=None
[2024-05-22T22:37:37.266+0000] {processor.py:183} INFO - Processing /home/airflow/.local/lib/python3.8/site-packages/airflow/example_dags/example_python_operator.py took 0.109 seconds
[2024-05-22T22:38:07.726+0000] {processor.py:161} INFO - Started process (PID=52387) to work on /home/airflow/.local/lib/python3.8/site-packages/airflow/example_dags/example_python_operator.py
[2024-05-22T22:38:07.727+0000] {processor.py:830} INFO - Processing file /home/airflow/.local/lib/python3.8/site-packages/airflow/example_dags/example_python_operator.py for tasks to queue
[2024-05-22T22:38:07.729+0000] {logging_mixin.py:188} INFO - [2024-05-22T22:38:07.729+0000] {dagbag.py:538} INFO - Filling up the DagBag from /home/airflow/.local/lib/python3.8/site-packages/airflow/example_dags/example_python_operator.py
[2024-05-22T22:38:07.741+0000] {processor.py:840} INFO - DAG(s) 'example_python_operator' retrieved from /home/airflow/.local/lib/python3.8/site-packages/airflow/example_dags/example_python_operator.py
[2024-05-22T22:38:07.765+0000] {logging_mixin.py:188} INFO - [2024-05-22T22:38:07.765+0000] {dag.py:3036} INFO - Sync 1 DAGs
[2024-05-22T22:38:07.783+0000] {logging_mixin.py:188} INFO - [2024-05-22T22:38:07.782+0000] {dag.py:3823} INFO - Setting next_dagrun for example_python_operator to None, run_after=None
[2024-05-22T22:38:07.809+0000] {processor.py:183} INFO - Processing /home/airflow/.local/lib/python3.8/site-packages/airflow/example_dags/example_python_operator.py took 0.085 seconds
[2024-05-22T22:38:38.159+0000] {processor.py:161} INFO - Started process (PID=52444) to work on /home/airflow/.local/lib/python3.8/site-packages/airflow/example_dags/example_python_operator.py
[2024-05-22T22:38:38.160+0000] {processor.py:830} INFO - Processing file /home/airflow/.local/lib/python3.8/site-packages/airflow/example_dags/example_python_operator.py for tasks to queue
[2024-05-22T22:38:38.162+0000] {logging_mixin.py:188} INFO - [2024-05-22T22:38:38.162+0000] {dagbag.py:538} INFO - Filling up the DagBag from /home/airflow/.local/lib/python3.8/site-packages/airflow/example_dags/example_python_operator.py
[2024-05-22T22:38:38.171+0000] {processor.py:840} INFO - DAG(s) 'example_python_operator' retrieved from /home/airflow/.local/lib/python3.8/site-packages/airflow/example_dags/example_python_operator.py
[2024-05-22T22:38:38.197+0000] {logging_mixin.py:188} INFO - [2024-05-22T22:38:38.197+0000] {dag.py:3036} INFO - Sync 1 DAGs
[2024-05-22T22:38:38.214+0000] {logging_mixin.py:188} INFO - [2024-05-22T22:38:38.213+0000] {dag.py:3823} INFO - Setting next_dagrun for example_python_operator to None, run_after=None
[2024-05-22T22:38:38.235+0000] {processor.py:183} INFO - Processing /home/airflow/.local/lib/python3.8/site-packages/airflow/example_dags/example_python_operator.py took 0.079 seconds
[2024-05-22T22:39:08.731+0000] {processor.py:161} INFO - Started process (PID=52501) to work on /home/airflow/.local/lib/python3.8/site-packages/airflow/example_dags/example_python_operator.py
[2024-05-22T22:39:08.732+0000] {processor.py:830} INFO - Processing file /home/airflow/.local/lib/python3.8/site-packages/airflow/example_dags/example_python_operator.py for tasks to queue
[2024-05-22T22:39:08.734+0000] {logging_mixin.py:188} INFO - [2024-05-22T22:39:08.733+0000] {dagbag.py:538} INFO - Filling up the DagBag from /home/airflow/.local/lib/python3.8/site-packages/airflow/example_dags/example_python_operator.py
[2024-05-22T22:39:08.746+0000] {processor.py:840} INFO - DAG(s) 'example_python_operator' retrieved from /home/airflow/.local/lib/python3.8/site-packages/airflow/example_dags/example_python_operator.py
[2024-05-22T22:39:08.772+0000] {logging_mixin.py:188} INFO - [2024-05-22T22:39:08.772+0000] {dag.py:3036} INFO - Sync 1 DAGs
[2024-05-22T22:39:08.784+0000] {logging_mixin.py:188} INFO - [2024-05-22T22:39:08.783+0000] {dag.py:3823} INFO - Setting next_dagrun for example_python_operator to None, run_after=None
[2024-05-22T22:39:08.805+0000] {processor.py:183} INFO - Processing /home/airflow/.local/lib/python3.8/site-packages/airflow/example_dags/example_python_operator.py took 0.076 seconds
[2024-05-22T22:39:39.113+0000] {processor.py:161} INFO - Started process (PID=52558) to work on /home/airflow/.local/lib/python3.8/site-packages/airflow/example_dags/example_python_operator.py
[2024-05-22T22:39:39.114+0000] {processor.py:830} INFO - Processing file /home/airflow/.local/lib/python3.8/site-packages/airflow/example_dags/example_python_operator.py for tasks to queue
[2024-05-22T22:39:39.116+0000] {logging_mixin.py:188} INFO - [2024-05-22T22:39:39.116+0000] {dagbag.py:538} INFO - Filling up the DagBag from /home/airflow/.local/lib/python3.8/site-packages/airflow/example_dags/example_python_operator.py
[2024-05-22T22:39:39.127+0000] {processor.py:840} INFO - DAG(s) 'example_python_operator' retrieved from /home/airflow/.local/lib/python3.8/site-packages/airflow/example_dags/example_python_operator.py
[2024-05-22T22:39:39.153+0000] {logging_mixin.py:188} INFO - [2024-05-22T22:39:39.152+0000] {dag.py:3036} INFO - Sync 1 DAGs
[2024-05-22T22:39:39.166+0000] {logging_mixin.py:188} INFO - [2024-05-22T22:39:39.166+0000] {dag.py:3823} INFO - Setting next_dagrun for example_python_operator to None, run_after=None
[2024-05-22T22:39:39.191+0000] {processor.py:183} INFO - Processing /home/airflow/.local/lib/python3.8/site-packages/airflow/example_dags/example_python_operator.py took 0.082 seconds
[2024-05-22T22:40:09.494+0000] {processor.py:161} INFO - Started process (PID=52615) to work on /home/airflow/.local/lib/python3.8/site-packages/airflow/example_dags/example_python_operator.py
[2024-05-22T22:40:09.496+0000] {processor.py:830} INFO - Processing file /home/airflow/.local/lib/python3.8/site-packages/airflow/example_dags/example_python_operator.py for tasks to queue
[2024-05-22T22:40:09.498+0000] {logging_mixin.py:188} INFO - [2024-05-22T22:40:09.497+0000] {dagbag.py:538} INFO - Filling up the DagBag from /home/airflow/.local/lib/python3.8/site-packages/airflow/example_dags/example_python_operator.py
[2024-05-22T22:40:09.511+0000] {processor.py:840} INFO - DAG(s) 'example_python_operator' retrieved from /home/airflow/.local/lib/python3.8/site-packages/airflow/example_dags/example_python_operator.py
[2024-05-22T22:40:09.534+0000] {logging_mixin.py:188} INFO - [2024-05-22T22:40:09.534+0000] {dag.py:3036} INFO - Sync 1 DAGs
[2024-05-22T22:40:09.548+0000] {logging_mixin.py:188} INFO - [2024-05-22T22:40:09.548+0000] {dag.py:3823} INFO - Setting next_dagrun for example_python_operator to None, run_after=None
[2024-05-22T22:40:09.574+0000] {processor.py:183} INFO - Processing /home/airflow/.local/lib/python3.8/site-packages/airflow/example_dags/example_python_operator.py took 0.083 seconds
[2024-05-22T22:40:39.963+0000] {processor.py:161} INFO - Started process (PID=52672) to work on /home/airflow/.local/lib/python3.8/site-packages/airflow/example_dags/example_python_operator.py
[2024-05-22T22:40:39.963+0000] {processor.py:830} INFO - Processing file /home/airflow/.local/lib/python3.8/site-packages/airflow/example_dags/example_python_operator.py for tasks to queue
[2024-05-22T22:40:39.965+0000] {logging_mixin.py:188} INFO - [2024-05-22T22:40:39.965+0000] {dagbag.py:538} INFO - Filling up the DagBag from /home/airflow/.local/lib/python3.8/site-packages/airflow/example_dags/example_python_operator.py
[2024-05-22T22:40:39.976+0000] {processor.py:840} INFO - DAG(s) 'example_python_operator' retrieved from /home/airflow/.local/lib/python3.8/site-packages/airflow/example_dags/example_python_operator.py
[2024-05-22T22:40:39.999+0000] {logging_mixin.py:188} INFO - [2024-05-22T22:40:39.999+0000] {dag.py:3036} INFO - Sync 1 DAGs
[2024-05-22T22:40:40.015+0000] {logging_mixin.py:188} INFO - [2024-05-22T22:40:40.015+0000] {dag.py:3823} INFO - Setting next_dagrun for example_python_operator to None, run_after=None
[2024-05-22T22:40:40.041+0000] {processor.py:183} INFO - Processing /home/airflow/.local/lib/python3.8/site-packages/airflow/example_dags/example_python_operator.py took 0.081 seconds
[2024-05-22T22:41:10.502+0000] {processor.py:161} INFO - Started process (PID=52735) to work on /home/airflow/.local/lib/python3.8/site-packages/airflow/example_dags/example_python_operator.py
[2024-05-22T22:41:10.503+0000] {processor.py:830} INFO - Processing file /home/airflow/.local/lib/python3.8/site-packages/airflow/example_dags/example_python_operator.py for tasks to queue
[2024-05-22T22:41:10.505+0000] {logging_mixin.py:188} INFO - [2024-05-22T22:41:10.504+0000] {dagbag.py:538} INFO - Filling up the DagBag from /home/airflow/.local/lib/python3.8/site-packages/airflow/example_dags/example_python_operator.py
[2024-05-22T22:41:10.516+0000] {processor.py:840} INFO - DAG(s) 'example_python_operator' retrieved from /home/airflow/.local/lib/python3.8/site-packages/airflow/example_dags/example_python_operator.py
[2024-05-22T22:41:10.544+0000] {logging_mixin.py:188} INFO - [2024-05-22T22:41:10.543+0000] {dag.py:3036} INFO - Sync 1 DAGs
[2024-05-22T22:41:10.555+0000] {logging_mixin.py:188} INFO - [2024-05-22T22:41:10.555+0000] {dag.py:3823} INFO - Setting next_dagrun for example_python_operator to None, run_after=None
[2024-05-22T22:41:10.577+0000] {processor.py:183} INFO - Processing /home/airflow/.local/lib/python3.8/site-packages/airflow/example_dags/example_python_operator.py took 0.080 seconds
[2024-05-22T22:41:41.047+0000] {processor.py:161} INFO - Started process (PID=52792) to work on /home/airflow/.local/lib/python3.8/site-packages/airflow/example_dags/example_python_operator.py
[2024-05-22T22:41:41.048+0000] {processor.py:830} INFO - Processing file /home/airflow/.local/lib/python3.8/site-packages/airflow/example_dags/example_python_operator.py for tasks to queue
[2024-05-22T22:41:41.050+0000] {logging_mixin.py:188} INFO - [2024-05-22T22:41:41.050+0000] {dagbag.py:538} INFO - Filling up the DagBag from /home/airflow/.local/lib/python3.8/site-packages/airflow/example_dags/example_python_operator.py
[2024-05-22T22:41:41.062+0000] {processor.py:840} INFO - DAG(s) 'example_python_operator' retrieved from /home/airflow/.local/lib/python3.8/site-packages/airflow/example_dags/example_python_operator.py
[2024-05-22T22:41:41.090+0000] {logging_mixin.py:188} INFO - [2024-05-22T22:41:41.090+0000] {dag.py:3036} INFO - Sync 1 DAGs
[2024-05-22T22:41:41.107+0000] {logging_mixin.py:188} INFO - [2024-05-22T22:41:41.107+0000] {dag.py:3823} INFO - Setting next_dagrun for example_python_operator to None, run_after=None
[2024-05-22T22:41:41.132+0000] {processor.py:183} INFO - Processing /home/airflow/.local/lib/python3.8/site-packages/airflow/example_dags/example_python_operator.py took 0.089 seconds
[2024-05-22T22:42:11.627+0000] {processor.py:161} INFO - Started process (PID=52850) to work on /home/airflow/.local/lib/python3.8/site-packages/airflow/example_dags/example_python_operator.py
[2024-05-22T22:42:11.628+0000] {processor.py:830} INFO - Processing file /home/airflow/.local/lib/python3.8/site-packages/airflow/example_dags/example_python_operator.py for tasks to queue
[2024-05-22T22:42:11.630+0000] {logging_mixin.py:188} INFO - [2024-05-22T22:42:11.630+0000] {dagbag.py:538} INFO - Filling up the DagBag from /home/airflow/.local/lib/python3.8/site-packages/airflow/example_dags/example_python_operator.py
[2024-05-22T22:42:11.644+0000] {processor.py:840} INFO - DAG(s) 'example_python_operator' retrieved from /home/airflow/.local/lib/python3.8/site-packages/airflow/example_dags/example_python_operator.py
[2024-05-22T22:42:11.673+0000] {logging_mixin.py:188} INFO - [2024-05-22T22:42:11.673+0000] {dag.py:3036} INFO - Sync 1 DAGs
[2024-05-22T22:42:11.690+0000] {logging_mixin.py:188} INFO - [2024-05-22T22:42:11.690+0000] {dag.py:3823} INFO - Setting next_dagrun for example_python_operator to None, run_after=None
[2024-05-22T22:42:11.719+0000] {processor.py:183} INFO - Processing /home/airflow/.local/lib/python3.8/site-packages/airflow/example_dags/example_python_operator.py took 0.096 seconds
[2024-05-22T22:42:41.870+0000] {processor.py:161} INFO - Started process (PID=52905) to work on /home/airflow/.local/lib/python3.8/site-packages/airflow/example_dags/example_python_operator.py
[2024-05-22T22:42:41.871+0000] {processor.py:830} INFO - Processing file /home/airflow/.local/lib/python3.8/site-packages/airflow/example_dags/example_python_operator.py for tasks to queue
[2024-05-22T22:42:41.874+0000] {logging_mixin.py:188} INFO - [2024-05-22T22:42:41.873+0000] {dagbag.py:538} INFO - Filling up the DagBag from /home/airflow/.local/lib/python3.8/site-packages/airflow/example_dags/example_python_operator.py
[2024-05-22T22:42:41.887+0000] {processor.py:840} INFO - DAG(s) 'example_python_operator' retrieved from /home/airflow/.local/lib/python3.8/site-packages/airflow/example_dags/example_python_operator.py
[2024-05-22T22:42:41.915+0000] {logging_mixin.py:188} INFO - [2024-05-22T22:42:41.915+0000] {dag.py:3036} INFO - Sync 1 DAGs
[2024-05-22T22:42:41.931+0000] {logging_mixin.py:188} INFO - [2024-05-22T22:42:41.931+0000] {dag.py:3823} INFO - Setting next_dagrun for example_python_operator to None, run_after=None
[2024-05-22T22:42:41.959+0000] {processor.py:183} INFO - Processing /home/airflow/.local/lib/python3.8/site-packages/airflow/example_dags/example_python_operator.py took 0.092 seconds
[2024-05-22T22:43:12.572+0000] {processor.py:161} INFO - Started process (PID=52962) to work on /home/airflow/.local/lib/python3.8/site-packages/airflow/example_dags/example_python_operator.py
[2024-05-22T22:43:12.573+0000] {processor.py:830} INFO - Processing file /home/airflow/.local/lib/python3.8/site-packages/airflow/example_dags/example_python_operator.py for tasks to queue
[2024-05-22T22:43:12.576+0000] {logging_mixin.py:188} INFO - [2024-05-22T22:43:12.575+0000] {dagbag.py:538} INFO - Filling up the DagBag from /home/airflow/.local/lib/python3.8/site-packages/airflow/example_dags/example_python_operator.py
[2024-05-22T22:43:12.590+0000] {processor.py:840} INFO - DAG(s) 'example_python_operator' retrieved from /home/airflow/.local/lib/python3.8/site-packages/airflow/example_dags/example_python_operator.py
[2024-05-22T22:43:12.626+0000] {logging_mixin.py:188} INFO - [2024-05-22T22:43:12.626+0000] {dag.py:3036} INFO - Sync 1 DAGs
[2024-05-22T22:43:12.647+0000] {logging_mixin.py:188} INFO - [2024-05-22T22:43:12.647+0000] {dag.py:3823} INFO - Setting next_dagrun for example_python_operator to None, run_after=None
[2024-05-22T22:43:12.680+0000] {processor.py:183} INFO - Processing /home/airflow/.local/lib/python3.8/site-packages/airflow/example_dags/example_python_operator.py took 0.112 seconds
[2024-05-22T22:43:43.513+0000] {processor.py:161} INFO - Started process (PID=53019) to work on /home/airflow/.local/lib/python3.8/site-packages/airflow/example_dags/example_python_operator.py
[2024-05-22T22:43:43.515+0000] {processor.py:830} INFO - Processing file /home/airflow/.local/lib/python3.8/site-packages/airflow/example_dags/example_python_operator.py for tasks to queue
[2024-05-22T22:43:43.517+0000] {logging_mixin.py:188} INFO - [2024-05-22T22:43:43.516+0000] {dagbag.py:538} INFO - Filling up the DagBag from /home/airflow/.local/lib/python3.8/site-packages/airflow/example_dags/example_python_operator.py
[2024-05-22T22:43:43.534+0000] {processor.py:840} INFO - DAG(s) 'example_python_operator' retrieved from /home/airflow/.local/lib/python3.8/site-packages/airflow/example_dags/example_python_operator.py
[2024-05-22T22:43:43.572+0000] {logging_mixin.py:188} INFO - [2024-05-22T22:43:43.572+0000] {dag.py:3036} INFO - Sync 1 DAGs
[2024-05-22T22:43:43.592+0000] {logging_mixin.py:188} INFO - [2024-05-22T22:43:43.592+0000] {dag.py:3823} INFO - Setting next_dagrun for example_python_operator to None, run_after=None
[2024-05-22T22:43:43.625+0000] {processor.py:183} INFO - Processing /home/airflow/.local/lib/python3.8/site-packages/airflow/example_dags/example_python_operator.py took 0.117 seconds
[2024-05-22T22:44:13.958+0000] {processor.py:161} INFO - Started process (PID=53076) to work on /home/airflow/.local/lib/python3.8/site-packages/airflow/example_dags/example_python_operator.py
[2024-05-22T22:44:13.959+0000] {processor.py:830} INFO - Processing file /home/airflow/.local/lib/python3.8/site-packages/airflow/example_dags/example_python_operator.py for tasks to queue
[2024-05-22T22:44:13.962+0000] {logging_mixin.py:188} INFO - [2024-05-22T22:44:13.962+0000] {dagbag.py:538} INFO - Filling up the DagBag from /home/airflow/.local/lib/python3.8/site-packages/airflow/example_dags/example_python_operator.py
[2024-05-22T22:44:13.974+0000] {processor.py:840} INFO - DAG(s) 'example_python_operator' retrieved from /home/airflow/.local/lib/python3.8/site-packages/airflow/example_dags/example_python_operator.py
[2024-05-22T22:44:14.003+0000] {logging_mixin.py:188} INFO - [2024-05-22T22:44:14.003+0000] {dag.py:3036} INFO - Sync 1 DAGs
[2024-05-22T22:44:14.019+0000] {logging_mixin.py:188} INFO - [2024-05-22T22:44:14.019+0000] {dag.py:3823} INFO - Setting next_dagrun for example_python_operator to None, run_after=None
[2024-05-22T22:44:14.045+0000] {processor.py:183} INFO - Processing /home/airflow/.local/lib/python3.8/site-packages/airflow/example_dags/example_python_operator.py took 0.090 seconds
[2024-05-22T22:44:44.397+0000] {processor.py:161} INFO - Started process (PID=53133) to work on /home/airflow/.local/lib/python3.8/site-packages/airflow/example_dags/example_python_operator.py
[2024-05-22T22:44:44.398+0000] {processor.py:830} INFO - Processing file /home/airflow/.local/lib/python3.8/site-packages/airflow/example_dags/example_python_operator.py for tasks to queue
[2024-05-22T22:44:44.400+0000] {logging_mixin.py:188} INFO - [2024-05-22T22:44:44.400+0000] {dagbag.py:538} INFO - Filling up the DagBag from /home/airflow/.local/lib/python3.8/site-packages/airflow/example_dags/example_python_operator.py
[2024-05-22T22:44:44.416+0000] {processor.py:840} INFO - DAG(s) 'example_python_operator' retrieved from /home/airflow/.local/lib/python3.8/site-packages/airflow/example_dags/example_python_operator.py
[2024-05-22T22:44:44.447+0000] {logging_mixin.py:188} INFO - [2024-05-22T22:44:44.446+0000] {dag.py:3036} INFO - Sync 1 DAGs
[2024-05-22T22:44:44.465+0000] {logging_mixin.py:188} INFO - [2024-05-22T22:44:44.465+0000] {dag.py:3823} INFO - Setting next_dagrun for example_python_operator to None, run_after=None
[2024-05-22T22:44:44.495+0000] {processor.py:183} INFO - Processing /home/airflow/.local/lib/python3.8/site-packages/airflow/example_dags/example_python_operator.py took 0.103 seconds
[2024-05-22T22:45:14.650+0000] {processor.py:161} INFO - Started process (PID=53191) to work on /home/airflow/.local/lib/python3.8/site-packages/airflow/example_dags/example_python_operator.py
[2024-05-22T22:45:14.652+0000] {processor.py:830} INFO - Processing file /home/airflow/.local/lib/python3.8/site-packages/airflow/example_dags/example_python_operator.py for tasks to queue
[2024-05-22T22:45:14.654+0000] {logging_mixin.py:188} INFO - [2024-05-22T22:45:14.654+0000] {dagbag.py:538} INFO - Filling up the DagBag from /home/airflow/.local/lib/python3.8/site-packages/airflow/example_dags/example_python_operator.py
[2024-05-22T22:45:14.665+0000] {processor.py:840} INFO - DAG(s) 'example_python_operator' retrieved from /home/airflow/.local/lib/python3.8/site-packages/airflow/example_dags/example_python_operator.py
[2024-05-22T22:45:14.693+0000] {logging_mixin.py:188} INFO - [2024-05-22T22:45:14.692+0000] {dag.py:3036} INFO - Sync 1 DAGs
[2024-05-22T22:45:14.707+0000] {logging_mixin.py:188} INFO - [2024-05-22T22:45:14.707+0000] {dag.py:3823} INFO - Setting next_dagrun for example_python_operator to None, run_after=None
[2024-05-22T22:45:14.738+0000] {processor.py:183} INFO - Processing /home/airflow/.local/lib/python3.8/site-packages/airflow/example_dags/example_python_operator.py took 0.091 seconds
[2024-05-22T22:45:44.797+0000] {processor.py:161} INFO - Started process (PID=53249) to work on /home/airflow/.local/lib/python3.8/site-packages/airflow/example_dags/example_python_operator.py
[2024-05-22T22:45:44.798+0000] {processor.py:830} INFO - Processing file /home/airflow/.local/lib/python3.8/site-packages/airflow/example_dags/example_python_operator.py for tasks to queue
[2024-05-22T22:45:44.800+0000] {logging_mixin.py:188} INFO - [2024-05-22T22:45:44.800+0000] {dagbag.py:538} INFO - Filling up the DagBag from /home/airflow/.local/lib/python3.8/site-packages/airflow/example_dags/example_python_operator.py
[2024-05-22T22:45:44.813+0000] {processor.py:840} INFO - DAG(s) 'example_python_operator' retrieved from /home/airflow/.local/lib/python3.8/site-packages/airflow/example_dags/example_python_operator.py
[2024-05-22T22:45:44.838+0000] {logging_mixin.py:188} INFO - [2024-05-22T22:45:44.837+0000] {dag.py:3036} INFO - Sync 1 DAGs
[2024-05-22T22:45:44.851+0000] {logging_mixin.py:188} INFO - [2024-05-22T22:45:44.851+0000] {dag.py:3823} INFO - Setting next_dagrun for example_python_operator to None, run_after=None
[2024-05-22T22:45:44.881+0000] {processor.py:183} INFO - Processing /home/airflow/.local/lib/python3.8/site-packages/airflow/example_dags/example_python_operator.py took 0.087 seconds
[2024-05-22T22:46:14.923+0000] {processor.py:161} INFO - Started process (PID=53305) to work on /home/airflow/.local/lib/python3.8/site-packages/airflow/example_dags/example_python_operator.py
[2024-05-22T22:46:14.924+0000] {processor.py:830} INFO - Processing file /home/airflow/.local/lib/python3.8/site-packages/airflow/example_dags/example_python_operator.py for tasks to queue
[2024-05-22T22:46:14.926+0000] {logging_mixin.py:188} INFO - [2024-05-22T22:46:14.925+0000] {dagbag.py:538} INFO - Filling up the DagBag from /home/airflow/.local/lib/python3.8/site-packages/airflow/example_dags/example_python_operator.py
[2024-05-22T22:46:14.939+0000] {processor.py:840} INFO - DAG(s) 'example_python_operator' retrieved from /home/airflow/.local/lib/python3.8/site-packages/airflow/example_dags/example_python_operator.py
[2024-05-22T22:46:14.967+0000] {logging_mixin.py:188} INFO - [2024-05-22T22:46:14.966+0000] {dag.py:3036} INFO - Sync 1 DAGs
[2024-05-22T22:46:14.982+0000] {logging_mixin.py:188} INFO - [2024-05-22T22:46:14.982+0000] {dag.py:3823} INFO - Setting next_dagrun for example_python_operator to None, run_after=None
[2024-05-22T22:46:15.004+0000] {processor.py:183} INFO - Processing /home/airflow/.local/lib/python3.8/site-packages/airflow/example_dags/example_python_operator.py took 0.084 seconds
[2024-05-22T22:46:45.409+0000] {processor.py:161} INFO - Started process (PID=53362) to work on /home/airflow/.local/lib/python3.8/site-packages/airflow/example_dags/example_python_operator.py
[2024-05-22T22:46:45.410+0000] {processor.py:830} INFO - Processing file /home/airflow/.local/lib/python3.8/site-packages/airflow/example_dags/example_python_operator.py for tasks to queue
[2024-05-22T22:46:45.412+0000] {logging_mixin.py:188} INFO - [2024-05-22T22:46:45.412+0000] {dagbag.py:538} INFO - Filling up the DagBag from /home/airflow/.local/lib/python3.8/site-packages/airflow/example_dags/example_python_operator.py
[2024-05-22T22:46:45.423+0000] {processor.py:840} INFO - DAG(s) 'example_python_operator' retrieved from /home/airflow/.local/lib/python3.8/site-packages/airflow/example_dags/example_python_operator.py
[2024-05-22T22:46:45.454+0000] {logging_mixin.py:188} INFO - [2024-05-22T22:46:45.454+0000] {dag.py:3036} INFO - Sync 1 DAGs
[2024-05-22T22:46:45.471+0000] {logging_mixin.py:188} INFO - [2024-05-22T22:46:45.471+0000] {dag.py:3823} INFO - Setting next_dagrun for example_python_operator to None, run_after=None
[2024-05-22T22:46:45.496+0000] {processor.py:183} INFO - Processing /home/airflow/.local/lib/python3.8/site-packages/airflow/example_dags/example_python_operator.py took 0.091 seconds
[2024-05-22T22:47:15.747+0000] {processor.py:161} INFO - Started process (PID=53419) to work on /home/airflow/.local/lib/python3.8/site-packages/airflow/example_dags/example_python_operator.py
[2024-05-22T22:47:15.748+0000] {processor.py:830} INFO - Processing file /home/airflow/.local/lib/python3.8/site-packages/airflow/example_dags/example_python_operator.py for tasks to queue
[2024-05-22T22:47:15.750+0000] {logging_mixin.py:188} INFO - [2024-05-22T22:47:15.750+0000] {dagbag.py:538} INFO - Filling up the DagBag from /home/airflow/.local/lib/python3.8/site-packages/airflow/example_dags/example_python_operator.py
[2024-05-22T22:47:15.763+0000] {processor.py:840} INFO - DAG(s) 'example_python_operator' retrieved from /home/airflow/.local/lib/python3.8/site-packages/airflow/example_dags/example_python_operator.py
[2024-05-22T22:47:15.790+0000] {logging_mixin.py:188} INFO - [2024-05-22T22:47:15.790+0000] {dag.py:3036} INFO - Sync 1 DAGs
[2024-05-22T22:47:15.804+0000] {logging_mixin.py:188} INFO - [2024-05-22T22:47:15.804+0000] {dag.py:3823} INFO - Setting next_dagrun for example_python_operator to None, run_after=None
[2024-05-22T22:47:15.826+0000] {processor.py:183} INFO - Processing /home/airflow/.local/lib/python3.8/site-packages/airflow/example_dags/example_python_operator.py took 0.082 seconds
[2024-05-22T22:47:46.274+0000] {processor.py:161} INFO - Started process (PID=53477) to work on /home/airflow/.local/lib/python3.8/site-packages/airflow/example_dags/example_python_operator.py
[2024-05-22T22:47:46.275+0000] {processor.py:830} INFO - Processing file /home/airflow/.local/lib/python3.8/site-packages/airflow/example_dags/example_python_operator.py for tasks to queue
[2024-05-22T22:47:46.276+0000] {logging_mixin.py:188} INFO - [2024-05-22T22:47:46.276+0000] {dagbag.py:538} INFO - Filling up the DagBag from /home/airflow/.local/lib/python3.8/site-packages/airflow/example_dags/example_python_operator.py
[2024-05-22T22:47:46.289+0000] {processor.py:840} INFO - DAG(s) 'example_python_operator' retrieved from /home/airflow/.local/lib/python3.8/site-packages/airflow/example_dags/example_python_operator.py
[2024-05-22T22:47:46.316+0000] {logging_mixin.py:188} INFO - [2024-05-22T22:47:46.315+0000] {dag.py:3036} INFO - Sync 1 DAGs
[2024-05-22T22:47:46.332+0000] {logging_mixin.py:188} INFO - [2024-05-22T22:47:46.332+0000] {dag.py:3823} INFO - Setting next_dagrun for example_python_operator to None, run_after=None
[2024-05-22T22:47:46.358+0000] {processor.py:183} INFO - Processing /home/airflow/.local/lib/python3.8/site-packages/airflow/example_dags/example_python_operator.py took 0.086 seconds
[2024-05-22T22:48:16.776+0000] {processor.py:161} INFO - Started process (PID=53534) to work on /home/airflow/.local/lib/python3.8/site-packages/airflow/example_dags/example_python_operator.py
[2024-05-22T22:48:16.780+0000] {processor.py:830} INFO - Processing file /home/airflow/.local/lib/python3.8/site-packages/airflow/example_dags/example_python_operator.py for tasks to queue
[2024-05-22T22:48:16.783+0000] {logging_mixin.py:188} INFO - [2024-05-22T22:48:16.782+0000] {dagbag.py:538} INFO - Filling up the DagBag from /home/airflow/.local/lib/python3.8/site-packages/airflow/example_dags/example_python_operator.py
[2024-05-22T22:48:16.800+0000] {processor.py:840} INFO - DAG(s) 'example_python_operator' retrieved from /home/airflow/.local/lib/python3.8/site-packages/airflow/example_dags/example_python_operator.py
[2024-05-22T22:48:16.832+0000] {logging_mixin.py:188} INFO - [2024-05-22T22:48:16.832+0000] {dag.py:3036} INFO - Sync 1 DAGs
[2024-05-22T22:48:16.850+0000] {logging_mixin.py:188} INFO - [2024-05-22T22:48:16.850+0000] {dag.py:3823} INFO - Setting next_dagrun for example_python_operator to None, run_after=None
[2024-05-22T22:48:16.885+0000] {processor.py:183} INFO - Processing /home/airflow/.local/lib/python3.8/site-packages/airflow/example_dags/example_python_operator.py took 0.115 seconds
[2024-05-22T22:48:47.332+0000] {processor.py:161} INFO - Started process (PID=53591) to work on /home/airflow/.local/lib/python3.8/site-packages/airflow/example_dags/example_python_operator.py
[2024-05-22T22:48:47.333+0000] {processor.py:830} INFO - Processing file /home/airflow/.local/lib/python3.8/site-packages/airflow/example_dags/example_python_operator.py for tasks to queue
[2024-05-22T22:48:47.341+0000] {logging_mixin.py:188} INFO - [2024-05-22T22:48:47.336+0000] {dagbag.py:538} INFO - Filling up the DagBag from /home/airflow/.local/lib/python3.8/site-packages/airflow/example_dags/example_python_operator.py
[2024-05-22T22:48:47.356+0000] {processor.py:840} INFO - DAG(s) 'example_python_operator' retrieved from /home/airflow/.local/lib/python3.8/site-packages/airflow/example_dags/example_python_operator.py
[2024-05-22T22:48:47.388+0000] {logging_mixin.py:188} INFO - [2024-05-22T22:48:47.388+0000] {dag.py:3036} INFO - Sync 1 DAGs
[2024-05-22T22:48:47.402+0000] {logging_mixin.py:188} INFO - [2024-05-22T22:48:47.401+0000] {dag.py:3823} INFO - Setting next_dagrun for example_python_operator to None, run_after=None
[2024-05-22T22:48:47.426+0000] {processor.py:183} INFO - Processing /home/airflow/.local/lib/python3.8/site-packages/airflow/example_dags/example_python_operator.py took 0.098 seconds
[2024-05-22T22:49:17.816+0000] {processor.py:161} INFO - Started process (PID=53648) to work on /home/airflow/.local/lib/python3.8/site-packages/airflow/example_dags/example_python_operator.py
[2024-05-22T22:49:17.818+0000] {processor.py:830} INFO - Processing file /home/airflow/.local/lib/python3.8/site-packages/airflow/example_dags/example_python_operator.py for tasks to queue
[2024-05-22T22:49:17.820+0000] {logging_mixin.py:188} INFO - [2024-05-22T22:49:17.819+0000] {dagbag.py:538} INFO - Filling up the DagBag from /home/airflow/.local/lib/python3.8/site-packages/airflow/example_dags/example_python_operator.py
[2024-05-22T22:49:17.833+0000] {processor.py:840} INFO - DAG(s) 'example_python_operator' retrieved from /home/airflow/.local/lib/python3.8/site-packages/airflow/example_dags/example_python_operator.py
[2024-05-22T22:49:17.857+0000] {logging_mixin.py:188} INFO - [2024-05-22T22:49:17.857+0000] {dag.py:3036} INFO - Sync 1 DAGs
[2024-05-22T22:49:17.872+0000] {logging_mixin.py:188} INFO - [2024-05-22T22:49:17.872+0000] {dag.py:3823} INFO - Setting next_dagrun for example_python_operator to None, run_after=None
[2024-05-22T22:49:17.895+0000] {processor.py:183} INFO - Processing /home/airflow/.local/lib/python3.8/site-packages/airflow/example_dags/example_python_operator.py took 0.083 seconds
[2024-05-22T22:49:48.046+0000] {processor.py:161} INFO - Started process (PID=53705) to work on /home/airflow/.local/lib/python3.8/site-packages/airflow/example_dags/example_python_operator.py
[2024-05-22T22:49:48.047+0000] {processor.py:830} INFO - Processing file /home/airflow/.local/lib/python3.8/site-packages/airflow/example_dags/example_python_operator.py for tasks to queue
[2024-05-22T22:49:48.049+0000] {logging_mixin.py:188} INFO - [2024-05-22T22:49:48.049+0000] {dagbag.py:538} INFO - Filling up the DagBag from /home/airflow/.local/lib/python3.8/site-packages/airflow/example_dags/example_python_operator.py
[2024-05-22T22:49:48.060+0000] {processor.py:840} INFO - DAG(s) 'example_python_operator' retrieved from /home/airflow/.local/lib/python3.8/site-packages/airflow/example_dags/example_python_operator.py
[2024-05-22T22:49:48.085+0000] {logging_mixin.py:188} INFO - [2024-05-22T22:49:48.085+0000] {dag.py:3036} INFO - Sync 1 DAGs
[2024-05-22T22:49:48.099+0000] {logging_mixin.py:188} INFO - [2024-05-22T22:49:48.099+0000] {dag.py:3823} INFO - Setting next_dagrun for example_python_operator to None, run_after=None
[2024-05-22T22:49:48.123+0000] {processor.py:183} INFO - Processing /home/airflow/.local/lib/python3.8/site-packages/airflow/example_dags/example_python_operator.py took 0.080 seconds
[2024-05-22T22:50:18.625+0000] {processor.py:161} INFO - Started process (PID=53762) to work on /home/airflow/.local/lib/python3.8/site-packages/airflow/example_dags/example_python_operator.py
[2024-05-22T22:50:18.627+0000] {processor.py:830} INFO - Processing file /home/airflow/.local/lib/python3.8/site-packages/airflow/example_dags/example_python_operator.py for tasks to queue
[2024-05-22T22:50:18.630+0000] {logging_mixin.py:188} INFO - [2024-05-22T22:50:18.629+0000] {dagbag.py:538} INFO - Filling up the DagBag from /home/airflow/.local/lib/python3.8/site-packages/airflow/example_dags/example_python_operator.py
[2024-05-22T22:50:18.643+0000] {processor.py:840} INFO - DAG(s) 'example_python_operator' retrieved from /home/airflow/.local/lib/python3.8/site-packages/airflow/example_dags/example_python_operator.py
[2024-05-22T22:50:18.672+0000] {logging_mixin.py:188} INFO - [2024-05-22T22:50:18.672+0000] {dag.py:3036} INFO - Sync 1 DAGs
[2024-05-22T22:50:18.687+0000] {logging_mixin.py:188} INFO - [2024-05-22T22:50:18.687+0000] {dag.py:3823} INFO - Setting next_dagrun for example_python_operator to None, run_after=None
[2024-05-22T22:50:18.718+0000] {processor.py:183} INFO - Processing /home/airflow/.local/lib/python3.8/site-packages/airflow/example_dags/example_python_operator.py took 0.096 seconds
[2024-05-22T22:50:49.100+0000] {processor.py:161} INFO - Started process (PID=53819) to work on /home/airflow/.local/lib/python3.8/site-packages/airflow/example_dags/example_python_operator.py
[2024-05-22T22:50:49.101+0000] {processor.py:830} INFO - Processing file /home/airflow/.local/lib/python3.8/site-packages/airflow/example_dags/example_python_operator.py for tasks to queue
[2024-05-22T22:50:49.103+0000] {logging_mixin.py:188} INFO - [2024-05-22T22:50:49.102+0000] {dagbag.py:538} INFO - Filling up the DagBag from /home/airflow/.local/lib/python3.8/site-packages/airflow/example_dags/example_python_operator.py
[2024-05-22T22:50:49.115+0000] {processor.py:840} INFO - DAG(s) 'example_python_operator' retrieved from /home/airflow/.local/lib/python3.8/site-packages/airflow/example_dags/example_python_operator.py
[2024-05-22T22:50:49.140+0000] {logging_mixin.py:188} INFO - [2024-05-22T22:50:49.140+0000] {dag.py:3036} INFO - Sync 1 DAGs
[2024-05-22T22:50:49.156+0000] {logging_mixin.py:188} INFO - [2024-05-22T22:50:49.155+0000] {dag.py:3823} INFO - Setting next_dagrun for example_python_operator to None, run_after=None
[2024-05-22T22:50:49.175+0000] {processor.py:183} INFO - Processing /home/airflow/.local/lib/python3.8/site-packages/airflow/example_dags/example_python_operator.py took 0.078 seconds
[2024-05-22T22:51:19.674+0000] {processor.py:161} INFO - Started process (PID=53876) to work on /home/airflow/.local/lib/python3.8/site-packages/airflow/example_dags/example_python_operator.py
[2024-05-22T22:51:19.675+0000] {processor.py:830} INFO - Processing file /home/airflow/.local/lib/python3.8/site-packages/airflow/example_dags/example_python_operator.py for tasks to queue
[2024-05-22T22:51:19.678+0000] {logging_mixin.py:188} INFO - [2024-05-22T22:51:19.677+0000] {dagbag.py:538} INFO - Filling up the DagBag from /home/airflow/.local/lib/python3.8/site-packages/airflow/example_dags/example_python_operator.py
[2024-05-22T22:51:19.690+0000] {processor.py:840} INFO - DAG(s) 'example_python_operator' retrieved from /home/airflow/.local/lib/python3.8/site-packages/airflow/example_dags/example_python_operator.py
[2024-05-22T22:51:19.717+0000] {logging_mixin.py:188} INFO - [2024-05-22T22:51:19.716+0000] {dag.py:3036} INFO - Sync 1 DAGs
[2024-05-22T22:51:19.729+0000] {logging_mixin.py:188} INFO - [2024-05-22T22:51:19.728+0000] {dag.py:3823} INFO - Setting next_dagrun for example_python_operator to None, run_after=None
[2024-05-22T22:51:19.750+0000] {processor.py:183} INFO - Processing /home/airflow/.local/lib/python3.8/site-packages/airflow/example_dags/example_python_operator.py took 0.079 seconds
[2024-05-22T22:51:50.096+0000] {processor.py:161} INFO - Started process (PID=53933) to work on /home/airflow/.local/lib/python3.8/site-packages/airflow/example_dags/example_python_operator.py
[2024-05-22T22:51:50.097+0000] {processor.py:830} INFO - Processing file /home/airflow/.local/lib/python3.8/site-packages/airflow/example_dags/example_python_operator.py for tasks to queue
[2024-05-22T22:51:50.098+0000] {logging_mixin.py:188} INFO - [2024-05-22T22:51:50.098+0000] {dagbag.py:538} INFO - Filling up the DagBag from /home/airflow/.local/lib/python3.8/site-packages/airflow/example_dags/example_python_operator.py
[2024-05-22T22:51:50.109+0000] {processor.py:840} INFO - DAG(s) 'example_python_operator' retrieved from /home/airflow/.local/lib/python3.8/site-packages/airflow/example_dags/example_python_operator.py
[2024-05-22T22:51:50.132+0000] {logging_mixin.py:188} INFO - [2024-05-22T22:51:50.132+0000] {dag.py:3036} INFO - Sync 1 DAGs
[2024-05-22T22:51:50.146+0000] {logging_mixin.py:188} INFO - [2024-05-22T22:51:50.145+0000] {dag.py:3823} INFO - Setting next_dagrun for example_python_operator to None, run_after=None
[2024-05-22T22:51:50.169+0000] {processor.py:183} INFO - Processing /home/airflow/.local/lib/python3.8/site-packages/airflow/example_dags/example_python_operator.py took 0.077 seconds
[2024-05-22T22:52:20.492+0000] {processor.py:161} INFO - Started process (PID=53990) to work on /home/airflow/.local/lib/python3.8/site-packages/airflow/example_dags/example_python_operator.py
[2024-05-22T22:52:20.493+0000] {processor.py:830} INFO - Processing file /home/airflow/.local/lib/python3.8/site-packages/airflow/example_dags/example_python_operator.py for tasks to queue
[2024-05-22T22:52:20.495+0000] {logging_mixin.py:188} INFO - [2024-05-22T22:52:20.495+0000] {dagbag.py:538} INFO - Filling up the DagBag from /home/airflow/.local/lib/python3.8/site-packages/airflow/example_dags/example_python_operator.py
[2024-05-22T22:52:20.510+0000] {processor.py:840} INFO - DAG(s) 'example_python_operator' retrieved from /home/airflow/.local/lib/python3.8/site-packages/airflow/example_dags/example_python_operator.py
[2024-05-22T22:52:20.535+0000] {logging_mixin.py:188} INFO - [2024-05-22T22:52:20.534+0000] {dag.py:3036} INFO - Sync 1 DAGs
[2024-05-22T22:52:20.550+0000] {logging_mixin.py:188} INFO - [2024-05-22T22:52:20.549+0000] {dag.py:3823} INFO - Setting next_dagrun for example_python_operator to None, run_after=None
[2024-05-22T22:52:20.572+0000] {processor.py:183} INFO - Processing /home/airflow/.local/lib/python3.8/site-packages/airflow/example_dags/example_python_operator.py took 0.083 seconds
[2024-05-22T22:52:50.828+0000] {processor.py:161} INFO - Started process (PID=54048) to work on /home/airflow/.local/lib/python3.8/site-packages/airflow/example_dags/example_python_operator.py
[2024-05-22T22:52:50.829+0000] {processor.py:830} INFO - Processing file /home/airflow/.local/lib/python3.8/site-packages/airflow/example_dags/example_python_operator.py for tasks to queue
[2024-05-22T22:52:50.830+0000] {logging_mixin.py:188} INFO - [2024-05-22T22:52:50.830+0000] {dagbag.py:538} INFO - Filling up the DagBag from /home/airflow/.local/lib/python3.8/site-packages/airflow/example_dags/example_python_operator.py
[2024-05-22T22:52:50.841+0000] {processor.py:840} INFO - DAG(s) 'example_python_operator' retrieved from /home/airflow/.local/lib/python3.8/site-packages/airflow/example_dags/example_python_operator.py
[2024-05-22T22:52:50.866+0000] {logging_mixin.py:188} INFO - [2024-05-22T22:52:50.866+0000] {dag.py:3036} INFO - Sync 1 DAGs
[2024-05-22T22:52:50.879+0000] {logging_mixin.py:188} INFO - [2024-05-22T22:52:50.878+0000] {dag.py:3823} INFO - Setting next_dagrun for example_python_operator to None, run_after=None
[2024-05-22T22:52:50.899+0000] {processor.py:183} INFO - Processing /home/airflow/.local/lib/python3.8/site-packages/airflow/example_dags/example_python_operator.py took 0.074 seconds
[2024-05-22T22:53:21.251+0000] {processor.py:161} INFO - Started process (PID=54105) to work on /home/airflow/.local/lib/python3.8/site-packages/airflow/example_dags/example_python_operator.py
[2024-05-22T22:53:21.252+0000] {processor.py:830} INFO - Processing file /home/airflow/.local/lib/python3.8/site-packages/airflow/example_dags/example_python_operator.py for tasks to queue
[2024-05-22T22:53:21.254+0000] {logging_mixin.py:188} INFO - [2024-05-22T22:53:21.254+0000] {dagbag.py:538} INFO - Filling up the DagBag from /home/airflow/.local/lib/python3.8/site-packages/airflow/example_dags/example_python_operator.py
[2024-05-22T22:53:21.268+0000] {processor.py:840} INFO - DAG(s) 'example_python_operator' retrieved from /home/airflow/.local/lib/python3.8/site-packages/airflow/example_dags/example_python_operator.py
[2024-05-22T22:53:21.297+0000] {logging_mixin.py:188} INFO - [2024-05-22T22:53:21.297+0000] {dag.py:3036} INFO - Sync 1 DAGs
[2024-05-22T22:53:21.314+0000] {logging_mixin.py:188} INFO - [2024-05-22T22:53:21.313+0000] {dag.py:3823} INFO - Setting next_dagrun for example_python_operator to None, run_after=None
[2024-05-22T22:53:21.341+0000] {processor.py:183} INFO - Processing /home/airflow/.local/lib/python3.8/site-packages/airflow/example_dags/example_python_operator.py took 0.094 seconds
[2024-05-22T22:53:51.641+0000] {processor.py:161} INFO - Started process (PID=54162) to work on /home/airflow/.local/lib/python3.8/site-packages/airflow/example_dags/example_python_operator.py
[2024-05-22T22:53:51.642+0000] {processor.py:830} INFO - Processing file /home/airflow/.local/lib/python3.8/site-packages/airflow/example_dags/example_python_operator.py for tasks to queue
[2024-05-22T22:53:51.644+0000] {logging_mixin.py:188} INFO - [2024-05-22T22:53:51.644+0000] {dagbag.py:538} INFO - Filling up the DagBag from /home/airflow/.local/lib/python3.8/site-packages/airflow/example_dags/example_python_operator.py
[2024-05-22T22:53:51.654+0000] {processor.py:840} INFO - DAG(s) 'example_python_operator' retrieved from /home/airflow/.local/lib/python3.8/site-packages/airflow/example_dags/example_python_operator.py
[2024-05-22T22:53:51.682+0000] {logging_mixin.py:188} INFO - [2024-05-22T22:53:51.681+0000] {dag.py:3036} INFO - Sync 1 DAGs
[2024-05-22T22:53:51.698+0000] {logging_mixin.py:188} INFO - [2024-05-22T22:53:51.697+0000] {dag.py:3823} INFO - Setting next_dagrun for example_python_operator to None, run_after=None
[2024-05-22T22:53:51.721+0000] {processor.py:183} INFO - Processing /home/airflow/.local/lib/python3.8/site-packages/airflow/example_dags/example_python_operator.py took 0.083 seconds
[2024-05-22T22:54:21.966+0000] {processor.py:161} INFO - Started process (PID=54219) to work on /home/airflow/.local/lib/python3.8/site-packages/airflow/example_dags/example_python_operator.py
[2024-05-22T22:54:21.967+0000] {processor.py:830} INFO - Processing file /home/airflow/.local/lib/python3.8/site-packages/airflow/example_dags/example_python_operator.py for tasks to queue
[2024-05-22T22:54:21.968+0000] {logging_mixin.py:188} INFO - [2024-05-22T22:54:21.968+0000] {dagbag.py:538} INFO - Filling up the DagBag from /home/airflow/.local/lib/python3.8/site-packages/airflow/example_dags/example_python_operator.py
[2024-05-22T22:54:21.980+0000] {processor.py:840} INFO - DAG(s) 'example_python_operator' retrieved from /home/airflow/.local/lib/python3.8/site-packages/airflow/example_dags/example_python_operator.py
[2024-05-22T22:54:22.002+0000] {logging_mixin.py:188} INFO - [2024-05-22T22:54:22.002+0000] {dag.py:3036} INFO - Sync 1 DAGs
[2024-05-22T22:54:22.023+0000] {logging_mixin.py:188} INFO - [2024-05-22T22:54:22.023+0000] {dag.py:3823} INFO - Setting next_dagrun for example_python_operator to None, run_after=None
[2024-05-22T22:54:22.060+0000] {processor.py:183} INFO - Processing /home/airflow/.local/lib/python3.8/site-packages/airflow/example_dags/example_python_operator.py took 0.097 seconds
[2024-05-22T22:54:52.310+0000] {processor.py:161} INFO - Started process (PID=54276) to work on /home/airflow/.local/lib/python3.8/site-packages/airflow/example_dags/example_python_operator.py
[2024-05-22T22:54:52.312+0000] {processor.py:830} INFO - Processing file /home/airflow/.local/lib/python3.8/site-packages/airflow/example_dags/example_python_operator.py for tasks to queue
[2024-05-22T22:54:52.314+0000] {logging_mixin.py:188} INFO - [2024-05-22T22:54:52.314+0000] {dagbag.py:538} INFO - Filling up the DagBag from /home/airflow/.local/lib/python3.8/site-packages/airflow/example_dags/example_python_operator.py
[2024-05-22T22:54:52.329+0000] {processor.py:840} INFO - DAG(s) 'example_python_operator' retrieved from /home/airflow/.local/lib/python3.8/site-packages/airflow/example_dags/example_python_operator.py
[2024-05-22T22:54:52.367+0000] {logging_mixin.py:188} INFO - [2024-05-22T22:54:52.367+0000] {dag.py:3036} INFO - Sync 1 DAGs
[2024-05-22T22:54:52.384+0000] {logging_mixin.py:188} INFO - [2024-05-22T22:54:52.384+0000] {dag.py:3823} INFO - Setting next_dagrun for example_python_operator to None, run_after=None
[2024-05-22T22:54:52.411+0000] {processor.py:183} INFO - Processing /home/airflow/.local/lib/python3.8/site-packages/airflow/example_dags/example_python_operator.py took 0.105 seconds
[2024-05-22T22:55:22.646+0000] {processor.py:161} INFO - Started process (PID=54333) to work on /home/airflow/.local/lib/python3.8/site-packages/airflow/example_dags/example_python_operator.py
[2024-05-22T22:55:22.647+0000] {processor.py:830} INFO - Processing file /home/airflow/.local/lib/python3.8/site-packages/airflow/example_dags/example_python_operator.py for tasks to queue
[2024-05-22T22:55:22.649+0000] {logging_mixin.py:188} INFO - [2024-05-22T22:55:22.648+0000] {dagbag.py:538} INFO - Filling up the DagBag from /home/airflow/.local/lib/python3.8/site-packages/airflow/example_dags/example_python_operator.py
[2024-05-22T22:55:22.659+0000] {processor.py:840} INFO - DAG(s) 'example_python_operator' retrieved from /home/airflow/.local/lib/python3.8/site-packages/airflow/example_dags/example_python_operator.py
[2024-05-22T22:55:22.685+0000] {logging_mixin.py:188} INFO - [2024-05-22T22:55:22.684+0000] {dag.py:3036} INFO - Sync 1 DAGs
[2024-05-22T22:55:22.697+0000] {logging_mixin.py:188} INFO - [2024-05-22T22:55:22.697+0000] {dag.py:3823} INFO - Setting next_dagrun for example_python_operator to None, run_after=None
[2024-05-22T22:55:22.719+0000] {processor.py:183} INFO - Processing /home/airflow/.local/lib/python3.8/site-packages/airflow/example_dags/example_python_operator.py took 0.075 seconds
[2024-05-22T22:55:53.076+0000] {processor.py:161} INFO - Started process (PID=54390) to work on /home/airflow/.local/lib/python3.8/site-packages/airflow/example_dags/example_python_operator.py
[2024-05-22T22:55:53.077+0000] {processor.py:830} INFO - Processing file /home/airflow/.local/lib/python3.8/site-packages/airflow/example_dags/example_python_operator.py for tasks to queue
[2024-05-22T22:55:53.078+0000] {logging_mixin.py:188} INFO - [2024-05-22T22:55:53.078+0000] {dagbag.py:538} INFO - Filling up the DagBag from /home/airflow/.local/lib/python3.8/site-packages/airflow/example_dags/example_python_operator.py
[2024-05-22T22:55:53.089+0000] {processor.py:840} INFO - DAG(s) 'example_python_operator' retrieved from /home/airflow/.local/lib/python3.8/site-packages/airflow/example_dags/example_python_operator.py
[2024-05-22T22:55:53.114+0000] {logging_mixin.py:188} INFO - [2024-05-22T22:55:53.114+0000] {dag.py:3036} INFO - Sync 1 DAGs
[2024-05-22T22:55:53.127+0000] {logging_mixin.py:188} INFO - [2024-05-22T22:55:53.127+0000] {dag.py:3823} INFO - Setting next_dagrun for example_python_operator to None, run_after=None
[2024-05-22T22:55:53.149+0000] {processor.py:183} INFO - Processing /home/airflow/.local/lib/python3.8/site-packages/airflow/example_dags/example_python_operator.py took 0.076 seconds
[2024-05-22T22:56:24.045+0000] {processor.py:161} INFO - Started process (PID=54447) to work on /home/airflow/.local/lib/python3.8/site-packages/airflow/example_dags/example_python_operator.py
[2024-05-22T22:56:24.047+0000] {processor.py:830} INFO - Processing file /home/airflow/.local/lib/python3.8/site-packages/airflow/example_dags/example_python_operator.py for tasks to queue
[2024-05-22T22:56:24.049+0000] {logging_mixin.py:188} INFO - [2024-05-22T22:56:24.048+0000] {dagbag.py:538} INFO - Filling up the DagBag from /home/airflow/.local/lib/python3.8/site-packages/airflow/example_dags/example_python_operator.py
[2024-05-22T22:56:24.061+0000] {processor.py:840} INFO - DAG(s) 'example_python_operator' retrieved from /home/airflow/.local/lib/python3.8/site-packages/airflow/example_dags/example_python_operator.py
[2024-05-22T22:56:24.088+0000] {logging_mixin.py:188} INFO - [2024-05-22T22:56:24.088+0000] {dag.py:3036} INFO - Sync 1 DAGs
[2024-05-22T22:56:24.105+0000] {logging_mixin.py:188} INFO - [2024-05-22T22:56:24.105+0000] {dag.py:3823} INFO - Setting next_dagrun for example_python_operator to None, run_after=None
[2024-05-22T22:56:24.132+0000] {processor.py:183} INFO - Processing /home/airflow/.local/lib/python3.8/site-packages/airflow/example_dags/example_python_operator.py took 0.090 seconds
[2024-05-22T22:56:54.329+0000] {processor.py:161} INFO - Started process (PID=54504) to work on /home/airflow/.local/lib/python3.8/site-packages/airflow/example_dags/example_python_operator.py
[2024-05-22T22:56:54.331+0000] {processor.py:830} INFO - Processing file /home/airflow/.local/lib/python3.8/site-packages/airflow/example_dags/example_python_operator.py for tasks to queue
[2024-05-22T22:56:54.333+0000] {logging_mixin.py:188} INFO - [2024-05-22T22:56:54.332+0000] {dagbag.py:538} INFO - Filling up the DagBag from /home/airflow/.local/lib/python3.8/site-packages/airflow/example_dags/example_python_operator.py
[2024-05-22T22:56:54.347+0000] {processor.py:840} INFO - DAG(s) 'example_python_operator' retrieved from /home/airflow/.local/lib/python3.8/site-packages/airflow/example_dags/example_python_operator.py
[2024-05-22T22:56:54.378+0000] {logging_mixin.py:188} INFO - [2024-05-22T22:56:54.377+0000] {dag.py:3036} INFO - Sync 1 DAGs
[2024-05-22T22:56:54.393+0000] {logging_mixin.py:188} INFO - [2024-05-22T22:56:54.393+0000] {dag.py:3823} INFO - Setting next_dagrun for example_python_operator to None, run_after=None
[2024-05-22T22:56:54.419+0000] {processor.py:183} INFO - Processing /home/airflow/.local/lib/python3.8/site-packages/airflow/example_dags/example_python_operator.py took 0.094 seconds
[2024-05-22T22:57:24.840+0000] {processor.py:161} INFO - Started process (PID=54561) to work on /home/airflow/.local/lib/python3.8/site-packages/airflow/example_dags/example_python_operator.py
[2024-05-22T22:57:24.841+0000] {processor.py:830} INFO - Processing file /home/airflow/.local/lib/python3.8/site-packages/airflow/example_dags/example_python_operator.py for tasks to queue
[2024-05-22T22:57:24.844+0000] {logging_mixin.py:188} INFO - [2024-05-22T22:57:24.843+0000] {dagbag.py:538} INFO - Filling up the DagBag from /home/airflow/.local/lib/python3.8/site-packages/airflow/example_dags/example_python_operator.py
[2024-05-22T22:57:24.858+0000] {processor.py:840} INFO - DAG(s) 'example_python_operator' retrieved from /home/airflow/.local/lib/python3.8/site-packages/airflow/example_dags/example_python_operator.py
[2024-05-22T22:57:24.887+0000] {logging_mixin.py:188} INFO - [2024-05-22T22:57:24.887+0000] {dag.py:3036} INFO - Sync 1 DAGs
[2024-05-22T22:57:24.906+0000] {logging_mixin.py:188} INFO - [2024-05-22T22:57:24.906+0000] {dag.py:3823} INFO - Setting next_dagrun for example_python_operator to None, run_after=None
[2024-05-22T22:57:24.934+0000] {processor.py:183} INFO - Processing /home/airflow/.local/lib/python3.8/site-packages/airflow/example_dags/example_python_operator.py took 0.098 seconds
[2024-05-22T22:57:55.205+0000] {processor.py:161} INFO - Started process (PID=54618) to work on /home/airflow/.local/lib/python3.8/site-packages/airflow/example_dags/example_python_operator.py
[2024-05-22T22:57:55.206+0000] {processor.py:830} INFO - Processing file /home/airflow/.local/lib/python3.8/site-packages/airflow/example_dags/example_python_operator.py for tasks to queue
[2024-05-22T22:57:55.208+0000] {logging_mixin.py:188} INFO - [2024-05-22T22:57:55.208+0000] {dagbag.py:538} INFO - Filling up the DagBag from /home/airflow/.local/lib/python3.8/site-packages/airflow/example_dags/example_python_operator.py
[2024-05-22T22:57:55.221+0000] {processor.py:840} INFO - DAG(s) 'example_python_operator' retrieved from /home/airflow/.local/lib/python3.8/site-packages/airflow/example_dags/example_python_operator.py
[2024-05-22T22:57:55.249+0000] {logging_mixin.py:188} INFO - [2024-05-22T22:57:55.249+0000] {dag.py:3036} INFO - Sync 1 DAGs
[2024-05-22T22:57:55.263+0000] {logging_mixin.py:188} INFO - [2024-05-22T22:57:55.262+0000] {dag.py:3823} INFO - Setting next_dagrun for example_python_operator to None, run_after=None
[2024-05-22T22:57:55.285+0000] {processor.py:183} INFO - Processing /home/airflow/.local/lib/python3.8/site-packages/airflow/example_dags/example_python_operator.py took 0.084 seconds
[2024-05-22T22:58:25.657+0000] {processor.py:161} INFO - Started process (PID=54675) to work on /home/airflow/.local/lib/python3.8/site-packages/airflow/example_dags/example_python_operator.py
[2024-05-22T22:58:25.658+0000] {processor.py:830} INFO - Processing file /home/airflow/.local/lib/python3.8/site-packages/airflow/example_dags/example_python_operator.py for tasks to queue
[2024-05-22T22:58:25.659+0000] {logging_mixin.py:188} INFO - [2024-05-22T22:58:25.659+0000] {dagbag.py:538} INFO - Filling up the DagBag from /home/airflow/.local/lib/python3.8/site-packages/airflow/example_dags/example_python_operator.py
[2024-05-22T22:58:25.670+0000] {processor.py:840} INFO - DAG(s) 'example_python_operator' retrieved from /home/airflow/.local/lib/python3.8/site-packages/airflow/example_dags/example_python_operator.py
[2024-05-22T22:58:25.696+0000] {logging_mixin.py:188} INFO - [2024-05-22T22:58:25.695+0000] {dag.py:3036} INFO - Sync 1 DAGs
[2024-05-22T22:58:25.709+0000] {logging_mixin.py:188} INFO - [2024-05-22T22:58:25.709+0000] {dag.py:3823} INFO - Setting next_dagrun for example_python_operator to None, run_after=None
[2024-05-22T22:58:25.732+0000] {processor.py:183} INFO - Processing /home/airflow/.local/lib/python3.8/site-packages/airflow/example_dags/example_python_operator.py took 0.078 seconds
[2024-05-22T22:58:56.052+0000] {processor.py:161} INFO - Started process (PID=54732) to work on /home/airflow/.local/lib/python3.8/site-packages/airflow/example_dags/example_python_operator.py
[2024-05-22T22:58:56.053+0000] {processor.py:830} INFO - Processing file /home/airflow/.local/lib/python3.8/site-packages/airflow/example_dags/example_python_operator.py for tasks to queue
[2024-05-22T22:58:56.055+0000] {logging_mixin.py:188} INFO - [2024-05-22T22:58:56.055+0000] {dagbag.py:538} INFO - Filling up the DagBag from /home/airflow/.local/lib/python3.8/site-packages/airflow/example_dags/example_python_operator.py
[2024-05-22T22:58:56.069+0000] {processor.py:840} INFO - DAG(s) 'example_python_operator' retrieved from /home/airflow/.local/lib/python3.8/site-packages/airflow/example_dags/example_python_operator.py
[2024-05-22T22:58:56.101+0000] {logging_mixin.py:188} INFO - [2024-05-22T22:58:56.100+0000] {dag.py:3036} INFO - Sync 1 DAGs
[2024-05-22T22:58:56.118+0000] {logging_mixin.py:188} INFO - [2024-05-22T22:58:56.118+0000] {dag.py:3823} INFO - Setting next_dagrun for example_python_operator to None, run_after=None
[2024-05-22T22:58:56.141+0000] {processor.py:183} INFO - Processing /home/airflow/.local/lib/python3.8/site-packages/airflow/example_dags/example_python_operator.py took 0.093 seconds
[2024-05-22T22:59:26.367+0000] {processor.py:161} INFO - Started process (PID=54789) to work on /home/airflow/.local/lib/python3.8/site-packages/airflow/example_dags/example_python_operator.py
[2024-05-22T22:59:26.369+0000] {processor.py:830} INFO - Processing file /home/airflow/.local/lib/python3.8/site-packages/airflow/example_dags/example_python_operator.py for tasks to queue
[2024-05-22T22:59:26.371+0000] {logging_mixin.py:188} INFO - [2024-05-22T22:59:26.371+0000] {dagbag.py:538} INFO - Filling up the DagBag from /home/airflow/.local/lib/python3.8/site-packages/airflow/example_dags/example_python_operator.py
[2024-05-22T22:59:26.385+0000] {processor.py:840} INFO - DAG(s) 'example_python_operator' retrieved from /home/airflow/.local/lib/python3.8/site-packages/airflow/example_dags/example_python_operator.py
[2024-05-22T22:59:26.414+0000] {logging_mixin.py:188} INFO - [2024-05-22T22:59:26.413+0000] {dag.py:3036} INFO - Sync 1 DAGs
[2024-05-22T22:59:26.432+0000] {logging_mixin.py:188} INFO - [2024-05-22T22:59:26.432+0000] {dag.py:3823} INFO - Setting next_dagrun for example_python_operator to None, run_after=None
[2024-05-22T22:59:26.458+0000] {processor.py:183} INFO - Processing /home/airflow/.local/lib/python3.8/site-packages/airflow/example_dags/example_python_operator.py took 0.095 seconds
[2024-05-22T22:59:56.714+0000] {processor.py:161} INFO - Started process (PID=54846) to work on /home/airflow/.local/lib/python3.8/site-packages/airflow/example_dags/example_python_operator.py
[2024-05-22T22:59:56.715+0000] {processor.py:830} INFO - Processing file /home/airflow/.local/lib/python3.8/site-packages/airflow/example_dags/example_python_operator.py for tasks to queue
[2024-05-22T22:59:56.717+0000] {logging_mixin.py:188} INFO - [2024-05-22T22:59:56.716+0000] {dagbag.py:538} INFO - Filling up the DagBag from /home/airflow/.local/lib/python3.8/site-packages/airflow/example_dags/example_python_operator.py
[2024-05-22T22:59:56.728+0000] {processor.py:840} INFO - DAG(s) 'example_python_operator' retrieved from /home/airflow/.local/lib/python3.8/site-packages/airflow/example_dags/example_python_operator.py
[2024-05-22T22:59:56.755+0000] {logging_mixin.py:188} INFO - [2024-05-22T22:59:56.755+0000] {dag.py:3036} INFO - Sync 1 DAGs
[2024-05-22T22:59:56.769+0000] {logging_mixin.py:188} INFO - [2024-05-22T22:59:56.769+0000] {dag.py:3823} INFO - Setting next_dagrun for example_python_operator to None, run_after=None
[2024-05-22T22:59:56.795+0000] {processor.py:183} INFO - Processing /home/airflow/.local/lib/python3.8/site-packages/airflow/example_dags/example_python_operator.py took 0.084 seconds
[2024-05-22T23:00:26.965+0000] {processor.py:161} INFO - Started process (PID=54903) to work on /home/airflow/.local/lib/python3.8/site-packages/airflow/example_dags/example_python_operator.py
[2024-05-22T23:00:26.966+0000] {processor.py:830} INFO - Processing file /home/airflow/.local/lib/python3.8/site-packages/airflow/example_dags/example_python_operator.py for tasks to queue
[2024-05-22T23:00:26.967+0000] {logging_mixin.py:188} INFO - [2024-05-22T23:00:26.967+0000] {dagbag.py:538} INFO - Filling up the DagBag from /home/airflow/.local/lib/python3.8/site-packages/airflow/example_dags/example_python_operator.py
[2024-05-22T23:00:26.979+0000] {processor.py:840} INFO - DAG(s) 'example_python_operator' retrieved from /home/airflow/.local/lib/python3.8/site-packages/airflow/example_dags/example_python_operator.py
[2024-05-22T23:00:27.004+0000] {logging_mixin.py:188} INFO - [2024-05-22T23:00:27.003+0000] {dag.py:3036} INFO - Sync 1 DAGs
[2024-05-22T23:00:27.018+0000] {logging_mixin.py:188} INFO - [2024-05-22T23:00:27.018+0000] {dag.py:3823} INFO - Setting next_dagrun for example_python_operator to None, run_after=None
[2024-05-22T23:00:27.043+0000] {processor.py:183} INFO - Processing /home/airflow/.local/lib/python3.8/site-packages/airflow/example_dags/example_python_operator.py took 0.081 seconds
[2024-05-22T23:00:57.832+0000] {processor.py:161} INFO - Started process (PID=54960) to work on /home/airflow/.local/lib/python3.8/site-packages/airflow/example_dags/example_python_operator.py
[2024-05-22T23:00:57.833+0000] {processor.py:830} INFO - Processing file /home/airflow/.local/lib/python3.8/site-packages/airflow/example_dags/example_python_operator.py for tasks to queue
[2024-05-22T23:00:57.835+0000] {logging_mixin.py:188} INFO - [2024-05-22T23:00:57.835+0000] {dagbag.py:538} INFO - Filling up the DagBag from /home/airflow/.local/lib/python3.8/site-packages/airflow/example_dags/example_python_operator.py
[2024-05-22T23:00:57.845+0000] {processor.py:840} INFO - DAG(s) 'example_python_operator' retrieved from /home/airflow/.local/lib/python3.8/site-packages/airflow/example_dags/example_python_operator.py
[2024-05-22T23:00:57.869+0000] {logging_mixin.py:188} INFO - [2024-05-22T23:00:57.869+0000] {dag.py:3036} INFO - Sync 1 DAGs
[2024-05-22T23:00:57.886+0000] {logging_mixin.py:188} INFO - [2024-05-22T23:00:57.886+0000] {dag.py:3823} INFO - Setting next_dagrun for example_python_operator to None, run_after=None
[2024-05-22T23:00:57.906+0000] {processor.py:183} INFO - Processing /home/airflow/.local/lib/python3.8/site-packages/airflow/example_dags/example_python_operator.py took 0.079 seconds
[2024-05-22T23:01:28.169+0000] {processor.py:161} INFO - Started process (PID=55017) to work on /home/airflow/.local/lib/python3.8/site-packages/airflow/example_dags/example_python_operator.py
[2024-05-22T23:01:28.170+0000] {processor.py:830} INFO - Processing file /home/airflow/.local/lib/python3.8/site-packages/airflow/example_dags/example_python_operator.py for tasks to queue
[2024-05-22T23:01:28.173+0000] {logging_mixin.py:188} INFO - [2024-05-22T23:01:28.172+0000] {dagbag.py:538} INFO - Filling up the DagBag from /home/airflow/.local/lib/python3.8/site-packages/airflow/example_dags/example_python_operator.py
[2024-05-22T23:01:28.184+0000] {processor.py:840} INFO - DAG(s) 'example_python_operator' retrieved from /home/airflow/.local/lib/python3.8/site-packages/airflow/example_dags/example_python_operator.py
[2024-05-22T23:01:28.209+0000] {logging_mixin.py:188} INFO - [2024-05-22T23:01:28.209+0000] {dag.py:3036} INFO - Sync 1 DAGs
[2024-05-22T23:01:28.222+0000] {logging_mixin.py:188} INFO - [2024-05-22T23:01:28.222+0000] {dag.py:3823} INFO - Setting next_dagrun for example_python_operator to None, run_after=None
[2024-05-22T23:01:28.246+0000] {processor.py:183} INFO - Processing /home/airflow/.local/lib/python3.8/site-packages/airflow/example_dags/example_python_operator.py took 0.081 seconds
[2024-05-22T23:01:58.433+0000] {processor.py:161} INFO - Started process (PID=55074) to work on /home/airflow/.local/lib/python3.8/site-packages/airflow/example_dags/example_python_operator.py
[2024-05-22T23:01:58.434+0000] {processor.py:830} INFO - Processing file /home/airflow/.local/lib/python3.8/site-packages/airflow/example_dags/example_python_operator.py for tasks to queue
[2024-05-22T23:01:58.436+0000] {logging_mixin.py:188} INFO - [2024-05-22T23:01:58.436+0000] {dagbag.py:538} INFO - Filling up the DagBag from /home/airflow/.local/lib/python3.8/site-packages/airflow/example_dags/example_python_operator.py
[2024-05-22T23:01:58.449+0000] {processor.py:840} INFO - DAG(s) 'example_python_operator' retrieved from /home/airflow/.local/lib/python3.8/site-packages/airflow/example_dags/example_python_operator.py
[2024-05-22T23:01:58.479+0000] {logging_mixin.py:188} INFO - [2024-05-22T23:01:58.479+0000] {dag.py:3036} INFO - Sync 1 DAGs
[2024-05-22T23:01:58.494+0000] {logging_mixin.py:188} INFO - [2024-05-22T23:01:58.493+0000] {dag.py:3823} INFO - Setting next_dagrun for example_python_operator to None, run_after=None
[2024-05-22T23:01:58.518+0000] {processor.py:183} INFO - Processing /home/airflow/.local/lib/python3.8/site-packages/airflow/example_dags/example_python_operator.py took 0.089 seconds
[2024-05-22T23:02:28.752+0000] {processor.py:161} INFO - Started process (PID=55132) to work on /home/airflow/.local/lib/python3.8/site-packages/airflow/example_dags/example_python_operator.py
[2024-05-22T23:02:28.753+0000] {processor.py:830} INFO - Processing file /home/airflow/.local/lib/python3.8/site-packages/airflow/example_dags/example_python_operator.py for tasks to queue
[2024-05-22T23:02:28.755+0000] {logging_mixin.py:188} INFO - [2024-05-22T23:02:28.755+0000] {dagbag.py:538} INFO - Filling up the DagBag from /home/airflow/.local/lib/python3.8/site-packages/airflow/example_dags/example_python_operator.py
[2024-05-22T23:02:28.767+0000] {processor.py:840} INFO - DAG(s) 'example_python_operator' retrieved from /home/airflow/.local/lib/python3.8/site-packages/airflow/example_dags/example_python_operator.py
[2024-05-22T23:02:28.790+0000] {logging_mixin.py:188} INFO - [2024-05-22T23:02:28.790+0000] {dag.py:3036} INFO - Sync 1 DAGs
[2024-05-22T23:02:28.802+0000] {logging_mixin.py:188} INFO - [2024-05-22T23:02:28.802+0000] {dag.py:3823} INFO - Setting next_dagrun for example_python_operator to None, run_after=None
[2024-05-22T23:02:28.826+0000] {processor.py:183} INFO - Processing /home/airflow/.local/lib/python3.8/site-packages/airflow/example_dags/example_python_operator.py took 0.077 seconds
[2024-05-22T23:02:59.068+0000] {processor.py:161} INFO - Started process (PID=55189) to work on /home/airflow/.local/lib/python3.8/site-packages/airflow/example_dags/example_python_operator.py
[2024-05-22T23:02:59.069+0000] {processor.py:830} INFO - Processing file /home/airflow/.local/lib/python3.8/site-packages/airflow/example_dags/example_python_operator.py for tasks to queue
[2024-05-22T23:02:59.071+0000] {logging_mixin.py:188} INFO - [2024-05-22T23:02:59.071+0000] {dagbag.py:538} INFO - Filling up the DagBag from /home/airflow/.local/lib/python3.8/site-packages/airflow/example_dags/example_python_operator.py
[2024-05-22T23:02:59.084+0000] {processor.py:840} INFO - DAG(s) 'example_python_operator' retrieved from /home/airflow/.local/lib/python3.8/site-packages/airflow/example_dags/example_python_operator.py
[2024-05-22T23:02:59.109+0000] {logging_mixin.py:188} INFO - [2024-05-22T23:02:59.108+0000] {dag.py:3036} INFO - Sync 1 DAGs
[2024-05-22T23:02:59.123+0000] {logging_mixin.py:188} INFO - [2024-05-22T23:02:59.122+0000] {dag.py:3823} INFO - Setting next_dagrun for example_python_operator to None, run_after=None
[2024-05-22T23:02:59.146+0000] {processor.py:183} INFO - Processing /home/airflow/.local/lib/python3.8/site-packages/airflow/example_dags/example_python_operator.py took 0.081 seconds
[2024-05-22T23:03:29.448+0000] {processor.py:161} INFO - Started process (PID=55246) to work on /home/airflow/.local/lib/python3.8/site-packages/airflow/example_dags/example_python_operator.py
[2024-05-22T23:03:29.449+0000] {processor.py:830} INFO - Processing file /home/airflow/.local/lib/python3.8/site-packages/airflow/example_dags/example_python_operator.py for tasks to queue
[2024-05-22T23:03:29.451+0000] {logging_mixin.py:188} INFO - [2024-05-22T23:03:29.450+0000] {dagbag.py:538} INFO - Filling up the DagBag from /home/airflow/.local/lib/python3.8/site-packages/airflow/example_dags/example_python_operator.py
[2024-05-22T23:03:29.464+0000] {processor.py:840} INFO - DAG(s) 'example_python_operator' retrieved from /home/airflow/.local/lib/python3.8/site-packages/airflow/example_dags/example_python_operator.py
[2024-05-22T23:03:29.496+0000] {logging_mixin.py:188} INFO - [2024-05-22T23:03:29.495+0000] {dag.py:3036} INFO - Sync 1 DAGs
[2024-05-22T23:03:29.513+0000] {logging_mixin.py:188} INFO - [2024-05-22T23:03:29.513+0000] {dag.py:3823} INFO - Setting next_dagrun for example_python_operator to None, run_after=None
[2024-05-22T23:03:29.545+0000] {processor.py:183} INFO - Processing /home/airflow/.local/lib/python3.8/site-packages/airflow/example_dags/example_python_operator.py took 0.101 seconds
[2024-05-22T23:03:59.814+0000] {processor.py:161} INFO - Started process (PID=55304) to work on /home/airflow/.local/lib/python3.8/site-packages/airflow/example_dags/example_python_operator.py
[2024-05-22T23:03:59.816+0000] {processor.py:830} INFO - Processing file /home/airflow/.local/lib/python3.8/site-packages/airflow/example_dags/example_python_operator.py for tasks to queue
[2024-05-22T23:03:59.818+0000] {logging_mixin.py:188} INFO - [2024-05-22T23:03:59.818+0000] {dagbag.py:538} INFO - Filling up the DagBag from /home/airflow/.local/lib/python3.8/site-packages/airflow/example_dags/example_python_operator.py
[2024-05-22T23:03:59.835+0000] {processor.py:840} INFO - DAG(s) 'example_python_operator' retrieved from /home/airflow/.local/lib/python3.8/site-packages/airflow/example_dags/example_python_operator.py
[2024-05-22T23:03:59.864+0000] {logging_mixin.py:188} INFO - [2024-05-22T23:03:59.864+0000] {dag.py:3036} INFO - Sync 1 DAGs
[2024-05-22T23:03:59.880+0000] {logging_mixin.py:188} INFO - [2024-05-22T23:03:59.880+0000] {dag.py:3823} INFO - Setting next_dagrun for example_python_operator to None, run_after=None
[2024-05-22T23:03:59.908+0000] {processor.py:183} INFO - Processing /home/airflow/.local/lib/python3.8/site-packages/airflow/example_dags/example_python_operator.py took 0.099 seconds
[2024-05-22T23:04:30.571+0000] {processor.py:161} INFO - Started process (PID=55361) to work on /home/airflow/.local/lib/python3.8/site-packages/airflow/example_dags/example_python_operator.py
[2024-05-22T23:04:30.572+0000] {processor.py:830} INFO - Processing file /home/airflow/.local/lib/python3.8/site-packages/airflow/example_dags/example_python_operator.py for tasks to queue
[2024-05-22T23:04:30.574+0000] {logging_mixin.py:188} INFO - [2024-05-22T23:04:30.573+0000] {dagbag.py:538} INFO - Filling up the DagBag from /home/airflow/.local/lib/python3.8/site-packages/airflow/example_dags/example_python_operator.py
[2024-05-22T23:04:30.586+0000] {processor.py:840} INFO - DAG(s) 'example_python_operator' retrieved from /home/airflow/.local/lib/python3.8/site-packages/airflow/example_dags/example_python_operator.py
[2024-05-22T23:04:30.618+0000] {logging_mixin.py:188} INFO - [2024-05-22T23:04:30.617+0000] {dag.py:3036} INFO - Sync 1 DAGs
[2024-05-22T23:04:30.635+0000] {logging_mixin.py:188} INFO - [2024-05-22T23:04:30.635+0000] {dag.py:3823} INFO - Setting next_dagrun for example_python_operator to None, run_after=None
[2024-05-22T23:04:30.666+0000] {processor.py:183} INFO - Processing /home/airflow/.local/lib/python3.8/site-packages/airflow/example_dags/example_python_operator.py took 0.099 seconds
[2024-05-22T23:05:01.133+0000] {processor.py:161} INFO - Started process (PID=55418) to work on /home/airflow/.local/lib/python3.8/site-packages/airflow/example_dags/example_python_operator.py
[2024-05-22T23:05:01.134+0000] {processor.py:830} INFO - Processing file /home/airflow/.local/lib/python3.8/site-packages/airflow/example_dags/example_python_operator.py for tasks to queue
[2024-05-22T23:05:01.136+0000] {logging_mixin.py:188} INFO - [2024-05-22T23:05:01.135+0000] {dagbag.py:538} INFO - Filling up the DagBag from /home/airflow/.local/lib/python3.8/site-packages/airflow/example_dags/example_python_operator.py
[2024-05-22T23:05:01.148+0000] {processor.py:840} INFO - DAG(s) 'example_python_operator' retrieved from /home/airflow/.local/lib/python3.8/site-packages/airflow/example_dags/example_python_operator.py
[2024-05-22T23:05:01.176+0000] {logging_mixin.py:188} INFO - [2024-05-22T23:05:01.176+0000] {dag.py:3036} INFO - Sync 1 DAGs
[2024-05-22T23:05:01.190+0000] {logging_mixin.py:188} INFO - [2024-05-22T23:05:01.190+0000] {dag.py:3823} INFO - Setting next_dagrun for example_python_operator to None, run_after=None
[2024-05-22T23:05:01.213+0000] {processor.py:183} INFO - Processing /home/airflow/.local/lib/python3.8/site-packages/airflow/example_dags/example_python_operator.py took 0.084 seconds
[2024-05-22T23:05:31.482+0000] {processor.py:161} INFO - Started process (PID=55475) to work on /home/airflow/.local/lib/python3.8/site-packages/airflow/example_dags/example_python_operator.py
[2024-05-22T23:05:31.482+0000] {processor.py:830} INFO - Processing file /home/airflow/.local/lib/python3.8/site-packages/airflow/example_dags/example_python_operator.py for tasks to queue
[2024-05-22T23:05:31.484+0000] {logging_mixin.py:188} INFO - [2024-05-22T23:05:31.484+0000] {dagbag.py:538} INFO - Filling up the DagBag from /home/airflow/.local/lib/python3.8/site-packages/airflow/example_dags/example_python_operator.py
[2024-05-22T23:05:31.494+0000] {processor.py:840} INFO - DAG(s) 'example_python_operator' retrieved from /home/airflow/.local/lib/python3.8/site-packages/airflow/example_dags/example_python_operator.py
[2024-05-22T23:05:31.521+0000] {logging_mixin.py:188} INFO - [2024-05-22T23:05:31.521+0000] {dag.py:3036} INFO - Sync 1 DAGs
[2024-05-22T23:05:31.535+0000] {logging_mixin.py:188} INFO - [2024-05-22T23:05:31.535+0000] {dag.py:3823} INFO - Setting next_dagrun for example_python_operator to None, run_after=None
[2024-05-22T23:05:31.559+0000] {processor.py:183} INFO - Processing /home/airflow/.local/lib/python3.8/site-packages/airflow/example_dags/example_python_operator.py took 0.080 seconds
[2024-05-22T23:06:02.049+0000] {processor.py:161} INFO - Started process (PID=55532) to work on /home/airflow/.local/lib/python3.8/site-packages/airflow/example_dags/example_python_operator.py
[2024-05-22T23:06:02.049+0000] {processor.py:830} INFO - Processing file /home/airflow/.local/lib/python3.8/site-packages/airflow/example_dags/example_python_operator.py for tasks to queue
[2024-05-22T23:06:02.051+0000] {logging_mixin.py:188} INFO - [2024-05-22T23:06:02.051+0000] {dagbag.py:538} INFO - Filling up the DagBag from /home/airflow/.local/lib/python3.8/site-packages/airflow/example_dags/example_python_operator.py
[2024-05-22T23:06:02.062+0000] {processor.py:840} INFO - DAG(s) 'example_python_operator' retrieved from /home/airflow/.local/lib/python3.8/site-packages/airflow/example_dags/example_python_operator.py
[2024-05-22T23:06:02.090+0000] {logging_mixin.py:188} INFO - [2024-05-22T23:06:02.090+0000] {dag.py:3036} INFO - Sync 1 DAGs
[2024-05-22T23:06:02.109+0000] {logging_mixin.py:188} INFO - [2024-05-22T23:06:02.109+0000] {dag.py:3823} INFO - Setting next_dagrun for example_python_operator to None, run_after=None
[2024-05-22T23:06:02.134+0000] {processor.py:183} INFO - Processing /home/airflow/.local/lib/python3.8/site-packages/airflow/example_dags/example_python_operator.py took 0.088 seconds
[2024-05-22T23:06:32.647+0000] {processor.py:161} INFO - Started process (PID=55589) to work on /home/airflow/.local/lib/python3.8/site-packages/airflow/example_dags/example_python_operator.py
[2024-05-22T23:06:32.648+0000] {processor.py:830} INFO - Processing file /home/airflow/.local/lib/python3.8/site-packages/airflow/example_dags/example_python_operator.py for tasks to queue
[2024-05-22T23:06:32.650+0000] {logging_mixin.py:188} INFO - [2024-05-22T23:06:32.649+0000] {dagbag.py:538} INFO - Filling up the DagBag from /home/airflow/.local/lib/python3.8/site-packages/airflow/example_dags/example_python_operator.py
[2024-05-22T23:06:32.660+0000] {processor.py:840} INFO - DAG(s) 'example_python_operator' retrieved from /home/airflow/.local/lib/python3.8/site-packages/airflow/example_dags/example_python_operator.py
[2024-05-22T23:06:32.688+0000] {logging_mixin.py:188} INFO - [2024-05-22T23:06:32.687+0000] {dag.py:3036} INFO - Sync 1 DAGs
[2024-05-22T23:06:32.703+0000] {logging_mixin.py:188} INFO - [2024-05-22T23:06:32.703+0000] {dag.py:3823} INFO - Setting next_dagrun for example_python_operator to None, run_after=None
[2024-05-22T23:06:32.727+0000] {processor.py:183} INFO - Processing /home/airflow/.local/lib/python3.8/site-packages/airflow/example_dags/example_python_operator.py took 0.083 seconds
[2024-05-22T23:07:02.942+0000] {processor.py:161} INFO - Started process (PID=55646) to work on /home/airflow/.local/lib/python3.8/site-packages/airflow/example_dags/example_python_operator.py
[2024-05-22T23:07:02.943+0000] {processor.py:830} INFO - Processing file /home/airflow/.local/lib/python3.8/site-packages/airflow/example_dags/example_python_operator.py for tasks to queue
[2024-05-22T23:07:02.945+0000] {logging_mixin.py:188} INFO - [2024-05-22T23:07:02.945+0000] {dagbag.py:538} INFO - Filling up the DagBag from /home/airflow/.local/lib/python3.8/site-packages/airflow/example_dags/example_python_operator.py
[2024-05-22T23:07:02.958+0000] {processor.py:840} INFO - DAG(s) 'example_python_operator' retrieved from /home/airflow/.local/lib/python3.8/site-packages/airflow/example_dags/example_python_operator.py
[2024-05-22T23:07:02.983+0000] {logging_mixin.py:188} INFO - [2024-05-22T23:07:02.982+0000] {dag.py:3036} INFO - Sync 1 DAGs
[2024-05-22T23:07:02.998+0000] {logging_mixin.py:188} INFO - [2024-05-22T23:07:02.997+0000] {dag.py:3823} INFO - Setting next_dagrun for example_python_operator to None, run_after=None
[2024-05-22T23:07:03.024+0000] {processor.py:183} INFO - Processing /home/airflow/.local/lib/python3.8/site-packages/airflow/example_dags/example_python_operator.py took 0.084 seconds
[2024-05-22T23:07:33.158+0000] {processor.py:161} INFO - Started process (PID=55703) to work on /home/airflow/.local/lib/python3.8/site-packages/airflow/example_dags/example_python_operator.py
[2024-05-22T23:07:33.159+0000] {processor.py:830} INFO - Processing file /home/airflow/.local/lib/python3.8/site-packages/airflow/example_dags/example_python_operator.py for tasks to queue
[2024-05-22T23:07:33.161+0000] {logging_mixin.py:188} INFO - [2024-05-22T23:07:33.161+0000] {dagbag.py:538} INFO - Filling up the DagBag from /home/airflow/.local/lib/python3.8/site-packages/airflow/example_dags/example_python_operator.py
[2024-05-22T23:07:33.173+0000] {processor.py:840} INFO - DAG(s) 'example_python_operator' retrieved from /home/airflow/.local/lib/python3.8/site-packages/airflow/example_dags/example_python_operator.py
[2024-05-22T23:07:33.197+0000] {logging_mixin.py:188} INFO - [2024-05-22T23:07:33.197+0000] {dag.py:3036} INFO - Sync 1 DAGs
[2024-05-22T23:07:33.212+0000] {logging_mixin.py:188} INFO - [2024-05-22T23:07:33.212+0000] {dag.py:3823} INFO - Setting next_dagrun for example_python_operator to None, run_after=None
[2024-05-22T23:07:33.233+0000] {processor.py:183} INFO - Processing /home/airflow/.local/lib/python3.8/site-packages/airflow/example_dags/example_python_operator.py took 0.078 seconds
[2024-05-22T23:08:04.031+0000] {processor.py:161} INFO - Started process (PID=55760) to work on /home/airflow/.local/lib/python3.8/site-packages/airflow/example_dags/example_python_operator.py
[2024-05-22T23:08:04.032+0000] {processor.py:830} INFO - Processing file /home/airflow/.local/lib/python3.8/site-packages/airflow/example_dags/example_python_operator.py for tasks to queue
[2024-05-22T23:08:04.035+0000] {logging_mixin.py:188} INFO - [2024-05-22T23:08:04.035+0000] {dagbag.py:538} INFO - Filling up the DagBag from /home/airflow/.local/lib/python3.8/site-packages/airflow/example_dags/example_python_operator.py
[2024-05-22T23:08:04.053+0000] {processor.py:840} INFO - DAG(s) 'example_python_operator' retrieved from /home/airflow/.local/lib/python3.8/site-packages/airflow/example_dags/example_python_operator.py
[2024-05-22T23:08:04.088+0000] {logging_mixin.py:188} INFO - [2024-05-22T23:08:04.088+0000] {dag.py:3036} INFO - Sync 1 DAGs
[2024-05-22T23:08:04.107+0000] {logging_mixin.py:188} INFO - [2024-05-22T23:08:04.107+0000] {dag.py:3823} INFO - Setting next_dagrun for example_python_operator to None, run_after=None
[2024-05-22T23:08:04.134+0000] {processor.py:183} INFO - Processing /home/airflow/.local/lib/python3.8/site-packages/airflow/example_dags/example_python_operator.py took 0.106 seconds
[2024-05-22T23:08:34.934+0000] {processor.py:161} INFO - Started process (PID=55817) to work on /home/airflow/.local/lib/python3.8/site-packages/airflow/example_dags/example_python_operator.py
[2024-05-22T23:08:34.935+0000] {processor.py:830} INFO - Processing file /home/airflow/.local/lib/python3.8/site-packages/airflow/example_dags/example_python_operator.py for tasks to queue
[2024-05-22T23:08:34.936+0000] {logging_mixin.py:188} INFO - [2024-05-22T23:08:34.936+0000] {dagbag.py:538} INFO - Filling up the DagBag from /home/airflow/.local/lib/python3.8/site-packages/airflow/example_dags/example_python_operator.py
[2024-05-22T23:08:34.947+0000] {processor.py:840} INFO - DAG(s) 'example_python_operator' retrieved from /home/airflow/.local/lib/python3.8/site-packages/airflow/example_dags/example_python_operator.py
[2024-05-22T23:08:34.972+0000] {logging_mixin.py:188} INFO - [2024-05-22T23:08:34.972+0000] {dag.py:3036} INFO - Sync 1 DAGs
[2024-05-22T23:08:34.987+0000] {logging_mixin.py:188} INFO - [2024-05-22T23:08:34.986+0000] {dag.py:3823} INFO - Setting next_dagrun for example_python_operator to None, run_after=None
[2024-05-22T23:08:35.010+0000] {processor.py:183} INFO - Processing /home/airflow/.local/lib/python3.8/site-packages/airflow/example_dags/example_python_operator.py took 0.079 seconds
[2024-05-22T23:09:05.707+0000] {processor.py:161} INFO - Started process (PID=55874) to work on /home/airflow/.local/lib/python3.8/site-packages/airflow/example_dags/example_python_operator.py
[2024-05-22T23:09:05.708+0000] {processor.py:830} INFO - Processing file /home/airflow/.local/lib/python3.8/site-packages/airflow/example_dags/example_python_operator.py for tasks to queue
[2024-05-22T23:09:05.710+0000] {logging_mixin.py:188} INFO - [2024-05-22T23:09:05.709+0000] {dagbag.py:538} INFO - Filling up the DagBag from /home/airflow/.local/lib/python3.8/site-packages/airflow/example_dags/example_python_operator.py
[2024-05-22T23:09:05.721+0000] {processor.py:840} INFO - DAG(s) 'example_python_operator' retrieved from /home/airflow/.local/lib/python3.8/site-packages/airflow/example_dags/example_python_operator.py
[2024-05-22T23:09:05.745+0000] {logging_mixin.py:188} INFO - [2024-05-22T23:09:05.744+0000] {dag.py:3036} INFO - Sync 1 DAGs
[2024-05-22T23:09:05.758+0000] {logging_mixin.py:188} INFO - [2024-05-22T23:09:05.758+0000] {dag.py:3823} INFO - Setting next_dagrun for example_python_operator to None, run_after=None
[2024-05-22T23:09:05.781+0000] {processor.py:183} INFO - Processing /home/airflow/.local/lib/python3.8/site-packages/airflow/example_dags/example_python_operator.py took 0.077 seconds
[2024-05-22T23:09:36.137+0000] {processor.py:161} INFO - Started process (PID=55931) to work on /home/airflow/.local/lib/python3.8/site-packages/airflow/example_dags/example_python_operator.py
[2024-05-22T23:09:36.139+0000] {processor.py:830} INFO - Processing file /home/airflow/.local/lib/python3.8/site-packages/airflow/example_dags/example_python_operator.py for tasks to queue
[2024-05-22T23:09:36.140+0000] {logging_mixin.py:188} INFO - [2024-05-22T23:09:36.140+0000] {dagbag.py:538} INFO - Filling up the DagBag from /home/airflow/.local/lib/python3.8/site-packages/airflow/example_dags/example_python_operator.py
[2024-05-22T23:09:36.151+0000] {processor.py:840} INFO - DAG(s) 'example_python_operator' retrieved from /home/airflow/.local/lib/python3.8/site-packages/airflow/example_dags/example_python_operator.py
[2024-05-22T23:09:36.177+0000] {logging_mixin.py:188} INFO - [2024-05-22T23:09:36.176+0000] {dag.py:3036} INFO - Sync 1 DAGs
[2024-05-22T23:09:36.191+0000] {logging_mixin.py:188} INFO - [2024-05-22T23:09:36.191+0000] {dag.py:3823} INFO - Setting next_dagrun for example_python_operator to None, run_after=None
[2024-05-22T23:09:36.213+0000] {processor.py:183} INFO - Processing /home/airflow/.local/lib/python3.8/site-packages/airflow/example_dags/example_python_operator.py took 0.079 seconds
[2024-05-22T23:10:06.549+0000] {processor.py:161} INFO - Started process (PID=55988) to work on /home/airflow/.local/lib/python3.8/site-packages/airflow/example_dags/example_python_operator.py
[2024-05-22T23:10:06.550+0000] {processor.py:830} INFO - Processing file /home/airflow/.local/lib/python3.8/site-packages/airflow/example_dags/example_python_operator.py for tasks to queue
[2024-05-22T23:10:06.552+0000] {logging_mixin.py:188} INFO - [2024-05-22T23:10:06.552+0000] {dagbag.py:538} INFO - Filling up the DagBag from /home/airflow/.local/lib/python3.8/site-packages/airflow/example_dags/example_python_operator.py
[2024-05-22T23:10:06.563+0000] {processor.py:840} INFO - DAG(s) 'example_python_operator' retrieved from /home/airflow/.local/lib/python3.8/site-packages/airflow/example_dags/example_python_operator.py
[2024-05-22T23:10:06.593+0000] {logging_mixin.py:188} INFO - [2024-05-22T23:10:06.593+0000] {dag.py:3036} INFO - Sync 1 DAGs
[2024-05-22T23:10:06.610+0000] {logging_mixin.py:188} INFO - [2024-05-22T23:10:06.609+0000] {dag.py:3823} INFO - Setting next_dagrun for example_python_operator to None, run_after=None
[2024-05-22T23:10:06.632+0000] {processor.py:183} INFO - Processing /home/airflow/.local/lib/python3.8/site-packages/airflow/example_dags/example_python_operator.py took 0.085 seconds
