[2024-05-22T22:36:38.998+0000] {processor.py:161} INFO - Started process (PID=52232) to work on /home/airflow/.local/lib/python3.8/site-packages/airflow/example_dags/example_kubernetes_executor.py
[2024-05-22T22:36:39.001+0000] {processor.py:830} INFO - Processing file /home/airflow/.local/lib/python3.8/site-packages/airflow/example_dags/example_kubernetes_executor.py for tasks to queue
[2024-05-22T22:36:39.006+0000] {logging_mixin.py:188} INFO - [2024-05-22T22:36:39.004+0000] {dagbag.py:538} INFO - Filling up the DagBag from /home/airflow/.local/lib/python3.8/site-packages/airflow/example_dags/example_kubernetes_executor.py
[2024-05-22T22:36:39.071+0000] {processor.py:840} INFO - DAG(s) 'example_kubernetes_executor' retrieved from /home/airflow/.local/lib/python3.8/site-packages/airflow/example_dags/example_kubernetes_executor.py
[2024-05-22T22:36:39.285+0000] {logging_mixin.py:188} INFO - [2024-05-22T22:36:39.284+0000] {dag.py:3036} INFO - Sync 1 DAGs
[2024-05-22T22:36:39.351+0000] {logging_mixin.py:188} INFO - [2024-05-22T22:36:39.350+0000] {dag.py:3823} INFO - Setting next_dagrun for example_kubernetes_executor to None, run_after=None
[2024-05-22T22:36:39.452+0000] {processor.py:183} INFO - Processing /home/airflow/.local/lib/python3.8/site-packages/airflow/example_dags/example_kubernetes_executor.py took 0.468 seconds
[2024-05-22T22:37:09.802+0000] {processor.py:161} INFO - Started process (PID=52295) to work on /home/airflow/.local/lib/python3.8/site-packages/airflow/example_dags/example_kubernetes_executor.py
[2024-05-22T22:37:09.802+0000] {processor.py:830} INFO - Processing file /home/airflow/.local/lib/python3.8/site-packages/airflow/example_dags/example_kubernetes_executor.py for tasks to queue
[2024-05-22T22:37:09.804+0000] {logging_mixin.py:188} INFO - [2024-05-22T22:37:09.804+0000] {dagbag.py:538} INFO - Filling up the DagBag from /home/airflow/.local/lib/python3.8/site-packages/airflow/example_dags/example_kubernetes_executor.py
[2024-05-22T22:37:09.818+0000] {processor.py:840} INFO - DAG(s) 'example_kubernetes_executor' retrieved from /home/airflow/.local/lib/python3.8/site-packages/airflow/example_dags/example_kubernetes_executor.py
[2024-05-22T22:37:09.854+0000] {logging_mixin.py:188} INFO - [2024-05-22T22:37:09.854+0000] {dag.py:3036} INFO - Sync 1 DAGs
[2024-05-22T22:37:09.868+0000] {logging_mixin.py:188} INFO - [2024-05-22T22:37:09.868+0000] {dag.py:3823} INFO - Setting next_dagrun for example_kubernetes_executor to None, run_after=None
[2024-05-22T22:37:09.888+0000] {processor.py:183} INFO - Processing /home/airflow/.local/lib/python3.8/site-packages/airflow/example_dags/example_kubernetes_executor.py took 0.090 seconds
[2024-05-22T22:37:40.314+0000] {processor.py:161} INFO - Started process (PID=52352) to work on /home/airflow/.local/lib/python3.8/site-packages/airflow/example_dags/example_kubernetes_executor.py
[2024-05-22T22:37:40.315+0000] {processor.py:830} INFO - Processing file /home/airflow/.local/lib/python3.8/site-packages/airflow/example_dags/example_kubernetes_executor.py for tasks to queue
[2024-05-22T22:37:40.317+0000] {logging_mixin.py:188} INFO - [2024-05-22T22:37:40.317+0000] {dagbag.py:538} INFO - Filling up the DagBag from /home/airflow/.local/lib/python3.8/site-packages/airflow/example_dags/example_kubernetes_executor.py
[2024-05-22T22:37:40.334+0000] {processor.py:840} INFO - DAG(s) 'example_kubernetes_executor' retrieved from /home/airflow/.local/lib/python3.8/site-packages/airflow/example_dags/example_kubernetes_executor.py
[2024-05-22T22:37:40.375+0000] {logging_mixin.py:188} INFO - [2024-05-22T22:37:40.374+0000] {dag.py:3036} INFO - Sync 1 DAGs
[2024-05-22T22:37:40.387+0000] {logging_mixin.py:188} INFO - [2024-05-22T22:37:40.387+0000] {dag.py:3823} INFO - Setting next_dagrun for example_kubernetes_executor to None, run_after=None
[2024-05-22T22:37:40.411+0000] {processor.py:183} INFO - Processing /home/airflow/.local/lib/python3.8/site-packages/airflow/example_dags/example_kubernetes_executor.py took 0.100 seconds
[2024-05-22T22:38:10.834+0000] {processor.py:161} INFO - Started process (PID=52409) to work on /home/airflow/.local/lib/python3.8/site-packages/airflow/example_dags/example_kubernetes_executor.py
[2024-05-22T22:38:10.835+0000] {processor.py:830} INFO - Processing file /home/airflow/.local/lib/python3.8/site-packages/airflow/example_dags/example_kubernetes_executor.py for tasks to queue
[2024-05-22T22:38:10.837+0000] {logging_mixin.py:188} INFO - [2024-05-22T22:38:10.837+0000] {dagbag.py:538} INFO - Filling up the DagBag from /home/airflow/.local/lib/python3.8/site-packages/airflow/example_dags/example_kubernetes_executor.py
[2024-05-22T22:38:10.851+0000] {processor.py:840} INFO - DAG(s) 'example_kubernetes_executor' retrieved from /home/airflow/.local/lib/python3.8/site-packages/airflow/example_dags/example_kubernetes_executor.py
[2024-05-22T22:38:10.890+0000] {logging_mixin.py:188} INFO - [2024-05-22T22:38:10.889+0000] {dag.py:3036} INFO - Sync 1 DAGs
[2024-05-22T22:38:10.901+0000] {logging_mixin.py:188} INFO - [2024-05-22T22:38:10.901+0000] {dag.py:3823} INFO - Setting next_dagrun for example_kubernetes_executor to None, run_after=None
[2024-05-22T22:38:10.921+0000] {processor.py:183} INFO - Processing /home/airflow/.local/lib/python3.8/site-packages/airflow/example_dags/example_kubernetes_executor.py took 0.090 seconds
[2024-05-22T22:38:41.330+0000] {processor.py:161} INFO - Started process (PID=52466) to work on /home/airflow/.local/lib/python3.8/site-packages/airflow/example_dags/example_kubernetes_executor.py
[2024-05-22T22:38:41.331+0000] {processor.py:830} INFO - Processing file /home/airflow/.local/lib/python3.8/site-packages/airflow/example_dags/example_kubernetes_executor.py for tasks to queue
[2024-05-22T22:38:41.333+0000] {logging_mixin.py:188} INFO - [2024-05-22T22:38:41.333+0000] {dagbag.py:538} INFO - Filling up the DagBag from /home/airflow/.local/lib/python3.8/site-packages/airflow/example_dags/example_kubernetes_executor.py
[2024-05-22T22:38:41.350+0000] {processor.py:840} INFO - DAG(s) 'example_kubernetes_executor' retrieved from /home/airflow/.local/lib/python3.8/site-packages/airflow/example_dags/example_kubernetes_executor.py
[2024-05-22T22:38:41.390+0000] {logging_mixin.py:188} INFO - [2024-05-22T22:38:41.390+0000] {dag.py:3036} INFO - Sync 1 DAGs
[2024-05-22T22:38:41.405+0000] {logging_mixin.py:188} INFO - [2024-05-22T22:38:41.405+0000] {dag.py:3823} INFO - Setting next_dagrun for example_kubernetes_executor to None, run_after=None
[2024-05-22T22:38:41.426+0000] {processor.py:183} INFO - Processing /home/airflow/.local/lib/python3.8/site-packages/airflow/example_dags/example_kubernetes_executor.py took 0.099 seconds
[2024-05-22T22:39:11.759+0000] {processor.py:161} INFO - Started process (PID=52523) to work on /home/airflow/.local/lib/python3.8/site-packages/airflow/example_dags/example_kubernetes_executor.py
[2024-05-22T22:39:11.760+0000] {processor.py:830} INFO - Processing file /home/airflow/.local/lib/python3.8/site-packages/airflow/example_dags/example_kubernetes_executor.py for tasks to queue
[2024-05-22T22:39:11.762+0000] {logging_mixin.py:188} INFO - [2024-05-22T22:39:11.761+0000] {dagbag.py:538} INFO - Filling up the DagBag from /home/airflow/.local/lib/python3.8/site-packages/airflow/example_dags/example_kubernetes_executor.py
[2024-05-22T22:39:11.780+0000] {processor.py:840} INFO - DAG(s) 'example_kubernetes_executor' retrieved from /home/airflow/.local/lib/python3.8/site-packages/airflow/example_dags/example_kubernetes_executor.py
[2024-05-22T22:39:11.824+0000] {logging_mixin.py:188} INFO - [2024-05-22T22:39:11.824+0000] {dag.py:3036} INFO - Sync 1 DAGs
[2024-05-22T22:39:11.837+0000] {logging_mixin.py:188} INFO - [2024-05-22T22:39:11.837+0000] {dag.py:3823} INFO - Setting next_dagrun for example_kubernetes_executor to None, run_after=None
[2024-05-22T22:39:11.867+0000] {processor.py:183} INFO - Processing /home/airflow/.local/lib/python3.8/site-packages/airflow/example_dags/example_kubernetes_executor.py took 0.111 seconds
[2024-05-22T22:39:42.136+0000] {processor.py:161} INFO - Started process (PID=52580) to work on /home/airflow/.local/lib/python3.8/site-packages/airflow/example_dags/example_kubernetes_executor.py
[2024-05-22T22:39:42.137+0000] {processor.py:830} INFO - Processing file /home/airflow/.local/lib/python3.8/site-packages/airflow/example_dags/example_kubernetes_executor.py for tasks to queue
[2024-05-22T22:39:42.139+0000] {logging_mixin.py:188} INFO - [2024-05-22T22:39:42.139+0000] {dagbag.py:538} INFO - Filling up the DagBag from /home/airflow/.local/lib/python3.8/site-packages/airflow/example_dags/example_kubernetes_executor.py
[2024-05-22T22:39:42.155+0000] {processor.py:840} INFO - DAG(s) 'example_kubernetes_executor' retrieved from /home/airflow/.local/lib/python3.8/site-packages/airflow/example_dags/example_kubernetes_executor.py
[2024-05-22T22:39:42.194+0000] {logging_mixin.py:188} INFO - [2024-05-22T22:39:42.194+0000] {dag.py:3036} INFO - Sync 1 DAGs
[2024-05-22T22:39:42.208+0000] {logging_mixin.py:188} INFO - [2024-05-22T22:39:42.208+0000] {dag.py:3823} INFO - Setting next_dagrun for example_kubernetes_executor to None, run_after=None
[2024-05-22T22:39:42.235+0000] {processor.py:183} INFO - Processing /home/airflow/.local/lib/python3.8/site-packages/airflow/example_dags/example_kubernetes_executor.py took 0.102 seconds
[2024-05-22T22:40:12.605+0000] {processor.py:161} INFO - Started process (PID=52637) to work on /home/airflow/.local/lib/python3.8/site-packages/airflow/example_dags/example_kubernetes_executor.py
[2024-05-22T22:40:12.605+0000] {processor.py:830} INFO - Processing file /home/airflow/.local/lib/python3.8/site-packages/airflow/example_dags/example_kubernetes_executor.py for tasks to queue
[2024-05-22T22:40:12.607+0000] {logging_mixin.py:188} INFO - [2024-05-22T22:40:12.607+0000] {dagbag.py:538} INFO - Filling up the DagBag from /home/airflow/.local/lib/python3.8/site-packages/airflow/example_dags/example_kubernetes_executor.py
[2024-05-22T22:40:12.621+0000] {processor.py:840} INFO - DAG(s) 'example_kubernetes_executor' retrieved from /home/airflow/.local/lib/python3.8/site-packages/airflow/example_dags/example_kubernetes_executor.py
[2024-05-22T22:40:12.663+0000] {logging_mixin.py:188} INFO - [2024-05-22T22:40:12.662+0000] {dag.py:3036} INFO - Sync 1 DAGs
[2024-05-22T22:40:12.677+0000] {logging_mixin.py:188} INFO - [2024-05-22T22:40:12.677+0000] {dag.py:3823} INFO - Setting next_dagrun for example_kubernetes_executor to None, run_after=None
[2024-05-22T22:40:12.697+0000] {processor.py:183} INFO - Processing /home/airflow/.local/lib/python3.8/site-packages/airflow/example_dags/example_kubernetes_executor.py took 0.095 seconds
[2024-05-22T22:40:42.970+0000] {processor.py:161} INFO - Started process (PID=52694) to work on /home/airflow/.local/lib/python3.8/site-packages/airflow/example_dags/example_kubernetes_executor.py
[2024-05-22T22:40:42.971+0000] {processor.py:830} INFO - Processing file /home/airflow/.local/lib/python3.8/site-packages/airflow/example_dags/example_kubernetes_executor.py for tasks to queue
[2024-05-22T22:40:42.973+0000] {logging_mixin.py:188} INFO - [2024-05-22T22:40:42.973+0000] {dagbag.py:538} INFO - Filling up the DagBag from /home/airflow/.local/lib/python3.8/site-packages/airflow/example_dags/example_kubernetes_executor.py
[2024-05-22T22:40:42.987+0000] {processor.py:840} INFO - DAG(s) 'example_kubernetes_executor' retrieved from /home/airflow/.local/lib/python3.8/site-packages/airflow/example_dags/example_kubernetes_executor.py
[2024-05-22T22:40:43.035+0000] {logging_mixin.py:188} INFO - [2024-05-22T22:40:43.035+0000] {dag.py:3036} INFO - Sync 1 DAGs
[2024-05-22T22:40:43.051+0000] {logging_mixin.py:188} INFO - [2024-05-22T22:40:43.051+0000] {dag.py:3823} INFO - Setting next_dagrun for example_kubernetes_executor to None, run_after=None
[2024-05-22T22:40:43.088+0000] {processor.py:183} INFO - Processing /home/airflow/.local/lib/python3.8/site-packages/airflow/example_dags/example_kubernetes_executor.py took 0.121 seconds
[2024-05-22T22:41:13.496+0000] {processor.py:161} INFO - Started process (PID=52751) to work on /home/airflow/.local/lib/python3.8/site-packages/airflow/example_dags/example_kubernetes_executor.py
[2024-05-22T22:41:13.497+0000] {processor.py:830} INFO - Processing file /home/airflow/.local/lib/python3.8/site-packages/airflow/example_dags/example_kubernetes_executor.py for tasks to queue
[2024-05-22T22:41:13.498+0000] {logging_mixin.py:188} INFO - [2024-05-22T22:41:13.498+0000] {dagbag.py:538} INFO - Filling up the DagBag from /home/airflow/.local/lib/python3.8/site-packages/airflow/example_dags/example_kubernetes_executor.py
[2024-05-22T22:41:13.514+0000] {processor.py:840} INFO - DAG(s) 'example_kubernetes_executor' retrieved from /home/airflow/.local/lib/python3.8/site-packages/airflow/example_dags/example_kubernetes_executor.py
[2024-05-22T22:41:13.560+0000] {logging_mixin.py:188} INFO - [2024-05-22T22:41:13.560+0000] {dag.py:3036} INFO - Sync 1 DAGs
[2024-05-22T22:41:13.574+0000] {logging_mixin.py:188} INFO - [2024-05-22T22:41:13.573+0000] {dag.py:3823} INFO - Setting next_dagrun for example_kubernetes_executor to None, run_after=None
[2024-05-22T22:41:13.594+0000] {processor.py:183} INFO - Processing /home/airflow/.local/lib/python3.8/site-packages/airflow/example_dags/example_kubernetes_executor.py took 0.102 seconds
[2024-05-22T22:41:44.049+0000] {processor.py:161} INFO - Started process (PID=52808) to work on /home/airflow/.local/lib/python3.8/site-packages/airflow/example_dags/example_kubernetes_executor.py
[2024-05-22T22:41:44.050+0000] {processor.py:830} INFO - Processing file /home/airflow/.local/lib/python3.8/site-packages/airflow/example_dags/example_kubernetes_executor.py for tasks to queue
[2024-05-22T22:41:44.052+0000] {logging_mixin.py:188} INFO - [2024-05-22T22:41:44.051+0000] {dagbag.py:538} INFO - Filling up the DagBag from /home/airflow/.local/lib/python3.8/site-packages/airflow/example_dags/example_kubernetes_executor.py
[2024-05-22T22:41:44.067+0000] {processor.py:840} INFO - DAG(s) 'example_kubernetes_executor' retrieved from /home/airflow/.local/lib/python3.8/site-packages/airflow/example_dags/example_kubernetes_executor.py
[2024-05-22T22:41:44.107+0000] {logging_mixin.py:188} INFO - [2024-05-22T22:41:44.107+0000] {dag.py:3036} INFO - Sync 1 DAGs
[2024-05-22T22:41:44.120+0000] {logging_mixin.py:188} INFO - [2024-05-22T22:41:44.120+0000] {dag.py:3823} INFO - Setting next_dagrun for example_kubernetes_executor to None, run_after=None
[2024-05-22T22:41:44.142+0000] {processor.py:183} INFO - Processing /home/airflow/.local/lib/python3.8/site-packages/airflow/example_dags/example_kubernetes_executor.py took 0.096 seconds
[2024-05-22T22:42:14.784+0000] {processor.py:161} INFO - Started process (PID=52866) to work on /home/airflow/.local/lib/python3.8/site-packages/airflow/example_dags/example_kubernetes_executor.py
[2024-05-22T22:42:14.785+0000] {processor.py:830} INFO - Processing file /home/airflow/.local/lib/python3.8/site-packages/airflow/example_dags/example_kubernetes_executor.py for tasks to queue
[2024-05-22T22:42:14.788+0000] {logging_mixin.py:188} INFO - [2024-05-22T22:42:14.787+0000] {dagbag.py:538} INFO - Filling up the DagBag from /home/airflow/.local/lib/python3.8/site-packages/airflow/example_dags/example_kubernetes_executor.py
[2024-05-22T22:42:14.809+0000] {processor.py:840} INFO - DAG(s) 'example_kubernetes_executor' retrieved from /home/airflow/.local/lib/python3.8/site-packages/airflow/example_dags/example_kubernetes_executor.py
[2024-05-22T22:42:14.861+0000] {logging_mixin.py:188} INFO - [2024-05-22T22:42:14.860+0000] {dag.py:3036} INFO - Sync 1 DAGs
[2024-05-22T22:42:14.875+0000] {logging_mixin.py:188} INFO - [2024-05-22T22:42:14.875+0000] {dag.py:3823} INFO - Setting next_dagrun for example_kubernetes_executor to None, run_after=None
[2024-05-22T22:42:14.902+0000] {processor.py:183} INFO - Processing /home/airflow/.local/lib/python3.8/site-packages/airflow/example_dags/example_kubernetes_executor.py took 0.121 seconds
[2024-05-22T22:42:45.334+0000] {processor.py:161} INFO - Started process (PID=52923) to work on /home/airflow/.local/lib/python3.8/site-packages/airflow/example_dags/example_kubernetes_executor.py
[2024-05-22T22:42:45.335+0000] {processor.py:830} INFO - Processing file /home/airflow/.local/lib/python3.8/site-packages/airflow/example_dags/example_kubernetes_executor.py for tasks to queue
[2024-05-22T22:42:45.337+0000] {logging_mixin.py:188} INFO - [2024-05-22T22:42:45.337+0000] {dagbag.py:538} INFO - Filling up the DagBag from /home/airflow/.local/lib/python3.8/site-packages/airflow/example_dags/example_kubernetes_executor.py
[2024-05-22T22:42:45.357+0000] {processor.py:840} INFO - DAG(s) 'example_kubernetes_executor' retrieved from /home/airflow/.local/lib/python3.8/site-packages/airflow/example_dags/example_kubernetes_executor.py
[2024-05-22T22:42:45.410+0000] {logging_mixin.py:188} INFO - [2024-05-22T22:42:45.410+0000] {dag.py:3036} INFO - Sync 1 DAGs
[2024-05-22T22:42:45.427+0000] {logging_mixin.py:188} INFO - [2024-05-22T22:42:45.427+0000] {dag.py:3823} INFO - Setting next_dagrun for example_kubernetes_executor to None, run_after=None
[2024-05-22T22:42:45.453+0000] {processor.py:183} INFO - Processing /home/airflow/.local/lib/python3.8/site-packages/airflow/example_dags/example_kubernetes_executor.py took 0.123 seconds
[2024-05-22T22:43:15.886+0000] {processor.py:161} INFO - Started process (PID=52980) to work on /home/airflow/.local/lib/python3.8/site-packages/airflow/example_dags/example_kubernetes_executor.py
[2024-05-22T22:43:15.887+0000] {processor.py:830} INFO - Processing file /home/airflow/.local/lib/python3.8/site-packages/airflow/example_dags/example_kubernetes_executor.py for tasks to queue
[2024-05-22T22:43:15.889+0000] {logging_mixin.py:188} INFO - [2024-05-22T22:43:15.889+0000] {dagbag.py:538} INFO - Filling up the DagBag from /home/airflow/.local/lib/python3.8/site-packages/airflow/example_dags/example_kubernetes_executor.py
[2024-05-22T22:43:15.912+0000] {processor.py:840} INFO - DAG(s) 'example_kubernetes_executor' retrieved from /home/airflow/.local/lib/python3.8/site-packages/airflow/example_dags/example_kubernetes_executor.py
[2024-05-22T22:43:15.967+0000] {logging_mixin.py:188} INFO - [2024-05-22T22:43:15.966+0000] {dag.py:3036} INFO - Sync 1 DAGs
[2024-05-22T22:43:15.986+0000] {logging_mixin.py:188} INFO - [2024-05-22T22:43:15.985+0000] {dag.py:3823} INFO - Setting next_dagrun for example_kubernetes_executor to None, run_after=None
[2024-05-22T22:43:16.012+0000] {processor.py:183} INFO - Processing /home/airflow/.local/lib/python3.8/site-packages/airflow/example_dags/example_kubernetes_executor.py took 0.131 seconds
[2024-05-22T22:43:46.492+0000] {processor.py:161} INFO - Started process (PID=53037) to work on /home/airflow/.local/lib/python3.8/site-packages/airflow/example_dags/example_kubernetes_executor.py
[2024-05-22T22:43:46.494+0000] {processor.py:830} INFO - Processing file /home/airflow/.local/lib/python3.8/site-packages/airflow/example_dags/example_kubernetes_executor.py for tasks to queue
[2024-05-22T22:43:46.496+0000] {logging_mixin.py:188} INFO - [2024-05-22T22:43:46.496+0000] {dagbag.py:538} INFO - Filling up the DagBag from /home/airflow/.local/lib/python3.8/site-packages/airflow/example_dags/example_kubernetes_executor.py
[2024-05-22T22:43:46.513+0000] {processor.py:840} INFO - DAG(s) 'example_kubernetes_executor' retrieved from /home/airflow/.local/lib/python3.8/site-packages/airflow/example_dags/example_kubernetes_executor.py
[2024-05-22T22:43:46.560+0000] {logging_mixin.py:188} INFO - [2024-05-22T22:43:46.559+0000] {dag.py:3036} INFO - Sync 1 DAGs
[2024-05-22T22:43:46.579+0000] {logging_mixin.py:188} INFO - [2024-05-22T22:43:46.578+0000] {dag.py:3823} INFO - Setting next_dagrun for example_kubernetes_executor to None, run_after=None
[2024-05-22T22:43:46.610+0000] {processor.py:183} INFO - Processing /home/airflow/.local/lib/python3.8/site-packages/airflow/example_dags/example_kubernetes_executor.py took 0.121 seconds
[2024-05-22T22:44:16.912+0000] {processor.py:161} INFO - Started process (PID=53094) to work on /home/airflow/.local/lib/python3.8/site-packages/airflow/example_dags/example_kubernetes_executor.py
[2024-05-22T22:44:16.913+0000] {processor.py:830} INFO - Processing file /home/airflow/.local/lib/python3.8/site-packages/airflow/example_dags/example_kubernetes_executor.py for tasks to queue
[2024-05-22T22:44:16.915+0000] {logging_mixin.py:188} INFO - [2024-05-22T22:44:16.914+0000] {dagbag.py:538} INFO - Filling up the DagBag from /home/airflow/.local/lib/python3.8/site-packages/airflow/example_dags/example_kubernetes_executor.py
[2024-05-22T22:44:16.932+0000] {processor.py:840} INFO - DAG(s) 'example_kubernetes_executor' retrieved from /home/airflow/.local/lib/python3.8/site-packages/airflow/example_dags/example_kubernetes_executor.py
[2024-05-22T22:44:16.983+0000] {logging_mixin.py:188} INFO - [2024-05-22T22:44:16.983+0000] {dag.py:3036} INFO - Sync 1 DAGs
[2024-05-22T22:44:17.004+0000] {logging_mixin.py:188} INFO - [2024-05-22T22:44:17.003+0000] {dag.py:3823} INFO - Setting next_dagrun for example_kubernetes_executor to None, run_after=None
[2024-05-22T22:44:17.033+0000] {processor.py:183} INFO - Processing /home/airflow/.local/lib/python3.8/site-packages/airflow/example_dags/example_kubernetes_executor.py took 0.126 seconds
[2024-05-22T22:44:47.129+0000] {processor.py:161} INFO - Started process (PID=53151) to work on /home/airflow/.local/lib/python3.8/site-packages/airflow/example_dags/example_kubernetes_executor.py
[2024-05-22T22:44:47.130+0000] {processor.py:830} INFO - Processing file /home/airflow/.local/lib/python3.8/site-packages/airflow/example_dags/example_kubernetes_executor.py for tasks to queue
[2024-05-22T22:44:47.132+0000] {logging_mixin.py:188} INFO - [2024-05-22T22:44:47.132+0000] {dagbag.py:538} INFO - Filling up the DagBag from /home/airflow/.local/lib/python3.8/site-packages/airflow/example_dags/example_kubernetes_executor.py
[2024-05-22T22:44:47.159+0000] {processor.py:840} INFO - DAG(s) 'example_kubernetes_executor' retrieved from /home/airflow/.local/lib/python3.8/site-packages/airflow/example_dags/example_kubernetes_executor.py
[2024-05-22T22:44:47.213+0000] {logging_mixin.py:188} INFO - [2024-05-22T22:44:47.213+0000] {dag.py:3036} INFO - Sync 1 DAGs
[2024-05-22T22:44:47.233+0000] {logging_mixin.py:188} INFO - [2024-05-22T22:44:47.233+0000] {dag.py:3823} INFO - Setting next_dagrun for example_kubernetes_executor to None, run_after=None
[2024-05-22T22:44:47.263+0000] {processor.py:183} INFO - Processing /home/airflow/.local/lib/python3.8/site-packages/airflow/example_dags/example_kubernetes_executor.py took 0.139 seconds
[2024-05-22T22:45:17.487+0000] {processor.py:161} INFO - Started process (PID=53209) to work on /home/airflow/.local/lib/python3.8/site-packages/airflow/example_dags/example_kubernetes_executor.py
[2024-05-22T22:45:17.489+0000] {processor.py:830} INFO - Processing file /home/airflow/.local/lib/python3.8/site-packages/airflow/example_dags/example_kubernetes_executor.py for tasks to queue
[2024-05-22T22:45:17.491+0000] {logging_mixin.py:188} INFO - [2024-05-22T22:45:17.490+0000] {dagbag.py:538} INFO - Filling up the DagBag from /home/airflow/.local/lib/python3.8/site-packages/airflow/example_dags/example_kubernetes_executor.py
[2024-05-22T22:45:17.515+0000] {processor.py:840} INFO - DAG(s) 'example_kubernetes_executor' retrieved from /home/airflow/.local/lib/python3.8/site-packages/airflow/example_dags/example_kubernetes_executor.py
[2024-05-22T22:45:17.572+0000] {logging_mixin.py:188} INFO - [2024-05-22T22:45:17.571+0000] {dag.py:3036} INFO - Sync 1 DAGs
[2024-05-22T22:45:17.588+0000] {logging_mixin.py:188} INFO - [2024-05-22T22:45:17.588+0000] {dag.py:3823} INFO - Setting next_dagrun for example_kubernetes_executor to None, run_after=None
[2024-05-22T22:45:17.630+0000] {processor.py:183} INFO - Processing /home/airflow/.local/lib/python3.8/site-packages/airflow/example_dags/example_kubernetes_executor.py took 0.148 seconds
[2024-05-22T22:45:47.933+0000] {processor.py:161} INFO - Started process (PID=53267) to work on /home/airflow/.local/lib/python3.8/site-packages/airflow/example_dags/example_kubernetes_executor.py
[2024-05-22T22:45:47.934+0000] {processor.py:830} INFO - Processing file /home/airflow/.local/lib/python3.8/site-packages/airflow/example_dags/example_kubernetes_executor.py for tasks to queue
[2024-05-22T22:45:47.938+0000] {logging_mixin.py:188} INFO - [2024-05-22T22:45:47.937+0000] {dagbag.py:538} INFO - Filling up the DagBag from /home/airflow/.local/lib/python3.8/site-packages/airflow/example_dags/example_kubernetes_executor.py
[2024-05-22T22:45:47.959+0000] {processor.py:840} INFO - DAG(s) 'example_kubernetes_executor' retrieved from /home/airflow/.local/lib/python3.8/site-packages/airflow/example_dags/example_kubernetes_executor.py
[2024-05-22T22:45:48.005+0000] {logging_mixin.py:188} INFO - [2024-05-22T22:45:48.005+0000] {dag.py:3036} INFO - Sync 1 DAGs
[2024-05-22T22:45:48.021+0000] {logging_mixin.py:188} INFO - [2024-05-22T22:45:48.021+0000] {dag.py:3823} INFO - Setting next_dagrun for example_kubernetes_executor to None, run_after=None
[2024-05-22T22:45:48.045+0000] {processor.py:183} INFO - Processing /home/airflow/.local/lib/python3.8/site-packages/airflow/example_dags/example_kubernetes_executor.py took 0.117 seconds
[2024-05-22T22:46:18.453+0000] {processor.py:161} INFO - Started process (PID=53325) to work on /home/airflow/.local/lib/python3.8/site-packages/airflow/example_dags/example_kubernetes_executor.py
[2024-05-22T22:46:18.455+0000] {processor.py:830} INFO - Processing file /home/airflow/.local/lib/python3.8/site-packages/airflow/example_dags/example_kubernetes_executor.py for tasks to queue
[2024-05-22T22:46:18.457+0000] {logging_mixin.py:188} INFO - [2024-05-22T22:46:18.457+0000] {dagbag.py:538} INFO - Filling up the DagBag from /home/airflow/.local/lib/python3.8/site-packages/airflow/example_dags/example_kubernetes_executor.py
[2024-05-22T22:46:18.473+0000] {processor.py:840} INFO - DAG(s) 'example_kubernetes_executor' retrieved from /home/airflow/.local/lib/python3.8/site-packages/airflow/example_dags/example_kubernetes_executor.py
[2024-05-22T22:46:18.513+0000] {logging_mixin.py:188} INFO - [2024-05-22T22:46:18.512+0000] {dag.py:3036} INFO - Sync 1 DAGs
[2024-05-22T22:46:18.526+0000] {logging_mixin.py:188} INFO - [2024-05-22T22:46:18.526+0000] {dag.py:3823} INFO - Setting next_dagrun for example_kubernetes_executor to None, run_after=None
[2024-05-22T22:46:18.552+0000] {processor.py:183} INFO - Processing /home/airflow/.local/lib/python3.8/site-packages/airflow/example_dags/example_kubernetes_executor.py took 0.103 seconds
[2024-05-22T22:46:48.873+0000] {processor.py:161} INFO - Started process (PID=53382) to work on /home/airflow/.local/lib/python3.8/site-packages/airflow/example_dags/example_kubernetes_executor.py
[2024-05-22T22:46:48.874+0000] {processor.py:830} INFO - Processing file /home/airflow/.local/lib/python3.8/site-packages/airflow/example_dags/example_kubernetes_executor.py for tasks to queue
[2024-05-22T22:46:48.876+0000] {logging_mixin.py:188} INFO - [2024-05-22T22:46:48.876+0000] {dagbag.py:538} INFO - Filling up the DagBag from /home/airflow/.local/lib/python3.8/site-packages/airflow/example_dags/example_kubernetes_executor.py
[2024-05-22T22:46:48.892+0000] {processor.py:840} INFO - DAG(s) 'example_kubernetes_executor' retrieved from /home/airflow/.local/lib/python3.8/site-packages/airflow/example_dags/example_kubernetes_executor.py
[2024-05-22T22:46:48.933+0000] {logging_mixin.py:188} INFO - [2024-05-22T22:46:48.933+0000] {dag.py:3036} INFO - Sync 1 DAGs
[2024-05-22T22:46:48.947+0000] {logging_mixin.py:188} INFO - [2024-05-22T22:46:48.947+0000] {dag.py:3823} INFO - Setting next_dagrun for example_kubernetes_executor to None, run_after=None
[2024-05-22T22:46:48.968+0000] {processor.py:183} INFO - Processing /home/airflow/.local/lib/python3.8/site-packages/airflow/example_dags/example_kubernetes_executor.py took 0.099 seconds
[2024-05-22T22:47:19.412+0000] {processor.py:161} INFO - Started process (PID=53439) to work on /home/airflow/.local/lib/python3.8/site-packages/airflow/example_dags/example_kubernetes_executor.py
[2024-05-22T22:47:19.413+0000] {processor.py:830} INFO - Processing file /home/airflow/.local/lib/python3.8/site-packages/airflow/example_dags/example_kubernetes_executor.py for tasks to queue
[2024-05-22T22:47:19.414+0000] {logging_mixin.py:188} INFO - [2024-05-22T22:47:19.414+0000] {dagbag.py:538} INFO - Filling up the DagBag from /home/airflow/.local/lib/python3.8/site-packages/airflow/example_dags/example_kubernetes_executor.py
[2024-05-22T22:47:19.429+0000] {processor.py:840} INFO - DAG(s) 'example_kubernetes_executor' retrieved from /home/airflow/.local/lib/python3.8/site-packages/airflow/example_dags/example_kubernetes_executor.py
[2024-05-22T22:47:19.468+0000] {logging_mixin.py:188} INFO - [2024-05-22T22:47:19.467+0000] {dag.py:3036} INFO - Sync 1 DAGs
[2024-05-22T22:47:19.479+0000] {logging_mixin.py:188} INFO - [2024-05-22T22:47:19.479+0000] {dag.py:3823} INFO - Setting next_dagrun for example_kubernetes_executor to None, run_after=None
[2024-05-22T22:47:19.505+0000] {processor.py:183} INFO - Processing /home/airflow/.local/lib/python3.8/site-packages/airflow/example_dags/example_kubernetes_executor.py took 0.096 seconds
[2024-05-22T22:47:49.670+0000] {processor.py:161} INFO - Started process (PID=53495) to work on /home/airflow/.local/lib/python3.8/site-packages/airflow/example_dags/example_kubernetes_executor.py
[2024-05-22T22:47:49.671+0000] {processor.py:830} INFO - Processing file /home/airflow/.local/lib/python3.8/site-packages/airflow/example_dags/example_kubernetes_executor.py for tasks to queue
[2024-05-22T22:47:49.673+0000] {logging_mixin.py:188} INFO - [2024-05-22T22:47:49.673+0000] {dagbag.py:538} INFO - Filling up the DagBag from /home/airflow/.local/lib/python3.8/site-packages/airflow/example_dags/example_kubernetes_executor.py
[2024-05-22T22:47:49.688+0000] {processor.py:840} INFO - DAG(s) 'example_kubernetes_executor' retrieved from /home/airflow/.local/lib/python3.8/site-packages/airflow/example_dags/example_kubernetes_executor.py
[2024-05-22T22:47:49.729+0000] {logging_mixin.py:188} INFO - [2024-05-22T22:47:49.729+0000] {dag.py:3036} INFO - Sync 1 DAGs
[2024-05-22T22:47:49.743+0000] {logging_mixin.py:188} INFO - [2024-05-22T22:47:49.743+0000] {dag.py:3823} INFO - Setting next_dagrun for example_kubernetes_executor to None, run_after=None
[2024-05-22T22:47:49.771+0000] {processor.py:183} INFO - Processing /home/airflow/.local/lib/python3.8/site-packages/airflow/example_dags/example_kubernetes_executor.py took 0.104 seconds
[2024-05-22T22:48:20.261+0000] {processor.py:161} INFO - Started process (PID=53552) to work on /home/airflow/.local/lib/python3.8/site-packages/airflow/example_dags/example_kubernetes_executor.py
[2024-05-22T22:48:20.262+0000] {processor.py:830} INFO - Processing file /home/airflow/.local/lib/python3.8/site-packages/airflow/example_dags/example_kubernetes_executor.py for tasks to queue
[2024-05-22T22:48:20.265+0000] {logging_mixin.py:188} INFO - [2024-05-22T22:48:20.264+0000] {dagbag.py:538} INFO - Filling up the DagBag from /home/airflow/.local/lib/python3.8/site-packages/airflow/example_dags/example_kubernetes_executor.py
[2024-05-22T22:48:20.280+0000] {processor.py:840} INFO - DAG(s) 'example_kubernetes_executor' retrieved from /home/airflow/.local/lib/python3.8/site-packages/airflow/example_dags/example_kubernetes_executor.py
[2024-05-22T22:48:20.330+0000] {logging_mixin.py:188} INFO - [2024-05-22T22:48:20.330+0000] {dag.py:3036} INFO - Sync 1 DAGs
[2024-05-22T22:48:20.343+0000] {logging_mixin.py:188} INFO - [2024-05-22T22:48:20.343+0000] {dag.py:3823} INFO - Setting next_dagrun for example_kubernetes_executor to None, run_after=None
[2024-05-22T22:48:20.366+0000] {processor.py:183} INFO - Processing /home/airflow/.local/lib/python3.8/site-packages/airflow/example_dags/example_kubernetes_executor.py took 0.108 seconds
[2024-05-22T22:48:50.708+0000] {processor.py:161} INFO - Started process (PID=53609) to work on /home/airflow/.local/lib/python3.8/site-packages/airflow/example_dags/example_kubernetes_executor.py
[2024-05-22T22:48:50.709+0000] {processor.py:830} INFO - Processing file /home/airflow/.local/lib/python3.8/site-packages/airflow/example_dags/example_kubernetes_executor.py for tasks to queue
[2024-05-22T22:48:50.711+0000] {logging_mixin.py:188} INFO - [2024-05-22T22:48:50.710+0000] {dagbag.py:538} INFO - Filling up the DagBag from /home/airflow/.local/lib/python3.8/site-packages/airflow/example_dags/example_kubernetes_executor.py
[2024-05-22T22:48:50.730+0000] {processor.py:840} INFO - DAG(s) 'example_kubernetes_executor' retrieved from /home/airflow/.local/lib/python3.8/site-packages/airflow/example_dags/example_kubernetes_executor.py
[2024-05-22T22:48:50.770+0000] {logging_mixin.py:188} INFO - [2024-05-22T22:48:50.769+0000] {dag.py:3036} INFO - Sync 1 DAGs
[2024-05-22T22:48:50.783+0000] {logging_mixin.py:188} INFO - [2024-05-22T22:48:50.783+0000] {dag.py:3823} INFO - Setting next_dagrun for example_kubernetes_executor to None, run_after=None
[2024-05-22T22:48:50.807+0000] {processor.py:183} INFO - Processing /home/airflow/.local/lib/python3.8/site-packages/airflow/example_dags/example_kubernetes_executor.py took 0.102 seconds
[2024-05-22T22:49:21.094+0000] {processor.py:161} INFO - Started process (PID=53666) to work on /home/airflow/.local/lib/python3.8/site-packages/airflow/example_dags/example_kubernetes_executor.py
[2024-05-22T22:49:21.095+0000] {processor.py:830} INFO - Processing file /home/airflow/.local/lib/python3.8/site-packages/airflow/example_dags/example_kubernetes_executor.py for tasks to queue
[2024-05-22T22:49:21.096+0000] {logging_mixin.py:188} INFO - [2024-05-22T22:49:21.096+0000] {dagbag.py:538} INFO - Filling up the DagBag from /home/airflow/.local/lib/python3.8/site-packages/airflow/example_dags/example_kubernetes_executor.py
[2024-05-22T22:49:21.115+0000] {processor.py:840} INFO - DAG(s) 'example_kubernetes_executor' retrieved from /home/airflow/.local/lib/python3.8/site-packages/airflow/example_dags/example_kubernetes_executor.py
[2024-05-22T22:49:21.167+0000] {logging_mixin.py:188} INFO - [2024-05-22T22:49:21.167+0000] {dag.py:3036} INFO - Sync 1 DAGs
[2024-05-22T22:49:21.182+0000] {logging_mixin.py:188} INFO - [2024-05-22T22:49:21.182+0000] {dag.py:3823} INFO - Setting next_dagrun for example_kubernetes_executor to None, run_after=None
[2024-05-22T22:49:21.207+0000] {processor.py:183} INFO - Processing /home/airflow/.local/lib/python3.8/site-packages/airflow/example_dags/example_kubernetes_executor.py took 0.117 seconds
[2024-05-22T22:49:51.346+0000] {processor.py:161} INFO - Started process (PID=53724) to work on /home/airflow/.local/lib/python3.8/site-packages/airflow/example_dags/example_kubernetes_executor.py
[2024-05-22T22:49:51.347+0000] {processor.py:830} INFO - Processing file /home/airflow/.local/lib/python3.8/site-packages/airflow/example_dags/example_kubernetes_executor.py for tasks to queue
[2024-05-22T22:49:51.349+0000] {logging_mixin.py:188} INFO - [2024-05-22T22:49:51.349+0000] {dagbag.py:538} INFO - Filling up the DagBag from /home/airflow/.local/lib/python3.8/site-packages/airflow/example_dags/example_kubernetes_executor.py
[2024-05-22T22:49:51.366+0000] {processor.py:840} INFO - DAG(s) 'example_kubernetes_executor' retrieved from /home/airflow/.local/lib/python3.8/site-packages/airflow/example_dags/example_kubernetes_executor.py
[2024-05-22T22:49:51.412+0000] {logging_mixin.py:188} INFO - [2024-05-22T22:49:51.412+0000] {dag.py:3036} INFO - Sync 1 DAGs
[2024-05-22T22:49:51.427+0000] {logging_mixin.py:188} INFO - [2024-05-22T22:49:51.426+0000] {dag.py:3823} INFO - Setting next_dagrun for example_kubernetes_executor to None, run_after=None
[2024-05-22T22:49:51.450+0000] {processor.py:183} INFO - Processing /home/airflow/.local/lib/python3.8/site-packages/airflow/example_dags/example_kubernetes_executor.py took 0.108 seconds
[2024-05-22T22:50:21.768+0000] {processor.py:161} INFO - Started process (PID=53780) to work on /home/airflow/.local/lib/python3.8/site-packages/airflow/example_dags/example_kubernetes_executor.py
[2024-05-22T22:50:21.769+0000] {processor.py:830} INFO - Processing file /home/airflow/.local/lib/python3.8/site-packages/airflow/example_dags/example_kubernetes_executor.py for tasks to queue
[2024-05-22T22:50:21.771+0000] {logging_mixin.py:188} INFO - [2024-05-22T22:50:21.771+0000] {dagbag.py:538} INFO - Filling up the DagBag from /home/airflow/.local/lib/python3.8/site-packages/airflow/example_dags/example_kubernetes_executor.py
[2024-05-22T22:50:21.788+0000] {processor.py:840} INFO - DAG(s) 'example_kubernetes_executor' retrieved from /home/airflow/.local/lib/python3.8/site-packages/airflow/example_dags/example_kubernetes_executor.py
[2024-05-22T22:50:21.830+0000] {logging_mixin.py:188} INFO - [2024-05-22T22:50:21.829+0000] {dag.py:3036} INFO - Sync 1 DAGs
[2024-05-22T22:50:21.843+0000] {logging_mixin.py:188} INFO - [2024-05-22T22:50:21.843+0000] {dag.py:3823} INFO - Setting next_dagrun for example_kubernetes_executor to None, run_after=None
[2024-05-22T22:50:21.877+0000] {processor.py:183} INFO - Processing /home/airflow/.local/lib/python3.8/site-packages/airflow/example_dags/example_kubernetes_executor.py took 0.112 seconds
[2024-05-22T22:50:52.355+0000] {processor.py:161} INFO - Started process (PID=53837) to work on /home/airflow/.local/lib/python3.8/site-packages/airflow/example_dags/example_kubernetes_executor.py
[2024-05-22T22:50:52.356+0000] {processor.py:830} INFO - Processing file /home/airflow/.local/lib/python3.8/site-packages/airflow/example_dags/example_kubernetes_executor.py for tasks to queue
[2024-05-22T22:50:52.357+0000] {logging_mixin.py:188} INFO - [2024-05-22T22:50:52.357+0000] {dagbag.py:538} INFO - Filling up the DagBag from /home/airflow/.local/lib/python3.8/site-packages/airflow/example_dags/example_kubernetes_executor.py
[2024-05-22T22:50:52.371+0000] {processor.py:840} INFO - DAG(s) 'example_kubernetes_executor' retrieved from /home/airflow/.local/lib/python3.8/site-packages/airflow/example_dags/example_kubernetes_executor.py
[2024-05-22T22:50:52.411+0000] {logging_mixin.py:188} INFO - [2024-05-22T22:50:52.411+0000] {dag.py:3036} INFO - Sync 1 DAGs
[2024-05-22T22:50:52.424+0000] {logging_mixin.py:188} INFO - [2024-05-22T22:50:52.424+0000] {dag.py:3823} INFO - Setting next_dagrun for example_kubernetes_executor to None, run_after=None
[2024-05-22T22:50:52.446+0000] {processor.py:183} INFO - Processing /home/airflow/.local/lib/python3.8/site-packages/airflow/example_dags/example_kubernetes_executor.py took 0.094 seconds
[2024-05-22T22:51:22.854+0000] {processor.py:161} INFO - Started process (PID=53894) to work on /home/airflow/.local/lib/python3.8/site-packages/airflow/example_dags/example_kubernetes_executor.py
[2024-05-22T22:51:22.855+0000] {processor.py:830} INFO - Processing file /home/airflow/.local/lib/python3.8/site-packages/airflow/example_dags/example_kubernetes_executor.py for tasks to queue
[2024-05-22T22:51:22.856+0000] {logging_mixin.py:188} INFO - [2024-05-22T22:51:22.856+0000] {dagbag.py:538} INFO - Filling up the DagBag from /home/airflow/.local/lib/python3.8/site-packages/airflow/example_dags/example_kubernetes_executor.py
[2024-05-22T22:51:22.870+0000] {processor.py:840} INFO - DAG(s) 'example_kubernetes_executor' retrieved from /home/airflow/.local/lib/python3.8/site-packages/airflow/example_dags/example_kubernetes_executor.py
[2024-05-22T22:51:22.910+0000] {logging_mixin.py:188} INFO - [2024-05-22T22:51:22.909+0000] {dag.py:3036} INFO - Sync 1 DAGs
[2024-05-22T22:51:22.923+0000] {logging_mixin.py:188} INFO - [2024-05-22T22:51:22.923+0000] {dag.py:3823} INFO - Setting next_dagrun for example_kubernetes_executor to None, run_after=None
[2024-05-22T22:51:22.950+0000] {processor.py:183} INFO - Processing /home/airflow/.local/lib/python3.8/site-packages/airflow/example_dags/example_kubernetes_executor.py took 0.099 seconds
[2024-05-22T22:51:53.225+0000] {processor.py:161} INFO - Started process (PID=53951) to work on /home/airflow/.local/lib/python3.8/site-packages/airflow/example_dags/example_kubernetes_executor.py
[2024-05-22T22:51:53.226+0000] {processor.py:830} INFO - Processing file /home/airflow/.local/lib/python3.8/site-packages/airflow/example_dags/example_kubernetes_executor.py for tasks to queue
[2024-05-22T22:51:53.228+0000] {logging_mixin.py:188} INFO - [2024-05-22T22:51:53.228+0000] {dagbag.py:538} INFO - Filling up the DagBag from /home/airflow/.local/lib/python3.8/site-packages/airflow/example_dags/example_kubernetes_executor.py
[2024-05-22T22:51:53.242+0000] {processor.py:840} INFO - DAG(s) 'example_kubernetes_executor' retrieved from /home/airflow/.local/lib/python3.8/site-packages/airflow/example_dags/example_kubernetes_executor.py
[2024-05-22T22:51:53.283+0000] {logging_mixin.py:188} INFO - [2024-05-22T22:51:53.282+0000] {dag.py:3036} INFO - Sync 1 DAGs
[2024-05-22T22:51:53.294+0000] {logging_mixin.py:188} INFO - [2024-05-22T22:51:53.294+0000] {dag.py:3823} INFO - Setting next_dagrun for example_kubernetes_executor to None, run_after=None
[2024-05-22T22:51:53.317+0000] {processor.py:183} INFO - Processing /home/airflow/.local/lib/python3.8/site-packages/airflow/example_dags/example_kubernetes_executor.py took 0.094 seconds
[2024-05-22T22:52:23.466+0000] {processor.py:161} INFO - Started process (PID=54008) to work on /home/airflow/.local/lib/python3.8/site-packages/airflow/example_dags/example_kubernetes_executor.py
[2024-05-22T22:52:23.467+0000] {processor.py:830} INFO - Processing file /home/airflow/.local/lib/python3.8/site-packages/airflow/example_dags/example_kubernetes_executor.py for tasks to queue
[2024-05-22T22:52:23.469+0000] {logging_mixin.py:188} INFO - [2024-05-22T22:52:23.469+0000] {dagbag.py:538} INFO - Filling up the DagBag from /home/airflow/.local/lib/python3.8/site-packages/airflow/example_dags/example_kubernetes_executor.py
[2024-05-22T22:52:23.482+0000] {processor.py:840} INFO - DAG(s) 'example_kubernetes_executor' retrieved from /home/airflow/.local/lib/python3.8/site-packages/airflow/example_dags/example_kubernetes_executor.py
[2024-05-22T22:52:23.520+0000] {logging_mixin.py:188} INFO - [2024-05-22T22:52:23.520+0000] {dag.py:3036} INFO - Sync 1 DAGs
[2024-05-22T22:52:23.533+0000] {logging_mixin.py:188} INFO - [2024-05-22T22:52:23.533+0000] {dag.py:3823} INFO - Setting next_dagrun for example_kubernetes_executor to None, run_after=None
[2024-05-22T22:52:23.562+0000] {processor.py:183} INFO - Processing /home/airflow/.local/lib/python3.8/site-packages/airflow/example_dags/example_kubernetes_executor.py took 0.099 seconds
[2024-05-22T22:52:53.668+0000] {processor.py:161} INFO - Started process (PID=54064) to work on /home/airflow/.local/lib/python3.8/site-packages/airflow/example_dags/example_kubernetes_executor.py
[2024-05-22T22:52:53.669+0000] {processor.py:830} INFO - Processing file /home/airflow/.local/lib/python3.8/site-packages/airflow/example_dags/example_kubernetes_executor.py for tasks to queue
[2024-05-22T22:52:53.671+0000] {logging_mixin.py:188} INFO - [2024-05-22T22:52:53.671+0000] {dagbag.py:538} INFO - Filling up the DagBag from /home/airflow/.local/lib/python3.8/site-packages/airflow/example_dags/example_kubernetes_executor.py
[2024-05-22T22:52:53.685+0000] {processor.py:840} INFO - DAG(s) 'example_kubernetes_executor' retrieved from /home/airflow/.local/lib/python3.8/site-packages/airflow/example_dags/example_kubernetes_executor.py
[2024-05-22T22:52:53.727+0000] {logging_mixin.py:188} INFO - [2024-05-22T22:52:53.727+0000] {dag.py:3036} INFO - Sync 1 DAGs
[2024-05-22T22:52:53.741+0000] {logging_mixin.py:188} INFO - [2024-05-22T22:52:53.741+0000] {dag.py:3823} INFO - Setting next_dagrun for example_kubernetes_executor to None, run_after=None
[2024-05-22T22:52:53.762+0000] {processor.py:183} INFO - Processing /home/airflow/.local/lib/python3.8/site-packages/airflow/example_dags/example_kubernetes_executor.py took 0.097 seconds
[2024-05-22T22:53:24.176+0000] {processor.py:161} INFO - Started process (PID=54121) to work on /home/airflow/.local/lib/python3.8/site-packages/airflow/example_dags/example_kubernetes_executor.py
[2024-05-22T22:53:24.177+0000] {processor.py:830} INFO - Processing file /home/airflow/.local/lib/python3.8/site-packages/airflow/example_dags/example_kubernetes_executor.py for tasks to queue
[2024-05-22T22:53:24.179+0000] {logging_mixin.py:188} INFO - [2024-05-22T22:53:24.179+0000] {dagbag.py:538} INFO - Filling up the DagBag from /home/airflow/.local/lib/python3.8/site-packages/airflow/example_dags/example_kubernetes_executor.py
[2024-05-22T22:53:24.195+0000] {processor.py:840} INFO - DAG(s) 'example_kubernetes_executor' retrieved from /home/airflow/.local/lib/python3.8/site-packages/airflow/example_dags/example_kubernetes_executor.py
[2024-05-22T22:53:24.245+0000] {logging_mixin.py:188} INFO - [2024-05-22T22:53:24.244+0000] {dag.py:3036} INFO - Sync 1 DAGs
[2024-05-22T22:53:24.259+0000] {logging_mixin.py:188} INFO - [2024-05-22T22:53:24.259+0000] {dag.py:3823} INFO - Setting next_dagrun for example_kubernetes_executor to None, run_after=None
[2024-05-22T22:53:24.285+0000] {processor.py:183} INFO - Processing /home/airflow/.local/lib/python3.8/site-packages/airflow/example_dags/example_kubernetes_executor.py took 0.112 seconds
[2024-05-22T22:53:54.554+0000] {processor.py:161} INFO - Started process (PID=54178) to work on /home/airflow/.local/lib/python3.8/site-packages/airflow/example_dags/example_kubernetes_executor.py
[2024-05-22T22:53:54.555+0000] {processor.py:830} INFO - Processing file /home/airflow/.local/lib/python3.8/site-packages/airflow/example_dags/example_kubernetes_executor.py for tasks to queue
[2024-05-22T22:53:54.557+0000] {logging_mixin.py:188} INFO - [2024-05-22T22:53:54.556+0000] {dagbag.py:538} INFO - Filling up the DagBag from /home/airflow/.local/lib/python3.8/site-packages/airflow/example_dags/example_kubernetes_executor.py
[2024-05-22T22:53:54.575+0000] {processor.py:840} INFO - DAG(s) 'example_kubernetes_executor' retrieved from /home/airflow/.local/lib/python3.8/site-packages/airflow/example_dags/example_kubernetes_executor.py
[2024-05-22T22:53:54.623+0000] {logging_mixin.py:188} INFO - [2024-05-22T22:53:54.623+0000] {dag.py:3036} INFO - Sync 1 DAGs
[2024-05-22T22:53:54.639+0000] {logging_mixin.py:188} INFO - [2024-05-22T22:53:54.638+0000] {dag.py:3823} INFO - Setting next_dagrun for example_kubernetes_executor to None, run_after=None
[2024-05-22T22:53:54.661+0000] {processor.py:183} INFO - Processing /home/airflow/.local/lib/python3.8/site-packages/airflow/example_dags/example_kubernetes_executor.py took 0.111 seconds
[2024-05-22T22:54:24.931+0000] {processor.py:161} INFO - Started process (PID=54235) to work on /home/airflow/.local/lib/python3.8/site-packages/airflow/example_dags/example_kubernetes_executor.py
[2024-05-22T22:54:24.932+0000] {processor.py:830} INFO - Processing file /home/airflow/.local/lib/python3.8/site-packages/airflow/example_dags/example_kubernetes_executor.py for tasks to queue
[2024-05-22T22:54:24.934+0000] {logging_mixin.py:188} INFO - [2024-05-22T22:54:24.933+0000] {dagbag.py:538} INFO - Filling up the DagBag from /home/airflow/.local/lib/python3.8/site-packages/airflow/example_dags/example_kubernetes_executor.py
[2024-05-22T22:54:24.949+0000] {processor.py:840} INFO - DAG(s) 'example_kubernetes_executor' retrieved from /home/airflow/.local/lib/python3.8/site-packages/airflow/example_dags/example_kubernetes_executor.py
[2024-05-22T22:54:24.993+0000] {logging_mixin.py:188} INFO - [2024-05-22T22:54:24.992+0000] {dag.py:3036} INFO - Sync 1 DAGs
[2024-05-22T22:54:25.005+0000] {logging_mixin.py:188} INFO - [2024-05-22T22:54:25.005+0000] {dag.py:3823} INFO - Setting next_dagrun for example_kubernetes_executor to None, run_after=None
[2024-05-22T22:54:25.027+0000] {processor.py:183} INFO - Processing /home/airflow/.local/lib/python3.8/site-packages/airflow/example_dags/example_kubernetes_executor.py took 0.099 seconds
[2024-05-22T22:54:55.264+0000] {processor.py:161} INFO - Started process (PID=54292) to work on /home/airflow/.local/lib/python3.8/site-packages/airflow/example_dags/example_kubernetes_executor.py
[2024-05-22T22:54:55.264+0000] {processor.py:830} INFO - Processing file /home/airflow/.local/lib/python3.8/site-packages/airflow/example_dags/example_kubernetes_executor.py for tasks to queue
[2024-05-22T22:54:55.266+0000] {logging_mixin.py:188} INFO - [2024-05-22T22:54:55.266+0000] {dagbag.py:538} INFO - Filling up the DagBag from /home/airflow/.local/lib/python3.8/site-packages/airflow/example_dags/example_kubernetes_executor.py
[2024-05-22T22:54:55.284+0000] {processor.py:840} INFO - DAG(s) 'example_kubernetes_executor' retrieved from /home/airflow/.local/lib/python3.8/site-packages/airflow/example_dags/example_kubernetes_executor.py
[2024-05-22T22:54:55.328+0000] {logging_mixin.py:188} INFO - [2024-05-22T22:54:55.327+0000] {dag.py:3036} INFO - Sync 1 DAGs
[2024-05-22T22:54:55.344+0000] {logging_mixin.py:188} INFO - [2024-05-22T22:54:55.343+0000] {dag.py:3823} INFO - Setting next_dagrun for example_kubernetes_executor to None, run_after=None
[2024-05-22T22:54:55.366+0000] {processor.py:183} INFO - Processing /home/airflow/.local/lib/python3.8/site-packages/airflow/example_dags/example_kubernetes_executor.py took 0.106 seconds
[2024-05-22T22:55:25.597+0000] {processor.py:161} INFO - Started process (PID=54349) to work on /home/airflow/.local/lib/python3.8/site-packages/airflow/example_dags/example_kubernetes_executor.py
[2024-05-22T22:55:25.598+0000] {processor.py:830} INFO - Processing file /home/airflow/.local/lib/python3.8/site-packages/airflow/example_dags/example_kubernetes_executor.py for tasks to queue
[2024-05-22T22:55:25.600+0000] {logging_mixin.py:188} INFO - [2024-05-22T22:55:25.600+0000] {dagbag.py:538} INFO - Filling up the DagBag from /home/airflow/.local/lib/python3.8/site-packages/airflow/example_dags/example_kubernetes_executor.py
[2024-05-22T22:55:25.616+0000] {processor.py:840} INFO - DAG(s) 'example_kubernetes_executor' retrieved from /home/airflow/.local/lib/python3.8/site-packages/airflow/example_dags/example_kubernetes_executor.py
[2024-05-22T22:55:25.661+0000] {logging_mixin.py:188} INFO - [2024-05-22T22:55:25.661+0000] {dag.py:3036} INFO - Sync 1 DAGs
[2024-05-22T22:55:25.679+0000] {logging_mixin.py:188} INFO - [2024-05-22T22:55:25.679+0000] {dag.py:3823} INFO - Setting next_dagrun for example_kubernetes_executor to None, run_after=None
[2024-05-22T22:55:25.703+0000] {processor.py:183} INFO - Processing /home/airflow/.local/lib/python3.8/site-packages/airflow/example_dags/example_kubernetes_executor.py took 0.108 seconds
[2024-05-22T22:55:56.336+0000] {processor.py:161} INFO - Started process (PID=54406) to work on /home/airflow/.local/lib/python3.8/site-packages/airflow/example_dags/example_kubernetes_executor.py
[2024-05-22T22:55:56.338+0000] {processor.py:830} INFO - Processing file /home/airflow/.local/lib/python3.8/site-packages/airflow/example_dags/example_kubernetes_executor.py for tasks to queue
[2024-05-22T22:55:56.341+0000] {logging_mixin.py:188} INFO - [2024-05-22T22:55:56.340+0000] {dagbag.py:538} INFO - Filling up the DagBag from /home/airflow/.local/lib/python3.8/site-packages/airflow/example_dags/example_kubernetes_executor.py
[2024-05-22T22:55:56.369+0000] {processor.py:840} INFO - DAG(s) 'example_kubernetes_executor' retrieved from /home/airflow/.local/lib/python3.8/site-packages/airflow/example_dags/example_kubernetes_executor.py
[2024-05-22T22:55:56.434+0000] {logging_mixin.py:188} INFO - [2024-05-22T22:55:56.434+0000] {dag.py:3036} INFO - Sync 1 DAGs
[2024-05-22T22:55:56.483+0000] {logging_mixin.py:188} INFO - [2024-05-22T22:55:56.483+0000] {dag.py:3823} INFO - Setting next_dagrun for example_kubernetes_executor to None, run_after=None
[2024-05-22T22:55:56.521+0000] {processor.py:183} INFO - Processing /home/airflow/.local/lib/python3.8/site-packages/airflow/example_dags/example_kubernetes_executor.py took 0.190 seconds
[2024-05-22T22:56:27.081+0000] {processor.py:161} INFO - Started process (PID=54463) to work on /home/airflow/.local/lib/python3.8/site-packages/airflow/example_dags/example_kubernetes_executor.py
[2024-05-22T22:56:27.082+0000] {processor.py:830} INFO - Processing file /home/airflow/.local/lib/python3.8/site-packages/airflow/example_dags/example_kubernetes_executor.py for tasks to queue
[2024-05-22T22:56:27.084+0000] {logging_mixin.py:188} INFO - [2024-05-22T22:56:27.084+0000] {dagbag.py:538} INFO - Filling up the DagBag from /home/airflow/.local/lib/python3.8/site-packages/airflow/example_dags/example_kubernetes_executor.py
[2024-05-22T22:56:27.099+0000] {processor.py:840} INFO - DAG(s) 'example_kubernetes_executor' retrieved from /home/airflow/.local/lib/python3.8/site-packages/airflow/example_dags/example_kubernetes_executor.py
[2024-05-22T22:56:27.137+0000] {logging_mixin.py:188} INFO - [2024-05-22T22:56:27.136+0000] {dag.py:3036} INFO - Sync 1 DAGs
[2024-05-22T22:56:27.150+0000] {logging_mixin.py:188} INFO - [2024-05-22T22:56:27.150+0000] {dag.py:3823} INFO - Setting next_dagrun for example_kubernetes_executor to None, run_after=None
[2024-05-22T22:56:27.170+0000] {processor.py:183} INFO - Processing /home/airflow/.local/lib/python3.8/site-packages/airflow/example_dags/example_kubernetes_executor.py took 0.092 seconds
[2024-05-22T22:56:57.556+0000] {processor.py:161} INFO - Started process (PID=54520) to work on /home/airflow/.local/lib/python3.8/site-packages/airflow/example_dags/example_kubernetes_executor.py
[2024-05-22T22:56:57.557+0000] {processor.py:830} INFO - Processing file /home/airflow/.local/lib/python3.8/site-packages/airflow/example_dags/example_kubernetes_executor.py for tasks to queue
[2024-05-22T22:56:57.558+0000] {logging_mixin.py:188} INFO - [2024-05-22T22:56:57.558+0000] {dagbag.py:538} INFO - Filling up the DagBag from /home/airflow/.local/lib/python3.8/site-packages/airflow/example_dags/example_kubernetes_executor.py
[2024-05-22T22:56:57.574+0000] {processor.py:840} INFO - DAG(s) 'example_kubernetes_executor' retrieved from /home/airflow/.local/lib/python3.8/site-packages/airflow/example_dags/example_kubernetes_executor.py
[2024-05-22T22:56:57.618+0000] {logging_mixin.py:188} INFO - [2024-05-22T22:56:57.618+0000] {dag.py:3036} INFO - Sync 1 DAGs
[2024-05-22T22:56:57.632+0000] {logging_mixin.py:188} INFO - [2024-05-22T22:56:57.632+0000] {dag.py:3823} INFO - Setting next_dagrun for example_kubernetes_executor to None, run_after=None
[2024-05-22T22:56:57.656+0000] {processor.py:183} INFO - Processing /home/airflow/.local/lib/python3.8/site-packages/airflow/example_dags/example_kubernetes_executor.py took 0.103 seconds
[2024-05-22T22:57:27.829+0000] {processor.py:161} INFO - Started process (PID=54577) to work on /home/airflow/.local/lib/python3.8/site-packages/airflow/example_dags/example_kubernetes_executor.py
[2024-05-22T22:57:27.830+0000] {processor.py:830} INFO - Processing file /home/airflow/.local/lib/python3.8/site-packages/airflow/example_dags/example_kubernetes_executor.py for tasks to queue
[2024-05-22T22:57:27.832+0000] {logging_mixin.py:188} INFO - [2024-05-22T22:57:27.832+0000] {dagbag.py:538} INFO - Filling up the DagBag from /home/airflow/.local/lib/python3.8/site-packages/airflow/example_dags/example_kubernetes_executor.py
[2024-05-22T22:57:27.848+0000] {processor.py:840} INFO - DAG(s) 'example_kubernetes_executor' retrieved from /home/airflow/.local/lib/python3.8/site-packages/airflow/example_dags/example_kubernetes_executor.py
[2024-05-22T22:57:27.890+0000] {logging_mixin.py:188} INFO - [2024-05-22T22:57:27.890+0000] {dag.py:3036} INFO - Sync 1 DAGs
[2024-05-22T22:57:27.906+0000] {logging_mixin.py:188} INFO - [2024-05-22T22:57:27.905+0000] {dag.py:3823} INFO - Setting next_dagrun for example_kubernetes_executor to None, run_after=None
[2024-05-22T22:57:27.927+0000] {processor.py:183} INFO - Processing /home/airflow/.local/lib/python3.8/site-packages/airflow/example_dags/example_kubernetes_executor.py took 0.101 seconds
[2024-05-22T22:57:58.084+0000] {processor.py:161} INFO - Started process (PID=54634) to work on /home/airflow/.local/lib/python3.8/site-packages/airflow/example_dags/example_kubernetes_executor.py
[2024-05-22T22:57:58.085+0000] {processor.py:830} INFO - Processing file /home/airflow/.local/lib/python3.8/site-packages/airflow/example_dags/example_kubernetes_executor.py for tasks to queue
[2024-05-22T22:57:58.086+0000] {logging_mixin.py:188} INFO - [2024-05-22T22:57:58.086+0000] {dagbag.py:538} INFO - Filling up the DagBag from /home/airflow/.local/lib/python3.8/site-packages/airflow/example_dags/example_kubernetes_executor.py
[2024-05-22T22:57:58.102+0000] {processor.py:840} INFO - DAG(s) 'example_kubernetes_executor' retrieved from /home/airflow/.local/lib/python3.8/site-packages/airflow/example_dags/example_kubernetes_executor.py
[2024-05-22T22:57:58.150+0000] {logging_mixin.py:188} INFO - [2024-05-22T22:57:58.150+0000] {dag.py:3036} INFO - Sync 1 DAGs
[2024-05-22T22:57:58.166+0000] {logging_mixin.py:188} INFO - [2024-05-22T22:57:58.166+0000] {dag.py:3823} INFO - Setting next_dagrun for example_kubernetes_executor to None, run_after=None
[2024-05-22T22:57:58.190+0000] {processor.py:183} INFO - Processing /home/airflow/.local/lib/python3.8/site-packages/airflow/example_dags/example_kubernetes_executor.py took 0.109 seconds
[2024-05-22T22:58:28.676+0000] {processor.py:161} INFO - Started process (PID=54691) to work on /home/airflow/.local/lib/python3.8/site-packages/airflow/example_dags/example_kubernetes_executor.py
[2024-05-22T22:58:28.677+0000] {processor.py:830} INFO - Processing file /home/airflow/.local/lib/python3.8/site-packages/airflow/example_dags/example_kubernetes_executor.py for tasks to queue
[2024-05-22T22:58:28.679+0000] {logging_mixin.py:188} INFO - [2024-05-22T22:58:28.679+0000] {dagbag.py:538} INFO - Filling up the DagBag from /home/airflow/.local/lib/python3.8/site-packages/airflow/example_dags/example_kubernetes_executor.py
[2024-05-22T22:58:28.694+0000] {processor.py:840} INFO - DAG(s) 'example_kubernetes_executor' retrieved from /home/airflow/.local/lib/python3.8/site-packages/airflow/example_dags/example_kubernetes_executor.py
[2024-05-22T22:58:28.733+0000] {logging_mixin.py:188} INFO - [2024-05-22T22:58:28.733+0000] {dag.py:3036} INFO - Sync 1 DAGs
[2024-05-22T22:58:28.745+0000] {logging_mixin.py:188} INFO - [2024-05-22T22:58:28.745+0000] {dag.py:3823} INFO - Setting next_dagrun for example_kubernetes_executor to None, run_after=None
[2024-05-22T22:58:28.764+0000] {processor.py:183} INFO - Processing /home/airflow/.local/lib/python3.8/site-packages/airflow/example_dags/example_kubernetes_executor.py took 0.091 seconds
[2024-05-22T22:58:59.036+0000] {processor.py:161} INFO - Started process (PID=54748) to work on /home/airflow/.local/lib/python3.8/site-packages/airflow/example_dags/example_kubernetes_executor.py
[2024-05-22T22:58:59.037+0000] {processor.py:830} INFO - Processing file /home/airflow/.local/lib/python3.8/site-packages/airflow/example_dags/example_kubernetes_executor.py for tasks to queue
[2024-05-22T22:58:59.039+0000] {logging_mixin.py:188} INFO - [2024-05-22T22:58:59.038+0000] {dagbag.py:538} INFO - Filling up the DagBag from /home/airflow/.local/lib/python3.8/site-packages/airflow/example_dags/example_kubernetes_executor.py
[2024-05-22T22:58:59.055+0000] {processor.py:840} INFO - DAG(s) 'example_kubernetes_executor' retrieved from /home/airflow/.local/lib/python3.8/site-packages/airflow/example_dags/example_kubernetes_executor.py
[2024-05-22T22:58:59.098+0000] {logging_mixin.py:188} INFO - [2024-05-22T22:58:59.098+0000] {dag.py:3036} INFO - Sync 1 DAGs
[2024-05-22T22:58:59.111+0000] {logging_mixin.py:188} INFO - [2024-05-22T22:58:59.111+0000] {dag.py:3823} INFO - Setting next_dagrun for example_kubernetes_executor to None, run_after=None
[2024-05-22T22:58:59.133+0000] {processor.py:183} INFO - Processing /home/airflow/.local/lib/python3.8/site-packages/airflow/example_dags/example_kubernetes_executor.py took 0.101 seconds
[2024-05-22T22:59:29.383+0000] {processor.py:161} INFO - Started process (PID=54805) to work on /home/airflow/.local/lib/python3.8/site-packages/airflow/example_dags/example_kubernetes_executor.py
[2024-05-22T22:59:29.384+0000] {processor.py:830} INFO - Processing file /home/airflow/.local/lib/python3.8/site-packages/airflow/example_dags/example_kubernetes_executor.py for tasks to queue
[2024-05-22T22:59:29.386+0000] {logging_mixin.py:188} INFO - [2024-05-22T22:59:29.385+0000] {dagbag.py:538} INFO - Filling up the DagBag from /home/airflow/.local/lib/python3.8/site-packages/airflow/example_dags/example_kubernetes_executor.py
[2024-05-22T22:59:29.402+0000] {processor.py:840} INFO - DAG(s) 'example_kubernetes_executor' retrieved from /home/airflow/.local/lib/python3.8/site-packages/airflow/example_dags/example_kubernetes_executor.py
[2024-05-22T22:59:29.444+0000] {logging_mixin.py:188} INFO - [2024-05-22T22:59:29.443+0000] {dag.py:3036} INFO - Sync 1 DAGs
[2024-05-22T22:59:29.458+0000] {logging_mixin.py:188} INFO - [2024-05-22T22:59:29.457+0000] {dag.py:3823} INFO - Setting next_dagrun for example_kubernetes_executor to None, run_after=None
[2024-05-22T22:59:29.479+0000] {processor.py:183} INFO - Processing /home/airflow/.local/lib/python3.8/site-packages/airflow/example_dags/example_kubernetes_executor.py took 0.099 seconds
[2024-05-22T22:59:59.864+0000] {processor.py:161} INFO - Started process (PID=54862) to work on /home/airflow/.local/lib/python3.8/site-packages/airflow/example_dags/example_kubernetes_executor.py
[2024-05-22T22:59:59.866+0000] {processor.py:830} INFO - Processing file /home/airflow/.local/lib/python3.8/site-packages/airflow/example_dags/example_kubernetes_executor.py for tasks to queue
[2024-05-22T22:59:59.868+0000] {logging_mixin.py:188} INFO - [2024-05-22T22:59:59.867+0000] {dagbag.py:538} INFO - Filling up the DagBag from /home/airflow/.local/lib/python3.8/site-packages/airflow/example_dags/example_kubernetes_executor.py
[2024-05-22T22:59:59.886+0000] {processor.py:840} INFO - DAG(s) 'example_kubernetes_executor' retrieved from /home/airflow/.local/lib/python3.8/site-packages/airflow/example_dags/example_kubernetes_executor.py
[2024-05-22T22:59:59.932+0000] {logging_mixin.py:188} INFO - [2024-05-22T22:59:59.932+0000] {dag.py:3036} INFO - Sync 1 DAGs
[2024-05-22T22:59:59.946+0000] {logging_mixin.py:188} INFO - [2024-05-22T22:59:59.946+0000] {dag.py:3823} INFO - Setting next_dagrun for example_kubernetes_executor to None, run_after=None
[2024-05-22T22:59:59.970+0000] {processor.py:183} INFO - Processing /home/airflow/.local/lib/python3.8/site-packages/airflow/example_dags/example_kubernetes_executor.py took 0.109 seconds
[2024-05-22T23:00:30.797+0000] {processor.py:161} INFO - Started process (PID=54919) to work on /home/airflow/.local/lib/python3.8/site-packages/airflow/example_dags/example_kubernetes_executor.py
[2024-05-22T23:00:30.798+0000] {processor.py:830} INFO - Processing file /home/airflow/.local/lib/python3.8/site-packages/airflow/example_dags/example_kubernetes_executor.py for tasks to queue
[2024-05-22T23:00:30.800+0000] {logging_mixin.py:188} INFO - [2024-05-22T23:00:30.800+0000] {dagbag.py:538} INFO - Filling up the DagBag from /home/airflow/.local/lib/python3.8/site-packages/airflow/example_dags/example_kubernetes_executor.py
[2024-05-22T23:00:30.817+0000] {processor.py:840} INFO - DAG(s) 'example_kubernetes_executor' retrieved from /home/airflow/.local/lib/python3.8/site-packages/airflow/example_dags/example_kubernetes_executor.py
[2024-05-22T23:00:30.861+0000] {logging_mixin.py:188} INFO - [2024-05-22T23:00:30.861+0000] {dag.py:3036} INFO - Sync 1 DAGs
[2024-05-22T23:00:30.874+0000] {logging_mixin.py:188} INFO - [2024-05-22T23:00:30.874+0000] {dag.py:3823} INFO - Setting next_dagrun for example_kubernetes_executor to None, run_after=None
[2024-05-22T23:00:30.896+0000] {processor.py:183} INFO - Processing /home/airflow/.local/lib/python3.8/site-packages/airflow/example_dags/example_kubernetes_executor.py took 0.103 seconds
[2024-05-22T23:01:01.787+0000] {processor.py:161} INFO - Started process (PID=54976) to work on /home/airflow/.local/lib/python3.8/site-packages/airflow/example_dags/example_kubernetes_executor.py
[2024-05-22T23:01:01.788+0000] {processor.py:830} INFO - Processing file /home/airflow/.local/lib/python3.8/site-packages/airflow/example_dags/example_kubernetes_executor.py for tasks to queue
[2024-05-22T23:01:01.790+0000] {logging_mixin.py:188} INFO - [2024-05-22T23:01:01.789+0000] {dagbag.py:538} INFO - Filling up the DagBag from /home/airflow/.local/lib/python3.8/site-packages/airflow/example_dags/example_kubernetes_executor.py
[2024-05-22T23:01:01.805+0000] {processor.py:840} INFO - DAG(s) 'example_kubernetes_executor' retrieved from /home/airflow/.local/lib/python3.8/site-packages/airflow/example_dags/example_kubernetes_executor.py
[2024-05-22T23:01:01.848+0000] {logging_mixin.py:188} INFO - [2024-05-22T23:01:01.848+0000] {dag.py:3036} INFO - Sync 1 DAGs
[2024-05-22T23:01:01.861+0000] {logging_mixin.py:188} INFO - [2024-05-22T23:01:01.860+0000] {dag.py:3823} INFO - Setting next_dagrun for example_kubernetes_executor to None, run_after=None
[2024-05-22T23:01:01.880+0000] {processor.py:183} INFO - Processing /home/airflow/.local/lib/python3.8/site-packages/airflow/example_dags/example_kubernetes_executor.py took 0.096 seconds
[2024-05-22T23:01:32.131+0000] {processor.py:161} INFO - Started process (PID=55033) to work on /home/airflow/.local/lib/python3.8/site-packages/airflow/example_dags/example_kubernetes_executor.py
[2024-05-22T23:01:32.132+0000] {processor.py:830} INFO - Processing file /home/airflow/.local/lib/python3.8/site-packages/airflow/example_dags/example_kubernetes_executor.py for tasks to queue
[2024-05-22T23:01:32.134+0000] {logging_mixin.py:188} INFO - [2024-05-22T23:01:32.133+0000] {dagbag.py:538} INFO - Filling up the DagBag from /home/airflow/.local/lib/python3.8/site-packages/airflow/example_dags/example_kubernetes_executor.py
[2024-05-22T23:01:32.152+0000] {processor.py:840} INFO - DAG(s) 'example_kubernetes_executor' retrieved from /home/airflow/.local/lib/python3.8/site-packages/airflow/example_dags/example_kubernetes_executor.py
[2024-05-22T23:01:32.197+0000] {logging_mixin.py:188} INFO - [2024-05-22T23:01:32.196+0000] {dag.py:3036} INFO - Sync 1 DAGs
[2024-05-22T23:01:32.209+0000] {logging_mixin.py:188} INFO - [2024-05-22T23:01:32.209+0000] {dag.py:3823} INFO - Setting next_dagrun for example_kubernetes_executor to None, run_after=None
[2024-05-22T23:01:32.228+0000] {processor.py:183} INFO - Processing /home/airflow/.local/lib/python3.8/site-packages/airflow/example_dags/example_kubernetes_executor.py took 0.101 seconds
[2024-05-22T23:02:02.468+0000] {processor.py:161} INFO - Started process (PID=55090) to work on /home/airflow/.local/lib/python3.8/site-packages/airflow/example_dags/example_kubernetes_executor.py
[2024-05-22T23:02:02.470+0000] {processor.py:830} INFO - Processing file /home/airflow/.local/lib/python3.8/site-packages/airflow/example_dags/example_kubernetes_executor.py for tasks to queue
[2024-05-22T23:02:02.472+0000] {logging_mixin.py:188} INFO - [2024-05-22T23:02:02.472+0000] {dagbag.py:538} INFO - Filling up the DagBag from /home/airflow/.local/lib/python3.8/site-packages/airflow/example_dags/example_kubernetes_executor.py
[2024-05-22T23:02:02.493+0000] {processor.py:840} INFO - DAG(s) 'example_kubernetes_executor' retrieved from /home/airflow/.local/lib/python3.8/site-packages/airflow/example_dags/example_kubernetes_executor.py
[2024-05-22T23:02:02.541+0000] {logging_mixin.py:188} INFO - [2024-05-22T23:02:02.541+0000] {dag.py:3036} INFO - Sync 1 DAGs
[2024-05-22T23:02:02.555+0000] {logging_mixin.py:188} INFO - [2024-05-22T23:02:02.555+0000] {dag.py:3823} INFO - Setting next_dagrun for example_kubernetes_executor to None, run_after=None
[2024-05-22T23:02:02.581+0000] {processor.py:183} INFO - Processing /home/airflow/.local/lib/python3.8/site-packages/airflow/example_dags/example_kubernetes_executor.py took 0.117 seconds
[2024-05-22T23:02:32.682+0000] {processor.py:161} INFO - Started process (PID=55148) to work on /home/airflow/.local/lib/python3.8/site-packages/airflow/example_dags/example_kubernetes_executor.py
[2024-05-22T23:02:32.683+0000] {processor.py:830} INFO - Processing file /home/airflow/.local/lib/python3.8/site-packages/airflow/example_dags/example_kubernetes_executor.py for tasks to queue
[2024-05-22T23:02:32.685+0000] {logging_mixin.py:188} INFO - [2024-05-22T23:02:32.684+0000] {dagbag.py:538} INFO - Filling up the DagBag from /home/airflow/.local/lib/python3.8/site-packages/airflow/example_dags/example_kubernetes_executor.py
[2024-05-22T23:02:32.699+0000] {processor.py:840} INFO - DAG(s) 'example_kubernetes_executor' retrieved from /home/airflow/.local/lib/python3.8/site-packages/airflow/example_dags/example_kubernetes_executor.py
[2024-05-22T23:02:32.741+0000] {logging_mixin.py:188} INFO - [2024-05-22T23:02:32.741+0000] {dag.py:3036} INFO - Sync 1 DAGs
[2024-05-22T23:02:32.753+0000] {logging_mixin.py:188} INFO - [2024-05-22T23:02:32.753+0000] {dag.py:3823} INFO - Setting next_dagrun for example_kubernetes_executor to None, run_after=None
[2024-05-22T23:02:32.775+0000] {processor.py:183} INFO - Processing /home/airflow/.local/lib/python3.8/site-packages/airflow/example_dags/example_kubernetes_executor.py took 0.096 seconds
[2024-05-22T23:03:02.924+0000] {processor.py:161} INFO - Started process (PID=55205) to work on /home/airflow/.local/lib/python3.8/site-packages/airflow/example_dags/example_kubernetes_executor.py
[2024-05-22T23:03:02.925+0000] {processor.py:830} INFO - Processing file /home/airflow/.local/lib/python3.8/site-packages/airflow/example_dags/example_kubernetes_executor.py for tasks to queue
[2024-05-22T23:03:02.927+0000] {logging_mixin.py:188} INFO - [2024-05-22T23:03:02.926+0000] {dagbag.py:538} INFO - Filling up the DagBag from /home/airflow/.local/lib/python3.8/site-packages/airflow/example_dags/example_kubernetes_executor.py
[2024-05-22T23:03:02.941+0000] {processor.py:840} INFO - DAG(s) 'example_kubernetes_executor' retrieved from /home/airflow/.local/lib/python3.8/site-packages/airflow/example_dags/example_kubernetes_executor.py
[2024-05-22T23:03:02.983+0000] {logging_mixin.py:188} INFO - [2024-05-22T23:03:02.982+0000] {dag.py:3036} INFO - Sync 1 DAGs
[2024-05-22T23:03:02.999+0000] {logging_mixin.py:188} INFO - [2024-05-22T23:03:02.998+0000] {dag.py:3823} INFO - Setting next_dagrun for example_kubernetes_executor to None, run_after=None
[2024-05-22T23:03:03.019+0000] {processor.py:183} INFO - Processing /home/airflow/.local/lib/python3.8/site-packages/airflow/example_dags/example_kubernetes_executor.py took 0.098 seconds
[2024-05-22T23:03:33.579+0000] {processor.py:161} INFO - Started process (PID=55262) to work on /home/airflow/.local/lib/python3.8/site-packages/airflow/example_dags/example_kubernetes_executor.py
[2024-05-22T23:03:33.580+0000] {processor.py:830} INFO - Processing file /home/airflow/.local/lib/python3.8/site-packages/airflow/example_dags/example_kubernetes_executor.py for tasks to queue
[2024-05-22T23:03:33.582+0000] {logging_mixin.py:188} INFO - [2024-05-22T23:03:33.582+0000] {dagbag.py:538} INFO - Filling up the DagBag from /home/airflow/.local/lib/python3.8/site-packages/airflow/example_dags/example_kubernetes_executor.py
[2024-05-22T23:03:33.606+0000] {processor.py:840} INFO - DAG(s) 'example_kubernetes_executor' retrieved from /home/airflow/.local/lib/python3.8/site-packages/airflow/example_dags/example_kubernetes_executor.py
[2024-05-22T23:03:33.659+0000] {logging_mixin.py:188} INFO - [2024-05-22T23:03:33.659+0000] {dag.py:3036} INFO - Sync 1 DAGs
[2024-05-22T23:03:33.674+0000] {logging_mixin.py:188} INFO - [2024-05-22T23:03:33.674+0000] {dag.py:3823} INFO - Setting next_dagrun for example_kubernetes_executor to None, run_after=None
[2024-05-22T23:03:33.701+0000] {processor.py:183} INFO - Processing /home/airflow/.local/lib/python3.8/site-packages/airflow/example_dags/example_kubernetes_executor.py took 0.127 seconds
[2024-05-22T23:04:04.071+0000] {processor.py:161} INFO - Started process (PID=55320) to work on /home/airflow/.local/lib/python3.8/site-packages/airflow/example_dags/example_kubernetes_executor.py
[2024-05-22T23:04:04.072+0000] {processor.py:830} INFO - Processing file /home/airflow/.local/lib/python3.8/site-packages/airflow/example_dags/example_kubernetes_executor.py for tasks to queue
[2024-05-22T23:04:04.074+0000] {logging_mixin.py:188} INFO - [2024-05-22T23:04:04.074+0000] {dagbag.py:538} INFO - Filling up the DagBag from /home/airflow/.local/lib/python3.8/site-packages/airflow/example_dags/example_kubernetes_executor.py
[2024-05-22T23:04:04.092+0000] {processor.py:840} INFO - DAG(s) 'example_kubernetes_executor' retrieved from /home/airflow/.local/lib/python3.8/site-packages/airflow/example_dags/example_kubernetes_executor.py
[2024-05-22T23:04:04.144+0000] {logging_mixin.py:188} INFO - [2024-05-22T23:04:04.143+0000] {dag.py:3036} INFO - Sync 1 DAGs
[2024-05-22T23:04:04.160+0000] {logging_mixin.py:188} INFO - [2024-05-22T23:04:04.159+0000] {dag.py:3823} INFO - Setting next_dagrun for example_kubernetes_executor to None, run_after=None
[2024-05-22T23:04:04.188+0000] {processor.py:183} INFO - Processing /home/airflow/.local/lib/python3.8/site-packages/airflow/example_dags/example_kubernetes_executor.py took 0.121 seconds
[2024-05-22T23:04:34.737+0000] {processor.py:161} INFO - Started process (PID=55377) to work on /home/airflow/.local/lib/python3.8/site-packages/airflow/example_dags/example_kubernetes_executor.py
[2024-05-22T23:04:34.738+0000] {processor.py:830} INFO - Processing file /home/airflow/.local/lib/python3.8/site-packages/airflow/example_dags/example_kubernetes_executor.py for tasks to queue
[2024-05-22T23:04:34.740+0000] {logging_mixin.py:188} INFO - [2024-05-22T23:04:34.740+0000] {dagbag.py:538} INFO - Filling up the DagBag from /home/airflow/.local/lib/python3.8/site-packages/airflow/example_dags/example_kubernetes_executor.py
[2024-05-22T23:04:34.757+0000] {processor.py:840} INFO - DAG(s) 'example_kubernetes_executor' retrieved from /home/airflow/.local/lib/python3.8/site-packages/airflow/example_dags/example_kubernetes_executor.py
[2024-05-22T23:04:34.810+0000] {logging_mixin.py:188} INFO - [2024-05-22T23:04:34.809+0000] {dag.py:3036} INFO - Sync 1 DAGs
[2024-05-22T23:04:34.827+0000] {logging_mixin.py:188} INFO - [2024-05-22T23:04:34.827+0000] {dag.py:3823} INFO - Setting next_dagrun for example_kubernetes_executor to None, run_after=None
[2024-05-22T23:04:34.851+0000] {processor.py:183} INFO - Processing /home/airflow/.local/lib/python3.8/site-packages/airflow/example_dags/example_kubernetes_executor.py took 0.118 seconds
[2024-05-22T23:05:05.215+0000] {processor.py:161} INFO - Started process (PID=55434) to work on /home/airflow/.local/lib/python3.8/site-packages/airflow/example_dags/example_kubernetes_executor.py
[2024-05-22T23:05:05.216+0000] {processor.py:830} INFO - Processing file /home/airflow/.local/lib/python3.8/site-packages/airflow/example_dags/example_kubernetes_executor.py for tasks to queue
[2024-05-22T23:05:05.218+0000] {logging_mixin.py:188} INFO - [2024-05-22T23:05:05.218+0000] {dagbag.py:538} INFO - Filling up the DagBag from /home/airflow/.local/lib/python3.8/site-packages/airflow/example_dags/example_kubernetes_executor.py
[2024-05-22T23:05:05.240+0000] {processor.py:840} INFO - DAG(s) 'example_kubernetes_executor' retrieved from /home/airflow/.local/lib/python3.8/site-packages/airflow/example_dags/example_kubernetes_executor.py
[2024-05-22T23:05:05.292+0000] {logging_mixin.py:188} INFO - [2024-05-22T23:05:05.292+0000] {dag.py:3036} INFO - Sync 1 DAGs
[2024-05-22T23:05:05.312+0000] {logging_mixin.py:188} INFO - [2024-05-22T23:05:05.312+0000] {dag.py:3823} INFO - Setting next_dagrun for example_kubernetes_executor to None, run_after=None
[2024-05-22T23:05:05.339+0000] {processor.py:183} INFO - Processing /home/airflow/.local/lib/python3.8/site-packages/airflow/example_dags/example_kubernetes_executor.py took 0.129 seconds
[2024-05-22T23:05:35.441+0000] {processor.py:161} INFO - Started process (PID=55491) to work on /home/airflow/.local/lib/python3.8/site-packages/airflow/example_dags/example_kubernetes_executor.py
[2024-05-22T23:05:35.442+0000] {processor.py:830} INFO - Processing file /home/airflow/.local/lib/python3.8/site-packages/airflow/example_dags/example_kubernetes_executor.py for tasks to queue
[2024-05-22T23:05:35.445+0000] {logging_mixin.py:188} INFO - [2024-05-22T23:05:35.444+0000] {dagbag.py:538} INFO - Filling up the DagBag from /home/airflow/.local/lib/python3.8/site-packages/airflow/example_dags/example_kubernetes_executor.py
[2024-05-22T23:05:35.458+0000] {processor.py:840} INFO - DAG(s) 'example_kubernetes_executor' retrieved from /home/airflow/.local/lib/python3.8/site-packages/airflow/example_dags/example_kubernetes_executor.py
[2024-05-22T23:05:35.503+0000] {logging_mixin.py:188} INFO - [2024-05-22T23:05:35.502+0000] {dag.py:3036} INFO - Sync 1 DAGs
[2024-05-22T23:05:35.517+0000] {logging_mixin.py:188} INFO - [2024-05-22T23:05:35.516+0000] {dag.py:3823} INFO - Setting next_dagrun for example_kubernetes_executor to None, run_after=None
[2024-05-22T23:05:35.539+0000] {processor.py:183} INFO - Processing /home/airflow/.local/lib/python3.8/site-packages/airflow/example_dags/example_kubernetes_executor.py took 0.100 seconds
[2024-05-22T23:06:06.104+0000] {processor.py:161} INFO - Started process (PID=55548) to work on /home/airflow/.local/lib/python3.8/site-packages/airflow/example_dags/example_kubernetes_executor.py
[2024-05-22T23:06:06.105+0000] {processor.py:830} INFO - Processing file /home/airflow/.local/lib/python3.8/site-packages/airflow/example_dags/example_kubernetes_executor.py for tasks to queue
[2024-05-22T23:06:06.107+0000] {logging_mixin.py:188} INFO - [2024-05-22T23:06:06.107+0000] {dagbag.py:538} INFO - Filling up the DagBag from /home/airflow/.local/lib/python3.8/site-packages/airflow/example_dags/example_kubernetes_executor.py
[2024-05-22T23:06:06.124+0000] {processor.py:840} INFO - DAG(s) 'example_kubernetes_executor' retrieved from /home/airflow/.local/lib/python3.8/site-packages/airflow/example_dags/example_kubernetes_executor.py
[2024-05-22T23:06:06.169+0000] {logging_mixin.py:188} INFO - [2024-05-22T23:06:06.168+0000] {dag.py:3036} INFO - Sync 1 DAGs
[2024-05-22T23:06:06.184+0000] {logging_mixin.py:188} INFO - [2024-05-22T23:06:06.183+0000] {dag.py:3823} INFO - Setting next_dagrun for example_kubernetes_executor to None, run_after=None
[2024-05-22T23:06:06.207+0000] {processor.py:183} INFO - Processing /home/airflow/.local/lib/python3.8/site-packages/airflow/example_dags/example_kubernetes_executor.py took 0.106 seconds
[2024-05-22T23:06:36.775+0000] {processor.py:161} INFO - Started process (PID=55605) to work on /home/airflow/.local/lib/python3.8/site-packages/airflow/example_dags/example_kubernetes_executor.py
[2024-05-22T23:06:36.776+0000] {processor.py:830} INFO - Processing file /home/airflow/.local/lib/python3.8/site-packages/airflow/example_dags/example_kubernetes_executor.py for tasks to queue
[2024-05-22T23:06:36.778+0000] {logging_mixin.py:188} INFO - [2024-05-22T23:06:36.777+0000] {dagbag.py:538} INFO - Filling up the DagBag from /home/airflow/.local/lib/python3.8/site-packages/airflow/example_dags/example_kubernetes_executor.py
[2024-05-22T23:06:36.794+0000] {processor.py:840} INFO - DAG(s) 'example_kubernetes_executor' retrieved from /home/airflow/.local/lib/python3.8/site-packages/airflow/example_dags/example_kubernetes_executor.py
[2024-05-22T23:06:36.843+0000] {logging_mixin.py:188} INFO - [2024-05-22T23:06:36.842+0000] {dag.py:3036} INFO - Sync 1 DAGs
[2024-05-22T23:06:36.859+0000] {logging_mixin.py:188} INFO - [2024-05-22T23:06:36.859+0000] {dag.py:3823} INFO - Setting next_dagrun for example_kubernetes_executor to None, run_after=None
[2024-05-22T23:06:36.884+0000] {processor.py:183} INFO - Processing /home/airflow/.local/lib/python3.8/site-packages/airflow/example_dags/example_kubernetes_executor.py took 0.112 seconds
[2024-05-22T23:07:07.003+0000] {processor.py:161} INFO - Started process (PID=55662) to work on /home/airflow/.local/lib/python3.8/site-packages/airflow/example_dags/example_kubernetes_executor.py
[2024-05-22T23:07:07.004+0000] {processor.py:830} INFO - Processing file /home/airflow/.local/lib/python3.8/site-packages/airflow/example_dags/example_kubernetes_executor.py for tasks to queue
[2024-05-22T23:07:07.006+0000] {logging_mixin.py:188} INFO - [2024-05-22T23:07:07.005+0000] {dagbag.py:538} INFO - Filling up the DagBag from /home/airflow/.local/lib/python3.8/site-packages/airflow/example_dags/example_kubernetes_executor.py
[2024-05-22T23:07:07.022+0000] {processor.py:840} INFO - DAG(s) 'example_kubernetes_executor' retrieved from /home/airflow/.local/lib/python3.8/site-packages/airflow/example_dags/example_kubernetes_executor.py
[2024-05-22T23:07:07.070+0000] {logging_mixin.py:188} INFO - [2024-05-22T23:07:07.070+0000] {dag.py:3036} INFO - Sync 1 DAGs
[2024-05-22T23:07:07.085+0000] {logging_mixin.py:188} INFO - [2024-05-22T23:07:07.085+0000] {dag.py:3823} INFO - Setting next_dagrun for example_kubernetes_executor to None, run_after=None
[2024-05-22T23:07:07.108+0000] {processor.py:183} INFO - Processing /home/airflow/.local/lib/python3.8/site-packages/airflow/example_dags/example_kubernetes_executor.py took 0.108 seconds
[2024-05-22T23:07:37.297+0000] {processor.py:161} INFO - Started process (PID=55719) to work on /home/airflow/.local/lib/python3.8/site-packages/airflow/example_dags/example_kubernetes_executor.py
[2024-05-22T23:07:37.299+0000] {processor.py:830} INFO - Processing file /home/airflow/.local/lib/python3.8/site-packages/airflow/example_dags/example_kubernetes_executor.py for tasks to queue
[2024-05-22T23:07:37.300+0000] {logging_mixin.py:188} INFO - [2024-05-22T23:07:37.300+0000] {dagbag.py:538} INFO - Filling up the DagBag from /home/airflow/.local/lib/python3.8/site-packages/airflow/example_dags/example_kubernetes_executor.py
[2024-05-22T23:07:37.315+0000] {processor.py:840} INFO - DAG(s) 'example_kubernetes_executor' retrieved from /home/airflow/.local/lib/python3.8/site-packages/airflow/example_dags/example_kubernetes_executor.py
[2024-05-22T23:07:37.357+0000] {logging_mixin.py:188} INFO - [2024-05-22T23:07:37.357+0000] {dag.py:3036} INFO - Sync 1 DAGs
[2024-05-22T23:07:37.373+0000] {logging_mixin.py:188} INFO - [2024-05-22T23:07:37.373+0000] {dag.py:3823} INFO - Setting next_dagrun for example_kubernetes_executor to None, run_after=None
[2024-05-22T23:07:37.395+0000] {processor.py:183} INFO - Processing /home/airflow/.local/lib/python3.8/site-packages/airflow/example_dags/example_kubernetes_executor.py took 0.101 seconds
[2024-05-22T23:08:07.967+0000] {processor.py:161} INFO - Started process (PID=55776) to work on /home/airflow/.local/lib/python3.8/site-packages/airflow/example_dags/example_kubernetes_executor.py
[2024-05-22T23:08:07.968+0000] {processor.py:830} INFO - Processing file /home/airflow/.local/lib/python3.8/site-packages/airflow/example_dags/example_kubernetes_executor.py for tasks to queue
[2024-05-22T23:08:07.969+0000] {logging_mixin.py:188} INFO - [2024-05-22T23:08:07.969+0000] {dagbag.py:538} INFO - Filling up the DagBag from /home/airflow/.local/lib/python3.8/site-packages/airflow/example_dags/example_kubernetes_executor.py
[2024-05-22T23:08:07.983+0000] {processor.py:840} INFO - DAG(s) 'example_kubernetes_executor' retrieved from /home/airflow/.local/lib/python3.8/site-packages/airflow/example_dags/example_kubernetes_executor.py
[2024-05-22T23:08:08.023+0000] {logging_mixin.py:188} INFO - [2024-05-22T23:08:08.023+0000] {dag.py:3036} INFO - Sync 1 DAGs
[2024-05-22T23:08:08.039+0000] {logging_mixin.py:188} INFO - [2024-05-22T23:08:08.039+0000] {dag.py:3823} INFO - Setting next_dagrun for example_kubernetes_executor to None, run_after=None
[2024-05-22T23:08:08.062+0000] {processor.py:183} INFO - Processing /home/airflow/.local/lib/python3.8/site-packages/airflow/example_dags/example_kubernetes_executor.py took 0.098 seconds
[2024-05-22T23:08:38.793+0000] {processor.py:161} INFO - Started process (PID=55833) to work on /home/airflow/.local/lib/python3.8/site-packages/airflow/example_dags/example_kubernetes_executor.py
[2024-05-22T23:08:38.795+0000] {processor.py:830} INFO - Processing file /home/airflow/.local/lib/python3.8/site-packages/airflow/example_dags/example_kubernetes_executor.py for tasks to queue
[2024-05-22T23:08:38.797+0000] {logging_mixin.py:188} INFO - [2024-05-22T23:08:38.797+0000] {dagbag.py:538} INFO - Filling up the DagBag from /home/airflow/.local/lib/python3.8/site-packages/airflow/example_dags/example_kubernetes_executor.py
[2024-05-22T23:08:38.811+0000] {processor.py:840} INFO - DAG(s) 'example_kubernetes_executor' retrieved from /home/airflow/.local/lib/python3.8/site-packages/airflow/example_dags/example_kubernetes_executor.py
[2024-05-22T23:08:38.848+0000] {logging_mixin.py:188} INFO - [2024-05-22T23:08:38.848+0000] {dag.py:3036} INFO - Sync 1 DAGs
[2024-05-22T23:08:38.861+0000] {logging_mixin.py:188} INFO - [2024-05-22T23:08:38.861+0000] {dag.py:3823} INFO - Setting next_dagrun for example_kubernetes_executor to None, run_after=None
[2024-05-22T23:08:38.885+0000] {processor.py:183} INFO - Processing /home/airflow/.local/lib/python3.8/site-packages/airflow/example_dags/example_kubernetes_executor.py took 0.095 seconds
[2024-05-22T23:09:09.652+0000] {processor.py:161} INFO - Started process (PID=55890) to work on /home/airflow/.local/lib/python3.8/site-packages/airflow/example_dags/example_kubernetes_executor.py
[2024-05-22T23:09:09.653+0000] {processor.py:830} INFO - Processing file /home/airflow/.local/lib/python3.8/site-packages/airflow/example_dags/example_kubernetes_executor.py for tasks to queue
[2024-05-22T23:09:09.655+0000] {logging_mixin.py:188} INFO - [2024-05-22T23:09:09.655+0000] {dagbag.py:538} INFO - Filling up the DagBag from /home/airflow/.local/lib/python3.8/site-packages/airflow/example_dags/example_kubernetes_executor.py
[2024-05-22T23:09:09.671+0000] {processor.py:840} INFO - DAG(s) 'example_kubernetes_executor' retrieved from /home/airflow/.local/lib/python3.8/site-packages/airflow/example_dags/example_kubernetes_executor.py
[2024-05-22T23:09:09.718+0000] {logging_mixin.py:188} INFO - [2024-05-22T23:09:09.718+0000] {dag.py:3036} INFO - Sync 1 DAGs
[2024-05-22T23:09:09.733+0000] {logging_mixin.py:188} INFO - [2024-05-22T23:09:09.733+0000] {dag.py:3823} INFO - Setting next_dagrun for example_kubernetes_executor to None, run_after=None
[2024-05-22T23:09:09.755+0000] {processor.py:183} INFO - Processing /home/airflow/.local/lib/python3.8/site-packages/airflow/example_dags/example_kubernetes_executor.py took 0.107 seconds
[2024-05-22T23:09:40.088+0000] {processor.py:161} INFO - Started process (PID=55947) to work on /home/airflow/.local/lib/python3.8/site-packages/airflow/example_dags/example_kubernetes_executor.py
[2024-05-22T23:09:40.089+0000] {processor.py:830} INFO - Processing file /home/airflow/.local/lib/python3.8/site-packages/airflow/example_dags/example_kubernetes_executor.py for tasks to queue
[2024-05-22T23:09:40.091+0000] {logging_mixin.py:188} INFO - [2024-05-22T23:09:40.090+0000] {dagbag.py:538} INFO - Filling up the DagBag from /home/airflow/.local/lib/python3.8/site-packages/airflow/example_dags/example_kubernetes_executor.py
[2024-05-22T23:09:40.106+0000] {processor.py:840} INFO - DAG(s) 'example_kubernetes_executor' retrieved from /home/airflow/.local/lib/python3.8/site-packages/airflow/example_dags/example_kubernetes_executor.py
[2024-05-22T23:09:40.145+0000] {logging_mixin.py:188} INFO - [2024-05-22T23:09:40.145+0000] {dag.py:3036} INFO - Sync 1 DAGs
[2024-05-22T23:09:40.159+0000] {logging_mixin.py:188} INFO - [2024-05-22T23:09:40.158+0000] {dag.py:3823} INFO - Setting next_dagrun for example_kubernetes_executor to None, run_after=None
[2024-05-22T23:09:40.180+0000] {processor.py:183} INFO - Processing /home/airflow/.local/lib/python3.8/site-packages/airflow/example_dags/example_kubernetes_executor.py took 0.097 seconds
[2024-05-22T23:10:10.438+0000] {processor.py:161} INFO - Started process (PID=56004) to work on /home/airflow/.local/lib/python3.8/site-packages/airflow/example_dags/example_kubernetes_executor.py
[2024-05-22T23:10:10.439+0000] {processor.py:830} INFO - Processing file /home/airflow/.local/lib/python3.8/site-packages/airflow/example_dags/example_kubernetes_executor.py for tasks to queue
[2024-05-22T23:10:10.440+0000] {logging_mixin.py:188} INFO - [2024-05-22T23:10:10.440+0000] {dagbag.py:538} INFO - Filling up the DagBag from /home/airflow/.local/lib/python3.8/site-packages/airflow/example_dags/example_kubernetes_executor.py
[2024-05-22T23:10:10.456+0000] {processor.py:840} INFO - DAG(s) 'example_kubernetes_executor' retrieved from /home/airflow/.local/lib/python3.8/site-packages/airflow/example_dags/example_kubernetes_executor.py
[2024-05-22T23:10:10.500+0000] {logging_mixin.py:188} INFO - [2024-05-22T23:10:10.500+0000] {dag.py:3036} INFO - Sync 1 DAGs
[2024-05-22T23:10:10.512+0000] {logging_mixin.py:188} INFO - [2024-05-22T23:10:10.512+0000] {dag.py:3823} INFO - Setting next_dagrun for example_kubernetes_executor to None, run_after=None
[2024-05-22T23:10:10.532+0000] {processor.py:183} INFO - Processing /home/airflow/.local/lib/python3.8/site-packages/airflow/example_dags/example_kubernetes_executor.py took 0.098 seconds
