[2024-05-22T22:36:39.480+0000] {processor.py:161} INFO - Started process (PID=52233) to work on /home/airflow/.local/lib/python3.8/site-packages/airflow/example_dags/example_branch_python_dop_operator_3.py
[2024-05-22T22:36:39.483+0000] {processor.py:830} INFO - Processing file /home/airflow/.local/lib/python3.8/site-packages/airflow/example_dags/example_branch_python_dop_operator_3.py for tasks to queue
[2024-05-22T22:36:39.486+0000] {logging_mixin.py:188} INFO - [2024-05-22T22:36:39.486+0000] {dagbag.py:538} INFO - Filling up the DagBag from /home/airflow/.local/lib/python3.8/site-packages/airflow/example_dags/example_branch_python_dop_operator_3.py
[2024-05-22T22:36:39.535+0000] {processor.py:840} INFO - DAG(s) 'example_branch_dop_operator_v3' retrieved from /home/airflow/.local/lib/python3.8/site-packages/airflow/example_dags/example_branch_python_dop_operator_3.py
[2024-05-22T22:36:39.616+0000] {logging_mixin.py:188} INFO - [2024-05-22T22:36:39.615+0000] {dag.py:3036} INFO - Sync 1 DAGs
[2024-05-22T22:36:39.711+0000] {logging_mixin.py:188} INFO - [2024-05-22T22:36:39.710+0000] {dag.py:3823} INFO - Setting next_dagrun for example_branch_dop_operator_v3 to 2024-05-22 22:35:00+00:00, run_after=2024-05-22 22:36:00+00:00
[2024-05-22T22:36:39.761+0000] {processor.py:183} INFO - Processing /home/airflow/.local/lib/python3.8/site-packages/airflow/example_dags/example_branch_python_dop_operator_3.py took 0.291 seconds
[2024-05-22T22:37:09.924+0000] {processor.py:161} INFO - Started process (PID=52296) to work on /home/airflow/.local/lib/python3.8/site-packages/airflow/example_dags/example_branch_python_dop_operator_3.py
[2024-05-22T22:37:09.925+0000] {processor.py:830} INFO - Processing file /home/airflow/.local/lib/python3.8/site-packages/airflow/example_dags/example_branch_python_dop_operator_3.py for tasks to queue
[2024-05-22T22:37:09.927+0000] {logging_mixin.py:188} INFO - [2024-05-22T22:37:09.927+0000] {dagbag.py:538} INFO - Filling up the DagBag from /home/airflow/.local/lib/python3.8/site-packages/airflow/example_dags/example_branch_python_dop_operator_3.py
[2024-05-22T22:37:09.936+0000] {processor.py:840} INFO - DAG(s) 'example_branch_dop_operator_v3' retrieved from /home/airflow/.local/lib/python3.8/site-packages/airflow/example_dags/example_branch_python_dop_operator_3.py
[2024-05-22T22:37:09.957+0000] {logging_mixin.py:188} INFO - [2024-05-22T22:37:09.957+0000] {dag.py:3036} INFO - Sync 1 DAGs
[2024-05-22T22:37:09.994+0000] {logging_mixin.py:188} INFO - [2024-05-22T22:37:09.994+0000] {dag.py:3823} INFO - Setting next_dagrun for example_branch_dop_operator_v3 to 2024-05-22 22:36:00+00:00, run_after=2024-05-22 22:37:00+00:00
[2024-05-22T22:37:10.021+0000] {processor.py:183} INFO - Processing /home/airflow/.local/lib/python3.8/site-packages/airflow/example_dags/example_branch_python_dop_operator_3.py took 0.100 seconds
[2024-05-22T22:37:40.451+0000] {processor.py:161} INFO - Started process (PID=52353) to work on /home/airflow/.local/lib/python3.8/site-packages/airflow/example_dags/example_branch_python_dop_operator_3.py
[2024-05-22T22:37:40.453+0000] {processor.py:830} INFO - Processing file /home/airflow/.local/lib/python3.8/site-packages/airflow/example_dags/example_branch_python_dop_operator_3.py for tasks to queue
[2024-05-22T22:37:40.455+0000] {logging_mixin.py:188} INFO - [2024-05-22T22:37:40.455+0000] {dagbag.py:538} INFO - Filling up the DagBag from /home/airflow/.local/lib/python3.8/site-packages/airflow/example_dags/example_branch_python_dop_operator_3.py
[2024-05-22T22:37:40.469+0000] {processor.py:840} INFO - DAG(s) 'example_branch_dop_operator_v3' retrieved from /home/airflow/.local/lib/python3.8/site-packages/airflow/example_dags/example_branch_python_dop_operator_3.py
[2024-05-22T22:37:40.502+0000] {logging_mixin.py:188} INFO - [2024-05-22T22:37:40.501+0000] {dag.py:3036} INFO - Sync 1 DAGs
[2024-05-22T22:37:40.534+0000] {logging_mixin.py:188} INFO - [2024-05-22T22:37:40.534+0000] {dag.py:3823} INFO - Setting next_dagrun for example_branch_dop_operator_v3 to 2024-05-22 22:36:00+00:00, run_after=2024-05-22 22:37:00+00:00
[2024-05-22T22:37:40.564+0000] {processor.py:183} INFO - Processing /home/airflow/.local/lib/python3.8/site-packages/airflow/example_dags/example_branch_python_dop_operator_3.py took 0.118 seconds
[2024-05-22T22:38:10.836+0000] {processor.py:161} INFO - Started process (PID=52410) to work on /home/airflow/.local/lib/python3.8/site-packages/airflow/example_dags/example_branch_python_dop_operator_3.py
[2024-05-22T22:38:10.837+0000] {processor.py:830} INFO - Processing file /home/airflow/.local/lib/python3.8/site-packages/airflow/example_dags/example_branch_python_dop_operator_3.py for tasks to queue
[2024-05-22T22:38:10.839+0000] {logging_mixin.py:188} INFO - [2024-05-22T22:38:10.839+0000] {dagbag.py:538} INFO - Filling up the DagBag from /home/airflow/.local/lib/python3.8/site-packages/airflow/example_dags/example_branch_python_dop_operator_3.py
[2024-05-22T22:38:10.847+0000] {processor.py:840} INFO - DAG(s) 'example_branch_dop_operator_v3' retrieved from /home/airflow/.local/lib/python3.8/site-packages/airflow/example_dags/example_branch_python_dop_operator_3.py
[2024-05-22T22:38:10.865+0000] {logging_mixin.py:188} INFO - [2024-05-22T22:38:10.865+0000] {dag.py:3036} INFO - Sync 1 DAGs
[2024-05-22T22:38:10.890+0000] {logging_mixin.py:188} INFO - [2024-05-22T22:38:10.890+0000] {dag.py:3823} INFO - Setting next_dagrun for example_branch_dop_operator_v3 to 2024-05-22 22:37:00+00:00, run_after=2024-05-22 22:38:00+00:00
[2024-05-22T22:38:10.911+0000] {processor.py:183} INFO - Processing /home/airflow/.local/lib/python3.8/site-packages/airflow/example_dags/example_branch_python_dop_operator_3.py took 0.077 seconds
[2024-05-22T22:38:41.332+0000] {processor.py:161} INFO - Started process (PID=52467) to work on /home/airflow/.local/lib/python3.8/site-packages/airflow/example_dags/example_branch_python_dop_operator_3.py
[2024-05-22T22:38:41.333+0000] {processor.py:830} INFO - Processing file /home/airflow/.local/lib/python3.8/site-packages/airflow/example_dags/example_branch_python_dop_operator_3.py for tasks to queue
[2024-05-22T22:38:41.335+0000] {logging_mixin.py:188} INFO - [2024-05-22T22:38:41.334+0000] {dagbag.py:538} INFO - Filling up the DagBag from /home/airflow/.local/lib/python3.8/site-packages/airflow/example_dags/example_branch_python_dop_operator_3.py
[2024-05-22T22:38:41.344+0000] {processor.py:840} INFO - DAG(s) 'example_branch_dop_operator_v3' retrieved from /home/airflow/.local/lib/python3.8/site-packages/airflow/example_dags/example_branch_python_dop_operator_3.py
[2024-05-22T22:38:41.367+0000] {logging_mixin.py:188} INFO - [2024-05-22T22:38:41.367+0000] {dag.py:3036} INFO - Sync 1 DAGs
[2024-05-22T22:38:41.399+0000] {logging_mixin.py:188} INFO - [2024-05-22T22:38:41.399+0000] {dag.py:3823} INFO - Setting next_dagrun for example_branch_dop_operator_v3 to 2024-05-22 22:37:00+00:00, run_after=2024-05-22 22:38:00+00:00
[2024-05-22T22:38:41.420+0000] {processor.py:183} INFO - Processing /home/airflow/.local/lib/python3.8/site-packages/airflow/example_dags/example_branch_python_dop_operator_3.py took 0.091 seconds
[2024-05-22T22:39:11.762+0000] {processor.py:161} INFO - Started process (PID=52524) to work on /home/airflow/.local/lib/python3.8/site-packages/airflow/example_dags/example_branch_python_dop_operator_3.py
[2024-05-22T22:39:11.763+0000] {processor.py:830} INFO - Processing file /home/airflow/.local/lib/python3.8/site-packages/airflow/example_dags/example_branch_python_dop_operator_3.py for tasks to queue
[2024-05-22T22:39:11.764+0000] {logging_mixin.py:188} INFO - [2024-05-22T22:39:11.764+0000] {dagbag.py:538} INFO - Filling up the DagBag from /home/airflow/.local/lib/python3.8/site-packages/airflow/example_dags/example_branch_python_dop_operator_3.py
[2024-05-22T22:39:11.773+0000] {processor.py:840} INFO - DAG(s) 'example_branch_dop_operator_v3' retrieved from /home/airflow/.local/lib/python3.8/site-packages/airflow/example_dags/example_branch_python_dop_operator_3.py
[2024-05-22T22:39:11.795+0000] {logging_mixin.py:188} INFO - [2024-05-22T22:39:11.795+0000] {dag.py:3036} INFO - Sync 1 DAGs
[2024-05-22T22:39:11.830+0000] {logging_mixin.py:188} INFO - [2024-05-22T22:39:11.829+0000] {dag.py:3823} INFO - Setting next_dagrun for example_branch_dop_operator_v3 to 2024-05-22 22:38:00+00:00, run_after=2024-05-22 22:39:00+00:00
[2024-05-22T22:39:11.859+0000] {processor.py:183} INFO - Processing /home/airflow/.local/lib/python3.8/site-packages/airflow/example_dags/example_branch_python_dop_operator_3.py took 0.101 seconds
[2024-05-22T22:39:42.141+0000] {processor.py:161} INFO - Started process (PID=52581) to work on /home/airflow/.local/lib/python3.8/site-packages/airflow/example_dags/example_branch_python_dop_operator_3.py
[2024-05-22T22:39:42.142+0000] {processor.py:830} INFO - Processing file /home/airflow/.local/lib/python3.8/site-packages/airflow/example_dags/example_branch_python_dop_operator_3.py for tasks to queue
[2024-05-22T22:39:42.143+0000] {logging_mixin.py:188} INFO - [2024-05-22T22:39:42.143+0000] {dagbag.py:538} INFO - Filling up the DagBag from /home/airflow/.local/lib/python3.8/site-packages/airflow/example_dags/example_branch_python_dop_operator_3.py
[2024-05-22T22:39:42.153+0000] {processor.py:840} INFO - DAG(s) 'example_branch_dop_operator_v3' retrieved from /home/airflow/.local/lib/python3.8/site-packages/airflow/example_dags/example_branch_python_dop_operator_3.py
[2024-05-22T22:39:42.173+0000] {logging_mixin.py:188} INFO - [2024-05-22T22:39:42.173+0000] {dag.py:3036} INFO - Sync 1 DAGs
[2024-05-22T22:39:42.203+0000] {logging_mixin.py:188} INFO - [2024-05-22T22:39:42.203+0000] {dag.py:3823} INFO - Setting next_dagrun for example_branch_dop_operator_v3 to 2024-05-22 22:38:00+00:00, run_after=2024-05-22 22:39:00+00:00
[2024-05-22T22:39:42.229+0000] {processor.py:183} INFO - Processing /home/airflow/.local/lib/python3.8/site-packages/airflow/example_dags/example_branch_python_dop_operator_3.py took 0.091 seconds
[2024-05-22T22:40:12.607+0000] {processor.py:161} INFO - Started process (PID=52638) to work on /home/airflow/.local/lib/python3.8/site-packages/airflow/example_dags/example_branch_python_dop_operator_3.py
[2024-05-22T22:40:12.608+0000] {processor.py:830} INFO - Processing file /home/airflow/.local/lib/python3.8/site-packages/airflow/example_dags/example_branch_python_dop_operator_3.py for tasks to queue
[2024-05-22T22:40:12.610+0000] {logging_mixin.py:188} INFO - [2024-05-22T22:40:12.609+0000] {dagbag.py:538} INFO - Filling up the DagBag from /home/airflow/.local/lib/python3.8/site-packages/airflow/example_dags/example_branch_python_dop_operator_3.py
[2024-05-22T22:40:12.618+0000] {processor.py:840} INFO - DAG(s) 'example_branch_dop_operator_v3' retrieved from /home/airflow/.local/lib/python3.8/site-packages/airflow/example_dags/example_branch_python_dop_operator_3.py
[2024-05-22T22:40:12.639+0000] {logging_mixin.py:188} INFO - [2024-05-22T22:40:12.639+0000] {dag.py:3036} INFO - Sync 1 DAGs
[2024-05-22T22:40:12.669+0000] {logging_mixin.py:188} INFO - [2024-05-22T22:40:12.669+0000] {dag.py:3823} INFO - Setting next_dagrun for example_branch_dop_operator_v3 to 2024-05-22 22:39:00+00:00, run_after=2024-05-22 22:40:00+00:00
[2024-05-22T22:40:12.691+0000] {processor.py:183} INFO - Processing /home/airflow/.local/lib/python3.8/site-packages/airflow/example_dags/example_branch_python_dop_operator_3.py took 0.087 seconds
[2024-05-22T22:40:43.122+0000] {processor.py:161} INFO - Started process (PID=52695) to work on /home/airflow/.local/lib/python3.8/site-packages/airflow/example_dags/example_branch_python_dop_operator_3.py
[2024-05-22T22:40:43.123+0000] {processor.py:830} INFO - Processing file /home/airflow/.local/lib/python3.8/site-packages/airflow/example_dags/example_branch_python_dop_operator_3.py for tasks to queue
[2024-05-22T22:40:43.126+0000] {logging_mixin.py:188} INFO - [2024-05-22T22:40:43.125+0000] {dagbag.py:538} INFO - Filling up the DagBag from /home/airflow/.local/lib/python3.8/site-packages/airflow/example_dags/example_branch_python_dop_operator_3.py
[2024-05-22T22:40:43.138+0000] {processor.py:840} INFO - DAG(s) 'example_branch_dop_operator_v3' retrieved from /home/airflow/.local/lib/python3.8/site-packages/airflow/example_dags/example_branch_python_dop_operator_3.py
[2024-05-22T22:40:43.165+0000] {logging_mixin.py:188} INFO - [2024-05-22T22:40:43.164+0000] {dag.py:3036} INFO - Sync 1 DAGs
[2024-05-22T22:40:43.199+0000] {logging_mixin.py:188} INFO - [2024-05-22T22:40:43.199+0000] {dag.py:3823} INFO - Setting next_dagrun for example_branch_dop_operator_v3 to 2024-05-22 22:39:00+00:00, run_after=2024-05-22 22:40:00+00:00
[2024-05-22T22:40:43.223+0000] {processor.py:183} INFO - Processing /home/airflow/.local/lib/python3.8/site-packages/airflow/example_dags/example_branch_python_dop_operator_3.py took 0.105 seconds
[2024-05-22T22:41:13.630+0000] {processor.py:161} INFO - Started process (PID=52752) to work on /home/airflow/.local/lib/python3.8/site-packages/airflow/example_dags/example_branch_python_dop_operator_3.py
[2024-05-22T22:41:13.631+0000] {processor.py:830} INFO - Processing file /home/airflow/.local/lib/python3.8/site-packages/airflow/example_dags/example_branch_python_dop_operator_3.py for tasks to queue
[2024-05-22T22:41:13.632+0000] {logging_mixin.py:188} INFO - [2024-05-22T22:41:13.632+0000] {dagbag.py:538} INFO - Filling up the DagBag from /home/airflow/.local/lib/python3.8/site-packages/airflow/example_dags/example_branch_python_dop_operator_3.py
[2024-05-22T22:41:13.641+0000] {processor.py:840} INFO - DAG(s) 'example_branch_dop_operator_v3' retrieved from /home/airflow/.local/lib/python3.8/site-packages/airflow/example_dags/example_branch_python_dop_operator_3.py
[2024-05-22T22:41:13.661+0000] {logging_mixin.py:188} INFO - [2024-05-22T22:41:13.660+0000] {dag.py:3036} INFO - Sync 1 DAGs
[2024-05-22T22:41:13.687+0000] {logging_mixin.py:188} INFO - [2024-05-22T22:41:13.686+0000] {dag.py:3823} INFO - Setting next_dagrun for example_branch_dop_operator_v3 to 2024-05-22 22:40:00+00:00, run_after=2024-05-22 22:41:00+00:00
[2024-05-22T22:41:13.707+0000] {processor.py:183} INFO - Processing /home/airflow/.local/lib/python3.8/site-packages/airflow/example_dags/example_branch_python_dop_operator_3.py took 0.080 seconds
[2024-05-22T22:41:44.051+0000] {processor.py:161} INFO - Started process (PID=52809) to work on /home/airflow/.local/lib/python3.8/site-packages/airflow/example_dags/example_branch_python_dop_operator_3.py
[2024-05-22T22:41:44.052+0000] {processor.py:830} INFO - Processing file /home/airflow/.local/lib/python3.8/site-packages/airflow/example_dags/example_branch_python_dop_operator_3.py for tasks to queue
[2024-05-22T22:41:44.054+0000] {logging_mixin.py:188} INFO - [2024-05-22T22:41:44.054+0000] {dagbag.py:538} INFO - Filling up the DagBag from /home/airflow/.local/lib/python3.8/site-packages/airflow/example_dags/example_branch_python_dop_operator_3.py
[2024-05-22T22:41:44.064+0000] {processor.py:840} INFO - DAG(s) 'example_branch_dop_operator_v3' retrieved from /home/airflow/.local/lib/python3.8/site-packages/airflow/example_dags/example_branch_python_dop_operator_3.py
[2024-05-22T22:41:44.086+0000] {logging_mixin.py:188} INFO - [2024-05-22T22:41:44.086+0000] {dag.py:3036} INFO - Sync 1 DAGs
[2024-05-22T22:41:44.113+0000] {logging_mixin.py:188} INFO - [2024-05-22T22:41:44.113+0000] {dag.py:3823} INFO - Setting next_dagrun for example_branch_dop_operator_v3 to 2024-05-22 22:40:00+00:00, run_after=2024-05-22 22:41:00+00:00
[2024-05-22T22:41:44.135+0000] {processor.py:183} INFO - Processing /home/airflow/.local/lib/python3.8/site-packages/airflow/example_dags/example_branch_python_dop_operator_3.py took 0.087 seconds
[2024-05-22T22:42:14.789+0000] {processor.py:161} INFO - Started process (PID=52867) to work on /home/airflow/.local/lib/python3.8/site-packages/airflow/example_dags/example_branch_python_dop_operator_3.py
[2024-05-22T22:42:14.790+0000] {processor.py:830} INFO - Processing file /home/airflow/.local/lib/python3.8/site-packages/airflow/example_dags/example_branch_python_dop_operator_3.py for tasks to queue
[2024-05-22T22:42:14.793+0000] {logging_mixin.py:188} INFO - [2024-05-22T22:42:14.792+0000] {dagbag.py:538} INFO - Filling up the DagBag from /home/airflow/.local/lib/python3.8/site-packages/airflow/example_dags/example_branch_python_dop_operator_3.py
[2024-05-22T22:42:14.804+0000] {processor.py:840} INFO - DAG(s) 'example_branch_dop_operator_v3' retrieved from /home/airflow/.local/lib/python3.8/site-packages/airflow/example_dags/example_branch_python_dop_operator_3.py
[2024-05-22T22:42:14.834+0000] {logging_mixin.py:188} INFO - [2024-05-22T22:42:14.834+0000] {dag.py:3036} INFO - Sync 1 DAGs
[2024-05-22T22:42:14.867+0000] {logging_mixin.py:188} INFO - [2024-05-22T22:42:14.866+0000] {dag.py:3823} INFO - Setting next_dagrun for example_branch_dop_operator_v3 to 2024-05-22 22:41:00+00:00, run_after=2024-05-22 22:42:00+00:00
[2024-05-22T22:42:14.896+0000] {processor.py:183} INFO - Processing /home/airflow/.local/lib/python3.8/site-packages/airflow/example_dags/example_branch_python_dop_operator_3.py took 0.111 seconds
[2024-05-22T22:42:45.339+0000] {processor.py:161} INFO - Started process (PID=52924) to work on /home/airflow/.local/lib/python3.8/site-packages/airflow/example_dags/example_branch_python_dop_operator_3.py
[2024-05-22T22:42:45.340+0000] {processor.py:830} INFO - Processing file /home/airflow/.local/lib/python3.8/site-packages/airflow/example_dags/example_branch_python_dop_operator_3.py for tasks to queue
[2024-05-22T22:42:45.342+0000] {logging_mixin.py:188} INFO - [2024-05-22T22:42:45.341+0000] {dagbag.py:538} INFO - Filling up the DagBag from /home/airflow/.local/lib/python3.8/site-packages/airflow/example_dags/example_branch_python_dop_operator_3.py
[2024-05-22T22:42:45.354+0000] {processor.py:840} INFO - DAG(s) 'example_branch_dop_operator_v3' retrieved from /home/airflow/.local/lib/python3.8/site-packages/airflow/example_dags/example_branch_python_dop_operator_3.py
[2024-05-22T22:42:45.380+0000] {logging_mixin.py:188} INFO - [2024-05-22T22:42:45.379+0000] {dag.py:3036} INFO - Sync 1 DAGs
[2024-05-22T22:42:45.421+0000] {logging_mixin.py:188} INFO - [2024-05-22T22:42:45.421+0000] {dag.py:3823} INFO - Setting next_dagrun for example_branch_dop_operator_v3 to 2024-05-22 22:41:00+00:00, run_after=2024-05-22 22:42:00+00:00
[2024-05-22T22:42:45.446+0000] {processor.py:183} INFO - Processing /home/airflow/.local/lib/python3.8/site-packages/airflow/example_dags/example_branch_python_dop_operator_3.py took 0.111 seconds
[2024-05-22T22:43:16.052+0000] {processor.py:161} INFO - Started process (PID=52981) to work on /home/airflow/.local/lib/python3.8/site-packages/airflow/example_dags/example_branch_python_dop_operator_3.py
[2024-05-22T22:43:16.053+0000] {processor.py:830} INFO - Processing file /home/airflow/.local/lib/python3.8/site-packages/airflow/example_dags/example_branch_python_dop_operator_3.py for tasks to queue
[2024-05-22T22:43:16.055+0000] {logging_mixin.py:188} INFO - [2024-05-22T22:43:16.055+0000] {dagbag.py:538} INFO - Filling up the DagBag from /home/airflow/.local/lib/python3.8/site-packages/airflow/example_dags/example_branch_python_dop_operator_3.py
[2024-05-22T22:43:16.068+0000] {processor.py:840} INFO - DAG(s) 'example_branch_dop_operator_v3' retrieved from /home/airflow/.local/lib/python3.8/site-packages/airflow/example_dags/example_branch_python_dop_operator_3.py
[2024-05-22T22:43:16.093+0000] {logging_mixin.py:188} INFO - [2024-05-22T22:43:16.092+0000] {dag.py:3036} INFO - Sync 1 DAGs
[2024-05-22T22:43:16.132+0000] {logging_mixin.py:188} INFO - [2024-05-22T22:43:16.131+0000] {dag.py:3823} INFO - Setting next_dagrun for example_branch_dop_operator_v3 to 2024-05-22 22:42:00+00:00, run_after=2024-05-22 22:43:00+00:00
[2024-05-22T22:43:16.164+0000] {processor.py:183} INFO - Processing /home/airflow/.local/lib/python3.8/site-packages/airflow/example_dags/example_branch_python_dop_operator_3.py took 0.116 seconds
[2024-05-22T22:43:46.663+0000] {processor.py:161} INFO - Started process (PID=53038) to work on /home/airflow/.local/lib/python3.8/site-packages/airflow/example_dags/example_branch_python_dop_operator_3.py
[2024-05-22T22:43:46.664+0000] {processor.py:830} INFO - Processing file /home/airflow/.local/lib/python3.8/site-packages/airflow/example_dags/example_branch_python_dop_operator_3.py for tasks to queue
[2024-05-22T22:43:46.665+0000] {logging_mixin.py:188} INFO - [2024-05-22T22:43:46.665+0000] {dagbag.py:538} INFO - Filling up the DagBag from /home/airflow/.local/lib/python3.8/site-packages/airflow/example_dags/example_branch_python_dop_operator_3.py
[2024-05-22T22:43:46.678+0000] {processor.py:840} INFO - DAG(s) 'example_branch_dop_operator_v3' retrieved from /home/airflow/.local/lib/python3.8/site-packages/airflow/example_dags/example_branch_python_dop_operator_3.py
[2024-05-22T22:43:46.704+0000] {logging_mixin.py:188} INFO - [2024-05-22T22:43:46.703+0000] {dag.py:3036} INFO - Sync 1 DAGs
[2024-05-22T22:43:46.745+0000] {logging_mixin.py:188} INFO - [2024-05-22T22:43:46.744+0000] {dag.py:3823} INFO - Setting next_dagrun for example_branch_dop_operator_v3 to 2024-05-22 22:42:00+00:00, run_after=2024-05-22 22:43:00+00:00
[2024-05-22T22:43:46.772+0000] {processor.py:183} INFO - Processing /home/airflow/.local/lib/python3.8/site-packages/airflow/example_dags/example_branch_python_dop_operator_3.py took 0.113 seconds
[2024-05-22T22:44:16.921+0000] {processor.py:161} INFO - Started process (PID=53095) to work on /home/airflow/.local/lib/python3.8/site-packages/airflow/example_dags/example_branch_python_dop_operator_3.py
[2024-05-22T22:44:16.922+0000] {processor.py:830} INFO - Processing file /home/airflow/.local/lib/python3.8/site-packages/airflow/example_dags/example_branch_python_dop_operator_3.py for tasks to queue
[2024-05-22T22:44:16.924+0000] {logging_mixin.py:188} INFO - [2024-05-22T22:44:16.924+0000] {dagbag.py:538} INFO - Filling up the DagBag from /home/airflow/.local/lib/python3.8/site-packages/airflow/example_dags/example_branch_python_dop_operator_3.py
[2024-05-22T22:44:16.933+0000] {processor.py:840} INFO - DAG(s) 'example_branch_dop_operator_v3' retrieved from /home/airflow/.local/lib/python3.8/site-packages/airflow/example_dags/example_branch_python_dop_operator_3.py
[2024-05-22T22:44:16.958+0000] {logging_mixin.py:188} INFO - [2024-05-22T22:44:16.957+0000] {dag.py:3036} INFO - Sync 1 DAGs
[2024-05-22T22:44:16.996+0000] {logging_mixin.py:188} INFO - [2024-05-22T22:44:16.996+0000] {dag.py:3823} INFO - Setting next_dagrun for example_branch_dop_operator_v3 to 2024-05-22 22:43:00+00:00, run_after=2024-05-22 22:44:00+00:00
[2024-05-22T22:44:17.029+0000] {processor.py:183} INFO - Processing /home/airflow/.local/lib/python3.8/site-packages/airflow/example_dags/example_branch_python_dop_operator_3.py took 0.113 seconds
[2024-05-22T22:44:47.139+0000] {processor.py:161} INFO - Started process (PID=53152) to work on /home/airflow/.local/lib/python3.8/site-packages/airflow/example_dags/example_branch_python_dop_operator_3.py
[2024-05-22T22:44:47.140+0000] {processor.py:830} INFO - Processing file /home/airflow/.local/lib/python3.8/site-packages/airflow/example_dags/example_branch_python_dop_operator_3.py for tasks to queue
[2024-05-22T22:44:47.143+0000] {logging_mixin.py:188} INFO - [2024-05-22T22:44:47.142+0000] {dagbag.py:538} INFO - Filling up the DagBag from /home/airflow/.local/lib/python3.8/site-packages/airflow/example_dags/example_branch_python_dop_operator_3.py
[2024-05-22T22:44:47.160+0000] {processor.py:840} INFO - DAG(s) 'example_branch_dop_operator_v3' retrieved from /home/airflow/.local/lib/python3.8/site-packages/airflow/example_dags/example_branch_python_dop_operator_3.py
[2024-05-22T22:44:47.190+0000] {logging_mixin.py:188} INFO - [2024-05-22T22:44:47.189+0000] {dag.py:3036} INFO - Sync 1 DAGs
[2024-05-22T22:44:47.225+0000] {logging_mixin.py:188} INFO - [2024-05-22T22:44:47.225+0000] {dag.py:3823} INFO - Setting next_dagrun for example_branch_dop_operator_v3 to 2024-05-22 22:43:00+00:00, run_after=2024-05-22 22:44:00+00:00
[2024-05-22T22:44:47.256+0000] {processor.py:183} INFO - Processing /home/airflow/.local/lib/python3.8/site-packages/airflow/example_dags/example_branch_python_dop_operator_3.py took 0.123 seconds
[2024-05-22T22:45:17.496+0000] {processor.py:161} INFO - Started process (PID=53210) to work on /home/airflow/.local/lib/python3.8/site-packages/airflow/example_dags/example_branch_python_dop_operator_3.py
[2024-05-22T22:45:17.498+0000] {processor.py:830} INFO - Processing file /home/airflow/.local/lib/python3.8/site-packages/airflow/example_dags/example_branch_python_dop_operator_3.py for tasks to queue
[2024-05-22T22:45:17.500+0000] {logging_mixin.py:188} INFO - [2024-05-22T22:45:17.499+0000] {dagbag.py:538} INFO - Filling up the DagBag from /home/airflow/.local/lib/python3.8/site-packages/airflow/example_dags/example_branch_python_dop_operator_3.py
[2024-05-22T22:45:17.513+0000] {processor.py:840} INFO - DAG(s) 'example_branch_dop_operator_v3' retrieved from /home/airflow/.local/lib/python3.8/site-packages/airflow/example_dags/example_branch_python_dop_operator_3.py
[2024-05-22T22:45:17.543+0000] {logging_mixin.py:188} INFO - [2024-05-22T22:45:17.542+0000] {dag.py:3036} INFO - Sync 1 DAGs
[2024-05-22T22:45:17.579+0000] {logging_mixin.py:188} INFO - [2024-05-22T22:45:17.579+0000] {dag.py:3823} INFO - Setting next_dagrun for example_branch_dop_operator_v3 to 2024-05-22 22:44:00+00:00, run_after=2024-05-22 22:45:00+00:00
[2024-05-22T22:45:17.613+0000] {processor.py:183} INFO - Processing /home/airflow/.local/lib/python3.8/site-packages/airflow/example_dags/example_branch_python_dop_operator_3.py took 0.123 seconds
[2024-05-22T22:45:47.939+0000] {processor.py:161} INFO - Started process (PID=53268) to work on /home/airflow/.local/lib/python3.8/site-packages/airflow/example_dags/example_branch_python_dop_operator_3.py
[2024-05-22T22:45:47.940+0000] {processor.py:830} INFO - Processing file /home/airflow/.local/lib/python3.8/site-packages/airflow/example_dags/example_branch_python_dop_operator_3.py for tasks to queue
[2024-05-22T22:45:47.943+0000] {logging_mixin.py:188} INFO - [2024-05-22T22:45:47.942+0000] {dagbag.py:538} INFO - Filling up the DagBag from /home/airflow/.local/lib/python3.8/site-packages/airflow/example_dags/example_branch_python_dop_operator_3.py
[2024-05-22T22:45:47.955+0000] {processor.py:840} INFO - DAG(s) 'example_branch_dop_operator_v3' retrieved from /home/airflow/.local/lib/python3.8/site-packages/airflow/example_dags/example_branch_python_dop_operator_3.py
[2024-05-22T22:45:47.979+0000] {logging_mixin.py:188} INFO - [2024-05-22T22:45:47.979+0000] {dag.py:3036} INFO - Sync 1 DAGs
[2024-05-22T22:45:48.011+0000] {logging_mixin.py:188} INFO - [2024-05-22T22:45:48.011+0000] {dag.py:3823} INFO - Setting next_dagrun for example_branch_dop_operator_v3 to 2024-05-22 22:44:00+00:00, run_after=2024-05-22 22:45:00+00:00
[2024-05-22T22:45:48.039+0000] {processor.py:183} INFO - Processing /home/airflow/.local/lib/python3.8/site-packages/airflow/example_dags/example_branch_python_dop_operator_3.py took 0.106 seconds
[2024-05-22T22:46:18.462+0000] {processor.py:161} INFO - Started process (PID=53326) to work on /home/airflow/.local/lib/python3.8/site-packages/airflow/example_dags/example_branch_python_dop_operator_3.py
[2024-05-22T22:46:18.463+0000] {processor.py:830} INFO - Processing file /home/airflow/.local/lib/python3.8/site-packages/airflow/example_dags/example_branch_python_dop_operator_3.py for tasks to queue
[2024-05-22T22:46:18.465+0000] {logging_mixin.py:188} INFO - [2024-05-22T22:46:18.465+0000] {dagbag.py:538} INFO - Filling up the DagBag from /home/airflow/.local/lib/python3.8/site-packages/airflow/example_dags/example_branch_python_dop_operator_3.py
[2024-05-22T22:46:18.475+0000] {processor.py:840} INFO - DAG(s) 'example_branch_dop_operator_v3' retrieved from /home/airflow/.local/lib/python3.8/site-packages/airflow/example_dags/example_branch_python_dop_operator_3.py
[2024-05-22T22:46:18.498+0000] {logging_mixin.py:188} INFO - [2024-05-22T22:46:18.497+0000] {dag.py:3036} INFO - Sync 1 DAGs
[2024-05-22T22:46:18.529+0000] {logging_mixin.py:188} INFO - [2024-05-22T22:46:18.529+0000] {dag.py:3823} INFO - Setting next_dagrun for example_branch_dop_operator_v3 to 2024-05-22 22:45:00+00:00, run_after=2024-05-22 22:46:00+00:00
[2024-05-22T22:46:18.554+0000] {processor.py:183} INFO - Processing /home/airflow/.local/lib/python3.8/site-packages/airflow/example_dags/example_branch_python_dop_operator_3.py took 0.095 seconds
[2024-05-22T22:46:48.876+0000] {processor.py:161} INFO - Started process (PID=53383) to work on /home/airflow/.local/lib/python3.8/site-packages/airflow/example_dags/example_branch_python_dop_operator_3.py
[2024-05-22T22:46:48.877+0000] {processor.py:830} INFO - Processing file /home/airflow/.local/lib/python3.8/site-packages/airflow/example_dags/example_branch_python_dop_operator_3.py for tasks to queue
[2024-05-22T22:46:48.879+0000] {logging_mixin.py:188} INFO - [2024-05-22T22:46:48.879+0000] {dagbag.py:538} INFO - Filling up the DagBag from /home/airflow/.local/lib/python3.8/site-packages/airflow/example_dags/example_branch_python_dop_operator_3.py
[2024-05-22T22:46:48.888+0000] {processor.py:840} INFO - DAG(s) 'example_branch_dop_operator_v3' retrieved from /home/airflow/.local/lib/python3.8/site-packages/airflow/example_dags/example_branch_python_dop_operator_3.py
[2024-05-22T22:46:48.910+0000] {logging_mixin.py:188} INFO - [2024-05-22T22:46:48.910+0000] {dag.py:3036} INFO - Sync 1 DAGs
[2024-05-22T22:46:48.942+0000] {logging_mixin.py:188} INFO - [2024-05-22T22:46:48.942+0000] {dag.py:3823} INFO - Setting next_dagrun for example_branch_dop_operator_v3 to 2024-05-22 22:45:00+00:00, run_after=2024-05-22 22:46:00+00:00
[2024-05-22T22:46:48.964+0000] {processor.py:183} INFO - Processing /home/airflow/.local/lib/python3.8/site-packages/airflow/example_dags/example_branch_python_dop_operator_3.py took 0.092 seconds
[2024-05-22T22:47:19.414+0000] {processor.py:161} INFO - Started process (PID=53440) to work on /home/airflow/.local/lib/python3.8/site-packages/airflow/example_dags/example_branch_python_dop_operator_3.py
[2024-05-22T22:47:19.415+0000] {processor.py:830} INFO - Processing file /home/airflow/.local/lib/python3.8/site-packages/airflow/example_dags/example_branch_python_dop_operator_3.py for tasks to queue
[2024-05-22T22:47:19.416+0000] {logging_mixin.py:188} INFO - [2024-05-22T22:47:19.416+0000] {dagbag.py:538} INFO - Filling up the DagBag from /home/airflow/.local/lib/python3.8/site-packages/airflow/example_dags/example_branch_python_dop_operator_3.py
[2024-05-22T22:47:19.425+0000] {processor.py:840} INFO - DAG(s) 'example_branch_dop_operator_v3' retrieved from /home/airflow/.local/lib/python3.8/site-packages/airflow/example_dags/example_branch_python_dop_operator_3.py
[2024-05-22T22:47:19.444+0000] {logging_mixin.py:188} INFO - [2024-05-22T22:47:19.443+0000] {dag.py:3036} INFO - Sync 1 DAGs
[2024-05-22T22:47:19.471+0000] {logging_mixin.py:188} INFO - [2024-05-22T22:47:19.471+0000] {dag.py:3823} INFO - Setting next_dagrun for example_branch_dop_operator_v3 to 2024-05-22 22:46:00+00:00, run_after=2024-05-22 22:47:00+00:00
[2024-05-22T22:47:19.499+0000] {processor.py:183} INFO - Processing /home/airflow/.local/lib/python3.8/site-packages/airflow/example_dags/example_branch_python_dop_operator_3.py took 0.088 seconds
[2024-05-22T22:47:49.671+0000] {processor.py:161} INFO - Started process (PID=53496) to work on /home/airflow/.local/lib/python3.8/site-packages/airflow/example_dags/example_branch_python_dop_operator_3.py
[2024-05-22T22:47:49.672+0000] {processor.py:830} INFO - Processing file /home/airflow/.local/lib/python3.8/site-packages/airflow/example_dags/example_branch_python_dop_operator_3.py for tasks to queue
[2024-05-22T22:47:49.674+0000] {logging_mixin.py:188} INFO - [2024-05-22T22:47:49.674+0000] {dagbag.py:538} INFO - Filling up the DagBag from /home/airflow/.local/lib/python3.8/site-packages/airflow/example_dags/example_branch_python_dop_operator_3.py
[2024-05-22T22:47:49.682+0000] {processor.py:840} INFO - DAG(s) 'example_branch_dop_operator_v3' retrieved from /home/airflow/.local/lib/python3.8/site-packages/airflow/example_dags/example_branch_python_dop_operator_3.py
[2024-05-22T22:47:49.704+0000] {logging_mixin.py:188} INFO - [2024-05-22T22:47:49.704+0000] {dag.py:3036} INFO - Sync 1 DAGs
[2024-05-22T22:47:49.736+0000] {logging_mixin.py:188} INFO - [2024-05-22T22:47:49.735+0000] {dag.py:3823} INFO - Setting next_dagrun for example_branch_dop_operator_v3 to 2024-05-22 22:46:00+00:00, run_after=2024-05-22 22:47:00+00:00
[2024-05-22T22:47:49.764+0000] {processor.py:183} INFO - Processing /home/airflow/.local/lib/python3.8/site-packages/airflow/example_dags/example_branch_python_dop_operator_3.py took 0.096 seconds
[2024-05-22T22:48:20.267+0000] {processor.py:161} INFO - Started process (PID=53553) to work on /home/airflow/.local/lib/python3.8/site-packages/airflow/example_dags/example_branch_python_dop_operator_3.py
[2024-05-22T22:48:20.268+0000] {processor.py:830} INFO - Processing file /home/airflow/.local/lib/python3.8/site-packages/airflow/example_dags/example_branch_python_dop_operator_3.py for tasks to queue
[2024-05-22T22:48:20.270+0000] {logging_mixin.py:188} INFO - [2024-05-22T22:48:20.269+0000] {dagbag.py:538} INFO - Filling up the DagBag from /home/airflow/.local/lib/python3.8/site-packages/airflow/example_dags/example_branch_python_dop_operator_3.py
[2024-05-22T22:48:20.280+0000] {processor.py:840} INFO - DAG(s) 'example_branch_dop_operator_v3' retrieved from /home/airflow/.local/lib/python3.8/site-packages/airflow/example_dags/example_branch_python_dop_operator_3.py
[2024-05-22T22:48:20.302+0000] {logging_mixin.py:188} INFO - [2024-05-22T22:48:20.302+0000] {dag.py:3036} INFO - Sync 1 DAGs
[2024-05-22T22:48:20.340+0000] {logging_mixin.py:188} INFO - [2024-05-22T22:48:20.339+0000] {dag.py:3823} INFO - Setting next_dagrun for example_branch_dop_operator_v3 to 2024-05-22 22:47:00+00:00, run_after=2024-05-22 22:48:00+00:00
[2024-05-22T22:48:20.362+0000] {processor.py:183} INFO - Processing /home/airflow/.local/lib/python3.8/site-packages/airflow/example_dags/example_branch_python_dop_operator_3.py took 0.098 seconds
[2024-05-22T22:48:50.711+0000] {processor.py:161} INFO - Started process (PID=53610) to work on /home/airflow/.local/lib/python3.8/site-packages/airflow/example_dags/example_branch_python_dop_operator_3.py
[2024-05-22T22:48:50.712+0000] {processor.py:830} INFO - Processing file /home/airflow/.local/lib/python3.8/site-packages/airflow/example_dags/example_branch_python_dop_operator_3.py for tasks to queue
[2024-05-22T22:48:50.714+0000] {logging_mixin.py:188} INFO - [2024-05-22T22:48:50.714+0000] {dagbag.py:538} INFO - Filling up the DagBag from /home/airflow/.local/lib/python3.8/site-packages/airflow/example_dags/example_branch_python_dop_operator_3.py
[2024-05-22T22:48:50.723+0000] {processor.py:840} INFO - DAG(s) 'example_branch_dop_operator_v3' retrieved from /home/airflow/.local/lib/python3.8/site-packages/airflow/example_dags/example_branch_python_dop_operator_3.py
[2024-05-22T22:48:50.746+0000] {logging_mixin.py:188} INFO - [2024-05-22T22:48:50.746+0000] {dag.py:3036} INFO - Sync 1 DAGs
[2024-05-22T22:48:50.774+0000] {logging_mixin.py:188} INFO - [2024-05-22T22:48:50.774+0000] {dag.py:3823} INFO - Setting next_dagrun for example_branch_dop_operator_v3 to 2024-05-22 22:47:00+00:00, run_after=2024-05-22 22:48:00+00:00
[2024-05-22T22:48:50.796+0000] {processor.py:183} INFO - Processing /home/airflow/.local/lib/python3.8/site-packages/airflow/example_dags/example_branch_python_dop_operator_3.py took 0.088 seconds
[2024-05-22T22:49:21.096+0000] {processor.py:161} INFO - Started process (PID=53667) to work on /home/airflow/.local/lib/python3.8/site-packages/airflow/example_dags/example_branch_python_dop_operator_3.py
[2024-05-22T22:49:21.097+0000] {processor.py:830} INFO - Processing file /home/airflow/.local/lib/python3.8/site-packages/airflow/example_dags/example_branch_python_dop_operator_3.py for tasks to queue
[2024-05-22T22:49:21.098+0000] {logging_mixin.py:188} INFO - [2024-05-22T22:49:21.098+0000] {dagbag.py:538} INFO - Filling up the DagBag from /home/airflow/.local/lib/python3.8/site-packages/airflow/example_dags/example_branch_python_dop_operator_3.py
[2024-05-22T22:49:21.108+0000] {processor.py:840} INFO - DAG(s) 'example_branch_dop_operator_v3' retrieved from /home/airflow/.local/lib/python3.8/site-packages/airflow/example_dags/example_branch_python_dop_operator_3.py
[2024-05-22T22:49:21.137+0000] {logging_mixin.py:188} INFO - [2024-05-22T22:49:21.136+0000] {dag.py:3036} INFO - Sync 1 DAGs
[2024-05-22T22:49:21.169+0000] {logging_mixin.py:188} INFO - [2024-05-22T22:49:21.169+0000] {dag.py:3823} INFO - Setting next_dagrun for example_branch_dop_operator_v3 to 2024-05-22 22:48:00+00:00, run_after=2024-05-22 22:49:00+00:00
[2024-05-22T22:49:21.192+0000] {processor.py:183} INFO - Processing /home/airflow/.local/lib/python3.8/site-packages/airflow/example_dags/example_branch_python_dop_operator_3.py took 0.099 seconds
[2024-05-22T22:49:51.223+0000] {processor.py:161} INFO - Started process (PID=53723) to work on /home/airflow/.local/lib/python3.8/site-packages/airflow/example_dags/example_branch_python_dop_operator_3.py
[2024-05-22T22:49:51.224+0000] {processor.py:830} INFO - Processing file /home/airflow/.local/lib/python3.8/site-packages/airflow/example_dags/example_branch_python_dop_operator_3.py for tasks to queue
[2024-05-22T22:49:51.226+0000] {logging_mixin.py:188} INFO - [2024-05-22T22:49:51.225+0000] {dagbag.py:538} INFO - Filling up the DagBag from /home/airflow/.local/lib/python3.8/site-packages/airflow/example_dags/example_branch_python_dop_operator_3.py
[2024-05-22T22:49:51.236+0000] {processor.py:840} INFO - DAG(s) 'example_branch_dop_operator_v3' retrieved from /home/airflow/.local/lib/python3.8/site-packages/airflow/example_dags/example_branch_python_dop_operator_3.py
[2024-05-22T22:49:51.259+0000] {logging_mixin.py:188} INFO - [2024-05-22T22:49:51.259+0000] {dag.py:3036} INFO - Sync 1 DAGs
[2024-05-22T22:49:51.292+0000] {logging_mixin.py:188} INFO - [2024-05-22T22:49:51.292+0000] {dag.py:3823} INFO - Setting next_dagrun for example_branch_dop_operator_v3 to 2024-05-22 22:48:00+00:00, run_after=2024-05-22 22:49:00+00:00
[2024-05-22T22:49:51.318+0000] {processor.py:183} INFO - Processing /home/airflow/.local/lib/python3.8/site-packages/airflow/example_dags/example_branch_python_dop_operator_3.py took 0.098 seconds
[2024-05-22T22:50:21.907+0000] {processor.py:161} INFO - Started process (PID=53781) to work on /home/airflow/.local/lib/python3.8/site-packages/airflow/example_dags/example_branch_python_dop_operator_3.py
[2024-05-22T22:50:21.908+0000] {processor.py:830} INFO - Processing file /home/airflow/.local/lib/python3.8/site-packages/airflow/example_dags/example_branch_python_dop_operator_3.py for tasks to queue
[2024-05-22T22:50:21.910+0000] {logging_mixin.py:188} INFO - [2024-05-22T22:50:21.909+0000] {dagbag.py:538} INFO - Filling up the DagBag from /home/airflow/.local/lib/python3.8/site-packages/airflow/example_dags/example_branch_python_dop_operator_3.py
[2024-05-22T22:50:21.919+0000] {processor.py:840} INFO - DAG(s) 'example_branch_dop_operator_v3' retrieved from /home/airflow/.local/lib/python3.8/site-packages/airflow/example_dags/example_branch_python_dop_operator_3.py
[2024-05-22T22:50:21.938+0000] {logging_mixin.py:188} INFO - [2024-05-22T22:50:21.938+0000] {dag.py:3036} INFO - Sync 1 DAGs
[2024-05-22T22:50:21.968+0000] {logging_mixin.py:188} INFO - [2024-05-22T22:50:21.968+0000] {dag.py:3823} INFO - Setting next_dagrun for example_branch_dop_operator_v3 to 2024-05-22 22:49:00+00:00, run_after=2024-05-22 22:50:00+00:00
[2024-05-22T22:50:21.989+0000] {processor.py:183} INFO - Processing /home/airflow/.local/lib/python3.8/site-packages/airflow/example_dags/example_branch_python_dop_operator_3.py took 0.085 seconds
[2024-05-22T22:50:52.475+0000] {processor.py:161} INFO - Started process (PID=53838) to work on /home/airflow/.local/lib/python3.8/site-packages/airflow/example_dags/example_branch_python_dop_operator_3.py
[2024-05-22T22:50:52.476+0000] {processor.py:830} INFO - Processing file /home/airflow/.local/lib/python3.8/site-packages/airflow/example_dags/example_branch_python_dop_operator_3.py for tasks to queue
[2024-05-22T22:50:52.478+0000] {logging_mixin.py:188} INFO - [2024-05-22T22:50:52.478+0000] {dagbag.py:538} INFO - Filling up the DagBag from /home/airflow/.local/lib/python3.8/site-packages/airflow/example_dags/example_branch_python_dop_operator_3.py
[2024-05-22T22:50:52.490+0000] {processor.py:840} INFO - DAG(s) 'example_branch_dop_operator_v3' retrieved from /home/airflow/.local/lib/python3.8/site-packages/airflow/example_dags/example_branch_python_dop_operator_3.py
[2024-05-22T22:50:52.511+0000] {logging_mixin.py:188} INFO - [2024-05-22T22:50:52.510+0000] {dag.py:3036} INFO - Sync 1 DAGs
[2024-05-22T22:50:52.538+0000] {logging_mixin.py:188} INFO - [2024-05-22T22:50:52.538+0000] {dag.py:3823} INFO - Setting next_dagrun for example_branch_dop_operator_v3 to 2024-05-22 22:49:00+00:00, run_after=2024-05-22 22:50:00+00:00
[2024-05-22T22:50:52.560+0000] {processor.py:183} INFO - Processing /home/airflow/.local/lib/python3.8/site-packages/airflow/example_dags/example_branch_python_dop_operator_3.py took 0.088 seconds
[2024-05-22T22:51:22.948+0000] {processor.py:161} INFO - Started process (PID=53895) to work on /home/airflow/.local/lib/python3.8/site-packages/airflow/example_dags/example_branch_python_dop_operator_3.py
[2024-05-22T22:51:22.949+0000] {processor.py:830} INFO - Processing file /home/airflow/.local/lib/python3.8/site-packages/airflow/example_dags/example_branch_python_dop_operator_3.py for tasks to queue
[2024-05-22T22:51:22.951+0000] {logging_mixin.py:188} INFO - [2024-05-22T22:51:22.951+0000] {dagbag.py:538} INFO - Filling up the DagBag from /home/airflow/.local/lib/python3.8/site-packages/airflow/example_dags/example_branch_python_dop_operator_3.py
[2024-05-22T22:51:22.962+0000] {processor.py:840} INFO - DAG(s) 'example_branch_dop_operator_v3' retrieved from /home/airflow/.local/lib/python3.8/site-packages/airflow/example_dags/example_branch_python_dop_operator_3.py
[2024-05-22T22:51:22.985+0000] {logging_mixin.py:188} INFO - [2024-05-22T22:51:22.985+0000] {dag.py:3036} INFO - Sync 1 DAGs
[2024-05-22T22:51:23.017+0000] {logging_mixin.py:188} INFO - [2024-05-22T22:51:23.016+0000] {dag.py:3823} INFO - Setting next_dagrun for example_branch_dop_operator_v3 to 2024-05-22 22:50:00+00:00, run_after=2024-05-22 22:51:00+00:00
[2024-05-22T22:51:23.039+0000] {processor.py:183} INFO - Processing /home/airflow/.local/lib/python3.8/site-packages/airflow/example_dags/example_branch_python_dop_operator_3.py took 0.095 seconds
[2024-05-22T22:51:53.246+0000] {processor.py:161} INFO - Started process (PID=53952) to work on /home/airflow/.local/lib/python3.8/site-packages/airflow/example_dags/example_branch_python_dop_operator_3.py
[2024-05-22T22:51:53.247+0000] {processor.py:830} INFO - Processing file /home/airflow/.local/lib/python3.8/site-packages/airflow/example_dags/example_branch_python_dop_operator_3.py for tasks to queue
[2024-05-22T22:51:53.249+0000] {logging_mixin.py:188} INFO - [2024-05-22T22:51:53.248+0000] {dagbag.py:538} INFO - Filling up the DagBag from /home/airflow/.local/lib/python3.8/site-packages/airflow/example_dags/example_branch_python_dop_operator_3.py
[2024-05-22T22:51:53.259+0000] {processor.py:840} INFO - DAG(s) 'example_branch_dop_operator_v3' retrieved from /home/airflow/.local/lib/python3.8/site-packages/airflow/example_dags/example_branch_python_dop_operator_3.py
[2024-05-22T22:51:53.281+0000] {logging_mixin.py:188} INFO - [2024-05-22T22:51:53.281+0000] {dag.py:3036} INFO - Sync 1 DAGs
[2024-05-22T22:51:53.309+0000] {logging_mixin.py:188} INFO - [2024-05-22T22:51:53.309+0000] {dag.py:3823} INFO - Setting next_dagrun for example_branch_dop_operator_v3 to 2024-05-22 22:50:00+00:00, run_after=2024-05-22 22:51:00+00:00
[2024-05-22T22:51:53.331+0000] {processor.py:183} INFO - Processing /home/airflow/.local/lib/python3.8/site-packages/airflow/example_dags/example_branch_python_dop_operator_3.py took 0.087 seconds
[2024-05-22T22:52:23.597+0000] {processor.py:161} INFO - Started process (PID=54009) to work on /home/airflow/.local/lib/python3.8/site-packages/airflow/example_dags/example_branch_python_dop_operator_3.py
[2024-05-22T22:52:23.598+0000] {processor.py:830} INFO - Processing file /home/airflow/.local/lib/python3.8/site-packages/airflow/example_dags/example_branch_python_dop_operator_3.py for tasks to queue
[2024-05-22T22:52:23.599+0000] {logging_mixin.py:188} INFO - [2024-05-22T22:52:23.599+0000] {dagbag.py:538} INFO - Filling up the DagBag from /home/airflow/.local/lib/python3.8/site-packages/airflow/example_dags/example_branch_python_dop_operator_3.py
[2024-05-22T22:52:23.609+0000] {processor.py:840} INFO - DAG(s) 'example_branch_dop_operator_v3' retrieved from /home/airflow/.local/lib/python3.8/site-packages/airflow/example_dags/example_branch_python_dop_operator_3.py
[2024-05-22T22:52:23.635+0000] {logging_mixin.py:188} INFO - [2024-05-22T22:52:23.635+0000] {dag.py:3036} INFO - Sync 1 DAGs
[2024-05-22T22:52:23.668+0000] {logging_mixin.py:188} INFO - [2024-05-22T22:52:23.667+0000] {dag.py:3823} INFO - Setting next_dagrun for example_branch_dop_operator_v3 to 2024-05-22 22:51:00+00:00, run_after=2024-05-22 22:52:00+00:00
[2024-05-22T22:52:23.691+0000] {processor.py:183} INFO - Processing /home/airflow/.local/lib/python3.8/site-packages/airflow/example_dags/example_branch_python_dop_operator_3.py took 0.098 seconds
[2024-05-22T22:52:53.798+0000] {processor.py:161} INFO - Started process (PID=54066) to work on /home/airflow/.local/lib/python3.8/site-packages/airflow/example_dags/example_branch_python_dop_operator_3.py
[2024-05-22T22:52:53.799+0000] {processor.py:830} INFO - Processing file /home/airflow/.local/lib/python3.8/site-packages/airflow/example_dags/example_branch_python_dop_operator_3.py for tasks to queue
[2024-05-22T22:52:53.801+0000] {logging_mixin.py:188} INFO - [2024-05-22T22:52:53.801+0000] {dagbag.py:538} INFO - Filling up the DagBag from /home/airflow/.local/lib/python3.8/site-packages/airflow/example_dags/example_branch_python_dop_operator_3.py
[2024-05-22T22:52:53.811+0000] {processor.py:840} INFO - DAG(s) 'example_branch_dop_operator_v3' retrieved from /home/airflow/.local/lib/python3.8/site-packages/airflow/example_dags/example_branch_python_dop_operator_3.py
[2024-05-22T22:52:53.836+0000] {logging_mixin.py:188} INFO - [2024-05-22T22:52:53.836+0000] {dag.py:3036} INFO - Sync 1 DAGs
[2024-05-22T22:52:53.871+0000] {logging_mixin.py:188} INFO - [2024-05-22T22:52:53.871+0000] {dag.py:3823} INFO - Setting next_dagrun for example_branch_dop_operator_v3 to 2024-05-22 22:51:00+00:00, run_after=2024-05-22 22:52:00+00:00
[2024-05-22T22:52:53.891+0000] {processor.py:183} INFO - Processing /home/airflow/.local/lib/python3.8/site-packages/airflow/example_dags/example_branch_python_dop_operator_3.py took 0.096 seconds
[2024-05-22T22:53:24.248+0000] {processor.py:161} INFO - Started process (PID=54122) to work on /home/airflow/.local/lib/python3.8/site-packages/airflow/example_dags/example_branch_python_dop_operator_3.py
[2024-05-22T22:53:24.249+0000] {processor.py:830} INFO - Processing file /home/airflow/.local/lib/python3.8/site-packages/airflow/example_dags/example_branch_python_dop_operator_3.py for tasks to queue
[2024-05-22T22:53:24.251+0000] {logging_mixin.py:188} INFO - [2024-05-22T22:53:24.251+0000] {dagbag.py:538} INFO - Filling up the DagBag from /home/airflow/.local/lib/python3.8/site-packages/airflow/example_dags/example_branch_python_dop_operator_3.py
[2024-05-22T22:53:24.262+0000] {processor.py:840} INFO - DAG(s) 'example_branch_dop_operator_v3' retrieved from /home/airflow/.local/lib/python3.8/site-packages/airflow/example_dags/example_branch_python_dop_operator_3.py
[2024-05-22T22:53:24.283+0000] {logging_mixin.py:188} INFO - [2024-05-22T22:53:24.283+0000] {dag.py:3036} INFO - Sync 1 DAGs
[2024-05-22T22:53:24.315+0000] {logging_mixin.py:188} INFO - [2024-05-22T22:53:24.314+0000] {dag.py:3823} INFO - Setting next_dagrun for example_branch_dop_operator_v3 to 2024-05-22 22:52:00+00:00, run_after=2024-05-22 22:53:00+00:00
[2024-05-22T22:53:24.341+0000] {processor.py:183} INFO - Processing /home/airflow/.local/lib/python3.8/site-packages/airflow/example_dags/example_branch_python_dop_operator_3.py took 0.097 seconds
[2024-05-22T22:53:54.603+0000] {processor.py:161} INFO - Started process (PID=54179) to work on /home/airflow/.local/lib/python3.8/site-packages/airflow/example_dags/example_branch_python_dop_operator_3.py
[2024-05-22T22:53:54.604+0000] {processor.py:830} INFO - Processing file /home/airflow/.local/lib/python3.8/site-packages/airflow/example_dags/example_branch_python_dop_operator_3.py for tasks to queue
[2024-05-22T22:53:54.606+0000] {logging_mixin.py:188} INFO - [2024-05-22T22:53:54.606+0000] {dagbag.py:538} INFO - Filling up the DagBag from /home/airflow/.local/lib/python3.8/site-packages/airflow/example_dags/example_branch_python_dop_operator_3.py
[2024-05-22T22:53:54.615+0000] {processor.py:840} INFO - DAG(s) 'example_branch_dop_operator_v3' retrieved from /home/airflow/.local/lib/python3.8/site-packages/airflow/example_dags/example_branch_python_dop_operator_3.py
[2024-05-22T22:53:54.638+0000] {logging_mixin.py:188} INFO - [2024-05-22T22:53:54.638+0000] {dag.py:3036} INFO - Sync 1 DAGs
[2024-05-22T22:53:54.668+0000] {logging_mixin.py:188} INFO - [2024-05-22T22:53:54.667+0000] {dag.py:3823} INFO - Setting next_dagrun for example_branch_dop_operator_v3 to 2024-05-22 22:52:00+00:00, run_after=2024-05-22 22:53:00+00:00
[2024-05-22T22:53:54.692+0000] {processor.py:183} INFO - Processing /home/airflow/.local/lib/python3.8/site-packages/airflow/example_dags/example_branch_python_dop_operator_3.py took 0.092 seconds
[2024-05-22T22:54:24.983+0000] {processor.py:161} INFO - Started process (PID=54236) to work on /home/airflow/.local/lib/python3.8/site-packages/airflow/example_dags/example_branch_python_dop_operator_3.py
[2024-05-22T22:54:24.984+0000] {processor.py:830} INFO - Processing file /home/airflow/.local/lib/python3.8/site-packages/airflow/example_dags/example_branch_python_dop_operator_3.py for tasks to queue
[2024-05-22T22:54:24.986+0000] {logging_mixin.py:188} INFO - [2024-05-22T22:54:24.986+0000] {dagbag.py:538} INFO - Filling up the DagBag from /home/airflow/.local/lib/python3.8/site-packages/airflow/example_dags/example_branch_python_dop_operator_3.py
[2024-05-22T22:54:24.995+0000] {processor.py:840} INFO - DAG(s) 'example_branch_dop_operator_v3' retrieved from /home/airflow/.local/lib/python3.8/site-packages/airflow/example_dags/example_branch_python_dop_operator_3.py
[2024-05-22T22:54:25.015+0000] {logging_mixin.py:188} INFO - [2024-05-22T22:54:25.015+0000] {dag.py:3036} INFO - Sync 1 DAGs
[2024-05-22T22:54:25.044+0000] {logging_mixin.py:188} INFO - [2024-05-22T22:54:25.044+0000] {dag.py:3823} INFO - Setting next_dagrun for example_branch_dop_operator_v3 to 2024-05-22 22:53:00+00:00, run_after=2024-05-22 22:54:00+00:00
[2024-05-22T22:54:25.066+0000] {processor.py:183} INFO - Processing /home/airflow/.local/lib/python3.8/site-packages/airflow/example_dags/example_branch_python_dop_operator_3.py took 0.086 seconds
[2024-05-22T22:54:55.324+0000] {processor.py:161} INFO - Started process (PID=54293) to work on /home/airflow/.local/lib/python3.8/site-packages/airflow/example_dags/example_branch_python_dop_operator_3.py
[2024-05-22T22:54:55.325+0000] {processor.py:830} INFO - Processing file /home/airflow/.local/lib/python3.8/site-packages/airflow/example_dags/example_branch_python_dop_operator_3.py for tasks to queue
[2024-05-22T22:54:55.327+0000] {logging_mixin.py:188} INFO - [2024-05-22T22:54:55.327+0000] {dagbag.py:538} INFO - Filling up the DagBag from /home/airflow/.local/lib/python3.8/site-packages/airflow/example_dags/example_branch_python_dop_operator_3.py
[2024-05-22T22:54:55.336+0000] {processor.py:840} INFO - DAG(s) 'example_branch_dop_operator_v3' retrieved from /home/airflow/.local/lib/python3.8/site-packages/airflow/example_dags/example_branch_python_dop_operator_3.py
[2024-05-22T22:54:55.359+0000] {logging_mixin.py:188} INFO - [2024-05-22T22:54:55.359+0000] {dag.py:3036} INFO - Sync 1 DAGs
[2024-05-22T22:54:55.390+0000] {logging_mixin.py:188} INFO - [2024-05-22T22:54:55.390+0000] {dag.py:3823} INFO - Setting next_dagrun for example_branch_dop_operator_v3 to 2024-05-22 22:53:00+00:00, run_after=2024-05-22 22:54:00+00:00
[2024-05-22T22:54:55.414+0000] {processor.py:183} INFO - Processing /home/airflow/.local/lib/python3.8/site-packages/airflow/example_dags/example_branch_python_dop_operator_3.py took 0.093 seconds
[2024-05-22T22:55:25.659+0000] {processor.py:161} INFO - Started process (PID=54350) to work on /home/airflow/.local/lib/python3.8/site-packages/airflow/example_dags/example_branch_python_dop_operator_3.py
[2024-05-22T22:55:25.660+0000] {processor.py:830} INFO - Processing file /home/airflow/.local/lib/python3.8/site-packages/airflow/example_dags/example_branch_python_dop_operator_3.py for tasks to queue
[2024-05-22T22:55:25.663+0000] {logging_mixin.py:188} INFO - [2024-05-22T22:55:25.662+0000] {dagbag.py:538} INFO - Filling up the DagBag from /home/airflow/.local/lib/python3.8/site-packages/airflow/example_dags/example_branch_python_dop_operator_3.py
[2024-05-22T22:55:25.671+0000] {processor.py:840} INFO - DAG(s) 'example_branch_dop_operator_v3' retrieved from /home/airflow/.local/lib/python3.8/site-packages/airflow/example_dags/example_branch_python_dop_operator_3.py
[2024-05-22T22:55:25.694+0000] {logging_mixin.py:188} INFO - [2024-05-22T22:55:25.694+0000] {dag.py:3036} INFO - Sync 1 DAGs
[2024-05-22T22:55:25.727+0000] {logging_mixin.py:188} INFO - [2024-05-22T22:55:25.726+0000] {dag.py:3823} INFO - Setting next_dagrun for example_branch_dop_operator_v3 to 2024-05-22 22:54:00+00:00, run_after=2024-05-22 22:55:00+00:00
[2024-05-22T22:55:25.750+0000] {processor.py:183} INFO - Processing /home/airflow/.local/lib/python3.8/site-packages/airflow/example_dags/example_branch_python_dop_operator_3.py took 0.094 seconds
[2024-05-22T22:55:56.425+0000] {processor.py:161} INFO - Started process (PID=54407) to work on /home/airflow/.local/lib/python3.8/site-packages/airflow/example_dags/example_branch_python_dop_operator_3.py
[2024-05-22T22:55:56.427+0000] {processor.py:830} INFO - Processing file /home/airflow/.local/lib/python3.8/site-packages/airflow/example_dags/example_branch_python_dop_operator_3.py for tasks to queue
[2024-05-22T22:55:56.429+0000] {logging_mixin.py:188} INFO - [2024-05-22T22:55:56.429+0000] {dagbag.py:538} INFO - Filling up the DagBag from /home/airflow/.local/lib/python3.8/site-packages/airflow/example_dags/example_branch_python_dop_operator_3.py
[2024-05-22T22:55:56.463+0000] {processor.py:840} INFO - DAG(s) 'example_branch_dop_operator_v3' retrieved from /home/airflow/.local/lib/python3.8/site-packages/airflow/example_dags/example_branch_python_dop_operator_3.py
[2024-05-22T22:55:56.503+0000] {logging_mixin.py:188} INFO - [2024-05-22T22:55:56.502+0000] {dag.py:3036} INFO - Sync 1 DAGs
[2024-05-22T22:55:56.544+0000] {logging_mixin.py:188} INFO - [2024-05-22T22:55:56.543+0000] {dag.py:3823} INFO - Setting next_dagrun for example_branch_dop_operator_v3 to 2024-05-22 22:54:00+00:00, run_after=2024-05-22 22:55:00+00:00
[2024-05-22T22:55:56.578+0000] {processor.py:183} INFO - Processing /home/airflow/.local/lib/python3.8/site-packages/airflow/example_dags/example_branch_python_dop_operator_3.py took 0.158 seconds
[2024-05-22T22:56:27.132+0000] {processor.py:161} INFO - Started process (PID=54464) to work on /home/airflow/.local/lib/python3.8/site-packages/airflow/example_dags/example_branch_python_dop_operator_3.py
[2024-05-22T22:56:27.133+0000] {processor.py:830} INFO - Processing file /home/airflow/.local/lib/python3.8/site-packages/airflow/example_dags/example_branch_python_dop_operator_3.py for tasks to queue
[2024-05-22T22:56:27.135+0000] {logging_mixin.py:188} INFO - [2024-05-22T22:56:27.134+0000] {dagbag.py:538} INFO - Filling up the DagBag from /home/airflow/.local/lib/python3.8/site-packages/airflow/example_dags/example_branch_python_dop_operator_3.py
[2024-05-22T22:56:27.143+0000] {processor.py:840} INFO - DAG(s) 'example_branch_dop_operator_v3' retrieved from /home/airflow/.local/lib/python3.8/site-packages/airflow/example_dags/example_branch_python_dop_operator_3.py
[2024-05-22T22:56:27.163+0000] {logging_mixin.py:188} INFO - [2024-05-22T22:56:27.163+0000] {dag.py:3036} INFO - Sync 1 DAGs
[2024-05-22T22:56:27.190+0000] {logging_mixin.py:188} INFO - [2024-05-22T22:56:27.190+0000] {dag.py:3823} INFO - Setting next_dagrun for example_branch_dop_operator_v3 to 2024-05-22 22:55:00+00:00, run_after=2024-05-22 22:56:00+00:00
[2024-05-22T22:56:27.211+0000] {processor.py:183} INFO - Processing /home/airflow/.local/lib/python3.8/site-packages/airflow/example_dags/example_branch_python_dop_operator_3.py took 0.082 seconds
[2024-05-22T22:56:57.614+0000] {processor.py:161} INFO - Started process (PID=54521) to work on /home/airflow/.local/lib/python3.8/site-packages/airflow/example_dags/example_branch_python_dop_operator_3.py
[2024-05-22T22:56:57.616+0000] {processor.py:830} INFO - Processing file /home/airflow/.local/lib/python3.8/site-packages/airflow/example_dags/example_branch_python_dop_operator_3.py for tasks to queue
[2024-05-22T22:56:57.617+0000] {logging_mixin.py:188} INFO - [2024-05-22T22:56:57.617+0000] {dagbag.py:538} INFO - Filling up the DagBag from /home/airflow/.local/lib/python3.8/site-packages/airflow/example_dags/example_branch_python_dop_operator_3.py
[2024-05-22T22:56:57.626+0000] {processor.py:840} INFO - DAG(s) 'example_branch_dop_operator_v3' retrieved from /home/airflow/.local/lib/python3.8/site-packages/airflow/example_dags/example_branch_python_dop_operator_3.py
[2024-05-22T22:56:57.646+0000] {logging_mixin.py:188} INFO - [2024-05-22T22:56:57.646+0000] {dag.py:3036} INFO - Sync 1 DAGs
[2024-05-22T22:56:57.678+0000] {logging_mixin.py:188} INFO - [2024-05-22T22:56:57.678+0000] {dag.py:3823} INFO - Setting next_dagrun for example_branch_dop_operator_v3 to 2024-05-22 22:55:00+00:00, run_after=2024-05-22 22:56:00+00:00
[2024-05-22T22:56:57.704+0000] {processor.py:183} INFO - Processing /home/airflow/.local/lib/python3.8/site-packages/airflow/example_dags/example_branch_python_dop_operator_3.py took 0.093 seconds
[2024-05-22T22:57:27.872+0000] {processor.py:161} INFO - Started process (PID=54578) to work on /home/airflow/.local/lib/python3.8/site-packages/airflow/example_dags/example_branch_python_dop_operator_3.py
[2024-05-22T22:57:27.873+0000] {processor.py:830} INFO - Processing file /home/airflow/.local/lib/python3.8/site-packages/airflow/example_dags/example_branch_python_dop_operator_3.py for tasks to queue
[2024-05-22T22:57:27.875+0000] {logging_mixin.py:188} INFO - [2024-05-22T22:57:27.875+0000] {dagbag.py:538} INFO - Filling up the DagBag from /home/airflow/.local/lib/python3.8/site-packages/airflow/example_dags/example_branch_python_dop_operator_3.py
[2024-05-22T22:57:27.884+0000] {processor.py:840} INFO - DAG(s) 'example_branch_dop_operator_v3' retrieved from /home/airflow/.local/lib/python3.8/site-packages/airflow/example_dags/example_branch_python_dop_operator_3.py
[2024-05-22T22:57:27.907+0000] {logging_mixin.py:188} INFO - [2024-05-22T22:57:27.907+0000] {dag.py:3036} INFO - Sync 1 DAGs
[2024-05-22T22:57:27.939+0000] {logging_mixin.py:188} INFO - [2024-05-22T22:57:27.938+0000] {dag.py:3823} INFO - Setting next_dagrun for example_branch_dop_operator_v3 to 2024-05-22 22:56:00+00:00, run_after=2024-05-22 22:57:00+00:00
[2024-05-22T22:57:27.965+0000] {processor.py:183} INFO - Processing /home/airflow/.local/lib/python3.8/site-packages/airflow/example_dags/example_branch_python_dop_operator_3.py took 0.096 seconds
[2024-05-22T22:57:58.145+0000] {processor.py:161} INFO - Started process (PID=54635) to work on /home/airflow/.local/lib/python3.8/site-packages/airflow/example_dags/example_branch_python_dop_operator_3.py
[2024-05-22T22:57:58.146+0000] {processor.py:830} INFO - Processing file /home/airflow/.local/lib/python3.8/site-packages/airflow/example_dags/example_branch_python_dop_operator_3.py for tasks to queue
[2024-05-22T22:57:58.149+0000] {logging_mixin.py:188} INFO - [2024-05-22T22:57:58.148+0000] {dagbag.py:538} INFO - Filling up the DagBag from /home/airflow/.local/lib/python3.8/site-packages/airflow/example_dags/example_branch_python_dop_operator_3.py
[2024-05-22T22:57:58.159+0000] {processor.py:840} INFO - DAG(s) 'example_branch_dop_operator_v3' retrieved from /home/airflow/.local/lib/python3.8/site-packages/airflow/example_dags/example_branch_python_dop_operator_3.py
[2024-05-22T22:57:58.181+0000] {logging_mixin.py:188} INFO - [2024-05-22T22:57:58.181+0000] {dag.py:3036} INFO - Sync 1 DAGs
[2024-05-22T22:57:58.217+0000] {logging_mixin.py:188} INFO - [2024-05-22T22:57:58.217+0000] {dag.py:3823} INFO - Setting next_dagrun for example_branch_dop_operator_v3 to 2024-05-22 22:56:00+00:00, run_after=2024-05-22 22:57:00+00:00
[2024-05-22T22:57:58.241+0000] {processor.py:183} INFO - Processing /home/airflow/.local/lib/python3.8/site-packages/airflow/example_dags/example_branch_python_dop_operator_3.py took 0.100 seconds
[2024-05-22T22:58:28.737+0000] {processor.py:161} INFO - Started process (PID=54692) to work on /home/airflow/.local/lib/python3.8/site-packages/airflow/example_dags/example_branch_python_dop_operator_3.py
[2024-05-22T22:58:28.738+0000] {processor.py:830} INFO - Processing file /home/airflow/.local/lib/python3.8/site-packages/airflow/example_dags/example_branch_python_dop_operator_3.py for tasks to queue
[2024-05-22T22:58:28.740+0000] {logging_mixin.py:188} INFO - [2024-05-22T22:58:28.739+0000] {dagbag.py:538} INFO - Filling up the DagBag from /home/airflow/.local/lib/python3.8/site-packages/airflow/example_dags/example_branch_python_dop_operator_3.py
[2024-05-22T22:58:28.748+0000] {processor.py:840} INFO - DAG(s) 'example_branch_dop_operator_v3' retrieved from /home/airflow/.local/lib/python3.8/site-packages/airflow/example_dags/example_branch_python_dop_operator_3.py
[2024-05-22T22:58:28.767+0000] {logging_mixin.py:188} INFO - [2024-05-22T22:58:28.766+0000] {dag.py:3036} INFO - Sync 1 DAGs
[2024-05-22T22:58:28.796+0000] {logging_mixin.py:188} INFO - [2024-05-22T22:58:28.796+0000] {dag.py:3823} INFO - Setting next_dagrun for example_branch_dop_operator_v3 to 2024-05-22 22:57:00+00:00, run_after=2024-05-22 22:58:00+00:00
[2024-05-22T22:58:28.820+0000] {processor.py:183} INFO - Processing /home/airflow/.local/lib/python3.8/site-packages/airflow/example_dags/example_branch_python_dop_operator_3.py took 0.086 seconds
[2024-05-22T22:58:59.092+0000] {processor.py:161} INFO - Started process (PID=54749) to work on /home/airflow/.local/lib/python3.8/site-packages/airflow/example_dags/example_branch_python_dop_operator_3.py
[2024-05-22T22:58:59.093+0000] {processor.py:830} INFO - Processing file /home/airflow/.local/lib/python3.8/site-packages/airflow/example_dags/example_branch_python_dop_operator_3.py for tasks to queue
[2024-05-22T22:58:59.095+0000] {logging_mixin.py:188} INFO - [2024-05-22T22:58:59.094+0000] {dagbag.py:538} INFO - Filling up the DagBag from /home/airflow/.local/lib/python3.8/site-packages/airflow/example_dags/example_branch_python_dop_operator_3.py
[2024-05-22T22:58:59.104+0000] {processor.py:840} INFO - DAG(s) 'example_branch_dop_operator_v3' retrieved from /home/airflow/.local/lib/python3.8/site-packages/airflow/example_dags/example_branch_python_dop_operator_3.py
[2024-05-22T22:58:59.126+0000] {logging_mixin.py:188} INFO - [2024-05-22T22:58:59.126+0000] {dag.py:3036} INFO - Sync 1 DAGs
[2024-05-22T22:58:59.156+0000] {logging_mixin.py:188} INFO - [2024-05-22T22:58:59.155+0000] {dag.py:3823} INFO - Setting next_dagrun for example_branch_dop_operator_v3 to 2024-05-22 22:57:00+00:00, run_after=2024-05-22 22:58:00+00:00
[2024-05-22T22:58:59.178+0000] {processor.py:183} INFO - Processing /home/airflow/.local/lib/python3.8/site-packages/airflow/example_dags/example_branch_python_dop_operator_3.py took 0.089 seconds
[2024-05-22T22:59:29.436+0000] {processor.py:161} INFO - Started process (PID=54806) to work on /home/airflow/.local/lib/python3.8/site-packages/airflow/example_dags/example_branch_python_dop_operator_3.py
[2024-05-22T22:59:29.437+0000] {processor.py:830} INFO - Processing file /home/airflow/.local/lib/python3.8/site-packages/airflow/example_dags/example_branch_python_dop_operator_3.py for tasks to queue
[2024-05-22T22:59:29.439+0000] {logging_mixin.py:188} INFO - [2024-05-22T22:59:29.439+0000] {dagbag.py:538} INFO - Filling up the DagBag from /home/airflow/.local/lib/python3.8/site-packages/airflow/example_dags/example_branch_python_dop_operator_3.py
[2024-05-22T22:59:29.449+0000] {processor.py:840} INFO - DAG(s) 'example_branch_dop_operator_v3' retrieved from /home/airflow/.local/lib/python3.8/site-packages/airflow/example_dags/example_branch_python_dop_operator_3.py
[2024-05-22T22:59:29.470+0000] {logging_mixin.py:188} INFO - [2024-05-22T22:59:29.470+0000] {dag.py:3036} INFO - Sync 1 DAGs
[2024-05-22T22:59:29.500+0000] {logging_mixin.py:188} INFO - [2024-05-22T22:59:29.500+0000] {dag.py:3823} INFO - Setting next_dagrun for example_branch_dop_operator_v3 to 2024-05-22 22:58:00+00:00, run_after=2024-05-22 22:59:00+00:00
[2024-05-22T22:59:29.522+0000] {processor.py:183} INFO - Processing /home/airflow/.local/lib/python3.8/site-packages/airflow/example_dags/example_branch_python_dop_operator_3.py took 0.090 seconds
[2024-05-22T22:59:59.934+0000] {processor.py:161} INFO - Started process (PID=54863) to work on /home/airflow/.local/lib/python3.8/site-packages/airflow/example_dags/example_branch_python_dop_operator_3.py
[2024-05-22T22:59:59.934+0000] {processor.py:830} INFO - Processing file /home/airflow/.local/lib/python3.8/site-packages/airflow/example_dags/example_branch_python_dop_operator_3.py for tasks to queue
[2024-05-22T22:59:59.937+0000] {logging_mixin.py:188} INFO - [2024-05-22T22:59:59.936+0000] {dagbag.py:538} INFO - Filling up the DagBag from /home/airflow/.local/lib/python3.8/site-packages/airflow/example_dags/example_branch_python_dop_operator_3.py
[2024-05-22T22:59:59.947+0000] {processor.py:840} INFO - DAG(s) 'example_branch_dop_operator_v3' retrieved from /home/airflow/.local/lib/python3.8/site-packages/airflow/example_dags/example_branch_python_dop_operator_3.py
[2024-05-22T22:59:59.968+0000] {logging_mixin.py:188} INFO - [2024-05-22T22:59:59.968+0000] {dag.py:3036} INFO - Sync 1 DAGs
[2024-05-22T23:00:00.004+0000] {logging_mixin.py:188} INFO - [2024-05-22T23:00:00.003+0000] {dag.py:3823} INFO - Setting next_dagrun for example_branch_dop_operator_v3 to 2024-05-22 22:58:00+00:00, run_after=2024-05-22 22:59:00+00:00
[2024-05-22T23:00:00.031+0000] {processor.py:183} INFO - Processing /home/airflow/.local/lib/python3.8/site-packages/airflow/example_dags/example_branch_python_dop_operator_3.py took 0.101 seconds
[2024-05-22T23:00:30.855+0000] {processor.py:161} INFO - Started process (PID=54920) to work on /home/airflow/.local/lib/python3.8/site-packages/airflow/example_dags/example_branch_python_dop_operator_3.py
[2024-05-22T23:00:30.856+0000] {processor.py:830} INFO - Processing file /home/airflow/.local/lib/python3.8/site-packages/airflow/example_dags/example_branch_python_dop_operator_3.py for tasks to queue
[2024-05-22T23:00:30.858+0000] {logging_mixin.py:188} INFO - [2024-05-22T23:00:30.858+0000] {dagbag.py:538} INFO - Filling up the DagBag from /home/airflow/.local/lib/python3.8/site-packages/airflow/example_dags/example_branch_python_dop_operator_3.py
[2024-05-22T23:00:30.866+0000] {processor.py:840} INFO - DAG(s) 'example_branch_dop_operator_v3' retrieved from /home/airflow/.local/lib/python3.8/site-packages/airflow/example_dags/example_branch_python_dop_operator_3.py
[2024-05-22T23:00:30.887+0000] {logging_mixin.py:188} INFO - [2024-05-22T23:00:30.886+0000] {dag.py:3036} INFO - Sync 1 DAGs
[2024-05-22T23:00:30.916+0000] {logging_mixin.py:188} INFO - [2024-05-22T23:00:30.916+0000] {dag.py:3823} INFO - Setting next_dagrun for example_branch_dop_operator_v3 to 2024-05-22 22:59:00+00:00, run_after=2024-05-22 23:00:00+00:00
[2024-05-22T23:00:30.939+0000] {processor.py:183} INFO - Processing /home/airflow/.local/lib/python3.8/site-packages/airflow/example_dags/example_branch_python_dop_operator_3.py took 0.087 seconds
[2024-05-22T23:01:01.837+0000] {processor.py:161} INFO - Started process (PID=54977) to work on /home/airflow/.local/lib/python3.8/site-packages/airflow/example_dags/example_branch_python_dop_operator_3.py
[2024-05-22T23:01:01.838+0000] {processor.py:830} INFO - Processing file /home/airflow/.local/lib/python3.8/site-packages/airflow/example_dags/example_branch_python_dop_operator_3.py for tasks to queue
[2024-05-22T23:01:01.839+0000] {logging_mixin.py:188} INFO - [2024-05-22T23:01:01.839+0000] {dagbag.py:538} INFO - Filling up the DagBag from /home/airflow/.local/lib/python3.8/site-packages/airflow/example_dags/example_branch_python_dop_operator_3.py
[2024-05-22T23:01:01.849+0000] {processor.py:840} INFO - DAG(s) 'example_branch_dop_operator_v3' retrieved from /home/airflow/.local/lib/python3.8/site-packages/airflow/example_dags/example_branch_python_dop_operator_3.py
[2024-05-22T23:01:01.868+0000] {logging_mixin.py:188} INFO - [2024-05-22T23:01:01.868+0000] {dag.py:3036} INFO - Sync 1 DAGs
[2024-05-22T23:01:01.899+0000] {logging_mixin.py:188} INFO - [2024-05-22T23:01:01.898+0000] {dag.py:3823} INFO - Setting next_dagrun for example_branch_dop_operator_v3 to 2024-05-22 23:00:00+00:00, run_after=2024-05-22 23:01:00+00:00
[2024-05-22T23:01:01.921+0000] {processor.py:183} INFO - Processing /home/airflow/.local/lib/python3.8/site-packages/airflow/example_dags/example_branch_python_dop_operator_3.py took 0.086 seconds
[2024-05-22T23:01:32.197+0000] {processor.py:161} INFO - Started process (PID=55034) to work on /home/airflow/.local/lib/python3.8/site-packages/airflow/example_dags/example_branch_python_dop_operator_3.py
[2024-05-22T23:01:32.198+0000] {processor.py:830} INFO - Processing file /home/airflow/.local/lib/python3.8/site-packages/airflow/example_dags/example_branch_python_dop_operator_3.py for tasks to queue
[2024-05-22T23:01:32.200+0000] {logging_mixin.py:188} INFO - [2024-05-22T23:01:32.200+0000] {dagbag.py:538} INFO - Filling up the DagBag from /home/airflow/.local/lib/python3.8/site-packages/airflow/example_dags/example_branch_python_dop_operator_3.py
[2024-05-22T23:01:32.208+0000] {processor.py:840} INFO - DAG(s) 'example_branch_dop_operator_v3' retrieved from /home/airflow/.local/lib/python3.8/site-packages/airflow/example_dags/example_branch_python_dop_operator_3.py
[2024-05-22T23:01:32.227+0000] {logging_mixin.py:188} INFO - [2024-05-22T23:01:32.227+0000] {dag.py:3036} INFO - Sync 1 DAGs
[2024-05-22T23:01:32.257+0000] {logging_mixin.py:188} INFO - [2024-05-22T23:01:32.257+0000] {dag.py:3823} INFO - Setting next_dagrun for example_branch_dop_operator_v3 to 2024-05-22 23:00:00+00:00, run_after=2024-05-22 23:01:00+00:00
[2024-05-22T23:01:32.277+0000] {processor.py:183} INFO - Processing /home/airflow/.local/lib/python3.8/site-packages/airflow/example_dags/example_branch_python_dop_operator_3.py took 0.082 seconds
[2024-05-22T23:02:02.536+0000] {processor.py:161} INFO - Started process (PID=55091) to work on /home/airflow/.local/lib/python3.8/site-packages/airflow/example_dags/example_branch_python_dop_operator_3.py
[2024-05-22T23:02:02.537+0000] {processor.py:830} INFO - Processing file /home/airflow/.local/lib/python3.8/site-packages/airflow/example_dags/example_branch_python_dop_operator_3.py for tasks to queue
[2024-05-22T23:02:02.539+0000] {logging_mixin.py:188} INFO - [2024-05-22T23:02:02.538+0000] {dagbag.py:538} INFO - Filling up the DagBag from /home/airflow/.local/lib/python3.8/site-packages/airflow/example_dags/example_branch_python_dop_operator_3.py
[2024-05-22T23:02:02.550+0000] {processor.py:840} INFO - DAG(s) 'example_branch_dop_operator_v3' retrieved from /home/airflow/.local/lib/python3.8/site-packages/airflow/example_dags/example_branch_python_dop_operator_3.py
[2024-05-22T23:02:02.573+0000] {logging_mixin.py:188} INFO - [2024-05-22T23:02:02.573+0000] {dag.py:3036} INFO - Sync 1 DAGs
[2024-05-22T23:02:02.613+0000] {logging_mixin.py:188} INFO - [2024-05-22T23:02:02.612+0000] {dag.py:3823} INFO - Setting next_dagrun for example_branch_dop_operator_v3 to 2024-05-22 23:01:00+00:00, run_after=2024-05-22 23:02:00+00:00
[2024-05-22T23:02:02.640+0000] {processor.py:183} INFO - Processing /home/airflow/.local/lib/python3.8/site-packages/airflow/example_dags/example_branch_python_dop_operator_3.py took 0.107 seconds
[2024-05-22T23:02:32.736+0000] {processor.py:161} INFO - Started process (PID=55149) to work on /home/airflow/.local/lib/python3.8/site-packages/airflow/example_dags/example_branch_python_dop_operator_3.py
[2024-05-22T23:02:32.737+0000] {processor.py:830} INFO - Processing file /home/airflow/.local/lib/python3.8/site-packages/airflow/example_dags/example_branch_python_dop_operator_3.py for tasks to queue
[2024-05-22T23:02:32.739+0000] {logging_mixin.py:188} INFO - [2024-05-22T23:02:32.739+0000] {dagbag.py:538} INFO - Filling up the DagBag from /home/airflow/.local/lib/python3.8/site-packages/airflow/example_dags/example_branch_python_dop_operator_3.py
[2024-05-22T23:02:32.748+0000] {processor.py:840} INFO - DAG(s) 'example_branch_dop_operator_v3' retrieved from /home/airflow/.local/lib/python3.8/site-packages/airflow/example_dags/example_branch_python_dop_operator_3.py
[2024-05-22T23:02:32.769+0000] {logging_mixin.py:188} INFO - [2024-05-22T23:02:32.768+0000] {dag.py:3036} INFO - Sync 1 DAGs
[2024-05-22T23:02:32.797+0000] {logging_mixin.py:188} INFO - [2024-05-22T23:02:32.797+0000] {dag.py:3823} INFO - Setting next_dagrun for example_branch_dop_operator_v3 to 2024-05-22 23:01:00+00:00, run_after=2024-05-22 23:02:00+00:00
[2024-05-22T23:02:32.819+0000] {processor.py:183} INFO - Processing /home/airflow/.local/lib/python3.8/site-packages/airflow/example_dags/example_branch_python_dop_operator_3.py took 0.085 seconds
[2024-05-22T23:03:02.980+0000] {processor.py:161} INFO - Started process (PID=55206) to work on /home/airflow/.local/lib/python3.8/site-packages/airflow/example_dags/example_branch_python_dop_operator_3.py
[2024-05-22T23:03:02.981+0000] {processor.py:830} INFO - Processing file /home/airflow/.local/lib/python3.8/site-packages/airflow/example_dags/example_branch_python_dop_operator_3.py for tasks to queue
[2024-05-22T23:03:02.984+0000] {logging_mixin.py:188} INFO - [2024-05-22T23:03:02.983+0000] {dagbag.py:538} INFO - Filling up the DagBag from /home/airflow/.local/lib/python3.8/site-packages/airflow/example_dags/example_branch_python_dop_operator_3.py
[2024-05-22T23:03:02.995+0000] {processor.py:840} INFO - DAG(s) 'example_branch_dop_operator_v3' retrieved from /home/airflow/.local/lib/python3.8/site-packages/airflow/example_dags/example_branch_python_dop_operator_3.py
[2024-05-22T23:03:03.015+0000] {logging_mixin.py:188} INFO - [2024-05-22T23:03:03.014+0000] {dag.py:3036} INFO - Sync 1 DAGs
[2024-05-22T23:03:03.044+0000] {logging_mixin.py:188} INFO - [2024-05-22T23:03:03.044+0000] {dag.py:3823} INFO - Setting next_dagrun for example_branch_dop_operator_v3 to 2024-05-22 23:02:00+00:00, run_after=2024-05-22 23:03:00+00:00
[2024-05-22T23:03:03.068+0000] {processor.py:183} INFO - Processing /home/airflow/.local/lib/python3.8/site-packages/airflow/example_dags/example_branch_python_dop_operator_3.py took 0.091 seconds
[2024-05-22T23:03:33.666+0000] {processor.py:161} INFO - Started process (PID=55263) to work on /home/airflow/.local/lib/python3.8/site-packages/airflow/example_dags/example_branch_python_dop_operator_3.py
[2024-05-22T23:03:33.667+0000] {processor.py:830} INFO - Processing file /home/airflow/.local/lib/python3.8/site-packages/airflow/example_dags/example_branch_python_dop_operator_3.py for tasks to queue
[2024-05-22T23:03:33.669+0000] {logging_mixin.py:188} INFO - [2024-05-22T23:03:33.669+0000] {dagbag.py:538} INFO - Filling up the DagBag from /home/airflow/.local/lib/python3.8/site-packages/airflow/example_dags/example_branch_python_dop_operator_3.py
[2024-05-22T23:03:33.680+0000] {processor.py:840} INFO - DAG(s) 'example_branch_dop_operator_v3' retrieved from /home/airflow/.local/lib/python3.8/site-packages/airflow/example_dags/example_branch_python_dop_operator_3.py
[2024-05-22T23:03:33.704+0000] {logging_mixin.py:188} INFO - [2024-05-22T23:03:33.704+0000] {dag.py:3036} INFO - Sync 1 DAGs
[2024-05-22T23:03:33.740+0000] {logging_mixin.py:188} INFO - [2024-05-22T23:03:33.739+0000] {dag.py:3823} INFO - Setting next_dagrun for example_branch_dop_operator_v3 to 2024-05-22 23:02:00+00:00, run_after=2024-05-22 23:03:00+00:00
[2024-05-22T23:03:33.764+0000] {processor.py:183} INFO - Processing /home/airflow/.local/lib/python3.8/site-packages/airflow/example_dags/example_branch_python_dop_operator_3.py took 0.101 seconds
[2024-05-22T23:04:04.145+0000] {processor.py:161} INFO - Started process (PID=55321) to work on /home/airflow/.local/lib/python3.8/site-packages/airflow/example_dags/example_branch_python_dop_operator_3.py
[2024-05-22T23:04:04.146+0000] {processor.py:830} INFO - Processing file /home/airflow/.local/lib/python3.8/site-packages/airflow/example_dags/example_branch_python_dop_operator_3.py for tasks to queue
[2024-05-22T23:04:04.148+0000] {logging_mixin.py:188} INFO - [2024-05-22T23:04:04.148+0000] {dagbag.py:538} INFO - Filling up the DagBag from /home/airflow/.local/lib/python3.8/site-packages/airflow/example_dags/example_branch_python_dop_operator_3.py
[2024-05-22T23:04:04.159+0000] {processor.py:840} INFO - DAG(s) 'example_branch_dop_operator_v3' retrieved from /home/airflow/.local/lib/python3.8/site-packages/airflow/example_dags/example_branch_python_dop_operator_3.py
[2024-05-22T23:04:04.186+0000] {logging_mixin.py:188} INFO - [2024-05-22T23:04:04.186+0000] {dag.py:3036} INFO - Sync 1 DAGs
[2024-05-22T23:04:04.232+0000] {logging_mixin.py:188} INFO - [2024-05-22T23:04:04.231+0000] {dag.py:3823} INFO - Setting next_dagrun for example_branch_dop_operator_v3 to 2024-05-22 23:03:00+00:00, run_after=2024-05-22 23:04:00+00:00
[2024-05-22T23:04:04.266+0000] {processor.py:183} INFO - Processing /home/airflow/.local/lib/python3.8/site-packages/airflow/example_dags/example_branch_python_dop_operator_3.py took 0.124 seconds
[2024-05-22T23:04:34.793+0000] {processor.py:161} INFO - Started process (PID=55378) to work on /home/airflow/.local/lib/python3.8/site-packages/airflow/example_dags/example_branch_python_dop_operator_3.py
[2024-05-22T23:04:34.794+0000] {processor.py:830} INFO - Processing file /home/airflow/.local/lib/python3.8/site-packages/airflow/example_dags/example_branch_python_dop_operator_3.py for tasks to queue
[2024-05-22T23:04:34.796+0000] {logging_mixin.py:188} INFO - [2024-05-22T23:04:34.795+0000] {dagbag.py:538} INFO - Filling up the DagBag from /home/airflow/.local/lib/python3.8/site-packages/airflow/example_dags/example_branch_python_dop_operator_3.py
[2024-05-22T23:04:34.805+0000] {processor.py:840} INFO - DAG(s) 'example_branch_dop_operator_v3' retrieved from /home/airflow/.local/lib/python3.8/site-packages/airflow/example_dags/example_branch_python_dop_operator_3.py
[2024-05-22T23:04:34.828+0000] {logging_mixin.py:188} INFO - [2024-05-22T23:04:34.828+0000] {dag.py:3036} INFO - Sync 1 DAGs
[2024-05-22T23:04:34.861+0000] {logging_mixin.py:188} INFO - [2024-05-22T23:04:34.860+0000] {dag.py:3823} INFO - Setting next_dagrun for example_branch_dop_operator_v3 to 2024-05-22 23:03:00+00:00, run_after=2024-05-22 23:04:00+00:00
[2024-05-22T23:04:34.886+0000] {processor.py:183} INFO - Processing /home/airflow/.local/lib/python3.8/site-packages/airflow/example_dags/example_branch_python_dop_operator_3.py took 0.096 seconds
[2024-05-22T23:05:05.297+0000] {processor.py:161} INFO - Started process (PID=55435) to work on /home/airflow/.local/lib/python3.8/site-packages/airflow/example_dags/example_branch_python_dop_operator_3.py
[2024-05-22T23:05:05.298+0000] {processor.py:830} INFO - Processing file /home/airflow/.local/lib/python3.8/site-packages/airflow/example_dags/example_branch_python_dop_operator_3.py for tasks to queue
[2024-05-22T23:05:05.299+0000] {logging_mixin.py:188} INFO - [2024-05-22T23:05:05.299+0000] {dagbag.py:538} INFO - Filling up the DagBag from /home/airflow/.local/lib/python3.8/site-packages/airflow/example_dags/example_branch_python_dop_operator_3.py
[2024-05-22T23:05:05.311+0000] {processor.py:840} INFO - DAG(s) 'example_branch_dop_operator_v3' retrieved from /home/airflow/.local/lib/python3.8/site-packages/airflow/example_dags/example_branch_python_dop_operator_3.py
[2024-05-22T23:05:05.337+0000] {logging_mixin.py:188} INFO - [2024-05-22T23:05:05.336+0000] {dag.py:3036} INFO - Sync 1 DAGs
[2024-05-22T23:05:05.375+0000] {logging_mixin.py:188} INFO - [2024-05-22T23:05:05.375+0000] {dag.py:3823} INFO - Setting next_dagrun for example_branch_dop_operator_v3 to 2024-05-22 23:04:00+00:00, run_after=2024-05-22 23:05:00+00:00
[2024-05-22T23:05:05.406+0000] {processor.py:183} INFO - Processing /home/airflow/.local/lib/python3.8/site-packages/airflow/example_dags/example_branch_python_dop_operator_3.py took 0.114 seconds
[2024-05-22T23:05:35.500+0000] {processor.py:161} INFO - Started process (PID=55492) to work on /home/airflow/.local/lib/python3.8/site-packages/airflow/example_dags/example_branch_python_dop_operator_3.py
[2024-05-22T23:05:35.501+0000] {processor.py:830} INFO - Processing file /home/airflow/.local/lib/python3.8/site-packages/airflow/example_dags/example_branch_python_dop_operator_3.py for tasks to queue
[2024-05-22T23:05:35.503+0000] {logging_mixin.py:188} INFO - [2024-05-22T23:05:35.503+0000] {dagbag.py:538} INFO - Filling up the DagBag from /home/airflow/.local/lib/python3.8/site-packages/airflow/example_dags/example_branch_python_dop_operator_3.py
[2024-05-22T23:05:35.513+0000] {processor.py:840} INFO - DAG(s) 'example_branch_dop_operator_v3' retrieved from /home/airflow/.local/lib/python3.8/site-packages/airflow/example_dags/example_branch_python_dop_operator_3.py
[2024-05-22T23:05:35.533+0000] {logging_mixin.py:188} INFO - [2024-05-22T23:05:35.532+0000] {dag.py:3036} INFO - Sync 1 DAGs
[2024-05-22T23:05:35.561+0000] {logging_mixin.py:188} INFO - [2024-05-22T23:05:35.560+0000] {dag.py:3823} INFO - Setting next_dagrun for example_branch_dop_operator_v3 to 2024-05-22 23:04:00+00:00, run_after=2024-05-22 23:05:00+00:00
[2024-05-22T23:05:35.582+0000] {processor.py:183} INFO - Processing /home/airflow/.local/lib/python3.8/site-packages/airflow/example_dags/example_branch_python_dop_operator_3.py took 0.084 seconds
[2024-05-22T23:06:06.175+0000] {processor.py:161} INFO - Started process (PID=55549) to work on /home/airflow/.local/lib/python3.8/site-packages/airflow/example_dags/example_branch_python_dop_operator_3.py
[2024-05-22T23:06:06.175+0000] {processor.py:830} INFO - Processing file /home/airflow/.local/lib/python3.8/site-packages/airflow/example_dags/example_branch_python_dop_operator_3.py for tasks to queue
[2024-05-22T23:06:06.177+0000] {logging_mixin.py:188} INFO - [2024-05-22T23:06:06.177+0000] {dagbag.py:538} INFO - Filling up the DagBag from /home/airflow/.local/lib/python3.8/site-packages/airflow/example_dags/example_branch_python_dop_operator_3.py
[2024-05-22T23:06:06.189+0000] {processor.py:840} INFO - DAG(s) 'example_branch_dop_operator_v3' retrieved from /home/airflow/.local/lib/python3.8/site-packages/airflow/example_dags/example_branch_python_dop_operator_3.py
[2024-05-22T23:06:06.210+0000] {logging_mixin.py:188} INFO - [2024-05-22T23:06:06.210+0000] {dag.py:3036} INFO - Sync 1 DAGs
[2024-05-22T23:06:06.248+0000] {logging_mixin.py:188} INFO - [2024-05-22T23:06:06.248+0000] {dag.py:3823} INFO - Setting next_dagrun for example_branch_dop_operator_v3 to 2024-05-22 23:05:00+00:00, run_after=2024-05-22 23:06:00+00:00
[2024-05-22T23:06:06.281+0000] {processor.py:183} INFO - Processing /home/airflow/.local/lib/python3.8/site-packages/airflow/example_dags/example_branch_python_dop_operator_3.py took 0.109 seconds
[2024-05-22T23:06:36.844+0000] {processor.py:161} INFO - Started process (PID=55606) to work on /home/airflow/.local/lib/python3.8/site-packages/airflow/example_dags/example_branch_python_dop_operator_3.py
[2024-05-22T23:06:36.846+0000] {processor.py:830} INFO - Processing file /home/airflow/.local/lib/python3.8/site-packages/airflow/example_dags/example_branch_python_dop_operator_3.py for tasks to queue
[2024-05-22T23:06:36.848+0000] {logging_mixin.py:188} INFO - [2024-05-22T23:06:36.847+0000] {dagbag.py:538} INFO - Filling up the DagBag from /home/airflow/.local/lib/python3.8/site-packages/airflow/example_dags/example_branch_python_dop_operator_3.py
[2024-05-22T23:06:36.858+0000] {processor.py:840} INFO - DAG(s) 'example_branch_dop_operator_v3' retrieved from /home/airflow/.local/lib/python3.8/site-packages/airflow/example_dags/example_branch_python_dop_operator_3.py
[2024-05-22T23:06:36.882+0000] {logging_mixin.py:188} INFO - [2024-05-22T23:06:36.882+0000] {dag.py:3036} INFO - Sync 1 DAGs
[2024-05-22T23:06:36.917+0000] {logging_mixin.py:188} INFO - [2024-05-22T23:06:36.917+0000] {dag.py:3823} INFO - Setting next_dagrun for example_branch_dop_operator_v3 to 2024-05-22 23:05:00+00:00, run_after=2024-05-22 23:06:00+00:00
[2024-05-22T23:06:36.944+0000] {processor.py:183} INFO - Processing /home/airflow/.local/lib/python3.8/site-packages/airflow/example_dags/example_branch_python_dop_operator_3.py took 0.104 seconds
[2024-05-22T23:07:07.062+0000] {processor.py:161} INFO - Started process (PID=55663) to work on /home/airflow/.local/lib/python3.8/site-packages/airflow/example_dags/example_branch_python_dop_operator_3.py
[2024-05-22T23:07:07.063+0000] {processor.py:830} INFO - Processing file /home/airflow/.local/lib/python3.8/site-packages/airflow/example_dags/example_branch_python_dop_operator_3.py for tasks to queue
[2024-05-22T23:07:07.064+0000] {logging_mixin.py:188} INFO - [2024-05-22T23:07:07.064+0000] {dagbag.py:538} INFO - Filling up the DagBag from /home/airflow/.local/lib/python3.8/site-packages/airflow/example_dags/example_branch_python_dop_operator_3.py
[2024-05-22T23:07:07.074+0000] {processor.py:840} INFO - DAG(s) 'example_branch_dop_operator_v3' retrieved from /home/airflow/.local/lib/python3.8/site-packages/airflow/example_dags/example_branch_python_dop_operator_3.py
[2024-05-22T23:07:07.098+0000] {logging_mixin.py:188} INFO - [2024-05-22T23:07:07.098+0000] {dag.py:3036} INFO - Sync 1 DAGs
[2024-05-22T23:07:07.131+0000] {logging_mixin.py:188} INFO - [2024-05-22T23:07:07.130+0000] {dag.py:3823} INFO - Setting next_dagrun for example_branch_dop_operator_v3 to 2024-05-22 23:06:00+00:00, run_after=2024-05-22 23:07:00+00:00
[2024-05-22T23:07:07.156+0000] {processor.py:183} INFO - Processing /home/airflow/.local/lib/python3.8/site-packages/airflow/example_dags/example_branch_python_dop_operator_3.py took 0.097 seconds
[2024-05-22T23:07:37.364+0000] {processor.py:161} INFO - Started process (PID=55720) to work on /home/airflow/.local/lib/python3.8/site-packages/airflow/example_dags/example_branch_python_dop_operator_3.py
[2024-05-22T23:07:37.365+0000] {processor.py:830} INFO - Processing file /home/airflow/.local/lib/python3.8/site-packages/airflow/example_dags/example_branch_python_dop_operator_3.py for tasks to queue
[2024-05-22T23:07:37.367+0000] {logging_mixin.py:188} INFO - [2024-05-22T23:07:37.367+0000] {dagbag.py:538} INFO - Filling up the DagBag from /home/airflow/.local/lib/python3.8/site-packages/airflow/example_dags/example_branch_python_dop_operator_3.py
[2024-05-22T23:07:37.376+0000] {processor.py:840} INFO - DAG(s) 'example_branch_dop_operator_v3' retrieved from /home/airflow/.local/lib/python3.8/site-packages/airflow/example_dags/example_branch_python_dop_operator_3.py
[2024-05-22T23:07:37.396+0000] {logging_mixin.py:188} INFO - [2024-05-22T23:07:37.395+0000] {dag.py:3036} INFO - Sync 1 DAGs
[2024-05-22T23:07:37.425+0000] {logging_mixin.py:188} INFO - [2024-05-22T23:07:37.425+0000] {dag.py:3823} INFO - Setting next_dagrun for example_branch_dop_operator_v3 to 2024-05-22 23:06:00+00:00, run_after=2024-05-22 23:07:00+00:00
[2024-05-22T23:07:37.447+0000] {processor.py:183} INFO - Processing /home/airflow/.local/lib/python3.8/site-packages/airflow/example_dags/example_branch_python_dop_operator_3.py took 0.087 seconds
[2024-05-22T23:08:08.023+0000] {processor.py:161} INFO - Started process (PID=55777) to work on /home/airflow/.local/lib/python3.8/site-packages/airflow/example_dags/example_branch_python_dop_operator_3.py
[2024-05-22T23:08:08.024+0000] {processor.py:830} INFO - Processing file /home/airflow/.local/lib/python3.8/site-packages/airflow/example_dags/example_branch_python_dop_operator_3.py for tasks to queue
[2024-05-22T23:08:08.026+0000] {logging_mixin.py:188} INFO - [2024-05-22T23:08:08.025+0000] {dagbag.py:538} INFO - Filling up the DagBag from /home/airflow/.local/lib/python3.8/site-packages/airflow/example_dags/example_branch_python_dop_operator_3.py
[2024-05-22T23:08:08.036+0000] {processor.py:840} INFO - DAG(s) 'example_branch_dop_operator_v3' retrieved from /home/airflow/.local/lib/python3.8/site-packages/airflow/example_dags/example_branch_python_dop_operator_3.py
[2024-05-22T23:08:08.058+0000] {logging_mixin.py:188} INFO - [2024-05-22T23:08:08.058+0000] {dag.py:3036} INFO - Sync 1 DAGs
[2024-05-22T23:08:08.095+0000] {logging_mixin.py:188} INFO - [2024-05-22T23:08:08.094+0000] {dag.py:3823} INFO - Setting next_dagrun for example_branch_dop_operator_v3 to 2024-05-22 23:07:00+00:00, run_after=2024-05-22 23:08:00+00:00
[2024-05-22T23:08:08.119+0000] {processor.py:183} INFO - Processing /home/airflow/.local/lib/python3.8/site-packages/airflow/example_dags/example_branch_python_dop_operator_3.py took 0.098 seconds
[2024-05-22T23:08:38.862+0000] {processor.py:161} INFO - Started process (PID=55834) to work on /home/airflow/.local/lib/python3.8/site-packages/airflow/example_dags/example_branch_python_dop_operator_3.py
[2024-05-22T23:08:38.863+0000] {processor.py:830} INFO - Processing file /home/airflow/.local/lib/python3.8/site-packages/airflow/example_dags/example_branch_python_dop_operator_3.py for tasks to queue
[2024-05-22T23:08:38.865+0000] {logging_mixin.py:188} INFO - [2024-05-22T23:08:38.864+0000] {dagbag.py:538} INFO - Filling up the DagBag from /home/airflow/.local/lib/python3.8/site-packages/airflow/example_dags/example_branch_python_dop_operator_3.py
[2024-05-22T23:08:38.875+0000] {processor.py:840} INFO - DAG(s) 'example_branch_dop_operator_v3' retrieved from /home/airflow/.local/lib/python3.8/site-packages/airflow/example_dags/example_branch_python_dop_operator_3.py
[2024-05-22T23:08:38.895+0000] {logging_mixin.py:188} INFO - [2024-05-22T23:08:38.895+0000] {dag.py:3036} INFO - Sync 1 DAGs
[2024-05-22T23:08:38.926+0000] {logging_mixin.py:188} INFO - [2024-05-22T23:08:38.926+0000] {dag.py:3823} INFO - Setting next_dagrun for example_branch_dop_operator_v3 to 2024-05-22 23:07:00+00:00, run_after=2024-05-22 23:08:00+00:00
[2024-05-22T23:08:38.946+0000] {processor.py:183} INFO - Processing /home/airflow/.local/lib/python3.8/site-packages/airflow/example_dags/example_branch_python_dop_operator_3.py took 0.087 seconds
[2024-05-22T23:09:09.715+0000] {processor.py:161} INFO - Started process (PID=55891) to work on /home/airflow/.local/lib/python3.8/site-packages/airflow/example_dags/example_branch_python_dop_operator_3.py
[2024-05-22T23:09:09.716+0000] {processor.py:830} INFO - Processing file /home/airflow/.local/lib/python3.8/site-packages/airflow/example_dags/example_branch_python_dop_operator_3.py for tasks to queue
[2024-05-22T23:09:09.717+0000] {logging_mixin.py:188} INFO - [2024-05-22T23:09:09.717+0000] {dagbag.py:538} INFO - Filling up the DagBag from /home/airflow/.local/lib/python3.8/site-packages/airflow/example_dags/example_branch_python_dop_operator_3.py
[2024-05-22T23:09:09.728+0000] {processor.py:840} INFO - DAG(s) 'example_branch_dop_operator_v3' retrieved from /home/airflow/.local/lib/python3.8/site-packages/airflow/example_dags/example_branch_python_dop_operator_3.py
[2024-05-22T23:09:09.749+0000] {logging_mixin.py:188} INFO - [2024-05-22T23:09:09.748+0000] {dag.py:3036} INFO - Sync 1 DAGs
[2024-05-22T23:09:09.787+0000] {logging_mixin.py:188} INFO - [2024-05-22T23:09:09.786+0000] {dag.py:3823} INFO - Setting next_dagrun for example_branch_dop_operator_v3 to 2024-05-22 23:08:00+00:00, run_after=2024-05-22 23:09:00+00:00
[2024-05-22T23:09:09.813+0000] {processor.py:183} INFO - Processing /home/airflow/.local/lib/python3.8/site-packages/airflow/example_dags/example_branch_python_dop_operator_3.py took 0.102 seconds
[2024-05-22T23:09:40.161+0000] {processor.py:161} INFO - Started process (PID=55948) to work on /home/airflow/.local/lib/python3.8/site-packages/airflow/example_dags/example_branch_python_dop_operator_3.py
[2024-05-22T23:09:40.162+0000] {processor.py:830} INFO - Processing file /home/airflow/.local/lib/python3.8/site-packages/airflow/example_dags/example_branch_python_dop_operator_3.py for tasks to queue
[2024-05-22T23:09:40.164+0000] {logging_mixin.py:188} INFO - [2024-05-22T23:09:40.164+0000] {dagbag.py:538} INFO - Filling up the DagBag from /home/airflow/.local/lib/python3.8/site-packages/airflow/example_dags/example_branch_python_dop_operator_3.py
[2024-05-22T23:09:40.173+0000] {processor.py:840} INFO - DAG(s) 'example_branch_dop_operator_v3' retrieved from /home/airflow/.local/lib/python3.8/site-packages/airflow/example_dags/example_branch_python_dop_operator_3.py
[2024-05-22T23:09:40.194+0000] {logging_mixin.py:188} INFO - [2024-05-22T23:09:40.194+0000] {dag.py:3036} INFO - Sync 1 DAGs
[2024-05-22T23:09:40.224+0000] {logging_mixin.py:188} INFO - [2024-05-22T23:09:40.223+0000] {dag.py:3823} INFO - Setting next_dagrun for example_branch_dop_operator_v3 to 2024-05-22 23:08:00+00:00, run_after=2024-05-22 23:09:00+00:00
[2024-05-22T23:09:40.246+0000] {processor.py:183} INFO - Processing /home/airflow/.local/lib/python3.8/site-packages/airflow/example_dags/example_branch_python_dop_operator_3.py took 0.087 seconds
[2024-05-22T23:10:10.501+0000] {processor.py:161} INFO - Started process (PID=56005) to work on /home/airflow/.local/lib/python3.8/site-packages/airflow/example_dags/example_branch_python_dop_operator_3.py
[2024-05-22T23:10:10.501+0000] {processor.py:830} INFO - Processing file /home/airflow/.local/lib/python3.8/site-packages/airflow/example_dags/example_branch_python_dop_operator_3.py for tasks to queue
[2024-05-22T23:10:10.503+0000] {logging_mixin.py:188} INFO - [2024-05-22T23:10:10.503+0000] {dagbag.py:538} INFO - Filling up the DagBag from /home/airflow/.local/lib/python3.8/site-packages/airflow/example_dags/example_branch_python_dop_operator_3.py
[2024-05-22T23:10:10.511+0000] {processor.py:840} INFO - DAG(s) 'example_branch_dop_operator_v3' retrieved from /home/airflow/.local/lib/python3.8/site-packages/airflow/example_dags/example_branch_python_dop_operator_3.py
[2024-05-22T23:10:10.530+0000] {logging_mixin.py:188} INFO - [2024-05-22T23:10:10.530+0000] {dag.py:3036} INFO - Sync 1 DAGs
[2024-05-22T23:10:10.560+0000] {logging_mixin.py:188} INFO - [2024-05-22T23:10:10.560+0000] {dag.py:3823} INFO - Setting next_dagrun for example_branch_dop_operator_v3 to 2024-05-22 23:09:00+00:00, run_after=2024-05-22 23:10:00+00:00
[2024-05-22T23:10:10.581+0000] {processor.py:183} INFO - Processing /home/airflow/.local/lib/python3.8/site-packages/airflow/example_dags/example_branch_python_dop_operator_3.py took 0.083 seconds
