[2024-05-22T22:36:41.476+0000] {processor.py:161} INFO - Started process (PID=52256) to work on /home/airflow/.local/lib/python3.8/site-packages/airflow/example_dags/example_bash_operator.py
[2024-05-22T22:36:41.477+0000] {processor.py:830} INFO - Processing file /home/airflow/.local/lib/python3.8/site-packages/airflow/example_dags/example_bash_operator.py for tasks to queue
[2024-05-22T22:36:41.479+0000] {logging_mixin.py:188} INFO - [2024-05-22T22:36:41.479+0000] {dagbag.py:538} INFO - Filling up the DagBag from /home/airflow/.local/lib/python3.8/site-packages/airflow/example_dags/example_bash_operator.py
[2024-05-22T22:36:41.496+0000] {processor.py:840} INFO - DAG(s) 'example_bash_operator' retrieved from /home/airflow/.local/lib/python3.8/site-packages/airflow/example_dags/example_bash_operator.py
[2024-05-22T22:36:41.536+0000] {logging_mixin.py:188} INFO - [2024-05-22T22:36:41.536+0000] {dag.py:3036} INFO - Sync 1 DAGs
[2024-05-22T22:36:41.577+0000] {logging_mixin.py:188} INFO - [2024-05-22T22:36:41.577+0000] {dag.py:3823} INFO - Setting next_dagrun for example_bash_operator to 2024-05-21 00:00:00+00:00, run_after=2024-05-22 00:00:00+00:00
[2024-05-22T22:36:41.616+0000] {processor.py:183} INFO - Processing /home/airflow/.local/lib/python3.8/site-packages/airflow/example_dags/example_bash_operator.py took 0.144 seconds
[2024-05-22T22:37:12.003+0000] {processor.py:161} INFO - Started process (PID=52314) to work on /home/airflow/.local/lib/python3.8/site-packages/airflow/example_dags/example_bash_operator.py
[2024-05-22T22:37:12.004+0000] {processor.py:830} INFO - Processing file /home/airflow/.local/lib/python3.8/site-packages/airflow/example_dags/example_bash_operator.py for tasks to queue
[2024-05-22T22:37:12.006+0000] {logging_mixin.py:188} INFO - [2024-05-22T22:37:12.006+0000] {dagbag.py:538} INFO - Filling up the DagBag from /home/airflow/.local/lib/python3.8/site-packages/airflow/example_dags/example_bash_operator.py
[2024-05-22T22:37:12.021+0000] {processor.py:840} INFO - DAG(s) 'example_bash_operator' retrieved from /home/airflow/.local/lib/python3.8/site-packages/airflow/example_dags/example_bash_operator.py
[2024-05-22T22:37:12.058+0000] {logging_mixin.py:188} INFO - [2024-05-22T22:37:12.058+0000] {dag.py:3036} INFO - Sync 1 DAGs
[2024-05-22T22:37:12.094+0000] {logging_mixin.py:188} INFO - [2024-05-22T22:37:12.093+0000] {dag.py:3823} INFO - Setting next_dagrun for example_bash_operator to 2024-05-21 00:00:00+00:00, run_after=2024-05-22 00:00:00+00:00
[2024-05-22T22:37:12.122+0000] {processor.py:183} INFO - Processing /home/airflow/.local/lib/python3.8/site-packages/airflow/example_dags/example_bash_operator.py took 0.122 seconds
[2024-05-22T22:37:42.433+0000] {processor.py:161} INFO - Started process (PID=52370) to work on /home/airflow/.local/lib/python3.8/site-packages/airflow/example_dags/example_bash_operator.py
[2024-05-22T22:37:42.434+0000] {processor.py:830} INFO - Processing file /home/airflow/.local/lib/python3.8/site-packages/airflow/example_dags/example_bash_operator.py for tasks to queue
[2024-05-22T22:37:42.436+0000] {logging_mixin.py:188} INFO - [2024-05-22T22:37:42.435+0000] {dagbag.py:538} INFO - Filling up the DagBag from /home/airflow/.local/lib/python3.8/site-packages/airflow/example_dags/example_bash_operator.py
[2024-05-22T22:37:42.447+0000] {processor.py:840} INFO - DAG(s) 'example_bash_operator' retrieved from /home/airflow/.local/lib/python3.8/site-packages/airflow/example_dags/example_bash_operator.py
[2024-05-22T22:37:42.484+0000] {logging_mixin.py:188} INFO - [2024-05-22T22:37:42.483+0000] {dag.py:3036} INFO - Sync 1 DAGs
[2024-05-22T22:37:42.511+0000] {logging_mixin.py:188} INFO - [2024-05-22T22:37:42.510+0000] {dag.py:3823} INFO - Setting next_dagrun for example_bash_operator to 2024-05-21 00:00:00+00:00, run_after=2024-05-22 00:00:00+00:00
[2024-05-22T22:37:42.533+0000] {processor.py:183} INFO - Processing /home/airflow/.local/lib/python3.8/site-packages/airflow/example_dags/example_bash_operator.py took 0.102 seconds
[2024-05-22T22:38:12.845+0000] {processor.py:161} INFO - Started process (PID=52427) to work on /home/airflow/.local/lib/python3.8/site-packages/airflow/example_dags/example_bash_operator.py
[2024-05-22T22:38:12.847+0000] {processor.py:830} INFO - Processing file /home/airflow/.local/lib/python3.8/site-packages/airflow/example_dags/example_bash_operator.py for tasks to queue
[2024-05-22T22:38:12.849+0000] {logging_mixin.py:188} INFO - [2024-05-22T22:38:12.849+0000] {dagbag.py:538} INFO - Filling up the DagBag from /home/airflow/.local/lib/python3.8/site-packages/airflow/example_dags/example_bash_operator.py
[2024-05-22T22:38:12.860+0000] {processor.py:840} INFO - DAG(s) 'example_bash_operator' retrieved from /home/airflow/.local/lib/python3.8/site-packages/airflow/example_dags/example_bash_operator.py
[2024-05-22T22:38:12.903+0000] {logging_mixin.py:188} INFO - [2024-05-22T22:38:12.903+0000] {dag.py:3036} INFO - Sync 1 DAGs
[2024-05-22T22:38:12.928+0000] {logging_mixin.py:188} INFO - [2024-05-22T22:38:12.928+0000] {dag.py:3823} INFO - Setting next_dagrun for example_bash_operator to 2024-05-21 00:00:00+00:00, run_after=2024-05-22 00:00:00+00:00
[2024-05-22T22:38:12.949+0000] {processor.py:183} INFO - Processing /home/airflow/.local/lib/python3.8/site-packages/airflow/example_dags/example_bash_operator.py took 0.107 seconds
[2024-05-22T22:38:43.549+0000] {processor.py:161} INFO - Started process (PID=52484) to work on /home/airflow/.local/lib/python3.8/site-packages/airflow/example_dags/example_bash_operator.py
[2024-05-22T22:38:43.551+0000] {processor.py:830} INFO - Processing file /home/airflow/.local/lib/python3.8/site-packages/airflow/example_dags/example_bash_operator.py for tasks to queue
[2024-05-22T22:38:43.553+0000] {logging_mixin.py:188} INFO - [2024-05-22T22:38:43.553+0000] {dagbag.py:538} INFO - Filling up the DagBag from /home/airflow/.local/lib/python3.8/site-packages/airflow/example_dags/example_bash_operator.py
[2024-05-22T22:38:43.571+0000] {processor.py:840} INFO - DAG(s) 'example_bash_operator' retrieved from /home/airflow/.local/lib/python3.8/site-packages/airflow/example_dags/example_bash_operator.py
[2024-05-22T22:38:43.608+0000] {logging_mixin.py:188} INFO - [2024-05-22T22:38:43.607+0000] {dag.py:3036} INFO - Sync 1 DAGs
[2024-05-22T22:38:43.637+0000] {logging_mixin.py:188} INFO - [2024-05-22T22:38:43.636+0000] {dag.py:3823} INFO - Setting next_dagrun for example_bash_operator to 2024-05-21 00:00:00+00:00, run_after=2024-05-22 00:00:00+00:00
[2024-05-22T22:38:43.663+0000] {processor.py:183} INFO - Processing /home/airflow/.local/lib/python3.8/site-packages/airflow/example_dags/example_bash_operator.py took 0.117 seconds
[2024-05-22T22:39:13.835+0000] {processor.py:161} INFO - Started process (PID=52541) to work on /home/airflow/.local/lib/python3.8/site-packages/airflow/example_dags/example_bash_operator.py
[2024-05-22T22:39:13.836+0000] {processor.py:830} INFO - Processing file /home/airflow/.local/lib/python3.8/site-packages/airflow/example_dags/example_bash_operator.py for tasks to queue
[2024-05-22T22:39:13.838+0000] {logging_mixin.py:188} INFO - [2024-05-22T22:39:13.838+0000] {dagbag.py:538} INFO - Filling up the DagBag from /home/airflow/.local/lib/python3.8/site-packages/airflow/example_dags/example_bash_operator.py
[2024-05-22T22:39:13.851+0000] {processor.py:840} INFO - DAG(s) 'example_bash_operator' retrieved from /home/airflow/.local/lib/python3.8/site-packages/airflow/example_dags/example_bash_operator.py
[2024-05-22T22:39:13.888+0000] {logging_mixin.py:188} INFO - [2024-05-22T22:39:13.888+0000] {dag.py:3036} INFO - Sync 1 DAGs
[2024-05-22T22:39:13.918+0000] {logging_mixin.py:188} INFO - [2024-05-22T22:39:13.917+0000] {dag.py:3823} INFO - Setting next_dagrun for example_bash_operator to 2024-05-21 00:00:00+00:00, run_after=2024-05-22 00:00:00+00:00
[2024-05-22T22:39:13.941+0000] {processor.py:183} INFO - Processing /home/airflow/.local/lib/python3.8/site-packages/airflow/example_dags/example_bash_operator.py took 0.110 seconds
[2024-05-22T22:39:44.165+0000] {processor.py:161} INFO - Started process (PID=52598) to work on /home/airflow/.local/lib/python3.8/site-packages/airflow/example_dags/example_bash_operator.py
[2024-05-22T22:39:44.166+0000] {processor.py:830} INFO - Processing file /home/airflow/.local/lib/python3.8/site-packages/airflow/example_dags/example_bash_operator.py for tasks to queue
[2024-05-22T22:39:44.167+0000] {logging_mixin.py:188} INFO - [2024-05-22T22:39:44.167+0000] {dagbag.py:538} INFO - Filling up the DagBag from /home/airflow/.local/lib/python3.8/site-packages/airflow/example_dags/example_bash_operator.py
[2024-05-22T22:39:44.179+0000] {processor.py:840} INFO - DAG(s) 'example_bash_operator' retrieved from /home/airflow/.local/lib/python3.8/site-packages/airflow/example_dags/example_bash_operator.py
[2024-05-22T22:39:44.227+0000] {logging_mixin.py:188} INFO - [2024-05-22T22:39:44.226+0000] {dag.py:3036} INFO - Sync 1 DAGs
[2024-05-22T22:39:44.252+0000] {logging_mixin.py:188} INFO - [2024-05-22T22:39:44.251+0000] {dag.py:3823} INFO - Setting next_dagrun for example_bash_operator to 2024-05-21 00:00:00+00:00, run_after=2024-05-22 00:00:00+00:00
[2024-05-22T22:39:44.276+0000] {processor.py:183} INFO - Processing /home/airflow/.local/lib/python3.8/site-packages/airflow/example_dags/example_bash_operator.py took 0.114 seconds
[2024-05-22T22:40:14.754+0000] {processor.py:161} INFO - Started process (PID=52655) to work on /home/airflow/.local/lib/python3.8/site-packages/airflow/example_dags/example_bash_operator.py
[2024-05-22T22:40:14.754+0000] {processor.py:830} INFO - Processing file /home/airflow/.local/lib/python3.8/site-packages/airflow/example_dags/example_bash_operator.py for tasks to queue
[2024-05-22T22:40:14.756+0000] {logging_mixin.py:188} INFO - [2024-05-22T22:40:14.756+0000] {dagbag.py:538} INFO - Filling up the DagBag from /home/airflow/.local/lib/python3.8/site-packages/airflow/example_dags/example_bash_operator.py
[2024-05-22T22:40:14.769+0000] {processor.py:840} INFO - DAG(s) 'example_bash_operator' retrieved from /home/airflow/.local/lib/python3.8/site-packages/airflow/example_dags/example_bash_operator.py
[2024-05-22T22:40:14.802+0000] {logging_mixin.py:188} INFO - [2024-05-22T22:40:14.801+0000] {dag.py:3036} INFO - Sync 1 DAGs
[2024-05-22T22:40:14.826+0000] {logging_mixin.py:188} INFO - [2024-05-22T22:40:14.826+0000] {dag.py:3823} INFO - Setting next_dagrun for example_bash_operator to 2024-05-21 00:00:00+00:00, run_after=2024-05-22 00:00:00+00:00
[2024-05-22T22:40:14.847+0000] {processor.py:183} INFO - Processing /home/airflow/.local/lib/python3.8/site-packages/airflow/example_dags/example_bash_operator.py took 0.096 seconds
[2024-05-22T22:40:45.254+0000] {processor.py:161} INFO - Started process (PID=52712) to work on /home/airflow/.local/lib/python3.8/site-packages/airflow/example_dags/example_bash_operator.py
[2024-05-22T22:40:45.255+0000] {processor.py:830} INFO - Processing file /home/airflow/.local/lib/python3.8/site-packages/airflow/example_dags/example_bash_operator.py for tasks to queue
[2024-05-22T22:40:45.257+0000] {logging_mixin.py:188} INFO - [2024-05-22T22:40:45.257+0000] {dagbag.py:538} INFO - Filling up the DagBag from /home/airflow/.local/lib/python3.8/site-packages/airflow/example_dags/example_bash_operator.py
[2024-05-22T22:40:45.271+0000] {processor.py:840} INFO - DAG(s) 'example_bash_operator' retrieved from /home/airflow/.local/lib/python3.8/site-packages/airflow/example_dags/example_bash_operator.py
[2024-05-22T22:40:45.304+0000] {logging_mixin.py:188} INFO - [2024-05-22T22:40:45.304+0000] {dag.py:3036} INFO - Sync 1 DAGs
[2024-05-22T22:40:45.329+0000] {logging_mixin.py:188} INFO - [2024-05-22T22:40:45.329+0000] {dag.py:3823} INFO - Setting next_dagrun for example_bash_operator to 2024-05-21 00:00:00+00:00, run_after=2024-05-22 00:00:00+00:00
[2024-05-22T22:40:45.351+0000] {processor.py:183} INFO - Processing /home/airflow/.local/lib/python3.8/site-packages/airflow/example_dags/example_bash_operator.py took 0.100 seconds
[2024-05-22T22:41:15.739+0000] {processor.py:161} INFO - Started process (PID=52769) to work on /home/airflow/.local/lib/python3.8/site-packages/airflow/example_dags/example_bash_operator.py
[2024-05-22T22:41:15.740+0000] {processor.py:830} INFO - Processing file /home/airflow/.local/lib/python3.8/site-packages/airflow/example_dags/example_bash_operator.py for tasks to queue
[2024-05-22T22:41:15.742+0000] {logging_mixin.py:188} INFO - [2024-05-22T22:41:15.742+0000] {dagbag.py:538} INFO - Filling up the DagBag from /home/airflow/.local/lib/python3.8/site-packages/airflow/example_dags/example_bash_operator.py
[2024-05-22T22:41:15.753+0000] {processor.py:840} INFO - DAG(s) 'example_bash_operator' retrieved from /home/airflow/.local/lib/python3.8/site-packages/airflow/example_dags/example_bash_operator.py
[2024-05-22T22:41:15.782+0000] {logging_mixin.py:188} INFO - [2024-05-22T22:41:15.782+0000] {dag.py:3036} INFO - Sync 1 DAGs
[2024-05-22T22:41:15.804+0000] {logging_mixin.py:188} INFO - [2024-05-22T22:41:15.804+0000] {dag.py:3823} INFO - Setting next_dagrun for example_bash_operator to 2024-05-21 00:00:00+00:00, run_after=2024-05-22 00:00:00+00:00
[2024-05-22T22:41:15.822+0000] {processor.py:183} INFO - Processing /home/airflow/.local/lib/python3.8/site-packages/airflow/example_dags/example_bash_operator.py took 0.085 seconds
[2024-05-22T22:41:46.181+0000] {processor.py:161} INFO - Started process (PID=52826) to work on /home/airflow/.local/lib/python3.8/site-packages/airflow/example_dags/example_bash_operator.py
[2024-05-22T22:41:46.182+0000] {processor.py:830} INFO - Processing file /home/airflow/.local/lib/python3.8/site-packages/airflow/example_dags/example_bash_operator.py for tasks to queue
[2024-05-22T22:41:46.184+0000] {logging_mixin.py:188} INFO - [2024-05-22T22:41:46.184+0000] {dagbag.py:538} INFO - Filling up the DagBag from /home/airflow/.local/lib/python3.8/site-packages/airflow/example_dags/example_bash_operator.py
[2024-05-22T22:41:46.195+0000] {processor.py:840} INFO - DAG(s) 'example_bash_operator' retrieved from /home/airflow/.local/lib/python3.8/site-packages/airflow/example_dags/example_bash_operator.py
[2024-05-22T22:41:46.228+0000] {logging_mixin.py:188} INFO - [2024-05-22T22:41:46.228+0000] {dag.py:3036} INFO - Sync 1 DAGs
[2024-05-22T22:41:46.253+0000] {logging_mixin.py:188} INFO - [2024-05-22T22:41:46.253+0000] {dag.py:3823} INFO - Setting next_dagrun for example_bash_operator to 2024-05-21 00:00:00+00:00, run_after=2024-05-22 00:00:00+00:00
[2024-05-22T22:41:46.276+0000] {processor.py:183} INFO - Processing /home/airflow/.local/lib/python3.8/site-packages/airflow/example_dags/example_bash_operator.py took 0.098 seconds
[2024-05-22T22:42:16.857+0000] {processor.py:161} INFO - Started process (PID=52884) to work on /home/airflow/.local/lib/python3.8/site-packages/airflow/example_dags/example_bash_operator.py
[2024-05-22T22:42:16.858+0000] {processor.py:830} INFO - Processing file /home/airflow/.local/lib/python3.8/site-packages/airflow/example_dags/example_bash_operator.py for tasks to queue
[2024-05-22T22:42:16.860+0000] {logging_mixin.py:188} INFO - [2024-05-22T22:42:16.859+0000] {dagbag.py:538} INFO - Filling up the DagBag from /home/airflow/.local/lib/python3.8/site-packages/airflow/example_dags/example_bash_operator.py
[2024-05-22T22:42:16.871+0000] {processor.py:840} INFO - DAG(s) 'example_bash_operator' retrieved from /home/airflow/.local/lib/python3.8/site-packages/airflow/example_dags/example_bash_operator.py
[2024-05-22T22:42:16.904+0000] {logging_mixin.py:188} INFO - [2024-05-22T22:42:16.903+0000] {dag.py:3036} INFO - Sync 1 DAGs
[2024-05-22T22:42:16.926+0000] {logging_mixin.py:188} INFO - [2024-05-22T22:42:16.926+0000] {dag.py:3823} INFO - Setting next_dagrun for example_bash_operator to 2024-05-21 00:00:00+00:00, run_after=2024-05-22 00:00:00+00:00
[2024-05-22T22:42:16.947+0000] {processor.py:183} INFO - Processing /home/airflow/.local/lib/python3.8/site-packages/airflow/example_dags/example_bash_operator.py took 0.092 seconds
[2024-05-22T22:42:47.431+0000] {processor.py:161} INFO - Started process (PID=52941) to work on /home/airflow/.local/lib/python3.8/site-packages/airflow/example_dags/example_bash_operator.py
[2024-05-22T22:42:47.432+0000] {processor.py:830} INFO - Processing file /home/airflow/.local/lib/python3.8/site-packages/airflow/example_dags/example_bash_operator.py for tasks to queue
[2024-05-22T22:42:47.433+0000] {logging_mixin.py:188} INFO - [2024-05-22T22:42:47.433+0000] {dagbag.py:538} INFO - Filling up the DagBag from /home/airflow/.local/lib/python3.8/site-packages/airflow/example_dags/example_bash_operator.py
[2024-05-22T22:42:47.444+0000] {processor.py:840} INFO - DAG(s) 'example_bash_operator' retrieved from /home/airflow/.local/lib/python3.8/site-packages/airflow/example_dags/example_bash_operator.py
[2024-05-22T22:42:47.478+0000] {logging_mixin.py:188} INFO - [2024-05-22T22:42:47.477+0000] {dag.py:3036} INFO - Sync 1 DAGs
[2024-05-22T22:42:47.502+0000] {logging_mixin.py:188} INFO - [2024-05-22T22:42:47.502+0000] {dag.py:3823} INFO - Setting next_dagrun for example_bash_operator to 2024-05-21 00:00:00+00:00, run_after=2024-05-22 00:00:00+00:00
[2024-05-22T22:42:47.522+0000] {processor.py:183} INFO - Processing /home/airflow/.local/lib/python3.8/site-packages/airflow/example_dags/example_bash_operator.py took 0.094 seconds
[2024-05-22T22:43:18.373+0000] {processor.py:161} INFO - Started process (PID=52998) to work on /home/airflow/.local/lib/python3.8/site-packages/airflow/example_dags/example_bash_operator.py
[2024-05-22T22:43:18.374+0000] {processor.py:830} INFO - Processing file /home/airflow/.local/lib/python3.8/site-packages/airflow/example_dags/example_bash_operator.py for tasks to queue
[2024-05-22T22:43:18.376+0000] {logging_mixin.py:188} INFO - [2024-05-22T22:43:18.375+0000] {dagbag.py:538} INFO - Filling up the DagBag from /home/airflow/.local/lib/python3.8/site-packages/airflow/example_dags/example_bash_operator.py
[2024-05-22T22:43:18.388+0000] {processor.py:840} INFO - DAG(s) 'example_bash_operator' retrieved from /home/airflow/.local/lib/python3.8/site-packages/airflow/example_dags/example_bash_operator.py
[2024-05-22T22:43:18.425+0000] {logging_mixin.py:188} INFO - [2024-05-22T22:43:18.424+0000] {dag.py:3036} INFO - Sync 1 DAGs
[2024-05-22T22:43:18.452+0000] {logging_mixin.py:188} INFO - [2024-05-22T22:43:18.452+0000] {dag.py:3823} INFO - Setting next_dagrun for example_bash_operator to 2024-05-21 00:00:00+00:00, run_after=2024-05-22 00:00:00+00:00
[2024-05-22T22:43:18.478+0000] {processor.py:183} INFO - Processing /home/airflow/.local/lib/python3.8/site-packages/airflow/example_dags/example_bash_operator.py took 0.109 seconds
[2024-05-22T22:43:48.813+0000] {processor.py:161} INFO - Started process (PID=53055) to work on /home/airflow/.local/lib/python3.8/site-packages/airflow/example_dags/example_bash_operator.py
[2024-05-22T22:43:48.814+0000] {processor.py:830} INFO - Processing file /home/airflow/.local/lib/python3.8/site-packages/airflow/example_dags/example_bash_operator.py for tasks to queue
[2024-05-22T22:43:48.817+0000] {logging_mixin.py:188} INFO - [2024-05-22T22:43:48.816+0000] {dagbag.py:538} INFO - Filling up the DagBag from /home/airflow/.local/lib/python3.8/site-packages/airflow/example_dags/example_bash_operator.py
[2024-05-22T22:43:48.829+0000] {processor.py:840} INFO - DAG(s) 'example_bash_operator' retrieved from /home/airflow/.local/lib/python3.8/site-packages/airflow/example_dags/example_bash_operator.py
[2024-05-22T22:43:48.865+0000] {logging_mixin.py:188} INFO - [2024-05-22T22:43:48.865+0000] {dag.py:3036} INFO - Sync 1 DAGs
[2024-05-22T22:43:48.893+0000] {logging_mixin.py:188} INFO - [2024-05-22T22:43:48.892+0000] {dag.py:3823} INFO - Setting next_dagrun for example_bash_operator to 2024-05-21 00:00:00+00:00, run_after=2024-05-22 00:00:00+00:00
[2024-05-22T22:43:48.918+0000] {processor.py:183} INFO - Processing /home/airflow/.local/lib/python3.8/site-packages/airflow/example_dags/example_bash_operator.py took 0.108 seconds
[2024-05-22T22:44:19.072+0000] {processor.py:161} INFO - Started process (PID=53112) to work on /home/airflow/.local/lib/python3.8/site-packages/airflow/example_dags/example_bash_operator.py
[2024-05-22T22:44:19.073+0000] {processor.py:830} INFO - Processing file /home/airflow/.local/lib/python3.8/site-packages/airflow/example_dags/example_bash_operator.py for tasks to queue
[2024-05-22T22:44:19.075+0000] {logging_mixin.py:188} INFO - [2024-05-22T22:44:19.075+0000] {dagbag.py:538} INFO - Filling up the DagBag from /home/airflow/.local/lib/python3.8/site-packages/airflow/example_dags/example_bash_operator.py
[2024-05-22T22:44:19.086+0000] {processor.py:840} INFO - DAG(s) 'example_bash_operator' retrieved from /home/airflow/.local/lib/python3.8/site-packages/airflow/example_dags/example_bash_operator.py
[2024-05-22T22:44:19.121+0000] {logging_mixin.py:188} INFO - [2024-05-22T22:44:19.121+0000] {dag.py:3036} INFO - Sync 1 DAGs
[2024-05-22T22:44:19.148+0000] {logging_mixin.py:188} INFO - [2024-05-22T22:44:19.148+0000] {dag.py:3823} INFO - Setting next_dagrun for example_bash_operator to 2024-05-21 00:00:00+00:00, run_after=2024-05-22 00:00:00+00:00
[2024-05-22T22:44:19.171+0000] {processor.py:183} INFO - Processing /home/airflow/.local/lib/python3.8/site-packages/airflow/example_dags/example_bash_operator.py took 0.102 seconds
[2024-05-22T22:44:49.373+0000] {processor.py:161} INFO - Started process (PID=53169) to work on /home/airflow/.local/lib/python3.8/site-packages/airflow/example_dags/example_bash_operator.py
[2024-05-22T22:44:49.374+0000] {processor.py:830} INFO - Processing file /home/airflow/.local/lib/python3.8/site-packages/airflow/example_dags/example_bash_operator.py for tasks to queue
[2024-05-22T22:44:49.376+0000] {logging_mixin.py:188} INFO - [2024-05-22T22:44:49.376+0000] {dagbag.py:538} INFO - Filling up the DagBag from /home/airflow/.local/lib/python3.8/site-packages/airflow/example_dags/example_bash_operator.py
[2024-05-22T22:44:49.388+0000] {processor.py:840} INFO - DAG(s) 'example_bash_operator' retrieved from /home/airflow/.local/lib/python3.8/site-packages/airflow/example_dags/example_bash_operator.py
[2024-05-22T22:44:49.425+0000] {logging_mixin.py:188} INFO - [2024-05-22T22:44:49.425+0000] {dag.py:3036} INFO - Sync 1 DAGs
[2024-05-22T22:44:49.454+0000] {logging_mixin.py:188} INFO - [2024-05-22T22:44:49.453+0000] {dag.py:3823} INFO - Setting next_dagrun for example_bash_operator to 2024-05-21 00:00:00+00:00, run_after=2024-05-22 00:00:00+00:00
[2024-05-22T22:44:49.477+0000] {processor.py:183} INFO - Processing /home/airflow/.local/lib/python3.8/site-packages/airflow/example_dags/example_bash_operator.py took 0.107 seconds
[2024-05-22T22:45:19.782+0000] {processor.py:161} INFO - Started process (PID=53227) to work on /home/airflow/.local/lib/python3.8/site-packages/airflow/example_dags/example_bash_operator.py
[2024-05-22T22:45:19.783+0000] {processor.py:830} INFO - Processing file /home/airflow/.local/lib/python3.8/site-packages/airflow/example_dags/example_bash_operator.py for tasks to queue
[2024-05-22T22:45:19.784+0000] {logging_mixin.py:188} INFO - [2024-05-22T22:45:19.784+0000] {dagbag.py:538} INFO - Filling up the DagBag from /home/airflow/.local/lib/python3.8/site-packages/airflow/example_dags/example_bash_operator.py
[2024-05-22T22:45:19.796+0000] {processor.py:840} INFO - DAG(s) 'example_bash_operator' retrieved from /home/airflow/.local/lib/python3.8/site-packages/airflow/example_dags/example_bash_operator.py
[2024-05-22T22:45:19.825+0000] {logging_mixin.py:188} INFO - [2024-05-22T22:45:19.825+0000] {dag.py:3036} INFO - Sync 1 DAGs
[2024-05-22T22:45:19.847+0000] {logging_mixin.py:188} INFO - [2024-05-22T22:45:19.846+0000] {dag.py:3823} INFO - Setting next_dagrun for example_bash_operator to 2024-05-21 00:00:00+00:00, run_after=2024-05-22 00:00:00+00:00
[2024-05-22T22:45:19.868+0000] {processor.py:183} INFO - Processing /home/airflow/.local/lib/python3.8/site-packages/airflow/example_dags/example_bash_operator.py took 0.089 seconds
[2024-05-22T22:45:50.151+0000] {processor.py:161} INFO - Started process (PID=53285) to work on /home/airflow/.local/lib/python3.8/site-packages/airflow/example_dags/example_bash_operator.py
[2024-05-22T22:45:50.151+0000] {processor.py:830} INFO - Processing file /home/airflow/.local/lib/python3.8/site-packages/airflow/example_dags/example_bash_operator.py for tasks to queue
[2024-05-22T22:45:50.153+0000] {logging_mixin.py:188} INFO - [2024-05-22T22:45:50.153+0000] {dagbag.py:538} INFO - Filling up the DagBag from /home/airflow/.local/lib/python3.8/site-packages/airflow/example_dags/example_bash_operator.py
[2024-05-22T22:45:50.164+0000] {processor.py:840} INFO - DAG(s) 'example_bash_operator' retrieved from /home/airflow/.local/lib/python3.8/site-packages/airflow/example_dags/example_bash_operator.py
[2024-05-22T22:45:50.194+0000] {logging_mixin.py:188} INFO - [2024-05-22T22:45:50.194+0000] {dag.py:3036} INFO - Sync 1 DAGs
[2024-05-22T22:45:50.219+0000] {logging_mixin.py:188} INFO - [2024-05-22T22:45:50.219+0000] {dag.py:3823} INFO - Setting next_dagrun for example_bash_operator to 2024-05-21 00:00:00+00:00, run_after=2024-05-22 00:00:00+00:00
[2024-05-22T22:45:50.241+0000] {processor.py:183} INFO - Processing /home/airflow/.local/lib/python3.8/site-packages/airflow/example_dags/example_bash_operator.py took 0.093 seconds
[2024-05-22T22:46:20.509+0000] {processor.py:161} INFO - Started process (PID=53343) to work on /home/airflow/.local/lib/python3.8/site-packages/airflow/example_dags/example_bash_operator.py
[2024-05-22T22:46:20.510+0000] {processor.py:830} INFO - Processing file /home/airflow/.local/lib/python3.8/site-packages/airflow/example_dags/example_bash_operator.py for tasks to queue
[2024-05-22T22:46:20.511+0000] {logging_mixin.py:188} INFO - [2024-05-22T22:46:20.511+0000] {dagbag.py:538} INFO - Filling up the DagBag from /home/airflow/.local/lib/python3.8/site-packages/airflow/example_dags/example_bash_operator.py
[2024-05-22T22:46:20.524+0000] {processor.py:840} INFO - DAG(s) 'example_bash_operator' retrieved from /home/airflow/.local/lib/python3.8/site-packages/airflow/example_dags/example_bash_operator.py
[2024-05-22T22:46:20.562+0000] {logging_mixin.py:188} INFO - [2024-05-22T22:46:20.562+0000] {dag.py:3036} INFO - Sync 1 DAGs
[2024-05-22T22:46:20.594+0000] {logging_mixin.py:188} INFO - [2024-05-22T22:46:20.593+0000] {dag.py:3823} INFO - Setting next_dagrun for example_bash_operator to 2024-05-21 00:00:00+00:00, run_after=2024-05-22 00:00:00+00:00
[2024-05-22T22:46:20.620+0000] {processor.py:183} INFO - Processing /home/airflow/.local/lib/python3.8/site-packages/airflow/example_dags/example_bash_operator.py took 0.114 seconds
[2024-05-22T22:46:50.894+0000] {processor.py:161} INFO - Started process (PID=53400) to work on /home/airflow/.local/lib/python3.8/site-packages/airflow/example_dags/example_bash_operator.py
[2024-05-22T22:46:50.895+0000] {processor.py:830} INFO - Processing file /home/airflow/.local/lib/python3.8/site-packages/airflow/example_dags/example_bash_operator.py for tasks to queue
[2024-05-22T22:46:50.897+0000] {logging_mixin.py:188} INFO - [2024-05-22T22:46:50.897+0000] {dagbag.py:538} INFO - Filling up the DagBag from /home/airflow/.local/lib/python3.8/site-packages/airflow/example_dags/example_bash_operator.py
[2024-05-22T22:46:50.911+0000] {processor.py:840} INFO - DAG(s) 'example_bash_operator' retrieved from /home/airflow/.local/lib/python3.8/site-packages/airflow/example_dags/example_bash_operator.py
[2024-05-22T22:46:50.948+0000] {logging_mixin.py:188} INFO - [2024-05-22T22:46:50.948+0000] {dag.py:3036} INFO - Sync 1 DAGs
[2024-05-22T22:46:50.974+0000] {logging_mixin.py:188} INFO - [2024-05-22T22:46:50.974+0000] {dag.py:3823} INFO - Setting next_dagrun for example_bash_operator to 2024-05-21 00:00:00+00:00, run_after=2024-05-22 00:00:00+00:00
[2024-05-22T22:46:50.999+0000] {processor.py:183} INFO - Processing /home/airflow/.local/lib/python3.8/site-packages/airflow/example_dags/example_bash_operator.py took 0.107 seconds
[2024-05-22T22:47:21.447+0000] {processor.py:161} INFO - Started process (PID=53457) to work on /home/airflow/.local/lib/python3.8/site-packages/airflow/example_dags/example_bash_operator.py
[2024-05-22T22:47:21.448+0000] {processor.py:830} INFO - Processing file /home/airflow/.local/lib/python3.8/site-packages/airflow/example_dags/example_bash_operator.py for tasks to queue
[2024-05-22T22:47:21.450+0000] {logging_mixin.py:188} INFO - [2024-05-22T22:47:21.450+0000] {dagbag.py:538} INFO - Filling up the DagBag from /home/airflow/.local/lib/python3.8/site-packages/airflow/example_dags/example_bash_operator.py
[2024-05-22T22:47:21.463+0000] {processor.py:840} INFO - DAG(s) 'example_bash_operator' retrieved from /home/airflow/.local/lib/python3.8/site-packages/airflow/example_dags/example_bash_operator.py
[2024-05-22T22:47:21.500+0000] {logging_mixin.py:188} INFO - [2024-05-22T22:47:21.499+0000] {dag.py:3036} INFO - Sync 1 DAGs
[2024-05-22T22:47:21.544+0000] {logging_mixin.py:188} INFO - [2024-05-22T22:47:21.543+0000] {dag.py:3823} INFO - Setting next_dagrun for example_bash_operator to 2024-05-21 00:00:00+00:00, run_after=2024-05-22 00:00:00+00:00
[2024-05-22T22:47:21.565+0000] {processor.py:183} INFO - Processing /home/airflow/.local/lib/python3.8/site-packages/airflow/example_dags/example_bash_operator.py took 0.121 seconds
[2024-05-22T22:47:51.873+0000] {processor.py:161} INFO - Started process (PID=53515) to work on /home/airflow/.local/lib/python3.8/site-packages/airflow/example_dags/example_bash_operator.py
[2024-05-22T22:47:51.874+0000] {processor.py:830} INFO - Processing file /home/airflow/.local/lib/python3.8/site-packages/airflow/example_dags/example_bash_operator.py for tasks to queue
[2024-05-22T22:47:51.876+0000] {logging_mixin.py:188} INFO - [2024-05-22T22:47:51.875+0000] {dagbag.py:538} INFO - Filling up the DagBag from /home/airflow/.local/lib/python3.8/site-packages/airflow/example_dags/example_bash_operator.py
[2024-05-22T22:47:51.889+0000] {processor.py:840} INFO - DAG(s) 'example_bash_operator' retrieved from /home/airflow/.local/lib/python3.8/site-packages/airflow/example_dags/example_bash_operator.py
[2024-05-22T22:47:51.921+0000] {logging_mixin.py:188} INFO - [2024-05-22T22:47:51.920+0000] {dag.py:3036} INFO - Sync 1 DAGs
[2024-05-22T22:47:51.946+0000] {logging_mixin.py:188} INFO - [2024-05-22T22:47:51.945+0000] {dag.py:3823} INFO - Setting next_dagrun for example_bash_operator to 2024-05-21 00:00:00+00:00, run_after=2024-05-22 00:00:00+00:00
[2024-05-22T22:47:51.966+0000] {processor.py:183} INFO - Processing /home/airflow/.local/lib/python3.8/site-packages/airflow/example_dags/example_bash_operator.py took 0.096 seconds
[2024-05-22T22:48:22.450+0000] {processor.py:161} INFO - Started process (PID=53572) to work on /home/airflow/.local/lib/python3.8/site-packages/airflow/example_dags/example_bash_operator.py
[2024-05-22T22:48:22.451+0000] {processor.py:830} INFO - Processing file /home/airflow/.local/lib/python3.8/site-packages/airflow/example_dags/example_bash_operator.py for tasks to queue
[2024-05-22T22:48:22.453+0000] {logging_mixin.py:188} INFO - [2024-05-22T22:48:22.453+0000] {dagbag.py:538} INFO - Filling up the DagBag from /home/airflow/.local/lib/python3.8/site-packages/airflow/example_dags/example_bash_operator.py
[2024-05-22T22:48:22.470+0000] {processor.py:840} INFO - DAG(s) 'example_bash_operator' retrieved from /home/airflow/.local/lib/python3.8/site-packages/airflow/example_dags/example_bash_operator.py
[2024-05-22T22:48:22.513+0000] {logging_mixin.py:188} INFO - [2024-05-22T22:48:22.513+0000] {dag.py:3036} INFO - Sync 1 DAGs
[2024-05-22T22:48:22.542+0000] {logging_mixin.py:188} INFO - [2024-05-22T22:48:22.542+0000] {dag.py:3823} INFO - Setting next_dagrun for example_bash_operator to 2024-05-21 00:00:00+00:00, run_after=2024-05-22 00:00:00+00:00
[2024-05-22T22:48:22.568+0000] {processor.py:183} INFO - Processing /home/airflow/.local/lib/python3.8/site-packages/airflow/example_dags/example_bash_operator.py took 0.122 seconds
[2024-05-22T22:48:53.016+0000] {processor.py:161} INFO - Started process (PID=53629) to work on /home/airflow/.local/lib/python3.8/site-packages/airflow/example_dags/example_bash_operator.py
[2024-05-22T22:48:53.017+0000] {processor.py:830} INFO - Processing file /home/airflow/.local/lib/python3.8/site-packages/airflow/example_dags/example_bash_operator.py for tasks to queue
[2024-05-22T22:48:53.019+0000] {logging_mixin.py:188} INFO - [2024-05-22T22:48:53.019+0000] {dagbag.py:538} INFO - Filling up the DagBag from /home/airflow/.local/lib/python3.8/site-packages/airflow/example_dags/example_bash_operator.py
[2024-05-22T22:48:53.031+0000] {processor.py:840} INFO - DAG(s) 'example_bash_operator' retrieved from /home/airflow/.local/lib/python3.8/site-packages/airflow/example_dags/example_bash_operator.py
[2024-05-22T22:48:53.064+0000] {logging_mixin.py:188} INFO - [2024-05-22T22:48:53.063+0000] {dag.py:3036} INFO - Sync 1 DAGs
[2024-05-22T22:48:53.087+0000] {logging_mixin.py:188} INFO - [2024-05-22T22:48:53.086+0000] {dag.py:3823} INFO - Setting next_dagrun for example_bash_operator to 2024-05-21 00:00:00+00:00, run_after=2024-05-22 00:00:00+00:00
[2024-05-22T22:48:53.110+0000] {processor.py:183} INFO - Processing /home/airflow/.local/lib/python3.8/site-packages/airflow/example_dags/example_bash_operator.py took 0.097 seconds
[2024-05-22T22:49:23.239+0000] {processor.py:161} INFO - Started process (PID=53686) to work on /home/airflow/.local/lib/python3.8/site-packages/airflow/example_dags/example_bash_operator.py
[2024-05-22T22:49:23.241+0000] {processor.py:830} INFO - Processing file /home/airflow/.local/lib/python3.8/site-packages/airflow/example_dags/example_bash_operator.py for tasks to queue
[2024-05-22T22:49:23.242+0000] {logging_mixin.py:188} INFO - [2024-05-22T22:49:23.242+0000] {dagbag.py:538} INFO - Filling up the DagBag from /home/airflow/.local/lib/python3.8/site-packages/airflow/example_dags/example_bash_operator.py
[2024-05-22T22:49:23.257+0000] {processor.py:840} INFO - DAG(s) 'example_bash_operator' retrieved from /home/airflow/.local/lib/python3.8/site-packages/airflow/example_dags/example_bash_operator.py
[2024-05-22T22:49:23.295+0000] {logging_mixin.py:188} INFO - [2024-05-22T22:49:23.295+0000] {dag.py:3036} INFO - Sync 1 DAGs
[2024-05-22T22:49:23.323+0000] {logging_mixin.py:188} INFO - [2024-05-22T22:49:23.322+0000] {dag.py:3823} INFO - Setting next_dagrun for example_bash_operator to 2024-05-21 00:00:00+00:00, run_after=2024-05-22 00:00:00+00:00
[2024-05-22T22:49:23.347+0000] {processor.py:183} INFO - Processing /home/airflow/.local/lib/python3.8/site-packages/airflow/example_dags/example_bash_operator.py took 0.111 seconds
[2024-05-22T22:49:53.800+0000] {processor.py:161} INFO - Started process (PID=53743) to work on /home/airflow/.local/lib/python3.8/site-packages/airflow/example_dags/example_bash_operator.py
[2024-05-22T22:49:53.801+0000] {processor.py:830} INFO - Processing file /home/airflow/.local/lib/python3.8/site-packages/airflow/example_dags/example_bash_operator.py for tasks to queue
[2024-05-22T22:49:53.803+0000] {logging_mixin.py:188} INFO - [2024-05-22T22:49:53.803+0000] {dagbag.py:538} INFO - Filling up the DagBag from /home/airflow/.local/lib/python3.8/site-packages/airflow/example_dags/example_bash_operator.py
[2024-05-22T22:49:53.816+0000] {processor.py:840} INFO - DAG(s) 'example_bash_operator' retrieved from /home/airflow/.local/lib/python3.8/site-packages/airflow/example_dags/example_bash_operator.py
[2024-05-22T22:49:53.846+0000] {logging_mixin.py:188} INFO - [2024-05-22T22:49:53.845+0000] {dag.py:3036} INFO - Sync 1 DAGs
[2024-05-22T22:49:53.868+0000] {logging_mixin.py:188} INFO - [2024-05-22T22:49:53.868+0000] {dag.py:3823} INFO - Setting next_dagrun for example_bash_operator to 2024-05-21 00:00:00+00:00, run_after=2024-05-22 00:00:00+00:00
[2024-05-22T22:49:53.893+0000] {processor.py:183} INFO - Processing /home/airflow/.local/lib/python3.8/site-packages/airflow/example_dags/example_bash_operator.py took 0.096 seconds
[2024-05-22T22:50:24.273+0000] {processor.py:161} INFO - Started process (PID=53800) to work on /home/airflow/.local/lib/python3.8/site-packages/airflow/example_dags/example_bash_operator.py
[2024-05-22T22:50:24.275+0000] {processor.py:830} INFO - Processing file /home/airflow/.local/lib/python3.8/site-packages/airflow/example_dags/example_bash_operator.py for tasks to queue
[2024-05-22T22:50:24.277+0000] {logging_mixin.py:188} INFO - [2024-05-22T22:50:24.276+0000] {dagbag.py:538} INFO - Filling up the DagBag from /home/airflow/.local/lib/python3.8/site-packages/airflow/example_dags/example_bash_operator.py
[2024-05-22T22:50:24.293+0000] {processor.py:840} INFO - DAG(s) 'example_bash_operator' retrieved from /home/airflow/.local/lib/python3.8/site-packages/airflow/example_dags/example_bash_operator.py
[2024-05-22T22:50:24.334+0000] {logging_mixin.py:188} INFO - [2024-05-22T22:50:24.334+0000] {dag.py:3036} INFO - Sync 1 DAGs
[2024-05-22T22:50:24.366+0000] {logging_mixin.py:188} INFO - [2024-05-22T22:50:24.366+0000] {dag.py:3823} INFO - Setting next_dagrun for example_bash_operator to 2024-05-21 00:00:00+00:00, run_after=2024-05-22 00:00:00+00:00
[2024-05-22T22:50:24.389+0000] {processor.py:183} INFO - Processing /home/airflow/.local/lib/python3.8/site-packages/airflow/example_dags/example_bash_operator.py took 0.120 seconds
[2024-05-22T22:50:54.852+0000] {processor.py:161} INFO - Started process (PID=53857) to work on /home/airflow/.local/lib/python3.8/site-packages/airflow/example_dags/example_bash_operator.py
[2024-05-22T22:50:54.853+0000] {processor.py:830} INFO - Processing file /home/airflow/.local/lib/python3.8/site-packages/airflow/example_dags/example_bash_operator.py for tasks to queue
[2024-05-22T22:50:54.855+0000] {logging_mixin.py:188} INFO - [2024-05-22T22:50:54.854+0000] {dagbag.py:538} INFO - Filling up the DagBag from /home/airflow/.local/lib/python3.8/site-packages/airflow/example_dags/example_bash_operator.py
[2024-05-22T22:50:54.867+0000] {processor.py:840} INFO - DAG(s) 'example_bash_operator' retrieved from /home/airflow/.local/lib/python3.8/site-packages/airflow/example_dags/example_bash_operator.py
[2024-05-22T22:50:54.898+0000] {logging_mixin.py:188} INFO - [2024-05-22T22:50:54.898+0000] {dag.py:3036} INFO - Sync 1 DAGs
[2024-05-22T22:50:54.926+0000] {logging_mixin.py:188} INFO - [2024-05-22T22:50:54.926+0000] {dag.py:3823} INFO - Setting next_dagrun for example_bash_operator to 2024-05-21 00:00:00+00:00, run_after=2024-05-22 00:00:00+00:00
[2024-05-22T22:50:54.955+0000] {processor.py:183} INFO - Processing /home/airflow/.local/lib/python3.8/site-packages/airflow/example_dags/example_bash_operator.py took 0.107 seconds
[2024-05-22T22:51:25.242+0000] {processor.py:161} INFO - Started process (PID=53914) to work on /home/airflow/.local/lib/python3.8/site-packages/airflow/example_dags/example_bash_operator.py
[2024-05-22T22:51:25.243+0000] {processor.py:830} INFO - Processing file /home/airflow/.local/lib/python3.8/site-packages/airflow/example_dags/example_bash_operator.py for tasks to queue
[2024-05-22T22:51:25.245+0000] {logging_mixin.py:188} INFO - [2024-05-22T22:51:25.244+0000] {dagbag.py:538} INFO - Filling up the DagBag from /home/airflow/.local/lib/python3.8/site-packages/airflow/example_dags/example_bash_operator.py
[2024-05-22T22:51:25.256+0000] {processor.py:840} INFO - DAG(s) 'example_bash_operator' retrieved from /home/airflow/.local/lib/python3.8/site-packages/airflow/example_dags/example_bash_operator.py
[2024-05-22T22:51:25.290+0000] {logging_mixin.py:188} INFO - [2024-05-22T22:51:25.290+0000] {dag.py:3036} INFO - Sync 1 DAGs
[2024-05-22T22:51:25.317+0000] {logging_mixin.py:188} INFO - [2024-05-22T22:51:25.317+0000] {dag.py:3823} INFO - Setting next_dagrun for example_bash_operator to 2024-05-21 00:00:00+00:00, run_after=2024-05-22 00:00:00+00:00
[2024-05-22T22:51:25.342+0000] {processor.py:183} INFO - Processing /home/airflow/.local/lib/python3.8/site-packages/airflow/example_dags/example_bash_operator.py took 0.103 seconds
[2024-05-22T22:51:55.698+0000] {processor.py:161} INFO - Started process (PID=53971) to work on /home/airflow/.local/lib/python3.8/site-packages/airflow/example_dags/example_bash_operator.py
[2024-05-22T22:51:55.699+0000] {processor.py:830} INFO - Processing file /home/airflow/.local/lib/python3.8/site-packages/airflow/example_dags/example_bash_operator.py for tasks to queue
[2024-05-22T22:51:55.700+0000] {logging_mixin.py:188} INFO - [2024-05-22T22:51:55.700+0000] {dagbag.py:538} INFO - Filling up the DagBag from /home/airflow/.local/lib/python3.8/site-packages/airflow/example_dags/example_bash_operator.py
[2024-05-22T22:51:55.712+0000] {processor.py:840} INFO - DAG(s) 'example_bash_operator' retrieved from /home/airflow/.local/lib/python3.8/site-packages/airflow/example_dags/example_bash_operator.py
[2024-05-22T22:51:55.745+0000] {logging_mixin.py:188} INFO - [2024-05-22T22:51:55.744+0000] {dag.py:3036} INFO - Sync 1 DAGs
[2024-05-22T22:51:55.767+0000] {logging_mixin.py:188} INFO - [2024-05-22T22:51:55.767+0000] {dag.py:3823} INFO - Setting next_dagrun for example_bash_operator to 2024-05-21 00:00:00+00:00, run_after=2024-05-22 00:00:00+00:00
[2024-05-22T22:51:55.787+0000] {processor.py:183} INFO - Processing /home/airflow/.local/lib/python3.8/site-packages/airflow/example_dags/example_bash_operator.py took 0.093 seconds
[2024-05-22T22:52:26.041+0000] {processor.py:161} INFO - Started process (PID=54028) to work on /home/airflow/.local/lib/python3.8/site-packages/airflow/example_dags/example_bash_operator.py
[2024-05-22T22:52:26.042+0000] {processor.py:830} INFO - Processing file /home/airflow/.local/lib/python3.8/site-packages/airflow/example_dags/example_bash_operator.py for tasks to queue
[2024-05-22T22:52:26.044+0000] {logging_mixin.py:188} INFO - [2024-05-22T22:52:26.044+0000] {dagbag.py:538} INFO - Filling up the DagBag from /home/airflow/.local/lib/python3.8/site-packages/airflow/example_dags/example_bash_operator.py
[2024-05-22T22:52:26.055+0000] {processor.py:840} INFO - DAG(s) 'example_bash_operator' retrieved from /home/airflow/.local/lib/python3.8/site-packages/airflow/example_dags/example_bash_operator.py
[2024-05-22T22:52:26.088+0000] {logging_mixin.py:188} INFO - [2024-05-22T22:52:26.088+0000] {dag.py:3036} INFO - Sync 1 DAGs
[2024-05-22T22:52:26.129+0000] {logging_mixin.py:188} INFO - [2024-05-22T22:52:26.129+0000] {dag.py:3823} INFO - Setting next_dagrun for example_bash_operator to 2024-05-21 00:00:00+00:00, run_after=2024-05-22 00:00:00+00:00
[2024-05-22T22:52:26.152+0000] {processor.py:183} INFO - Processing /home/airflow/.local/lib/python3.8/site-packages/airflow/example_dags/example_bash_operator.py took 0.115 seconds
[2024-05-22T22:52:56.420+0000] {processor.py:161} INFO - Started process (PID=54086) to work on /home/airflow/.local/lib/python3.8/site-packages/airflow/example_dags/example_bash_operator.py
[2024-05-22T22:52:56.421+0000] {processor.py:830} INFO - Processing file /home/airflow/.local/lib/python3.8/site-packages/airflow/example_dags/example_bash_operator.py for tasks to queue
[2024-05-22T22:52:56.423+0000] {logging_mixin.py:188} INFO - [2024-05-22T22:52:56.423+0000] {dagbag.py:538} INFO - Filling up the DagBag from /home/airflow/.local/lib/python3.8/site-packages/airflow/example_dags/example_bash_operator.py
[2024-05-22T22:52:56.435+0000] {processor.py:840} INFO - DAG(s) 'example_bash_operator' retrieved from /home/airflow/.local/lib/python3.8/site-packages/airflow/example_dags/example_bash_operator.py
[2024-05-22T22:52:56.466+0000] {logging_mixin.py:188} INFO - [2024-05-22T22:52:56.466+0000] {dag.py:3036} INFO - Sync 1 DAGs
[2024-05-22T22:52:56.491+0000] {logging_mixin.py:188} INFO - [2024-05-22T22:52:56.491+0000] {dag.py:3823} INFO - Setting next_dagrun for example_bash_operator to 2024-05-21 00:00:00+00:00, run_after=2024-05-22 00:00:00+00:00
[2024-05-22T22:52:56.513+0000] {processor.py:183} INFO - Processing /home/airflow/.local/lib/python3.8/site-packages/airflow/example_dags/example_bash_operator.py took 0.096 seconds
[2024-05-22T22:53:26.843+0000] {processor.py:161} INFO - Started process (PID=54143) to work on /home/airflow/.local/lib/python3.8/site-packages/airflow/example_dags/example_bash_operator.py
[2024-05-22T22:53:26.844+0000] {processor.py:830} INFO - Processing file /home/airflow/.local/lib/python3.8/site-packages/airflow/example_dags/example_bash_operator.py for tasks to queue
[2024-05-22T22:53:26.846+0000] {logging_mixin.py:188} INFO - [2024-05-22T22:53:26.845+0000] {dagbag.py:538} INFO - Filling up the DagBag from /home/airflow/.local/lib/python3.8/site-packages/airflow/example_dags/example_bash_operator.py
[2024-05-22T22:53:26.860+0000] {processor.py:840} INFO - DAG(s) 'example_bash_operator' retrieved from /home/airflow/.local/lib/python3.8/site-packages/airflow/example_dags/example_bash_operator.py
[2024-05-22T22:53:26.914+0000] {logging_mixin.py:188} INFO - [2024-05-22T22:53:26.914+0000] {dag.py:3036} INFO - Sync 1 DAGs
[2024-05-22T22:53:26.942+0000] {logging_mixin.py:188} INFO - [2024-05-22T22:53:26.942+0000] {dag.py:3823} INFO - Setting next_dagrun for example_bash_operator to 2024-05-21 00:00:00+00:00, run_after=2024-05-22 00:00:00+00:00
[2024-05-22T22:53:26.965+0000] {processor.py:183} INFO - Processing /home/airflow/.local/lib/python3.8/site-packages/airflow/example_dags/example_bash_operator.py took 0.125 seconds
[2024-05-22T22:53:57.184+0000] {processor.py:161} INFO - Started process (PID=54200) to work on /home/airflow/.local/lib/python3.8/site-packages/airflow/example_dags/example_bash_operator.py
[2024-05-22T22:53:57.185+0000] {processor.py:830} INFO - Processing file /home/airflow/.local/lib/python3.8/site-packages/airflow/example_dags/example_bash_operator.py for tasks to queue
[2024-05-22T22:53:57.187+0000] {logging_mixin.py:188} INFO - [2024-05-22T22:53:57.186+0000] {dagbag.py:538} INFO - Filling up the DagBag from /home/airflow/.local/lib/python3.8/site-packages/airflow/example_dags/example_bash_operator.py
[2024-05-22T22:53:57.198+0000] {processor.py:840} INFO - DAG(s) 'example_bash_operator' retrieved from /home/airflow/.local/lib/python3.8/site-packages/airflow/example_dags/example_bash_operator.py
[2024-05-22T22:53:57.227+0000] {logging_mixin.py:188} INFO - [2024-05-22T22:53:57.226+0000] {dag.py:3036} INFO - Sync 1 DAGs
[2024-05-22T22:53:57.250+0000] {logging_mixin.py:188} INFO - [2024-05-22T22:53:57.250+0000] {dag.py:3823} INFO - Setting next_dagrun for example_bash_operator to 2024-05-21 00:00:00+00:00, run_after=2024-05-22 00:00:00+00:00
[2024-05-22T22:53:57.275+0000] {processor.py:183} INFO - Processing /home/airflow/.local/lib/python3.8/site-packages/airflow/example_dags/example_bash_operator.py took 0.094 seconds
[2024-05-22T22:54:27.361+0000] {processor.py:161} INFO - Started process (PID=54256) to work on /home/airflow/.local/lib/python3.8/site-packages/airflow/example_dags/example_bash_operator.py
[2024-05-22T22:54:27.362+0000] {processor.py:830} INFO - Processing file /home/airflow/.local/lib/python3.8/site-packages/airflow/example_dags/example_bash_operator.py for tasks to queue
[2024-05-22T22:54:27.363+0000] {logging_mixin.py:188} INFO - [2024-05-22T22:54:27.363+0000] {dagbag.py:538} INFO - Filling up the DagBag from /home/airflow/.local/lib/python3.8/site-packages/airflow/example_dags/example_bash_operator.py
[2024-05-22T22:54:27.375+0000] {processor.py:840} INFO - DAG(s) 'example_bash_operator' retrieved from /home/airflow/.local/lib/python3.8/site-packages/airflow/example_dags/example_bash_operator.py
[2024-05-22T22:54:27.407+0000] {logging_mixin.py:188} INFO - [2024-05-22T22:54:27.407+0000] {dag.py:3036} INFO - Sync 1 DAGs
[2024-05-22T22:54:27.432+0000] {logging_mixin.py:188} INFO - [2024-05-22T22:54:27.432+0000] {dag.py:3823} INFO - Setting next_dagrun for example_bash_operator to 2024-05-21 00:00:00+00:00, run_after=2024-05-22 00:00:00+00:00
[2024-05-22T22:54:27.456+0000] {processor.py:183} INFO - Processing /home/airflow/.local/lib/python3.8/site-packages/airflow/example_dags/example_bash_operator.py took 0.099 seconds
[2024-05-22T22:54:57.700+0000] {processor.py:161} INFO - Started process (PID=54312) to work on /home/airflow/.local/lib/python3.8/site-packages/airflow/example_dags/example_bash_operator.py
[2024-05-22T22:54:57.701+0000] {processor.py:830} INFO - Processing file /home/airflow/.local/lib/python3.8/site-packages/airflow/example_dags/example_bash_operator.py for tasks to queue
[2024-05-22T22:54:57.703+0000] {logging_mixin.py:188} INFO - [2024-05-22T22:54:57.703+0000] {dagbag.py:538} INFO - Filling up the DagBag from /home/airflow/.local/lib/python3.8/site-packages/airflow/example_dags/example_bash_operator.py
[2024-05-22T22:54:57.715+0000] {processor.py:840} INFO - DAG(s) 'example_bash_operator' retrieved from /home/airflow/.local/lib/python3.8/site-packages/airflow/example_dags/example_bash_operator.py
[2024-05-22T22:54:57.746+0000] {logging_mixin.py:188} INFO - [2024-05-22T22:54:57.745+0000] {dag.py:3036} INFO - Sync 1 DAGs
[2024-05-22T22:54:57.770+0000] {logging_mixin.py:188} INFO - [2024-05-22T22:54:57.770+0000] {dag.py:3823} INFO - Setting next_dagrun for example_bash_operator to 2024-05-21 00:00:00+00:00, run_after=2024-05-22 00:00:00+00:00
[2024-05-22T22:54:57.792+0000] {processor.py:183} INFO - Processing /home/airflow/.local/lib/python3.8/site-packages/airflow/example_dags/example_bash_operator.py took 0.095 seconds
[2024-05-22T22:55:28.210+0000] {processor.py:161} INFO - Started process (PID=54369) to work on /home/airflow/.local/lib/python3.8/site-packages/airflow/example_dags/example_bash_operator.py
[2024-05-22T22:55:28.211+0000] {processor.py:830} INFO - Processing file /home/airflow/.local/lib/python3.8/site-packages/airflow/example_dags/example_bash_operator.py for tasks to queue
[2024-05-22T22:55:28.213+0000] {logging_mixin.py:188} INFO - [2024-05-22T22:55:28.212+0000] {dagbag.py:538} INFO - Filling up the DagBag from /home/airflow/.local/lib/python3.8/site-packages/airflow/example_dags/example_bash_operator.py
[2024-05-22T22:55:28.225+0000] {processor.py:840} INFO - DAG(s) 'example_bash_operator' retrieved from /home/airflow/.local/lib/python3.8/site-packages/airflow/example_dags/example_bash_operator.py
[2024-05-22T22:55:28.257+0000] {logging_mixin.py:188} INFO - [2024-05-22T22:55:28.256+0000] {dag.py:3036} INFO - Sync 1 DAGs
[2024-05-22T22:55:28.281+0000] {logging_mixin.py:188} INFO - [2024-05-22T22:55:28.281+0000] {dag.py:3823} INFO - Setting next_dagrun for example_bash_operator to 2024-05-21 00:00:00+00:00, run_after=2024-05-22 00:00:00+00:00
[2024-05-22T22:55:28.302+0000] {processor.py:183} INFO - Processing /home/airflow/.local/lib/python3.8/site-packages/airflow/example_dags/example_bash_operator.py took 0.095 seconds
[2024-05-22T22:55:59.019+0000] {processor.py:161} INFO - Started process (PID=54426) to work on /home/airflow/.local/lib/python3.8/site-packages/airflow/example_dags/example_bash_operator.py
[2024-05-22T22:55:59.020+0000] {processor.py:830} INFO - Processing file /home/airflow/.local/lib/python3.8/site-packages/airflow/example_dags/example_bash_operator.py for tasks to queue
[2024-05-22T22:55:59.022+0000] {logging_mixin.py:188} INFO - [2024-05-22T22:55:59.021+0000] {dagbag.py:538} INFO - Filling up the DagBag from /home/airflow/.local/lib/python3.8/site-packages/airflow/example_dags/example_bash_operator.py
[2024-05-22T22:55:59.035+0000] {processor.py:840} INFO - DAG(s) 'example_bash_operator' retrieved from /home/airflow/.local/lib/python3.8/site-packages/airflow/example_dags/example_bash_operator.py
[2024-05-22T22:55:59.076+0000] {logging_mixin.py:188} INFO - [2024-05-22T22:55:59.075+0000] {dag.py:3036} INFO - Sync 1 DAGs
[2024-05-22T22:55:59.110+0000] {logging_mixin.py:188} INFO - [2024-05-22T22:55:59.110+0000] {dag.py:3823} INFO - Setting next_dagrun for example_bash_operator to 2024-05-21 00:00:00+00:00, run_after=2024-05-22 00:00:00+00:00
[2024-05-22T22:55:59.141+0000] {processor.py:183} INFO - Processing /home/airflow/.local/lib/python3.8/site-packages/airflow/example_dags/example_bash_operator.py took 0.126 seconds
[2024-05-22T22:56:29.431+0000] {processor.py:161} INFO - Started process (PID=54483) to work on /home/airflow/.local/lib/python3.8/site-packages/airflow/example_dags/example_bash_operator.py
[2024-05-22T22:56:29.432+0000] {processor.py:830} INFO - Processing file /home/airflow/.local/lib/python3.8/site-packages/airflow/example_dags/example_bash_operator.py for tasks to queue
[2024-05-22T22:56:29.434+0000] {logging_mixin.py:188} INFO - [2024-05-22T22:56:29.434+0000] {dagbag.py:538} INFO - Filling up the DagBag from /home/airflow/.local/lib/python3.8/site-packages/airflow/example_dags/example_bash_operator.py
[2024-05-22T22:56:29.448+0000] {processor.py:840} INFO - DAG(s) 'example_bash_operator' retrieved from /home/airflow/.local/lib/python3.8/site-packages/airflow/example_dags/example_bash_operator.py
[2024-05-22T22:56:29.481+0000] {logging_mixin.py:188} INFO - [2024-05-22T22:56:29.480+0000] {dag.py:3036} INFO - Sync 1 DAGs
[2024-05-22T22:56:29.511+0000] {logging_mixin.py:188} INFO - [2024-05-22T22:56:29.511+0000] {dag.py:3823} INFO - Setting next_dagrun for example_bash_operator to 2024-05-21 00:00:00+00:00, run_after=2024-05-22 00:00:00+00:00
[2024-05-22T22:56:29.534+0000] {processor.py:183} INFO - Processing /home/airflow/.local/lib/python3.8/site-packages/airflow/example_dags/example_bash_operator.py took 0.107 seconds
[2024-05-22T22:56:59.977+0000] {processor.py:161} INFO - Started process (PID=54540) to work on /home/airflow/.local/lib/python3.8/site-packages/airflow/example_dags/example_bash_operator.py
[2024-05-22T22:56:59.979+0000] {processor.py:830} INFO - Processing file /home/airflow/.local/lib/python3.8/site-packages/airflow/example_dags/example_bash_operator.py for tasks to queue
[2024-05-22T22:56:59.981+0000] {logging_mixin.py:188} INFO - [2024-05-22T22:56:59.981+0000] {dagbag.py:538} INFO - Filling up the DagBag from /home/airflow/.local/lib/python3.8/site-packages/airflow/example_dags/example_bash_operator.py
[2024-05-22T22:56:59.996+0000] {processor.py:840} INFO - DAG(s) 'example_bash_operator' retrieved from /home/airflow/.local/lib/python3.8/site-packages/airflow/example_dags/example_bash_operator.py
[2024-05-22T22:57:00.042+0000] {logging_mixin.py:188} INFO - [2024-05-22T22:57:00.042+0000] {dag.py:3036} INFO - Sync 1 DAGs
[2024-05-22T22:57:00.071+0000] {logging_mixin.py:188} INFO - [2024-05-22T22:57:00.070+0000] {dag.py:3823} INFO - Setting next_dagrun for example_bash_operator to 2024-05-21 00:00:00+00:00, run_after=2024-05-22 00:00:00+00:00
[2024-05-22T22:57:00.097+0000] {processor.py:183} INFO - Processing /home/airflow/.local/lib/python3.8/site-packages/airflow/example_dags/example_bash_operator.py took 0.123 seconds
[2024-05-22T22:57:30.274+0000] {processor.py:161} INFO - Started process (PID=54597) to work on /home/airflow/.local/lib/python3.8/site-packages/airflow/example_dags/example_bash_operator.py
[2024-05-22T22:57:30.275+0000] {processor.py:830} INFO - Processing file /home/airflow/.local/lib/python3.8/site-packages/airflow/example_dags/example_bash_operator.py for tasks to queue
[2024-05-22T22:57:30.276+0000] {logging_mixin.py:188} INFO - [2024-05-22T22:57:30.276+0000] {dagbag.py:538} INFO - Filling up the DagBag from /home/airflow/.local/lib/python3.8/site-packages/airflow/example_dags/example_bash_operator.py
[2024-05-22T22:57:30.292+0000] {processor.py:840} INFO - DAG(s) 'example_bash_operator' retrieved from /home/airflow/.local/lib/python3.8/site-packages/airflow/example_dags/example_bash_operator.py
[2024-05-22T22:57:30.332+0000] {logging_mixin.py:188} INFO - [2024-05-22T22:57:30.332+0000] {dag.py:3036} INFO - Sync 1 DAGs
[2024-05-22T22:57:30.371+0000] {logging_mixin.py:188} INFO - [2024-05-22T22:57:30.370+0000] {dag.py:3823} INFO - Setting next_dagrun for example_bash_operator to 2024-05-21 00:00:00+00:00, run_after=2024-05-22 00:00:00+00:00
[2024-05-22T22:57:30.398+0000] {processor.py:183} INFO - Processing /home/airflow/.local/lib/python3.8/site-packages/airflow/example_dags/example_bash_operator.py took 0.128 seconds
[2024-05-22T22:58:00.828+0000] {processor.py:161} INFO - Started process (PID=54654) to work on /home/airflow/.local/lib/python3.8/site-packages/airflow/example_dags/example_bash_operator.py
[2024-05-22T22:58:00.829+0000] {processor.py:830} INFO - Processing file /home/airflow/.local/lib/python3.8/site-packages/airflow/example_dags/example_bash_operator.py for tasks to queue
[2024-05-22T22:58:00.831+0000] {logging_mixin.py:188} INFO - [2024-05-22T22:58:00.830+0000] {dagbag.py:538} INFO - Filling up the DagBag from /home/airflow/.local/lib/python3.8/site-packages/airflow/example_dags/example_bash_operator.py
[2024-05-22T22:58:00.846+0000] {processor.py:840} INFO - DAG(s) 'example_bash_operator' retrieved from /home/airflow/.local/lib/python3.8/site-packages/airflow/example_dags/example_bash_operator.py
[2024-05-22T22:58:00.881+0000] {logging_mixin.py:188} INFO - [2024-05-22T22:58:00.881+0000] {dag.py:3036} INFO - Sync 1 DAGs
[2024-05-22T22:58:00.909+0000] {logging_mixin.py:188} INFO - [2024-05-22T22:58:00.908+0000] {dag.py:3823} INFO - Setting next_dagrun for example_bash_operator to 2024-05-21 00:00:00+00:00, run_after=2024-05-22 00:00:00+00:00
[2024-05-22T22:58:00.935+0000] {processor.py:183} INFO - Processing /home/airflow/.local/lib/python3.8/site-packages/airflow/example_dags/example_bash_operator.py took 0.110 seconds
[2024-05-22T22:58:31.170+0000] {processor.py:161} INFO - Started process (PID=54711) to work on /home/airflow/.local/lib/python3.8/site-packages/airflow/example_dags/example_bash_operator.py
[2024-05-22T22:58:31.171+0000] {processor.py:830} INFO - Processing file /home/airflow/.local/lib/python3.8/site-packages/airflow/example_dags/example_bash_operator.py for tasks to queue
[2024-05-22T22:58:31.173+0000] {logging_mixin.py:188} INFO - [2024-05-22T22:58:31.173+0000] {dagbag.py:538} INFO - Filling up the DagBag from /home/airflow/.local/lib/python3.8/site-packages/airflow/example_dags/example_bash_operator.py
[2024-05-22T22:58:31.188+0000] {processor.py:840} INFO - DAG(s) 'example_bash_operator' retrieved from /home/airflow/.local/lib/python3.8/site-packages/airflow/example_dags/example_bash_operator.py
[2024-05-22T22:58:31.225+0000] {logging_mixin.py:188} INFO - [2024-05-22T22:58:31.224+0000] {dag.py:3036} INFO - Sync 1 DAGs
[2024-05-22T22:58:31.246+0000] {logging_mixin.py:188} INFO - [2024-05-22T22:58:31.246+0000] {dag.py:3823} INFO - Setting next_dagrun for example_bash_operator to 2024-05-21 00:00:00+00:00, run_after=2024-05-22 00:00:00+00:00
[2024-05-22T22:58:31.265+0000] {processor.py:183} INFO - Processing /home/airflow/.local/lib/python3.8/site-packages/airflow/example_dags/example_bash_operator.py took 0.099 seconds
[2024-05-22T22:59:01.568+0000] {processor.py:161} INFO - Started process (PID=54768) to work on /home/airflow/.local/lib/python3.8/site-packages/airflow/example_dags/example_bash_operator.py
[2024-05-22T22:59:01.569+0000] {processor.py:830} INFO - Processing file /home/airflow/.local/lib/python3.8/site-packages/airflow/example_dags/example_bash_operator.py for tasks to queue
[2024-05-22T22:59:01.570+0000] {logging_mixin.py:188} INFO - [2024-05-22T22:59:01.570+0000] {dagbag.py:538} INFO - Filling up the DagBag from /home/airflow/.local/lib/python3.8/site-packages/airflow/example_dags/example_bash_operator.py
[2024-05-22T22:59:01.582+0000] {processor.py:840} INFO - DAG(s) 'example_bash_operator' retrieved from /home/airflow/.local/lib/python3.8/site-packages/airflow/example_dags/example_bash_operator.py
[2024-05-22T22:59:01.616+0000] {logging_mixin.py:188} INFO - [2024-05-22T22:59:01.616+0000] {dag.py:3036} INFO - Sync 1 DAGs
[2024-05-22T22:59:01.639+0000] {logging_mixin.py:188} INFO - [2024-05-22T22:59:01.639+0000] {dag.py:3823} INFO - Setting next_dagrun for example_bash_operator to 2024-05-21 00:00:00+00:00, run_after=2024-05-22 00:00:00+00:00
[2024-05-22T22:59:01.659+0000] {processor.py:183} INFO - Processing /home/airflow/.local/lib/python3.8/site-packages/airflow/example_dags/example_bash_operator.py took 0.094 seconds
[2024-05-22T22:59:32.775+0000] {processor.py:161} INFO - Started process (PID=54825) to work on /home/airflow/.local/lib/python3.8/site-packages/airflow/example_dags/example_bash_operator.py
[2024-05-22T22:59:32.776+0000] {processor.py:830} INFO - Processing file /home/airflow/.local/lib/python3.8/site-packages/airflow/example_dags/example_bash_operator.py for tasks to queue
[2024-05-22T22:59:32.779+0000] {logging_mixin.py:188} INFO - [2024-05-22T22:59:32.778+0000] {dagbag.py:538} INFO - Filling up the DagBag from /home/airflow/.local/lib/python3.8/site-packages/airflow/example_dags/example_bash_operator.py
[2024-05-22T22:59:32.792+0000] {processor.py:840} INFO - DAG(s) 'example_bash_operator' retrieved from /home/airflow/.local/lib/python3.8/site-packages/airflow/example_dags/example_bash_operator.py
[2024-05-22T22:59:32.829+0000] {logging_mixin.py:188} INFO - [2024-05-22T22:59:32.828+0000] {dag.py:3036} INFO - Sync 1 DAGs
[2024-05-22T22:59:32.859+0000] {logging_mixin.py:188} INFO - [2024-05-22T22:59:32.858+0000] {dag.py:3823} INFO - Setting next_dagrun for example_bash_operator to 2024-05-21 00:00:00+00:00, run_after=2024-05-22 00:00:00+00:00
[2024-05-22T22:59:32.881+0000] {processor.py:183} INFO - Processing /home/airflow/.local/lib/python3.8/site-packages/airflow/example_dags/example_bash_operator.py took 0.108 seconds
[2024-05-22T23:00:03.290+0000] {processor.py:161} INFO - Started process (PID=54882) to work on /home/airflow/.local/lib/python3.8/site-packages/airflow/example_dags/example_bash_operator.py
[2024-05-22T23:00:03.291+0000] {processor.py:830} INFO - Processing file /home/airflow/.local/lib/python3.8/site-packages/airflow/example_dags/example_bash_operator.py for tasks to queue
[2024-05-22T23:00:03.293+0000] {logging_mixin.py:188} INFO - [2024-05-22T23:00:03.292+0000] {dagbag.py:538} INFO - Filling up the DagBag from /home/airflow/.local/lib/python3.8/site-packages/airflow/example_dags/example_bash_operator.py
[2024-05-22T23:00:03.307+0000] {processor.py:840} INFO - DAG(s) 'example_bash_operator' retrieved from /home/airflow/.local/lib/python3.8/site-packages/airflow/example_dags/example_bash_operator.py
[2024-05-22T23:00:03.343+0000] {logging_mixin.py:188} INFO - [2024-05-22T23:00:03.343+0000] {dag.py:3036} INFO - Sync 1 DAGs
[2024-05-22T23:00:03.369+0000] {logging_mixin.py:188} INFO - [2024-05-22T23:00:03.369+0000] {dag.py:3823} INFO - Setting next_dagrun for example_bash_operator to 2024-05-21 00:00:00+00:00, run_after=2024-05-22 00:00:00+00:00
[2024-05-22T23:00:03.390+0000] {processor.py:183} INFO - Processing /home/airflow/.local/lib/python3.8/site-packages/airflow/example_dags/example_bash_operator.py took 0.103 seconds
[2024-05-22T23:00:34.045+0000] {processor.py:161} INFO - Started process (PID=54939) to work on /home/airflow/.local/lib/python3.8/site-packages/airflow/example_dags/example_bash_operator.py
[2024-05-22T23:00:34.046+0000] {processor.py:830} INFO - Processing file /home/airflow/.local/lib/python3.8/site-packages/airflow/example_dags/example_bash_operator.py for tasks to queue
[2024-05-22T23:00:34.048+0000] {logging_mixin.py:188} INFO - [2024-05-22T23:00:34.048+0000] {dagbag.py:538} INFO - Filling up the DagBag from /home/airflow/.local/lib/python3.8/site-packages/airflow/example_dags/example_bash_operator.py
[2024-05-22T23:00:34.060+0000] {processor.py:840} INFO - DAG(s) 'example_bash_operator' retrieved from /home/airflow/.local/lib/python3.8/site-packages/airflow/example_dags/example_bash_operator.py
[2024-05-22T23:00:34.098+0000] {logging_mixin.py:188} INFO - [2024-05-22T23:00:34.098+0000] {dag.py:3036} INFO - Sync 1 DAGs
[2024-05-22T23:00:34.125+0000] {logging_mixin.py:188} INFO - [2024-05-22T23:00:34.124+0000] {dag.py:3823} INFO - Setting next_dagrun for example_bash_operator to 2024-05-21 00:00:00+00:00, run_after=2024-05-22 00:00:00+00:00
[2024-05-22T23:00:34.148+0000] {processor.py:183} INFO - Processing /home/airflow/.local/lib/python3.8/site-packages/airflow/example_dags/example_bash_operator.py took 0.106 seconds
[2024-05-22T23:01:05.013+0000] {processor.py:161} INFO - Started process (PID=54996) to work on /home/airflow/.local/lib/python3.8/site-packages/airflow/example_dags/example_bash_operator.py
[2024-05-22T23:01:05.014+0000] {processor.py:830} INFO - Processing file /home/airflow/.local/lib/python3.8/site-packages/airflow/example_dags/example_bash_operator.py for tasks to queue
[2024-05-22T23:01:05.015+0000] {logging_mixin.py:188} INFO - [2024-05-22T23:01:05.015+0000] {dagbag.py:538} INFO - Filling up the DagBag from /home/airflow/.local/lib/python3.8/site-packages/airflow/example_dags/example_bash_operator.py
[2024-05-22T23:01:05.028+0000] {processor.py:840} INFO - DAG(s) 'example_bash_operator' retrieved from /home/airflow/.local/lib/python3.8/site-packages/airflow/example_dags/example_bash_operator.py
[2024-05-22T23:01:05.072+0000] {logging_mixin.py:188} INFO - [2024-05-22T23:01:05.072+0000] {dag.py:3036} INFO - Sync 1 DAGs
[2024-05-22T23:01:05.102+0000] {logging_mixin.py:188} INFO - [2024-05-22T23:01:05.101+0000] {dag.py:3823} INFO - Setting next_dagrun for example_bash_operator to 2024-05-21 00:00:00+00:00, run_after=2024-05-22 00:00:00+00:00
[2024-05-22T23:01:05.127+0000] {processor.py:183} INFO - Processing /home/airflow/.local/lib/python3.8/site-packages/airflow/example_dags/example_bash_operator.py took 0.117 seconds
[2024-05-22T23:01:35.617+0000] {processor.py:161} INFO - Started process (PID=55053) to work on /home/airflow/.local/lib/python3.8/site-packages/airflow/example_dags/example_bash_operator.py
[2024-05-22T23:01:35.618+0000] {processor.py:830} INFO - Processing file /home/airflow/.local/lib/python3.8/site-packages/airflow/example_dags/example_bash_operator.py for tasks to queue
[2024-05-22T23:01:35.620+0000] {logging_mixin.py:188} INFO - [2024-05-22T23:01:35.620+0000] {dagbag.py:538} INFO - Filling up the DagBag from /home/airflow/.local/lib/python3.8/site-packages/airflow/example_dags/example_bash_operator.py
[2024-05-22T23:01:35.634+0000] {processor.py:840} INFO - DAG(s) 'example_bash_operator' retrieved from /home/airflow/.local/lib/python3.8/site-packages/airflow/example_dags/example_bash_operator.py
[2024-05-22T23:01:35.667+0000] {logging_mixin.py:188} INFO - [2024-05-22T23:01:35.667+0000] {dag.py:3036} INFO - Sync 1 DAGs
[2024-05-22T23:01:35.689+0000] {logging_mixin.py:188} INFO - [2024-05-22T23:01:35.689+0000] {dag.py:3823} INFO - Setting next_dagrun for example_bash_operator to 2024-05-21 00:00:00+00:00, run_after=2024-05-22 00:00:00+00:00
[2024-05-22T23:01:35.707+0000] {processor.py:183} INFO - Processing /home/airflow/.local/lib/python3.8/site-packages/airflow/example_dags/example_bash_operator.py took 0.099 seconds
[2024-05-22T23:02:05.916+0000] {processor.py:161} INFO - Started process (PID=55110) to work on /home/airflow/.local/lib/python3.8/site-packages/airflow/example_dags/example_bash_operator.py
[2024-05-22T23:02:05.917+0000] {processor.py:830} INFO - Processing file /home/airflow/.local/lib/python3.8/site-packages/airflow/example_dags/example_bash_operator.py for tasks to queue
[2024-05-22T23:02:05.918+0000] {logging_mixin.py:188} INFO - [2024-05-22T23:02:05.918+0000] {dagbag.py:538} INFO - Filling up the DagBag from /home/airflow/.local/lib/python3.8/site-packages/airflow/example_dags/example_bash_operator.py
[2024-05-22T23:02:05.930+0000] {processor.py:840} INFO - DAG(s) 'example_bash_operator' retrieved from /home/airflow/.local/lib/python3.8/site-packages/airflow/example_dags/example_bash_operator.py
[2024-05-22T23:02:05.965+0000] {logging_mixin.py:188} INFO - [2024-05-22T23:02:05.964+0000] {dag.py:3036} INFO - Sync 1 DAGs
[2024-05-22T23:02:05.990+0000] {logging_mixin.py:188} INFO - [2024-05-22T23:02:05.989+0000] {dag.py:3823} INFO - Setting next_dagrun for example_bash_operator to 2024-05-21 00:00:00+00:00, run_after=2024-05-22 00:00:00+00:00
[2024-05-22T23:02:06.011+0000] {processor.py:183} INFO - Processing /home/airflow/.local/lib/python3.8/site-packages/airflow/example_dags/example_bash_operator.py took 0.098 seconds
[2024-05-22T23:02:36.222+0000] {processor.py:161} INFO - Started process (PID=55168) to work on /home/airflow/.local/lib/python3.8/site-packages/airflow/example_dags/example_bash_operator.py
[2024-05-22T23:02:36.223+0000] {processor.py:830} INFO - Processing file /home/airflow/.local/lib/python3.8/site-packages/airflow/example_dags/example_bash_operator.py for tasks to queue
[2024-05-22T23:02:36.225+0000] {logging_mixin.py:188} INFO - [2024-05-22T23:02:36.225+0000] {dagbag.py:538} INFO - Filling up the DagBag from /home/airflow/.local/lib/python3.8/site-packages/airflow/example_dags/example_bash_operator.py
[2024-05-22T23:02:36.237+0000] {processor.py:840} INFO - DAG(s) 'example_bash_operator' retrieved from /home/airflow/.local/lib/python3.8/site-packages/airflow/example_dags/example_bash_operator.py
[2024-05-22T23:02:36.272+0000] {logging_mixin.py:188} INFO - [2024-05-22T23:02:36.271+0000] {dag.py:3036} INFO - Sync 1 DAGs
[2024-05-22T23:02:36.300+0000] {logging_mixin.py:188} INFO - [2024-05-22T23:02:36.300+0000] {dag.py:3823} INFO - Setting next_dagrun for example_bash_operator to 2024-05-21 00:00:00+00:00, run_after=2024-05-22 00:00:00+00:00
[2024-05-22T23:02:36.322+0000] {processor.py:183} INFO - Processing /home/airflow/.local/lib/python3.8/site-packages/airflow/example_dags/example_bash_operator.py took 0.103 seconds
[2024-05-22T23:03:07.246+0000] {processor.py:161} INFO - Started process (PID=55225) to work on /home/airflow/.local/lib/python3.8/site-packages/airflow/example_dags/example_bash_operator.py
[2024-05-22T23:03:07.247+0000] {processor.py:830} INFO - Processing file /home/airflow/.local/lib/python3.8/site-packages/airflow/example_dags/example_bash_operator.py for tasks to queue
[2024-05-22T23:03:07.249+0000] {logging_mixin.py:188} INFO - [2024-05-22T23:03:07.248+0000] {dagbag.py:538} INFO - Filling up the DagBag from /home/airflow/.local/lib/python3.8/site-packages/airflow/example_dags/example_bash_operator.py
[2024-05-22T23:03:07.261+0000] {processor.py:840} INFO - DAG(s) 'example_bash_operator' retrieved from /home/airflow/.local/lib/python3.8/site-packages/airflow/example_dags/example_bash_operator.py
[2024-05-22T23:03:07.296+0000] {logging_mixin.py:188} INFO - [2024-05-22T23:03:07.295+0000] {dag.py:3036} INFO - Sync 1 DAGs
[2024-05-22T23:03:07.325+0000] {logging_mixin.py:188} INFO - [2024-05-22T23:03:07.325+0000] {dag.py:3823} INFO - Setting next_dagrun for example_bash_operator to 2024-05-21 00:00:00+00:00, run_after=2024-05-22 00:00:00+00:00
[2024-05-22T23:03:07.346+0000] {processor.py:183} INFO - Processing /home/airflow/.local/lib/python3.8/site-packages/airflow/example_dags/example_bash_operator.py took 0.103 seconds
[2024-05-22T23:03:37.993+0000] {processor.py:161} INFO - Started process (PID=55282) to work on /home/airflow/.local/lib/python3.8/site-packages/airflow/example_dags/example_bash_operator.py
[2024-05-22T23:03:37.994+0000] {processor.py:830} INFO - Processing file /home/airflow/.local/lib/python3.8/site-packages/airflow/example_dags/example_bash_operator.py for tasks to queue
[2024-05-22T23:03:37.996+0000] {logging_mixin.py:188} INFO - [2024-05-22T23:03:37.996+0000] {dagbag.py:538} INFO - Filling up the DagBag from /home/airflow/.local/lib/python3.8/site-packages/airflow/example_dags/example_bash_operator.py
[2024-05-22T23:03:38.010+0000] {processor.py:840} INFO - DAG(s) 'example_bash_operator' retrieved from /home/airflow/.local/lib/python3.8/site-packages/airflow/example_dags/example_bash_operator.py
[2024-05-22T23:03:38.045+0000] {logging_mixin.py:188} INFO - [2024-05-22T23:03:38.045+0000] {dag.py:3036} INFO - Sync 1 DAGs
[2024-05-22T23:03:38.075+0000] {logging_mixin.py:188} INFO - [2024-05-22T23:03:38.074+0000] {dag.py:3823} INFO - Setting next_dagrun for example_bash_operator to 2024-05-21 00:00:00+00:00, run_after=2024-05-22 00:00:00+00:00
[2024-05-22T23:03:38.100+0000] {processor.py:183} INFO - Processing /home/airflow/.local/lib/python3.8/site-packages/airflow/example_dags/example_bash_operator.py took 0.110 seconds
[2024-05-22T23:04:08.645+0000] {processor.py:161} INFO - Started process (PID=55340) to work on /home/airflow/.local/lib/python3.8/site-packages/airflow/example_dags/example_bash_operator.py
[2024-05-22T23:04:08.646+0000] {processor.py:830} INFO - Processing file /home/airflow/.local/lib/python3.8/site-packages/airflow/example_dags/example_bash_operator.py for tasks to queue
[2024-05-22T23:04:08.648+0000] {logging_mixin.py:188} INFO - [2024-05-22T23:04:08.648+0000] {dagbag.py:538} INFO - Filling up the DagBag from /home/airflow/.local/lib/python3.8/site-packages/airflow/example_dags/example_bash_operator.py
[2024-05-22T23:04:08.660+0000] {processor.py:840} INFO - DAG(s) 'example_bash_operator' retrieved from /home/airflow/.local/lib/python3.8/site-packages/airflow/example_dags/example_bash_operator.py
[2024-05-22T23:04:08.698+0000] {logging_mixin.py:188} INFO - [2024-05-22T23:04:08.698+0000] {dag.py:3036} INFO - Sync 1 DAGs
[2024-05-22T23:04:08.727+0000] {logging_mixin.py:188} INFO - [2024-05-22T23:04:08.727+0000] {dag.py:3823} INFO - Setting next_dagrun for example_bash_operator to 2024-05-21 00:00:00+00:00, run_after=2024-05-22 00:00:00+00:00
[2024-05-22T23:04:08.757+0000] {processor.py:183} INFO - Processing /home/airflow/.local/lib/python3.8/site-packages/airflow/example_dags/example_bash_operator.py took 0.116 seconds
[2024-05-22T23:04:38.986+0000] {processor.py:161} INFO - Started process (PID=55396) to work on /home/airflow/.local/lib/python3.8/site-packages/airflow/example_dags/example_bash_operator.py
[2024-05-22T23:04:38.988+0000] {processor.py:830} INFO - Processing file /home/airflow/.local/lib/python3.8/site-packages/airflow/example_dags/example_bash_operator.py for tasks to queue
[2024-05-22T23:04:38.989+0000] {logging_mixin.py:188} INFO - [2024-05-22T23:04:38.989+0000] {dagbag.py:538} INFO - Filling up the DagBag from /home/airflow/.local/lib/python3.8/site-packages/airflow/example_dags/example_bash_operator.py
[2024-05-22T23:04:39.002+0000] {processor.py:840} INFO - DAG(s) 'example_bash_operator' retrieved from /home/airflow/.local/lib/python3.8/site-packages/airflow/example_dags/example_bash_operator.py
[2024-05-22T23:04:39.037+0000] {logging_mixin.py:188} INFO - [2024-05-22T23:04:39.036+0000] {dag.py:3036} INFO - Sync 1 DAGs
[2024-05-22T23:04:39.063+0000] {logging_mixin.py:188} INFO - [2024-05-22T23:04:39.063+0000] {dag.py:3823} INFO - Setting next_dagrun for example_bash_operator to 2024-05-21 00:00:00+00:00, run_after=2024-05-22 00:00:00+00:00
[2024-05-22T23:04:39.087+0000] {processor.py:183} INFO - Processing /home/airflow/.local/lib/python3.8/site-packages/airflow/example_dags/example_bash_operator.py took 0.105 seconds
[2024-05-22T23:05:09.524+0000] {processor.py:161} INFO - Started process (PID=55452) to work on /home/airflow/.local/lib/python3.8/site-packages/airflow/example_dags/example_bash_operator.py
[2024-05-22T23:05:09.525+0000] {processor.py:830} INFO - Processing file /home/airflow/.local/lib/python3.8/site-packages/airflow/example_dags/example_bash_operator.py for tasks to queue
[2024-05-22T23:05:09.528+0000] {logging_mixin.py:188} INFO - [2024-05-22T23:05:09.528+0000] {dagbag.py:538} INFO - Filling up the DagBag from /home/airflow/.local/lib/python3.8/site-packages/airflow/example_dags/example_bash_operator.py
[2024-05-22T23:05:09.544+0000] {processor.py:840} INFO - DAG(s) 'example_bash_operator' retrieved from /home/airflow/.local/lib/python3.8/site-packages/airflow/example_dags/example_bash_operator.py
[2024-05-22T23:05:09.581+0000] {logging_mixin.py:188} INFO - [2024-05-22T23:05:09.580+0000] {dag.py:3036} INFO - Sync 1 DAGs
[2024-05-22T23:05:09.609+0000] {logging_mixin.py:188} INFO - [2024-05-22T23:05:09.608+0000] {dag.py:3823} INFO - Setting next_dagrun for example_bash_operator to 2024-05-21 00:00:00+00:00, run_after=2024-05-22 00:00:00+00:00
[2024-05-22T23:05:09.635+0000] {processor.py:183} INFO - Processing /home/airflow/.local/lib/python3.8/site-packages/airflow/example_dags/example_bash_operator.py took 0.115 seconds
[2024-05-22T23:05:39.806+0000] {processor.py:161} INFO - Started process (PID=55509) to work on /home/airflow/.local/lib/python3.8/site-packages/airflow/example_dags/example_bash_operator.py
[2024-05-22T23:05:39.807+0000] {processor.py:830} INFO - Processing file /home/airflow/.local/lib/python3.8/site-packages/airflow/example_dags/example_bash_operator.py for tasks to queue
[2024-05-22T23:05:39.809+0000] {logging_mixin.py:188} INFO - [2024-05-22T23:05:39.809+0000] {dagbag.py:538} INFO - Filling up the DagBag from /home/airflow/.local/lib/python3.8/site-packages/airflow/example_dags/example_bash_operator.py
[2024-05-22T23:05:39.821+0000] {processor.py:840} INFO - DAG(s) 'example_bash_operator' retrieved from /home/airflow/.local/lib/python3.8/site-packages/airflow/example_dags/example_bash_operator.py
[2024-05-22T23:05:39.853+0000] {logging_mixin.py:188} INFO - [2024-05-22T23:05:39.852+0000] {dag.py:3036} INFO - Sync 1 DAGs
[2024-05-22T23:05:39.879+0000] {logging_mixin.py:188} INFO - [2024-05-22T23:05:39.878+0000] {dag.py:3823} INFO - Setting next_dagrun for example_bash_operator to 2024-05-21 00:00:00+00:00, run_after=2024-05-22 00:00:00+00:00
[2024-05-22T23:05:39.903+0000] {processor.py:183} INFO - Processing /home/airflow/.local/lib/python3.8/site-packages/airflow/example_dags/example_bash_operator.py took 0.101 seconds
[2024-05-22T23:06:10.321+0000] {processor.py:161} INFO - Started process (PID=55566) to work on /home/airflow/.local/lib/python3.8/site-packages/airflow/example_dags/example_bash_operator.py
[2024-05-22T23:06:10.323+0000] {processor.py:830} INFO - Processing file /home/airflow/.local/lib/python3.8/site-packages/airflow/example_dags/example_bash_operator.py for tasks to queue
[2024-05-22T23:06:10.325+0000] {logging_mixin.py:188} INFO - [2024-05-22T23:06:10.324+0000] {dagbag.py:538} INFO - Filling up the DagBag from /home/airflow/.local/lib/python3.8/site-packages/airflow/example_dags/example_bash_operator.py
[2024-05-22T23:06:10.342+0000] {processor.py:840} INFO - DAG(s) 'example_bash_operator' retrieved from /home/airflow/.local/lib/python3.8/site-packages/airflow/example_dags/example_bash_operator.py
[2024-05-22T23:06:10.373+0000] {logging_mixin.py:188} INFO - [2024-05-22T23:06:10.373+0000] {dag.py:3036} INFO - Sync 1 DAGs
[2024-05-22T23:06:10.401+0000] {logging_mixin.py:188} INFO - [2024-05-22T23:06:10.401+0000] {dag.py:3823} INFO - Setting next_dagrun for example_bash_operator to 2024-05-21 00:00:00+00:00, run_after=2024-05-22 00:00:00+00:00
[2024-05-22T23:06:10.427+0000] {processor.py:183} INFO - Processing /home/airflow/.local/lib/python3.8/site-packages/airflow/example_dags/example_bash_operator.py took 0.110 seconds
[2024-05-22T23:06:41.057+0000] {processor.py:161} INFO - Started process (PID=55623) to work on /home/airflow/.local/lib/python3.8/site-packages/airflow/example_dags/example_bash_operator.py
[2024-05-22T23:06:41.058+0000] {processor.py:830} INFO - Processing file /home/airflow/.local/lib/python3.8/site-packages/airflow/example_dags/example_bash_operator.py for tasks to queue
[2024-05-22T23:06:41.059+0000] {logging_mixin.py:188} INFO - [2024-05-22T23:06:41.059+0000] {dagbag.py:538} INFO - Filling up the DagBag from /home/airflow/.local/lib/python3.8/site-packages/airflow/example_dags/example_bash_operator.py
[2024-05-22T23:06:41.074+0000] {processor.py:840} INFO - DAG(s) 'example_bash_operator' retrieved from /home/airflow/.local/lib/python3.8/site-packages/airflow/example_dags/example_bash_operator.py
[2024-05-22T23:06:41.109+0000] {logging_mixin.py:188} INFO - [2024-05-22T23:06:41.109+0000] {dag.py:3036} INFO - Sync 1 DAGs
[2024-05-22T23:06:41.139+0000] {logging_mixin.py:188} INFO - [2024-05-22T23:06:41.139+0000] {dag.py:3823} INFO - Setting next_dagrun for example_bash_operator to 2024-05-21 00:00:00+00:00, run_after=2024-05-22 00:00:00+00:00
[2024-05-22T23:06:41.165+0000] {processor.py:183} INFO - Processing /home/airflow/.local/lib/python3.8/site-packages/airflow/example_dags/example_bash_operator.py took 0.111 seconds
[2024-05-22T23:07:11.304+0000] {processor.py:161} INFO - Started process (PID=55680) to work on /home/airflow/.local/lib/python3.8/site-packages/airflow/example_dags/example_bash_operator.py
[2024-05-22T23:07:11.305+0000] {processor.py:830} INFO - Processing file /home/airflow/.local/lib/python3.8/site-packages/airflow/example_dags/example_bash_operator.py for tasks to queue
[2024-05-22T23:07:11.307+0000] {logging_mixin.py:188} INFO - [2024-05-22T23:07:11.306+0000] {dagbag.py:538} INFO - Filling up the DagBag from /home/airflow/.local/lib/python3.8/site-packages/airflow/example_dags/example_bash_operator.py
[2024-05-22T23:07:11.319+0000] {processor.py:840} INFO - DAG(s) 'example_bash_operator' retrieved from /home/airflow/.local/lib/python3.8/site-packages/airflow/example_dags/example_bash_operator.py
[2024-05-22T23:07:11.350+0000] {logging_mixin.py:188} INFO - [2024-05-22T23:07:11.350+0000] {dag.py:3036} INFO - Sync 1 DAGs
[2024-05-22T23:07:11.375+0000] {logging_mixin.py:188} INFO - [2024-05-22T23:07:11.375+0000] {dag.py:3823} INFO - Setting next_dagrun for example_bash_operator to 2024-05-21 00:00:00+00:00, run_after=2024-05-22 00:00:00+00:00
[2024-05-22T23:07:11.399+0000] {processor.py:183} INFO - Processing /home/airflow/.local/lib/python3.8/site-packages/airflow/example_dags/example_bash_operator.py took 0.098 seconds
[2024-05-22T23:07:41.454+0000] {processor.py:161} INFO - Started process (PID=55737) to work on /home/airflow/.local/lib/python3.8/site-packages/airflow/example_dags/example_bash_operator.py
[2024-05-22T23:07:41.455+0000] {processor.py:830} INFO - Processing file /home/airflow/.local/lib/python3.8/site-packages/airflow/example_dags/example_bash_operator.py for tasks to queue
[2024-05-22T23:07:41.457+0000] {logging_mixin.py:188} INFO - [2024-05-22T23:07:41.457+0000] {dagbag.py:538} INFO - Filling up the DagBag from /home/airflow/.local/lib/python3.8/site-packages/airflow/example_dags/example_bash_operator.py
[2024-05-22T23:07:41.470+0000] {processor.py:840} INFO - DAG(s) 'example_bash_operator' retrieved from /home/airflow/.local/lib/python3.8/site-packages/airflow/example_dags/example_bash_operator.py
[2024-05-22T23:07:41.504+0000] {logging_mixin.py:188} INFO - [2024-05-22T23:07:41.504+0000] {dag.py:3036} INFO - Sync 1 DAGs
[2024-05-22T23:07:41.532+0000] {logging_mixin.py:188} INFO - [2024-05-22T23:07:41.532+0000] {dag.py:3823} INFO - Setting next_dagrun for example_bash_operator to 2024-05-21 00:00:00+00:00, run_after=2024-05-22 00:00:00+00:00
[2024-05-22T23:07:41.561+0000] {processor.py:183} INFO - Processing /home/airflow/.local/lib/python3.8/site-packages/airflow/example_dags/example_bash_operator.py took 0.110 seconds
[2024-05-22T23:08:12.066+0000] {processor.py:161} INFO - Started process (PID=55794) to work on /home/airflow/.local/lib/python3.8/site-packages/airflow/example_dags/example_bash_operator.py
[2024-05-22T23:08:12.067+0000] {processor.py:830} INFO - Processing file /home/airflow/.local/lib/python3.8/site-packages/airflow/example_dags/example_bash_operator.py for tasks to queue
[2024-05-22T23:08:12.069+0000] {logging_mixin.py:188} INFO - [2024-05-22T23:08:12.069+0000] {dagbag.py:538} INFO - Filling up the DagBag from /home/airflow/.local/lib/python3.8/site-packages/airflow/example_dags/example_bash_operator.py
[2024-05-22T23:08:12.085+0000] {processor.py:840} INFO - DAG(s) 'example_bash_operator' retrieved from /home/airflow/.local/lib/python3.8/site-packages/airflow/example_dags/example_bash_operator.py
[2024-05-22T23:08:12.122+0000] {logging_mixin.py:188} INFO - [2024-05-22T23:08:12.122+0000] {dag.py:3036} INFO - Sync 1 DAGs
[2024-05-22T23:08:12.151+0000] {logging_mixin.py:188} INFO - [2024-05-22T23:08:12.150+0000] {dag.py:3823} INFO - Setting next_dagrun for example_bash_operator to 2024-05-21 00:00:00+00:00, run_after=2024-05-22 00:00:00+00:00
[2024-05-22T23:08:12.178+0000] {processor.py:183} INFO - Processing /home/airflow/.local/lib/python3.8/site-packages/airflow/example_dags/example_bash_operator.py took 0.115 seconds
[2024-05-22T23:08:42.895+0000] {processor.py:161} INFO - Started process (PID=55851) to work on /home/airflow/.local/lib/python3.8/site-packages/airflow/example_dags/example_bash_operator.py
[2024-05-22T23:08:42.896+0000] {processor.py:830} INFO - Processing file /home/airflow/.local/lib/python3.8/site-packages/airflow/example_dags/example_bash_operator.py for tasks to queue
[2024-05-22T23:08:42.899+0000] {logging_mixin.py:188} INFO - [2024-05-22T23:08:42.899+0000] {dagbag.py:538} INFO - Filling up the DagBag from /home/airflow/.local/lib/python3.8/site-packages/airflow/example_dags/example_bash_operator.py
[2024-05-22T23:08:42.915+0000] {processor.py:840} INFO - DAG(s) 'example_bash_operator' retrieved from /home/airflow/.local/lib/python3.8/site-packages/airflow/example_dags/example_bash_operator.py
[2024-05-22T23:08:42.951+0000] {logging_mixin.py:188} INFO - [2024-05-22T23:08:42.950+0000] {dag.py:3036} INFO - Sync 1 DAGs
[2024-05-22T23:08:42.976+0000] {logging_mixin.py:188} INFO - [2024-05-22T23:08:42.976+0000] {dag.py:3823} INFO - Setting next_dagrun for example_bash_operator to 2024-05-21 00:00:00+00:00, run_after=2024-05-22 00:00:00+00:00
[2024-05-22T23:08:42.999+0000] {processor.py:183} INFO - Processing /home/airflow/.local/lib/python3.8/site-packages/airflow/example_dags/example_bash_operator.py took 0.109 seconds
[2024-05-22T23:09:13.742+0000] {processor.py:161} INFO - Started process (PID=55914) to work on /home/airflow/.local/lib/python3.8/site-packages/airflow/example_dags/example_bash_operator.py
[2024-05-22T23:09:13.743+0000] {processor.py:830} INFO - Processing file /home/airflow/.local/lib/python3.8/site-packages/airflow/example_dags/example_bash_operator.py for tasks to queue
[2024-05-22T23:09:13.745+0000] {logging_mixin.py:188} INFO - [2024-05-22T23:09:13.745+0000] {dagbag.py:538} INFO - Filling up the DagBag from /home/airflow/.local/lib/python3.8/site-packages/airflow/example_dags/example_bash_operator.py
[2024-05-22T23:09:13.758+0000] {processor.py:840} INFO - DAG(s) 'example_bash_operator' retrieved from /home/airflow/.local/lib/python3.8/site-packages/airflow/example_dags/example_bash_operator.py
[2024-05-22T23:09:13.796+0000] {logging_mixin.py:188} INFO - [2024-05-22T23:09:13.796+0000] {dag.py:3036} INFO - Sync 1 DAGs
[2024-05-22T23:09:13.825+0000] {logging_mixin.py:188} INFO - [2024-05-22T23:09:13.825+0000] {dag.py:3823} INFO - Setting next_dagrun for example_bash_operator to 2024-05-21 00:00:00+00:00, run_after=2024-05-22 00:00:00+00:00
[2024-05-22T23:09:13.850+0000] {processor.py:183} INFO - Processing /home/airflow/.local/lib/python3.8/site-packages/airflow/example_dags/example_bash_operator.py took 0.113 seconds
[2024-05-22T23:09:44.166+0000] {processor.py:161} INFO - Started process (PID=55971) to work on /home/airflow/.local/lib/python3.8/site-packages/airflow/example_dags/example_bash_operator.py
[2024-05-22T23:09:44.167+0000] {processor.py:830} INFO - Processing file /home/airflow/.local/lib/python3.8/site-packages/airflow/example_dags/example_bash_operator.py for tasks to queue
[2024-05-22T23:09:44.170+0000] {logging_mixin.py:188} INFO - [2024-05-22T23:09:44.169+0000] {dagbag.py:538} INFO - Filling up the DagBag from /home/airflow/.local/lib/python3.8/site-packages/airflow/example_dags/example_bash_operator.py
[2024-05-22T23:09:44.184+0000] {processor.py:840} INFO - DAG(s) 'example_bash_operator' retrieved from /home/airflow/.local/lib/python3.8/site-packages/airflow/example_dags/example_bash_operator.py
[2024-05-22T23:09:44.220+0000] {logging_mixin.py:188} INFO - [2024-05-22T23:09:44.220+0000] {dag.py:3036} INFO - Sync 1 DAGs
[2024-05-22T23:09:44.247+0000] {logging_mixin.py:188} INFO - [2024-05-22T23:09:44.247+0000] {dag.py:3823} INFO - Setting next_dagrun for example_bash_operator to 2024-05-21 00:00:00+00:00, run_after=2024-05-22 00:00:00+00:00
[2024-05-22T23:09:44.272+0000] {processor.py:183} INFO - Processing /home/airflow/.local/lib/python3.8/site-packages/airflow/example_dags/example_bash_operator.py took 0.109 seconds
[2024-05-22T23:10:14.467+0000] {processor.py:161} INFO - Started process (PID=56028) to work on /home/airflow/.local/lib/python3.8/site-packages/airflow/example_dags/example_bash_operator.py
[2024-05-22T23:10:14.469+0000] {processor.py:830} INFO - Processing file /home/airflow/.local/lib/python3.8/site-packages/airflow/example_dags/example_bash_operator.py for tasks to queue
[2024-05-22T23:10:14.471+0000] {logging_mixin.py:188} INFO - [2024-05-22T23:10:14.470+0000] {dagbag.py:538} INFO - Filling up the DagBag from /home/airflow/.local/lib/python3.8/site-packages/airflow/example_dags/example_bash_operator.py
[2024-05-22T23:10:14.486+0000] {processor.py:840} INFO - DAG(s) 'example_bash_operator' retrieved from /home/airflow/.local/lib/python3.8/site-packages/airflow/example_dags/example_bash_operator.py
[2024-05-22T23:10:14.518+0000] {logging_mixin.py:188} INFO - [2024-05-22T23:10:14.518+0000] {dag.py:3036} INFO - Sync 1 DAGs
[2024-05-22T23:10:14.546+0000] {logging_mixin.py:188} INFO - [2024-05-22T23:10:14.545+0000] {dag.py:3823} INFO - Setting next_dagrun for example_bash_operator to 2024-05-21 00:00:00+00:00, run_after=2024-05-22 00:00:00+00:00
[2024-05-22T23:10:14.568+0000] {processor.py:183} INFO - Processing /home/airflow/.local/lib/python3.8/site-packages/airflow/example_dags/example_bash_operator.py took 0.105 seconds
