[2024-05-22T22:36:40.563+0000] {processor.py:161} INFO - Started process (PID=52248) to work on /home/airflow/.local/lib/python3.8/site-packages/airflow/example_dags/example_branch_operator_decorator.py
[2024-05-22T22:36:40.565+0000] {processor.py:830} INFO - Processing file /home/airflow/.local/lib/python3.8/site-packages/airflow/example_dags/example_branch_operator_decorator.py for tasks to queue
[2024-05-22T22:36:40.569+0000] {logging_mixin.py:188} INFO - [2024-05-22T22:36:40.568+0000] {dagbag.py:538} INFO - Filling up the DagBag from /home/airflow/.local/lib/python3.8/site-packages/airflow/example_dags/example_branch_operator_decorator.py
[2024-05-22T22:36:40.608+0000] {processor.py:840} INFO - DAG(s) 'example_branch_python_operator_decorator' retrieved from /home/airflow/.local/lib/python3.8/site-packages/airflow/example_dags/example_branch_operator_decorator.py
[2024-05-22T22:36:40.659+0000] {logging_mixin.py:188} INFO - [2024-05-22T22:36:40.659+0000] {dag.py:3036} INFO - Sync 1 DAGs
[2024-05-22T22:36:40.697+0000] {logging_mixin.py:188} INFO - [2024-05-22T22:36:40.697+0000] {dag.py:3823} INFO - Setting next_dagrun for example_branch_python_operator_decorator to 2024-05-21 00:00:00+00:00, run_after=2024-05-22 00:00:00+00:00
[2024-05-22T22:36:40.737+0000] {processor.py:183} INFO - Processing /home/airflow/.local/lib/python3.8/site-packages/airflow/example_dags/example_branch_operator_decorator.py took 0.180 seconds
[2024-05-22T22:37:11.297+0000] {processor.py:161} INFO - Started process (PID=52305) to work on /home/airflow/.local/lib/python3.8/site-packages/airflow/example_dags/example_branch_operator_decorator.py
[2024-05-22T22:37:11.299+0000] {processor.py:830} INFO - Processing file /home/airflow/.local/lib/python3.8/site-packages/airflow/example_dags/example_branch_operator_decorator.py for tasks to queue
[2024-05-22T22:37:11.300+0000] {logging_mixin.py:188} INFO - [2024-05-22T22:37:11.300+0000] {dagbag.py:538} INFO - Filling up the DagBag from /home/airflow/.local/lib/python3.8/site-packages/airflow/example_dags/example_branch_operator_decorator.py
[2024-05-22T22:37:11.329+0000] {processor.py:840} INFO - DAG(s) 'example_branch_python_operator_decorator' retrieved from /home/airflow/.local/lib/python3.8/site-packages/airflow/example_dags/example_branch_operator_decorator.py
[2024-05-22T22:37:11.361+0000] {logging_mixin.py:188} INFO - [2024-05-22T22:37:11.361+0000] {dag.py:3036} INFO - Sync 1 DAGs
[2024-05-22T22:37:11.393+0000] {logging_mixin.py:188} INFO - [2024-05-22T22:37:11.392+0000] {dag.py:3823} INFO - Setting next_dagrun for example_branch_python_operator_decorator to 2024-05-21 00:00:00+00:00, run_after=2024-05-22 00:00:00+00:00
[2024-05-22T22:37:11.416+0000] {processor.py:183} INFO - Processing /home/airflow/.local/lib/python3.8/site-packages/airflow/example_dags/example_branch_operator_decorator.py took 0.123 seconds
[2024-05-22T22:37:41.846+0000] {processor.py:161} INFO - Started process (PID=52362) to work on /home/airflow/.local/lib/python3.8/site-packages/airflow/example_dags/example_branch_operator_decorator.py
[2024-05-22T22:37:41.847+0000] {processor.py:830} INFO - Processing file /home/airflow/.local/lib/python3.8/site-packages/airflow/example_dags/example_branch_operator_decorator.py for tasks to queue
[2024-05-22T22:37:41.849+0000] {logging_mixin.py:188} INFO - [2024-05-22T22:37:41.848+0000] {dagbag.py:538} INFO - Filling up the DagBag from /home/airflow/.local/lib/python3.8/site-packages/airflow/example_dags/example_branch_operator_decorator.py
[2024-05-22T22:37:41.878+0000] {processor.py:840} INFO - DAG(s) 'example_branch_python_operator_decorator' retrieved from /home/airflow/.local/lib/python3.8/site-packages/airflow/example_dags/example_branch_operator_decorator.py
[2024-05-22T22:37:41.919+0000] {logging_mixin.py:188} INFO - [2024-05-22T22:37:41.918+0000] {dag.py:3036} INFO - Sync 1 DAGs
[2024-05-22T22:37:41.947+0000] {logging_mixin.py:188} INFO - [2024-05-22T22:37:41.946+0000] {dag.py:3823} INFO - Setting next_dagrun for example_branch_python_operator_decorator to 2024-05-21 00:00:00+00:00, run_after=2024-05-22 00:00:00+00:00
[2024-05-22T22:37:41.979+0000] {processor.py:183} INFO - Processing /home/airflow/.local/lib/python3.8/site-packages/airflow/example_dags/example_branch_operator_decorator.py took 0.136 seconds
[2024-05-22T22:38:12.378+0000] {processor.py:161} INFO - Started process (PID=52419) to work on /home/airflow/.local/lib/python3.8/site-packages/airflow/example_dags/example_branch_operator_decorator.py
[2024-05-22T22:38:12.380+0000] {processor.py:830} INFO - Processing file /home/airflow/.local/lib/python3.8/site-packages/airflow/example_dags/example_branch_operator_decorator.py for tasks to queue
[2024-05-22T22:38:12.382+0000] {logging_mixin.py:188} INFO - [2024-05-22T22:38:12.382+0000] {dagbag.py:538} INFO - Filling up the DagBag from /home/airflow/.local/lib/python3.8/site-packages/airflow/example_dags/example_branch_operator_decorator.py
[2024-05-22T22:38:12.405+0000] {processor.py:840} INFO - DAG(s) 'example_branch_python_operator_decorator' retrieved from /home/airflow/.local/lib/python3.8/site-packages/airflow/example_dags/example_branch_operator_decorator.py
[2024-05-22T22:38:12.434+0000] {logging_mixin.py:188} INFO - [2024-05-22T22:38:12.434+0000] {dag.py:3036} INFO - Sync 1 DAGs
[2024-05-22T22:38:12.457+0000] {logging_mixin.py:188} INFO - [2024-05-22T22:38:12.456+0000] {dag.py:3823} INFO - Setting next_dagrun for example_branch_python_operator_decorator to 2024-05-21 00:00:00+00:00, run_after=2024-05-22 00:00:00+00:00
[2024-05-22T22:38:12.479+0000] {processor.py:183} INFO - Processing /home/airflow/.local/lib/python3.8/site-packages/airflow/example_dags/example_branch_operator_decorator.py took 0.104 seconds
[2024-05-22T22:38:42.940+0000] {processor.py:161} INFO - Started process (PID=52476) to work on /home/airflow/.local/lib/python3.8/site-packages/airflow/example_dags/example_branch_operator_decorator.py
[2024-05-22T22:38:42.941+0000] {processor.py:830} INFO - Processing file /home/airflow/.local/lib/python3.8/site-packages/airflow/example_dags/example_branch_operator_decorator.py for tasks to queue
[2024-05-22T22:38:42.942+0000] {logging_mixin.py:188} INFO - [2024-05-22T22:38:42.942+0000] {dagbag.py:538} INFO - Filling up the DagBag from /home/airflow/.local/lib/python3.8/site-packages/airflow/example_dags/example_branch_operator_decorator.py
[2024-05-22T22:38:42.965+0000] {processor.py:840} INFO - DAG(s) 'example_branch_python_operator_decorator' retrieved from /home/airflow/.local/lib/python3.8/site-packages/airflow/example_dags/example_branch_operator_decorator.py
[2024-05-22T22:38:42.993+0000] {logging_mixin.py:188} INFO - [2024-05-22T22:38:42.993+0000] {dag.py:3036} INFO - Sync 1 DAGs
[2024-05-22T22:38:43.017+0000] {logging_mixin.py:188} INFO - [2024-05-22T22:38:43.017+0000] {dag.py:3823} INFO - Setting next_dagrun for example_branch_python_operator_decorator to 2024-05-21 00:00:00+00:00, run_after=2024-05-22 00:00:00+00:00
[2024-05-22T22:38:43.041+0000] {processor.py:183} INFO - Processing /home/airflow/.local/lib/python3.8/site-packages/airflow/example_dags/example_branch_operator_decorator.py took 0.104 seconds
[2024-05-22T22:39:13.263+0000] {processor.py:161} INFO - Started process (PID=52533) to work on /home/airflow/.local/lib/python3.8/site-packages/airflow/example_dags/example_branch_operator_decorator.py
[2024-05-22T22:39:13.264+0000] {processor.py:830} INFO - Processing file /home/airflow/.local/lib/python3.8/site-packages/airflow/example_dags/example_branch_operator_decorator.py for tasks to queue
[2024-05-22T22:39:13.266+0000] {logging_mixin.py:188} INFO - [2024-05-22T22:39:13.265+0000] {dagbag.py:538} INFO - Filling up the DagBag from /home/airflow/.local/lib/python3.8/site-packages/airflow/example_dags/example_branch_operator_decorator.py
[2024-05-22T22:39:13.286+0000] {processor.py:840} INFO - DAG(s) 'example_branch_python_operator_decorator' retrieved from /home/airflow/.local/lib/python3.8/site-packages/airflow/example_dags/example_branch_operator_decorator.py
[2024-05-22T22:39:13.317+0000] {logging_mixin.py:188} INFO - [2024-05-22T22:39:13.317+0000] {dag.py:3036} INFO - Sync 1 DAGs
[2024-05-22T22:39:13.345+0000] {logging_mixin.py:188} INFO - [2024-05-22T22:39:13.344+0000] {dag.py:3823} INFO - Setting next_dagrun for example_branch_python_operator_decorator to 2024-05-21 00:00:00+00:00, run_after=2024-05-22 00:00:00+00:00
[2024-05-22T22:39:13.368+0000] {processor.py:183} INFO - Processing /home/airflow/.local/lib/python3.8/site-packages/airflow/example_dags/example_branch_operator_decorator.py took 0.108 seconds
[2024-05-22T22:39:43.682+0000] {processor.py:161} INFO - Started process (PID=52590) to work on /home/airflow/.local/lib/python3.8/site-packages/airflow/example_dags/example_branch_operator_decorator.py
[2024-05-22T22:39:43.683+0000] {processor.py:830} INFO - Processing file /home/airflow/.local/lib/python3.8/site-packages/airflow/example_dags/example_branch_operator_decorator.py for tasks to queue
[2024-05-22T22:39:43.685+0000] {logging_mixin.py:188} INFO - [2024-05-22T22:39:43.685+0000] {dagbag.py:538} INFO - Filling up the DagBag from /home/airflow/.local/lib/python3.8/site-packages/airflow/example_dags/example_branch_operator_decorator.py
[2024-05-22T22:39:43.708+0000] {processor.py:840} INFO - DAG(s) 'example_branch_python_operator_decorator' retrieved from /home/airflow/.local/lib/python3.8/site-packages/airflow/example_dags/example_branch_operator_decorator.py
[2024-05-22T22:39:43.747+0000] {logging_mixin.py:188} INFO - [2024-05-22T22:39:43.746+0000] {dag.py:3036} INFO - Sync 1 DAGs
[2024-05-22T22:39:43.778+0000] {logging_mixin.py:188} INFO - [2024-05-22T22:39:43.778+0000] {dag.py:3823} INFO - Setting next_dagrun for example_branch_python_operator_decorator to 2024-05-21 00:00:00+00:00, run_after=2024-05-22 00:00:00+00:00
[2024-05-22T22:39:43.805+0000] {processor.py:183} INFO - Processing /home/airflow/.local/lib/python3.8/site-packages/airflow/example_dags/example_branch_operator_decorator.py took 0.126 seconds
[2024-05-22T22:40:14.136+0000] {processor.py:161} INFO - Started process (PID=52647) to work on /home/airflow/.local/lib/python3.8/site-packages/airflow/example_dags/example_branch_operator_decorator.py
[2024-05-22T22:40:14.137+0000] {processor.py:830} INFO - Processing file /home/airflow/.local/lib/python3.8/site-packages/airflow/example_dags/example_branch_operator_decorator.py for tasks to queue
[2024-05-22T22:40:14.139+0000] {logging_mixin.py:188} INFO - [2024-05-22T22:40:14.139+0000] {dagbag.py:538} INFO - Filling up the DagBag from /home/airflow/.local/lib/python3.8/site-packages/airflow/example_dags/example_branch_operator_decorator.py
[2024-05-22T22:40:14.163+0000] {processor.py:840} INFO - DAG(s) 'example_branch_python_operator_decorator' retrieved from /home/airflow/.local/lib/python3.8/site-packages/airflow/example_dags/example_branch_operator_decorator.py
[2024-05-22T22:40:14.194+0000] {logging_mixin.py:188} INFO - [2024-05-22T22:40:14.194+0000] {dag.py:3036} INFO - Sync 1 DAGs
[2024-05-22T22:40:14.223+0000] {logging_mixin.py:188} INFO - [2024-05-22T22:40:14.222+0000] {dag.py:3823} INFO - Setting next_dagrun for example_branch_python_operator_decorator to 2024-05-21 00:00:00+00:00, run_after=2024-05-22 00:00:00+00:00
[2024-05-22T22:40:14.252+0000] {processor.py:183} INFO - Processing /home/airflow/.local/lib/python3.8/site-packages/airflow/example_dags/example_branch_operator_decorator.py took 0.119 seconds
[2024-05-22T22:40:44.799+0000] {processor.py:161} INFO - Started process (PID=52704) to work on /home/airflow/.local/lib/python3.8/site-packages/airflow/example_dags/example_branch_operator_decorator.py
[2024-05-22T22:40:44.799+0000] {processor.py:830} INFO - Processing file /home/airflow/.local/lib/python3.8/site-packages/airflow/example_dags/example_branch_operator_decorator.py for tasks to queue
[2024-05-22T22:40:44.801+0000] {logging_mixin.py:188} INFO - [2024-05-22T22:40:44.801+0000] {dagbag.py:538} INFO - Filling up the DagBag from /home/airflow/.local/lib/python3.8/site-packages/airflow/example_dags/example_branch_operator_decorator.py
[2024-05-22T22:40:44.824+0000] {processor.py:840} INFO - DAG(s) 'example_branch_python_operator_decorator' retrieved from /home/airflow/.local/lib/python3.8/site-packages/airflow/example_dags/example_branch_operator_decorator.py
[2024-05-22T22:40:44.856+0000] {logging_mixin.py:188} INFO - [2024-05-22T22:40:44.856+0000] {dag.py:3036} INFO - Sync 1 DAGs
[2024-05-22T22:40:44.881+0000] {logging_mixin.py:188} INFO - [2024-05-22T22:40:44.880+0000] {dag.py:3823} INFO - Setting next_dagrun for example_branch_python_operator_decorator to 2024-05-21 00:00:00+00:00, run_after=2024-05-22 00:00:00+00:00
[2024-05-22T22:40:44.904+0000] {processor.py:183} INFO - Processing /home/airflow/.local/lib/python3.8/site-packages/airflow/example_dags/example_branch_operator_decorator.py took 0.109 seconds
[2024-05-22T22:41:15.160+0000] {processor.py:161} INFO - Started process (PID=52761) to work on /home/airflow/.local/lib/python3.8/site-packages/airflow/example_dags/example_branch_operator_decorator.py
[2024-05-22T22:41:15.161+0000] {processor.py:830} INFO - Processing file /home/airflow/.local/lib/python3.8/site-packages/airflow/example_dags/example_branch_operator_decorator.py for tasks to queue
[2024-05-22T22:41:15.163+0000] {logging_mixin.py:188} INFO - [2024-05-22T22:41:15.163+0000] {dagbag.py:538} INFO - Filling up the DagBag from /home/airflow/.local/lib/python3.8/site-packages/airflow/example_dags/example_branch_operator_decorator.py
[2024-05-22T22:41:15.190+0000] {processor.py:840} INFO - DAG(s) 'example_branch_python_operator_decorator' retrieved from /home/airflow/.local/lib/python3.8/site-packages/airflow/example_dags/example_branch_operator_decorator.py
[2024-05-22T22:41:15.229+0000] {logging_mixin.py:188} INFO - [2024-05-22T22:41:15.229+0000] {dag.py:3036} INFO - Sync 1 DAGs
[2024-05-22T22:41:15.257+0000] {logging_mixin.py:188} INFO - [2024-05-22T22:41:15.256+0000] {dag.py:3823} INFO - Setting next_dagrun for example_branch_python_operator_decorator to 2024-05-21 00:00:00+00:00, run_after=2024-05-22 00:00:00+00:00
[2024-05-22T22:41:15.282+0000] {processor.py:183} INFO - Processing /home/airflow/.local/lib/python3.8/site-packages/airflow/example_dags/example_branch_operator_decorator.py took 0.127 seconds
[2024-05-22T22:41:45.623+0000] {processor.py:161} INFO - Started process (PID=52818) to work on /home/airflow/.local/lib/python3.8/site-packages/airflow/example_dags/example_branch_operator_decorator.py
[2024-05-22T22:41:45.624+0000] {processor.py:830} INFO - Processing file /home/airflow/.local/lib/python3.8/site-packages/airflow/example_dags/example_branch_operator_decorator.py for tasks to queue
[2024-05-22T22:41:45.626+0000] {logging_mixin.py:188} INFO - [2024-05-22T22:41:45.626+0000] {dagbag.py:538} INFO - Filling up the DagBag from /home/airflow/.local/lib/python3.8/site-packages/airflow/example_dags/example_branch_operator_decorator.py
[2024-05-22T22:41:45.651+0000] {processor.py:840} INFO - DAG(s) 'example_branch_python_operator_decorator' retrieved from /home/airflow/.local/lib/python3.8/site-packages/airflow/example_dags/example_branch_operator_decorator.py
[2024-05-22T22:41:45.690+0000] {logging_mixin.py:188} INFO - [2024-05-22T22:41:45.689+0000] {dag.py:3036} INFO - Sync 1 DAGs
[2024-05-22T22:41:45.719+0000] {logging_mixin.py:188} INFO - [2024-05-22T22:41:45.718+0000] {dag.py:3823} INFO - Setting next_dagrun for example_branch_python_operator_decorator to 2024-05-21 00:00:00+00:00, run_after=2024-05-22 00:00:00+00:00
[2024-05-22T22:41:45.746+0000] {processor.py:183} INFO - Processing /home/airflow/.local/lib/python3.8/site-packages/airflow/example_dags/example_branch_operator_decorator.py took 0.126 seconds
[2024-05-22T22:42:16.323+0000] {processor.py:161} INFO - Started process (PID=52876) to work on /home/airflow/.local/lib/python3.8/site-packages/airflow/example_dags/example_branch_operator_decorator.py
[2024-05-22T22:42:16.324+0000] {processor.py:830} INFO - Processing file /home/airflow/.local/lib/python3.8/site-packages/airflow/example_dags/example_branch_operator_decorator.py for tasks to queue
[2024-05-22T22:42:16.325+0000] {logging_mixin.py:188} INFO - [2024-05-22T22:42:16.325+0000] {dagbag.py:538} INFO - Filling up the DagBag from /home/airflow/.local/lib/python3.8/site-packages/airflow/example_dags/example_branch_operator_decorator.py
[2024-05-22T22:42:16.347+0000] {processor.py:840} INFO - DAG(s) 'example_branch_python_operator_decorator' retrieved from /home/airflow/.local/lib/python3.8/site-packages/airflow/example_dags/example_branch_operator_decorator.py
[2024-05-22T22:42:16.375+0000] {logging_mixin.py:188} INFO - [2024-05-22T22:42:16.374+0000] {dag.py:3036} INFO - Sync 1 DAGs
[2024-05-22T22:42:16.397+0000] {logging_mixin.py:188} INFO - [2024-05-22T22:42:16.397+0000] {dag.py:3823} INFO - Setting next_dagrun for example_branch_python_operator_decorator to 2024-05-21 00:00:00+00:00, run_after=2024-05-22 00:00:00+00:00
[2024-05-22T22:42:16.417+0000] {processor.py:183} INFO - Processing /home/airflow/.local/lib/python3.8/site-packages/airflow/example_dags/example_branch_operator_decorator.py took 0.098 seconds
[2024-05-22T22:42:46.937+0000] {processor.py:161} INFO - Started process (PID=52933) to work on /home/airflow/.local/lib/python3.8/site-packages/airflow/example_dags/example_branch_operator_decorator.py
[2024-05-22T22:42:46.939+0000] {processor.py:830} INFO - Processing file /home/airflow/.local/lib/python3.8/site-packages/airflow/example_dags/example_branch_operator_decorator.py for tasks to queue
[2024-05-22T22:42:46.941+0000] {logging_mixin.py:188} INFO - [2024-05-22T22:42:46.940+0000] {dagbag.py:538} INFO - Filling up the DagBag from /home/airflow/.local/lib/python3.8/site-packages/airflow/example_dags/example_branch_operator_decorator.py
[2024-05-22T22:42:46.964+0000] {processor.py:840} INFO - DAG(s) 'example_branch_python_operator_decorator' retrieved from /home/airflow/.local/lib/python3.8/site-packages/airflow/example_dags/example_branch_operator_decorator.py
[2024-05-22T22:42:46.995+0000] {logging_mixin.py:188} INFO - [2024-05-22T22:42:46.995+0000] {dag.py:3036} INFO - Sync 1 DAGs
[2024-05-22T22:42:47.018+0000] {logging_mixin.py:188} INFO - [2024-05-22T22:42:47.018+0000] {dag.py:3823} INFO - Setting next_dagrun for example_branch_python_operator_decorator to 2024-05-21 00:00:00+00:00, run_after=2024-05-22 00:00:00+00:00
[2024-05-22T22:42:47.039+0000] {processor.py:183} INFO - Processing /home/airflow/.local/lib/python3.8/site-packages/airflow/example_dags/example_branch_operator_decorator.py took 0.105 seconds
[2024-05-22T22:43:17.655+0000] {processor.py:161} INFO - Started process (PID=52990) to work on /home/airflow/.local/lib/python3.8/site-packages/airflow/example_dags/example_branch_operator_decorator.py
[2024-05-22T22:43:17.656+0000] {processor.py:830} INFO - Processing file /home/airflow/.local/lib/python3.8/site-packages/airflow/example_dags/example_branch_operator_decorator.py for tasks to queue
[2024-05-22T22:43:17.658+0000] {logging_mixin.py:188} INFO - [2024-05-22T22:43:17.658+0000] {dagbag.py:538} INFO - Filling up the DagBag from /home/airflow/.local/lib/python3.8/site-packages/airflow/example_dags/example_branch_operator_decorator.py
[2024-05-22T22:43:17.690+0000] {processor.py:840} INFO - DAG(s) 'example_branch_python_operator_decorator' retrieved from /home/airflow/.local/lib/python3.8/site-packages/airflow/example_dags/example_branch_operator_decorator.py
[2024-05-22T22:43:17.725+0000] {logging_mixin.py:188} INFO - [2024-05-22T22:43:17.725+0000] {dag.py:3036} INFO - Sync 1 DAGs
[2024-05-22T22:43:17.756+0000] {logging_mixin.py:188} INFO - [2024-05-22T22:43:17.756+0000] {dag.py:3823} INFO - Setting next_dagrun for example_branch_python_operator_decorator to 2024-05-21 00:00:00+00:00, run_after=2024-05-22 00:00:00+00:00
[2024-05-22T22:43:17.792+0000] {processor.py:183} INFO - Processing /home/airflow/.local/lib/python3.8/site-packages/airflow/example_dags/example_branch_operator_decorator.py took 0.141 seconds
[2024-05-22T22:43:48.314+0000] {processor.py:161} INFO - Started process (PID=53047) to work on /home/airflow/.local/lib/python3.8/site-packages/airflow/example_dags/example_branch_operator_decorator.py
[2024-05-22T22:43:48.315+0000] {processor.py:830} INFO - Processing file /home/airflow/.local/lib/python3.8/site-packages/airflow/example_dags/example_branch_operator_decorator.py for tasks to queue
[2024-05-22T22:43:48.317+0000] {logging_mixin.py:188} INFO - [2024-05-22T22:43:48.316+0000] {dagbag.py:538} INFO - Filling up the DagBag from /home/airflow/.local/lib/python3.8/site-packages/airflow/example_dags/example_branch_operator_decorator.py
[2024-05-22T22:43:48.348+0000] {processor.py:840} INFO - DAG(s) 'example_branch_python_operator_decorator' retrieved from /home/airflow/.local/lib/python3.8/site-packages/airflow/example_dags/example_branch_operator_decorator.py
[2024-05-22T22:43:48.380+0000] {logging_mixin.py:188} INFO - [2024-05-22T22:43:48.380+0000] {dag.py:3036} INFO - Sync 1 DAGs
[2024-05-22T22:43:48.406+0000] {logging_mixin.py:188} INFO - [2024-05-22T22:43:48.406+0000] {dag.py:3823} INFO - Setting next_dagrun for example_branch_python_operator_decorator to 2024-05-21 00:00:00+00:00, run_after=2024-05-22 00:00:00+00:00
[2024-05-22T22:43:48.428+0000] {processor.py:183} INFO - Processing /home/airflow/.local/lib/python3.8/site-packages/airflow/example_dags/example_branch_operator_decorator.py took 0.118 seconds
[2024-05-22T22:44:18.500+0000] {processor.py:161} INFO - Started process (PID=53104) to work on /home/airflow/.local/lib/python3.8/site-packages/airflow/example_dags/example_branch_operator_decorator.py
[2024-05-22T22:44:18.501+0000] {processor.py:830} INFO - Processing file /home/airflow/.local/lib/python3.8/site-packages/airflow/example_dags/example_branch_operator_decorator.py for tasks to queue
[2024-05-22T22:44:18.503+0000] {logging_mixin.py:188} INFO - [2024-05-22T22:44:18.502+0000] {dagbag.py:538} INFO - Filling up the DagBag from /home/airflow/.local/lib/python3.8/site-packages/airflow/example_dags/example_branch_operator_decorator.py
[2024-05-22T22:44:18.525+0000] {processor.py:840} INFO - DAG(s) 'example_branch_python_operator_decorator' retrieved from /home/airflow/.local/lib/python3.8/site-packages/airflow/example_dags/example_branch_operator_decorator.py
[2024-05-22T22:44:18.555+0000] {logging_mixin.py:188} INFO - [2024-05-22T22:44:18.554+0000] {dag.py:3036} INFO - Sync 1 DAGs
[2024-05-22T22:44:18.580+0000] {logging_mixin.py:188} INFO - [2024-05-22T22:44:18.579+0000] {dag.py:3823} INFO - Setting next_dagrun for example_branch_python_operator_decorator to 2024-05-21 00:00:00+00:00, run_after=2024-05-22 00:00:00+00:00
[2024-05-22T22:44:18.601+0000] {processor.py:183} INFO - Processing /home/airflow/.local/lib/python3.8/site-packages/airflow/example_dags/example_branch_operator_decorator.py took 0.104 seconds
[2024-05-22T22:44:48.858+0000] {processor.py:161} INFO - Started process (PID=53161) to work on /home/airflow/.local/lib/python3.8/site-packages/airflow/example_dags/example_branch_operator_decorator.py
[2024-05-22T22:44:48.859+0000] {processor.py:830} INFO - Processing file /home/airflow/.local/lib/python3.8/site-packages/airflow/example_dags/example_branch_operator_decorator.py for tasks to queue
[2024-05-22T22:44:48.861+0000] {logging_mixin.py:188} INFO - [2024-05-22T22:44:48.861+0000] {dagbag.py:538} INFO - Filling up the DagBag from /home/airflow/.local/lib/python3.8/site-packages/airflow/example_dags/example_branch_operator_decorator.py
[2024-05-22T22:44:48.883+0000] {processor.py:840} INFO - DAG(s) 'example_branch_python_operator_decorator' retrieved from /home/airflow/.local/lib/python3.8/site-packages/airflow/example_dags/example_branch_operator_decorator.py
[2024-05-22T22:44:48.917+0000] {logging_mixin.py:188} INFO - [2024-05-22T22:44:48.916+0000] {dag.py:3036} INFO - Sync 1 DAGs
[2024-05-22T22:44:48.949+0000] {logging_mixin.py:188} INFO - [2024-05-22T22:44:48.949+0000] {dag.py:3823} INFO - Setting next_dagrun for example_branch_python_operator_decorator to 2024-05-21 00:00:00+00:00, run_after=2024-05-22 00:00:00+00:00
[2024-05-22T22:44:48.977+0000] {processor.py:183} INFO - Processing /home/airflow/.local/lib/python3.8/site-packages/airflow/example_dags/example_branch_operator_decorator.py took 0.123 seconds
[2024-05-22T22:45:19.107+0000] {processor.py:161} INFO - Started process (PID=53219) to work on /home/airflow/.local/lib/python3.8/site-packages/airflow/example_dags/example_branch_operator_decorator.py
[2024-05-22T22:45:19.108+0000] {processor.py:830} INFO - Processing file /home/airflow/.local/lib/python3.8/site-packages/airflow/example_dags/example_branch_operator_decorator.py for tasks to queue
[2024-05-22T22:45:19.111+0000] {logging_mixin.py:188} INFO - [2024-05-22T22:45:19.110+0000] {dagbag.py:538} INFO - Filling up the DagBag from /home/airflow/.local/lib/python3.8/site-packages/airflow/example_dags/example_branch_operator_decorator.py
[2024-05-22T22:45:19.138+0000] {processor.py:840} INFO - DAG(s) 'example_branch_python_operator_decorator' retrieved from /home/airflow/.local/lib/python3.8/site-packages/airflow/example_dags/example_branch_operator_decorator.py
[2024-05-22T22:45:19.170+0000] {logging_mixin.py:188} INFO - [2024-05-22T22:45:19.169+0000] {dag.py:3036} INFO - Sync 1 DAGs
[2024-05-22T22:45:19.196+0000] {logging_mixin.py:188} INFO - [2024-05-22T22:45:19.196+0000] {dag.py:3823} INFO - Setting next_dagrun for example_branch_python_operator_decorator to 2024-05-21 00:00:00+00:00, run_after=2024-05-22 00:00:00+00:00
[2024-05-22T22:45:19.222+0000] {processor.py:183} INFO - Processing /home/airflow/.local/lib/python3.8/site-packages/airflow/example_dags/example_branch_operator_decorator.py took 0.120 seconds
[2024-05-22T22:45:49.505+0000] {processor.py:161} INFO - Started process (PID=53277) to work on /home/airflow/.local/lib/python3.8/site-packages/airflow/example_dags/example_branch_operator_decorator.py
[2024-05-22T22:45:49.506+0000] {processor.py:830} INFO - Processing file /home/airflow/.local/lib/python3.8/site-packages/airflow/example_dags/example_branch_operator_decorator.py for tasks to queue
[2024-05-22T22:45:49.507+0000] {logging_mixin.py:188} INFO - [2024-05-22T22:45:49.507+0000] {dagbag.py:538} INFO - Filling up the DagBag from /home/airflow/.local/lib/python3.8/site-packages/airflow/example_dags/example_branch_operator_decorator.py
[2024-05-22T22:45:49.531+0000] {processor.py:840} INFO - DAG(s) 'example_branch_python_operator_decorator' retrieved from /home/airflow/.local/lib/python3.8/site-packages/airflow/example_dags/example_branch_operator_decorator.py
[2024-05-22T22:45:49.563+0000] {logging_mixin.py:188} INFO - [2024-05-22T22:45:49.563+0000] {dag.py:3036} INFO - Sync 1 DAGs
[2024-05-22T22:45:49.589+0000] {logging_mixin.py:188} INFO - [2024-05-22T22:45:49.589+0000] {dag.py:3823} INFO - Setting next_dagrun for example_branch_python_operator_decorator to 2024-05-21 00:00:00+00:00, run_after=2024-05-22 00:00:00+00:00
[2024-05-22T22:45:49.612+0000] {processor.py:183} INFO - Processing /home/airflow/.local/lib/python3.8/site-packages/airflow/example_dags/example_branch_operator_decorator.py took 0.110 seconds
[2024-05-22T22:46:20.038+0000] {processor.py:161} INFO - Started process (PID=53335) to work on /home/airflow/.local/lib/python3.8/site-packages/airflow/example_dags/example_branch_operator_decorator.py
[2024-05-22T22:46:20.039+0000] {processor.py:830} INFO - Processing file /home/airflow/.local/lib/python3.8/site-packages/airflow/example_dags/example_branch_operator_decorator.py for tasks to queue
[2024-05-22T22:46:20.041+0000] {logging_mixin.py:188} INFO - [2024-05-22T22:46:20.041+0000] {dagbag.py:538} INFO - Filling up the DagBag from /home/airflow/.local/lib/python3.8/site-packages/airflow/example_dags/example_branch_operator_decorator.py
[2024-05-22T22:46:20.071+0000] {processor.py:840} INFO - DAG(s) 'example_branch_python_operator_decorator' retrieved from /home/airflow/.local/lib/python3.8/site-packages/airflow/example_dags/example_branch_operator_decorator.py
[2024-05-22T22:46:20.102+0000] {logging_mixin.py:188} INFO - [2024-05-22T22:46:20.101+0000] {dag.py:3036} INFO - Sync 1 DAGs
[2024-05-22T22:46:20.131+0000] {logging_mixin.py:188} INFO - [2024-05-22T22:46:20.131+0000] {dag.py:3823} INFO - Setting next_dagrun for example_branch_python_operator_decorator to 2024-05-21 00:00:00+00:00, run_after=2024-05-22 00:00:00+00:00
[2024-05-22T22:46:20.157+0000] {processor.py:183} INFO - Processing /home/airflow/.local/lib/python3.8/site-packages/airflow/example_dags/example_branch_operator_decorator.py took 0.123 seconds
[2024-05-22T22:46:50.423+0000] {processor.py:161} INFO - Started process (PID=53392) to work on /home/airflow/.local/lib/python3.8/site-packages/airflow/example_dags/example_branch_operator_decorator.py
[2024-05-22T22:46:50.424+0000] {processor.py:830} INFO - Processing file /home/airflow/.local/lib/python3.8/site-packages/airflow/example_dags/example_branch_operator_decorator.py for tasks to queue
[2024-05-22T22:46:50.426+0000] {logging_mixin.py:188} INFO - [2024-05-22T22:46:50.425+0000] {dagbag.py:538} INFO - Filling up the DagBag from /home/airflow/.local/lib/python3.8/site-packages/airflow/example_dags/example_branch_operator_decorator.py
[2024-05-22T22:46:50.447+0000] {processor.py:840} INFO - DAG(s) 'example_branch_python_operator_decorator' retrieved from /home/airflow/.local/lib/python3.8/site-packages/airflow/example_dags/example_branch_operator_decorator.py
[2024-05-22T22:46:50.478+0000] {logging_mixin.py:188} INFO - [2024-05-22T22:46:50.478+0000] {dag.py:3036} INFO - Sync 1 DAGs
[2024-05-22T22:46:50.502+0000] {logging_mixin.py:188} INFO - [2024-05-22T22:46:50.502+0000] {dag.py:3823} INFO - Setting next_dagrun for example_branch_python_operator_decorator to 2024-05-21 00:00:00+00:00, run_after=2024-05-22 00:00:00+00:00
[2024-05-22T22:46:50.525+0000] {processor.py:183} INFO - Processing /home/airflow/.local/lib/python3.8/site-packages/airflow/example_dags/example_branch_operator_decorator.py took 0.105 seconds
[2024-05-22T22:47:20.911+0000] {processor.py:161} INFO - Started process (PID=53449) to work on /home/airflow/.local/lib/python3.8/site-packages/airflow/example_dags/example_branch_operator_decorator.py
[2024-05-22T22:47:20.911+0000] {processor.py:830} INFO - Processing file /home/airflow/.local/lib/python3.8/site-packages/airflow/example_dags/example_branch_operator_decorator.py for tasks to queue
[2024-05-22T22:47:20.913+0000] {logging_mixin.py:188} INFO - [2024-05-22T22:47:20.913+0000] {dagbag.py:538} INFO - Filling up the DagBag from /home/airflow/.local/lib/python3.8/site-packages/airflow/example_dags/example_branch_operator_decorator.py
[2024-05-22T22:47:20.935+0000] {processor.py:840} INFO - DAG(s) 'example_branch_python_operator_decorator' retrieved from /home/airflow/.local/lib/python3.8/site-packages/airflow/example_dags/example_branch_operator_decorator.py
[2024-05-22T22:47:20.964+0000] {logging_mixin.py:188} INFO - [2024-05-22T22:47:20.964+0000] {dag.py:3036} INFO - Sync 1 DAGs
[2024-05-22T22:47:20.987+0000] {logging_mixin.py:188} INFO - [2024-05-22T22:47:20.987+0000] {dag.py:3823} INFO - Setting next_dagrun for example_branch_python_operator_decorator to 2024-05-21 00:00:00+00:00, run_after=2024-05-22 00:00:00+00:00
[2024-05-22T22:47:21.008+0000] {processor.py:183} INFO - Processing /home/airflow/.local/lib/python3.8/site-packages/airflow/example_dags/example_branch_operator_decorator.py took 0.100 seconds
[2024-05-22T22:47:51.299+0000] {processor.py:161} INFO - Started process (PID=53507) to work on /home/airflow/.local/lib/python3.8/site-packages/airflow/example_dags/example_branch_operator_decorator.py
[2024-05-22T22:47:51.300+0000] {processor.py:830} INFO - Processing file /home/airflow/.local/lib/python3.8/site-packages/airflow/example_dags/example_branch_operator_decorator.py for tasks to queue
[2024-05-22T22:47:51.302+0000] {logging_mixin.py:188} INFO - [2024-05-22T22:47:51.302+0000] {dagbag.py:538} INFO - Filling up the DagBag from /home/airflow/.local/lib/python3.8/site-packages/airflow/example_dags/example_branch_operator_decorator.py
[2024-05-22T22:47:51.324+0000] {processor.py:840} INFO - DAG(s) 'example_branch_python_operator_decorator' retrieved from /home/airflow/.local/lib/python3.8/site-packages/airflow/example_dags/example_branch_operator_decorator.py
[2024-05-22T22:47:51.354+0000] {logging_mixin.py:188} INFO - [2024-05-22T22:47:51.353+0000] {dag.py:3036} INFO - Sync 1 DAGs
[2024-05-22T22:47:51.379+0000] {logging_mixin.py:188} INFO - [2024-05-22T22:47:51.378+0000] {dag.py:3823} INFO - Setting next_dagrun for example_branch_python_operator_decorator to 2024-05-21 00:00:00+00:00, run_after=2024-05-22 00:00:00+00:00
[2024-05-22T22:47:51.400+0000] {processor.py:183} INFO - Processing /home/airflow/.local/lib/python3.8/site-packages/airflow/example_dags/example_branch_operator_decorator.py took 0.103 seconds
[2024-05-22T22:48:21.971+0000] {processor.py:161} INFO - Started process (PID=53564) to work on /home/airflow/.local/lib/python3.8/site-packages/airflow/example_dags/example_branch_operator_decorator.py
[2024-05-22T22:48:21.972+0000] {processor.py:830} INFO - Processing file /home/airflow/.local/lib/python3.8/site-packages/airflow/example_dags/example_branch_operator_decorator.py for tasks to queue
[2024-05-22T22:48:21.974+0000] {logging_mixin.py:188} INFO - [2024-05-22T22:48:21.973+0000] {dagbag.py:538} INFO - Filling up the DagBag from /home/airflow/.local/lib/python3.8/site-packages/airflow/example_dags/example_branch_operator_decorator.py
[2024-05-22T22:48:21.997+0000] {processor.py:840} INFO - DAG(s) 'example_branch_python_operator_decorator' retrieved from /home/airflow/.local/lib/python3.8/site-packages/airflow/example_dags/example_branch_operator_decorator.py
[2024-05-22T22:48:22.027+0000] {logging_mixin.py:188} INFO - [2024-05-22T22:48:22.027+0000] {dag.py:3036} INFO - Sync 1 DAGs
[2024-05-22T22:48:22.051+0000] {logging_mixin.py:188} INFO - [2024-05-22T22:48:22.051+0000] {dag.py:3823} INFO - Setting next_dagrun for example_branch_python_operator_decorator to 2024-05-21 00:00:00+00:00, run_after=2024-05-22 00:00:00+00:00
[2024-05-22T22:48:22.073+0000] {processor.py:183} INFO - Processing /home/airflow/.local/lib/python3.8/site-packages/airflow/example_dags/example_branch_operator_decorator.py took 0.104 seconds
[2024-05-22T22:48:52.374+0000] {processor.py:161} INFO - Started process (PID=53621) to work on /home/airflow/.local/lib/python3.8/site-packages/airflow/example_dags/example_branch_operator_decorator.py
[2024-05-22T22:48:52.375+0000] {processor.py:830} INFO - Processing file /home/airflow/.local/lib/python3.8/site-packages/airflow/example_dags/example_branch_operator_decorator.py for tasks to queue
[2024-05-22T22:48:52.377+0000] {logging_mixin.py:188} INFO - [2024-05-22T22:48:52.377+0000] {dagbag.py:538} INFO - Filling up the DagBag from /home/airflow/.local/lib/python3.8/site-packages/airflow/example_dags/example_branch_operator_decorator.py
[2024-05-22T22:48:52.403+0000] {processor.py:840} INFO - DAG(s) 'example_branch_python_operator_decorator' retrieved from /home/airflow/.local/lib/python3.8/site-packages/airflow/example_dags/example_branch_operator_decorator.py
[2024-05-22T22:48:52.438+0000] {logging_mixin.py:188} INFO - [2024-05-22T22:48:52.437+0000] {dag.py:3036} INFO - Sync 1 DAGs
[2024-05-22T22:48:52.466+0000] {logging_mixin.py:188} INFO - [2024-05-22T22:48:52.466+0000] {dag.py:3823} INFO - Setting next_dagrun for example_branch_python_operator_decorator to 2024-05-21 00:00:00+00:00, run_after=2024-05-22 00:00:00+00:00
[2024-05-22T22:48:52.491+0000] {processor.py:183} INFO - Processing /home/airflow/.local/lib/python3.8/site-packages/airflow/example_dags/example_branch_operator_decorator.py took 0.119 seconds
[2024-05-22T22:49:22.769+0000] {processor.py:161} INFO - Started process (PID=53678) to work on /home/airflow/.local/lib/python3.8/site-packages/airflow/example_dags/example_branch_operator_decorator.py
[2024-05-22T22:49:22.769+0000] {processor.py:830} INFO - Processing file /home/airflow/.local/lib/python3.8/site-packages/airflow/example_dags/example_branch_operator_decorator.py for tasks to queue
[2024-05-22T22:49:22.771+0000] {logging_mixin.py:188} INFO - [2024-05-22T22:49:22.771+0000] {dagbag.py:538} INFO - Filling up the DagBag from /home/airflow/.local/lib/python3.8/site-packages/airflow/example_dags/example_branch_operator_decorator.py
[2024-05-22T22:49:22.795+0000] {processor.py:840} INFO - DAG(s) 'example_branch_python_operator_decorator' retrieved from /home/airflow/.local/lib/python3.8/site-packages/airflow/example_dags/example_branch_operator_decorator.py
[2024-05-22T22:49:22.823+0000] {logging_mixin.py:188} INFO - [2024-05-22T22:49:22.823+0000] {dag.py:3036} INFO - Sync 1 DAGs
[2024-05-22T22:49:22.848+0000] {logging_mixin.py:188} INFO - [2024-05-22T22:49:22.848+0000] {dag.py:3823} INFO - Setting next_dagrun for example_branch_python_operator_decorator to 2024-05-21 00:00:00+00:00, run_after=2024-05-22 00:00:00+00:00
[2024-05-22T22:49:22.871+0000] {processor.py:183} INFO - Processing /home/airflow/.local/lib/python3.8/site-packages/airflow/example_dags/example_branch_operator_decorator.py took 0.105 seconds
[2024-05-22T22:49:53.190+0000] {processor.py:161} INFO - Started process (PID=53735) to work on /home/airflow/.local/lib/python3.8/site-packages/airflow/example_dags/example_branch_operator_decorator.py
[2024-05-22T22:49:53.192+0000] {processor.py:830} INFO - Processing file /home/airflow/.local/lib/python3.8/site-packages/airflow/example_dags/example_branch_operator_decorator.py for tasks to queue
[2024-05-22T22:49:53.194+0000] {logging_mixin.py:188} INFO - [2024-05-22T22:49:53.193+0000] {dagbag.py:538} INFO - Filling up the DagBag from /home/airflow/.local/lib/python3.8/site-packages/airflow/example_dags/example_branch_operator_decorator.py
[2024-05-22T22:49:53.219+0000] {processor.py:840} INFO - DAG(s) 'example_branch_python_operator_decorator' retrieved from /home/airflow/.local/lib/python3.8/site-packages/airflow/example_dags/example_branch_operator_decorator.py
[2024-05-22T22:49:53.250+0000] {logging_mixin.py:188} INFO - [2024-05-22T22:49:53.249+0000] {dag.py:3036} INFO - Sync 1 DAGs
[2024-05-22T22:49:53.275+0000] {logging_mixin.py:188} INFO - [2024-05-22T22:49:53.275+0000] {dag.py:3823} INFO - Setting next_dagrun for example_branch_python_operator_decorator to 2024-05-21 00:00:00+00:00, run_after=2024-05-22 00:00:00+00:00
[2024-05-22T22:49:53.300+0000] {processor.py:183} INFO - Processing /home/airflow/.local/lib/python3.8/site-packages/airflow/example_dags/example_branch_operator_decorator.py took 0.114 seconds
[2024-05-22T22:50:23.654+0000] {processor.py:161} INFO - Started process (PID=53792) to work on /home/airflow/.local/lib/python3.8/site-packages/airflow/example_dags/example_branch_operator_decorator.py
[2024-05-22T22:50:23.655+0000] {processor.py:830} INFO - Processing file /home/airflow/.local/lib/python3.8/site-packages/airflow/example_dags/example_branch_operator_decorator.py for tasks to queue
[2024-05-22T22:50:23.657+0000] {logging_mixin.py:188} INFO - [2024-05-22T22:50:23.657+0000] {dagbag.py:538} INFO - Filling up the DagBag from /home/airflow/.local/lib/python3.8/site-packages/airflow/example_dags/example_branch_operator_decorator.py
[2024-05-22T22:50:23.684+0000] {processor.py:840} INFO - DAG(s) 'example_branch_python_operator_decorator' retrieved from /home/airflow/.local/lib/python3.8/site-packages/airflow/example_dags/example_branch_operator_decorator.py
[2024-05-22T22:50:23.717+0000] {logging_mixin.py:188} INFO - [2024-05-22T22:50:23.717+0000] {dag.py:3036} INFO - Sync 1 DAGs
[2024-05-22T22:50:23.744+0000] {logging_mixin.py:188} INFO - [2024-05-22T22:50:23.743+0000] {dag.py:3823} INFO - Setting next_dagrun for example_branch_python_operator_decorator to 2024-05-21 00:00:00+00:00, run_after=2024-05-22 00:00:00+00:00
[2024-05-22T22:50:23.772+0000] {processor.py:183} INFO - Processing /home/airflow/.local/lib/python3.8/site-packages/airflow/example_dags/example_branch_operator_decorator.py took 0.122 seconds
[2024-05-22T22:50:54.087+0000] {processor.py:161} INFO - Started process (PID=53847) to work on /home/airflow/.local/lib/python3.8/site-packages/airflow/example_dags/example_branch_operator_decorator.py
[2024-05-22T22:50:54.088+0000] {processor.py:830} INFO - Processing file /home/airflow/.local/lib/python3.8/site-packages/airflow/example_dags/example_branch_operator_decorator.py for tasks to queue
[2024-05-22T22:50:54.089+0000] {logging_mixin.py:188} INFO - [2024-05-22T22:50:54.089+0000] {dagbag.py:538} INFO - Filling up the DagBag from /home/airflow/.local/lib/python3.8/site-packages/airflow/example_dags/example_branch_operator_decorator.py
[2024-05-22T22:50:54.110+0000] {processor.py:840} INFO - DAG(s) 'example_branch_python_operator_decorator' retrieved from /home/airflow/.local/lib/python3.8/site-packages/airflow/example_dags/example_branch_operator_decorator.py
[2024-05-22T22:50:54.139+0000] {logging_mixin.py:188} INFO - [2024-05-22T22:50:54.139+0000] {dag.py:3036} INFO - Sync 1 DAGs
[2024-05-22T22:50:54.163+0000] {logging_mixin.py:188} INFO - [2024-05-22T22:50:54.163+0000] {dag.py:3823} INFO - Setting next_dagrun for example_branch_python_operator_decorator to 2024-05-21 00:00:00+00:00, run_after=2024-05-22 00:00:00+00:00
[2024-05-22T22:50:54.183+0000] {processor.py:183} INFO - Processing /home/airflow/.local/lib/python3.8/site-packages/airflow/example_dags/example_branch_operator_decorator.py took 0.099 seconds
[2024-05-22T22:51:24.498+0000] {processor.py:161} INFO - Started process (PID=53904) to work on /home/airflow/.local/lib/python3.8/site-packages/airflow/example_dags/example_branch_operator_decorator.py
[2024-05-22T22:51:24.499+0000] {processor.py:830} INFO - Processing file /home/airflow/.local/lib/python3.8/site-packages/airflow/example_dags/example_branch_operator_decorator.py for tasks to queue
[2024-05-22T22:51:24.501+0000] {logging_mixin.py:188} INFO - [2024-05-22T22:51:24.500+0000] {dagbag.py:538} INFO - Filling up the DagBag from /home/airflow/.local/lib/python3.8/site-packages/airflow/example_dags/example_branch_operator_decorator.py
[2024-05-22T22:51:24.524+0000] {processor.py:840} INFO - DAG(s) 'example_branch_python_operator_decorator' retrieved from /home/airflow/.local/lib/python3.8/site-packages/airflow/example_dags/example_branch_operator_decorator.py
[2024-05-22T22:51:24.554+0000] {logging_mixin.py:188} INFO - [2024-05-22T22:51:24.554+0000] {dag.py:3036} INFO - Sync 1 DAGs
[2024-05-22T22:51:24.581+0000] {logging_mixin.py:188} INFO - [2024-05-22T22:51:24.580+0000] {dag.py:3823} INFO - Setting next_dagrun for example_branch_python_operator_decorator to 2024-05-21 00:00:00+00:00, run_after=2024-05-22 00:00:00+00:00
[2024-05-22T22:51:24.610+0000] {processor.py:183} INFO - Processing /home/airflow/.local/lib/python3.8/site-packages/airflow/example_dags/example_branch_operator_decorator.py took 0.116 seconds
[2024-05-22T22:51:54.780+0000] {processor.py:161} INFO - Started process (PID=53961) to work on /home/airflow/.local/lib/python3.8/site-packages/airflow/example_dags/example_branch_operator_decorator.py
[2024-05-22T22:51:54.781+0000] {processor.py:830} INFO - Processing file /home/airflow/.local/lib/python3.8/site-packages/airflow/example_dags/example_branch_operator_decorator.py for tasks to queue
[2024-05-22T22:51:54.783+0000] {logging_mixin.py:188} INFO - [2024-05-22T22:51:54.783+0000] {dagbag.py:538} INFO - Filling up the DagBag from /home/airflow/.local/lib/python3.8/site-packages/airflow/example_dags/example_branch_operator_decorator.py
[2024-05-22T22:51:54.810+0000] {processor.py:840} INFO - DAG(s) 'example_branch_python_operator_decorator' retrieved from /home/airflow/.local/lib/python3.8/site-packages/airflow/example_dags/example_branch_operator_decorator.py
[2024-05-22T22:51:54.841+0000] {logging_mixin.py:188} INFO - [2024-05-22T22:51:54.841+0000] {dag.py:3036} INFO - Sync 1 DAGs
[2024-05-22T22:51:54.866+0000] {logging_mixin.py:188} INFO - [2024-05-22T22:51:54.866+0000] {dag.py:3823} INFO - Setting next_dagrun for example_branch_python_operator_decorator to 2024-05-21 00:00:00+00:00, run_after=2024-05-22 00:00:00+00:00
[2024-05-22T22:51:54.888+0000] {processor.py:183} INFO - Processing /home/airflow/.local/lib/python3.8/site-packages/airflow/example_dags/example_branch_operator_decorator.py took 0.111 seconds
[2024-05-22T22:52:25.127+0000] {processor.py:161} INFO - Started process (PID=54018) to work on /home/airflow/.local/lib/python3.8/site-packages/airflow/example_dags/example_branch_operator_decorator.py
[2024-05-22T22:52:25.128+0000] {processor.py:830} INFO - Processing file /home/airflow/.local/lib/python3.8/site-packages/airflow/example_dags/example_branch_operator_decorator.py for tasks to queue
[2024-05-22T22:52:25.130+0000] {logging_mixin.py:188} INFO - [2024-05-22T22:52:25.129+0000] {dagbag.py:538} INFO - Filling up the DagBag from /home/airflow/.local/lib/python3.8/site-packages/airflow/example_dags/example_branch_operator_decorator.py
[2024-05-22T22:52:25.155+0000] {processor.py:840} INFO - DAG(s) 'example_branch_python_operator_decorator' retrieved from /home/airflow/.local/lib/python3.8/site-packages/airflow/example_dags/example_branch_operator_decorator.py
[2024-05-22T22:52:25.188+0000] {logging_mixin.py:188} INFO - [2024-05-22T22:52:25.187+0000] {dag.py:3036} INFO - Sync 1 DAGs
[2024-05-22T22:52:25.210+0000] {logging_mixin.py:188} INFO - [2024-05-22T22:52:25.210+0000] {dag.py:3823} INFO - Setting next_dagrun for example_branch_python_operator_decorator to 2024-05-21 00:00:00+00:00, run_after=2024-05-22 00:00:00+00:00
[2024-05-22T22:52:25.235+0000] {processor.py:183} INFO - Processing /home/airflow/.local/lib/python3.8/site-packages/airflow/example_dags/example_branch_operator_decorator.py took 0.112 seconds
[2024-05-22T22:52:55.429+0000] {processor.py:161} INFO - Started process (PID=54076) to work on /home/airflow/.local/lib/python3.8/site-packages/airflow/example_dags/example_branch_operator_decorator.py
[2024-05-22T22:52:55.430+0000] {processor.py:830} INFO - Processing file /home/airflow/.local/lib/python3.8/site-packages/airflow/example_dags/example_branch_operator_decorator.py for tasks to queue
[2024-05-22T22:52:55.432+0000] {logging_mixin.py:188} INFO - [2024-05-22T22:52:55.432+0000] {dagbag.py:538} INFO - Filling up the DagBag from /home/airflow/.local/lib/python3.8/site-packages/airflow/example_dags/example_branch_operator_decorator.py
[2024-05-22T22:52:55.454+0000] {processor.py:840} INFO - DAG(s) 'example_branch_python_operator_decorator' retrieved from /home/airflow/.local/lib/python3.8/site-packages/airflow/example_dags/example_branch_operator_decorator.py
[2024-05-22T22:52:55.484+0000] {logging_mixin.py:188} INFO - [2024-05-22T22:52:55.484+0000] {dag.py:3036} INFO - Sync 1 DAGs
[2024-05-22T22:52:55.509+0000] {logging_mixin.py:188} INFO - [2024-05-22T22:52:55.508+0000] {dag.py:3823} INFO - Setting next_dagrun for example_branch_python_operator_decorator to 2024-05-21 00:00:00+00:00, run_after=2024-05-22 00:00:00+00:00
[2024-05-22T22:52:55.529+0000] {processor.py:183} INFO - Processing /home/airflow/.local/lib/python3.8/site-packages/airflow/example_dags/example_branch_operator_decorator.py took 0.103 seconds
[2024-05-22T22:53:25.893+0000] {processor.py:161} INFO - Started process (PID=54133) to work on /home/airflow/.local/lib/python3.8/site-packages/airflow/example_dags/example_branch_operator_decorator.py
[2024-05-22T22:53:25.894+0000] {processor.py:830} INFO - Processing file /home/airflow/.local/lib/python3.8/site-packages/airflow/example_dags/example_branch_operator_decorator.py for tasks to queue
[2024-05-22T22:53:25.896+0000] {logging_mixin.py:188} INFO - [2024-05-22T22:53:25.896+0000] {dagbag.py:538} INFO - Filling up the DagBag from /home/airflow/.local/lib/python3.8/site-packages/airflow/example_dags/example_branch_operator_decorator.py
[2024-05-22T22:53:25.919+0000] {processor.py:840} INFO - DAG(s) 'example_branch_python_operator_decorator' retrieved from /home/airflow/.local/lib/python3.8/site-packages/airflow/example_dags/example_branch_operator_decorator.py
[2024-05-22T22:53:25.948+0000] {logging_mixin.py:188} INFO - [2024-05-22T22:53:25.947+0000] {dag.py:3036} INFO - Sync 1 DAGs
[2024-05-22T22:53:25.978+0000] {logging_mixin.py:188} INFO - [2024-05-22T22:53:25.978+0000] {dag.py:3823} INFO - Setting next_dagrun for example_branch_python_operator_decorator to 2024-05-21 00:00:00+00:00, run_after=2024-05-22 00:00:00+00:00
[2024-05-22T22:53:26.006+0000] {processor.py:183} INFO - Processing /home/airflow/.local/lib/python3.8/site-packages/airflow/example_dags/example_branch_operator_decorator.py took 0.114 seconds
[2024-05-22T22:53:56.232+0000] {processor.py:161} INFO - Started process (PID=54190) to work on /home/airflow/.local/lib/python3.8/site-packages/airflow/example_dags/example_branch_operator_decorator.py
[2024-05-22T22:53:56.233+0000] {processor.py:830} INFO - Processing file /home/airflow/.local/lib/python3.8/site-packages/airflow/example_dags/example_branch_operator_decorator.py for tasks to queue
[2024-05-22T22:53:56.235+0000] {logging_mixin.py:188} INFO - [2024-05-22T22:53:56.235+0000] {dagbag.py:538} INFO - Filling up the DagBag from /home/airflow/.local/lib/python3.8/site-packages/airflow/example_dags/example_branch_operator_decorator.py
[2024-05-22T22:53:56.262+0000] {processor.py:840} INFO - DAG(s) 'example_branch_python_operator_decorator' retrieved from /home/airflow/.local/lib/python3.8/site-packages/airflow/example_dags/example_branch_operator_decorator.py
[2024-05-22T22:53:56.295+0000] {logging_mixin.py:188} INFO - [2024-05-22T22:53:56.294+0000] {dag.py:3036} INFO - Sync 1 DAGs
[2024-05-22T22:53:56.327+0000] {logging_mixin.py:188} INFO - [2024-05-22T22:53:56.327+0000] {dag.py:3823} INFO - Setting next_dagrun for example_branch_python_operator_decorator to 2024-05-21 00:00:00+00:00, run_after=2024-05-22 00:00:00+00:00
[2024-05-22T22:53:56.353+0000] {processor.py:183} INFO - Processing /home/airflow/.local/lib/python3.8/site-packages/airflow/example_dags/example_branch_operator_decorator.py took 0.124 seconds
[2024-05-22T22:54:26.748+0000] {processor.py:161} INFO - Started process (PID=54247) to work on /home/airflow/.local/lib/python3.8/site-packages/airflow/example_dags/example_branch_operator_decorator.py
[2024-05-22T22:54:26.749+0000] {processor.py:830} INFO - Processing file /home/airflow/.local/lib/python3.8/site-packages/airflow/example_dags/example_branch_operator_decorator.py for tasks to queue
[2024-05-22T22:54:26.751+0000] {logging_mixin.py:188} INFO - [2024-05-22T22:54:26.750+0000] {dagbag.py:538} INFO - Filling up the DagBag from /home/airflow/.local/lib/python3.8/site-packages/airflow/example_dags/example_branch_operator_decorator.py
[2024-05-22T22:54:26.773+0000] {processor.py:840} INFO - DAG(s) 'example_branch_python_operator_decorator' retrieved from /home/airflow/.local/lib/python3.8/site-packages/airflow/example_dags/example_branch_operator_decorator.py
[2024-05-22T22:54:26.803+0000] {logging_mixin.py:188} INFO - [2024-05-22T22:54:26.803+0000] {dag.py:3036} INFO - Sync 1 DAGs
[2024-05-22T22:54:26.834+0000] {logging_mixin.py:188} INFO - [2024-05-22T22:54:26.833+0000] {dag.py:3823} INFO - Setting next_dagrun for example_branch_python_operator_decorator to 2024-05-21 00:00:00+00:00, run_after=2024-05-22 00:00:00+00:00
[2024-05-22T22:54:26.858+0000] {processor.py:183} INFO - Processing /home/airflow/.local/lib/python3.8/site-packages/airflow/example_dags/example_branch_operator_decorator.py took 0.113 seconds
[2024-05-22T22:54:57.085+0000] {processor.py:161} INFO - Started process (PID=54304) to work on /home/airflow/.local/lib/python3.8/site-packages/airflow/example_dags/example_branch_operator_decorator.py
[2024-05-22T22:54:57.086+0000] {processor.py:830} INFO - Processing file /home/airflow/.local/lib/python3.8/site-packages/airflow/example_dags/example_branch_operator_decorator.py for tasks to queue
[2024-05-22T22:54:57.087+0000] {logging_mixin.py:188} INFO - [2024-05-22T22:54:57.087+0000] {dagbag.py:538} INFO - Filling up the DagBag from /home/airflow/.local/lib/python3.8/site-packages/airflow/example_dags/example_branch_operator_decorator.py
[2024-05-22T22:54:57.115+0000] {processor.py:840} INFO - DAG(s) 'example_branch_python_operator_decorator' retrieved from /home/airflow/.local/lib/python3.8/site-packages/airflow/example_dags/example_branch_operator_decorator.py
[2024-05-22T22:54:57.148+0000] {logging_mixin.py:188} INFO - [2024-05-22T22:54:57.147+0000] {dag.py:3036} INFO - Sync 1 DAGs
[2024-05-22T22:54:57.178+0000] {logging_mixin.py:188} INFO - [2024-05-22T22:54:57.178+0000] {dag.py:3823} INFO - Setting next_dagrun for example_branch_python_operator_decorator to 2024-05-21 00:00:00+00:00, run_after=2024-05-22 00:00:00+00:00
[2024-05-22T22:54:57.206+0000] {processor.py:183} INFO - Processing /home/airflow/.local/lib/python3.8/site-packages/airflow/example_dags/example_branch_operator_decorator.py took 0.124 seconds
[2024-05-22T22:55:27.587+0000] {processor.py:161} INFO - Started process (PID=54361) to work on /home/airflow/.local/lib/python3.8/site-packages/airflow/example_dags/example_branch_operator_decorator.py
[2024-05-22T22:55:27.588+0000] {processor.py:830} INFO - Processing file /home/airflow/.local/lib/python3.8/site-packages/airflow/example_dags/example_branch_operator_decorator.py for tasks to queue
[2024-05-22T22:55:27.590+0000] {logging_mixin.py:188} INFO - [2024-05-22T22:55:27.590+0000] {dagbag.py:538} INFO - Filling up the DagBag from /home/airflow/.local/lib/python3.8/site-packages/airflow/example_dags/example_branch_operator_decorator.py
[2024-05-22T22:55:27.624+0000] {processor.py:840} INFO - DAG(s) 'example_branch_python_operator_decorator' retrieved from /home/airflow/.local/lib/python3.8/site-packages/airflow/example_dags/example_branch_operator_decorator.py
[2024-05-22T22:55:27.659+0000] {logging_mixin.py:188} INFO - [2024-05-22T22:55:27.659+0000] {dag.py:3036} INFO - Sync 1 DAGs
[2024-05-22T22:55:27.683+0000] {logging_mixin.py:188} INFO - [2024-05-22T22:55:27.683+0000] {dag.py:3823} INFO - Setting next_dagrun for example_branch_python_operator_decorator to 2024-05-21 00:00:00+00:00, run_after=2024-05-22 00:00:00+00:00
[2024-05-22T22:55:27.709+0000] {processor.py:183} INFO - Processing /home/airflow/.local/lib/python3.8/site-packages/airflow/example_dags/example_branch_operator_decorator.py took 0.126 seconds
[2024-05-22T22:55:58.417+0000] {processor.py:161} INFO - Started process (PID=54418) to work on /home/airflow/.local/lib/python3.8/site-packages/airflow/example_dags/example_branch_operator_decorator.py
[2024-05-22T22:55:58.419+0000] {processor.py:830} INFO - Processing file /home/airflow/.local/lib/python3.8/site-packages/airflow/example_dags/example_branch_operator_decorator.py for tasks to queue
[2024-05-22T22:55:58.422+0000] {logging_mixin.py:188} INFO - [2024-05-22T22:55:58.421+0000] {dagbag.py:538} INFO - Filling up the DagBag from /home/airflow/.local/lib/python3.8/site-packages/airflow/example_dags/example_branch_operator_decorator.py
[2024-05-22T22:55:58.454+0000] {processor.py:840} INFO - DAG(s) 'example_branch_python_operator_decorator' retrieved from /home/airflow/.local/lib/python3.8/site-packages/airflow/example_dags/example_branch_operator_decorator.py
[2024-05-22T22:55:58.496+0000] {logging_mixin.py:188} INFO - [2024-05-22T22:55:58.495+0000] {dag.py:3036} INFO - Sync 1 DAGs
[2024-05-22T22:55:58.534+0000] {logging_mixin.py:188} INFO - [2024-05-22T22:55:58.533+0000] {dag.py:3823} INFO - Setting next_dagrun for example_branch_python_operator_decorator to 2024-05-21 00:00:00+00:00, run_after=2024-05-22 00:00:00+00:00
[2024-05-22T22:55:58.565+0000] {processor.py:183} INFO - Processing /home/airflow/.local/lib/python3.8/site-packages/airflow/example_dags/example_branch_operator_decorator.py took 0.152 seconds
[2024-05-22T22:56:28.863+0000] {processor.py:161} INFO - Started process (PID=54475) to work on /home/airflow/.local/lib/python3.8/site-packages/airflow/example_dags/example_branch_operator_decorator.py
[2024-05-22T22:56:28.864+0000] {processor.py:830} INFO - Processing file /home/airflow/.local/lib/python3.8/site-packages/airflow/example_dags/example_branch_operator_decorator.py for tasks to queue
[2024-05-22T22:56:28.866+0000] {logging_mixin.py:188} INFO - [2024-05-22T22:56:28.866+0000] {dagbag.py:538} INFO - Filling up the DagBag from /home/airflow/.local/lib/python3.8/site-packages/airflow/example_dags/example_branch_operator_decorator.py
[2024-05-22T22:56:28.892+0000] {processor.py:840} INFO - DAG(s) 'example_branch_python_operator_decorator' retrieved from /home/airflow/.local/lib/python3.8/site-packages/airflow/example_dags/example_branch_operator_decorator.py
[2024-05-22T22:56:28.924+0000] {logging_mixin.py:188} INFO - [2024-05-22T22:56:28.924+0000] {dag.py:3036} INFO - Sync 1 DAGs
[2024-05-22T22:56:28.951+0000] {logging_mixin.py:188} INFO - [2024-05-22T22:56:28.950+0000] {dag.py:3823} INFO - Setting next_dagrun for example_branch_python_operator_decorator to 2024-05-21 00:00:00+00:00, run_after=2024-05-22 00:00:00+00:00
[2024-05-22T22:56:28.970+0000] {processor.py:183} INFO - Processing /home/airflow/.local/lib/python3.8/site-packages/airflow/example_dags/example_branch_operator_decorator.py took 0.110 seconds
[2024-05-22T22:56:59.342+0000] {processor.py:161} INFO - Started process (PID=54532) to work on /home/airflow/.local/lib/python3.8/site-packages/airflow/example_dags/example_branch_operator_decorator.py
[2024-05-22T22:56:59.343+0000] {processor.py:830} INFO - Processing file /home/airflow/.local/lib/python3.8/site-packages/airflow/example_dags/example_branch_operator_decorator.py for tasks to queue
[2024-05-22T22:56:59.345+0000] {logging_mixin.py:188} INFO - [2024-05-22T22:56:59.345+0000] {dagbag.py:538} INFO - Filling up the DagBag from /home/airflow/.local/lib/python3.8/site-packages/airflow/example_dags/example_branch_operator_decorator.py
[2024-05-22T22:56:59.374+0000] {processor.py:840} INFO - DAG(s) 'example_branch_python_operator_decorator' retrieved from /home/airflow/.local/lib/python3.8/site-packages/airflow/example_dags/example_branch_operator_decorator.py
[2024-05-22T22:56:59.405+0000] {logging_mixin.py:188} INFO - [2024-05-22T22:56:59.404+0000] {dag.py:3036} INFO - Sync 1 DAGs
[2024-05-22T22:56:59.434+0000] {logging_mixin.py:188} INFO - [2024-05-22T22:56:59.434+0000] {dag.py:3823} INFO - Setting next_dagrun for example_branch_python_operator_decorator to 2024-05-21 00:00:00+00:00, run_after=2024-05-22 00:00:00+00:00
[2024-05-22T22:56:59.459+0000] {processor.py:183} INFO - Processing /home/airflow/.local/lib/python3.8/site-packages/airflow/example_dags/example_branch_operator_decorator.py took 0.121 seconds
[2024-05-22T22:57:29.799+0000] {processor.py:161} INFO - Started process (PID=54589) to work on /home/airflow/.local/lib/python3.8/site-packages/airflow/example_dags/example_branch_operator_decorator.py
[2024-05-22T22:57:29.800+0000] {processor.py:830} INFO - Processing file /home/airflow/.local/lib/python3.8/site-packages/airflow/example_dags/example_branch_operator_decorator.py for tasks to queue
[2024-05-22T22:57:29.802+0000] {logging_mixin.py:188} INFO - [2024-05-22T22:57:29.801+0000] {dagbag.py:538} INFO - Filling up the DagBag from /home/airflow/.local/lib/python3.8/site-packages/airflow/example_dags/example_branch_operator_decorator.py
[2024-05-22T22:57:29.824+0000] {processor.py:840} INFO - DAG(s) 'example_branch_python_operator_decorator' retrieved from /home/airflow/.local/lib/python3.8/site-packages/airflow/example_dags/example_branch_operator_decorator.py
[2024-05-22T22:57:29.858+0000] {logging_mixin.py:188} INFO - [2024-05-22T22:57:29.858+0000] {dag.py:3036} INFO - Sync 1 DAGs
[2024-05-22T22:57:29.883+0000] {logging_mixin.py:188} INFO - [2024-05-22T22:57:29.883+0000] {dag.py:3823} INFO - Setting next_dagrun for example_branch_python_operator_decorator to 2024-05-21 00:00:00+00:00, run_after=2024-05-22 00:00:00+00:00
[2024-05-22T22:57:29.907+0000] {processor.py:183} INFO - Processing /home/airflow/.local/lib/python3.8/site-packages/airflow/example_dags/example_branch_operator_decorator.py took 0.111 seconds
[2024-05-22T22:58:00.172+0000] {processor.py:161} INFO - Started process (PID=54646) to work on /home/airflow/.local/lib/python3.8/site-packages/airflow/example_dags/example_branch_operator_decorator.py
[2024-05-22T22:58:00.173+0000] {processor.py:830} INFO - Processing file /home/airflow/.local/lib/python3.8/site-packages/airflow/example_dags/example_branch_operator_decorator.py for tasks to queue
[2024-05-22T22:58:00.174+0000] {logging_mixin.py:188} INFO - [2024-05-22T22:58:00.174+0000] {dagbag.py:538} INFO - Filling up the DagBag from /home/airflow/.local/lib/python3.8/site-packages/airflow/example_dags/example_branch_operator_decorator.py
[2024-05-22T22:58:00.199+0000] {processor.py:840} INFO - DAG(s) 'example_branch_python_operator_decorator' retrieved from /home/airflow/.local/lib/python3.8/site-packages/airflow/example_dags/example_branch_operator_decorator.py
[2024-05-22T22:58:00.231+0000] {logging_mixin.py:188} INFO - [2024-05-22T22:58:00.230+0000] {dag.py:3036} INFO - Sync 1 DAGs
[2024-05-22T22:58:00.258+0000] {logging_mixin.py:188} INFO - [2024-05-22T22:58:00.258+0000] {dag.py:3823} INFO - Setting next_dagrun for example_branch_python_operator_decorator to 2024-05-21 00:00:00+00:00, run_after=2024-05-22 00:00:00+00:00
[2024-05-22T22:58:00.283+0000] {processor.py:183} INFO - Processing /home/airflow/.local/lib/python3.8/site-packages/airflow/example_dags/example_branch_operator_decorator.py took 0.115 seconds
[2024-05-22T22:58:30.548+0000] {processor.py:161} INFO - Started process (PID=54703) to work on /home/airflow/.local/lib/python3.8/site-packages/airflow/example_dags/example_branch_operator_decorator.py
[2024-05-22T22:58:30.549+0000] {processor.py:830} INFO - Processing file /home/airflow/.local/lib/python3.8/site-packages/airflow/example_dags/example_branch_operator_decorator.py for tasks to queue
[2024-05-22T22:58:30.550+0000] {logging_mixin.py:188} INFO - [2024-05-22T22:58:30.550+0000] {dagbag.py:538} INFO - Filling up the DagBag from /home/airflow/.local/lib/python3.8/site-packages/airflow/example_dags/example_branch_operator_decorator.py
[2024-05-22T22:58:30.574+0000] {processor.py:840} INFO - DAG(s) 'example_branch_python_operator_decorator' retrieved from /home/airflow/.local/lib/python3.8/site-packages/airflow/example_dags/example_branch_operator_decorator.py
[2024-05-22T22:58:30.604+0000] {logging_mixin.py:188} INFO - [2024-05-22T22:58:30.603+0000] {dag.py:3036} INFO - Sync 1 DAGs
[2024-05-22T22:58:30.630+0000] {logging_mixin.py:188} INFO - [2024-05-22T22:58:30.629+0000] {dag.py:3823} INFO - Setting next_dagrun for example_branch_python_operator_decorator to 2024-05-21 00:00:00+00:00, run_after=2024-05-22 00:00:00+00:00
[2024-05-22T22:58:30.650+0000] {processor.py:183} INFO - Processing /home/airflow/.local/lib/python3.8/site-packages/airflow/example_dags/example_branch_operator_decorator.py took 0.105 seconds
[2024-05-22T22:59:00.954+0000] {processor.py:161} INFO - Started process (PID=54760) to work on /home/airflow/.local/lib/python3.8/site-packages/airflow/example_dags/example_branch_operator_decorator.py
[2024-05-22T22:59:00.955+0000] {processor.py:830} INFO - Processing file /home/airflow/.local/lib/python3.8/site-packages/airflow/example_dags/example_branch_operator_decorator.py for tasks to queue
[2024-05-22T22:59:00.957+0000] {logging_mixin.py:188} INFO - [2024-05-22T22:59:00.956+0000] {dagbag.py:538} INFO - Filling up the DagBag from /home/airflow/.local/lib/python3.8/site-packages/airflow/example_dags/example_branch_operator_decorator.py
[2024-05-22T22:59:00.980+0000] {processor.py:840} INFO - DAG(s) 'example_branch_python_operator_decorator' retrieved from /home/airflow/.local/lib/python3.8/site-packages/airflow/example_dags/example_branch_operator_decorator.py
[2024-05-22T22:59:01.009+0000] {logging_mixin.py:188} INFO - [2024-05-22T22:59:01.009+0000] {dag.py:3036} INFO - Sync 1 DAGs
[2024-05-22T22:59:01.033+0000] {logging_mixin.py:188} INFO - [2024-05-22T22:59:01.033+0000] {dag.py:3823} INFO - Setting next_dagrun for example_branch_python_operator_decorator to 2024-05-21 00:00:00+00:00, run_after=2024-05-22 00:00:00+00:00
[2024-05-22T22:59:01.059+0000] {processor.py:183} INFO - Processing /home/airflow/.local/lib/python3.8/site-packages/airflow/example_dags/example_branch_operator_decorator.py took 0.108 seconds
[2024-05-22T22:59:32.072+0000] {processor.py:161} INFO - Started process (PID=54817) to work on /home/airflow/.local/lib/python3.8/site-packages/airflow/example_dags/example_branch_operator_decorator.py
[2024-05-22T22:59:32.073+0000] {processor.py:830} INFO - Processing file /home/airflow/.local/lib/python3.8/site-packages/airflow/example_dags/example_branch_operator_decorator.py for tasks to queue
[2024-05-22T22:59:32.075+0000] {logging_mixin.py:188} INFO - [2024-05-22T22:59:32.074+0000] {dagbag.py:538} INFO - Filling up the DagBag from /home/airflow/.local/lib/python3.8/site-packages/airflow/example_dags/example_branch_operator_decorator.py
[2024-05-22T22:59:32.098+0000] {processor.py:840} INFO - DAG(s) 'example_branch_python_operator_decorator' retrieved from /home/airflow/.local/lib/python3.8/site-packages/airflow/example_dags/example_branch_operator_decorator.py
[2024-05-22T22:59:32.129+0000] {logging_mixin.py:188} INFO - [2024-05-22T22:59:32.129+0000] {dag.py:3036} INFO - Sync 1 DAGs
[2024-05-22T22:59:32.153+0000] {logging_mixin.py:188} INFO - [2024-05-22T22:59:32.152+0000] {dag.py:3823} INFO - Setting next_dagrun for example_branch_python_operator_decorator to 2024-05-21 00:00:00+00:00, run_after=2024-05-22 00:00:00+00:00
[2024-05-22T22:59:32.174+0000] {processor.py:183} INFO - Processing /home/airflow/.local/lib/python3.8/site-packages/airflow/example_dags/example_branch_operator_decorator.py took 0.105 seconds
[2024-05-22T23:00:02.608+0000] {processor.py:161} INFO - Started process (PID=54874) to work on /home/airflow/.local/lib/python3.8/site-packages/airflow/example_dags/example_branch_operator_decorator.py
[2024-05-22T23:00:02.609+0000] {processor.py:830} INFO - Processing file /home/airflow/.local/lib/python3.8/site-packages/airflow/example_dags/example_branch_operator_decorator.py for tasks to queue
[2024-05-22T23:00:02.611+0000] {logging_mixin.py:188} INFO - [2024-05-22T23:00:02.611+0000] {dagbag.py:538} INFO - Filling up the DagBag from /home/airflow/.local/lib/python3.8/site-packages/airflow/example_dags/example_branch_operator_decorator.py
[2024-05-22T23:00:02.636+0000] {processor.py:840} INFO - DAG(s) 'example_branch_python_operator_decorator' retrieved from /home/airflow/.local/lib/python3.8/site-packages/airflow/example_dags/example_branch_operator_decorator.py
[2024-05-22T23:00:02.664+0000] {logging_mixin.py:188} INFO - [2024-05-22T23:00:02.664+0000] {dag.py:3036} INFO - Sync 1 DAGs
[2024-05-22T23:00:02.687+0000] {logging_mixin.py:188} INFO - [2024-05-22T23:00:02.686+0000] {dag.py:3823} INFO - Setting next_dagrun for example_branch_python_operator_decorator to 2024-05-21 00:00:00+00:00, run_after=2024-05-22 00:00:00+00:00
[2024-05-22T23:00:02.707+0000] {processor.py:183} INFO - Processing /home/airflow/.local/lib/python3.8/site-packages/airflow/example_dags/example_branch_operator_decorator.py took 0.101 seconds
[2024-05-22T23:00:33.495+0000] {processor.py:161} INFO - Started process (PID=54931) to work on /home/airflow/.local/lib/python3.8/site-packages/airflow/example_dags/example_branch_operator_decorator.py
[2024-05-22T23:00:33.496+0000] {processor.py:830} INFO - Processing file /home/airflow/.local/lib/python3.8/site-packages/airflow/example_dags/example_branch_operator_decorator.py for tasks to queue
[2024-05-22T23:00:33.498+0000] {logging_mixin.py:188} INFO - [2024-05-22T23:00:33.497+0000] {dagbag.py:538} INFO - Filling up the DagBag from /home/airflow/.local/lib/python3.8/site-packages/airflow/example_dags/example_branch_operator_decorator.py
[2024-05-22T23:00:33.525+0000] {processor.py:840} INFO - DAG(s) 'example_branch_python_operator_decorator' retrieved from /home/airflow/.local/lib/python3.8/site-packages/airflow/example_dags/example_branch_operator_decorator.py
[2024-05-22T23:00:33.561+0000] {logging_mixin.py:188} INFO - [2024-05-22T23:00:33.561+0000] {dag.py:3036} INFO - Sync 1 DAGs
[2024-05-22T23:00:33.587+0000] {logging_mixin.py:188} INFO - [2024-05-22T23:00:33.587+0000] {dag.py:3823} INFO - Setting next_dagrun for example_branch_python_operator_decorator to 2024-05-21 00:00:00+00:00, run_after=2024-05-22 00:00:00+00:00
[2024-05-22T23:00:33.615+0000] {processor.py:183} INFO - Processing /home/airflow/.local/lib/python3.8/site-packages/airflow/example_dags/example_branch_operator_decorator.py took 0.123 seconds
[2024-05-22T23:01:04.438+0000] {processor.py:161} INFO - Started process (PID=54988) to work on /home/airflow/.local/lib/python3.8/site-packages/airflow/example_dags/example_branch_operator_decorator.py
[2024-05-22T23:01:04.439+0000] {processor.py:830} INFO - Processing file /home/airflow/.local/lib/python3.8/site-packages/airflow/example_dags/example_branch_operator_decorator.py for tasks to queue
[2024-05-22T23:01:04.440+0000] {logging_mixin.py:188} INFO - [2024-05-22T23:01:04.440+0000] {dagbag.py:538} INFO - Filling up the DagBag from /home/airflow/.local/lib/python3.8/site-packages/airflow/example_dags/example_branch_operator_decorator.py
[2024-05-22T23:01:04.462+0000] {processor.py:840} INFO - DAG(s) 'example_branch_python_operator_decorator' retrieved from /home/airflow/.local/lib/python3.8/site-packages/airflow/example_dags/example_branch_operator_decorator.py
[2024-05-22T23:01:04.497+0000] {logging_mixin.py:188} INFO - [2024-05-22T23:01:04.496+0000] {dag.py:3036} INFO - Sync 1 DAGs
[2024-05-22T23:01:04.523+0000] {logging_mixin.py:188} INFO - [2024-05-22T23:01:04.523+0000] {dag.py:3823} INFO - Setting next_dagrun for example_branch_python_operator_decorator to 2024-05-21 00:00:00+00:00, run_after=2024-05-22 00:00:00+00:00
[2024-05-22T23:01:04.543+0000] {processor.py:183} INFO - Processing /home/airflow/.local/lib/python3.8/site-packages/airflow/example_dags/example_branch_operator_decorator.py took 0.107 seconds
[2024-05-22T23:01:34.878+0000] {processor.py:161} INFO - Started process (PID=55045) to work on /home/airflow/.local/lib/python3.8/site-packages/airflow/example_dags/example_branch_operator_decorator.py
[2024-05-22T23:01:34.879+0000] {processor.py:830} INFO - Processing file /home/airflow/.local/lib/python3.8/site-packages/airflow/example_dags/example_branch_operator_decorator.py for tasks to queue
[2024-05-22T23:01:34.881+0000] {logging_mixin.py:188} INFO - [2024-05-22T23:01:34.880+0000] {dagbag.py:538} INFO - Filling up the DagBag from /home/airflow/.local/lib/python3.8/site-packages/airflow/example_dags/example_branch_operator_decorator.py
[2024-05-22T23:01:34.902+0000] {processor.py:840} INFO - DAG(s) 'example_branch_python_operator_decorator' retrieved from /home/airflow/.local/lib/python3.8/site-packages/airflow/example_dags/example_branch_operator_decorator.py
[2024-05-22T23:01:34.934+0000] {logging_mixin.py:188} INFO - [2024-05-22T23:01:34.933+0000] {dag.py:3036} INFO - Sync 1 DAGs
[2024-05-22T23:01:34.957+0000] {logging_mixin.py:188} INFO - [2024-05-22T23:01:34.957+0000] {dag.py:3823} INFO - Setting next_dagrun for example_branch_python_operator_decorator to 2024-05-21 00:00:00+00:00, run_after=2024-05-22 00:00:00+00:00
[2024-05-22T23:01:34.988+0000] {processor.py:183} INFO - Processing /home/airflow/.local/lib/python3.8/site-packages/airflow/example_dags/example_branch_operator_decorator.py took 0.113 seconds
[2024-05-22T23:02:05.039+0000] {processor.py:161} INFO - Started process (PID=55100) to work on /home/airflow/.local/lib/python3.8/site-packages/airflow/example_dags/example_branch_operator_decorator.py
[2024-05-22T23:02:05.040+0000] {processor.py:830} INFO - Processing file /home/airflow/.local/lib/python3.8/site-packages/airflow/example_dags/example_branch_operator_decorator.py for tasks to queue
[2024-05-22T23:02:05.042+0000] {logging_mixin.py:188} INFO - [2024-05-22T23:02:05.042+0000] {dagbag.py:538} INFO - Filling up the DagBag from /home/airflow/.local/lib/python3.8/site-packages/airflow/example_dags/example_branch_operator_decorator.py
[2024-05-22T23:02:05.069+0000] {processor.py:840} INFO - DAG(s) 'example_branch_python_operator_decorator' retrieved from /home/airflow/.local/lib/python3.8/site-packages/airflow/example_dags/example_branch_operator_decorator.py
[2024-05-22T23:02:05.109+0000] {logging_mixin.py:188} INFO - [2024-05-22T23:02:05.109+0000] {dag.py:3036} INFO - Sync 1 DAGs
[2024-05-22T23:02:05.139+0000] {logging_mixin.py:188} INFO - [2024-05-22T23:02:05.139+0000] {dag.py:3823} INFO - Setting next_dagrun for example_branch_python_operator_decorator to 2024-05-21 00:00:00+00:00, run_after=2024-05-22 00:00:00+00:00
[2024-05-22T23:02:05.162+0000] {processor.py:183} INFO - Processing /home/airflow/.local/lib/python3.8/site-packages/airflow/example_dags/example_branch_operator_decorator.py took 0.126 seconds
[2024-05-22T23:02:35.216+0000] {processor.py:161} INFO - Started process (PID=55157) to work on /home/airflow/.local/lib/python3.8/site-packages/airflow/example_dags/example_branch_operator_decorator.py
[2024-05-22T23:02:35.217+0000] {processor.py:830} INFO - Processing file /home/airflow/.local/lib/python3.8/site-packages/airflow/example_dags/example_branch_operator_decorator.py for tasks to queue
[2024-05-22T23:02:35.219+0000] {logging_mixin.py:188} INFO - [2024-05-22T23:02:35.218+0000] {dagbag.py:538} INFO - Filling up the DagBag from /home/airflow/.local/lib/python3.8/site-packages/airflow/example_dags/example_branch_operator_decorator.py
[2024-05-22T23:02:35.248+0000] {processor.py:840} INFO - DAG(s) 'example_branch_python_operator_decorator' retrieved from /home/airflow/.local/lib/python3.8/site-packages/airflow/example_dags/example_branch_operator_decorator.py
[2024-05-22T23:02:35.284+0000] {logging_mixin.py:188} INFO - [2024-05-22T23:02:35.284+0000] {dag.py:3036} INFO - Sync 1 DAGs
[2024-05-22T23:02:35.308+0000] {logging_mixin.py:188} INFO - [2024-05-22T23:02:35.308+0000] {dag.py:3823} INFO - Setting next_dagrun for example_branch_python_operator_decorator to 2024-05-21 00:00:00+00:00, run_after=2024-05-22 00:00:00+00:00
[2024-05-22T23:02:35.340+0000] {processor.py:183} INFO - Processing /home/airflow/.local/lib/python3.8/site-packages/airflow/example_dags/example_branch_operator_decorator.py took 0.128 seconds
[2024-05-22T23:03:05.447+0000] {processor.py:161} INFO - Started process (PID=55215) to work on /home/airflow/.local/lib/python3.8/site-packages/airflow/example_dags/example_branch_operator_decorator.py
[2024-05-22T23:03:05.448+0000] {processor.py:830} INFO - Processing file /home/airflow/.local/lib/python3.8/site-packages/airflow/example_dags/example_branch_operator_decorator.py for tasks to queue
[2024-05-22T23:03:05.450+0000] {logging_mixin.py:188} INFO - [2024-05-22T23:03:05.449+0000] {dagbag.py:538} INFO - Filling up the DagBag from /home/airflow/.local/lib/python3.8/site-packages/airflow/example_dags/example_branch_operator_decorator.py
[2024-05-22T23:03:05.477+0000] {processor.py:840} INFO - DAG(s) 'example_branch_python_operator_decorator' retrieved from /home/airflow/.local/lib/python3.8/site-packages/airflow/example_dags/example_branch_operator_decorator.py
[2024-05-22T23:03:05.508+0000] {logging_mixin.py:188} INFO - [2024-05-22T23:03:05.507+0000] {dag.py:3036} INFO - Sync 1 DAGs
[2024-05-22T23:03:05.533+0000] {logging_mixin.py:188} INFO - [2024-05-22T23:03:05.533+0000] {dag.py:3823} INFO - Setting next_dagrun for example_branch_python_operator_decorator to 2024-05-21 00:00:00+00:00, run_after=2024-05-22 00:00:00+00:00
[2024-05-22T23:03:05.562+0000] {processor.py:183} INFO - Processing /home/airflow/.local/lib/python3.8/site-packages/airflow/example_dags/example_branch_operator_decorator.py took 0.119 seconds
[2024-05-22T23:03:36.208+0000] {processor.py:161} INFO - Started process (PID=55272) to work on /home/airflow/.local/lib/python3.8/site-packages/airflow/example_dags/example_branch_operator_decorator.py
[2024-05-22T23:03:36.209+0000] {processor.py:830} INFO - Processing file /home/airflow/.local/lib/python3.8/site-packages/airflow/example_dags/example_branch_operator_decorator.py for tasks to queue
[2024-05-22T23:03:36.210+0000] {logging_mixin.py:188} INFO - [2024-05-22T23:03:36.210+0000] {dagbag.py:538} INFO - Filling up the DagBag from /home/airflow/.local/lib/python3.8/site-packages/airflow/example_dags/example_branch_operator_decorator.py
[2024-05-22T23:03:36.235+0000] {processor.py:840} INFO - DAG(s) 'example_branch_python_operator_decorator' retrieved from /home/airflow/.local/lib/python3.8/site-packages/airflow/example_dags/example_branch_operator_decorator.py
[2024-05-22T23:03:36.264+0000] {logging_mixin.py:188} INFO - [2024-05-22T23:03:36.264+0000] {dag.py:3036} INFO - Sync 1 DAGs
[2024-05-22T23:03:36.289+0000] {logging_mixin.py:188} INFO - [2024-05-22T23:03:36.289+0000] {dag.py:3823} INFO - Setting next_dagrun for example_branch_python_operator_decorator to 2024-05-21 00:00:00+00:00, run_after=2024-05-22 00:00:00+00:00
[2024-05-22T23:03:36.311+0000] {processor.py:183} INFO - Processing /home/airflow/.local/lib/python3.8/site-packages/airflow/example_dags/example_branch_operator_decorator.py took 0.107 seconds
[2024-05-22T23:04:06.709+0000] {processor.py:161} INFO - Started process (PID=55330) to work on /home/airflow/.local/lib/python3.8/site-packages/airflow/example_dags/example_branch_operator_decorator.py
[2024-05-22T23:04:06.711+0000] {processor.py:830} INFO - Processing file /home/airflow/.local/lib/python3.8/site-packages/airflow/example_dags/example_branch_operator_decorator.py for tasks to queue
[2024-05-22T23:04:06.713+0000] {logging_mixin.py:188} INFO - [2024-05-22T23:04:06.713+0000] {dagbag.py:538} INFO - Filling up the DagBag from /home/airflow/.local/lib/python3.8/site-packages/airflow/example_dags/example_branch_operator_decorator.py
[2024-05-22T23:04:06.742+0000] {processor.py:840} INFO - DAG(s) 'example_branch_python_operator_decorator' retrieved from /home/airflow/.local/lib/python3.8/site-packages/airflow/example_dags/example_branch_operator_decorator.py
[2024-05-22T23:04:06.792+0000] {logging_mixin.py:188} INFO - [2024-05-22T23:04:06.791+0000] {dag.py:3036} INFO - Sync 1 DAGs
[2024-05-22T23:04:06.838+0000] {logging_mixin.py:188} INFO - [2024-05-22T23:04:06.838+0000] {dag.py:3823} INFO - Setting next_dagrun for example_branch_python_operator_decorator to 2024-05-21 00:00:00+00:00, run_after=2024-05-22 00:00:00+00:00
[2024-05-22T23:04:06.874+0000] {processor.py:183} INFO - Processing /home/airflow/.local/lib/python3.8/site-packages/airflow/example_dags/example_branch_operator_decorator.py took 0.168 seconds
[2024-05-22T23:04:37.309+0000] {processor.py:161} INFO - Started process (PID=55387) to work on /home/airflow/.local/lib/python3.8/site-packages/airflow/example_dags/example_branch_operator_decorator.py
[2024-05-22T23:04:37.311+0000] {processor.py:830} INFO - Processing file /home/airflow/.local/lib/python3.8/site-packages/airflow/example_dags/example_branch_operator_decorator.py for tasks to queue
[2024-05-22T23:04:37.312+0000] {logging_mixin.py:188} INFO - [2024-05-22T23:04:37.312+0000] {dagbag.py:538} INFO - Filling up the DagBag from /home/airflow/.local/lib/python3.8/site-packages/airflow/example_dags/example_branch_operator_decorator.py
[2024-05-22T23:04:37.343+0000] {processor.py:840} INFO - DAG(s) 'example_branch_python_operator_decorator' retrieved from /home/airflow/.local/lib/python3.8/site-packages/airflow/example_dags/example_branch_operator_decorator.py
[2024-05-22T23:04:37.385+0000] {logging_mixin.py:188} INFO - [2024-05-22T23:04:37.385+0000] {dag.py:3036} INFO - Sync 1 DAGs
[2024-05-22T23:04:37.419+0000] {logging_mixin.py:188} INFO - [2024-05-22T23:04:37.419+0000] {dag.py:3823} INFO - Setting next_dagrun for example_branch_python_operator_decorator to 2024-05-21 00:00:00+00:00, run_after=2024-05-22 00:00:00+00:00
[2024-05-22T23:04:37.445+0000] {processor.py:183} INFO - Processing /home/airflow/.local/lib/python3.8/site-packages/airflow/example_dags/example_branch_operator_decorator.py took 0.139 seconds
[2024-05-22T23:05:07.892+0000] {processor.py:161} INFO - Started process (PID=55444) to work on /home/airflow/.local/lib/python3.8/site-packages/airflow/example_dags/example_branch_operator_decorator.py
[2024-05-22T23:05:07.894+0000] {processor.py:830} INFO - Processing file /home/airflow/.local/lib/python3.8/site-packages/airflow/example_dags/example_branch_operator_decorator.py for tasks to queue
[2024-05-22T23:05:07.898+0000] {logging_mixin.py:188} INFO - [2024-05-22T23:05:07.897+0000] {dagbag.py:538} INFO - Filling up the DagBag from /home/airflow/.local/lib/python3.8/site-packages/airflow/example_dags/example_branch_operator_decorator.py
[2024-05-22T23:05:07.938+0000] {processor.py:840} INFO - DAG(s) 'example_branch_python_operator_decorator' retrieved from /home/airflow/.local/lib/python3.8/site-packages/airflow/example_dags/example_branch_operator_decorator.py
[2024-05-22T23:05:07.973+0000] {logging_mixin.py:188} INFO - [2024-05-22T23:05:07.973+0000] {dag.py:3036} INFO - Sync 1 DAGs
[2024-05-22T23:05:08.009+0000] {logging_mixin.py:188} INFO - [2024-05-22T23:05:08.009+0000] {dag.py:3823} INFO - Setting next_dagrun for example_branch_python_operator_decorator to 2024-05-21 00:00:00+00:00, run_after=2024-05-22 00:00:00+00:00
[2024-05-22T23:05:08.043+0000] {processor.py:183} INFO - Processing /home/airflow/.local/lib/python3.8/site-packages/airflow/example_dags/example_branch_operator_decorator.py took 0.156 seconds
[2024-05-22T23:05:38.091+0000] {processor.py:161} INFO - Started process (PID=55500) to work on /home/airflow/.local/lib/python3.8/site-packages/airflow/example_dags/example_branch_operator_decorator.py
[2024-05-22T23:05:38.092+0000] {processor.py:830} INFO - Processing file /home/airflow/.local/lib/python3.8/site-packages/airflow/example_dags/example_branch_operator_decorator.py for tasks to queue
[2024-05-22T23:05:38.094+0000] {logging_mixin.py:188} INFO - [2024-05-22T23:05:38.094+0000] {dagbag.py:538} INFO - Filling up the DagBag from /home/airflow/.local/lib/python3.8/site-packages/airflow/example_dags/example_branch_operator_decorator.py
[2024-05-22T23:05:38.116+0000] {processor.py:840} INFO - DAG(s) 'example_branch_python_operator_decorator' retrieved from /home/airflow/.local/lib/python3.8/site-packages/airflow/example_dags/example_branch_operator_decorator.py
[2024-05-22T23:05:38.145+0000] {logging_mixin.py:188} INFO - [2024-05-22T23:05:38.144+0000] {dag.py:3036} INFO - Sync 1 DAGs
[2024-05-22T23:05:38.170+0000] {logging_mixin.py:188} INFO - [2024-05-22T23:05:38.169+0000] {dag.py:3823} INFO - Setting next_dagrun for example_branch_python_operator_decorator to 2024-05-21 00:00:00+00:00, run_after=2024-05-22 00:00:00+00:00
[2024-05-22T23:05:38.193+0000] {processor.py:183} INFO - Processing /home/airflow/.local/lib/python3.8/site-packages/airflow/example_dags/example_branch_operator_decorator.py took 0.106 seconds
[2024-05-22T23:06:08.718+0000] {processor.py:161} INFO - Started process (PID=55558) to work on /home/airflow/.local/lib/python3.8/site-packages/airflow/example_dags/example_branch_operator_decorator.py
[2024-05-22T23:06:08.719+0000] {processor.py:830} INFO - Processing file /home/airflow/.local/lib/python3.8/site-packages/airflow/example_dags/example_branch_operator_decorator.py for tasks to queue
[2024-05-22T23:06:08.722+0000] {logging_mixin.py:188} INFO - [2024-05-22T23:06:08.722+0000] {dagbag.py:538} INFO - Filling up the DagBag from /home/airflow/.local/lib/python3.8/site-packages/airflow/example_dags/example_branch_operator_decorator.py
[2024-05-22T23:06:08.750+0000] {processor.py:840} INFO - DAG(s) 'example_branch_python_operator_decorator' retrieved from /home/airflow/.local/lib/python3.8/site-packages/airflow/example_dags/example_branch_operator_decorator.py
[2024-05-22T23:06:08.787+0000] {logging_mixin.py:188} INFO - [2024-05-22T23:06:08.785+0000] {dag.py:3036} INFO - Sync 1 DAGs
[2024-05-22T23:06:08.816+0000] {logging_mixin.py:188} INFO - [2024-05-22T23:06:08.816+0000] {dag.py:3823} INFO - Setting next_dagrun for example_branch_python_operator_decorator to 2024-05-21 00:00:00+00:00, run_after=2024-05-22 00:00:00+00:00
[2024-05-22T23:06:08.849+0000] {processor.py:183} INFO - Processing /home/airflow/.local/lib/python3.8/site-packages/airflow/example_dags/example_branch_operator_decorator.py took 0.135 seconds
[2024-05-22T23:06:39.432+0000] {processor.py:161} INFO - Started process (PID=55615) to work on /home/airflow/.local/lib/python3.8/site-packages/airflow/example_dags/example_branch_operator_decorator.py
[2024-05-22T23:06:39.432+0000] {processor.py:830} INFO - Processing file /home/airflow/.local/lib/python3.8/site-packages/airflow/example_dags/example_branch_operator_decorator.py for tasks to queue
[2024-05-22T23:06:39.435+0000] {logging_mixin.py:188} INFO - [2024-05-22T23:06:39.434+0000] {dagbag.py:538} INFO - Filling up the DagBag from /home/airflow/.local/lib/python3.8/site-packages/airflow/example_dags/example_branch_operator_decorator.py
[2024-05-22T23:06:39.466+0000] {processor.py:840} INFO - DAG(s) 'example_branch_python_operator_decorator' retrieved from /home/airflow/.local/lib/python3.8/site-packages/airflow/example_dags/example_branch_operator_decorator.py
[2024-05-22T23:06:39.511+0000] {logging_mixin.py:188} INFO - [2024-05-22T23:06:39.509+0000] {dag.py:3036} INFO - Sync 1 DAGs
[2024-05-22T23:06:39.547+0000] {logging_mixin.py:188} INFO - [2024-05-22T23:06:39.547+0000] {dag.py:3823} INFO - Setting next_dagrun for example_branch_python_operator_decorator to 2024-05-21 00:00:00+00:00, run_after=2024-05-22 00:00:00+00:00
[2024-05-22T23:06:39.574+0000] {processor.py:183} INFO - Processing /home/airflow/.local/lib/python3.8/site-packages/airflow/example_dags/example_branch_operator_decorator.py took 0.146 seconds
[2024-05-22T23:07:09.699+0000] {processor.py:161} INFO - Started process (PID=55672) to work on /home/airflow/.local/lib/python3.8/site-packages/airflow/example_dags/example_branch_operator_decorator.py
[2024-05-22T23:07:09.700+0000] {processor.py:830} INFO - Processing file /home/airflow/.local/lib/python3.8/site-packages/airflow/example_dags/example_branch_operator_decorator.py for tasks to queue
[2024-05-22T23:07:09.703+0000] {logging_mixin.py:188} INFO - [2024-05-22T23:07:09.702+0000] {dagbag.py:538} INFO - Filling up the DagBag from /home/airflow/.local/lib/python3.8/site-packages/airflow/example_dags/example_branch_operator_decorator.py
[2024-05-22T23:07:09.730+0000] {processor.py:840} INFO - DAG(s) 'example_branch_python_operator_decorator' retrieved from /home/airflow/.local/lib/python3.8/site-packages/airflow/example_dags/example_branch_operator_decorator.py
[2024-05-22T23:07:09.766+0000] {logging_mixin.py:188} INFO - [2024-05-22T23:07:09.766+0000] {dag.py:3036} INFO - Sync 1 DAGs
[2024-05-22T23:07:09.803+0000] {logging_mixin.py:188} INFO - [2024-05-22T23:07:09.802+0000] {dag.py:3823} INFO - Setting next_dagrun for example_branch_python_operator_decorator to 2024-05-21 00:00:00+00:00, run_after=2024-05-22 00:00:00+00:00
[2024-05-22T23:07:09.830+0000] {processor.py:183} INFO - Processing /home/airflow/.local/lib/python3.8/site-packages/airflow/example_dags/example_branch_operator_decorator.py took 0.133 seconds
[2024-05-22T23:07:39.884+0000] {processor.py:161} INFO - Started process (PID=55728) to work on /home/airflow/.local/lib/python3.8/site-packages/airflow/example_dags/example_branch_operator_decorator.py
[2024-05-22T23:07:39.885+0000] {processor.py:830} INFO - Processing file /home/airflow/.local/lib/python3.8/site-packages/airflow/example_dags/example_branch_operator_decorator.py for tasks to queue
[2024-05-22T23:07:39.887+0000] {logging_mixin.py:188} INFO - [2024-05-22T23:07:39.886+0000] {dagbag.py:538} INFO - Filling up the DagBag from /home/airflow/.local/lib/python3.8/site-packages/airflow/example_dags/example_branch_operator_decorator.py
[2024-05-22T23:07:39.908+0000] {processor.py:840} INFO - DAG(s) 'example_branch_python_operator_decorator' retrieved from /home/airflow/.local/lib/python3.8/site-packages/airflow/example_dags/example_branch_operator_decorator.py
[2024-05-22T23:07:39.939+0000] {logging_mixin.py:188} INFO - [2024-05-22T23:07:39.938+0000] {dag.py:3036} INFO - Sync 1 DAGs
[2024-05-22T23:07:39.962+0000] {logging_mixin.py:188} INFO - [2024-05-22T23:07:39.961+0000] {dag.py:3823} INFO - Setting next_dagrun for example_branch_python_operator_decorator to 2024-05-21 00:00:00+00:00, run_after=2024-05-22 00:00:00+00:00
[2024-05-22T23:07:39.988+0000] {processor.py:183} INFO - Processing /home/airflow/.local/lib/python3.8/site-packages/airflow/example_dags/example_branch_operator_decorator.py took 0.107 seconds
[2024-05-22T23:08:10.529+0000] {processor.py:161} INFO - Started process (PID=55786) to work on /home/airflow/.local/lib/python3.8/site-packages/airflow/example_dags/example_branch_operator_decorator.py
[2024-05-22T23:08:10.530+0000] {processor.py:830} INFO - Processing file /home/airflow/.local/lib/python3.8/site-packages/airflow/example_dags/example_branch_operator_decorator.py for tasks to queue
[2024-05-22T23:08:10.533+0000] {logging_mixin.py:188} INFO - [2024-05-22T23:08:10.532+0000] {dagbag.py:538} INFO - Filling up the DagBag from /home/airflow/.local/lib/python3.8/site-packages/airflow/example_dags/example_branch_operator_decorator.py
[2024-05-22T23:08:10.559+0000] {processor.py:840} INFO - DAG(s) 'example_branch_python_operator_decorator' retrieved from /home/airflow/.local/lib/python3.8/site-packages/airflow/example_dags/example_branch_operator_decorator.py
[2024-05-22T23:08:10.590+0000] {logging_mixin.py:188} INFO - [2024-05-22T23:08:10.590+0000] {dag.py:3036} INFO - Sync 1 DAGs
[2024-05-22T23:08:10.615+0000] {logging_mixin.py:188} INFO - [2024-05-22T23:08:10.615+0000] {dag.py:3823} INFO - Setting next_dagrun for example_branch_python_operator_decorator to 2024-05-21 00:00:00+00:00, run_after=2024-05-22 00:00:00+00:00
[2024-05-22T23:08:10.636+0000] {processor.py:183} INFO - Processing /home/airflow/.local/lib/python3.8/site-packages/airflow/example_dags/example_branch_operator_decorator.py took 0.110 seconds
[2024-05-22T23:08:41.331+0000] {processor.py:161} INFO - Started process (PID=55843) to work on /home/airflow/.local/lib/python3.8/site-packages/airflow/example_dags/example_branch_operator_decorator.py
[2024-05-22T23:08:41.332+0000] {processor.py:830} INFO - Processing file /home/airflow/.local/lib/python3.8/site-packages/airflow/example_dags/example_branch_operator_decorator.py for tasks to queue
[2024-05-22T23:08:41.334+0000] {logging_mixin.py:188} INFO - [2024-05-22T23:08:41.334+0000] {dagbag.py:538} INFO - Filling up the DagBag from /home/airflow/.local/lib/python3.8/site-packages/airflow/example_dags/example_branch_operator_decorator.py
[2024-05-22T23:08:41.359+0000] {processor.py:840} INFO - DAG(s) 'example_branch_python_operator_decorator' retrieved from /home/airflow/.local/lib/python3.8/site-packages/airflow/example_dags/example_branch_operator_decorator.py
[2024-05-22T23:08:41.392+0000] {logging_mixin.py:188} INFO - [2024-05-22T23:08:41.392+0000] {dag.py:3036} INFO - Sync 1 DAGs
[2024-05-22T23:08:41.417+0000] {logging_mixin.py:188} INFO - [2024-05-22T23:08:41.416+0000] {dag.py:3823} INFO - Setting next_dagrun for example_branch_python_operator_decorator to 2024-05-21 00:00:00+00:00, run_after=2024-05-22 00:00:00+00:00
[2024-05-22T23:08:41.446+0000] {processor.py:183} INFO - Processing /home/airflow/.local/lib/python3.8/site-packages/airflow/example_dags/example_branch_operator_decorator.py took 0.118 seconds
[2024-05-22T23:09:12.202+0000] {processor.py:161} INFO - Started process (PID=55900) to work on /home/airflow/.local/lib/python3.8/site-packages/airflow/example_dags/example_branch_operator_decorator.py
[2024-05-22T23:09:12.203+0000] {processor.py:830} INFO - Processing file /home/airflow/.local/lib/python3.8/site-packages/airflow/example_dags/example_branch_operator_decorator.py for tasks to queue
[2024-05-22T23:09:12.205+0000] {logging_mixin.py:188} INFO - [2024-05-22T23:09:12.204+0000] {dagbag.py:538} INFO - Filling up the DagBag from /home/airflow/.local/lib/python3.8/site-packages/airflow/example_dags/example_branch_operator_decorator.py
[2024-05-22T23:09:12.235+0000] {processor.py:840} INFO - DAG(s) 'example_branch_python_operator_decorator' retrieved from /home/airflow/.local/lib/python3.8/site-packages/airflow/example_dags/example_branch_operator_decorator.py
[2024-05-22T23:09:12.271+0000] {logging_mixin.py:188} INFO - [2024-05-22T23:09:12.270+0000] {dag.py:3036} INFO - Sync 1 DAGs
[2024-05-22T23:09:12.301+0000] {logging_mixin.py:188} INFO - [2024-05-22T23:09:12.300+0000] {dag.py:3823} INFO - Setting next_dagrun for example_branch_python_operator_decorator to 2024-05-21 00:00:00+00:00, run_after=2024-05-22 00:00:00+00:00
[2024-05-22T23:09:12.327+0000] {processor.py:183} INFO - Processing /home/airflow/.local/lib/python3.8/site-packages/airflow/example_dags/example_branch_operator_decorator.py took 0.131 seconds
[2024-05-22T23:09:42.620+0000] {processor.py:161} INFO - Started process (PID=55957) to work on /home/airflow/.local/lib/python3.8/site-packages/airflow/example_dags/example_branch_operator_decorator.py
[2024-05-22T23:09:42.622+0000] {processor.py:830} INFO - Processing file /home/airflow/.local/lib/python3.8/site-packages/airflow/example_dags/example_branch_operator_decorator.py for tasks to queue
[2024-05-22T23:09:42.624+0000] {logging_mixin.py:188} INFO - [2024-05-22T23:09:42.623+0000] {dagbag.py:538} INFO - Filling up the DagBag from /home/airflow/.local/lib/python3.8/site-packages/airflow/example_dags/example_branch_operator_decorator.py
[2024-05-22T23:09:42.653+0000] {processor.py:840} INFO - DAG(s) 'example_branch_python_operator_decorator' retrieved from /home/airflow/.local/lib/python3.8/site-packages/airflow/example_dags/example_branch_operator_decorator.py
[2024-05-22T23:09:42.684+0000] {logging_mixin.py:188} INFO - [2024-05-22T23:09:42.683+0000] {dag.py:3036} INFO - Sync 1 DAGs
[2024-05-22T23:09:42.712+0000] {logging_mixin.py:188} INFO - [2024-05-22T23:09:42.711+0000] {dag.py:3823} INFO - Setting next_dagrun for example_branch_python_operator_decorator to 2024-05-21 00:00:00+00:00, run_after=2024-05-22 00:00:00+00:00
[2024-05-22T23:09:42.740+0000] {processor.py:183} INFO - Processing /home/airflow/.local/lib/python3.8/site-packages/airflow/example_dags/example_branch_operator_decorator.py took 0.124 seconds
[2024-05-22T23:10:12.956+0000] {processor.py:161} INFO - Started process (PID=56014) to work on /home/airflow/.local/lib/python3.8/site-packages/airflow/example_dags/example_branch_operator_decorator.py
[2024-05-22T23:10:12.957+0000] {processor.py:830} INFO - Processing file /home/airflow/.local/lib/python3.8/site-packages/airflow/example_dags/example_branch_operator_decorator.py for tasks to queue
[2024-05-22T23:10:12.958+0000] {logging_mixin.py:188} INFO - [2024-05-22T23:10:12.958+0000] {dagbag.py:538} INFO - Filling up the DagBag from /home/airflow/.local/lib/python3.8/site-packages/airflow/example_dags/example_branch_operator_decorator.py
[2024-05-22T23:10:12.982+0000] {processor.py:840} INFO - DAG(s) 'example_branch_python_operator_decorator' retrieved from /home/airflow/.local/lib/python3.8/site-packages/airflow/example_dags/example_branch_operator_decorator.py
[2024-05-22T23:10:13.011+0000] {logging_mixin.py:188} INFO - [2024-05-22T23:10:13.011+0000] {dag.py:3036} INFO - Sync 1 DAGs
[2024-05-22T23:10:13.037+0000] {logging_mixin.py:188} INFO - [2024-05-22T23:10:13.037+0000] {dag.py:3823} INFO - Setting next_dagrun for example_branch_python_operator_decorator to 2024-05-21 00:00:00+00:00, run_after=2024-05-22 00:00:00+00:00
[2024-05-22T23:10:13.062+0000] {processor.py:183} INFO - Processing /home/airflow/.local/lib/python3.8/site-packages/airflow/example_dags/example_branch_operator_decorator.py took 0.109 seconds
