[2024-05-22T22:36:36.806+0000] {processor.py:161} INFO - Started process (PID=52223) to work on /home/airflow/.local/lib/python3.8/site-packages/airflow/example_dags/example_complex.py
[2024-05-22T22:36:36.808+0000] {processor.py:830} INFO - Processing file /home/airflow/.local/lib/python3.8/site-packages/airflow/example_dags/example_complex.py for tasks to queue
[2024-05-22T22:36:36.821+0000] {logging_mixin.py:188} INFO - [2024-05-22T22:36:36.820+0000] {dagbag.py:538} INFO - Filling up the DagBag from /home/airflow/.local/lib/python3.8/site-packages/airflow/example_dags/example_complex.py
[2024-05-22T22:36:36.854+0000] {processor.py:840} INFO - DAG(s) 'example_complex' retrieved from /home/airflow/.local/lib/python3.8/site-packages/airflow/example_dags/example_complex.py
[2024-05-22T22:36:36.960+0000] {logging_mixin.py:188} INFO - [2024-05-22T22:36:36.960+0000] {dag.py:3036} INFO - Sync 1 DAGs
[2024-05-22T22:36:37.014+0000] {logging_mixin.py:188} INFO - [2024-05-22T22:36:37.013+0000] {dag.py:3823} INFO - Setting next_dagrun for example_complex to None, run_after=None
[2024-05-22T22:36:37.139+0000] {processor.py:183} INFO - Processing /home/airflow/.local/lib/python3.8/site-packages/airflow/example_dags/example_complex.py took 0.332 seconds
[2024-05-22T22:37:08.101+0000] {processor.py:161} INFO - Started process (PID=52280) to work on /home/airflow/.local/lib/python3.8/site-packages/airflow/example_dags/example_complex.py
[2024-05-22T22:37:08.103+0000] {processor.py:830} INFO - Processing file /home/airflow/.local/lib/python3.8/site-packages/airflow/example_dags/example_complex.py for tasks to queue
[2024-05-22T22:37:08.105+0000] {logging_mixin.py:188} INFO - [2024-05-22T22:37:08.105+0000] {dagbag.py:538} INFO - Filling up the DagBag from /home/airflow/.local/lib/python3.8/site-packages/airflow/example_dags/example_complex.py
[2024-05-22T22:37:08.116+0000] {processor.py:840} INFO - DAG(s) 'example_complex' retrieved from /home/airflow/.local/lib/python3.8/site-packages/airflow/example_dags/example_complex.py
[2024-05-22T22:37:08.146+0000] {logging_mixin.py:188} INFO - [2024-05-22T22:37:08.146+0000] {dag.py:3036} INFO - Sync 1 DAGs
[2024-05-22T22:37:08.157+0000] {logging_mixin.py:188} INFO - [2024-05-22T22:37:08.157+0000] {dag.py:3823} INFO - Setting next_dagrun for example_complex to None, run_after=None
[2024-05-22T22:37:08.177+0000] {processor.py:183} INFO - Processing /home/airflow/.local/lib/python3.8/site-packages/airflow/example_dags/example_complex.py took 0.079 seconds
[2024-05-22T22:37:38.583+0000] {processor.py:161} INFO - Started process (PID=52337) to work on /home/airflow/.local/lib/python3.8/site-packages/airflow/example_dags/example_complex.py
[2024-05-22T22:37:38.584+0000] {processor.py:830} INFO - Processing file /home/airflow/.local/lib/python3.8/site-packages/airflow/example_dags/example_complex.py for tasks to queue
[2024-05-22T22:37:38.586+0000] {logging_mixin.py:188} INFO - [2024-05-22T22:37:38.585+0000] {dagbag.py:538} INFO - Filling up the DagBag from /home/airflow/.local/lib/python3.8/site-packages/airflow/example_dags/example_complex.py
[2024-05-22T22:37:38.597+0000] {processor.py:840} INFO - DAG(s) 'example_complex' retrieved from /home/airflow/.local/lib/python3.8/site-packages/airflow/example_dags/example_complex.py
[2024-05-22T22:37:38.631+0000] {logging_mixin.py:188} INFO - [2024-05-22T22:37:38.630+0000] {dag.py:3036} INFO - Sync 1 DAGs
[2024-05-22T22:37:38.644+0000] {logging_mixin.py:188} INFO - [2024-05-22T22:37:38.644+0000] {dag.py:3823} INFO - Setting next_dagrun for example_complex to None, run_after=None
[2024-05-22T22:37:38.666+0000] {processor.py:183} INFO - Processing /home/airflow/.local/lib/python3.8/site-packages/airflow/example_dags/example_complex.py took 0.087 seconds
[2024-05-22T22:38:09.162+0000] {processor.py:161} INFO - Started process (PID=52394) to work on /home/airflow/.local/lib/python3.8/site-packages/airflow/example_dags/example_complex.py
[2024-05-22T22:38:09.163+0000] {processor.py:830} INFO - Processing file /home/airflow/.local/lib/python3.8/site-packages/airflow/example_dags/example_complex.py for tasks to queue
[2024-05-22T22:38:09.166+0000] {logging_mixin.py:188} INFO - [2024-05-22T22:38:09.165+0000] {dagbag.py:538} INFO - Filling up the DagBag from /home/airflow/.local/lib/python3.8/site-packages/airflow/example_dags/example_complex.py
[2024-05-22T22:38:09.180+0000] {processor.py:840} INFO - DAG(s) 'example_complex' retrieved from /home/airflow/.local/lib/python3.8/site-packages/airflow/example_dags/example_complex.py
[2024-05-22T22:38:09.231+0000] {logging_mixin.py:188} INFO - [2024-05-22T22:38:09.231+0000] {dag.py:3036} INFO - Sync 1 DAGs
[2024-05-22T22:38:09.251+0000] {logging_mixin.py:188} INFO - [2024-05-22T22:38:09.251+0000] {dag.py:3823} INFO - Setting next_dagrun for example_complex to None, run_after=None
[2024-05-22T22:38:09.272+0000] {processor.py:183} INFO - Processing /home/airflow/.local/lib/python3.8/site-packages/airflow/example_dags/example_complex.py took 0.113 seconds
[2024-05-22T22:38:39.604+0000] {processor.py:161} INFO - Started process (PID=52451) to work on /home/airflow/.local/lib/python3.8/site-packages/airflow/example_dags/example_complex.py
[2024-05-22T22:38:39.605+0000] {processor.py:830} INFO - Processing file /home/airflow/.local/lib/python3.8/site-packages/airflow/example_dags/example_complex.py for tasks to queue
[2024-05-22T22:38:39.607+0000] {logging_mixin.py:188} INFO - [2024-05-22T22:38:39.606+0000] {dagbag.py:538} INFO - Filling up the DagBag from /home/airflow/.local/lib/python3.8/site-packages/airflow/example_dags/example_complex.py
[2024-05-22T22:38:39.618+0000] {processor.py:840} INFO - DAG(s) 'example_complex' retrieved from /home/airflow/.local/lib/python3.8/site-packages/airflow/example_dags/example_complex.py
[2024-05-22T22:38:39.652+0000] {logging_mixin.py:188} INFO - [2024-05-22T22:38:39.652+0000] {dag.py:3036} INFO - Sync 1 DAGs
[2024-05-22T22:38:39.666+0000] {logging_mixin.py:188} INFO - [2024-05-22T22:38:39.665+0000] {dag.py:3823} INFO - Setting next_dagrun for example_complex to None, run_after=None
[2024-05-22T22:38:39.688+0000] {processor.py:183} INFO - Processing /home/airflow/.local/lib/python3.8/site-packages/airflow/example_dags/example_complex.py took 0.087 seconds
[2024-05-22T22:39:10.071+0000] {processor.py:161} INFO - Started process (PID=52514) to work on /home/airflow/.local/lib/python3.8/site-packages/airflow/example_dags/example_complex.py
[2024-05-22T22:39:10.072+0000] {processor.py:830} INFO - Processing file /home/airflow/.local/lib/python3.8/site-packages/airflow/example_dags/example_complex.py for tasks to queue
[2024-05-22T22:39:10.073+0000] {logging_mixin.py:188} INFO - [2024-05-22T22:39:10.073+0000] {dagbag.py:538} INFO - Filling up the DagBag from /home/airflow/.local/lib/python3.8/site-packages/airflow/example_dags/example_complex.py
[2024-05-22T22:39:10.084+0000] {processor.py:840} INFO - DAG(s) 'example_complex' retrieved from /home/airflow/.local/lib/python3.8/site-packages/airflow/example_dags/example_complex.py
[2024-05-22T22:39:10.122+0000] {logging_mixin.py:188} INFO - [2024-05-22T22:39:10.122+0000] {dag.py:3036} INFO - Sync 1 DAGs
[2024-05-22T22:39:10.137+0000] {logging_mixin.py:188} INFO - [2024-05-22T22:39:10.137+0000] {dag.py:3823} INFO - Setting next_dagrun for example_complex to None, run_after=None
[2024-05-22T22:39:10.161+0000] {processor.py:183} INFO - Processing /home/airflow/.local/lib/python3.8/site-packages/airflow/example_dags/example_complex.py took 0.094 seconds
[2024-05-22T22:39:40.463+0000] {processor.py:161} INFO - Started process (PID=52571) to work on /home/airflow/.local/lib/python3.8/site-packages/airflow/example_dags/example_complex.py
[2024-05-22T22:39:40.465+0000] {processor.py:830} INFO - Processing file /home/airflow/.local/lib/python3.8/site-packages/airflow/example_dags/example_complex.py for tasks to queue
[2024-05-22T22:39:40.467+0000] {logging_mixin.py:188} INFO - [2024-05-22T22:39:40.466+0000] {dagbag.py:538} INFO - Filling up the DagBag from /home/airflow/.local/lib/python3.8/site-packages/airflow/example_dags/example_complex.py
[2024-05-22T22:39:40.481+0000] {processor.py:840} INFO - DAG(s) 'example_complex' retrieved from /home/airflow/.local/lib/python3.8/site-packages/airflow/example_dags/example_complex.py
[2024-05-22T22:39:40.520+0000] {logging_mixin.py:188} INFO - [2024-05-22T22:39:40.520+0000] {dag.py:3036} INFO - Sync 1 DAGs
[2024-05-22T22:39:40.536+0000] {logging_mixin.py:188} INFO - [2024-05-22T22:39:40.536+0000] {dag.py:3823} INFO - Setting next_dagrun for example_complex to None, run_after=None
[2024-05-22T22:39:40.560+0000] {processor.py:183} INFO - Processing /home/airflow/.local/lib/python3.8/site-packages/airflow/example_dags/example_complex.py took 0.100 seconds
[2024-05-22T22:40:10.868+0000] {processor.py:161} INFO - Started process (PID=52628) to work on /home/airflow/.local/lib/python3.8/site-packages/airflow/example_dags/example_complex.py
[2024-05-22T22:40:10.869+0000] {processor.py:830} INFO - Processing file /home/airflow/.local/lib/python3.8/site-packages/airflow/example_dags/example_complex.py for tasks to queue
[2024-05-22T22:40:10.871+0000] {logging_mixin.py:188} INFO - [2024-05-22T22:40:10.870+0000] {dagbag.py:538} INFO - Filling up the DagBag from /home/airflow/.local/lib/python3.8/site-packages/airflow/example_dags/example_complex.py
[2024-05-22T22:40:10.885+0000] {processor.py:840} INFO - DAG(s) 'example_complex' retrieved from /home/airflow/.local/lib/python3.8/site-packages/airflow/example_dags/example_complex.py
[2024-05-22T22:40:10.929+0000] {logging_mixin.py:188} INFO - [2024-05-22T22:40:10.928+0000] {dag.py:3036} INFO - Sync 1 DAGs
[2024-05-22T22:40:10.946+0000] {logging_mixin.py:188} INFO - [2024-05-22T22:40:10.945+0000] {dag.py:3823} INFO - Setting next_dagrun for example_complex to None, run_after=None
[2024-05-22T22:40:10.969+0000] {processor.py:183} INFO - Processing /home/airflow/.local/lib/python3.8/site-packages/airflow/example_dags/example_complex.py took 0.106 seconds
[2024-05-22T22:40:41.393+0000] {processor.py:161} INFO - Started process (PID=52685) to work on /home/airflow/.local/lib/python3.8/site-packages/airflow/example_dags/example_complex.py
[2024-05-22T22:40:41.394+0000] {processor.py:830} INFO - Processing file /home/airflow/.local/lib/python3.8/site-packages/airflow/example_dags/example_complex.py for tasks to queue
[2024-05-22T22:40:41.395+0000] {logging_mixin.py:188} INFO - [2024-05-22T22:40:41.395+0000] {dagbag.py:538} INFO - Filling up the DagBag from /home/airflow/.local/lib/python3.8/site-packages/airflow/example_dags/example_complex.py
[2024-05-22T22:40:41.407+0000] {processor.py:840} INFO - DAG(s) 'example_complex' retrieved from /home/airflow/.local/lib/python3.8/site-packages/airflow/example_dags/example_complex.py
[2024-05-22T22:40:41.439+0000] {logging_mixin.py:188} INFO - [2024-05-22T22:40:41.438+0000] {dag.py:3036} INFO - Sync 1 DAGs
[2024-05-22T22:40:41.450+0000] {logging_mixin.py:188} INFO - [2024-05-22T22:40:41.450+0000] {dag.py:3823} INFO - Setting next_dagrun for example_complex to None, run_after=None
[2024-05-22T22:40:41.471+0000] {processor.py:183} INFO - Processing /home/airflow/.local/lib/python3.8/site-packages/airflow/example_dags/example_complex.py took 0.081 seconds
[2024-05-22T22:41:11.860+0000] {processor.py:161} INFO - Started process (PID=52742) to work on /home/airflow/.local/lib/python3.8/site-packages/airflow/example_dags/example_complex.py
[2024-05-22T22:41:11.861+0000] {processor.py:830} INFO - Processing file /home/airflow/.local/lib/python3.8/site-packages/airflow/example_dags/example_complex.py for tasks to queue
[2024-05-22T22:41:11.863+0000] {logging_mixin.py:188} INFO - [2024-05-22T22:41:11.863+0000] {dagbag.py:538} INFO - Filling up the DagBag from /home/airflow/.local/lib/python3.8/site-packages/airflow/example_dags/example_complex.py
[2024-05-22T22:41:11.877+0000] {processor.py:840} INFO - DAG(s) 'example_complex' retrieved from /home/airflow/.local/lib/python3.8/site-packages/airflow/example_dags/example_complex.py
[2024-05-22T22:41:11.914+0000] {logging_mixin.py:188} INFO - [2024-05-22T22:41:11.914+0000] {dag.py:3036} INFO - Sync 1 DAGs
[2024-05-22T22:41:11.928+0000] {logging_mixin.py:188} INFO - [2024-05-22T22:41:11.928+0000] {dag.py:3823} INFO - Setting next_dagrun for example_complex to None, run_after=None
[2024-05-22T22:41:11.951+0000] {processor.py:183} INFO - Processing /home/airflow/.local/lib/python3.8/site-packages/airflow/example_dags/example_complex.py took 0.093 seconds
[2024-05-22T22:41:42.371+0000] {processor.py:161} INFO - Started process (PID=52799) to work on /home/airflow/.local/lib/python3.8/site-packages/airflow/example_dags/example_complex.py
[2024-05-22T22:41:42.372+0000] {processor.py:830} INFO - Processing file /home/airflow/.local/lib/python3.8/site-packages/airflow/example_dags/example_complex.py for tasks to queue
[2024-05-22T22:41:42.375+0000] {logging_mixin.py:188} INFO - [2024-05-22T22:41:42.374+0000] {dagbag.py:538} INFO - Filling up the DagBag from /home/airflow/.local/lib/python3.8/site-packages/airflow/example_dags/example_complex.py
[2024-05-22T22:41:42.388+0000] {processor.py:840} INFO - DAG(s) 'example_complex' retrieved from /home/airflow/.local/lib/python3.8/site-packages/airflow/example_dags/example_complex.py
[2024-05-22T22:41:42.426+0000] {logging_mixin.py:188} INFO - [2024-05-22T22:41:42.426+0000] {dag.py:3036} INFO - Sync 1 DAGs
[2024-05-22T22:41:42.440+0000] {logging_mixin.py:188} INFO - [2024-05-22T22:41:42.439+0000] {dag.py:3823} INFO - Setting next_dagrun for example_complex to None, run_after=None
[2024-05-22T22:41:42.460+0000] {processor.py:183} INFO - Processing /home/airflow/.local/lib/python3.8/site-packages/airflow/example_dags/example_complex.py took 0.093 seconds
[2024-05-22T22:42:12.981+0000] {processor.py:161} INFO - Started process (PID=52857) to work on /home/airflow/.local/lib/python3.8/site-packages/airflow/example_dags/example_complex.py
[2024-05-22T22:42:12.982+0000] {processor.py:830} INFO - Processing file /home/airflow/.local/lib/python3.8/site-packages/airflow/example_dags/example_complex.py for tasks to queue
[2024-05-22T22:42:12.983+0000] {logging_mixin.py:188} INFO - [2024-05-22T22:42:12.983+0000] {dagbag.py:538} INFO - Filling up the DagBag from /home/airflow/.local/lib/python3.8/site-packages/airflow/example_dags/example_complex.py
[2024-05-22T22:42:12.999+0000] {processor.py:840} INFO - DAG(s) 'example_complex' retrieved from /home/airflow/.local/lib/python3.8/site-packages/airflow/example_dags/example_complex.py
[2024-05-22T22:42:13.038+0000] {logging_mixin.py:188} INFO - [2024-05-22T22:42:13.037+0000] {dag.py:3036} INFO - Sync 1 DAGs
[2024-05-22T22:42:13.053+0000] {logging_mixin.py:188} INFO - [2024-05-22T22:42:13.053+0000] {dag.py:3823} INFO - Setting next_dagrun for example_complex to None, run_after=None
[2024-05-22T22:42:13.082+0000] {processor.py:183} INFO - Processing /home/airflow/.local/lib/python3.8/site-packages/airflow/example_dags/example_complex.py took 0.104 seconds
[2024-05-22T22:42:43.479+0000] {processor.py:161} INFO - Started process (PID=52914) to work on /home/airflow/.local/lib/python3.8/site-packages/airflow/example_dags/example_complex.py
[2024-05-22T22:42:43.481+0000] {processor.py:830} INFO - Processing file /home/airflow/.local/lib/python3.8/site-packages/airflow/example_dags/example_complex.py for tasks to queue
[2024-05-22T22:42:43.483+0000] {logging_mixin.py:188} INFO - [2024-05-22T22:42:43.482+0000] {dagbag.py:538} INFO - Filling up the DagBag from /home/airflow/.local/lib/python3.8/site-packages/airflow/example_dags/example_complex.py
[2024-05-22T22:42:43.500+0000] {processor.py:840} INFO - DAG(s) 'example_complex' retrieved from /home/airflow/.local/lib/python3.8/site-packages/airflow/example_dags/example_complex.py
[2024-05-22T22:42:43.546+0000] {logging_mixin.py:188} INFO - [2024-05-22T22:42:43.546+0000] {dag.py:3036} INFO - Sync 1 DAGs
[2024-05-22T22:42:43.562+0000] {logging_mixin.py:188} INFO - [2024-05-22T22:42:43.561+0000] {dag.py:3823} INFO - Setting next_dagrun for example_complex to None, run_after=None
[2024-05-22T22:42:43.598+0000] {processor.py:183} INFO - Processing /home/airflow/.local/lib/python3.8/site-packages/airflow/example_dags/example_complex.py took 0.121 seconds
[2024-05-22T22:43:14.178+0000] {processor.py:161} INFO - Started process (PID=52971) to work on /home/airflow/.local/lib/python3.8/site-packages/airflow/example_dags/example_complex.py
[2024-05-22T22:43:14.179+0000] {processor.py:830} INFO - Processing file /home/airflow/.local/lib/python3.8/site-packages/airflow/example_dags/example_complex.py for tasks to queue
[2024-05-22T22:43:14.183+0000] {logging_mixin.py:188} INFO - [2024-05-22T22:43:14.182+0000] {dagbag.py:538} INFO - Filling up the DagBag from /home/airflow/.local/lib/python3.8/site-packages/airflow/example_dags/example_complex.py
[2024-05-22T22:43:14.198+0000] {processor.py:840} INFO - DAG(s) 'example_complex' retrieved from /home/airflow/.local/lib/python3.8/site-packages/airflow/example_dags/example_complex.py
[2024-05-22T22:43:14.235+0000] {logging_mixin.py:188} INFO - [2024-05-22T22:43:14.235+0000] {dag.py:3036} INFO - Sync 1 DAGs
[2024-05-22T22:43:14.251+0000] {logging_mixin.py:188} INFO - [2024-05-22T22:43:14.251+0000] {dag.py:3823} INFO - Setting next_dagrun for example_complex to None, run_after=None
[2024-05-22T22:43:14.279+0000] {processor.py:183} INFO - Processing /home/airflow/.local/lib/python3.8/site-packages/airflow/example_dags/example_complex.py took 0.105 seconds
[2024-05-22T22:43:44.521+0000] {processor.py:161} INFO - Started process (PID=53028) to work on /home/airflow/.local/lib/python3.8/site-packages/airflow/example_dags/example_complex.py
[2024-05-22T22:43:44.523+0000] {processor.py:830} INFO - Processing file /home/airflow/.local/lib/python3.8/site-packages/airflow/example_dags/example_complex.py for tasks to queue
[2024-05-22T22:43:44.525+0000] {logging_mixin.py:188} INFO - [2024-05-22T22:43:44.524+0000] {dagbag.py:538} INFO - Filling up the DagBag from /home/airflow/.local/lib/python3.8/site-packages/airflow/example_dags/example_complex.py
[2024-05-22T22:43:44.545+0000] {processor.py:840} INFO - DAG(s) 'example_complex' retrieved from /home/airflow/.local/lib/python3.8/site-packages/airflow/example_dags/example_complex.py
[2024-05-22T22:43:44.589+0000] {logging_mixin.py:188} INFO - [2024-05-22T22:43:44.588+0000] {dag.py:3036} INFO - Sync 1 DAGs
[2024-05-22T22:43:44.604+0000] {logging_mixin.py:188} INFO - [2024-05-22T22:43:44.603+0000] {dag.py:3823} INFO - Setting next_dagrun for example_complex to None, run_after=None
[2024-05-22T22:43:44.636+0000] {processor.py:183} INFO - Processing /home/airflow/.local/lib/python3.8/site-packages/airflow/example_dags/example_complex.py took 0.118 seconds
[2024-05-22T22:44:14.929+0000] {processor.py:161} INFO - Started process (PID=53085) to work on /home/airflow/.local/lib/python3.8/site-packages/airflow/example_dags/example_complex.py
[2024-05-22T22:44:14.930+0000] {processor.py:830} INFO - Processing file /home/airflow/.local/lib/python3.8/site-packages/airflow/example_dags/example_complex.py for tasks to queue
[2024-05-22T22:44:14.932+0000] {logging_mixin.py:188} INFO - [2024-05-22T22:44:14.932+0000] {dagbag.py:538} INFO - Filling up the DagBag from /home/airflow/.local/lib/python3.8/site-packages/airflow/example_dags/example_complex.py
[2024-05-22T22:44:14.945+0000] {processor.py:840} INFO - DAG(s) 'example_complex' retrieved from /home/airflow/.local/lib/python3.8/site-packages/airflow/example_dags/example_complex.py
[2024-05-22T22:44:14.983+0000] {logging_mixin.py:188} INFO - [2024-05-22T22:44:14.982+0000] {dag.py:3036} INFO - Sync 1 DAGs
[2024-05-22T22:44:14.999+0000] {logging_mixin.py:188} INFO - [2024-05-22T22:44:14.998+0000] {dag.py:3823} INFO - Setting next_dagrun for example_complex to None, run_after=None
[2024-05-22T22:44:15.031+0000] {processor.py:183} INFO - Processing /home/airflow/.local/lib/python3.8/site-packages/airflow/example_dags/example_complex.py took 0.106 seconds
[2024-05-22T22:44:45.069+0000] {processor.py:161} INFO - Started process (PID=53141) to work on /home/airflow/.local/lib/python3.8/site-packages/airflow/example_dags/example_complex.py
[2024-05-22T22:44:45.070+0000] {processor.py:830} INFO - Processing file /home/airflow/.local/lib/python3.8/site-packages/airflow/example_dags/example_complex.py for tasks to queue
[2024-05-22T22:44:45.073+0000] {logging_mixin.py:188} INFO - [2024-05-22T22:44:45.072+0000] {dagbag.py:538} INFO - Filling up the DagBag from /home/airflow/.local/lib/python3.8/site-packages/airflow/example_dags/example_complex.py
[2024-05-22T22:44:45.086+0000] {processor.py:840} INFO - DAG(s) 'example_complex' retrieved from /home/airflow/.local/lib/python3.8/site-packages/airflow/example_dags/example_complex.py
[2024-05-22T22:44:45.130+0000] {logging_mixin.py:188} INFO - [2024-05-22T22:44:45.129+0000] {dag.py:3036} INFO - Sync 1 DAGs
[2024-05-22T22:44:45.147+0000] {logging_mixin.py:188} INFO - [2024-05-22T22:44:45.146+0000] {dag.py:3823} INFO - Setting next_dagrun for example_complex to None, run_after=None
[2024-05-22T22:44:45.172+0000] {processor.py:183} INFO - Processing /home/airflow/.local/lib/python3.8/site-packages/airflow/example_dags/example_complex.py took 0.107 seconds
[2024-05-22T22:45:15.335+0000] {processor.py:161} INFO - Started process (PID=53197) to work on /home/airflow/.local/lib/python3.8/site-packages/airflow/example_dags/example_complex.py
[2024-05-22T22:45:15.337+0000] {processor.py:830} INFO - Processing file /home/airflow/.local/lib/python3.8/site-packages/airflow/example_dags/example_complex.py for tasks to queue
[2024-05-22T22:45:15.340+0000] {logging_mixin.py:188} INFO - [2024-05-22T22:45:15.339+0000] {dagbag.py:538} INFO - Filling up the DagBag from /home/airflow/.local/lib/python3.8/site-packages/airflow/example_dags/example_complex.py
[2024-05-22T22:45:15.357+0000] {processor.py:840} INFO - DAG(s) 'example_complex' retrieved from /home/airflow/.local/lib/python3.8/site-packages/airflow/example_dags/example_complex.py
[2024-05-22T22:45:15.408+0000] {logging_mixin.py:188} INFO - [2024-05-22T22:45:15.408+0000] {dag.py:3036} INFO - Sync 1 DAGs
[2024-05-22T22:45:15.425+0000] {logging_mixin.py:188} INFO - [2024-05-22T22:45:15.424+0000] {dag.py:3823} INFO - Setting next_dagrun for example_complex to None, run_after=None
[2024-05-22T22:45:15.455+0000] {processor.py:183} INFO - Processing /home/airflow/.local/lib/python3.8/site-packages/airflow/example_dags/example_complex.py took 0.124 seconds
[2024-05-22T22:45:45.583+0000] {processor.py:161} INFO - Started process (PID=53255) to work on /home/airflow/.local/lib/python3.8/site-packages/airflow/example_dags/example_complex.py
[2024-05-22T22:45:45.585+0000] {processor.py:830} INFO - Processing file /home/airflow/.local/lib/python3.8/site-packages/airflow/example_dags/example_complex.py for tasks to queue
[2024-05-22T22:45:45.588+0000] {logging_mixin.py:188} INFO - [2024-05-22T22:45:45.588+0000] {dagbag.py:538} INFO - Filling up the DagBag from /home/airflow/.local/lib/python3.8/site-packages/airflow/example_dags/example_complex.py
[2024-05-22T22:45:45.606+0000] {processor.py:840} INFO - DAG(s) 'example_complex' retrieved from /home/airflow/.local/lib/python3.8/site-packages/airflow/example_dags/example_complex.py
[2024-05-22T22:45:45.652+0000] {logging_mixin.py:188} INFO - [2024-05-22T22:45:45.652+0000] {dag.py:3036} INFO - Sync 1 DAGs
[2024-05-22T22:45:45.668+0000] {logging_mixin.py:188} INFO - [2024-05-22T22:45:45.667+0000] {dag.py:3823} INFO - Setting next_dagrun for example_complex to None, run_after=None
[2024-05-22T22:45:45.698+0000] {processor.py:183} INFO - Processing /home/airflow/.local/lib/python3.8/site-packages/airflow/example_dags/example_complex.py took 0.119 seconds
[2024-05-22T22:46:16.564+0000] {processor.py:161} INFO - Started process (PID=53314) to work on /home/airflow/.local/lib/python3.8/site-packages/airflow/example_dags/example_complex.py
[2024-05-22T22:46:16.565+0000] {processor.py:830} INFO - Processing file /home/airflow/.local/lib/python3.8/site-packages/airflow/example_dags/example_complex.py for tasks to queue
[2024-05-22T22:46:16.567+0000] {logging_mixin.py:188} INFO - [2024-05-22T22:46:16.567+0000] {dagbag.py:538} INFO - Filling up the DagBag from /home/airflow/.local/lib/python3.8/site-packages/airflow/example_dags/example_complex.py
[2024-05-22T22:46:16.580+0000] {processor.py:840} INFO - DAG(s) 'example_complex' retrieved from /home/airflow/.local/lib/python3.8/site-packages/airflow/example_dags/example_complex.py
[2024-05-22T22:46:16.619+0000] {logging_mixin.py:188} INFO - [2024-05-22T22:46:16.618+0000] {dag.py:3036} INFO - Sync 1 DAGs
[2024-05-22T22:46:16.639+0000] {logging_mixin.py:188} INFO - [2024-05-22T22:46:16.639+0000] {dag.py:3823} INFO - Setting next_dagrun for example_complex to None, run_after=None
[2024-05-22T22:46:16.666+0000] {processor.py:183} INFO - Processing /home/airflow/.local/lib/python3.8/site-packages/airflow/example_dags/example_complex.py took 0.105 seconds
[2024-05-22T22:46:47.156+0000] {processor.py:161} INFO - Started process (PID=53371) to work on /home/airflow/.local/lib/python3.8/site-packages/airflow/example_dags/example_complex.py
[2024-05-22T22:46:47.157+0000] {processor.py:830} INFO - Processing file /home/airflow/.local/lib/python3.8/site-packages/airflow/example_dags/example_complex.py for tasks to queue
[2024-05-22T22:46:47.159+0000] {logging_mixin.py:188} INFO - [2024-05-22T22:46:47.159+0000] {dagbag.py:538} INFO - Filling up the DagBag from /home/airflow/.local/lib/python3.8/site-packages/airflow/example_dags/example_complex.py
[2024-05-22T22:46:47.176+0000] {processor.py:840} INFO - DAG(s) 'example_complex' retrieved from /home/airflow/.local/lib/python3.8/site-packages/airflow/example_dags/example_complex.py
[2024-05-22T22:46:47.220+0000] {logging_mixin.py:188} INFO - [2024-05-22T22:46:47.220+0000] {dag.py:3036} INFO - Sync 1 DAGs
[2024-05-22T22:46:47.237+0000] {logging_mixin.py:188} INFO - [2024-05-22T22:46:47.237+0000] {dag.py:3823} INFO - Setting next_dagrun for example_complex to None, run_after=None
[2024-05-22T22:46:47.263+0000] {processor.py:183} INFO - Processing /home/airflow/.local/lib/python3.8/site-packages/airflow/example_dags/example_complex.py took 0.112 seconds
[2024-05-22T22:47:17.439+0000] {processor.py:161} INFO - Started process (PID=53428) to work on /home/airflow/.local/lib/python3.8/site-packages/airflow/example_dags/example_complex.py
[2024-05-22T22:47:17.440+0000] {processor.py:830} INFO - Processing file /home/airflow/.local/lib/python3.8/site-packages/airflow/example_dags/example_complex.py for tasks to queue
[2024-05-22T22:47:17.442+0000] {logging_mixin.py:188} INFO - [2024-05-22T22:47:17.441+0000] {dagbag.py:538} INFO - Filling up the DagBag from /home/airflow/.local/lib/python3.8/site-packages/airflow/example_dags/example_complex.py
[2024-05-22T22:47:17.454+0000] {processor.py:840} INFO - DAG(s) 'example_complex' retrieved from /home/airflow/.local/lib/python3.8/site-packages/airflow/example_dags/example_complex.py
[2024-05-22T22:47:17.490+0000] {logging_mixin.py:188} INFO - [2024-05-22T22:47:17.490+0000] {dag.py:3036} INFO - Sync 1 DAGs
[2024-05-22T22:47:17.504+0000] {logging_mixin.py:188} INFO - [2024-05-22T22:47:17.504+0000] {dag.py:3823} INFO - Setting next_dagrun for example_complex to None, run_after=None
[2024-05-22T22:47:17.525+0000] {processor.py:183} INFO - Processing /home/airflow/.local/lib/python3.8/site-packages/airflow/example_dags/example_complex.py took 0.089 seconds
[2024-05-22T22:47:47.836+0000] {processor.py:161} INFO - Started process (PID=53486) to work on /home/airflow/.local/lib/python3.8/site-packages/airflow/example_dags/example_complex.py
[2024-05-22T22:47:47.838+0000] {processor.py:830} INFO - Processing file /home/airflow/.local/lib/python3.8/site-packages/airflow/example_dags/example_complex.py for tasks to queue
[2024-05-22T22:47:47.840+0000] {logging_mixin.py:188} INFO - [2024-05-22T22:47:47.839+0000] {dagbag.py:538} INFO - Filling up the DagBag from /home/airflow/.local/lib/python3.8/site-packages/airflow/example_dags/example_complex.py
[2024-05-22T22:47:47.853+0000] {processor.py:840} INFO - DAG(s) 'example_complex' retrieved from /home/airflow/.local/lib/python3.8/site-packages/airflow/example_dags/example_complex.py
[2024-05-22T22:47:47.888+0000] {logging_mixin.py:188} INFO - [2024-05-22T22:47:47.888+0000] {dag.py:3036} INFO - Sync 1 DAGs
[2024-05-22T22:47:47.904+0000] {logging_mixin.py:188} INFO - [2024-05-22T22:47:47.903+0000] {dag.py:3823} INFO - Setting next_dagrun for example_complex to None, run_after=None
[2024-05-22T22:47:47.928+0000] {processor.py:183} INFO - Processing /home/airflow/.local/lib/python3.8/site-packages/airflow/example_dags/example_complex.py took 0.095 seconds
[2024-05-22T22:48:18.342+0000] {processor.py:161} INFO - Started process (PID=53543) to work on /home/airflow/.local/lib/python3.8/site-packages/airflow/example_dags/example_complex.py
[2024-05-22T22:48:18.343+0000] {processor.py:830} INFO - Processing file /home/airflow/.local/lib/python3.8/site-packages/airflow/example_dags/example_complex.py for tasks to queue
[2024-05-22T22:48:18.346+0000] {logging_mixin.py:188} INFO - [2024-05-22T22:48:18.346+0000] {dagbag.py:538} INFO - Filling up the DagBag from /home/airflow/.local/lib/python3.8/site-packages/airflow/example_dags/example_complex.py
[2024-05-22T22:48:18.359+0000] {processor.py:840} INFO - DAG(s) 'example_complex' retrieved from /home/airflow/.local/lib/python3.8/site-packages/airflow/example_dags/example_complex.py
[2024-05-22T22:48:18.402+0000] {logging_mixin.py:188} INFO - [2024-05-22T22:48:18.402+0000] {dag.py:3036} INFO - Sync 1 DAGs
[2024-05-22T22:48:18.417+0000] {logging_mixin.py:188} INFO - [2024-05-22T22:48:18.416+0000] {dag.py:3823} INFO - Setting next_dagrun for example_complex to None, run_after=None
[2024-05-22T22:48:18.449+0000] {processor.py:183} INFO - Processing /home/airflow/.local/lib/python3.8/site-packages/airflow/example_dags/example_complex.py took 0.110 seconds
[2024-05-22T22:48:48.949+0000] {processor.py:161} INFO - Started process (PID=53599) to work on /home/airflow/.local/lib/python3.8/site-packages/airflow/example_dags/example_complex.py
[2024-05-22T22:48:48.950+0000] {processor.py:830} INFO - Processing file /home/airflow/.local/lib/python3.8/site-packages/airflow/example_dags/example_complex.py for tasks to queue
[2024-05-22T22:48:48.953+0000] {logging_mixin.py:188} INFO - [2024-05-22T22:48:48.952+0000] {dagbag.py:538} INFO - Filling up the DagBag from /home/airflow/.local/lib/python3.8/site-packages/airflow/example_dags/example_complex.py
[2024-05-22T22:48:48.967+0000] {processor.py:840} INFO - DAG(s) 'example_complex' retrieved from /home/airflow/.local/lib/python3.8/site-packages/airflow/example_dags/example_complex.py
[2024-05-22T22:48:49.015+0000] {logging_mixin.py:188} INFO - [2024-05-22T22:48:49.014+0000] {dag.py:3036} INFO - Sync 1 DAGs
[2024-05-22T22:48:49.033+0000] {logging_mixin.py:188} INFO - [2024-05-22T22:48:49.032+0000] {dag.py:3823} INFO - Setting next_dagrun for example_complex to None, run_after=None
[2024-05-22T22:48:49.060+0000] {processor.py:183} INFO - Processing /home/airflow/.local/lib/python3.8/site-packages/airflow/example_dags/example_complex.py took 0.118 seconds
[2024-05-22T22:49:19.196+0000] {processor.py:161} INFO - Started process (PID=53655) to work on /home/airflow/.local/lib/python3.8/site-packages/airflow/example_dags/example_complex.py
[2024-05-22T22:49:19.197+0000] {processor.py:830} INFO - Processing file /home/airflow/.local/lib/python3.8/site-packages/airflow/example_dags/example_complex.py for tasks to queue
[2024-05-22T22:49:19.199+0000] {logging_mixin.py:188} INFO - [2024-05-22T22:49:19.199+0000] {dagbag.py:538} INFO - Filling up the DagBag from /home/airflow/.local/lib/python3.8/site-packages/airflow/example_dags/example_complex.py
[2024-05-22T22:49:19.216+0000] {processor.py:840} INFO - DAG(s) 'example_complex' retrieved from /home/airflow/.local/lib/python3.8/site-packages/airflow/example_dags/example_complex.py
[2024-05-22T22:49:19.261+0000] {logging_mixin.py:188} INFO - [2024-05-22T22:49:19.261+0000] {dag.py:3036} INFO - Sync 1 DAGs
[2024-05-22T22:49:19.277+0000] {logging_mixin.py:188} INFO - [2024-05-22T22:49:19.277+0000] {dag.py:3823} INFO - Setting next_dagrun for example_complex to None, run_after=None
[2024-05-22T22:49:19.308+0000] {processor.py:183} INFO - Processing /home/airflow/.local/lib/python3.8/site-packages/airflow/example_dags/example_complex.py took 0.116 seconds
[2024-05-22T22:49:49.450+0000] {processor.py:161} INFO - Started process (PID=53712) to work on /home/airflow/.local/lib/python3.8/site-packages/airflow/example_dags/example_complex.py
[2024-05-22T22:49:49.452+0000] {processor.py:830} INFO - Processing file /home/airflow/.local/lib/python3.8/site-packages/airflow/example_dags/example_complex.py for tasks to queue
[2024-05-22T22:49:49.454+0000] {logging_mixin.py:188} INFO - [2024-05-22T22:49:49.453+0000] {dagbag.py:538} INFO - Filling up the DagBag from /home/airflow/.local/lib/python3.8/site-packages/airflow/example_dags/example_complex.py
[2024-05-22T22:49:49.470+0000] {processor.py:840} INFO - DAG(s) 'example_complex' retrieved from /home/airflow/.local/lib/python3.8/site-packages/airflow/example_dags/example_complex.py
[2024-05-22T22:49:49.509+0000] {logging_mixin.py:188} INFO - [2024-05-22T22:49:49.509+0000] {dag.py:3036} INFO - Sync 1 DAGs
[2024-05-22T22:49:49.529+0000] {logging_mixin.py:188} INFO - [2024-05-22T22:49:49.529+0000] {dag.py:3823} INFO - Setting next_dagrun for example_complex to None, run_after=None
[2024-05-22T22:49:49.556+0000] {processor.py:183} INFO - Processing /home/airflow/.local/lib/python3.8/site-packages/airflow/example_dags/example_complex.py took 0.109 seconds
[2024-05-22T22:50:20.011+0000] {processor.py:161} INFO - Started process (PID=53769) to work on /home/airflow/.local/lib/python3.8/site-packages/airflow/example_dags/example_complex.py
[2024-05-22T22:50:20.012+0000] {processor.py:830} INFO - Processing file /home/airflow/.local/lib/python3.8/site-packages/airflow/example_dags/example_complex.py for tasks to queue
[2024-05-22T22:50:20.014+0000] {logging_mixin.py:188} INFO - [2024-05-22T22:50:20.014+0000] {dagbag.py:538} INFO - Filling up the DagBag from /home/airflow/.local/lib/python3.8/site-packages/airflow/example_dags/example_complex.py
[2024-05-22T22:50:20.025+0000] {processor.py:840} INFO - DAG(s) 'example_complex' retrieved from /home/airflow/.local/lib/python3.8/site-packages/airflow/example_dags/example_complex.py
[2024-05-22T22:50:20.058+0000] {logging_mixin.py:188} INFO - [2024-05-22T22:50:20.058+0000] {dag.py:3036} INFO - Sync 1 DAGs
[2024-05-22T22:50:20.071+0000] {logging_mixin.py:188} INFO - [2024-05-22T22:50:20.071+0000] {dag.py:3823} INFO - Setting next_dagrun for example_complex to None, run_after=None
[2024-05-22T22:50:20.092+0000] {processor.py:183} INFO - Processing /home/airflow/.local/lib/python3.8/site-packages/airflow/example_dags/example_complex.py took 0.083 seconds
[2024-05-22T22:50:50.600+0000] {processor.py:161} INFO - Started process (PID=53826) to work on /home/airflow/.local/lib/python3.8/site-packages/airflow/example_dags/example_complex.py
[2024-05-22T22:50:50.601+0000] {processor.py:830} INFO - Processing file /home/airflow/.local/lib/python3.8/site-packages/airflow/example_dags/example_complex.py for tasks to queue
[2024-05-22T22:50:50.603+0000] {logging_mixin.py:188} INFO - [2024-05-22T22:50:50.603+0000] {dagbag.py:538} INFO - Filling up the DagBag from /home/airflow/.local/lib/python3.8/site-packages/airflow/example_dags/example_complex.py
[2024-05-22T22:50:50.615+0000] {processor.py:840} INFO - DAG(s) 'example_complex' retrieved from /home/airflow/.local/lib/python3.8/site-packages/airflow/example_dags/example_complex.py
[2024-05-22T22:50:50.654+0000] {logging_mixin.py:188} INFO - [2024-05-22T22:50:50.654+0000] {dag.py:3036} INFO - Sync 1 DAGs
[2024-05-22T22:50:50.671+0000] {logging_mixin.py:188} INFO - [2024-05-22T22:50:50.671+0000] {dag.py:3823} INFO - Setting next_dagrun for example_complex to None, run_after=None
[2024-05-22T22:50:50.693+0000] {processor.py:183} INFO - Processing /home/airflow/.local/lib/python3.8/site-packages/airflow/example_dags/example_complex.py took 0.096 seconds
[2024-05-22T22:51:21.055+0000] {processor.py:161} INFO - Started process (PID=53883) to work on /home/airflow/.local/lib/python3.8/site-packages/airflow/example_dags/example_complex.py
[2024-05-22T22:51:21.057+0000] {processor.py:830} INFO - Processing file /home/airflow/.local/lib/python3.8/site-packages/airflow/example_dags/example_complex.py for tasks to queue
[2024-05-22T22:51:21.058+0000] {logging_mixin.py:188} INFO - [2024-05-22T22:51:21.058+0000] {dagbag.py:538} INFO - Filling up the DagBag from /home/airflow/.local/lib/python3.8/site-packages/airflow/example_dags/example_complex.py
[2024-05-22T22:51:21.071+0000] {processor.py:840} INFO - DAG(s) 'example_complex' retrieved from /home/airflow/.local/lib/python3.8/site-packages/airflow/example_dags/example_complex.py
[2024-05-22T22:51:21.109+0000] {logging_mixin.py:188} INFO - [2024-05-22T22:51:21.109+0000] {dag.py:3036} INFO - Sync 1 DAGs
[2024-05-22T22:51:21.123+0000] {logging_mixin.py:188} INFO - [2024-05-22T22:51:21.123+0000] {dag.py:3823} INFO - Setting next_dagrun for example_complex to None, run_after=None
[2024-05-22T22:51:21.149+0000] {processor.py:183} INFO - Processing /home/airflow/.local/lib/python3.8/site-packages/airflow/example_dags/example_complex.py took 0.097 seconds
[2024-05-22T22:51:51.481+0000] {processor.py:161} INFO - Started process (PID=53940) to work on /home/airflow/.local/lib/python3.8/site-packages/airflow/example_dags/example_complex.py
[2024-05-22T22:51:51.483+0000] {processor.py:830} INFO - Processing file /home/airflow/.local/lib/python3.8/site-packages/airflow/example_dags/example_complex.py for tasks to queue
[2024-05-22T22:51:51.485+0000] {logging_mixin.py:188} INFO - [2024-05-22T22:51:51.485+0000] {dagbag.py:538} INFO - Filling up the DagBag from /home/airflow/.local/lib/python3.8/site-packages/airflow/example_dags/example_complex.py
[2024-05-22T22:51:51.498+0000] {processor.py:840} INFO - DAG(s) 'example_complex' retrieved from /home/airflow/.local/lib/python3.8/site-packages/airflow/example_dags/example_complex.py
[2024-05-22T22:51:51.533+0000] {logging_mixin.py:188} INFO - [2024-05-22T22:51:51.532+0000] {dag.py:3036} INFO - Sync 1 DAGs
[2024-05-22T22:51:51.551+0000] {logging_mixin.py:188} INFO - [2024-05-22T22:51:51.551+0000] {dag.py:3823} INFO - Setting next_dagrun for example_complex to None, run_after=None
[2024-05-22T22:51:51.578+0000] {processor.py:183} INFO - Processing /home/airflow/.local/lib/python3.8/site-packages/airflow/example_dags/example_complex.py took 0.101 seconds
[2024-05-22T22:52:21.859+0000] {processor.py:161} INFO - Started process (PID=53997) to work on /home/airflow/.local/lib/python3.8/site-packages/airflow/example_dags/example_complex.py
[2024-05-22T22:52:21.860+0000] {processor.py:830} INFO - Processing file /home/airflow/.local/lib/python3.8/site-packages/airflow/example_dags/example_complex.py for tasks to queue
[2024-05-22T22:52:21.862+0000] {logging_mixin.py:188} INFO - [2024-05-22T22:52:21.862+0000] {dagbag.py:538} INFO - Filling up the DagBag from /home/airflow/.local/lib/python3.8/site-packages/airflow/example_dags/example_complex.py
[2024-05-22T22:52:21.874+0000] {processor.py:840} INFO - DAG(s) 'example_complex' retrieved from /home/airflow/.local/lib/python3.8/site-packages/airflow/example_dags/example_complex.py
[2024-05-22T22:52:21.905+0000] {logging_mixin.py:188} INFO - [2024-05-22T22:52:21.905+0000] {dag.py:3036} INFO - Sync 1 DAGs
[2024-05-22T22:52:21.918+0000] {logging_mixin.py:188} INFO - [2024-05-22T22:52:21.918+0000] {dag.py:3823} INFO - Setting next_dagrun for example_complex to None, run_after=None
[2024-05-22T22:52:21.939+0000] {processor.py:183} INFO - Processing /home/airflow/.local/lib/python3.8/site-packages/airflow/example_dags/example_complex.py took 0.082 seconds
[2024-05-22T22:52:52.188+0000] {processor.py:161} INFO - Started process (PID=54055) to work on /home/airflow/.local/lib/python3.8/site-packages/airflow/example_dags/example_complex.py
[2024-05-22T22:52:52.189+0000] {processor.py:830} INFO - Processing file /home/airflow/.local/lib/python3.8/site-packages/airflow/example_dags/example_complex.py for tasks to queue
[2024-05-22T22:52:52.191+0000] {logging_mixin.py:188} INFO - [2024-05-22T22:52:52.190+0000] {dagbag.py:538} INFO - Filling up the DagBag from /home/airflow/.local/lib/python3.8/site-packages/airflow/example_dags/example_complex.py
[2024-05-22T22:52:52.202+0000] {processor.py:840} INFO - DAG(s) 'example_complex' retrieved from /home/airflow/.local/lib/python3.8/site-packages/airflow/example_dags/example_complex.py
[2024-05-22T22:52:52.236+0000] {logging_mixin.py:188} INFO - [2024-05-22T22:52:52.236+0000] {dag.py:3036} INFO - Sync 1 DAGs
[2024-05-22T22:52:52.253+0000] {logging_mixin.py:188} INFO - [2024-05-22T22:52:52.253+0000] {dag.py:3823} INFO - Setting next_dagrun for example_complex to None, run_after=None
[2024-05-22T22:52:52.277+0000] {processor.py:183} INFO - Processing /home/airflow/.local/lib/python3.8/site-packages/airflow/example_dags/example_complex.py took 0.093 seconds
[2024-05-22T22:53:22.627+0000] {processor.py:161} INFO - Started process (PID=54112) to work on /home/airflow/.local/lib/python3.8/site-packages/airflow/example_dags/example_complex.py
[2024-05-22T22:53:22.628+0000] {processor.py:830} INFO - Processing file /home/airflow/.local/lib/python3.8/site-packages/airflow/example_dags/example_complex.py for tasks to queue
[2024-05-22T22:53:22.630+0000] {logging_mixin.py:188} INFO - [2024-05-22T22:53:22.630+0000] {dagbag.py:538} INFO - Filling up the DagBag from /home/airflow/.local/lib/python3.8/site-packages/airflow/example_dags/example_complex.py
[2024-05-22T22:53:22.642+0000] {processor.py:840} INFO - DAG(s) 'example_complex' retrieved from /home/airflow/.local/lib/python3.8/site-packages/airflow/example_dags/example_complex.py
[2024-05-22T22:53:22.680+0000] {logging_mixin.py:188} INFO - [2024-05-22T22:53:22.680+0000] {dag.py:3036} INFO - Sync 1 DAGs
[2024-05-22T22:53:22.694+0000] {logging_mixin.py:188} INFO - [2024-05-22T22:53:22.694+0000] {dag.py:3823} INFO - Setting next_dagrun for example_complex to None, run_after=None
[2024-05-22T22:53:22.720+0000] {processor.py:183} INFO - Processing /home/airflow/.local/lib/python3.8/site-packages/airflow/example_dags/example_complex.py took 0.097 seconds
[2024-05-22T22:53:53.008+0000] {processor.py:161} INFO - Started process (PID=54169) to work on /home/airflow/.local/lib/python3.8/site-packages/airflow/example_dags/example_complex.py
[2024-05-22T22:53:53.009+0000] {processor.py:830} INFO - Processing file /home/airflow/.local/lib/python3.8/site-packages/airflow/example_dags/example_complex.py for tasks to queue
[2024-05-22T22:53:53.011+0000] {logging_mixin.py:188} INFO - [2024-05-22T22:53:53.011+0000] {dagbag.py:538} INFO - Filling up the DagBag from /home/airflow/.local/lib/python3.8/site-packages/airflow/example_dags/example_complex.py
[2024-05-22T22:53:53.025+0000] {processor.py:840} INFO - DAG(s) 'example_complex' retrieved from /home/airflow/.local/lib/python3.8/site-packages/airflow/example_dags/example_complex.py
[2024-05-22T22:53:53.064+0000] {logging_mixin.py:188} INFO - [2024-05-22T22:53:53.064+0000] {dag.py:3036} INFO - Sync 1 DAGs
[2024-05-22T22:53:53.081+0000] {logging_mixin.py:188} INFO - [2024-05-22T22:53:53.081+0000] {dag.py:3823} INFO - Setting next_dagrun for example_complex to None, run_after=None
[2024-05-22T22:53:53.109+0000] {processor.py:183} INFO - Processing /home/airflow/.local/lib/python3.8/site-packages/airflow/example_dags/example_complex.py took 0.104 seconds
[2024-05-22T22:54:23.334+0000] {processor.py:161} INFO - Started process (PID=54226) to work on /home/airflow/.local/lib/python3.8/site-packages/airflow/example_dags/example_complex.py
[2024-05-22T22:54:23.335+0000] {processor.py:830} INFO - Processing file /home/airflow/.local/lib/python3.8/site-packages/airflow/example_dags/example_complex.py for tasks to queue
[2024-05-22T22:54:23.337+0000] {logging_mixin.py:188} INFO - [2024-05-22T22:54:23.336+0000] {dagbag.py:538} INFO - Filling up the DagBag from /home/airflow/.local/lib/python3.8/site-packages/airflow/example_dags/example_complex.py
[2024-05-22T22:54:23.349+0000] {processor.py:840} INFO - DAG(s) 'example_complex' retrieved from /home/airflow/.local/lib/python3.8/site-packages/airflow/example_dags/example_complex.py
[2024-05-22T22:54:23.389+0000] {logging_mixin.py:188} INFO - [2024-05-22T22:54:23.388+0000] {dag.py:3036} INFO - Sync 1 DAGs
[2024-05-22T22:54:23.407+0000] {logging_mixin.py:188} INFO - [2024-05-22T22:54:23.407+0000] {dag.py:3823} INFO - Setting next_dagrun for example_complex to None, run_after=None
[2024-05-22T22:54:23.435+0000] {processor.py:183} INFO - Processing /home/airflow/.local/lib/python3.8/site-packages/airflow/example_dags/example_complex.py took 0.104 seconds
[2024-05-22T22:54:53.706+0000] {processor.py:161} INFO - Started process (PID=54283) to work on /home/airflow/.local/lib/python3.8/site-packages/airflow/example_dags/example_complex.py
[2024-05-22T22:54:53.707+0000] {processor.py:830} INFO - Processing file /home/airflow/.local/lib/python3.8/site-packages/airflow/example_dags/example_complex.py for tasks to queue
[2024-05-22T22:54:53.709+0000] {logging_mixin.py:188} INFO - [2024-05-22T22:54:53.708+0000] {dagbag.py:538} INFO - Filling up the DagBag from /home/airflow/.local/lib/python3.8/site-packages/airflow/example_dags/example_complex.py
[2024-05-22T22:54:53.720+0000] {processor.py:840} INFO - DAG(s) 'example_complex' retrieved from /home/airflow/.local/lib/python3.8/site-packages/airflow/example_dags/example_complex.py
[2024-05-22T22:54:53.753+0000] {logging_mixin.py:188} INFO - [2024-05-22T22:54:53.752+0000] {dag.py:3036} INFO - Sync 1 DAGs
[2024-05-22T22:54:53.766+0000] {logging_mixin.py:188} INFO - [2024-05-22T22:54:53.766+0000] {dag.py:3823} INFO - Setting next_dagrun for example_complex to None, run_after=None
[2024-05-22T22:54:53.789+0000] {processor.py:183} INFO - Processing /home/airflow/.local/lib/python3.8/site-packages/airflow/example_dags/example_complex.py took 0.085 seconds
[2024-05-22T22:55:24.019+0000] {processor.py:161} INFO - Started process (PID=54340) to work on /home/airflow/.local/lib/python3.8/site-packages/airflow/example_dags/example_complex.py
[2024-05-22T22:55:24.020+0000] {processor.py:830} INFO - Processing file /home/airflow/.local/lib/python3.8/site-packages/airflow/example_dags/example_complex.py for tasks to queue
[2024-05-22T22:55:24.022+0000] {logging_mixin.py:188} INFO - [2024-05-22T22:55:24.021+0000] {dagbag.py:538} INFO - Filling up the DagBag from /home/airflow/.local/lib/python3.8/site-packages/airflow/example_dags/example_complex.py
[2024-05-22T22:55:24.034+0000] {processor.py:840} INFO - DAG(s) 'example_complex' retrieved from /home/airflow/.local/lib/python3.8/site-packages/airflow/example_dags/example_complex.py
[2024-05-22T22:55:24.072+0000] {logging_mixin.py:188} INFO - [2024-05-22T22:55:24.072+0000] {dag.py:3036} INFO - Sync 1 DAGs
[2024-05-22T22:55:24.087+0000] {logging_mixin.py:188} INFO - [2024-05-22T22:55:24.086+0000] {dag.py:3823} INFO - Setting next_dagrun for example_complex to None, run_after=None
[2024-05-22T22:55:24.113+0000] {processor.py:183} INFO - Processing /home/airflow/.local/lib/python3.8/site-packages/airflow/example_dags/example_complex.py took 0.096 seconds
[2024-05-22T22:55:54.550+0000] {processor.py:161} INFO - Started process (PID=54397) to work on /home/airflow/.local/lib/python3.8/site-packages/airflow/example_dags/example_complex.py
[2024-05-22T22:55:54.551+0000] {processor.py:830} INFO - Processing file /home/airflow/.local/lib/python3.8/site-packages/airflow/example_dags/example_complex.py for tasks to queue
[2024-05-22T22:55:54.552+0000] {logging_mixin.py:188} INFO - [2024-05-22T22:55:54.552+0000] {dagbag.py:538} INFO - Filling up the DagBag from /home/airflow/.local/lib/python3.8/site-packages/airflow/example_dags/example_complex.py
[2024-05-22T22:55:54.563+0000] {processor.py:840} INFO - DAG(s) 'example_complex' retrieved from /home/airflow/.local/lib/python3.8/site-packages/airflow/example_dags/example_complex.py
[2024-05-22T22:55:54.598+0000] {logging_mixin.py:188} INFO - [2024-05-22T22:55:54.597+0000] {dag.py:3036} INFO - Sync 1 DAGs
[2024-05-22T22:55:54.610+0000] {logging_mixin.py:188} INFO - [2024-05-22T22:55:54.610+0000] {dag.py:3823} INFO - Setting next_dagrun for example_complex to None, run_after=None
[2024-05-22T22:55:54.630+0000] {processor.py:183} INFO - Processing /home/airflow/.local/lib/python3.8/site-packages/airflow/example_dags/example_complex.py took 0.084 seconds
[2024-05-22T22:56:25.448+0000] {processor.py:161} INFO - Started process (PID=54454) to work on /home/airflow/.local/lib/python3.8/site-packages/airflow/example_dags/example_complex.py
[2024-05-22T22:56:25.449+0000] {processor.py:830} INFO - Processing file /home/airflow/.local/lib/python3.8/site-packages/airflow/example_dags/example_complex.py for tasks to queue
[2024-05-22T22:56:25.451+0000] {logging_mixin.py:188} INFO - [2024-05-22T22:56:25.451+0000] {dagbag.py:538} INFO - Filling up the DagBag from /home/airflow/.local/lib/python3.8/site-packages/airflow/example_dags/example_complex.py
[2024-05-22T22:56:25.467+0000] {processor.py:840} INFO - DAG(s) 'example_complex' retrieved from /home/airflow/.local/lib/python3.8/site-packages/airflow/example_dags/example_complex.py
[2024-05-22T22:56:25.506+0000] {logging_mixin.py:188} INFO - [2024-05-22T22:56:25.505+0000] {dag.py:3036} INFO - Sync 1 DAGs
[2024-05-22T22:56:25.520+0000] {logging_mixin.py:188} INFO - [2024-05-22T22:56:25.520+0000] {dag.py:3823} INFO - Setting next_dagrun for example_complex to None, run_after=None
[2024-05-22T22:56:25.545+0000] {processor.py:183} INFO - Processing /home/airflow/.local/lib/python3.8/site-packages/airflow/example_dags/example_complex.py took 0.100 seconds
[2024-05-22T22:56:55.855+0000] {processor.py:161} INFO - Started process (PID=54511) to work on /home/airflow/.local/lib/python3.8/site-packages/airflow/example_dags/example_complex.py
[2024-05-22T22:56:55.856+0000] {processor.py:830} INFO - Processing file /home/airflow/.local/lib/python3.8/site-packages/airflow/example_dags/example_complex.py for tasks to queue
[2024-05-22T22:56:55.859+0000] {logging_mixin.py:188} INFO - [2024-05-22T22:56:55.858+0000] {dagbag.py:538} INFO - Filling up the DagBag from /home/airflow/.local/lib/python3.8/site-packages/airflow/example_dags/example_complex.py
[2024-05-22T22:56:55.871+0000] {processor.py:840} INFO - DAG(s) 'example_complex' retrieved from /home/airflow/.local/lib/python3.8/site-packages/airflow/example_dags/example_complex.py
[2024-05-22T22:56:55.915+0000] {logging_mixin.py:188} INFO - [2024-05-22T22:56:55.914+0000] {dag.py:3036} INFO - Sync 1 DAGs
[2024-05-22T22:56:55.930+0000] {logging_mixin.py:188} INFO - [2024-05-22T22:56:55.930+0000] {dag.py:3823} INFO - Setting next_dagrun for example_complex to None, run_after=None
[2024-05-22T22:56:55.957+0000] {processor.py:183} INFO - Processing /home/airflow/.local/lib/python3.8/site-packages/airflow/example_dags/example_complex.py took 0.105 seconds
[2024-05-22T22:57:26.226+0000] {processor.py:161} INFO - Started process (PID=54568) to work on /home/airflow/.local/lib/python3.8/site-packages/airflow/example_dags/example_complex.py
[2024-05-22T22:57:26.227+0000] {processor.py:830} INFO - Processing file /home/airflow/.local/lib/python3.8/site-packages/airflow/example_dags/example_complex.py for tasks to queue
[2024-05-22T22:57:26.229+0000] {logging_mixin.py:188} INFO - [2024-05-22T22:57:26.228+0000] {dagbag.py:538} INFO - Filling up the DagBag from /home/airflow/.local/lib/python3.8/site-packages/airflow/example_dags/example_complex.py
[2024-05-22T22:57:26.243+0000] {processor.py:840} INFO - DAG(s) 'example_complex' retrieved from /home/airflow/.local/lib/python3.8/site-packages/airflow/example_dags/example_complex.py
[2024-05-22T22:57:26.284+0000] {logging_mixin.py:188} INFO - [2024-05-22T22:57:26.283+0000] {dag.py:3036} INFO - Sync 1 DAGs
[2024-05-22T22:57:26.299+0000] {logging_mixin.py:188} INFO - [2024-05-22T22:57:26.298+0000] {dag.py:3823} INFO - Setting next_dagrun for example_complex to None, run_after=None
[2024-05-22T22:57:26.323+0000] {processor.py:183} INFO - Processing /home/airflow/.local/lib/python3.8/site-packages/airflow/example_dags/example_complex.py took 0.100 seconds
[2024-05-22T22:57:56.555+0000] {processor.py:161} INFO - Started process (PID=54625) to work on /home/airflow/.local/lib/python3.8/site-packages/airflow/example_dags/example_complex.py
[2024-05-22T22:57:56.556+0000] {processor.py:830} INFO - Processing file /home/airflow/.local/lib/python3.8/site-packages/airflow/example_dags/example_complex.py for tasks to queue
[2024-05-22T22:57:56.558+0000] {logging_mixin.py:188} INFO - [2024-05-22T22:57:56.558+0000] {dagbag.py:538} INFO - Filling up the DagBag from /home/airflow/.local/lib/python3.8/site-packages/airflow/example_dags/example_complex.py
[2024-05-22T22:57:56.576+0000] {processor.py:840} INFO - DAG(s) 'example_complex' retrieved from /home/airflow/.local/lib/python3.8/site-packages/airflow/example_dags/example_complex.py
[2024-05-22T22:57:56.616+0000] {logging_mixin.py:188} INFO - [2024-05-22T22:57:56.616+0000] {dag.py:3036} INFO - Sync 1 DAGs
[2024-05-22T22:57:56.629+0000] {logging_mixin.py:188} INFO - [2024-05-22T22:57:56.629+0000] {dag.py:3823} INFO - Setting next_dagrun for example_complex to None, run_after=None
[2024-05-22T22:57:56.654+0000] {processor.py:183} INFO - Processing /home/airflow/.local/lib/python3.8/site-packages/airflow/example_dags/example_complex.py took 0.102 seconds
[2024-05-22T22:58:27.149+0000] {processor.py:161} INFO - Started process (PID=54682) to work on /home/airflow/.local/lib/python3.8/site-packages/airflow/example_dags/example_complex.py
[2024-05-22T22:58:27.150+0000] {processor.py:830} INFO - Processing file /home/airflow/.local/lib/python3.8/site-packages/airflow/example_dags/example_complex.py for tasks to queue
[2024-05-22T22:58:27.152+0000] {logging_mixin.py:188} INFO - [2024-05-22T22:58:27.152+0000] {dagbag.py:538} INFO - Filling up the DagBag from /home/airflow/.local/lib/python3.8/site-packages/airflow/example_dags/example_complex.py
[2024-05-22T22:58:27.172+0000] {processor.py:840} INFO - DAG(s) 'example_complex' retrieved from /home/airflow/.local/lib/python3.8/site-packages/airflow/example_dags/example_complex.py
[2024-05-22T22:58:27.217+0000] {logging_mixin.py:188} INFO - [2024-05-22T22:58:27.217+0000] {dag.py:3036} INFO - Sync 1 DAGs
[2024-05-22T22:58:27.236+0000] {logging_mixin.py:188} INFO - [2024-05-22T22:58:27.236+0000] {dag.py:3823} INFO - Setting next_dagrun for example_complex to None, run_after=None
[2024-05-22T22:58:27.260+0000] {processor.py:183} INFO - Processing /home/airflow/.local/lib/python3.8/site-packages/airflow/example_dags/example_complex.py took 0.115 seconds
[2024-05-22T22:58:57.528+0000] {processor.py:161} INFO - Started process (PID=54739) to work on /home/airflow/.local/lib/python3.8/site-packages/airflow/example_dags/example_complex.py
[2024-05-22T22:58:57.529+0000] {processor.py:830} INFO - Processing file /home/airflow/.local/lib/python3.8/site-packages/airflow/example_dags/example_complex.py for tasks to queue
[2024-05-22T22:58:57.530+0000] {logging_mixin.py:188} INFO - [2024-05-22T22:58:57.530+0000] {dagbag.py:538} INFO - Filling up the DagBag from /home/airflow/.local/lib/python3.8/site-packages/airflow/example_dags/example_complex.py
[2024-05-22T22:58:57.544+0000] {processor.py:840} INFO - DAG(s) 'example_complex' retrieved from /home/airflow/.local/lib/python3.8/site-packages/airflow/example_dags/example_complex.py
[2024-05-22T22:58:57.582+0000] {logging_mixin.py:188} INFO - [2024-05-22T22:58:57.582+0000] {dag.py:3036} INFO - Sync 1 DAGs
[2024-05-22T22:58:57.595+0000] {logging_mixin.py:188} INFO - [2024-05-22T22:58:57.595+0000] {dag.py:3823} INFO - Setting next_dagrun for example_complex to None, run_after=None
[2024-05-22T22:58:57.618+0000] {processor.py:183} INFO - Processing /home/airflow/.local/lib/python3.8/site-packages/airflow/example_dags/example_complex.py took 0.093 seconds
[2024-05-22T22:59:27.883+0000] {processor.py:161} INFO - Started process (PID=54796) to work on /home/airflow/.local/lib/python3.8/site-packages/airflow/example_dags/example_complex.py
[2024-05-22T22:59:27.884+0000] {processor.py:830} INFO - Processing file /home/airflow/.local/lib/python3.8/site-packages/airflow/example_dags/example_complex.py for tasks to queue
[2024-05-22T22:59:27.886+0000] {logging_mixin.py:188} INFO - [2024-05-22T22:59:27.886+0000] {dagbag.py:538} INFO - Filling up the DagBag from /home/airflow/.local/lib/python3.8/site-packages/airflow/example_dags/example_complex.py
[2024-05-22T22:59:27.904+0000] {processor.py:840} INFO - DAG(s) 'example_complex' retrieved from /home/airflow/.local/lib/python3.8/site-packages/airflow/example_dags/example_complex.py
[2024-05-22T22:59:27.943+0000] {logging_mixin.py:188} INFO - [2024-05-22T22:59:27.943+0000] {dag.py:3036} INFO - Sync 1 DAGs
[2024-05-22T22:59:27.961+0000] {logging_mixin.py:188} INFO - [2024-05-22T22:59:27.961+0000] {dag.py:3823} INFO - Setting next_dagrun for example_complex to None, run_after=None
[2024-05-22T22:59:27.984+0000] {processor.py:183} INFO - Processing /home/airflow/.local/lib/python3.8/site-packages/airflow/example_dags/example_complex.py took 0.104 seconds
[2024-05-22T22:59:58.172+0000] {processor.py:161} INFO - Started process (PID=54853) to work on /home/airflow/.local/lib/python3.8/site-packages/airflow/example_dags/example_complex.py
[2024-05-22T22:59:58.173+0000] {processor.py:830} INFO - Processing file /home/airflow/.local/lib/python3.8/site-packages/airflow/example_dags/example_complex.py for tasks to queue
[2024-05-22T22:59:58.175+0000] {logging_mixin.py:188} INFO - [2024-05-22T22:59:58.175+0000] {dagbag.py:538} INFO - Filling up the DagBag from /home/airflow/.local/lib/python3.8/site-packages/airflow/example_dags/example_complex.py
[2024-05-22T22:59:58.186+0000] {processor.py:840} INFO - DAG(s) 'example_complex' retrieved from /home/airflow/.local/lib/python3.8/site-packages/airflow/example_dags/example_complex.py
[2024-05-22T22:59:58.218+0000] {logging_mixin.py:188} INFO - [2024-05-22T22:59:58.218+0000] {dag.py:3036} INFO - Sync 1 DAGs
[2024-05-22T22:59:58.231+0000] {logging_mixin.py:188} INFO - [2024-05-22T22:59:58.231+0000] {dag.py:3823} INFO - Setting next_dagrun for example_complex to None, run_after=None
[2024-05-22T22:59:58.260+0000] {processor.py:183} INFO - Processing /home/airflow/.local/lib/python3.8/site-packages/airflow/example_dags/example_complex.py took 0.091 seconds
[2024-05-22T23:00:28.319+0000] {processor.py:161} INFO - Started process (PID=54910) to work on /home/airflow/.local/lib/python3.8/site-packages/airflow/example_dags/example_complex.py
[2024-05-22T23:00:28.320+0000] {processor.py:830} INFO - Processing file /home/airflow/.local/lib/python3.8/site-packages/airflow/example_dags/example_complex.py for tasks to queue
[2024-05-22T23:00:28.322+0000] {logging_mixin.py:188} INFO - [2024-05-22T23:00:28.322+0000] {dagbag.py:538} INFO - Filling up the DagBag from /home/airflow/.local/lib/python3.8/site-packages/airflow/example_dags/example_complex.py
[2024-05-22T23:00:28.333+0000] {processor.py:840} INFO - DAG(s) 'example_complex' retrieved from /home/airflow/.local/lib/python3.8/site-packages/airflow/example_dags/example_complex.py
[2024-05-22T23:00:28.367+0000] {logging_mixin.py:188} INFO - [2024-05-22T23:00:28.367+0000] {dag.py:3036} INFO - Sync 1 DAGs
[2024-05-22T23:00:28.380+0000] {logging_mixin.py:188} INFO - [2024-05-22T23:00:28.380+0000] {dag.py:3823} INFO - Setting next_dagrun for example_complex to None, run_after=None
[2024-05-22T23:00:28.402+0000] {processor.py:183} INFO - Processing /home/airflow/.local/lib/python3.8/site-packages/airflow/example_dags/example_complex.py took 0.086 seconds
[2024-05-22T23:00:59.177+0000] {processor.py:161} INFO - Started process (PID=54967) to work on /home/airflow/.local/lib/python3.8/site-packages/airflow/example_dags/example_complex.py
[2024-05-22T23:00:59.177+0000] {processor.py:830} INFO - Processing file /home/airflow/.local/lib/python3.8/site-packages/airflow/example_dags/example_complex.py for tasks to queue
[2024-05-22T23:00:59.179+0000] {logging_mixin.py:188} INFO - [2024-05-22T23:00:59.179+0000] {dagbag.py:538} INFO - Filling up the DagBag from /home/airflow/.local/lib/python3.8/site-packages/airflow/example_dags/example_complex.py
[2024-05-22T23:00:59.192+0000] {processor.py:840} INFO - DAG(s) 'example_complex' retrieved from /home/airflow/.local/lib/python3.8/site-packages/airflow/example_dags/example_complex.py
[2024-05-22T23:00:59.229+0000] {logging_mixin.py:188} INFO - [2024-05-22T23:00:59.228+0000] {dag.py:3036} INFO - Sync 1 DAGs
[2024-05-22T23:00:59.243+0000] {logging_mixin.py:188} INFO - [2024-05-22T23:00:59.243+0000] {dag.py:3823} INFO - Setting next_dagrun for example_complex to None, run_after=None
[2024-05-22T23:00:59.264+0000] {processor.py:183} INFO - Processing /home/airflow/.local/lib/python3.8/site-packages/airflow/example_dags/example_complex.py took 0.091 seconds
[2024-05-22T23:01:29.521+0000] {processor.py:161} INFO - Started process (PID=55024) to work on /home/airflow/.local/lib/python3.8/site-packages/airflow/example_dags/example_complex.py
[2024-05-22T23:01:29.522+0000] {processor.py:830} INFO - Processing file /home/airflow/.local/lib/python3.8/site-packages/airflow/example_dags/example_complex.py for tasks to queue
[2024-05-22T23:01:29.524+0000] {logging_mixin.py:188} INFO - [2024-05-22T23:01:29.523+0000] {dagbag.py:538} INFO - Filling up the DagBag from /home/airflow/.local/lib/python3.8/site-packages/airflow/example_dags/example_complex.py
[2024-05-22T23:01:29.540+0000] {processor.py:840} INFO - DAG(s) 'example_complex' retrieved from /home/airflow/.local/lib/python3.8/site-packages/airflow/example_dags/example_complex.py
[2024-05-22T23:01:29.582+0000] {logging_mixin.py:188} INFO - [2024-05-22T23:01:29.582+0000] {dag.py:3036} INFO - Sync 1 DAGs
[2024-05-22T23:01:29.599+0000] {logging_mixin.py:188} INFO - [2024-05-22T23:01:29.598+0000] {dag.py:3823} INFO - Setting next_dagrun for example_complex to None, run_after=None
[2024-05-22T23:01:29.624+0000] {processor.py:183} INFO - Processing /home/airflow/.local/lib/python3.8/site-packages/airflow/example_dags/example_complex.py took 0.106 seconds
[2024-05-22T23:01:59.886+0000] {processor.py:161} INFO - Started process (PID=55081) to work on /home/airflow/.local/lib/python3.8/site-packages/airflow/example_dags/example_complex.py
[2024-05-22T23:01:59.888+0000] {processor.py:830} INFO - Processing file /home/airflow/.local/lib/python3.8/site-packages/airflow/example_dags/example_complex.py for tasks to queue
[2024-05-22T23:01:59.889+0000] {logging_mixin.py:188} INFO - [2024-05-22T23:01:59.889+0000] {dagbag.py:538} INFO - Filling up the DagBag from /home/airflow/.local/lib/python3.8/site-packages/airflow/example_dags/example_complex.py
[2024-05-22T23:01:59.905+0000] {processor.py:840} INFO - DAG(s) 'example_complex' retrieved from /home/airflow/.local/lib/python3.8/site-packages/airflow/example_dags/example_complex.py
[2024-05-22T23:01:59.946+0000] {logging_mixin.py:188} INFO - [2024-05-22T23:01:59.945+0000] {dag.py:3036} INFO - Sync 1 DAGs
[2024-05-22T23:01:59.962+0000] {logging_mixin.py:188} INFO - [2024-05-22T23:01:59.961+0000] {dag.py:3823} INFO - Setting next_dagrun for example_complex to None, run_after=None
[2024-05-22T23:01:59.987+0000] {processor.py:183} INFO - Processing /home/airflow/.local/lib/python3.8/site-packages/airflow/example_dags/example_complex.py took 0.104 seconds
[2024-05-22T23:02:30.099+0000] {processor.py:161} INFO - Started process (PID=55139) to work on /home/airflow/.local/lib/python3.8/site-packages/airflow/example_dags/example_complex.py
[2024-05-22T23:02:30.100+0000] {processor.py:830} INFO - Processing file /home/airflow/.local/lib/python3.8/site-packages/airflow/example_dags/example_complex.py for tasks to queue
[2024-05-22T23:02:30.102+0000] {logging_mixin.py:188} INFO - [2024-05-22T23:02:30.102+0000] {dagbag.py:538} INFO - Filling up the DagBag from /home/airflow/.local/lib/python3.8/site-packages/airflow/example_dags/example_complex.py
[2024-05-22T23:02:30.115+0000] {processor.py:840} INFO - DAG(s) 'example_complex' retrieved from /home/airflow/.local/lib/python3.8/site-packages/airflow/example_dags/example_complex.py
[2024-05-22T23:02:30.151+0000] {logging_mixin.py:188} INFO - [2024-05-22T23:02:30.151+0000] {dag.py:3036} INFO - Sync 1 DAGs
[2024-05-22T23:02:30.166+0000] {logging_mixin.py:188} INFO - [2024-05-22T23:02:30.165+0000] {dag.py:3823} INFO - Setting next_dagrun for example_complex to None, run_after=None
[2024-05-22T23:02:30.186+0000] {processor.py:183} INFO - Processing /home/airflow/.local/lib/python3.8/site-packages/airflow/example_dags/example_complex.py took 0.091 seconds
[2024-05-22T23:03:00.430+0000] {processor.py:161} INFO - Started process (PID=55196) to work on /home/airflow/.local/lib/python3.8/site-packages/airflow/example_dags/example_complex.py
[2024-05-22T23:03:00.431+0000] {processor.py:830} INFO - Processing file /home/airflow/.local/lib/python3.8/site-packages/airflow/example_dags/example_complex.py for tasks to queue
[2024-05-22T23:03:00.433+0000] {logging_mixin.py:188} INFO - [2024-05-22T23:03:00.433+0000] {dagbag.py:538} INFO - Filling up the DagBag from /home/airflow/.local/lib/python3.8/site-packages/airflow/example_dags/example_complex.py
[2024-05-22T23:03:00.445+0000] {processor.py:840} INFO - DAG(s) 'example_complex' retrieved from /home/airflow/.local/lib/python3.8/site-packages/airflow/example_dags/example_complex.py
[2024-05-22T23:03:00.480+0000] {logging_mixin.py:188} INFO - [2024-05-22T23:03:00.480+0000] {dag.py:3036} INFO - Sync 1 DAGs
[2024-05-22T23:03:00.493+0000] {logging_mixin.py:188} INFO - [2024-05-22T23:03:00.492+0000] {dag.py:3823} INFO - Setting next_dagrun for example_complex to None, run_after=None
[2024-05-22T23:03:00.514+0000] {processor.py:183} INFO - Processing /home/airflow/.local/lib/python3.8/site-packages/airflow/example_dags/example_complex.py took 0.087 seconds
[2024-05-22T23:03:30.881+0000] {processor.py:161} INFO - Started process (PID=55253) to work on /home/airflow/.local/lib/python3.8/site-packages/airflow/example_dags/example_complex.py
[2024-05-22T23:03:30.883+0000] {processor.py:830} INFO - Processing file /home/airflow/.local/lib/python3.8/site-packages/airflow/example_dags/example_complex.py for tasks to queue
[2024-05-22T23:03:30.885+0000] {logging_mixin.py:188} INFO - [2024-05-22T23:03:30.884+0000] {dagbag.py:538} INFO - Filling up the DagBag from /home/airflow/.local/lib/python3.8/site-packages/airflow/example_dags/example_complex.py
[2024-05-22T23:03:30.897+0000] {processor.py:840} INFO - DAG(s) 'example_complex' retrieved from /home/airflow/.local/lib/python3.8/site-packages/airflow/example_dags/example_complex.py
[2024-05-22T23:03:30.934+0000] {logging_mixin.py:188} INFO - [2024-05-22T23:03:30.933+0000] {dag.py:3036} INFO - Sync 1 DAGs
[2024-05-22T23:03:30.949+0000] {logging_mixin.py:188} INFO - [2024-05-22T23:03:30.949+0000] {dag.py:3823} INFO - Setting next_dagrun for example_complex to None, run_after=None
[2024-05-22T23:03:30.975+0000] {processor.py:183} INFO - Processing /home/airflow/.local/lib/python3.8/site-packages/airflow/example_dags/example_complex.py took 0.098 seconds
[2024-05-22T23:04:01.348+0000] {processor.py:161} INFO - Started process (PID=55311) to work on /home/airflow/.local/lib/python3.8/site-packages/airflow/example_dags/example_complex.py
[2024-05-22T23:04:01.351+0000] {processor.py:830} INFO - Processing file /home/airflow/.local/lib/python3.8/site-packages/airflow/example_dags/example_complex.py for tasks to queue
[2024-05-22T23:04:01.354+0000] {logging_mixin.py:188} INFO - [2024-05-22T23:04:01.353+0000] {dagbag.py:538} INFO - Filling up the DagBag from /home/airflow/.local/lib/python3.8/site-packages/airflow/example_dags/example_complex.py
[2024-05-22T23:04:01.370+0000] {processor.py:840} INFO - DAG(s) 'example_complex' retrieved from /home/airflow/.local/lib/python3.8/site-packages/airflow/example_dags/example_complex.py
[2024-05-22T23:04:01.439+0000] {logging_mixin.py:188} INFO - [2024-05-22T23:04:01.438+0000] {dag.py:3036} INFO - Sync 1 DAGs
[2024-05-22T23:04:01.464+0000] {logging_mixin.py:188} INFO - [2024-05-22T23:04:01.464+0000] {dag.py:3823} INFO - Setting next_dagrun for example_complex to None, run_after=None
[2024-05-22T23:04:01.500+0000] {processor.py:183} INFO - Processing /home/airflow/.local/lib/python3.8/site-packages/airflow/example_dags/example_complex.py took 0.156 seconds
[2024-05-22T23:04:32.017+0000] {processor.py:161} INFO - Started process (PID=55368) to work on /home/airflow/.local/lib/python3.8/site-packages/airflow/example_dags/example_complex.py
[2024-05-22T23:04:32.019+0000] {processor.py:830} INFO - Processing file /home/airflow/.local/lib/python3.8/site-packages/airflow/example_dags/example_complex.py for tasks to queue
[2024-05-22T23:04:32.021+0000] {logging_mixin.py:188} INFO - [2024-05-22T23:04:32.021+0000] {dagbag.py:538} INFO - Filling up the DagBag from /home/airflow/.local/lib/python3.8/site-packages/airflow/example_dags/example_complex.py
[2024-05-22T23:04:32.040+0000] {processor.py:840} INFO - DAG(s) 'example_complex' retrieved from /home/airflow/.local/lib/python3.8/site-packages/airflow/example_dags/example_complex.py
[2024-05-22T23:04:32.086+0000] {logging_mixin.py:188} INFO - [2024-05-22T23:04:32.085+0000] {dag.py:3036} INFO - Sync 1 DAGs
[2024-05-22T23:04:32.100+0000] {logging_mixin.py:188} INFO - [2024-05-22T23:04:32.099+0000] {dag.py:3823} INFO - Setting next_dagrun for example_complex to None, run_after=None
[2024-05-22T23:04:32.128+0000] {processor.py:183} INFO - Processing /home/airflow/.local/lib/python3.8/site-packages/airflow/example_dags/example_complex.py took 0.114 seconds
[2024-05-22T23:05:02.530+0000] {processor.py:161} INFO - Started process (PID=55425) to work on /home/airflow/.local/lib/python3.8/site-packages/airflow/example_dags/example_complex.py
[2024-05-22T23:05:02.531+0000] {processor.py:830} INFO - Processing file /home/airflow/.local/lib/python3.8/site-packages/airflow/example_dags/example_complex.py for tasks to queue
[2024-05-22T23:05:02.533+0000] {logging_mixin.py:188} INFO - [2024-05-22T23:05:02.533+0000] {dagbag.py:538} INFO - Filling up the DagBag from /home/airflow/.local/lib/python3.8/site-packages/airflow/example_dags/example_complex.py
[2024-05-22T23:05:02.548+0000] {processor.py:840} INFO - DAG(s) 'example_complex' retrieved from /home/airflow/.local/lib/python3.8/site-packages/airflow/example_dags/example_complex.py
[2024-05-22T23:05:02.583+0000] {logging_mixin.py:188} INFO - [2024-05-22T23:05:02.583+0000] {dag.py:3036} INFO - Sync 1 DAGs
[2024-05-22T23:05:02.599+0000] {logging_mixin.py:188} INFO - [2024-05-22T23:05:02.599+0000] {dag.py:3823} INFO - Setting next_dagrun for example_complex to None, run_after=None
[2024-05-22T23:05:02.623+0000] {processor.py:183} INFO - Processing /home/airflow/.local/lib/python3.8/site-packages/airflow/example_dags/example_complex.py took 0.096 seconds
[2024-05-22T23:05:32.833+0000] {processor.py:161} INFO - Started process (PID=55482) to work on /home/airflow/.local/lib/python3.8/site-packages/airflow/example_dags/example_complex.py
[2024-05-22T23:05:32.834+0000] {processor.py:830} INFO - Processing file /home/airflow/.local/lib/python3.8/site-packages/airflow/example_dags/example_complex.py for tasks to queue
[2024-05-22T23:05:32.836+0000] {logging_mixin.py:188} INFO - [2024-05-22T23:05:32.836+0000] {dagbag.py:538} INFO - Filling up the DagBag from /home/airflow/.local/lib/python3.8/site-packages/airflow/example_dags/example_complex.py
[2024-05-22T23:05:32.848+0000] {processor.py:840} INFO - DAG(s) 'example_complex' retrieved from /home/airflow/.local/lib/python3.8/site-packages/airflow/example_dags/example_complex.py
[2024-05-22T23:05:32.889+0000] {logging_mixin.py:188} INFO - [2024-05-22T23:05:32.888+0000] {dag.py:3036} INFO - Sync 1 DAGs
[2024-05-22T23:05:32.902+0000] {logging_mixin.py:188} INFO - [2024-05-22T23:05:32.901+0000] {dag.py:3823} INFO - Setting next_dagrun for example_complex to None, run_after=None
[2024-05-22T23:05:32.924+0000] {processor.py:183} INFO - Processing /home/airflow/.local/lib/python3.8/site-packages/airflow/example_dags/example_complex.py took 0.094 seconds
[2024-05-22T23:06:03.568+0000] {processor.py:161} INFO - Started process (PID=55539) to work on /home/airflow/.local/lib/python3.8/site-packages/airflow/example_dags/example_complex.py
[2024-05-22T23:06:03.569+0000] {processor.py:830} INFO - Processing file /home/airflow/.local/lib/python3.8/site-packages/airflow/example_dags/example_complex.py for tasks to queue
[2024-05-22T23:06:03.572+0000] {logging_mixin.py:188} INFO - [2024-05-22T23:06:03.571+0000] {dagbag.py:538} INFO - Filling up the DagBag from /home/airflow/.local/lib/python3.8/site-packages/airflow/example_dags/example_complex.py
[2024-05-22T23:06:03.584+0000] {processor.py:840} INFO - DAG(s) 'example_complex' retrieved from /home/airflow/.local/lib/python3.8/site-packages/airflow/example_dags/example_complex.py
[2024-05-22T23:06:03.621+0000] {logging_mixin.py:188} INFO - [2024-05-22T23:06:03.621+0000] {dag.py:3036} INFO - Sync 1 DAGs
[2024-05-22T23:06:03.637+0000] {logging_mixin.py:188} INFO - [2024-05-22T23:06:03.637+0000] {dag.py:3823} INFO - Setting next_dagrun for example_complex to None, run_after=None
[2024-05-22T23:06:03.670+0000] {processor.py:183} INFO - Processing /home/airflow/.local/lib/python3.8/site-packages/airflow/example_dags/example_complex.py took 0.105 seconds
[2024-05-22T23:06:34.199+0000] {processor.py:161} INFO - Started process (PID=55596) to work on /home/airflow/.local/lib/python3.8/site-packages/airflow/example_dags/example_complex.py
[2024-05-22T23:06:34.200+0000] {processor.py:830} INFO - Processing file /home/airflow/.local/lib/python3.8/site-packages/airflow/example_dags/example_complex.py for tasks to queue
[2024-05-22T23:06:34.202+0000] {logging_mixin.py:188} INFO - [2024-05-22T23:06:34.201+0000] {dagbag.py:538} INFO - Filling up the DagBag from /home/airflow/.local/lib/python3.8/site-packages/airflow/example_dags/example_complex.py
[2024-05-22T23:06:34.214+0000] {processor.py:840} INFO - DAG(s) 'example_complex' retrieved from /home/airflow/.local/lib/python3.8/site-packages/airflow/example_dags/example_complex.py
[2024-05-22T23:06:34.254+0000] {logging_mixin.py:188} INFO - [2024-05-22T23:06:34.254+0000] {dag.py:3036} INFO - Sync 1 DAGs
[2024-05-22T23:06:34.272+0000] {logging_mixin.py:188} INFO - [2024-05-22T23:06:34.272+0000] {dag.py:3823} INFO - Setting next_dagrun for example_complex to None, run_after=None
[2024-05-22T23:06:34.297+0000] {processor.py:183} INFO - Processing /home/airflow/.local/lib/python3.8/site-packages/airflow/example_dags/example_complex.py took 0.102 seconds
[2024-05-22T23:07:04.514+0000] {processor.py:161} INFO - Started process (PID=55653) to work on /home/airflow/.local/lib/python3.8/site-packages/airflow/example_dags/example_complex.py
[2024-05-22T23:07:04.515+0000] {processor.py:830} INFO - Processing file /home/airflow/.local/lib/python3.8/site-packages/airflow/example_dags/example_complex.py for tasks to queue
[2024-05-22T23:07:04.517+0000] {logging_mixin.py:188} INFO - [2024-05-22T23:07:04.517+0000] {dagbag.py:538} INFO - Filling up the DagBag from /home/airflow/.local/lib/python3.8/site-packages/airflow/example_dags/example_complex.py
[2024-05-22T23:07:04.531+0000] {processor.py:840} INFO - DAG(s) 'example_complex' retrieved from /home/airflow/.local/lib/python3.8/site-packages/airflow/example_dags/example_complex.py
[2024-05-22T23:07:04.574+0000] {logging_mixin.py:188} INFO - [2024-05-22T23:07:04.574+0000] {dag.py:3036} INFO - Sync 1 DAGs
[2024-05-22T23:07:04.591+0000] {logging_mixin.py:188} INFO - [2024-05-22T23:07:04.591+0000] {dag.py:3823} INFO - Setting next_dagrun for example_complex to None, run_after=None
[2024-05-22T23:07:04.617+0000] {processor.py:183} INFO - Processing /home/airflow/.local/lib/python3.8/site-packages/airflow/example_dags/example_complex.py took 0.108 seconds
[2024-05-22T23:07:35.537+0000] {processor.py:161} INFO - Started process (PID=55710) to work on /home/airflow/.local/lib/python3.8/site-packages/airflow/example_dags/example_complex.py
[2024-05-22T23:07:35.538+0000] {processor.py:830} INFO - Processing file /home/airflow/.local/lib/python3.8/site-packages/airflow/example_dags/example_complex.py for tasks to queue
[2024-05-22T23:07:35.540+0000] {logging_mixin.py:188} INFO - [2024-05-22T23:07:35.540+0000] {dagbag.py:538} INFO - Filling up the DagBag from /home/airflow/.local/lib/python3.8/site-packages/airflow/example_dags/example_complex.py
[2024-05-22T23:07:35.552+0000] {processor.py:840} INFO - DAG(s) 'example_complex' retrieved from /home/airflow/.local/lib/python3.8/site-packages/airflow/example_dags/example_complex.py
[2024-05-22T23:07:35.586+0000] {logging_mixin.py:188} INFO - [2024-05-22T23:07:35.586+0000] {dag.py:3036} INFO - Sync 1 DAGs
[2024-05-22T23:07:35.599+0000] {logging_mixin.py:188} INFO - [2024-05-22T23:07:35.599+0000] {dag.py:3823} INFO - Setting next_dagrun for example_complex to None, run_after=None
[2024-05-22T23:07:35.623+0000] {processor.py:183} INFO - Processing /home/airflow/.local/lib/python3.8/site-packages/airflow/example_dags/example_complex.py took 0.090 seconds
[2024-05-22T23:08:06.452+0000] {processor.py:161} INFO - Started process (PID=55767) to work on /home/airflow/.local/lib/python3.8/site-packages/airflow/example_dags/example_complex.py
[2024-05-22T23:08:06.453+0000] {processor.py:830} INFO - Processing file /home/airflow/.local/lib/python3.8/site-packages/airflow/example_dags/example_complex.py for tasks to queue
[2024-05-22T23:08:06.455+0000] {logging_mixin.py:188} INFO - [2024-05-22T23:08:06.454+0000] {dagbag.py:538} INFO - Filling up the DagBag from /home/airflow/.local/lib/python3.8/site-packages/airflow/example_dags/example_complex.py
[2024-05-22T23:08:06.471+0000] {processor.py:840} INFO - DAG(s) 'example_complex' retrieved from /home/airflow/.local/lib/python3.8/site-packages/airflow/example_dags/example_complex.py
[2024-05-22T23:08:06.506+0000] {logging_mixin.py:188} INFO - [2024-05-22T23:08:06.506+0000] {dag.py:3036} INFO - Sync 1 DAGs
[2024-05-22T23:08:06.525+0000] {logging_mixin.py:188} INFO - [2024-05-22T23:08:06.524+0000] {dag.py:3823} INFO - Setting next_dagrun for example_complex to None, run_after=None
[2024-05-22T23:08:06.561+0000] {processor.py:183} INFO - Processing /home/airflow/.local/lib/python3.8/site-packages/airflow/example_dags/example_complex.py took 0.112 seconds
[2024-05-22T23:08:37.305+0000] {processor.py:161} INFO - Started process (PID=55824) to work on /home/airflow/.local/lib/python3.8/site-packages/airflow/example_dags/example_complex.py
[2024-05-22T23:08:37.306+0000] {processor.py:830} INFO - Processing file /home/airflow/.local/lib/python3.8/site-packages/airflow/example_dags/example_complex.py for tasks to queue
[2024-05-22T23:08:37.308+0000] {logging_mixin.py:188} INFO - [2024-05-22T23:08:37.307+0000] {dagbag.py:538} INFO - Filling up the DagBag from /home/airflow/.local/lib/python3.8/site-packages/airflow/example_dags/example_complex.py
[2024-05-22T23:08:37.322+0000] {processor.py:840} INFO - DAG(s) 'example_complex' retrieved from /home/airflow/.local/lib/python3.8/site-packages/airflow/example_dags/example_complex.py
[2024-05-22T23:08:37.356+0000] {logging_mixin.py:188} INFO - [2024-05-22T23:08:37.355+0000] {dag.py:3036} INFO - Sync 1 DAGs
[2024-05-22T23:08:37.369+0000] {logging_mixin.py:188} INFO - [2024-05-22T23:08:37.369+0000] {dag.py:3823} INFO - Setting next_dagrun for example_complex to None, run_after=None
[2024-05-22T23:08:37.400+0000] {processor.py:183} INFO - Processing /home/airflow/.local/lib/python3.8/site-packages/airflow/example_dags/example_complex.py took 0.099 seconds
[2024-05-22T23:09:08.095+0000] {processor.py:161} INFO - Started process (PID=55881) to work on /home/airflow/.local/lib/python3.8/site-packages/airflow/example_dags/example_complex.py
[2024-05-22T23:09:08.097+0000] {processor.py:830} INFO - Processing file /home/airflow/.local/lib/python3.8/site-packages/airflow/example_dags/example_complex.py for tasks to queue
[2024-05-22T23:09:08.099+0000] {logging_mixin.py:188} INFO - [2024-05-22T23:09:08.099+0000] {dagbag.py:538} INFO - Filling up the DagBag from /home/airflow/.local/lib/python3.8/site-packages/airflow/example_dags/example_complex.py
[2024-05-22T23:09:08.114+0000] {processor.py:840} INFO - DAG(s) 'example_complex' retrieved from /home/airflow/.local/lib/python3.8/site-packages/airflow/example_dags/example_complex.py
[2024-05-22T23:09:08.157+0000] {logging_mixin.py:188} INFO - [2024-05-22T23:09:08.157+0000] {dag.py:3036} INFO - Sync 1 DAGs
[2024-05-22T23:09:08.174+0000] {logging_mixin.py:188} INFO - [2024-05-22T23:09:08.174+0000] {dag.py:3823} INFO - Setting next_dagrun for example_complex to None, run_after=None
[2024-05-22T23:09:08.203+0000] {processor.py:183} INFO - Processing /home/airflow/.local/lib/python3.8/site-packages/airflow/example_dags/example_complex.py took 0.112 seconds
[2024-05-22T23:09:38.511+0000] {processor.py:161} INFO - Started process (PID=55938) to work on /home/airflow/.local/lib/python3.8/site-packages/airflow/example_dags/example_complex.py
[2024-05-22T23:09:38.512+0000] {processor.py:830} INFO - Processing file /home/airflow/.local/lib/python3.8/site-packages/airflow/example_dags/example_complex.py for tasks to queue
[2024-05-22T23:09:38.514+0000] {logging_mixin.py:188} INFO - [2024-05-22T23:09:38.514+0000] {dagbag.py:538} INFO - Filling up the DagBag from /home/airflow/.local/lib/python3.8/site-packages/airflow/example_dags/example_complex.py
[2024-05-22T23:09:38.527+0000] {processor.py:840} INFO - DAG(s) 'example_complex' retrieved from /home/airflow/.local/lib/python3.8/site-packages/airflow/example_dags/example_complex.py
[2024-05-22T23:09:38.571+0000] {logging_mixin.py:188} INFO - [2024-05-22T23:09:38.570+0000] {dag.py:3036} INFO - Sync 1 DAGs
[2024-05-22T23:09:38.587+0000] {logging_mixin.py:188} INFO - [2024-05-22T23:09:38.587+0000] {dag.py:3823} INFO - Setting next_dagrun for example_complex to None, run_after=None
[2024-05-22T23:09:38.617+0000] {processor.py:183} INFO - Processing /home/airflow/.local/lib/python3.8/site-packages/airflow/example_dags/example_complex.py took 0.109 seconds
[2024-05-22T23:10:08.916+0000] {processor.py:161} INFO - Started process (PID=55995) to work on /home/airflow/.local/lib/python3.8/site-packages/airflow/example_dags/example_complex.py
[2024-05-22T23:10:08.917+0000] {processor.py:830} INFO - Processing file /home/airflow/.local/lib/python3.8/site-packages/airflow/example_dags/example_complex.py for tasks to queue
[2024-05-22T23:10:08.919+0000] {logging_mixin.py:188} INFO - [2024-05-22T23:10:08.919+0000] {dagbag.py:538} INFO - Filling up the DagBag from /home/airflow/.local/lib/python3.8/site-packages/airflow/example_dags/example_complex.py
[2024-05-22T23:10:08.937+0000] {processor.py:840} INFO - DAG(s) 'example_complex' retrieved from /home/airflow/.local/lib/python3.8/site-packages/airflow/example_dags/example_complex.py
[2024-05-22T23:10:08.980+0000] {logging_mixin.py:188} INFO - [2024-05-22T23:10:08.979+0000] {dag.py:3036} INFO - Sync 1 DAGs
[2024-05-22T23:10:08.996+0000] {logging_mixin.py:188} INFO - [2024-05-22T23:10:08.995+0000] {dag.py:3823} INFO - Setting next_dagrun for example_complex to None, run_after=None
[2024-05-22T23:10:09.021+0000] {processor.py:183} INFO - Processing /home/airflow/.local/lib/python3.8/site-packages/airflow/example_dags/example_complex.py took 0.109 seconds
