[2024-05-22T22:36:37.230+0000] {processor.py:161} INFO - Started process (PID=52224) to work on /home/airflow/.local/lib/python3.8/site-packages/airflow/example_dags/example_local_kubernetes_executor.py
[2024-05-22T22:36:37.238+0000] {processor.py:830} INFO - Processing file /home/airflow/.local/lib/python3.8/site-packages/airflow/example_dags/example_local_kubernetes_executor.py for tasks to queue
[2024-05-22T22:36:37.242+0000] {logging_mixin.py:188} INFO - [2024-05-22T22:36:37.241+0000] {dagbag.py:538} INFO - Filling up the DagBag from /home/airflow/.local/lib/python3.8/site-packages/airflow/example_dags/example_local_kubernetes_executor.py
[2024-05-22T22:36:37.267+0000] {processor.py:840} INFO - DAG(s) 'example_local_kubernetes_executor' retrieved from /home/airflow/.local/lib/python3.8/site-packages/airflow/example_dags/example_local_kubernetes_executor.py
[2024-05-22T22:36:37.456+0000] {logging_mixin.py:188} INFO - [2024-05-22T22:36:37.446+0000] {dag.py:3036} INFO - Sync 1 DAGs
[2024-05-22T22:36:37.544+0000] {logging_mixin.py:188} INFO - [2024-05-22T22:36:37.543+0000] {dag.py:3823} INFO - Setting next_dagrun for example_local_kubernetes_executor to None, run_after=None
[2024-05-22T22:36:37.690+0000] {processor.py:183} INFO - Processing /home/airflow/.local/lib/python3.8/site-packages/airflow/example_dags/example_local_kubernetes_executor.py took 0.466 seconds
[2024-05-22T22:37:08.206+0000] {processor.py:161} INFO - Started process (PID=52281) to work on /home/airflow/.local/lib/python3.8/site-packages/airflow/example_dags/example_local_kubernetes_executor.py
[2024-05-22T22:37:08.207+0000] {processor.py:830} INFO - Processing file /home/airflow/.local/lib/python3.8/site-packages/airflow/example_dags/example_local_kubernetes_executor.py for tasks to queue
[2024-05-22T22:37:08.208+0000] {logging_mixin.py:188} INFO - [2024-05-22T22:37:08.208+0000] {dagbag.py:538} INFO - Filling up the DagBag from /home/airflow/.local/lib/python3.8/site-packages/airflow/example_dags/example_local_kubernetes_executor.py
[2024-05-22T22:37:08.214+0000] {processor.py:840} INFO - DAG(s) 'example_local_kubernetes_executor' retrieved from /home/airflow/.local/lib/python3.8/site-packages/airflow/example_dags/example_local_kubernetes_executor.py
[2024-05-22T22:37:08.246+0000] {logging_mixin.py:188} INFO - [2024-05-22T22:37:08.246+0000] {dag.py:3036} INFO - Sync 1 DAGs
[2024-05-22T22:37:08.258+0000] {logging_mixin.py:188} INFO - [2024-05-22T22:37:08.257+0000] {dag.py:3823} INFO - Setting next_dagrun for example_local_kubernetes_executor to None, run_after=None
[2024-05-22T22:37:08.276+0000] {processor.py:183} INFO - Processing /home/airflow/.local/lib/python3.8/site-packages/airflow/example_dags/example_local_kubernetes_executor.py took 0.073 seconds
[2024-05-22T22:37:38.695+0000] {processor.py:161} INFO - Started process (PID=52338) to work on /home/airflow/.local/lib/python3.8/site-packages/airflow/example_dags/example_local_kubernetes_executor.py
[2024-05-22T22:37:38.696+0000] {processor.py:830} INFO - Processing file /home/airflow/.local/lib/python3.8/site-packages/airflow/example_dags/example_local_kubernetes_executor.py for tasks to queue
[2024-05-22T22:37:38.698+0000] {logging_mixin.py:188} INFO - [2024-05-22T22:37:38.698+0000] {dagbag.py:538} INFO - Filling up the DagBag from /home/airflow/.local/lib/python3.8/site-packages/airflow/example_dags/example_local_kubernetes_executor.py
[2024-05-22T22:37:38.704+0000] {processor.py:840} INFO - DAG(s) 'example_local_kubernetes_executor' retrieved from /home/airflow/.local/lib/python3.8/site-packages/airflow/example_dags/example_local_kubernetes_executor.py
[2024-05-22T22:37:38.741+0000] {logging_mixin.py:188} INFO - [2024-05-22T22:37:38.741+0000] {dag.py:3036} INFO - Sync 1 DAGs
[2024-05-22T22:37:38.753+0000] {logging_mixin.py:188} INFO - [2024-05-22T22:37:38.753+0000] {dag.py:3823} INFO - Setting next_dagrun for example_local_kubernetes_executor to None, run_after=None
[2024-05-22T22:37:38.771+0000] {processor.py:183} INFO - Processing /home/airflow/.local/lib/python3.8/site-packages/airflow/example_dags/example_local_kubernetes_executor.py took 0.078 seconds
[2024-05-22T22:38:09.305+0000] {processor.py:161} INFO - Started process (PID=52395) to work on /home/airflow/.local/lib/python3.8/site-packages/airflow/example_dags/example_local_kubernetes_executor.py
[2024-05-22T22:38:09.306+0000] {processor.py:830} INFO - Processing file /home/airflow/.local/lib/python3.8/site-packages/airflow/example_dags/example_local_kubernetes_executor.py for tasks to queue
[2024-05-22T22:38:09.308+0000] {logging_mixin.py:188} INFO - [2024-05-22T22:38:09.307+0000] {dagbag.py:538} INFO - Filling up the DagBag from /home/airflow/.local/lib/python3.8/site-packages/airflow/example_dags/example_local_kubernetes_executor.py
[2024-05-22T22:38:09.315+0000] {processor.py:840} INFO - DAG(s) 'example_local_kubernetes_executor' retrieved from /home/airflow/.local/lib/python3.8/site-packages/airflow/example_dags/example_local_kubernetes_executor.py
[2024-05-22T22:38:09.354+0000] {logging_mixin.py:188} INFO - [2024-05-22T22:38:09.354+0000] {dag.py:3036} INFO - Sync 1 DAGs
[2024-05-22T22:38:09.370+0000] {logging_mixin.py:188} INFO - [2024-05-22T22:38:09.369+0000] {dag.py:3823} INFO - Setting next_dagrun for example_local_kubernetes_executor to None, run_after=None
[2024-05-22T22:38:09.395+0000] {processor.py:183} INFO - Processing /home/airflow/.local/lib/python3.8/site-packages/airflow/example_dags/example_local_kubernetes_executor.py took 0.094 seconds
[2024-05-22T22:38:39.722+0000] {processor.py:161} INFO - Started process (PID=52452) to work on /home/airflow/.local/lib/python3.8/site-packages/airflow/example_dags/example_local_kubernetes_executor.py
[2024-05-22T22:38:39.723+0000] {processor.py:830} INFO - Processing file /home/airflow/.local/lib/python3.8/site-packages/airflow/example_dags/example_local_kubernetes_executor.py for tasks to queue
[2024-05-22T22:38:39.725+0000] {logging_mixin.py:188} INFO - [2024-05-22T22:38:39.725+0000] {dagbag.py:538} INFO - Filling up the DagBag from /home/airflow/.local/lib/python3.8/site-packages/airflow/example_dags/example_local_kubernetes_executor.py
[2024-05-22T22:38:39.732+0000] {processor.py:840} INFO - DAG(s) 'example_local_kubernetes_executor' retrieved from /home/airflow/.local/lib/python3.8/site-packages/airflow/example_dags/example_local_kubernetes_executor.py
[2024-05-22T22:38:39.768+0000] {logging_mixin.py:188} INFO - [2024-05-22T22:38:39.768+0000] {dag.py:3036} INFO - Sync 1 DAGs
[2024-05-22T22:38:39.782+0000] {logging_mixin.py:188} INFO - [2024-05-22T22:38:39.781+0000] {dag.py:3823} INFO - Setting next_dagrun for example_local_kubernetes_executor to None, run_after=None
[2024-05-22T22:38:39.803+0000] {processor.py:183} INFO - Processing /home/airflow/.local/lib/python3.8/site-packages/airflow/example_dags/example_local_kubernetes_executor.py took 0.083 seconds
[2024-05-22T22:39:10.191+0000] {processor.py:161} INFO - Started process (PID=52515) to work on /home/airflow/.local/lib/python3.8/site-packages/airflow/example_dags/example_local_kubernetes_executor.py
[2024-05-22T22:39:10.192+0000] {processor.py:830} INFO - Processing file /home/airflow/.local/lib/python3.8/site-packages/airflow/example_dags/example_local_kubernetes_executor.py for tasks to queue
[2024-05-22T22:39:10.194+0000] {logging_mixin.py:188} INFO - [2024-05-22T22:39:10.194+0000] {dagbag.py:538} INFO - Filling up the DagBag from /home/airflow/.local/lib/python3.8/site-packages/airflow/example_dags/example_local_kubernetes_executor.py
[2024-05-22T22:39:10.201+0000] {processor.py:840} INFO - DAG(s) 'example_local_kubernetes_executor' retrieved from /home/airflow/.local/lib/python3.8/site-packages/airflow/example_dags/example_local_kubernetes_executor.py
[2024-05-22T22:39:10.237+0000] {logging_mixin.py:188} INFO - [2024-05-22T22:39:10.237+0000] {dag.py:3036} INFO - Sync 1 DAGs
[2024-05-22T22:39:10.253+0000] {logging_mixin.py:188} INFO - [2024-05-22T22:39:10.253+0000] {dag.py:3823} INFO - Setting next_dagrun for example_local_kubernetes_executor to None, run_after=None
[2024-05-22T22:39:10.272+0000] {processor.py:183} INFO - Processing /home/airflow/.local/lib/python3.8/site-packages/airflow/example_dags/example_local_kubernetes_executor.py took 0.084 seconds
[2024-05-22T22:39:40.602+0000] {processor.py:161} INFO - Started process (PID=52572) to work on /home/airflow/.local/lib/python3.8/site-packages/airflow/example_dags/example_local_kubernetes_executor.py
[2024-05-22T22:39:40.603+0000] {processor.py:830} INFO - Processing file /home/airflow/.local/lib/python3.8/site-packages/airflow/example_dags/example_local_kubernetes_executor.py for tasks to queue
[2024-05-22T22:39:40.605+0000] {logging_mixin.py:188} INFO - [2024-05-22T22:39:40.605+0000] {dagbag.py:538} INFO - Filling up the DagBag from /home/airflow/.local/lib/python3.8/site-packages/airflow/example_dags/example_local_kubernetes_executor.py
[2024-05-22T22:39:40.614+0000] {processor.py:840} INFO - DAG(s) 'example_local_kubernetes_executor' retrieved from /home/airflow/.local/lib/python3.8/site-packages/airflow/example_dags/example_local_kubernetes_executor.py
[2024-05-22T22:39:40.652+0000] {logging_mixin.py:188} INFO - [2024-05-22T22:39:40.652+0000] {dag.py:3036} INFO - Sync 1 DAGs
[2024-05-22T22:39:40.664+0000] {logging_mixin.py:188} INFO - [2024-05-22T22:39:40.664+0000] {dag.py:3823} INFO - Setting next_dagrun for example_local_kubernetes_executor to None, run_after=None
[2024-05-22T22:39:40.687+0000] {processor.py:183} INFO - Processing /home/airflow/.local/lib/python3.8/site-packages/airflow/example_dags/example_local_kubernetes_executor.py took 0.090 seconds
[2024-05-22T22:40:11.005+0000] {processor.py:161} INFO - Started process (PID=52629) to work on /home/airflow/.local/lib/python3.8/site-packages/airflow/example_dags/example_local_kubernetes_executor.py
[2024-05-22T22:40:11.006+0000] {processor.py:830} INFO - Processing file /home/airflow/.local/lib/python3.8/site-packages/airflow/example_dags/example_local_kubernetes_executor.py for tasks to queue
[2024-05-22T22:40:11.008+0000] {logging_mixin.py:188} INFO - [2024-05-22T22:40:11.008+0000] {dagbag.py:538} INFO - Filling up the DagBag from /home/airflow/.local/lib/python3.8/site-packages/airflow/example_dags/example_local_kubernetes_executor.py
[2024-05-22T22:40:11.017+0000] {processor.py:840} INFO - DAG(s) 'example_local_kubernetes_executor' retrieved from /home/airflow/.local/lib/python3.8/site-packages/airflow/example_dags/example_local_kubernetes_executor.py
[2024-05-22T22:40:11.054+0000] {logging_mixin.py:188} INFO - [2024-05-22T22:40:11.054+0000] {dag.py:3036} INFO - Sync 1 DAGs
[2024-05-22T22:40:11.069+0000] {logging_mixin.py:188} INFO - [2024-05-22T22:40:11.069+0000] {dag.py:3823} INFO - Setting next_dagrun for example_local_kubernetes_executor to None, run_after=None
[2024-05-22T22:40:11.091+0000] {processor.py:183} INFO - Processing /home/airflow/.local/lib/python3.8/site-packages/airflow/example_dags/example_local_kubernetes_executor.py took 0.090 seconds
[2024-05-22T22:40:41.502+0000] {processor.py:161} INFO - Started process (PID=52686) to work on /home/airflow/.local/lib/python3.8/site-packages/airflow/example_dags/example_local_kubernetes_executor.py
[2024-05-22T22:40:41.503+0000] {processor.py:830} INFO - Processing file /home/airflow/.local/lib/python3.8/site-packages/airflow/example_dags/example_local_kubernetes_executor.py for tasks to queue
[2024-05-22T22:40:41.505+0000] {logging_mixin.py:188} INFO - [2024-05-22T22:40:41.504+0000] {dagbag.py:538} INFO - Filling up the DagBag from /home/airflow/.local/lib/python3.8/site-packages/airflow/example_dags/example_local_kubernetes_executor.py
[2024-05-22T22:40:41.511+0000] {processor.py:840} INFO - DAG(s) 'example_local_kubernetes_executor' retrieved from /home/airflow/.local/lib/python3.8/site-packages/airflow/example_dags/example_local_kubernetes_executor.py
[2024-05-22T22:40:41.542+0000] {logging_mixin.py:188} INFO - [2024-05-22T22:40:41.542+0000] {dag.py:3036} INFO - Sync 1 DAGs
[2024-05-22T22:40:41.555+0000] {logging_mixin.py:188} INFO - [2024-05-22T22:40:41.554+0000] {dag.py:3823} INFO - Setting next_dagrun for example_local_kubernetes_executor to None, run_after=None
[2024-05-22T22:40:41.574+0000] {processor.py:183} INFO - Processing /home/airflow/.local/lib/python3.8/site-packages/airflow/example_dags/example_local_kubernetes_executor.py took 0.074 seconds
[2024-05-22T22:41:11.986+0000] {processor.py:161} INFO - Started process (PID=52743) to work on /home/airflow/.local/lib/python3.8/site-packages/airflow/example_dags/example_local_kubernetes_executor.py
[2024-05-22T22:41:11.987+0000] {processor.py:830} INFO - Processing file /home/airflow/.local/lib/python3.8/site-packages/airflow/example_dags/example_local_kubernetes_executor.py for tasks to queue
[2024-05-22T22:41:11.989+0000] {logging_mixin.py:188} INFO - [2024-05-22T22:41:11.989+0000] {dagbag.py:538} INFO - Filling up the DagBag from /home/airflow/.local/lib/python3.8/site-packages/airflow/example_dags/example_local_kubernetes_executor.py
[2024-05-22T22:41:11.996+0000] {processor.py:840} INFO - DAG(s) 'example_local_kubernetes_executor' retrieved from /home/airflow/.local/lib/python3.8/site-packages/airflow/example_dags/example_local_kubernetes_executor.py
[2024-05-22T22:41:12.040+0000] {logging_mixin.py:188} INFO - [2024-05-22T22:41:12.040+0000] {dag.py:3036} INFO - Sync 1 DAGs
[2024-05-22T22:41:12.055+0000] {logging_mixin.py:188} INFO - [2024-05-22T22:41:12.054+0000] {dag.py:3823} INFO - Setting next_dagrun for example_local_kubernetes_executor to None, run_after=None
[2024-05-22T22:41:12.084+0000] {processor.py:183} INFO - Processing /home/airflow/.local/lib/python3.8/site-packages/airflow/example_dags/example_local_kubernetes_executor.py took 0.100 seconds
[2024-05-22T22:41:42.495+0000] {processor.py:161} INFO - Started process (PID=52800) to work on /home/airflow/.local/lib/python3.8/site-packages/airflow/example_dags/example_local_kubernetes_executor.py
[2024-05-22T22:41:42.496+0000] {processor.py:830} INFO - Processing file /home/airflow/.local/lib/python3.8/site-packages/airflow/example_dags/example_local_kubernetes_executor.py for tasks to queue
[2024-05-22T22:41:42.498+0000] {logging_mixin.py:188} INFO - [2024-05-22T22:41:42.498+0000] {dagbag.py:538} INFO - Filling up the DagBag from /home/airflow/.local/lib/python3.8/site-packages/airflow/example_dags/example_local_kubernetes_executor.py
[2024-05-22T22:41:42.505+0000] {processor.py:840} INFO - DAG(s) 'example_local_kubernetes_executor' retrieved from /home/airflow/.local/lib/python3.8/site-packages/airflow/example_dags/example_local_kubernetes_executor.py
[2024-05-22T22:41:42.538+0000] {logging_mixin.py:188} INFO - [2024-05-22T22:41:42.538+0000] {dag.py:3036} INFO - Sync 1 DAGs
[2024-05-22T22:41:42.550+0000] {logging_mixin.py:188} INFO - [2024-05-22T22:41:42.550+0000] {dag.py:3823} INFO - Setting next_dagrun for example_local_kubernetes_executor to None, run_after=None
[2024-05-22T22:41:42.569+0000] {processor.py:183} INFO - Processing /home/airflow/.local/lib/python3.8/site-packages/airflow/example_dags/example_local_kubernetes_executor.py took 0.077 seconds
[2024-05-22T22:42:13.107+0000] {processor.py:161} INFO - Started process (PID=52858) to work on /home/airflow/.local/lib/python3.8/site-packages/airflow/example_dags/example_local_kubernetes_executor.py
[2024-05-22T22:42:13.108+0000] {processor.py:830} INFO - Processing file /home/airflow/.local/lib/python3.8/site-packages/airflow/example_dags/example_local_kubernetes_executor.py for tasks to queue
[2024-05-22T22:42:13.110+0000] {logging_mixin.py:188} INFO - [2024-05-22T22:42:13.110+0000] {dagbag.py:538} INFO - Filling up the DagBag from /home/airflow/.local/lib/python3.8/site-packages/airflow/example_dags/example_local_kubernetes_executor.py
[2024-05-22T22:42:13.117+0000] {processor.py:840} INFO - DAG(s) 'example_local_kubernetes_executor' retrieved from /home/airflow/.local/lib/python3.8/site-packages/airflow/example_dags/example_local_kubernetes_executor.py
[2024-05-22T22:42:13.154+0000] {logging_mixin.py:188} INFO - [2024-05-22T22:42:13.153+0000] {dag.py:3036} INFO - Sync 1 DAGs
[2024-05-22T22:42:13.167+0000] {logging_mixin.py:188} INFO - [2024-05-22T22:42:13.167+0000] {dag.py:3823} INFO - Setting next_dagrun for example_local_kubernetes_executor to None, run_after=None
[2024-05-22T22:42:13.187+0000] {processor.py:183} INFO - Processing /home/airflow/.local/lib/python3.8/site-packages/airflow/example_dags/example_local_kubernetes_executor.py took 0.083 seconds
[2024-05-22T22:42:43.630+0000] {processor.py:161} INFO - Started process (PID=52915) to work on /home/airflow/.local/lib/python3.8/site-packages/airflow/example_dags/example_local_kubernetes_executor.py
[2024-05-22T22:42:43.631+0000] {processor.py:830} INFO - Processing file /home/airflow/.local/lib/python3.8/site-packages/airflow/example_dags/example_local_kubernetes_executor.py for tasks to queue
[2024-05-22T22:42:43.633+0000] {logging_mixin.py:188} INFO - [2024-05-22T22:42:43.632+0000] {dagbag.py:538} INFO - Filling up the DagBag from /home/airflow/.local/lib/python3.8/site-packages/airflow/example_dags/example_local_kubernetes_executor.py
[2024-05-22T22:42:43.639+0000] {processor.py:840} INFO - DAG(s) 'example_local_kubernetes_executor' retrieved from /home/airflow/.local/lib/python3.8/site-packages/airflow/example_dags/example_local_kubernetes_executor.py
[2024-05-22T22:42:43.684+0000] {logging_mixin.py:188} INFO - [2024-05-22T22:42:43.684+0000] {dag.py:3036} INFO - Sync 1 DAGs
[2024-05-22T22:42:43.700+0000] {logging_mixin.py:188} INFO - [2024-05-22T22:42:43.700+0000] {dag.py:3823} INFO - Setting next_dagrun for example_local_kubernetes_executor to None, run_after=None
[2024-05-22T22:42:43.721+0000] {processor.py:183} INFO - Processing /home/airflow/.local/lib/python3.8/site-packages/airflow/example_dags/example_local_kubernetes_executor.py took 0.094 seconds
[2024-05-22T22:43:14.321+0000] {processor.py:161} INFO - Started process (PID=52972) to work on /home/airflow/.local/lib/python3.8/site-packages/airflow/example_dags/example_local_kubernetes_executor.py
[2024-05-22T22:43:14.322+0000] {processor.py:830} INFO - Processing file /home/airflow/.local/lib/python3.8/site-packages/airflow/example_dags/example_local_kubernetes_executor.py for tasks to queue
[2024-05-22T22:43:14.324+0000] {logging_mixin.py:188} INFO - [2024-05-22T22:43:14.323+0000] {dagbag.py:538} INFO - Filling up the DagBag from /home/airflow/.local/lib/python3.8/site-packages/airflow/example_dags/example_local_kubernetes_executor.py
[2024-05-22T22:43:14.333+0000] {processor.py:840} INFO - DAG(s) 'example_local_kubernetes_executor' retrieved from /home/airflow/.local/lib/python3.8/site-packages/airflow/example_dags/example_local_kubernetes_executor.py
[2024-05-22T22:43:14.380+0000] {logging_mixin.py:188} INFO - [2024-05-22T22:43:14.379+0000] {dag.py:3036} INFO - Sync 1 DAGs
[2024-05-22T22:43:14.398+0000] {logging_mixin.py:188} INFO - [2024-05-22T22:43:14.398+0000] {dag.py:3823} INFO - Setting next_dagrun for example_local_kubernetes_executor to None, run_after=None
[2024-05-22T22:43:14.427+0000] {processor.py:183} INFO - Processing /home/airflow/.local/lib/python3.8/site-packages/airflow/example_dags/example_local_kubernetes_executor.py took 0.109 seconds
[2024-05-22T22:43:44.678+0000] {processor.py:161} INFO - Started process (PID=53029) to work on /home/airflow/.local/lib/python3.8/site-packages/airflow/example_dags/example_local_kubernetes_executor.py
[2024-05-22T22:43:44.679+0000] {processor.py:830} INFO - Processing file /home/airflow/.local/lib/python3.8/site-packages/airflow/example_dags/example_local_kubernetes_executor.py for tasks to queue
[2024-05-22T22:43:44.681+0000] {logging_mixin.py:188} INFO - [2024-05-22T22:43:44.680+0000] {dagbag.py:538} INFO - Filling up the DagBag from /home/airflow/.local/lib/python3.8/site-packages/airflow/example_dags/example_local_kubernetes_executor.py
[2024-05-22T22:43:44.689+0000] {processor.py:840} INFO - DAG(s) 'example_local_kubernetes_executor' retrieved from /home/airflow/.local/lib/python3.8/site-packages/airflow/example_dags/example_local_kubernetes_executor.py
[2024-05-22T22:43:44.739+0000] {logging_mixin.py:188} INFO - [2024-05-22T22:43:44.739+0000] {dag.py:3036} INFO - Sync 1 DAGs
[2024-05-22T22:43:44.756+0000] {logging_mixin.py:188} INFO - [2024-05-22T22:43:44.756+0000] {dag.py:3823} INFO - Setting next_dagrun for example_local_kubernetes_executor to None, run_after=None
[2024-05-22T22:43:44.789+0000] {processor.py:183} INFO - Processing /home/airflow/.local/lib/python3.8/site-packages/airflow/example_dags/example_local_kubernetes_executor.py took 0.115 seconds
[2024-05-22T22:44:15.068+0000] {processor.py:161} INFO - Started process (PID=53086) to work on /home/airflow/.local/lib/python3.8/site-packages/airflow/example_dags/example_local_kubernetes_executor.py
[2024-05-22T22:44:15.070+0000] {processor.py:830} INFO - Processing file /home/airflow/.local/lib/python3.8/site-packages/airflow/example_dags/example_local_kubernetes_executor.py for tasks to queue
[2024-05-22T22:44:15.071+0000] {logging_mixin.py:188} INFO - [2024-05-22T22:44:15.071+0000] {dagbag.py:538} INFO - Filling up the DagBag from /home/airflow/.local/lib/python3.8/site-packages/airflow/example_dags/example_local_kubernetes_executor.py
[2024-05-22T22:44:15.081+0000] {processor.py:840} INFO - DAG(s) 'example_local_kubernetes_executor' retrieved from /home/airflow/.local/lib/python3.8/site-packages/airflow/example_dags/example_local_kubernetes_executor.py
[2024-05-22T22:44:15.125+0000] {logging_mixin.py:188} INFO - [2024-05-22T22:44:15.124+0000] {dag.py:3036} INFO - Sync 1 DAGs
[2024-05-22T22:44:15.142+0000] {logging_mixin.py:188} INFO - [2024-05-22T22:44:15.142+0000] {dag.py:3823} INFO - Setting next_dagrun for example_local_kubernetes_executor to None, run_after=None
[2024-05-22T22:44:15.177+0000] {processor.py:183} INFO - Processing /home/airflow/.local/lib/python3.8/site-packages/airflow/example_dags/example_local_kubernetes_executor.py took 0.112 seconds
[2024-05-22T22:44:45.369+0000] {processor.py:161} INFO - Started process (PID=53143) to work on /home/airflow/.local/lib/python3.8/site-packages/airflow/example_dags/example_local_kubernetes_executor.py
[2024-05-22T22:44:45.371+0000] {processor.py:830} INFO - Processing file /home/airflow/.local/lib/python3.8/site-packages/airflow/example_dags/example_local_kubernetes_executor.py for tasks to queue
[2024-05-22T22:44:45.373+0000] {logging_mixin.py:188} INFO - [2024-05-22T22:44:45.373+0000] {dagbag.py:538} INFO - Filling up the DagBag from /home/airflow/.local/lib/python3.8/site-packages/airflow/example_dags/example_local_kubernetes_executor.py
[2024-05-22T22:44:45.383+0000] {processor.py:840} INFO - DAG(s) 'example_local_kubernetes_executor' retrieved from /home/airflow/.local/lib/python3.8/site-packages/airflow/example_dags/example_local_kubernetes_executor.py
[2024-05-22T22:44:45.431+0000] {logging_mixin.py:188} INFO - [2024-05-22T22:44:45.431+0000] {dag.py:3036} INFO - Sync 1 DAGs
[2024-05-22T22:44:45.448+0000] {logging_mixin.py:188} INFO - [2024-05-22T22:44:45.447+0000] {dag.py:3823} INFO - Setting next_dagrun for example_local_kubernetes_executor to None, run_after=None
[2024-05-22T22:44:45.479+0000] {processor.py:183} INFO - Processing /home/airflow/.local/lib/python3.8/site-packages/airflow/example_dags/example_local_kubernetes_executor.py took 0.115 seconds
[2024-05-22T22:45:15.675+0000] {processor.py:161} INFO - Started process (PID=53201) to work on /home/airflow/.local/lib/python3.8/site-packages/airflow/example_dags/example_local_kubernetes_executor.py
[2024-05-22T22:45:15.678+0000] {processor.py:830} INFO - Processing file /home/airflow/.local/lib/python3.8/site-packages/airflow/example_dags/example_local_kubernetes_executor.py for tasks to queue
[2024-05-22T22:45:15.681+0000] {logging_mixin.py:188} INFO - [2024-05-22T22:45:15.681+0000] {dagbag.py:538} INFO - Filling up the DagBag from /home/airflow/.local/lib/python3.8/site-packages/airflow/example_dags/example_local_kubernetes_executor.py
[2024-05-22T22:45:15.694+0000] {processor.py:840} INFO - DAG(s) 'example_local_kubernetes_executor' retrieved from /home/airflow/.local/lib/python3.8/site-packages/airflow/example_dags/example_local_kubernetes_executor.py
[2024-05-22T22:45:15.747+0000] {logging_mixin.py:188} INFO - [2024-05-22T22:45:15.747+0000] {dag.py:3036} INFO - Sync 1 DAGs
[2024-05-22T22:45:15.766+0000] {logging_mixin.py:188} INFO - [2024-05-22T22:45:15.766+0000] {dag.py:3823} INFO - Setting next_dagrun for example_local_kubernetes_executor to None, run_after=None
[2024-05-22T22:45:15.798+0000] {processor.py:183} INFO - Processing /home/airflow/.local/lib/python3.8/site-packages/airflow/example_dags/example_local_kubernetes_executor.py took 0.129 seconds
[2024-05-22T22:45:45.917+0000] {processor.py:161} INFO - Started process (PID=53257) to work on /home/airflow/.local/lib/python3.8/site-packages/airflow/example_dags/example_local_kubernetes_executor.py
[2024-05-22T22:45:45.918+0000] {processor.py:830} INFO - Processing file /home/airflow/.local/lib/python3.8/site-packages/airflow/example_dags/example_local_kubernetes_executor.py for tasks to queue
[2024-05-22T22:45:45.920+0000] {logging_mixin.py:188} INFO - [2024-05-22T22:45:45.920+0000] {dagbag.py:538} INFO - Filling up the DagBag from /home/airflow/.local/lib/python3.8/site-packages/airflow/example_dags/example_local_kubernetes_executor.py
[2024-05-22T22:45:45.930+0000] {processor.py:840} INFO - DAG(s) 'example_local_kubernetes_executor' retrieved from /home/airflow/.local/lib/python3.8/site-packages/airflow/example_dags/example_local_kubernetes_executor.py
[2024-05-22T22:45:45.972+0000] {logging_mixin.py:188} INFO - [2024-05-22T22:45:45.971+0000] {dag.py:3036} INFO - Sync 1 DAGs
[2024-05-22T22:45:45.988+0000] {logging_mixin.py:188} INFO - [2024-05-22T22:45:45.988+0000] {dag.py:3823} INFO - Setting next_dagrun for example_local_kubernetes_executor to None, run_after=None
[2024-05-22T22:45:46.017+0000] {processor.py:183} INFO - Processing /home/airflow/.local/lib/python3.8/site-packages/airflow/example_dags/example_local_kubernetes_executor.py took 0.104 seconds
[2024-05-22T22:46:16.679+0000] {processor.py:161} INFO - Started process (PID=53315) to work on /home/airflow/.local/lib/python3.8/site-packages/airflow/example_dags/example_local_kubernetes_executor.py
[2024-05-22T22:46:16.680+0000] {processor.py:830} INFO - Processing file /home/airflow/.local/lib/python3.8/site-packages/airflow/example_dags/example_local_kubernetes_executor.py for tasks to queue
[2024-05-22T22:46:16.682+0000] {logging_mixin.py:188} INFO - [2024-05-22T22:46:16.682+0000] {dagbag.py:538} INFO - Filling up the DagBag from /home/airflow/.local/lib/python3.8/site-packages/airflow/example_dags/example_local_kubernetes_executor.py
[2024-05-22T22:46:16.693+0000] {processor.py:840} INFO - DAG(s) 'example_local_kubernetes_executor' retrieved from /home/airflow/.local/lib/python3.8/site-packages/airflow/example_dags/example_local_kubernetes_executor.py
[2024-05-22T22:46:16.732+0000] {logging_mixin.py:188} INFO - [2024-05-22T22:46:16.732+0000] {dag.py:3036} INFO - Sync 1 DAGs
[2024-05-22T22:46:16.747+0000] {logging_mixin.py:188} INFO - [2024-05-22T22:46:16.746+0000] {dag.py:3823} INFO - Setting next_dagrun for example_local_kubernetes_executor to None, run_after=None
[2024-05-22T22:46:16.772+0000] {processor.py:183} INFO - Processing /home/airflow/.local/lib/python3.8/site-packages/airflow/example_dags/example_local_kubernetes_executor.py took 0.097 seconds
[2024-05-22T22:46:47.256+0000] {processor.py:161} INFO - Started process (PID=53372) to work on /home/airflow/.local/lib/python3.8/site-packages/airflow/example_dags/example_local_kubernetes_executor.py
[2024-05-22T22:46:47.257+0000] {processor.py:830} INFO - Processing file /home/airflow/.local/lib/python3.8/site-packages/airflow/example_dags/example_local_kubernetes_executor.py for tasks to queue
[2024-05-22T22:46:47.259+0000] {logging_mixin.py:188} INFO - [2024-05-22T22:46:47.259+0000] {dagbag.py:538} INFO - Filling up the DagBag from /home/airflow/.local/lib/python3.8/site-packages/airflow/example_dags/example_local_kubernetes_executor.py
[2024-05-22T22:46:47.268+0000] {processor.py:840} INFO - DAG(s) 'example_local_kubernetes_executor' retrieved from /home/airflow/.local/lib/python3.8/site-packages/airflow/example_dags/example_local_kubernetes_executor.py
[2024-05-22T22:46:47.308+0000] {logging_mixin.py:188} INFO - [2024-05-22T22:46:47.308+0000] {dag.py:3036} INFO - Sync 1 DAGs
[2024-05-22T22:46:47.325+0000] {logging_mixin.py:188} INFO - [2024-05-22T22:46:47.325+0000] {dag.py:3823} INFO - Setting next_dagrun for example_local_kubernetes_executor to None, run_after=None
[2024-05-22T22:46:47.349+0000] {processor.py:183} INFO - Processing /home/airflow/.local/lib/python3.8/site-packages/airflow/example_dags/example_local_kubernetes_executor.py took 0.096 seconds
[2024-05-22T22:47:17.558+0000] {processor.py:161} INFO - Started process (PID=53429) to work on /home/airflow/.local/lib/python3.8/site-packages/airflow/example_dags/example_local_kubernetes_executor.py
[2024-05-22T22:47:17.559+0000] {processor.py:830} INFO - Processing file /home/airflow/.local/lib/python3.8/site-packages/airflow/example_dags/example_local_kubernetes_executor.py for tasks to queue
[2024-05-22T22:47:17.560+0000] {logging_mixin.py:188} INFO - [2024-05-22T22:47:17.560+0000] {dagbag.py:538} INFO - Filling up the DagBag from /home/airflow/.local/lib/python3.8/site-packages/airflow/example_dags/example_local_kubernetes_executor.py
[2024-05-22T22:47:17.567+0000] {processor.py:840} INFO - DAG(s) 'example_local_kubernetes_executor' retrieved from /home/airflow/.local/lib/python3.8/site-packages/airflow/example_dags/example_local_kubernetes_executor.py
[2024-05-22T22:47:17.602+0000] {logging_mixin.py:188} INFO - [2024-05-22T22:47:17.602+0000] {dag.py:3036} INFO - Sync 1 DAGs
[2024-05-22T22:47:17.616+0000] {logging_mixin.py:188} INFO - [2024-05-22T22:47:17.615+0000] {dag.py:3823} INFO - Setting next_dagrun for example_local_kubernetes_executor to None, run_after=None
[2024-05-22T22:47:17.638+0000] {processor.py:183} INFO - Processing /home/airflow/.local/lib/python3.8/site-packages/airflow/example_dags/example_local_kubernetes_executor.py took 0.083 seconds
[2024-05-22T22:47:47.965+0000] {processor.py:161} INFO - Started process (PID=53487) to work on /home/airflow/.local/lib/python3.8/site-packages/airflow/example_dags/example_local_kubernetes_executor.py
[2024-05-22T22:47:47.966+0000] {processor.py:830} INFO - Processing file /home/airflow/.local/lib/python3.8/site-packages/airflow/example_dags/example_local_kubernetes_executor.py for tasks to queue
[2024-05-22T22:47:47.968+0000] {logging_mixin.py:188} INFO - [2024-05-22T22:47:47.968+0000] {dagbag.py:538} INFO - Filling up the DagBag from /home/airflow/.local/lib/python3.8/site-packages/airflow/example_dags/example_local_kubernetes_executor.py
[2024-05-22T22:47:47.978+0000] {processor.py:840} INFO - DAG(s) 'example_local_kubernetes_executor' retrieved from /home/airflow/.local/lib/python3.8/site-packages/airflow/example_dags/example_local_kubernetes_executor.py
[2024-05-22T22:47:48.016+0000] {logging_mixin.py:188} INFO - [2024-05-22T22:47:48.016+0000] {dag.py:3036} INFO - Sync 1 DAGs
[2024-05-22T22:47:48.031+0000] {logging_mixin.py:188} INFO - [2024-05-22T22:47:48.031+0000] {dag.py:3823} INFO - Setting next_dagrun for example_local_kubernetes_executor to None, run_after=None
[2024-05-22T22:47:48.058+0000] {processor.py:183} INFO - Processing /home/airflow/.local/lib/python3.8/site-packages/airflow/example_dags/example_local_kubernetes_executor.py took 0.096 seconds
[2024-05-22T22:48:18.483+0000] {processor.py:161} INFO - Started process (PID=53544) to work on /home/airflow/.local/lib/python3.8/site-packages/airflow/example_dags/example_local_kubernetes_executor.py
[2024-05-22T22:48:18.484+0000] {processor.py:830} INFO - Processing file /home/airflow/.local/lib/python3.8/site-packages/airflow/example_dags/example_local_kubernetes_executor.py for tasks to queue
[2024-05-22T22:48:18.486+0000] {logging_mixin.py:188} INFO - [2024-05-22T22:48:18.485+0000] {dagbag.py:538} INFO - Filling up the DagBag from /home/airflow/.local/lib/python3.8/site-packages/airflow/example_dags/example_local_kubernetes_executor.py
[2024-05-22T22:48:18.493+0000] {processor.py:840} INFO - DAG(s) 'example_local_kubernetes_executor' retrieved from /home/airflow/.local/lib/python3.8/site-packages/airflow/example_dags/example_local_kubernetes_executor.py
[2024-05-22T22:48:18.530+0000] {logging_mixin.py:188} INFO - [2024-05-22T22:48:18.529+0000] {dag.py:3036} INFO - Sync 1 DAGs
[2024-05-22T22:48:18.547+0000] {logging_mixin.py:188} INFO - [2024-05-22T22:48:18.547+0000] {dag.py:3823} INFO - Setting next_dagrun for example_local_kubernetes_executor to None, run_after=None
[2024-05-22T22:48:18.573+0000] {processor.py:183} INFO - Processing /home/airflow/.local/lib/python3.8/site-packages/airflow/example_dags/example_local_kubernetes_executor.py took 0.093 seconds
[2024-05-22T22:48:49.096+0000] {processor.py:161} INFO - Started process (PID=53601) to work on /home/airflow/.local/lib/python3.8/site-packages/airflow/example_dags/example_local_kubernetes_executor.py
[2024-05-22T22:48:49.097+0000] {processor.py:830} INFO - Processing file /home/airflow/.local/lib/python3.8/site-packages/airflow/example_dags/example_local_kubernetes_executor.py for tasks to queue
[2024-05-22T22:48:49.099+0000] {logging_mixin.py:188} INFO - [2024-05-22T22:48:49.099+0000] {dagbag.py:538} INFO - Filling up the DagBag from /home/airflow/.local/lib/python3.8/site-packages/airflow/example_dags/example_local_kubernetes_executor.py
[2024-05-22T22:48:49.107+0000] {processor.py:840} INFO - DAG(s) 'example_local_kubernetes_executor' retrieved from /home/airflow/.local/lib/python3.8/site-packages/airflow/example_dags/example_local_kubernetes_executor.py
[2024-05-22T22:48:49.142+0000] {logging_mixin.py:188} INFO - [2024-05-22T22:48:49.142+0000] {dag.py:3036} INFO - Sync 1 DAGs
[2024-05-22T22:48:49.155+0000] {logging_mixin.py:188} INFO - [2024-05-22T22:48:49.155+0000] {dag.py:3823} INFO - Setting next_dagrun for example_local_kubernetes_executor to None, run_after=None
[2024-05-22T22:48:49.178+0000] {processor.py:183} INFO - Processing /home/airflow/.local/lib/python3.8/site-packages/airflow/example_dags/example_local_kubernetes_executor.py took 0.085 seconds
[2024-05-22T22:49:19.346+0000] {processor.py:161} INFO - Started process (PID=53657) to work on /home/airflow/.local/lib/python3.8/site-packages/airflow/example_dags/example_local_kubernetes_executor.py
[2024-05-22T22:49:19.348+0000] {processor.py:830} INFO - Processing file /home/airflow/.local/lib/python3.8/site-packages/airflow/example_dags/example_local_kubernetes_executor.py for tasks to queue
[2024-05-22T22:49:19.350+0000] {logging_mixin.py:188} INFO - [2024-05-22T22:49:19.350+0000] {dagbag.py:538} INFO - Filling up the DagBag from /home/airflow/.local/lib/python3.8/site-packages/airflow/example_dags/example_local_kubernetes_executor.py
[2024-05-22T22:49:19.359+0000] {processor.py:840} INFO - DAG(s) 'example_local_kubernetes_executor' retrieved from /home/airflow/.local/lib/python3.8/site-packages/airflow/example_dags/example_local_kubernetes_executor.py
[2024-05-22T22:49:19.398+0000] {logging_mixin.py:188} INFO - [2024-05-22T22:49:19.398+0000] {dag.py:3036} INFO - Sync 1 DAGs
[2024-05-22T22:49:19.414+0000] {logging_mixin.py:188} INFO - [2024-05-22T22:49:19.414+0000] {dag.py:3823} INFO - Setting next_dagrun for example_local_kubernetes_executor to None, run_after=None
[2024-05-22T22:49:19.436+0000] {processor.py:183} INFO - Processing /home/airflow/.local/lib/python3.8/site-packages/airflow/example_dags/example_local_kubernetes_executor.py took 0.093 seconds
[2024-05-22T22:49:49.569+0000] {processor.py:161} INFO - Started process (PID=53713) to work on /home/airflow/.local/lib/python3.8/site-packages/airflow/example_dags/example_local_kubernetes_executor.py
[2024-05-22T22:49:49.570+0000] {processor.py:830} INFO - Processing file /home/airflow/.local/lib/python3.8/site-packages/airflow/example_dags/example_local_kubernetes_executor.py for tasks to queue
[2024-05-22T22:49:49.572+0000] {logging_mixin.py:188} INFO - [2024-05-22T22:49:49.572+0000] {dagbag.py:538} INFO - Filling up the DagBag from /home/airflow/.local/lib/python3.8/site-packages/airflow/example_dags/example_local_kubernetes_executor.py
[2024-05-22T22:49:49.582+0000] {processor.py:840} INFO - DAG(s) 'example_local_kubernetes_executor' retrieved from /home/airflow/.local/lib/python3.8/site-packages/airflow/example_dags/example_local_kubernetes_executor.py
[2024-05-22T22:49:49.623+0000] {logging_mixin.py:188} INFO - [2024-05-22T22:49:49.623+0000] {dag.py:3036} INFO - Sync 1 DAGs
[2024-05-22T22:49:49.642+0000] {logging_mixin.py:188} INFO - [2024-05-22T22:49:49.641+0000] {dag.py:3823} INFO - Setting next_dagrun for example_local_kubernetes_executor to None, run_after=None
[2024-05-22T22:49:49.669+0000] {processor.py:183} INFO - Processing /home/airflow/.local/lib/python3.8/site-packages/airflow/example_dags/example_local_kubernetes_executor.py took 0.104 seconds
[2024-05-22T22:50:20.109+0000] {processor.py:161} INFO - Started process (PID=53770) to work on /home/airflow/.local/lib/python3.8/site-packages/airflow/example_dags/example_local_kubernetes_executor.py
[2024-05-22T22:50:20.109+0000] {processor.py:830} INFO - Processing file /home/airflow/.local/lib/python3.8/site-packages/airflow/example_dags/example_local_kubernetes_executor.py for tasks to queue
[2024-05-22T22:50:20.111+0000] {logging_mixin.py:188} INFO - [2024-05-22T22:50:20.111+0000] {dagbag.py:538} INFO - Filling up the DagBag from /home/airflow/.local/lib/python3.8/site-packages/airflow/example_dags/example_local_kubernetes_executor.py
[2024-05-22T22:50:20.121+0000] {processor.py:840} INFO - DAG(s) 'example_local_kubernetes_executor' retrieved from /home/airflow/.local/lib/python3.8/site-packages/airflow/example_dags/example_local_kubernetes_executor.py
[2024-05-22T22:50:20.163+0000] {logging_mixin.py:188} INFO - [2024-05-22T22:50:20.163+0000] {dag.py:3036} INFO - Sync 1 DAGs
[2024-05-22T22:50:20.176+0000] {logging_mixin.py:188} INFO - [2024-05-22T22:50:20.175+0000] {dag.py:3823} INFO - Setting next_dagrun for example_local_kubernetes_executor to None, run_after=None
[2024-05-22T22:50:20.206+0000] {processor.py:183} INFO - Processing /home/airflow/.local/lib/python3.8/site-packages/airflow/example_dags/example_local_kubernetes_executor.py took 0.100 seconds
[2024-05-22T22:50:50.625+0000] {processor.py:161} INFO - Started process (PID=53827) to work on /home/airflow/.local/lib/python3.8/site-packages/airflow/example_dags/example_local_kubernetes_executor.py
[2024-05-22T22:50:50.625+0000] {processor.py:830} INFO - Processing file /home/airflow/.local/lib/python3.8/site-packages/airflow/example_dags/example_local_kubernetes_executor.py for tasks to queue
[2024-05-22T22:50:50.627+0000] {logging_mixin.py:188} INFO - [2024-05-22T22:50:50.627+0000] {dagbag.py:538} INFO - Filling up the DagBag from /home/airflow/.local/lib/python3.8/site-packages/airflow/example_dags/example_local_kubernetes_executor.py
[2024-05-22T22:50:50.636+0000] {processor.py:840} INFO - DAG(s) 'example_local_kubernetes_executor' retrieved from /home/airflow/.local/lib/python3.8/site-packages/airflow/example_dags/example_local_kubernetes_executor.py
[2024-05-22T22:50:50.671+0000] {logging_mixin.py:188} INFO - [2024-05-22T22:50:50.671+0000] {dag.py:3036} INFO - Sync 1 DAGs
[2024-05-22T22:50:50.685+0000] {logging_mixin.py:188} INFO - [2024-05-22T22:50:50.685+0000] {dag.py:3823} INFO - Setting next_dagrun for example_local_kubernetes_executor to None, run_after=None
[2024-05-22T22:50:50.711+0000] {processor.py:183} INFO - Processing /home/airflow/.local/lib/python3.8/site-packages/airflow/example_dags/example_local_kubernetes_executor.py took 0.089 seconds
[2024-05-22T22:51:21.154+0000] {processor.py:161} INFO - Started process (PID=53884) to work on /home/airflow/.local/lib/python3.8/site-packages/airflow/example_dags/example_local_kubernetes_executor.py
[2024-05-22T22:51:21.155+0000] {processor.py:830} INFO - Processing file /home/airflow/.local/lib/python3.8/site-packages/airflow/example_dags/example_local_kubernetes_executor.py for tasks to queue
[2024-05-22T22:51:21.157+0000] {logging_mixin.py:188} INFO - [2024-05-22T22:51:21.156+0000] {dagbag.py:538} INFO - Filling up the DagBag from /home/airflow/.local/lib/python3.8/site-packages/airflow/example_dags/example_local_kubernetes_executor.py
[2024-05-22T22:51:21.164+0000] {processor.py:840} INFO - DAG(s) 'example_local_kubernetes_executor' retrieved from /home/airflow/.local/lib/python3.8/site-packages/airflow/example_dags/example_local_kubernetes_executor.py
[2024-05-22T22:51:21.200+0000] {logging_mixin.py:188} INFO - [2024-05-22T22:51:21.200+0000] {dag.py:3036} INFO - Sync 1 DAGs
[2024-05-22T22:51:21.214+0000] {logging_mixin.py:188} INFO - [2024-05-22T22:51:21.214+0000] {dag.py:3823} INFO - Setting next_dagrun for example_local_kubernetes_executor to None, run_after=None
[2024-05-22T22:51:21.235+0000] {processor.py:183} INFO - Processing /home/airflow/.local/lib/python3.8/site-packages/airflow/example_dags/example_local_kubernetes_executor.py took 0.084 seconds
[2024-05-22T22:51:51.592+0000] {processor.py:161} INFO - Started process (PID=53941) to work on /home/airflow/.local/lib/python3.8/site-packages/airflow/example_dags/example_local_kubernetes_executor.py
[2024-05-22T22:51:51.593+0000] {processor.py:830} INFO - Processing file /home/airflow/.local/lib/python3.8/site-packages/airflow/example_dags/example_local_kubernetes_executor.py for tasks to queue
[2024-05-22T22:51:51.595+0000] {logging_mixin.py:188} INFO - [2024-05-22T22:51:51.595+0000] {dagbag.py:538} INFO - Filling up the DagBag from /home/airflow/.local/lib/python3.8/site-packages/airflow/example_dags/example_local_kubernetes_executor.py
[2024-05-22T22:51:51.606+0000] {processor.py:840} INFO - DAG(s) 'example_local_kubernetes_executor' retrieved from /home/airflow/.local/lib/python3.8/site-packages/airflow/example_dags/example_local_kubernetes_executor.py
[2024-05-22T22:51:51.664+0000] {logging_mixin.py:188} INFO - [2024-05-22T22:51:51.662+0000] {dag.py:3036} INFO - Sync 1 DAGs
[2024-05-22T22:51:51.682+0000] {logging_mixin.py:188} INFO - [2024-05-22T22:51:51.682+0000] {dag.py:3823} INFO - Setting next_dagrun for example_local_kubernetes_executor to None, run_after=None
[2024-05-22T22:51:51.707+0000] {processor.py:183} INFO - Processing /home/airflow/.local/lib/python3.8/site-packages/airflow/example_dags/example_local_kubernetes_executor.py took 0.119 seconds
[2024-05-22T22:52:21.953+0000] {processor.py:161} INFO - Started process (PID=53998) to work on /home/airflow/.local/lib/python3.8/site-packages/airflow/example_dags/example_local_kubernetes_executor.py
[2024-05-22T22:52:21.954+0000] {processor.py:830} INFO - Processing file /home/airflow/.local/lib/python3.8/site-packages/airflow/example_dags/example_local_kubernetes_executor.py for tasks to queue
[2024-05-22T22:52:21.956+0000] {logging_mixin.py:188} INFO - [2024-05-22T22:52:21.956+0000] {dagbag.py:538} INFO - Filling up the DagBag from /home/airflow/.local/lib/python3.8/site-packages/airflow/example_dags/example_local_kubernetes_executor.py
[2024-05-22T22:52:21.965+0000] {processor.py:840} INFO - DAG(s) 'example_local_kubernetes_executor' retrieved from /home/airflow/.local/lib/python3.8/site-packages/airflow/example_dags/example_local_kubernetes_executor.py
[2024-05-22T22:52:22.006+0000] {logging_mixin.py:188} INFO - [2024-05-22T22:52:22.006+0000] {dag.py:3036} INFO - Sync 1 DAGs
[2024-05-22T22:52:22.020+0000] {logging_mixin.py:188} INFO - [2024-05-22T22:52:22.019+0000] {dag.py:3823} INFO - Setting next_dagrun for example_local_kubernetes_executor to None, run_after=None
[2024-05-22T22:52:22.041+0000] {processor.py:183} INFO - Processing /home/airflow/.local/lib/python3.8/site-packages/airflow/example_dags/example_local_kubernetes_executor.py took 0.091 seconds
[2024-05-22T22:52:52.296+0000] {processor.py:161} INFO - Started process (PID=54056) to work on /home/airflow/.local/lib/python3.8/site-packages/airflow/example_dags/example_local_kubernetes_executor.py
[2024-05-22T22:52:52.297+0000] {processor.py:830} INFO - Processing file /home/airflow/.local/lib/python3.8/site-packages/airflow/example_dags/example_local_kubernetes_executor.py for tasks to queue
[2024-05-22T22:52:52.299+0000] {logging_mixin.py:188} INFO - [2024-05-22T22:52:52.298+0000] {dagbag.py:538} INFO - Filling up the DagBag from /home/airflow/.local/lib/python3.8/site-packages/airflow/example_dags/example_local_kubernetes_executor.py
[2024-05-22T22:52:52.308+0000] {processor.py:840} INFO - DAG(s) 'example_local_kubernetes_executor' retrieved from /home/airflow/.local/lib/python3.8/site-packages/airflow/example_dags/example_local_kubernetes_executor.py
[2024-05-22T22:52:52.345+0000] {logging_mixin.py:188} INFO - [2024-05-22T22:52:52.345+0000] {dag.py:3036} INFO - Sync 1 DAGs
[2024-05-22T22:52:52.359+0000] {logging_mixin.py:188} INFO - [2024-05-22T22:52:52.359+0000] {dag.py:3823} INFO - Setting next_dagrun for example_local_kubernetes_executor to None, run_after=None
[2024-05-22T22:52:52.383+0000] {processor.py:183} INFO - Processing /home/airflow/.local/lib/python3.8/site-packages/airflow/example_dags/example_local_kubernetes_executor.py took 0.091 seconds
[2024-05-22T22:53:22.736+0000] {processor.py:161} INFO - Started process (PID=54113) to work on /home/airflow/.local/lib/python3.8/site-packages/airflow/example_dags/example_local_kubernetes_executor.py
[2024-05-22T22:53:22.737+0000] {processor.py:830} INFO - Processing file /home/airflow/.local/lib/python3.8/site-packages/airflow/example_dags/example_local_kubernetes_executor.py for tasks to queue
[2024-05-22T22:53:22.739+0000] {logging_mixin.py:188} INFO - [2024-05-22T22:53:22.739+0000] {dagbag.py:538} INFO - Filling up the DagBag from /home/airflow/.local/lib/python3.8/site-packages/airflow/example_dags/example_local_kubernetes_executor.py
[2024-05-22T22:53:22.748+0000] {processor.py:840} INFO - DAG(s) 'example_local_kubernetes_executor' retrieved from /home/airflow/.local/lib/python3.8/site-packages/airflow/example_dags/example_local_kubernetes_executor.py
[2024-05-22T22:53:22.788+0000] {logging_mixin.py:188} INFO - [2024-05-22T22:53:22.788+0000] {dag.py:3036} INFO - Sync 1 DAGs
[2024-05-22T22:53:22.803+0000] {logging_mixin.py:188} INFO - [2024-05-22T22:53:22.803+0000] {dag.py:3823} INFO - Setting next_dagrun for example_local_kubernetes_executor to None, run_after=None
[2024-05-22T22:53:22.828+0000] {processor.py:183} INFO - Processing /home/airflow/.local/lib/python3.8/site-packages/airflow/example_dags/example_local_kubernetes_executor.py took 0.096 seconds
[2024-05-22T22:53:53.119+0000] {processor.py:161} INFO - Started process (PID=54170) to work on /home/airflow/.local/lib/python3.8/site-packages/airflow/example_dags/example_local_kubernetes_executor.py
[2024-05-22T22:53:53.121+0000] {processor.py:830} INFO - Processing file /home/airflow/.local/lib/python3.8/site-packages/airflow/example_dags/example_local_kubernetes_executor.py for tasks to queue
[2024-05-22T22:53:53.123+0000] {logging_mixin.py:188} INFO - [2024-05-22T22:53:53.123+0000] {dagbag.py:538} INFO - Filling up the DagBag from /home/airflow/.local/lib/python3.8/site-packages/airflow/example_dags/example_local_kubernetes_executor.py
[2024-05-22T22:53:53.132+0000] {processor.py:840} INFO - DAG(s) 'example_local_kubernetes_executor' retrieved from /home/airflow/.local/lib/python3.8/site-packages/airflow/example_dags/example_local_kubernetes_executor.py
[2024-05-22T22:53:53.172+0000] {logging_mixin.py:188} INFO - [2024-05-22T22:53:53.171+0000] {dag.py:3036} INFO - Sync 1 DAGs
[2024-05-22T22:53:53.188+0000] {logging_mixin.py:188} INFO - [2024-05-22T22:53:53.188+0000] {dag.py:3823} INFO - Setting next_dagrun for example_local_kubernetes_executor to None, run_after=None
[2024-05-22T22:53:53.216+0000] {processor.py:183} INFO - Processing /home/airflow/.local/lib/python3.8/site-packages/airflow/example_dags/example_local_kubernetes_executor.py took 0.101 seconds
[2024-05-22T22:54:23.434+0000] {processor.py:161} INFO - Started process (PID=54227) to work on /home/airflow/.local/lib/python3.8/site-packages/airflow/example_dags/example_local_kubernetes_executor.py
[2024-05-22T22:54:23.435+0000] {processor.py:830} INFO - Processing file /home/airflow/.local/lib/python3.8/site-packages/airflow/example_dags/example_local_kubernetes_executor.py for tasks to queue
[2024-05-22T22:54:23.437+0000] {logging_mixin.py:188} INFO - [2024-05-22T22:54:23.436+0000] {dagbag.py:538} INFO - Filling up the DagBag from /home/airflow/.local/lib/python3.8/site-packages/airflow/example_dags/example_local_kubernetes_executor.py
[2024-05-22T22:54:23.443+0000] {processor.py:840} INFO - DAG(s) 'example_local_kubernetes_executor' retrieved from /home/airflow/.local/lib/python3.8/site-packages/airflow/example_dags/example_local_kubernetes_executor.py
[2024-05-22T22:54:23.482+0000] {logging_mixin.py:188} INFO - [2024-05-22T22:54:23.482+0000] {dag.py:3036} INFO - Sync 1 DAGs
[2024-05-22T22:54:23.496+0000] {logging_mixin.py:188} INFO - [2024-05-22T22:54:23.496+0000] {dag.py:3823} INFO - Setting next_dagrun for example_local_kubernetes_executor to None, run_after=None
[2024-05-22T22:54:23.518+0000] {processor.py:183} INFO - Processing /home/airflow/.local/lib/python3.8/site-packages/airflow/example_dags/example_local_kubernetes_executor.py took 0.086 seconds
[2024-05-22T22:54:53.788+0000] {processor.py:161} INFO - Started process (PID=54284) to work on /home/airflow/.local/lib/python3.8/site-packages/airflow/example_dags/example_local_kubernetes_executor.py
[2024-05-22T22:54:53.789+0000] {processor.py:830} INFO - Processing file /home/airflow/.local/lib/python3.8/site-packages/airflow/example_dags/example_local_kubernetes_executor.py for tasks to queue
[2024-05-22T22:54:53.791+0000] {logging_mixin.py:188} INFO - [2024-05-22T22:54:53.791+0000] {dagbag.py:538} INFO - Filling up the DagBag from /home/airflow/.local/lib/python3.8/site-packages/airflow/example_dags/example_local_kubernetes_executor.py
[2024-05-22T22:54:53.799+0000] {processor.py:840} INFO - DAG(s) 'example_local_kubernetes_executor' retrieved from /home/airflow/.local/lib/python3.8/site-packages/airflow/example_dags/example_local_kubernetes_executor.py
[2024-05-22T22:54:53.837+0000] {logging_mixin.py:188} INFO - [2024-05-22T22:54:53.836+0000] {dag.py:3036} INFO - Sync 1 DAGs
[2024-05-22T22:54:53.849+0000] {logging_mixin.py:188} INFO - [2024-05-22T22:54:53.848+0000] {dag.py:3823} INFO - Setting next_dagrun for example_local_kubernetes_executor to None, run_after=None
[2024-05-22T22:54:53.871+0000] {processor.py:183} INFO - Processing /home/airflow/.local/lib/python3.8/site-packages/airflow/example_dags/example_local_kubernetes_executor.py took 0.086 seconds
[2024-05-22T22:55:24.111+0000] {processor.py:161} INFO - Started process (PID=54341) to work on /home/airflow/.local/lib/python3.8/site-packages/airflow/example_dags/example_local_kubernetes_executor.py
[2024-05-22T22:55:24.112+0000] {processor.py:830} INFO - Processing file /home/airflow/.local/lib/python3.8/site-packages/airflow/example_dags/example_local_kubernetes_executor.py for tasks to queue
[2024-05-22T22:55:24.114+0000] {logging_mixin.py:188} INFO - [2024-05-22T22:55:24.114+0000] {dagbag.py:538} INFO - Filling up the DagBag from /home/airflow/.local/lib/python3.8/site-packages/airflow/example_dags/example_local_kubernetes_executor.py
[2024-05-22T22:55:24.121+0000] {processor.py:840} INFO - DAG(s) 'example_local_kubernetes_executor' retrieved from /home/airflow/.local/lib/python3.8/site-packages/airflow/example_dags/example_local_kubernetes_executor.py
[2024-05-22T22:55:24.161+0000] {logging_mixin.py:188} INFO - [2024-05-22T22:55:24.160+0000] {dag.py:3036} INFO - Sync 1 DAGs
[2024-05-22T22:55:24.178+0000] {logging_mixin.py:188} INFO - [2024-05-22T22:55:24.178+0000] {dag.py:3823} INFO - Setting next_dagrun for example_local_kubernetes_executor to None, run_after=None
[2024-05-22T22:55:24.200+0000] {processor.py:183} INFO - Processing /home/airflow/.local/lib/python3.8/site-packages/airflow/example_dags/example_local_kubernetes_executor.py took 0.092 seconds
[2024-05-22T22:55:54.670+0000] {processor.py:161} INFO - Started process (PID=54398) to work on /home/airflow/.local/lib/python3.8/site-packages/airflow/example_dags/example_local_kubernetes_executor.py
[2024-05-22T22:55:54.671+0000] {processor.py:830} INFO - Processing file /home/airflow/.local/lib/python3.8/site-packages/airflow/example_dags/example_local_kubernetes_executor.py for tasks to queue
[2024-05-22T22:55:54.673+0000] {logging_mixin.py:188} INFO - [2024-05-22T22:55:54.673+0000] {dagbag.py:538} INFO - Filling up the DagBag from /home/airflow/.local/lib/python3.8/site-packages/airflow/example_dags/example_local_kubernetes_executor.py
[2024-05-22T22:55:54.681+0000] {processor.py:840} INFO - DAG(s) 'example_local_kubernetes_executor' retrieved from /home/airflow/.local/lib/python3.8/site-packages/airflow/example_dags/example_local_kubernetes_executor.py
[2024-05-22T22:55:54.720+0000] {logging_mixin.py:188} INFO - [2024-05-22T22:55:54.719+0000] {dag.py:3036} INFO - Sync 1 DAGs
[2024-05-22T22:55:54.737+0000] {logging_mixin.py:188} INFO - [2024-05-22T22:55:54.737+0000] {dag.py:3823} INFO - Setting next_dagrun for example_local_kubernetes_executor to None, run_after=None
[2024-05-22T22:55:54.762+0000] {processor.py:183} INFO - Processing /home/airflow/.local/lib/python3.8/site-packages/airflow/example_dags/example_local_kubernetes_executor.py took 0.096 seconds
[2024-05-22T22:56:25.543+0000] {processor.py:161} INFO - Started process (PID=54455) to work on /home/airflow/.local/lib/python3.8/site-packages/airflow/example_dags/example_local_kubernetes_executor.py
[2024-05-22T22:56:25.544+0000] {processor.py:830} INFO - Processing file /home/airflow/.local/lib/python3.8/site-packages/airflow/example_dags/example_local_kubernetes_executor.py for tasks to queue
[2024-05-22T22:56:25.546+0000] {logging_mixin.py:188} INFO - [2024-05-22T22:56:25.545+0000] {dagbag.py:538} INFO - Filling up the DagBag from /home/airflow/.local/lib/python3.8/site-packages/airflow/example_dags/example_local_kubernetes_executor.py
[2024-05-22T22:56:25.553+0000] {processor.py:840} INFO - DAG(s) 'example_local_kubernetes_executor' retrieved from /home/airflow/.local/lib/python3.8/site-packages/airflow/example_dags/example_local_kubernetes_executor.py
[2024-05-22T22:56:25.593+0000] {logging_mixin.py:188} INFO - [2024-05-22T22:56:25.592+0000] {dag.py:3036} INFO - Sync 1 DAGs
[2024-05-22T22:56:25.609+0000] {logging_mixin.py:188} INFO - [2024-05-22T22:56:25.609+0000] {dag.py:3823} INFO - Setting next_dagrun for example_local_kubernetes_executor to None, run_after=None
[2024-05-22T22:56:25.635+0000] {processor.py:183} INFO - Processing /home/airflow/.local/lib/python3.8/site-packages/airflow/example_dags/example_local_kubernetes_executor.py took 0.096 seconds
[2024-05-22T22:56:55.996+0000] {processor.py:161} INFO - Started process (PID=54512) to work on /home/airflow/.local/lib/python3.8/site-packages/airflow/example_dags/example_local_kubernetes_executor.py
[2024-05-22T22:56:55.997+0000] {processor.py:830} INFO - Processing file /home/airflow/.local/lib/python3.8/site-packages/airflow/example_dags/example_local_kubernetes_executor.py for tasks to queue
[2024-05-22T22:56:55.999+0000] {logging_mixin.py:188} INFO - [2024-05-22T22:56:55.999+0000] {dagbag.py:538} INFO - Filling up the DagBag from /home/airflow/.local/lib/python3.8/site-packages/airflow/example_dags/example_local_kubernetes_executor.py
[2024-05-22T22:56:56.008+0000] {processor.py:840} INFO - DAG(s) 'example_local_kubernetes_executor' retrieved from /home/airflow/.local/lib/python3.8/site-packages/airflow/example_dags/example_local_kubernetes_executor.py
[2024-05-22T22:56:56.052+0000] {logging_mixin.py:188} INFO - [2024-05-22T22:56:56.052+0000] {dag.py:3036} INFO - Sync 1 DAGs
[2024-05-22T22:56:56.067+0000] {logging_mixin.py:188} INFO - [2024-05-22T22:56:56.066+0000] {dag.py:3823} INFO - Setting next_dagrun for example_local_kubernetes_executor to None, run_after=None
[2024-05-22T22:56:56.091+0000] {processor.py:183} INFO - Processing /home/airflow/.local/lib/python3.8/site-packages/airflow/example_dags/example_local_kubernetes_executor.py took 0.098 seconds
[2024-05-22T22:57:26.350+0000] {processor.py:161} INFO - Started process (PID=54569) to work on /home/airflow/.local/lib/python3.8/site-packages/airflow/example_dags/example_local_kubernetes_executor.py
[2024-05-22T22:57:26.351+0000] {processor.py:830} INFO - Processing file /home/airflow/.local/lib/python3.8/site-packages/airflow/example_dags/example_local_kubernetes_executor.py for tasks to queue
[2024-05-22T22:57:26.352+0000] {logging_mixin.py:188} INFO - [2024-05-22T22:57:26.352+0000] {dagbag.py:538} INFO - Filling up the DagBag from /home/airflow/.local/lib/python3.8/site-packages/airflow/example_dags/example_local_kubernetes_executor.py
[2024-05-22T22:57:26.360+0000] {processor.py:840} INFO - DAG(s) 'example_local_kubernetes_executor' retrieved from /home/airflow/.local/lib/python3.8/site-packages/airflow/example_dags/example_local_kubernetes_executor.py
[2024-05-22T22:57:26.399+0000] {logging_mixin.py:188} INFO - [2024-05-22T22:57:26.399+0000] {dag.py:3036} INFO - Sync 1 DAGs
[2024-05-22T22:57:26.415+0000] {logging_mixin.py:188} INFO - [2024-05-22T22:57:26.415+0000] {dag.py:3823} INFO - Setting next_dagrun for example_local_kubernetes_executor to None, run_after=None
[2024-05-22T22:57:26.440+0000] {processor.py:183} INFO - Processing /home/airflow/.local/lib/python3.8/site-packages/airflow/example_dags/example_local_kubernetes_executor.py took 0.093 seconds
[2024-05-22T22:57:56.667+0000] {processor.py:161} INFO - Started process (PID=54626) to work on /home/airflow/.local/lib/python3.8/site-packages/airflow/example_dags/example_local_kubernetes_executor.py
[2024-05-22T22:57:56.668+0000] {processor.py:830} INFO - Processing file /home/airflow/.local/lib/python3.8/site-packages/airflow/example_dags/example_local_kubernetes_executor.py for tasks to queue
[2024-05-22T22:57:56.670+0000] {logging_mixin.py:188} INFO - [2024-05-22T22:57:56.669+0000] {dagbag.py:538} INFO - Filling up the DagBag from /home/airflow/.local/lib/python3.8/site-packages/airflow/example_dags/example_local_kubernetes_executor.py
[2024-05-22T22:57:56.677+0000] {processor.py:840} INFO - DAG(s) 'example_local_kubernetes_executor' retrieved from /home/airflow/.local/lib/python3.8/site-packages/airflow/example_dags/example_local_kubernetes_executor.py
[2024-05-22T22:57:56.719+0000] {logging_mixin.py:188} INFO - [2024-05-22T22:57:56.719+0000] {dag.py:3036} INFO - Sync 1 DAGs
[2024-05-22T22:57:56.734+0000] {logging_mixin.py:188} INFO - [2024-05-22T22:57:56.734+0000] {dag.py:3823} INFO - Setting next_dagrun for example_local_kubernetes_executor to None, run_after=None
[2024-05-22T22:57:56.758+0000] {processor.py:183} INFO - Processing /home/airflow/.local/lib/python3.8/site-packages/airflow/example_dags/example_local_kubernetes_executor.py took 0.095 seconds
[2024-05-22T22:58:27.173+0000] {processor.py:161} INFO - Started process (PID=54683) to work on /home/airflow/.local/lib/python3.8/site-packages/airflow/example_dags/example_local_kubernetes_executor.py
[2024-05-22T22:58:27.174+0000] {processor.py:830} INFO - Processing file /home/airflow/.local/lib/python3.8/site-packages/airflow/example_dags/example_local_kubernetes_executor.py for tasks to queue
[2024-05-22T22:58:27.177+0000] {logging_mixin.py:188} INFO - [2024-05-22T22:58:27.177+0000] {dagbag.py:538} INFO - Filling up the DagBag from /home/airflow/.local/lib/python3.8/site-packages/airflow/example_dags/example_local_kubernetes_executor.py
[2024-05-22T22:58:27.186+0000] {processor.py:840} INFO - DAG(s) 'example_local_kubernetes_executor' retrieved from /home/airflow/.local/lib/python3.8/site-packages/airflow/example_dags/example_local_kubernetes_executor.py
[2024-05-22T22:58:27.230+0000] {logging_mixin.py:188} INFO - [2024-05-22T22:58:27.230+0000] {dag.py:3036} INFO - Sync 1 DAGs
[2024-05-22T22:58:27.247+0000] {logging_mixin.py:188} INFO - [2024-05-22T22:58:27.246+0000] {dag.py:3823} INFO - Setting next_dagrun for example_local_kubernetes_executor to None, run_after=None
[2024-05-22T22:58:27.271+0000] {processor.py:183} INFO - Processing /home/airflow/.local/lib/python3.8/site-packages/airflow/example_dags/example_local_kubernetes_executor.py took 0.103 seconds
[2024-05-22T22:58:57.547+0000] {processor.py:161} INFO - Started process (PID=54740) to work on /home/airflow/.local/lib/python3.8/site-packages/airflow/example_dags/example_local_kubernetes_executor.py
[2024-05-22T22:58:57.548+0000] {processor.py:830} INFO - Processing file /home/airflow/.local/lib/python3.8/site-packages/airflow/example_dags/example_local_kubernetes_executor.py for tasks to queue
[2024-05-22T22:58:57.551+0000] {logging_mixin.py:188} INFO - [2024-05-22T22:58:57.550+0000] {dagbag.py:538} INFO - Filling up the DagBag from /home/airflow/.local/lib/python3.8/site-packages/airflow/example_dags/example_local_kubernetes_executor.py
[2024-05-22T22:58:57.558+0000] {processor.py:840} INFO - DAG(s) 'example_local_kubernetes_executor' retrieved from /home/airflow/.local/lib/python3.8/site-packages/airflow/example_dags/example_local_kubernetes_executor.py
[2024-05-22T22:58:57.595+0000] {logging_mixin.py:188} INFO - [2024-05-22T22:58:57.595+0000] {dag.py:3036} INFO - Sync 1 DAGs
[2024-05-22T22:58:57.609+0000] {logging_mixin.py:188} INFO - [2024-05-22T22:58:57.608+0000] {dag.py:3823} INFO - Setting next_dagrun for example_local_kubernetes_executor to None, run_after=None
[2024-05-22T22:58:57.634+0000] {processor.py:183} INFO - Processing /home/airflow/.local/lib/python3.8/site-packages/airflow/example_dags/example_local_kubernetes_executor.py took 0.089 seconds
[2024-05-22T22:59:27.904+0000] {processor.py:161} INFO - Started process (PID=54797) to work on /home/airflow/.local/lib/python3.8/site-packages/airflow/example_dags/example_local_kubernetes_executor.py
[2024-05-22T22:59:27.905+0000] {processor.py:830} INFO - Processing file /home/airflow/.local/lib/python3.8/site-packages/airflow/example_dags/example_local_kubernetes_executor.py for tasks to queue
[2024-05-22T22:59:27.907+0000] {logging_mixin.py:188} INFO - [2024-05-22T22:59:27.906+0000] {dagbag.py:538} INFO - Filling up the DagBag from /home/airflow/.local/lib/python3.8/site-packages/airflow/example_dags/example_local_kubernetes_executor.py
[2024-05-22T22:59:27.916+0000] {processor.py:840} INFO - DAG(s) 'example_local_kubernetes_executor' retrieved from /home/airflow/.local/lib/python3.8/site-packages/airflow/example_dags/example_local_kubernetes_executor.py
[2024-05-22T22:59:27.956+0000] {logging_mixin.py:188} INFO - [2024-05-22T22:59:27.956+0000] {dag.py:3036} INFO - Sync 1 DAGs
[2024-05-22T22:59:27.969+0000] {logging_mixin.py:188} INFO - [2024-05-22T22:59:27.969+0000] {dag.py:3823} INFO - Setting next_dagrun for example_local_kubernetes_executor to None, run_after=None
[2024-05-22T22:59:27.991+0000] {processor.py:183} INFO - Processing /home/airflow/.local/lib/python3.8/site-packages/airflow/example_dags/example_local_kubernetes_executor.py took 0.091 seconds
[2024-05-22T22:59:58.310+0000] {processor.py:161} INFO - Started process (PID=54854) to work on /home/airflow/.local/lib/python3.8/site-packages/airflow/example_dags/example_local_kubernetes_executor.py
[2024-05-22T22:59:58.312+0000] {processor.py:830} INFO - Processing file /home/airflow/.local/lib/python3.8/site-packages/airflow/example_dags/example_local_kubernetes_executor.py for tasks to queue
[2024-05-22T22:59:58.314+0000] {logging_mixin.py:188} INFO - [2024-05-22T22:59:58.314+0000] {dagbag.py:538} INFO - Filling up the DagBag from /home/airflow/.local/lib/python3.8/site-packages/airflow/example_dags/example_local_kubernetes_executor.py
[2024-05-22T22:59:58.323+0000] {processor.py:840} INFO - DAG(s) 'example_local_kubernetes_executor' retrieved from /home/airflow/.local/lib/python3.8/site-packages/airflow/example_dags/example_local_kubernetes_executor.py
[2024-05-22T22:59:58.360+0000] {logging_mixin.py:188} INFO - [2024-05-22T22:59:58.360+0000] {dag.py:3036} INFO - Sync 1 DAGs
[2024-05-22T22:59:58.374+0000] {logging_mixin.py:188} INFO - [2024-05-22T22:59:58.374+0000] {dag.py:3823} INFO - Setting next_dagrun for example_local_kubernetes_executor to None, run_after=None
[2024-05-22T22:59:58.412+0000] {processor.py:183} INFO - Processing /home/airflow/.local/lib/python3.8/site-packages/airflow/example_dags/example_local_kubernetes_executor.py took 0.106 seconds
[2024-05-22T23:00:29.431+0000] {processor.py:161} INFO - Started process (PID=54911) to work on /home/airflow/.local/lib/python3.8/site-packages/airflow/example_dags/example_local_kubernetes_executor.py
[2024-05-22T23:00:29.432+0000] {processor.py:830} INFO - Processing file /home/airflow/.local/lib/python3.8/site-packages/airflow/example_dags/example_local_kubernetes_executor.py for tasks to queue
[2024-05-22T23:00:29.434+0000] {logging_mixin.py:188} INFO - [2024-05-22T23:00:29.434+0000] {dagbag.py:538} INFO - Filling up the DagBag from /home/airflow/.local/lib/python3.8/site-packages/airflow/example_dags/example_local_kubernetes_executor.py
[2024-05-22T23:00:29.442+0000] {processor.py:840} INFO - DAG(s) 'example_local_kubernetes_executor' retrieved from /home/airflow/.local/lib/python3.8/site-packages/airflow/example_dags/example_local_kubernetes_executor.py
[2024-05-22T23:00:29.478+0000] {logging_mixin.py:188} INFO - [2024-05-22T23:00:29.477+0000] {dag.py:3036} INFO - Sync 1 DAGs
[2024-05-22T23:00:29.491+0000] {logging_mixin.py:188} INFO - [2024-05-22T23:00:29.491+0000] {dag.py:3823} INFO - Setting next_dagrun for example_local_kubernetes_executor to None, run_after=None
[2024-05-22T23:00:29.512+0000] {processor.py:183} INFO - Processing /home/airflow/.local/lib/python3.8/site-packages/airflow/example_dags/example_local_kubernetes_executor.py took 0.085 seconds
[2024-05-22T23:01:00.284+0000] {processor.py:161} INFO - Started process (PID=54968) to work on /home/airflow/.local/lib/python3.8/site-packages/airflow/example_dags/example_local_kubernetes_executor.py
[2024-05-22T23:01:00.285+0000] {processor.py:830} INFO - Processing file /home/airflow/.local/lib/python3.8/site-packages/airflow/example_dags/example_local_kubernetes_executor.py for tasks to queue
[2024-05-22T23:01:00.287+0000] {logging_mixin.py:188} INFO - [2024-05-22T23:01:00.287+0000] {dagbag.py:538} INFO - Filling up the DagBag from /home/airflow/.local/lib/python3.8/site-packages/airflow/example_dags/example_local_kubernetes_executor.py
[2024-05-22T23:01:00.296+0000] {processor.py:840} INFO - DAG(s) 'example_local_kubernetes_executor' retrieved from /home/airflow/.local/lib/python3.8/site-packages/airflow/example_dags/example_local_kubernetes_executor.py
[2024-05-22T23:01:00.337+0000] {logging_mixin.py:188} INFO - [2024-05-22T23:01:00.336+0000] {dag.py:3036} INFO - Sync 1 DAGs
[2024-05-22T23:01:00.354+0000] {logging_mixin.py:188} INFO - [2024-05-22T23:01:00.353+0000] {dag.py:3823} INFO - Setting next_dagrun for example_local_kubernetes_executor to None, run_after=None
[2024-05-22T23:01:00.377+0000] {processor.py:183} INFO - Processing /home/airflow/.local/lib/python3.8/site-packages/airflow/example_dags/example_local_kubernetes_executor.py took 0.097 seconds
[2024-05-22T23:01:30.630+0000] {processor.py:161} INFO - Started process (PID=55025) to work on /home/airflow/.local/lib/python3.8/site-packages/airflow/example_dags/example_local_kubernetes_executor.py
[2024-05-22T23:01:30.631+0000] {processor.py:830} INFO - Processing file /home/airflow/.local/lib/python3.8/site-packages/airflow/example_dags/example_local_kubernetes_executor.py for tasks to queue
[2024-05-22T23:01:30.633+0000] {logging_mixin.py:188} INFO - [2024-05-22T23:01:30.632+0000] {dagbag.py:538} INFO - Filling up the DagBag from /home/airflow/.local/lib/python3.8/site-packages/airflow/example_dags/example_local_kubernetes_executor.py
[2024-05-22T23:01:30.641+0000] {processor.py:840} INFO - DAG(s) 'example_local_kubernetes_executor' retrieved from /home/airflow/.local/lib/python3.8/site-packages/airflow/example_dags/example_local_kubernetes_executor.py
[2024-05-22T23:01:30.682+0000] {logging_mixin.py:188} INFO - [2024-05-22T23:01:30.682+0000] {dag.py:3036} INFO - Sync 1 DAGs
[2024-05-22T23:01:30.701+0000] {logging_mixin.py:188} INFO - [2024-05-22T23:01:30.701+0000] {dag.py:3823} INFO - Setting next_dagrun for example_local_kubernetes_executor to None, run_after=None
[2024-05-22T23:01:30.725+0000] {processor.py:183} INFO - Processing /home/airflow/.local/lib/python3.8/site-packages/airflow/example_dags/example_local_kubernetes_executor.py took 0.100 seconds
[2024-05-22T23:02:00.905+0000] {processor.py:161} INFO - Started process (PID=55082) to work on /home/airflow/.local/lib/python3.8/site-packages/airflow/example_dags/example_local_kubernetes_executor.py
[2024-05-22T23:02:00.906+0000] {processor.py:830} INFO - Processing file /home/airflow/.local/lib/python3.8/site-packages/airflow/example_dags/example_local_kubernetes_executor.py for tasks to queue
[2024-05-22T23:02:00.908+0000] {logging_mixin.py:188} INFO - [2024-05-22T23:02:00.908+0000] {dagbag.py:538} INFO - Filling up the DagBag from /home/airflow/.local/lib/python3.8/site-packages/airflow/example_dags/example_local_kubernetes_executor.py
[2024-05-22T23:02:00.916+0000] {processor.py:840} INFO - DAG(s) 'example_local_kubernetes_executor' retrieved from /home/airflow/.local/lib/python3.8/site-packages/airflow/example_dags/example_local_kubernetes_executor.py
[2024-05-22T23:02:00.953+0000] {logging_mixin.py:188} INFO - [2024-05-22T23:02:00.952+0000] {dag.py:3036} INFO - Sync 1 DAGs
[2024-05-22T23:02:00.966+0000] {logging_mixin.py:188} INFO - [2024-05-22T23:02:00.965+0000] {dag.py:3823} INFO - Setting next_dagrun for example_local_kubernetes_executor to None, run_after=None
[2024-05-22T23:02:00.994+0000] {processor.py:183} INFO - Processing /home/airflow/.local/lib/python3.8/site-packages/airflow/example_dags/example_local_kubernetes_executor.py took 0.094 seconds
[2024-05-22T23:02:31.202+0000] {processor.py:161} INFO - Started process (PID=55140) to work on /home/airflow/.local/lib/python3.8/site-packages/airflow/example_dags/example_local_kubernetes_executor.py
[2024-05-22T23:02:31.203+0000] {processor.py:830} INFO - Processing file /home/airflow/.local/lib/python3.8/site-packages/airflow/example_dags/example_local_kubernetes_executor.py for tasks to queue
[2024-05-22T23:02:31.205+0000] {logging_mixin.py:188} INFO - [2024-05-22T23:02:31.205+0000] {dagbag.py:538} INFO - Filling up the DagBag from /home/airflow/.local/lib/python3.8/site-packages/airflow/example_dags/example_local_kubernetes_executor.py
[2024-05-22T23:02:31.211+0000] {processor.py:840} INFO - DAG(s) 'example_local_kubernetes_executor' retrieved from /home/airflow/.local/lib/python3.8/site-packages/airflow/example_dags/example_local_kubernetes_executor.py
[2024-05-22T23:02:31.245+0000] {logging_mixin.py:188} INFO - [2024-05-22T23:02:31.245+0000] {dag.py:3036} INFO - Sync 1 DAGs
[2024-05-22T23:02:31.257+0000] {logging_mixin.py:188} INFO - [2024-05-22T23:02:31.257+0000] {dag.py:3823} INFO - Setting next_dagrun for example_local_kubernetes_executor to None, run_after=None
[2024-05-22T23:02:31.285+0000] {processor.py:183} INFO - Processing /home/airflow/.local/lib/python3.8/site-packages/airflow/example_dags/example_local_kubernetes_executor.py took 0.085 seconds
[2024-05-22T23:03:01.533+0000] {processor.py:161} INFO - Started process (PID=55197) to work on /home/airflow/.local/lib/python3.8/site-packages/airflow/example_dags/example_local_kubernetes_executor.py
[2024-05-22T23:03:01.535+0000] {processor.py:830} INFO - Processing file /home/airflow/.local/lib/python3.8/site-packages/airflow/example_dags/example_local_kubernetes_executor.py for tasks to queue
[2024-05-22T23:03:01.537+0000] {logging_mixin.py:188} INFO - [2024-05-22T23:03:01.537+0000] {dagbag.py:538} INFO - Filling up the DagBag from /home/airflow/.local/lib/python3.8/site-packages/airflow/example_dags/example_local_kubernetes_executor.py
[2024-05-22T23:03:01.547+0000] {processor.py:840} INFO - DAG(s) 'example_local_kubernetes_executor' retrieved from /home/airflow/.local/lib/python3.8/site-packages/airflow/example_dags/example_local_kubernetes_executor.py
[2024-05-22T23:03:01.588+0000] {logging_mixin.py:188} INFO - [2024-05-22T23:03:01.587+0000] {dag.py:3036} INFO - Sync 1 DAGs
[2024-05-22T23:03:01.603+0000] {logging_mixin.py:188} INFO - [2024-05-22T23:03:01.603+0000] {dag.py:3823} INFO - Setting next_dagrun for example_local_kubernetes_executor to None, run_after=None
[2024-05-22T23:03:01.627+0000] {processor.py:183} INFO - Processing /home/airflow/.local/lib/python3.8/site-packages/airflow/example_dags/example_local_kubernetes_executor.py took 0.098 seconds
[2024-05-22T23:03:31.997+0000] {processor.py:161} INFO - Started process (PID=55254) to work on /home/airflow/.local/lib/python3.8/site-packages/airflow/example_dags/example_local_kubernetes_executor.py
[2024-05-22T23:03:31.998+0000] {processor.py:830} INFO - Processing file /home/airflow/.local/lib/python3.8/site-packages/airflow/example_dags/example_local_kubernetes_executor.py for tasks to queue
[2024-05-22T23:03:32.000+0000] {logging_mixin.py:188} INFO - [2024-05-22T23:03:32.000+0000] {dagbag.py:538} INFO - Filling up the DagBag from /home/airflow/.local/lib/python3.8/site-packages/airflow/example_dags/example_local_kubernetes_executor.py
[2024-05-22T23:03:32.011+0000] {processor.py:840} INFO - DAG(s) 'example_local_kubernetes_executor' retrieved from /home/airflow/.local/lib/python3.8/site-packages/airflow/example_dags/example_local_kubernetes_executor.py
[2024-05-22T23:03:32.059+0000] {logging_mixin.py:188} INFO - [2024-05-22T23:03:32.059+0000] {dag.py:3036} INFO - Sync 1 DAGs
[2024-05-22T23:03:32.077+0000] {logging_mixin.py:188} INFO - [2024-05-22T23:03:32.076+0000] {dag.py:3823} INFO - Setting next_dagrun for example_local_kubernetes_executor to None, run_after=None
[2024-05-22T23:03:32.106+0000] {processor.py:183} INFO - Processing /home/airflow/.local/lib/python3.8/site-packages/airflow/example_dags/example_local_kubernetes_executor.py took 0.113 seconds
[2024-05-22T23:04:02.554+0000] {processor.py:161} INFO - Started process (PID=55312) to work on /home/airflow/.local/lib/python3.8/site-packages/airflow/example_dags/example_local_kubernetes_executor.py
[2024-05-22T23:04:02.555+0000] {processor.py:830} INFO - Processing file /home/airflow/.local/lib/python3.8/site-packages/airflow/example_dags/example_local_kubernetes_executor.py for tasks to queue
[2024-05-22T23:04:02.558+0000] {logging_mixin.py:188} INFO - [2024-05-22T23:04:02.557+0000] {dagbag.py:538} INFO - Filling up the DagBag from /home/airflow/.local/lib/python3.8/site-packages/airflow/example_dags/example_local_kubernetes_executor.py
[2024-05-22T23:04:02.568+0000] {processor.py:840} INFO - DAG(s) 'example_local_kubernetes_executor' retrieved from /home/airflow/.local/lib/python3.8/site-packages/airflow/example_dags/example_local_kubernetes_executor.py
[2024-05-22T23:04:02.611+0000] {logging_mixin.py:188} INFO - [2024-05-22T23:04:02.611+0000] {dag.py:3036} INFO - Sync 1 DAGs
[2024-05-22T23:04:02.631+0000] {logging_mixin.py:188} INFO - [2024-05-22T23:04:02.630+0000] {dag.py:3823} INFO - Setting next_dagrun for example_local_kubernetes_executor to None, run_after=None
[2024-05-22T23:04:02.656+0000] {processor.py:183} INFO - Processing /home/airflow/.local/lib/python3.8/site-packages/airflow/example_dags/example_local_kubernetes_executor.py took 0.107 seconds
[2024-05-22T23:04:33.149+0000] {processor.py:161} INFO - Started process (PID=55369) to work on /home/airflow/.local/lib/python3.8/site-packages/airflow/example_dags/example_local_kubernetes_executor.py
[2024-05-22T23:04:33.150+0000] {processor.py:830} INFO - Processing file /home/airflow/.local/lib/python3.8/site-packages/airflow/example_dags/example_local_kubernetes_executor.py for tasks to queue
[2024-05-22T23:04:33.152+0000] {logging_mixin.py:188} INFO - [2024-05-22T23:04:33.152+0000] {dagbag.py:538} INFO - Filling up the DagBag from /home/airflow/.local/lib/python3.8/site-packages/airflow/example_dags/example_local_kubernetes_executor.py
[2024-05-22T23:04:33.164+0000] {processor.py:840} INFO - DAG(s) 'example_local_kubernetes_executor' retrieved from /home/airflow/.local/lib/python3.8/site-packages/airflow/example_dags/example_local_kubernetes_executor.py
[2024-05-22T23:04:33.211+0000] {logging_mixin.py:188} INFO - [2024-05-22T23:04:33.211+0000] {dag.py:3036} INFO - Sync 1 DAGs
[2024-05-22T23:04:33.229+0000] {logging_mixin.py:188} INFO - [2024-05-22T23:04:33.229+0000] {dag.py:3823} INFO - Setting next_dagrun for example_local_kubernetes_executor to None, run_after=None
[2024-05-22T23:04:33.263+0000] {processor.py:183} INFO - Processing /home/airflow/.local/lib/python3.8/site-packages/airflow/example_dags/example_local_kubernetes_executor.py took 0.119 seconds
[2024-05-22T23:05:03.650+0000] {processor.py:161} INFO - Started process (PID=55426) to work on /home/airflow/.local/lib/python3.8/site-packages/airflow/example_dags/example_local_kubernetes_executor.py
[2024-05-22T23:05:03.651+0000] {processor.py:830} INFO - Processing file /home/airflow/.local/lib/python3.8/site-packages/airflow/example_dags/example_local_kubernetes_executor.py for tasks to queue
[2024-05-22T23:05:03.654+0000] {logging_mixin.py:188} INFO - [2024-05-22T23:05:03.653+0000] {dagbag.py:538} INFO - Filling up the DagBag from /home/airflow/.local/lib/python3.8/site-packages/airflow/example_dags/example_local_kubernetes_executor.py
[2024-05-22T23:05:03.663+0000] {processor.py:840} INFO - DAG(s) 'example_local_kubernetes_executor' retrieved from /home/airflow/.local/lib/python3.8/site-packages/airflow/example_dags/example_local_kubernetes_executor.py
[2024-05-22T23:05:03.705+0000] {logging_mixin.py:188} INFO - [2024-05-22T23:05:03.705+0000] {dag.py:3036} INFO - Sync 1 DAGs
[2024-05-22T23:05:03.723+0000] {logging_mixin.py:188} INFO - [2024-05-22T23:05:03.722+0000] {dag.py:3823} INFO - Setting next_dagrun for example_local_kubernetes_executor to None, run_after=None
[2024-05-22T23:05:03.748+0000] {processor.py:183} INFO - Processing /home/airflow/.local/lib/python3.8/site-packages/airflow/example_dags/example_local_kubernetes_executor.py took 0.102 seconds
[2024-05-22T23:05:33.947+0000] {processor.py:161} INFO - Started process (PID=55483) to work on /home/airflow/.local/lib/python3.8/site-packages/airflow/example_dags/example_local_kubernetes_executor.py
[2024-05-22T23:05:33.948+0000] {processor.py:830} INFO - Processing file /home/airflow/.local/lib/python3.8/site-packages/airflow/example_dags/example_local_kubernetes_executor.py for tasks to queue
[2024-05-22T23:05:33.950+0000] {logging_mixin.py:188} INFO - [2024-05-22T23:05:33.950+0000] {dagbag.py:538} INFO - Filling up the DagBag from /home/airflow/.local/lib/python3.8/site-packages/airflow/example_dags/example_local_kubernetes_executor.py
[2024-05-22T23:05:33.959+0000] {processor.py:840} INFO - DAG(s) 'example_local_kubernetes_executor' retrieved from /home/airflow/.local/lib/python3.8/site-packages/airflow/example_dags/example_local_kubernetes_executor.py
[2024-05-22T23:05:33.994+0000] {logging_mixin.py:188} INFO - [2024-05-22T23:05:33.994+0000] {dag.py:3036} INFO - Sync 1 DAGs
[2024-05-22T23:05:34.008+0000] {logging_mixin.py:188} INFO - [2024-05-22T23:05:34.008+0000] {dag.py:3823} INFO - Setting next_dagrun for example_local_kubernetes_executor to None, run_after=None
[2024-05-22T23:05:34.030+0000] {processor.py:183} INFO - Processing /home/airflow/.local/lib/python3.8/site-packages/airflow/example_dags/example_local_kubernetes_executor.py took 0.088 seconds
[2024-05-22T23:06:04.605+0000] {processor.py:161} INFO - Started process (PID=55540) to work on /home/airflow/.local/lib/python3.8/site-packages/airflow/example_dags/example_local_kubernetes_executor.py
[2024-05-22T23:06:04.606+0000] {processor.py:830} INFO - Processing file /home/airflow/.local/lib/python3.8/site-packages/airflow/example_dags/example_local_kubernetes_executor.py for tasks to queue
[2024-05-22T23:06:04.609+0000] {logging_mixin.py:188} INFO - [2024-05-22T23:06:04.608+0000] {dagbag.py:538} INFO - Filling up the DagBag from /home/airflow/.local/lib/python3.8/site-packages/airflow/example_dags/example_local_kubernetes_executor.py
[2024-05-22T23:06:04.621+0000] {processor.py:840} INFO - DAG(s) 'example_local_kubernetes_executor' retrieved from /home/airflow/.local/lib/python3.8/site-packages/airflow/example_dags/example_local_kubernetes_executor.py
[2024-05-22T23:06:04.665+0000] {logging_mixin.py:188} INFO - [2024-05-22T23:06:04.664+0000] {dag.py:3036} INFO - Sync 1 DAGs
[2024-05-22T23:06:04.681+0000] {logging_mixin.py:188} INFO - [2024-05-22T23:06:04.680+0000] {dag.py:3823} INFO - Setting next_dagrun for example_local_kubernetes_executor to None, run_after=None
[2024-05-22T23:06:04.707+0000] {processor.py:183} INFO - Processing /home/airflow/.local/lib/python3.8/site-packages/airflow/example_dags/example_local_kubernetes_executor.py took 0.107 seconds
[2024-05-22T23:06:35.221+0000] {processor.py:161} INFO - Started process (PID=55597) to work on /home/airflow/.local/lib/python3.8/site-packages/airflow/example_dags/example_local_kubernetes_executor.py
[2024-05-22T23:06:35.223+0000] {processor.py:830} INFO - Processing file /home/airflow/.local/lib/python3.8/site-packages/airflow/example_dags/example_local_kubernetes_executor.py for tasks to queue
[2024-05-22T23:06:35.225+0000] {logging_mixin.py:188} INFO - [2024-05-22T23:06:35.224+0000] {dagbag.py:538} INFO - Filling up the DagBag from /home/airflow/.local/lib/python3.8/site-packages/airflow/example_dags/example_local_kubernetes_executor.py
[2024-05-22T23:06:35.236+0000] {processor.py:840} INFO - DAG(s) 'example_local_kubernetes_executor' retrieved from /home/airflow/.local/lib/python3.8/site-packages/airflow/example_dags/example_local_kubernetes_executor.py
[2024-05-22T23:06:35.282+0000] {logging_mixin.py:188} INFO - [2024-05-22T23:06:35.281+0000] {dag.py:3036} INFO - Sync 1 DAGs
[2024-05-22T23:06:35.298+0000] {logging_mixin.py:188} INFO - [2024-05-22T23:06:35.298+0000] {dag.py:3823} INFO - Setting next_dagrun for example_local_kubernetes_executor to None, run_after=None
[2024-05-22T23:06:35.327+0000] {processor.py:183} INFO - Processing /home/airflow/.local/lib/python3.8/site-packages/airflow/example_dags/example_local_kubernetes_executor.py took 0.110 seconds
[2024-05-22T23:07:05.541+0000] {processor.py:161} INFO - Started process (PID=55654) to work on /home/airflow/.local/lib/python3.8/site-packages/airflow/example_dags/example_local_kubernetes_executor.py
[2024-05-22T23:07:05.542+0000] {processor.py:830} INFO - Processing file /home/airflow/.local/lib/python3.8/site-packages/airflow/example_dags/example_local_kubernetes_executor.py for tasks to queue
[2024-05-22T23:07:05.544+0000] {logging_mixin.py:188} INFO - [2024-05-22T23:07:05.544+0000] {dagbag.py:538} INFO - Filling up the DagBag from /home/airflow/.local/lib/python3.8/site-packages/airflow/example_dags/example_local_kubernetes_executor.py
[2024-05-22T23:07:05.552+0000] {processor.py:840} INFO - DAG(s) 'example_local_kubernetes_executor' retrieved from /home/airflow/.local/lib/python3.8/site-packages/airflow/example_dags/example_local_kubernetes_executor.py
[2024-05-22T23:07:05.586+0000] {logging_mixin.py:188} INFO - [2024-05-22T23:07:05.586+0000] {dag.py:3036} INFO - Sync 1 DAGs
[2024-05-22T23:07:05.600+0000] {logging_mixin.py:188} INFO - [2024-05-22T23:07:05.599+0000] {dag.py:3823} INFO - Setting next_dagrun for example_local_kubernetes_executor to None, run_after=None
[2024-05-22T23:07:05.624+0000] {processor.py:183} INFO - Processing /home/airflow/.local/lib/python3.8/site-packages/airflow/example_dags/example_local_kubernetes_executor.py took 0.087 seconds
[2024-05-22T23:07:35.756+0000] {processor.py:161} INFO - Started process (PID=55712) to work on /home/airflow/.local/lib/python3.8/site-packages/airflow/example_dags/example_local_kubernetes_executor.py
[2024-05-22T23:07:35.757+0000] {processor.py:830} INFO - Processing file /home/airflow/.local/lib/python3.8/site-packages/airflow/example_dags/example_local_kubernetes_executor.py for tasks to queue
[2024-05-22T23:07:35.759+0000] {logging_mixin.py:188} INFO - [2024-05-22T23:07:35.759+0000] {dagbag.py:538} INFO - Filling up the DagBag from /home/airflow/.local/lib/python3.8/site-packages/airflow/example_dags/example_local_kubernetes_executor.py
[2024-05-22T23:07:35.768+0000] {processor.py:840} INFO - DAG(s) 'example_local_kubernetes_executor' retrieved from /home/airflow/.local/lib/python3.8/site-packages/airflow/example_dags/example_local_kubernetes_executor.py
[2024-05-22T23:07:35.808+0000] {logging_mixin.py:188} INFO - [2024-05-22T23:07:35.807+0000] {dag.py:3036} INFO - Sync 1 DAGs
[2024-05-22T23:07:35.822+0000] {logging_mixin.py:188} INFO - [2024-05-22T23:07:35.822+0000] {dag.py:3823} INFO - Setting next_dagrun for example_local_kubernetes_executor to None, run_after=None
[2024-05-22T23:07:35.848+0000] {processor.py:183} INFO - Processing /home/airflow/.local/lib/python3.8/site-packages/airflow/example_dags/example_local_kubernetes_executor.py took 0.096 seconds
[2024-05-22T23:08:06.463+0000] {processor.py:161} INFO - Started process (PID=55768) to work on /home/airflow/.local/lib/python3.8/site-packages/airflow/example_dags/example_local_kubernetes_executor.py
[2024-05-22T23:08:06.464+0000] {processor.py:830} INFO - Processing file /home/airflow/.local/lib/python3.8/site-packages/airflow/example_dags/example_local_kubernetes_executor.py for tasks to queue
[2024-05-22T23:08:06.465+0000] {logging_mixin.py:188} INFO - [2024-05-22T23:08:06.465+0000] {dagbag.py:538} INFO - Filling up the DagBag from /home/airflow/.local/lib/python3.8/site-packages/airflow/example_dags/example_local_kubernetes_executor.py
[2024-05-22T23:08:06.473+0000] {processor.py:840} INFO - DAG(s) 'example_local_kubernetes_executor' retrieved from /home/airflow/.local/lib/python3.8/site-packages/airflow/example_dags/example_local_kubernetes_executor.py
[2024-05-22T23:08:06.508+0000] {logging_mixin.py:188} INFO - [2024-05-22T23:08:06.508+0000] {dag.py:3036} INFO - Sync 1 DAGs
[2024-05-22T23:08:06.525+0000] {logging_mixin.py:188} INFO - [2024-05-22T23:08:06.524+0000] {dag.py:3823} INFO - Setting next_dagrun for example_local_kubernetes_executor to None, run_after=None
[2024-05-22T23:08:06.553+0000] {processor.py:183} INFO - Processing /home/airflow/.local/lib/python3.8/site-packages/airflow/example_dags/example_local_kubernetes_executor.py took 0.094 seconds
[2024-05-22T23:08:37.317+0000] {processor.py:161} INFO - Started process (PID=55825) to work on /home/airflow/.local/lib/python3.8/site-packages/airflow/example_dags/example_local_kubernetes_executor.py
[2024-05-22T23:08:37.317+0000] {processor.py:830} INFO - Processing file /home/airflow/.local/lib/python3.8/site-packages/airflow/example_dags/example_local_kubernetes_executor.py for tasks to queue
[2024-05-22T23:08:37.319+0000] {logging_mixin.py:188} INFO - [2024-05-22T23:08:37.319+0000] {dagbag.py:538} INFO - Filling up the DagBag from /home/airflow/.local/lib/python3.8/site-packages/airflow/example_dags/example_local_kubernetes_executor.py
[2024-05-22T23:08:37.327+0000] {processor.py:840} INFO - DAG(s) 'example_local_kubernetes_executor' retrieved from /home/airflow/.local/lib/python3.8/site-packages/airflow/example_dags/example_local_kubernetes_executor.py
[2024-05-22T23:08:37.364+0000] {logging_mixin.py:188} INFO - [2024-05-22T23:08:37.363+0000] {dag.py:3036} INFO - Sync 1 DAGs
[2024-05-22T23:08:37.378+0000] {logging_mixin.py:188} INFO - [2024-05-22T23:08:37.378+0000] {dag.py:3823} INFO - Setting next_dagrun for example_local_kubernetes_executor to None, run_after=None
[2024-05-22T23:08:37.408+0000] {processor.py:183} INFO - Processing /home/airflow/.local/lib/python3.8/site-packages/airflow/example_dags/example_local_kubernetes_executor.py took 0.094 seconds
[2024-05-22T23:09:08.119+0000] {processor.py:161} INFO - Started process (PID=55882) to work on /home/airflow/.local/lib/python3.8/site-packages/airflow/example_dags/example_local_kubernetes_executor.py
[2024-05-22T23:09:08.121+0000] {processor.py:830} INFO - Processing file /home/airflow/.local/lib/python3.8/site-packages/airflow/example_dags/example_local_kubernetes_executor.py for tasks to queue
[2024-05-22T23:09:08.123+0000] {logging_mixin.py:188} INFO - [2024-05-22T23:09:08.122+0000] {dagbag.py:538} INFO - Filling up the DagBag from /home/airflow/.local/lib/python3.8/site-packages/airflow/example_dags/example_local_kubernetes_executor.py
[2024-05-22T23:09:08.133+0000] {processor.py:840} INFO - DAG(s) 'example_local_kubernetes_executor' retrieved from /home/airflow/.local/lib/python3.8/site-packages/airflow/example_dags/example_local_kubernetes_executor.py
[2024-05-22T23:09:08.175+0000] {logging_mixin.py:188} INFO - [2024-05-22T23:09:08.174+0000] {dag.py:3036} INFO - Sync 1 DAGs
[2024-05-22T23:09:08.191+0000] {logging_mixin.py:188} INFO - [2024-05-22T23:09:08.190+0000] {dag.py:3823} INFO - Setting next_dagrun for example_local_kubernetes_executor to None, run_after=None
[2024-05-22T23:09:08.223+0000] {processor.py:183} INFO - Processing /home/airflow/.local/lib/python3.8/site-packages/airflow/example_dags/example_local_kubernetes_executor.py took 0.108 seconds
[2024-05-22T23:09:38.532+0000] {processor.py:161} INFO - Started process (PID=55939) to work on /home/airflow/.local/lib/python3.8/site-packages/airflow/example_dags/example_local_kubernetes_executor.py
[2024-05-22T23:09:38.533+0000] {processor.py:830} INFO - Processing file /home/airflow/.local/lib/python3.8/site-packages/airflow/example_dags/example_local_kubernetes_executor.py for tasks to queue
[2024-05-22T23:09:38.536+0000] {logging_mixin.py:188} INFO - [2024-05-22T23:09:38.535+0000] {dagbag.py:538} INFO - Filling up the DagBag from /home/airflow/.local/lib/python3.8/site-packages/airflow/example_dags/example_local_kubernetes_executor.py
[2024-05-22T23:09:38.544+0000] {processor.py:840} INFO - DAG(s) 'example_local_kubernetes_executor' retrieved from /home/airflow/.local/lib/python3.8/site-packages/airflow/example_dags/example_local_kubernetes_executor.py
[2024-05-22T23:09:38.589+0000] {logging_mixin.py:188} INFO - [2024-05-22T23:09:38.589+0000] {dag.py:3036} INFO - Sync 1 DAGs
[2024-05-22T23:09:38.605+0000] {logging_mixin.py:188} INFO - [2024-05-22T23:09:38.605+0000] {dag.py:3823} INFO - Setting next_dagrun for example_local_kubernetes_executor to None, run_after=None
[2024-05-22T23:09:38.630+0000] {processor.py:183} INFO - Processing /home/airflow/.local/lib/python3.8/site-packages/airflow/example_dags/example_local_kubernetes_executor.py took 0.101 seconds
[2024-05-22T23:10:08.947+0000] {processor.py:161} INFO - Started process (PID=55996) to work on /home/airflow/.local/lib/python3.8/site-packages/airflow/example_dags/example_local_kubernetes_executor.py
[2024-05-22T23:10:08.949+0000] {processor.py:830} INFO - Processing file /home/airflow/.local/lib/python3.8/site-packages/airflow/example_dags/example_local_kubernetes_executor.py for tasks to queue
[2024-05-22T23:10:08.950+0000] {logging_mixin.py:188} INFO - [2024-05-22T23:10:08.950+0000] {dagbag.py:538} INFO - Filling up the DagBag from /home/airflow/.local/lib/python3.8/site-packages/airflow/example_dags/example_local_kubernetes_executor.py
[2024-05-22T23:10:08.957+0000] {processor.py:840} INFO - DAG(s) 'example_local_kubernetes_executor' retrieved from /home/airflow/.local/lib/python3.8/site-packages/airflow/example_dags/example_local_kubernetes_executor.py
[2024-05-22T23:10:08.995+0000] {logging_mixin.py:188} INFO - [2024-05-22T23:10:08.995+0000] {dag.py:3036} INFO - Sync 1 DAGs
[2024-05-22T23:10:09.012+0000] {logging_mixin.py:188} INFO - [2024-05-22T23:10:09.012+0000] {dag.py:3823} INFO - Setting next_dagrun for example_local_kubernetes_executor to None, run_after=None
[2024-05-22T23:10:09.039+0000] {processor.py:183} INFO - Processing /home/airflow/.local/lib/python3.8/site-packages/airflow/example_dags/example_local_kubernetes_executor.py took 0.095 seconds
