[2024-05-22T22:36:40.921+0000] {processor.py:161} INFO - Started process (PID=52251) to work on /home/airflow/.local/lib/python3.8/site-packages/airflow/example_dags/example_setup_teardown.py
[2024-05-22T22:36:40.923+0000] {processor.py:830} INFO - Processing file /home/airflow/.local/lib/python3.8/site-packages/airflow/example_dags/example_setup_teardown.py for tasks to queue
[2024-05-22T22:36:40.926+0000] {logging_mixin.py:188} INFO - [2024-05-22T22:36:40.926+0000] {dagbag.py:538} INFO - Filling up the DagBag from /home/airflow/.local/lib/python3.8/site-packages/airflow/example_dags/example_setup_teardown.py
[2024-05-22T22:36:40.935+0000] {processor.py:840} INFO - DAG(s) 'example_setup_teardown' retrieved from /home/airflow/.local/lib/python3.8/site-packages/airflow/example_dags/example_setup_teardown.py
[2024-05-22T22:36:40.964+0000] {logging_mixin.py:188} INFO - [2024-05-22T22:36:40.964+0000] {dag.py:3036} INFO - Sync 1 DAGs
[2024-05-22T22:36:40.996+0000] {logging_mixin.py:188} INFO - [2024-05-22T22:36:40.996+0000] {dag.py:3823} INFO - Setting next_dagrun for example_setup_teardown to 2024-05-21 00:00:00+00:00, run_after=2024-05-22 00:00:00+00:00
[2024-05-22T22:36:41.034+0000] {processor.py:183} INFO - Processing /home/airflow/.local/lib/python3.8/site-packages/airflow/example_dags/example_setup_teardown.py took 0.118 seconds
[2024-05-22T22:37:11.642+0000] {processor.py:161} INFO - Started process (PID=52308) to work on /home/airflow/.local/lib/python3.8/site-packages/airflow/example_dags/example_setup_teardown.py
[2024-05-22T22:37:11.642+0000] {processor.py:830} INFO - Processing file /home/airflow/.local/lib/python3.8/site-packages/airflow/example_dags/example_setup_teardown.py for tasks to queue
[2024-05-22T22:37:11.644+0000] {logging_mixin.py:188} INFO - [2024-05-22T22:37:11.644+0000] {dagbag.py:538} INFO - Filling up the DagBag from /home/airflow/.local/lib/python3.8/site-packages/airflow/example_dags/example_setup_teardown.py
[2024-05-22T22:37:11.657+0000] {processor.py:840} INFO - DAG(s) 'example_setup_teardown' retrieved from /home/airflow/.local/lib/python3.8/site-packages/airflow/example_dags/example_setup_teardown.py
[2024-05-22T22:37:11.680+0000] {logging_mixin.py:188} INFO - [2024-05-22T22:37:11.680+0000] {dag.py:3036} INFO - Sync 1 DAGs
[2024-05-22T22:37:11.711+0000] {logging_mixin.py:188} INFO - [2024-05-22T22:37:11.711+0000] {dag.py:3823} INFO - Setting next_dagrun for example_setup_teardown to 2024-05-21 00:00:00+00:00, run_after=2024-05-22 00:00:00+00:00
[2024-05-22T22:37:11.730+0000] {processor.py:183} INFO - Processing /home/airflow/.local/lib/python3.8/site-packages/airflow/example_dags/example_setup_teardown.py took 0.091 seconds
[2024-05-22T22:37:42.122+0000] {processor.py:161} INFO - Started process (PID=52365) to work on /home/airflow/.local/lib/python3.8/site-packages/airflow/example_dags/example_setup_teardown.py
[2024-05-22T22:37:42.123+0000] {processor.py:830} INFO - Processing file /home/airflow/.local/lib/python3.8/site-packages/airflow/example_dags/example_setup_teardown.py for tasks to queue
[2024-05-22T22:37:42.125+0000] {logging_mixin.py:188} INFO - [2024-05-22T22:37:42.124+0000] {dagbag.py:538} INFO - Filling up the DagBag from /home/airflow/.local/lib/python3.8/site-packages/airflow/example_dags/example_setup_teardown.py
[2024-05-22T22:37:42.131+0000] {processor.py:840} INFO - DAG(s) 'example_setup_teardown' retrieved from /home/airflow/.local/lib/python3.8/site-packages/airflow/example_dags/example_setup_teardown.py
[2024-05-22T22:37:42.152+0000] {logging_mixin.py:188} INFO - [2024-05-22T22:37:42.152+0000] {dag.py:3036} INFO - Sync 1 DAGs
[2024-05-22T22:37:42.177+0000] {logging_mixin.py:188} INFO - [2024-05-22T22:37:42.176+0000] {dag.py:3823} INFO - Setting next_dagrun for example_setup_teardown to 2024-05-21 00:00:00+00:00, run_after=2024-05-22 00:00:00+00:00
[2024-05-22T22:37:42.203+0000] {processor.py:183} INFO - Processing /home/airflow/.local/lib/python3.8/site-packages/airflow/example_dags/example_setup_teardown.py took 0.084 seconds
[2024-05-22T22:38:12.589+0000] {processor.py:161} INFO - Started process (PID=52422) to work on /home/airflow/.local/lib/python3.8/site-packages/airflow/example_dags/example_setup_teardown.py
[2024-05-22T22:38:12.590+0000] {processor.py:830} INFO - Processing file /home/airflow/.local/lib/python3.8/site-packages/airflow/example_dags/example_setup_teardown.py for tasks to queue
[2024-05-22T22:38:12.592+0000] {logging_mixin.py:188} INFO - [2024-05-22T22:38:12.591+0000] {dagbag.py:538} INFO - Filling up the DagBag from /home/airflow/.local/lib/python3.8/site-packages/airflow/example_dags/example_setup_teardown.py
[2024-05-22T22:38:12.599+0000] {processor.py:840} INFO - DAG(s) 'example_setup_teardown' retrieved from /home/airflow/.local/lib/python3.8/site-packages/airflow/example_dags/example_setup_teardown.py
[2024-05-22T22:38:12.621+0000] {logging_mixin.py:188} INFO - [2024-05-22T22:38:12.621+0000] {dag.py:3036} INFO - Sync 1 DAGs
[2024-05-22T22:38:12.648+0000] {logging_mixin.py:188} INFO - [2024-05-22T22:38:12.647+0000] {dag.py:3823} INFO - Setting next_dagrun for example_setup_teardown to 2024-05-21 00:00:00+00:00, run_after=2024-05-22 00:00:00+00:00
[2024-05-22T22:38:12.668+0000] {processor.py:183} INFO - Processing /home/airflow/.local/lib/python3.8/site-packages/airflow/example_dags/example_setup_teardown.py took 0.082 seconds
[2024-05-22T22:38:43.171+0000] {processor.py:161} INFO - Started process (PID=52479) to work on /home/airflow/.local/lib/python3.8/site-packages/airflow/example_dags/example_setup_teardown.py
[2024-05-22T22:38:43.172+0000] {processor.py:830} INFO - Processing file /home/airflow/.local/lib/python3.8/site-packages/airflow/example_dags/example_setup_teardown.py for tasks to queue
[2024-05-22T22:38:43.174+0000] {logging_mixin.py:188} INFO - [2024-05-22T22:38:43.174+0000] {dagbag.py:538} INFO - Filling up the DagBag from /home/airflow/.local/lib/python3.8/site-packages/airflow/example_dags/example_setup_teardown.py
[2024-05-22T22:38:43.181+0000] {processor.py:840} INFO - DAG(s) 'example_setup_teardown' retrieved from /home/airflow/.local/lib/python3.8/site-packages/airflow/example_dags/example_setup_teardown.py
[2024-05-22T22:38:43.203+0000] {logging_mixin.py:188} INFO - [2024-05-22T22:38:43.203+0000] {dag.py:3036} INFO - Sync 1 DAGs
[2024-05-22T22:38:43.229+0000] {logging_mixin.py:188} INFO - [2024-05-22T22:38:43.228+0000] {dag.py:3823} INFO - Setting next_dagrun for example_setup_teardown to 2024-05-21 00:00:00+00:00, run_after=2024-05-22 00:00:00+00:00
[2024-05-22T22:38:43.249+0000] {processor.py:183} INFO - Processing /home/airflow/.local/lib/python3.8/site-packages/airflow/example_dags/example_setup_teardown.py took 0.081 seconds
[2024-05-22T22:39:13.472+0000] {processor.py:161} INFO - Started process (PID=52536) to work on /home/airflow/.local/lib/python3.8/site-packages/airflow/example_dags/example_setup_teardown.py
[2024-05-22T22:39:13.473+0000] {processor.py:830} INFO - Processing file /home/airflow/.local/lib/python3.8/site-packages/airflow/example_dags/example_setup_teardown.py for tasks to queue
[2024-05-22T22:39:13.475+0000] {logging_mixin.py:188} INFO - [2024-05-22T22:39:13.474+0000] {dagbag.py:538} INFO - Filling up the DagBag from /home/airflow/.local/lib/python3.8/site-packages/airflow/example_dags/example_setup_teardown.py
[2024-05-22T22:39:13.482+0000] {processor.py:840} INFO - DAG(s) 'example_setup_teardown' retrieved from /home/airflow/.local/lib/python3.8/site-packages/airflow/example_dags/example_setup_teardown.py
[2024-05-22T22:39:13.504+0000] {logging_mixin.py:188} INFO - [2024-05-22T22:39:13.504+0000] {dag.py:3036} INFO - Sync 1 DAGs
[2024-05-22T22:39:13.527+0000] {logging_mixin.py:188} INFO - [2024-05-22T22:39:13.527+0000] {dag.py:3823} INFO - Setting next_dagrun for example_setup_teardown to 2024-05-21 00:00:00+00:00, run_after=2024-05-22 00:00:00+00:00
[2024-05-22T22:39:13.547+0000] {processor.py:183} INFO - Processing /home/airflow/.local/lib/python3.8/site-packages/airflow/example_dags/example_setup_teardown.py took 0.078 seconds
[2024-05-22T22:39:43.925+0000] {processor.py:161} INFO - Started process (PID=52593) to work on /home/airflow/.local/lib/python3.8/site-packages/airflow/example_dags/example_setup_teardown.py
[2024-05-22T22:39:43.926+0000] {processor.py:830} INFO - Processing file /home/airflow/.local/lib/python3.8/site-packages/airflow/example_dags/example_setup_teardown.py for tasks to queue
[2024-05-22T22:39:43.928+0000] {logging_mixin.py:188} INFO - [2024-05-22T22:39:43.927+0000] {dagbag.py:538} INFO - Filling up the DagBag from /home/airflow/.local/lib/python3.8/site-packages/airflow/example_dags/example_setup_teardown.py
[2024-05-22T22:39:43.934+0000] {processor.py:840} INFO - DAG(s) 'example_setup_teardown' retrieved from /home/airflow/.local/lib/python3.8/site-packages/airflow/example_dags/example_setup_teardown.py
[2024-05-22T22:39:43.953+0000] {logging_mixin.py:188} INFO - [2024-05-22T22:39:43.952+0000] {dag.py:3036} INFO - Sync 1 DAGs
[2024-05-22T22:39:43.979+0000] {logging_mixin.py:188} INFO - [2024-05-22T22:39:43.978+0000] {dag.py:3823} INFO - Setting next_dagrun for example_setup_teardown to 2024-05-21 00:00:00+00:00, run_after=2024-05-22 00:00:00+00:00
[2024-05-22T22:39:44.000+0000] {processor.py:183} INFO - Processing /home/airflow/.local/lib/python3.8/site-packages/airflow/example_dags/example_setup_teardown.py took 0.077 seconds
[2024-05-22T22:40:14.403+0000] {processor.py:161} INFO - Started process (PID=52650) to work on /home/airflow/.local/lib/python3.8/site-packages/airflow/example_dags/example_setup_teardown.py
[2024-05-22T22:40:14.404+0000] {processor.py:830} INFO - Processing file /home/airflow/.local/lib/python3.8/site-packages/airflow/example_dags/example_setup_teardown.py for tasks to queue
[2024-05-22T22:40:14.406+0000] {logging_mixin.py:188} INFO - [2024-05-22T22:40:14.405+0000] {dagbag.py:538} INFO - Filling up the DagBag from /home/airflow/.local/lib/python3.8/site-packages/airflow/example_dags/example_setup_teardown.py
[2024-05-22T22:40:14.412+0000] {processor.py:840} INFO - DAG(s) 'example_setup_teardown' retrieved from /home/airflow/.local/lib/python3.8/site-packages/airflow/example_dags/example_setup_teardown.py
[2024-05-22T22:40:14.434+0000] {logging_mixin.py:188} INFO - [2024-05-22T22:40:14.434+0000] {dag.py:3036} INFO - Sync 1 DAGs
[2024-05-22T22:40:14.460+0000] {logging_mixin.py:188} INFO - [2024-05-22T22:40:14.459+0000] {dag.py:3823} INFO - Setting next_dagrun for example_setup_teardown to 2024-05-21 00:00:00+00:00, run_after=2024-05-22 00:00:00+00:00
[2024-05-22T22:40:14.484+0000] {processor.py:183} INFO - Processing /home/airflow/.local/lib/python3.8/site-packages/airflow/example_dags/example_setup_teardown.py took 0.084 seconds
[2024-05-22T22:40:44.968+0000] {processor.py:161} INFO - Started process (PID=52707) to work on /home/airflow/.local/lib/python3.8/site-packages/airflow/example_dags/example_setup_teardown.py
[2024-05-22T22:40:44.968+0000] {processor.py:830} INFO - Processing file /home/airflow/.local/lib/python3.8/site-packages/airflow/example_dags/example_setup_teardown.py for tasks to queue
[2024-05-22T22:40:44.970+0000] {logging_mixin.py:188} INFO - [2024-05-22T22:40:44.970+0000] {dagbag.py:538} INFO - Filling up the DagBag from /home/airflow/.local/lib/python3.8/site-packages/airflow/example_dags/example_setup_teardown.py
[2024-05-22T22:40:44.976+0000] {processor.py:840} INFO - DAG(s) 'example_setup_teardown' retrieved from /home/airflow/.local/lib/python3.8/site-packages/airflow/example_dags/example_setup_teardown.py
[2024-05-22T22:40:44.997+0000] {logging_mixin.py:188} INFO - [2024-05-22T22:40:44.997+0000] {dag.py:3036} INFO - Sync 1 DAGs
[2024-05-22T22:40:45.020+0000] {logging_mixin.py:188} INFO - [2024-05-22T22:40:45.020+0000] {dag.py:3823} INFO - Setting next_dagrun for example_setup_teardown to 2024-05-21 00:00:00+00:00, run_after=2024-05-22 00:00:00+00:00
[2024-05-22T22:40:45.047+0000] {processor.py:183} INFO - Processing /home/airflow/.local/lib/python3.8/site-packages/airflow/example_dags/example_setup_teardown.py took 0.082 seconds
[2024-05-22T22:41:15.397+0000] {processor.py:161} INFO - Started process (PID=52764) to work on /home/airflow/.local/lib/python3.8/site-packages/airflow/example_dags/example_setup_teardown.py
[2024-05-22T22:41:15.399+0000] {processor.py:830} INFO - Processing file /home/airflow/.local/lib/python3.8/site-packages/airflow/example_dags/example_setup_teardown.py for tasks to queue
[2024-05-22T22:41:15.402+0000] {logging_mixin.py:188} INFO - [2024-05-22T22:41:15.401+0000] {dagbag.py:538} INFO - Filling up the DagBag from /home/airflow/.local/lib/python3.8/site-packages/airflow/example_dags/example_setup_teardown.py
[2024-05-22T22:41:15.412+0000] {processor.py:840} INFO - DAG(s) 'example_setup_teardown' retrieved from /home/airflow/.local/lib/python3.8/site-packages/airflow/example_dags/example_setup_teardown.py
[2024-05-22T22:41:15.437+0000] {logging_mixin.py:188} INFO - [2024-05-22T22:41:15.437+0000] {dag.py:3036} INFO - Sync 1 DAGs
[2024-05-22T22:41:15.460+0000] {logging_mixin.py:188} INFO - [2024-05-22T22:41:15.459+0000] {dag.py:3823} INFO - Setting next_dagrun for example_setup_teardown to 2024-05-21 00:00:00+00:00, run_after=2024-05-22 00:00:00+00:00
[2024-05-22T22:41:15.481+0000] {processor.py:183} INFO - Processing /home/airflow/.local/lib/python3.8/site-packages/airflow/example_dags/example_setup_teardown.py took 0.088 seconds
[2024-05-22T22:41:45.845+0000] {processor.py:161} INFO - Started process (PID=52821) to work on /home/airflow/.local/lib/python3.8/site-packages/airflow/example_dags/example_setup_teardown.py
[2024-05-22T22:41:45.846+0000] {processor.py:830} INFO - Processing file /home/airflow/.local/lib/python3.8/site-packages/airflow/example_dags/example_setup_teardown.py for tasks to queue
[2024-05-22T22:41:45.848+0000] {logging_mixin.py:188} INFO - [2024-05-22T22:41:45.848+0000] {dagbag.py:538} INFO - Filling up the DagBag from /home/airflow/.local/lib/python3.8/site-packages/airflow/example_dags/example_setup_teardown.py
[2024-05-22T22:41:45.860+0000] {processor.py:840} INFO - DAG(s) 'example_setup_teardown' retrieved from /home/airflow/.local/lib/python3.8/site-packages/airflow/example_dags/example_setup_teardown.py
[2024-05-22T22:41:45.889+0000] {logging_mixin.py:188} INFO - [2024-05-22T22:41:45.888+0000] {dag.py:3036} INFO - Sync 1 DAGs
[2024-05-22T22:41:45.917+0000] {logging_mixin.py:188} INFO - [2024-05-22T22:41:45.916+0000] {dag.py:3823} INFO - Setting next_dagrun for example_setup_teardown to 2024-05-21 00:00:00+00:00, run_after=2024-05-22 00:00:00+00:00
[2024-05-22T22:41:45.939+0000] {processor.py:183} INFO - Processing /home/airflow/.local/lib/python3.8/site-packages/airflow/example_dags/example_setup_teardown.py took 0.096 seconds
[2024-05-22T22:42:16.535+0000] {processor.py:161} INFO - Started process (PID=52879) to work on /home/airflow/.local/lib/python3.8/site-packages/airflow/example_dags/example_setup_teardown.py
[2024-05-22T22:42:16.536+0000] {processor.py:830} INFO - Processing file /home/airflow/.local/lib/python3.8/site-packages/airflow/example_dags/example_setup_teardown.py for tasks to queue
[2024-05-22T22:42:16.538+0000] {logging_mixin.py:188} INFO - [2024-05-22T22:42:16.537+0000] {dagbag.py:538} INFO - Filling up the DagBag from /home/airflow/.local/lib/python3.8/site-packages/airflow/example_dags/example_setup_teardown.py
[2024-05-22T22:42:16.544+0000] {processor.py:840} INFO - DAG(s) 'example_setup_teardown' retrieved from /home/airflow/.local/lib/python3.8/site-packages/airflow/example_dags/example_setup_teardown.py
[2024-05-22T22:42:16.566+0000] {logging_mixin.py:188} INFO - [2024-05-22T22:42:16.565+0000] {dag.py:3036} INFO - Sync 1 DAGs
[2024-05-22T22:42:16.588+0000] {logging_mixin.py:188} INFO - [2024-05-22T22:42:16.588+0000] {dag.py:3823} INFO - Setting next_dagrun for example_setup_teardown to 2024-05-21 00:00:00+00:00, run_after=2024-05-22 00:00:00+00:00
[2024-05-22T22:42:16.617+0000] {processor.py:183} INFO - Processing /home/airflow/.local/lib/python3.8/site-packages/airflow/example_dags/example_setup_teardown.py took 0.085 seconds
[2024-05-22T22:42:47.107+0000] {processor.py:161} INFO - Started process (PID=52936) to work on /home/airflow/.local/lib/python3.8/site-packages/airflow/example_dags/example_setup_teardown.py
[2024-05-22T22:42:47.108+0000] {processor.py:830} INFO - Processing file /home/airflow/.local/lib/python3.8/site-packages/airflow/example_dags/example_setup_teardown.py for tasks to queue
[2024-05-22T22:42:47.111+0000] {logging_mixin.py:188} INFO - [2024-05-22T22:42:47.110+0000] {dagbag.py:538} INFO - Filling up the DagBag from /home/airflow/.local/lib/python3.8/site-packages/airflow/example_dags/example_setup_teardown.py
[2024-05-22T22:42:47.119+0000] {processor.py:840} INFO - DAG(s) 'example_setup_teardown' retrieved from /home/airflow/.local/lib/python3.8/site-packages/airflow/example_dags/example_setup_teardown.py
[2024-05-22T22:42:47.140+0000] {logging_mixin.py:188} INFO - [2024-05-22T22:42:47.139+0000] {dag.py:3036} INFO - Sync 1 DAGs
[2024-05-22T22:42:47.184+0000] {logging_mixin.py:188} INFO - [2024-05-22T22:42:47.183+0000] {dag.py:3823} INFO - Setting next_dagrun for example_setup_teardown to 2024-05-21 00:00:00+00:00, run_after=2024-05-22 00:00:00+00:00
[2024-05-22T22:42:47.218+0000] {processor.py:183} INFO - Processing /home/airflow/.local/lib/python3.8/site-packages/airflow/example_dags/example_setup_teardown.py took 0.114 seconds
[2024-05-22T22:43:17.977+0000] {processor.py:161} INFO - Started process (PID=52993) to work on /home/airflow/.local/lib/python3.8/site-packages/airflow/example_dags/example_setup_teardown.py
[2024-05-22T22:43:17.978+0000] {processor.py:830} INFO - Processing file /home/airflow/.local/lib/python3.8/site-packages/airflow/example_dags/example_setup_teardown.py for tasks to queue
[2024-05-22T22:43:17.981+0000] {logging_mixin.py:188} INFO - [2024-05-22T22:43:17.981+0000] {dagbag.py:538} INFO - Filling up the DagBag from /home/airflow/.local/lib/python3.8/site-packages/airflow/example_dags/example_setup_teardown.py
[2024-05-22T22:43:17.991+0000] {processor.py:840} INFO - DAG(s) 'example_setup_teardown' retrieved from /home/airflow/.local/lib/python3.8/site-packages/airflow/example_dags/example_setup_teardown.py
[2024-05-22T22:43:18.017+0000] {logging_mixin.py:188} INFO - [2024-05-22T22:43:18.017+0000] {dag.py:3036} INFO - Sync 1 DAGs
[2024-05-22T22:43:18.050+0000] {logging_mixin.py:188} INFO - [2024-05-22T22:43:18.049+0000] {dag.py:3823} INFO - Setting next_dagrun for example_setup_teardown to 2024-05-21 00:00:00+00:00, run_after=2024-05-22 00:00:00+00:00
[2024-05-22T22:43:18.077+0000] {processor.py:183} INFO - Processing /home/airflow/.local/lib/python3.8/site-packages/airflow/example_dags/example_setup_teardown.py took 0.104 seconds
[2024-05-22T22:43:48.552+0000] {processor.py:161} INFO - Started process (PID=53050) to work on /home/airflow/.local/lib/python3.8/site-packages/airflow/example_dags/example_setup_teardown.py
[2024-05-22T22:43:48.553+0000] {processor.py:830} INFO - Processing file /home/airflow/.local/lib/python3.8/site-packages/airflow/example_dags/example_setup_teardown.py for tasks to queue
[2024-05-22T22:43:48.555+0000] {logging_mixin.py:188} INFO - [2024-05-22T22:43:48.554+0000] {dagbag.py:538} INFO - Filling up the DagBag from /home/airflow/.local/lib/python3.8/site-packages/airflow/example_dags/example_setup_teardown.py
[2024-05-22T22:43:48.563+0000] {processor.py:840} INFO - DAG(s) 'example_setup_teardown' retrieved from /home/airflow/.local/lib/python3.8/site-packages/airflow/example_dags/example_setup_teardown.py
[2024-05-22T22:43:48.585+0000] {logging_mixin.py:188} INFO - [2024-05-22T22:43:48.585+0000] {dag.py:3036} INFO - Sync 1 DAGs
[2024-05-22T22:43:48.613+0000] {logging_mixin.py:188} INFO - [2024-05-22T22:43:48.612+0000] {dag.py:3823} INFO - Setting next_dagrun for example_setup_teardown to 2024-05-21 00:00:00+00:00, run_after=2024-05-22 00:00:00+00:00
[2024-05-22T22:43:48.635+0000] {processor.py:183} INFO - Processing /home/airflow/.local/lib/python3.8/site-packages/airflow/example_dags/example_setup_teardown.py took 0.086 seconds
[2024-05-22T22:44:18.726+0000] {processor.py:161} INFO - Started process (PID=53107) to work on /home/airflow/.local/lib/python3.8/site-packages/airflow/example_dags/example_setup_teardown.py
[2024-05-22T22:44:18.727+0000] {processor.py:830} INFO - Processing file /home/airflow/.local/lib/python3.8/site-packages/airflow/example_dags/example_setup_teardown.py for tasks to queue
[2024-05-22T22:44:18.728+0000] {logging_mixin.py:188} INFO - [2024-05-22T22:44:18.728+0000] {dagbag.py:538} INFO - Filling up the DagBag from /home/airflow/.local/lib/python3.8/site-packages/airflow/example_dags/example_setup_teardown.py
[2024-05-22T22:44:18.735+0000] {processor.py:840} INFO - DAG(s) 'example_setup_teardown' retrieved from /home/airflow/.local/lib/python3.8/site-packages/airflow/example_dags/example_setup_teardown.py
[2024-05-22T22:44:18.756+0000] {logging_mixin.py:188} INFO - [2024-05-22T22:44:18.755+0000] {dag.py:3036} INFO - Sync 1 DAGs
[2024-05-22T22:44:18.781+0000] {logging_mixin.py:188} INFO - [2024-05-22T22:44:18.780+0000] {dag.py:3823} INFO - Setting next_dagrun for example_setup_teardown to 2024-05-21 00:00:00+00:00, run_after=2024-05-22 00:00:00+00:00
[2024-05-22T22:44:18.801+0000] {processor.py:183} INFO - Processing /home/airflow/.local/lib/python3.8/site-packages/airflow/example_dags/example_setup_teardown.py took 0.078 seconds
[2024-05-22T22:44:49.061+0000] {processor.py:161} INFO - Started process (PID=53164) to work on /home/airflow/.local/lib/python3.8/site-packages/airflow/example_dags/example_setup_teardown.py
[2024-05-22T22:44:49.062+0000] {processor.py:830} INFO - Processing file /home/airflow/.local/lib/python3.8/site-packages/airflow/example_dags/example_setup_teardown.py for tasks to queue
[2024-05-22T22:44:49.064+0000] {logging_mixin.py:188} INFO - [2024-05-22T22:44:49.064+0000] {dagbag.py:538} INFO - Filling up the DagBag from /home/airflow/.local/lib/python3.8/site-packages/airflow/example_dags/example_setup_teardown.py
[2024-05-22T22:44:49.071+0000] {processor.py:840} INFO - DAG(s) 'example_setup_teardown' retrieved from /home/airflow/.local/lib/python3.8/site-packages/airflow/example_dags/example_setup_teardown.py
[2024-05-22T22:44:49.106+0000] {logging_mixin.py:188} INFO - [2024-05-22T22:44:49.105+0000] {dag.py:3036} INFO - Sync 1 DAGs
[2024-05-22T22:44:49.136+0000] {logging_mixin.py:188} INFO - [2024-05-22T22:44:49.136+0000] {dag.py:3823} INFO - Setting next_dagrun for example_setup_teardown to 2024-05-21 00:00:00+00:00, run_after=2024-05-22 00:00:00+00:00
[2024-05-22T22:44:49.162+0000] {processor.py:183} INFO - Processing /home/airflow/.local/lib/python3.8/site-packages/airflow/example_dags/example_setup_teardown.py took 0.105 seconds
[2024-05-22T22:45:19.367+0000] {processor.py:161} INFO - Started process (PID=53222) to work on /home/airflow/.local/lib/python3.8/site-packages/airflow/example_dags/example_setup_teardown.py
[2024-05-22T22:45:19.368+0000] {processor.py:830} INFO - Processing file /home/airflow/.local/lib/python3.8/site-packages/airflow/example_dags/example_setup_teardown.py for tasks to queue
[2024-05-22T22:45:19.371+0000] {logging_mixin.py:188} INFO - [2024-05-22T22:45:19.370+0000] {dagbag.py:538} INFO - Filling up the DagBag from /home/airflow/.local/lib/python3.8/site-packages/airflow/example_dags/example_setup_teardown.py
[2024-05-22T22:45:19.378+0000] {processor.py:840} INFO - DAG(s) 'example_setup_teardown' retrieved from /home/airflow/.local/lib/python3.8/site-packages/airflow/example_dags/example_setup_teardown.py
[2024-05-22T22:45:19.402+0000] {logging_mixin.py:188} INFO - [2024-05-22T22:45:19.402+0000] {dag.py:3036} INFO - Sync 1 DAGs
[2024-05-22T22:45:19.429+0000] {logging_mixin.py:188} INFO - [2024-05-22T22:45:19.429+0000] {dag.py:3823} INFO - Setting next_dagrun for example_setup_teardown to 2024-05-21 00:00:00+00:00, run_after=2024-05-22 00:00:00+00:00
[2024-05-22T22:45:19.458+0000] {processor.py:183} INFO - Processing /home/airflow/.local/lib/python3.8/site-packages/airflow/example_dags/example_setup_teardown.py took 0.094 seconds
[2024-05-22T22:45:49.888+0000] {processor.py:161} INFO - Started process (PID=53280) to work on /home/airflow/.local/lib/python3.8/site-packages/airflow/example_dags/example_setup_teardown.py
[2024-05-22T22:45:49.889+0000] {processor.py:830} INFO - Processing file /home/airflow/.local/lib/python3.8/site-packages/airflow/example_dags/example_setup_teardown.py for tasks to queue
[2024-05-22T22:45:49.891+0000] {logging_mixin.py:188} INFO - [2024-05-22T22:45:49.891+0000] {dagbag.py:538} INFO - Filling up the DagBag from /home/airflow/.local/lib/python3.8/site-packages/airflow/example_dags/example_setup_teardown.py
[2024-05-22T22:45:49.901+0000] {processor.py:840} INFO - DAG(s) 'example_setup_teardown' retrieved from /home/airflow/.local/lib/python3.8/site-packages/airflow/example_dags/example_setup_teardown.py
[2024-05-22T22:45:49.929+0000] {logging_mixin.py:188} INFO - [2024-05-22T22:45:49.928+0000] {dag.py:3036} INFO - Sync 1 DAGs
[2024-05-22T22:45:49.960+0000] {logging_mixin.py:188} INFO - [2024-05-22T22:45:49.959+0000] {dag.py:3823} INFO - Setting next_dagrun for example_setup_teardown to 2024-05-21 00:00:00+00:00, run_after=2024-05-22 00:00:00+00:00
[2024-05-22T22:45:49.989+0000] {processor.py:183} INFO - Processing /home/airflow/.local/lib/python3.8/site-packages/airflow/example_dags/example_setup_teardown.py took 0.107 seconds
[2024-05-22T22:46:20.278+0000] {processor.py:161} INFO - Started process (PID=53338) to work on /home/airflow/.local/lib/python3.8/site-packages/airflow/example_dags/example_setup_teardown.py
[2024-05-22T22:46:20.279+0000] {processor.py:830} INFO - Processing file /home/airflow/.local/lib/python3.8/site-packages/airflow/example_dags/example_setup_teardown.py for tasks to queue
[2024-05-22T22:46:20.280+0000] {logging_mixin.py:188} INFO - [2024-05-22T22:46:20.280+0000] {dagbag.py:538} INFO - Filling up the DagBag from /home/airflow/.local/lib/python3.8/site-packages/airflow/example_dags/example_setup_teardown.py
[2024-05-22T22:46:20.287+0000] {processor.py:840} INFO - DAG(s) 'example_setup_teardown' retrieved from /home/airflow/.local/lib/python3.8/site-packages/airflow/example_dags/example_setup_teardown.py
[2024-05-22T22:46:20.308+0000] {logging_mixin.py:188} INFO - [2024-05-22T22:46:20.307+0000] {dag.py:3036} INFO - Sync 1 DAGs
[2024-05-22T22:46:20.329+0000] {logging_mixin.py:188} INFO - [2024-05-22T22:46:20.328+0000] {dag.py:3823} INFO - Setting next_dagrun for example_setup_teardown to 2024-05-21 00:00:00+00:00, run_after=2024-05-22 00:00:00+00:00
[2024-05-22T22:46:20.349+0000] {processor.py:183} INFO - Processing /home/airflow/.local/lib/python3.8/site-packages/airflow/example_dags/example_setup_teardown.py took 0.074 seconds
[2024-05-22T22:46:50.634+0000] {processor.py:161} INFO - Started process (PID=53395) to work on /home/airflow/.local/lib/python3.8/site-packages/airflow/example_dags/example_setup_teardown.py
[2024-05-22T22:46:50.635+0000] {processor.py:830} INFO - Processing file /home/airflow/.local/lib/python3.8/site-packages/airflow/example_dags/example_setup_teardown.py for tasks to queue
[2024-05-22T22:46:50.636+0000] {logging_mixin.py:188} INFO - [2024-05-22T22:46:50.636+0000] {dagbag.py:538} INFO - Filling up the DagBag from /home/airflow/.local/lib/python3.8/site-packages/airflow/example_dags/example_setup_teardown.py
[2024-05-22T22:46:50.643+0000] {processor.py:840} INFO - DAG(s) 'example_setup_teardown' retrieved from /home/airflow/.local/lib/python3.8/site-packages/airflow/example_dags/example_setup_teardown.py
[2024-05-22T22:46:50.665+0000] {logging_mixin.py:188} INFO - [2024-05-22T22:46:50.665+0000] {dag.py:3036} INFO - Sync 1 DAGs
[2024-05-22T22:46:50.690+0000] {logging_mixin.py:188} INFO - [2024-05-22T22:46:50.690+0000] {dag.py:3823} INFO - Setting next_dagrun for example_setup_teardown to 2024-05-21 00:00:00+00:00, run_after=2024-05-22 00:00:00+00:00
[2024-05-22T22:46:50.714+0000] {processor.py:183} INFO - Processing /home/airflow/.local/lib/python3.8/site-packages/airflow/example_dags/example_setup_teardown.py took 0.083 seconds
[2024-05-22T22:47:21.148+0000] {processor.py:161} INFO - Started process (PID=53452) to work on /home/airflow/.local/lib/python3.8/site-packages/airflow/example_dags/example_setup_teardown.py
[2024-05-22T22:47:21.149+0000] {processor.py:830} INFO - Processing file /home/airflow/.local/lib/python3.8/site-packages/airflow/example_dags/example_setup_teardown.py for tasks to queue
[2024-05-22T22:47:21.150+0000] {logging_mixin.py:188} INFO - [2024-05-22T22:47:21.150+0000] {dagbag.py:538} INFO - Filling up the DagBag from /home/airflow/.local/lib/python3.8/site-packages/airflow/example_dags/example_setup_teardown.py
[2024-05-22T22:47:21.156+0000] {processor.py:840} INFO - DAG(s) 'example_setup_teardown' retrieved from /home/airflow/.local/lib/python3.8/site-packages/airflow/example_dags/example_setup_teardown.py
[2024-05-22T22:47:21.178+0000] {logging_mixin.py:188} INFO - [2024-05-22T22:47:21.178+0000] {dag.py:3036} INFO - Sync 1 DAGs
[2024-05-22T22:47:21.203+0000] {logging_mixin.py:188} INFO - [2024-05-22T22:47:21.203+0000] {dag.py:3823} INFO - Setting next_dagrun for example_setup_teardown to 2024-05-21 00:00:00+00:00, run_after=2024-05-22 00:00:00+00:00
[2024-05-22T22:47:21.224+0000] {processor.py:183} INFO - Processing /home/airflow/.local/lib/python3.8/site-packages/airflow/example_dags/example_setup_teardown.py took 0.079 seconds
[2024-05-22T22:47:51.531+0000] {processor.py:161} INFO - Started process (PID=53510) to work on /home/airflow/.local/lib/python3.8/site-packages/airflow/example_dags/example_setup_teardown.py
[2024-05-22T22:47:51.532+0000] {processor.py:830} INFO - Processing file /home/airflow/.local/lib/python3.8/site-packages/airflow/example_dags/example_setup_teardown.py for tasks to queue
[2024-05-22T22:47:51.534+0000] {logging_mixin.py:188} INFO - [2024-05-22T22:47:51.534+0000] {dagbag.py:538} INFO - Filling up the DagBag from /home/airflow/.local/lib/python3.8/site-packages/airflow/example_dags/example_setup_teardown.py
[2024-05-22T22:47:51.541+0000] {processor.py:840} INFO - DAG(s) 'example_setup_teardown' retrieved from /home/airflow/.local/lib/python3.8/site-packages/airflow/example_dags/example_setup_teardown.py
[2024-05-22T22:47:51.561+0000] {logging_mixin.py:188} INFO - [2024-05-22T22:47:51.561+0000] {dag.py:3036} INFO - Sync 1 DAGs
[2024-05-22T22:47:51.585+0000] {logging_mixin.py:188} INFO - [2024-05-22T22:47:51.584+0000] {dag.py:3823} INFO - Setting next_dagrun for example_setup_teardown to 2024-05-21 00:00:00+00:00, run_after=2024-05-22 00:00:00+00:00
[2024-05-22T22:47:51.605+0000] {processor.py:183} INFO - Processing /home/airflow/.local/lib/python3.8/site-packages/airflow/example_dags/example_setup_teardown.py took 0.076 seconds
[2024-05-22T22:48:22.115+0000] {processor.py:161} INFO - Started process (PID=53567) to work on /home/airflow/.local/lib/python3.8/site-packages/airflow/example_dags/example_setup_teardown.py
[2024-05-22T22:48:22.116+0000] {processor.py:830} INFO - Processing file /home/airflow/.local/lib/python3.8/site-packages/airflow/example_dags/example_setup_teardown.py for tasks to queue
[2024-05-22T22:48:22.118+0000] {logging_mixin.py:188} INFO - [2024-05-22T22:48:22.117+0000] {dagbag.py:538} INFO - Filling up the DagBag from /home/airflow/.local/lib/python3.8/site-packages/airflow/example_dags/example_setup_teardown.py
[2024-05-22T22:48:22.124+0000] {processor.py:840} INFO - DAG(s) 'example_setup_teardown' retrieved from /home/airflow/.local/lib/python3.8/site-packages/airflow/example_dags/example_setup_teardown.py
[2024-05-22T22:48:22.146+0000] {logging_mixin.py:188} INFO - [2024-05-22T22:48:22.145+0000] {dag.py:3036} INFO - Sync 1 DAGs
[2024-05-22T22:48:22.168+0000] {logging_mixin.py:188} INFO - [2024-05-22T22:48:22.168+0000] {dag.py:3823} INFO - Setting next_dagrun for example_setup_teardown to 2024-05-21 00:00:00+00:00, run_after=2024-05-22 00:00:00+00:00
[2024-05-22T22:48:22.191+0000] {processor.py:183} INFO - Processing /home/airflow/.local/lib/python3.8/site-packages/airflow/example_dags/example_setup_teardown.py took 0.078 seconds
[2024-05-22T22:48:52.623+0000] {processor.py:161} INFO - Started process (PID=53624) to work on /home/airflow/.local/lib/python3.8/site-packages/airflow/example_dags/example_setup_teardown.py
[2024-05-22T22:48:52.623+0000] {processor.py:830} INFO - Processing file /home/airflow/.local/lib/python3.8/site-packages/airflow/example_dags/example_setup_teardown.py for tasks to queue
[2024-05-22T22:48:52.625+0000] {logging_mixin.py:188} INFO - [2024-05-22T22:48:52.625+0000] {dagbag.py:538} INFO - Filling up the DagBag from /home/airflow/.local/lib/python3.8/site-packages/airflow/example_dags/example_setup_teardown.py
[2024-05-22T22:48:52.633+0000] {processor.py:840} INFO - DAG(s) 'example_setup_teardown' retrieved from /home/airflow/.local/lib/python3.8/site-packages/airflow/example_dags/example_setup_teardown.py
[2024-05-22T22:48:52.656+0000] {logging_mixin.py:188} INFO - [2024-05-22T22:48:52.656+0000] {dag.py:3036} INFO - Sync 1 DAGs
[2024-05-22T22:48:52.678+0000] {logging_mixin.py:188} INFO - [2024-05-22T22:48:52.678+0000] {dag.py:3823} INFO - Setting next_dagrun for example_setup_teardown to 2024-05-21 00:00:00+00:00, run_after=2024-05-22 00:00:00+00:00
[2024-05-22T22:48:52.699+0000] {processor.py:183} INFO - Processing /home/airflow/.local/lib/python3.8/site-packages/airflow/example_dags/example_setup_teardown.py took 0.080 seconds
[2024-05-22T22:49:22.983+0000] {processor.py:161} INFO - Started process (PID=53681) to work on /home/airflow/.local/lib/python3.8/site-packages/airflow/example_dags/example_setup_teardown.py
[2024-05-22T22:49:22.983+0000] {processor.py:830} INFO - Processing file /home/airflow/.local/lib/python3.8/site-packages/airflow/example_dags/example_setup_teardown.py for tasks to queue
[2024-05-22T22:49:22.985+0000] {logging_mixin.py:188} INFO - [2024-05-22T22:49:22.985+0000] {dagbag.py:538} INFO - Filling up the DagBag from /home/airflow/.local/lib/python3.8/site-packages/airflow/example_dags/example_setup_teardown.py
[2024-05-22T22:49:22.992+0000] {processor.py:840} INFO - DAG(s) 'example_setup_teardown' retrieved from /home/airflow/.local/lib/python3.8/site-packages/airflow/example_dags/example_setup_teardown.py
[2024-05-22T22:49:23.013+0000] {logging_mixin.py:188} INFO - [2024-05-22T22:49:23.013+0000] {dag.py:3036} INFO - Sync 1 DAGs
[2024-05-22T22:49:23.038+0000] {logging_mixin.py:188} INFO - [2024-05-22T22:49:23.038+0000] {dag.py:3823} INFO - Setting next_dagrun for example_setup_teardown to 2024-05-21 00:00:00+00:00, run_after=2024-05-22 00:00:00+00:00
[2024-05-22T22:49:23.057+0000] {processor.py:183} INFO - Processing /home/airflow/.local/lib/python3.8/site-packages/airflow/example_dags/example_setup_teardown.py took 0.077 seconds
[2024-05-22T22:49:53.420+0000] {processor.py:161} INFO - Started process (PID=53738) to work on /home/airflow/.local/lib/python3.8/site-packages/airflow/example_dags/example_setup_teardown.py
[2024-05-22T22:49:53.421+0000] {processor.py:830} INFO - Processing file /home/airflow/.local/lib/python3.8/site-packages/airflow/example_dags/example_setup_teardown.py for tasks to queue
[2024-05-22T22:49:53.423+0000] {logging_mixin.py:188} INFO - [2024-05-22T22:49:53.422+0000] {dagbag.py:538} INFO - Filling up the DagBag from /home/airflow/.local/lib/python3.8/site-packages/airflow/example_dags/example_setup_teardown.py
[2024-05-22T22:49:53.430+0000] {processor.py:840} INFO - DAG(s) 'example_setup_teardown' retrieved from /home/airflow/.local/lib/python3.8/site-packages/airflow/example_dags/example_setup_teardown.py
[2024-05-22T22:49:53.456+0000] {logging_mixin.py:188} INFO - [2024-05-22T22:49:53.456+0000] {dag.py:3036} INFO - Sync 1 DAGs
[2024-05-22T22:49:53.486+0000] {logging_mixin.py:188} INFO - [2024-05-22T22:49:53.486+0000] {dag.py:3823} INFO - Setting next_dagrun for example_setup_teardown to 2024-05-21 00:00:00+00:00, run_after=2024-05-22 00:00:00+00:00
[2024-05-22T22:49:53.516+0000] {processor.py:183} INFO - Processing /home/airflow/.local/lib/python3.8/site-packages/airflow/example_dags/example_setup_teardown.py took 0.099 seconds
[2024-05-22T22:50:23.933+0000] {processor.py:161} INFO - Started process (PID=53795) to work on /home/airflow/.local/lib/python3.8/site-packages/airflow/example_dags/example_setup_teardown.py
[2024-05-22T22:50:23.934+0000] {processor.py:830} INFO - Processing file /home/airflow/.local/lib/python3.8/site-packages/airflow/example_dags/example_setup_teardown.py for tasks to queue
[2024-05-22T22:50:23.936+0000] {logging_mixin.py:188} INFO - [2024-05-22T22:50:23.936+0000] {dagbag.py:538} INFO - Filling up the DagBag from /home/airflow/.local/lib/python3.8/site-packages/airflow/example_dags/example_setup_teardown.py
[2024-05-22T22:50:23.943+0000] {processor.py:840} INFO - DAG(s) 'example_setup_teardown' retrieved from /home/airflow/.local/lib/python3.8/site-packages/airflow/example_dags/example_setup_teardown.py
[2024-05-22T22:50:23.966+0000] {logging_mixin.py:188} INFO - [2024-05-22T22:50:23.966+0000] {dag.py:3036} INFO - Sync 1 DAGs
[2024-05-22T22:50:23.993+0000] {logging_mixin.py:188} INFO - [2024-05-22T22:50:23.992+0000] {dag.py:3823} INFO - Setting next_dagrun for example_setup_teardown to 2024-05-21 00:00:00+00:00, run_after=2024-05-22 00:00:00+00:00
[2024-05-22T22:50:24.019+0000] {processor.py:183} INFO - Processing /home/airflow/.local/lib/python3.8/site-packages/airflow/example_dags/example_setup_teardown.py took 0.089 seconds
[2024-05-22T22:50:54.334+0000] {processor.py:161} INFO - Started process (PID=53852) to work on /home/airflow/.local/lib/python3.8/site-packages/airflow/example_dags/example_setup_teardown.py
[2024-05-22T22:50:54.335+0000] {processor.py:830} INFO - Processing file /home/airflow/.local/lib/python3.8/site-packages/airflow/example_dags/example_setup_teardown.py for tasks to queue
[2024-05-22T22:50:54.337+0000] {logging_mixin.py:188} INFO - [2024-05-22T22:50:54.336+0000] {dagbag.py:538} INFO - Filling up the DagBag from /home/airflow/.local/lib/python3.8/site-packages/airflow/example_dags/example_setup_teardown.py
[2024-05-22T22:50:54.343+0000] {processor.py:840} INFO - DAG(s) 'example_setup_teardown' retrieved from /home/airflow/.local/lib/python3.8/site-packages/airflow/example_dags/example_setup_teardown.py
[2024-05-22T22:50:54.363+0000] {logging_mixin.py:188} INFO - [2024-05-22T22:50:54.363+0000] {dag.py:3036} INFO - Sync 1 DAGs
[2024-05-22T22:50:54.389+0000] {logging_mixin.py:188} INFO - [2024-05-22T22:50:54.388+0000] {dag.py:3823} INFO - Setting next_dagrun for example_setup_teardown to 2024-05-21 00:00:00+00:00, run_after=2024-05-22 00:00:00+00:00
[2024-05-22T22:50:54.410+0000] {processor.py:183} INFO - Processing /home/airflow/.local/lib/python3.8/site-packages/airflow/example_dags/example_setup_teardown.py took 0.078 seconds
[2024-05-22T22:51:24.766+0000] {processor.py:161} INFO - Started process (PID=53907) to work on /home/airflow/.local/lib/python3.8/site-packages/airflow/example_dags/example_setup_teardown.py
[2024-05-22T22:51:24.767+0000] {processor.py:830} INFO - Processing file /home/airflow/.local/lib/python3.8/site-packages/airflow/example_dags/example_setup_teardown.py for tasks to queue
[2024-05-22T22:51:24.769+0000] {logging_mixin.py:188} INFO - [2024-05-22T22:51:24.769+0000] {dagbag.py:538} INFO - Filling up the DagBag from /home/airflow/.local/lib/python3.8/site-packages/airflow/example_dags/example_setup_teardown.py
[2024-05-22T22:51:24.777+0000] {processor.py:840} INFO - DAG(s) 'example_setup_teardown' retrieved from /home/airflow/.local/lib/python3.8/site-packages/airflow/example_dags/example_setup_teardown.py
[2024-05-22T22:51:24.805+0000] {logging_mixin.py:188} INFO - [2024-05-22T22:51:24.805+0000] {dag.py:3036} INFO - Sync 1 DAGs
[2024-05-22T22:51:24.829+0000] {logging_mixin.py:188} INFO - [2024-05-22T22:51:24.829+0000] {dag.py:3823} INFO - Setting next_dagrun for example_setup_teardown to 2024-05-21 00:00:00+00:00, run_after=2024-05-22 00:00:00+00:00
[2024-05-22T22:51:24.854+0000] {processor.py:183} INFO - Processing /home/airflow/.local/lib/python3.8/site-packages/airflow/example_dags/example_setup_teardown.py took 0.092 seconds
[2024-05-22T22:51:55.015+0000] {processor.py:161} INFO - Started process (PID=53964) to work on /home/airflow/.local/lib/python3.8/site-packages/airflow/example_dags/example_setup_teardown.py
[2024-05-22T22:51:55.016+0000] {processor.py:830} INFO - Processing file /home/airflow/.local/lib/python3.8/site-packages/airflow/example_dags/example_setup_teardown.py for tasks to queue
[2024-05-22T22:51:55.018+0000] {logging_mixin.py:188} INFO - [2024-05-22T22:51:55.017+0000] {dagbag.py:538} INFO - Filling up the DagBag from /home/airflow/.local/lib/python3.8/site-packages/airflow/example_dags/example_setup_teardown.py
[2024-05-22T22:51:55.025+0000] {processor.py:840} INFO - DAG(s) 'example_setup_teardown' retrieved from /home/airflow/.local/lib/python3.8/site-packages/airflow/example_dags/example_setup_teardown.py
[2024-05-22T22:51:55.048+0000] {logging_mixin.py:188} INFO - [2024-05-22T22:51:55.047+0000] {dag.py:3036} INFO - Sync 1 DAGs
[2024-05-22T22:51:55.071+0000] {logging_mixin.py:188} INFO - [2024-05-22T22:51:55.071+0000] {dag.py:3823} INFO - Setting next_dagrun for example_setup_teardown to 2024-05-21 00:00:00+00:00, run_after=2024-05-22 00:00:00+00:00
[2024-05-22T22:51:55.092+0000] {processor.py:183} INFO - Processing /home/airflow/.local/lib/python3.8/site-packages/airflow/example_dags/example_setup_teardown.py took 0.080 seconds
[2024-05-22T22:52:25.354+0000] {processor.py:161} INFO - Started process (PID=54021) to work on /home/airflow/.local/lib/python3.8/site-packages/airflow/example_dags/example_setup_teardown.py
[2024-05-22T22:52:25.355+0000] {processor.py:830} INFO - Processing file /home/airflow/.local/lib/python3.8/site-packages/airflow/example_dags/example_setup_teardown.py for tasks to queue
[2024-05-22T22:52:25.357+0000] {logging_mixin.py:188} INFO - [2024-05-22T22:52:25.356+0000] {dagbag.py:538} INFO - Filling up the DagBag from /home/airflow/.local/lib/python3.8/site-packages/airflow/example_dags/example_setup_teardown.py
[2024-05-22T22:52:25.363+0000] {processor.py:840} INFO - DAG(s) 'example_setup_teardown' retrieved from /home/airflow/.local/lib/python3.8/site-packages/airflow/example_dags/example_setup_teardown.py
[2024-05-22T22:52:25.384+0000] {logging_mixin.py:188} INFO - [2024-05-22T22:52:25.383+0000] {dag.py:3036} INFO - Sync 1 DAGs
[2024-05-22T22:52:25.405+0000] {logging_mixin.py:188} INFO - [2024-05-22T22:52:25.405+0000] {dag.py:3823} INFO - Setting next_dagrun for example_setup_teardown to 2024-05-21 00:00:00+00:00, run_after=2024-05-22 00:00:00+00:00
[2024-05-22T22:52:25.425+0000] {processor.py:183} INFO - Processing /home/airflow/.local/lib/python3.8/site-packages/airflow/example_dags/example_setup_teardown.py took 0.074 seconds
[2024-05-22T22:52:55.659+0000] {processor.py:161} INFO - Started process (PID=54079) to work on /home/airflow/.local/lib/python3.8/site-packages/airflow/example_dags/example_setup_teardown.py
[2024-05-22T22:52:55.660+0000] {processor.py:830} INFO - Processing file /home/airflow/.local/lib/python3.8/site-packages/airflow/example_dags/example_setup_teardown.py for tasks to queue
[2024-05-22T22:52:55.661+0000] {logging_mixin.py:188} INFO - [2024-05-22T22:52:55.661+0000] {dagbag.py:538} INFO - Filling up the DagBag from /home/airflow/.local/lib/python3.8/site-packages/airflow/example_dags/example_setup_teardown.py
[2024-05-22T22:52:55.669+0000] {processor.py:840} INFO - DAG(s) 'example_setup_teardown' retrieved from /home/airflow/.local/lib/python3.8/site-packages/airflow/example_dags/example_setup_teardown.py
[2024-05-22T22:52:55.690+0000] {logging_mixin.py:188} INFO - [2024-05-22T22:52:55.690+0000] {dag.py:3036} INFO - Sync 1 DAGs
[2024-05-22T22:52:55.714+0000] {logging_mixin.py:188} INFO - [2024-05-22T22:52:55.714+0000] {dag.py:3823} INFO - Setting next_dagrun for example_setup_teardown to 2024-05-21 00:00:00+00:00, run_after=2024-05-22 00:00:00+00:00
[2024-05-22T22:52:55.734+0000] {processor.py:183} INFO - Processing /home/airflow/.local/lib/python3.8/site-packages/airflow/example_dags/example_setup_teardown.py took 0.078 seconds
[2024-05-22T22:53:26.138+0000] {processor.py:161} INFO - Started process (PID=54136) to work on /home/airflow/.local/lib/python3.8/site-packages/airflow/example_dags/example_setup_teardown.py
[2024-05-22T22:53:26.139+0000] {processor.py:830} INFO - Processing file /home/airflow/.local/lib/python3.8/site-packages/airflow/example_dags/example_setup_teardown.py for tasks to queue
[2024-05-22T22:53:26.141+0000] {logging_mixin.py:188} INFO - [2024-05-22T22:53:26.141+0000] {dagbag.py:538} INFO - Filling up the DagBag from /home/airflow/.local/lib/python3.8/site-packages/airflow/example_dags/example_setup_teardown.py
[2024-05-22T22:53:26.148+0000] {processor.py:840} INFO - DAG(s) 'example_setup_teardown' retrieved from /home/airflow/.local/lib/python3.8/site-packages/airflow/example_dags/example_setup_teardown.py
[2024-05-22T22:53:26.168+0000] {logging_mixin.py:188} INFO - [2024-05-22T22:53:26.168+0000] {dag.py:3036} INFO - Sync 1 DAGs
[2024-05-22T22:53:26.191+0000] {logging_mixin.py:188} INFO - [2024-05-22T22:53:26.190+0000] {dag.py:3823} INFO - Setting next_dagrun for example_setup_teardown to 2024-05-21 00:00:00+00:00, run_after=2024-05-22 00:00:00+00:00
[2024-05-22T22:53:26.212+0000] {processor.py:183} INFO - Processing /home/airflow/.local/lib/python3.8/site-packages/airflow/example_dags/example_setup_teardown.py took 0.076 seconds
[2024-05-22T22:53:56.488+0000] {processor.py:161} INFO - Started process (PID=54193) to work on /home/airflow/.local/lib/python3.8/site-packages/airflow/example_dags/example_setup_teardown.py
[2024-05-22T22:53:56.489+0000] {processor.py:830} INFO - Processing file /home/airflow/.local/lib/python3.8/site-packages/airflow/example_dags/example_setup_teardown.py for tasks to queue
[2024-05-22T22:53:56.490+0000] {logging_mixin.py:188} INFO - [2024-05-22T22:53:56.490+0000] {dagbag.py:538} INFO - Filling up the DagBag from /home/airflow/.local/lib/python3.8/site-packages/airflow/example_dags/example_setup_teardown.py
[2024-05-22T22:53:56.497+0000] {processor.py:840} INFO - DAG(s) 'example_setup_teardown' retrieved from /home/airflow/.local/lib/python3.8/site-packages/airflow/example_dags/example_setup_teardown.py
[2024-05-22T22:53:56.517+0000] {logging_mixin.py:188} INFO - [2024-05-22T22:53:56.517+0000] {dag.py:3036} INFO - Sync 1 DAGs
[2024-05-22T22:53:56.545+0000] {logging_mixin.py:188} INFO - [2024-05-22T22:53:56.545+0000] {dag.py:3823} INFO - Setting next_dagrun for example_setup_teardown to 2024-05-21 00:00:00+00:00, run_after=2024-05-22 00:00:00+00:00
[2024-05-22T22:53:56.567+0000] {processor.py:183} INFO - Processing /home/airflow/.local/lib/python3.8/site-packages/airflow/example_dags/example_setup_teardown.py took 0.082 seconds
[2024-05-22T22:54:26.970+0000] {processor.py:161} INFO - Started process (PID=54250) to work on /home/airflow/.local/lib/python3.8/site-packages/airflow/example_dags/example_setup_teardown.py
[2024-05-22T22:54:26.971+0000] {processor.py:830} INFO - Processing file /home/airflow/.local/lib/python3.8/site-packages/airflow/example_dags/example_setup_teardown.py for tasks to queue
[2024-05-22T22:54:26.973+0000] {logging_mixin.py:188} INFO - [2024-05-22T22:54:26.973+0000] {dagbag.py:538} INFO - Filling up the DagBag from /home/airflow/.local/lib/python3.8/site-packages/airflow/example_dags/example_setup_teardown.py
[2024-05-22T22:54:26.981+0000] {processor.py:840} INFO - DAG(s) 'example_setup_teardown' retrieved from /home/airflow/.local/lib/python3.8/site-packages/airflow/example_dags/example_setup_teardown.py
[2024-05-22T22:54:27.007+0000] {logging_mixin.py:188} INFO - [2024-05-22T22:54:27.007+0000] {dag.py:3036} INFO - Sync 1 DAGs
[2024-05-22T22:54:27.035+0000] {logging_mixin.py:188} INFO - [2024-05-22T22:54:27.035+0000] {dag.py:3823} INFO - Setting next_dagrun for example_setup_teardown to 2024-05-21 00:00:00+00:00, run_after=2024-05-22 00:00:00+00:00
[2024-05-22T22:54:27.059+0000] {processor.py:183} INFO - Processing /home/airflow/.local/lib/python3.8/site-packages/airflow/example_dags/example_setup_teardown.py took 0.093 seconds
[2024-05-22T22:54:57.368+0000] {processor.py:161} INFO - Started process (PID=54307) to work on /home/airflow/.local/lib/python3.8/site-packages/airflow/example_dags/example_setup_teardown.py
[2024-05-22T22:54:57.369+0000] {processor.py:830} INFO - Processing file /home/airflow/.local/lib/python3.8/site-packages/airflow/example_dags/example_setup_teardown.py for tasks to queue
[2024-05-22T22:54:57.372+0000] {logging_mixin.py:188} INFO - [2024-05-22T22:54:57.371+0000] {dagbag.py:538} INFO - Filling up the DagBag from /home/airflow/.local/lib/python3.8/site-packages/airflow/example_dags/example_setup_teardown.py
[2024-05-22T22:54:57.380+0000] {processor.py:840} INFO - DAG(s) 'example_setup_teardown' retrieved from /home/airflow/.local/lib/python3.8/site-packages/airflow/example_dags/example_setup_teardown.py
[2024-05-22T22:54:57.402+0000] {logging_mixin.py:188} INFO - [2024-05-22T22:54:57.401+0000] {dag.py:3036} INFO - Sync 1 DAGs
[2024-05-22T22:54:57.427+0000] {logging_mixin.py:188} INFO - [2024-05-22T22:54:57.427+0000] {dag.py:3823} INFO - Setting next_dagrun for example_setup_teardown to 2024-05-21 00:00:00+00:00, run_after=2024-05-22 00:00:00+00:00
[2024-05-22T22:54:57.455+0000] {processor.py:183} INFO - Processing /home/airflow/.local/lib/python3.8/site-packages/airflow/example_dags/example_setup_teardown.py took 0.091 seconds
[2024-05-22T22:55:27.875+0000] {processor.py:161} INFO - Started process (PID=54364) to work on /home/airflow/.local/lib/python3.8/site-packages/airflow/example_dags/example_setup_teardown.py
[2024-05-22T22:55:27.876+0000] {processor.py:830} INFO - Processing file /home/airflow/.local/lib/python3.8/site-packages/airflow/example_dags/example_setup_teardown.py for tasks to queue
[2024-05-22T22:55:27.878+0000] {logging_mixin.py:188} INFO - [2024-05-22T22:55:27.878+0000] {dagbag.py:538} INFO - Filling up the DagBag from /home/airflow/.local/lib/python3.8/site-packages/airflow/example_dags/example_setup_teardown.py
[2024-05-22T22:55:27.884+0000] {processor.py:840} INFO - DAG(s) 'example_setup_teardown' retrieved from /home/airflow/.local/lib/python3.8/site-packages/airflow/example_dags/example_setup_teardown.py
[2024-05-22T22:55:27.908+0000] {logging_mixin.py:188} INFO - [2024-05-22T22:55:27.908+0000] {dag.py:3036} INFO - Sync 1 DAGs
[2024-05-22T22:55:27.932+0000] {logging_mixin.py:188} INFO - [2024-05-22T22:55:27.932+0000] {dag.py:3823} INFO - Setting next_dagrun for example_setup_teardown to 2024-05-21 00:00:00+00:00, run_after=2024-05-22 00:00:00+00:00
[2024-05-22T22:55:27.955+0000] {processor.py:183} INFO - Processing /home/airflow/.local/lib/python3.8/site-packages/airflow/example_dags/example_setup_teardown.py took 0.084 seconds
[2024-05-22T22:55:58.703+0000] {processor.py:161} INFO - Started process (PID=54421) to work on /home/airflow/.local/lib/python3.8/site-packages/airflow/example_dags/example_setup_teardown.py
[2024-05-22T22:55:58.704+0000] {processor.py:830} INFO - Processing file /home/airflow/.local/lib/python3.8/site-packages/airflow/example_dags/example_setup_teardown.py for tasks to queue
[2024-05-22T22:55:58.708+0000] {logging_mixin.py:188} INFO - [2024-05-22T22:55:58.707+0000] {dagbag.py:538} INFO - Filling up the DagBag from /home/airflow/.local/lib/python3.8/site-packages/airflow/example_dags/example_setup_teardown.py
[2024-05-22T22:55:58.717+0000] {processor.py:840} INFO - DAG(s) 'example_setup_teardown' retrieved from /home/airflow/.local/lib/python3.8/site-packages/airflow/example_dags/example_setup_teardown.py
[2024-05-22T22:55:58.752+0000] {logging_mixin.py:188} INFO - [2024-05-22T22:55:58.752+0000] {dag.py:3036} INFO - Sync 1 DAGs
[2024-05-22T22:55:58.783+0000] {logging_mixin.py:188} INFO - [2024-05-22T22:55:58.783+0000] {dag.py:3823} INFO - Setting next_dagrun for example_setup_teardown to 2024-05-21 00:00:00+00:00, run_after=2024-05-22 00:00:00+00:00
[2024-05-22T22:55:58.809+0000] {processor.py:183} INFO - Processing /home/airflow/.local/lib/python3.8/site-packages/airflow/example_dags/example_setup_teardown.py took 0.111 seconds
[2024-05-22T22:56:29.059+0000] {processor.py:161} INFO - Started process (PID=54478) to work on /home/airflow/.local/lib/python3.8/site-packages/airflow/example_dags/example_setup_teardown.py
[2024-05-22T22:56:29.060+0000] {processor.py:830} INFO - Processing file /home/airflow/.local/lib/python3.8/site-packages/airflow/example_dags/example_setup_teardown.py for tasks to queue
[2024-05-22T22:56:29.062+0000] {logging_mixin.py:188} INFO - [2024-05-22T22:56:29.062+0000] {dagbag.py:538} INFO - Filling up the DagBag from /home/airflow/.local/lib/python3.8/site-packages/airflow/example_dags/example_setup_teardown.py
[2024-05-22T22:56:29.068+0000] {processor.py:840} INFO - DAG(s) 'example_setup_teardown' retrieved from /home/airflow/.local/lib/python3.8/site-packages/airflow/example_dags/example_setup_teardown.py
[2024-05-22T22:56:29.089+0000] {logging_mixin.py:188} INFO - [2024-05-22T22:56:29.089+0000] {dag.py:3036} INFO - Sync 1 DAGs
[2024-05-22T22:56:29.113+0000] {logging_mixin.py:188} INFO - [2024-05-22T22:56:29.113+0000] {dag.py:3823} INFO - Setting next_dagrun for example_setup_teardown to 2024-05-21 00:00:00+00:00, run_after=2024-05-22 00:00:00+00:00
[2024-05-22T22:56:29.134+0000] {processor.py:183} INFO - Processing /home/airflow/.local/lib/python3.8/site-packages/airflow/example_dags/example_setup_teardown.py took 0.078 seconds
[2024-05-22T22:56:59.570+0000] {processor.py:161} INFO - Started process (PID=54535) to work on /home/airflow/.local/lib/python3.8/site-packages/airflow/example_dags/example_setup_teardown.py
[2024-05-22T22:56:59.572+0000] {processor.py:830} INFO - Processing file /home/airflow/.local/lib/python3.8/site-packages/airflow/example_dags/example_setup_teardown.py for tasks to queue
[2024-05-22T22:56:59.574+0000] {logging_mixin.py:188} INFO - [2024-05-22T22:56:59.573+0000] {dagbag.py:538} INFO - Filling up the DagBag from /home/airflow/.local/lib/python3.8/site-packages/airflow/example_dags/example_setup_teardown.py
[2024-05-22T22:56:59.581+0000] {processor.py:840} INFO - DAG(s) 'example_setup_teardown' retrieved from /home/airflow/.local/lib/python3.8/site-packages/airflow/example_dags/example_setup_teardown.py
[2024-05-22T22:56:59.605+0000] {logging_mixin.py:188} INFO - [2024-05-22T22:56:59.604+0000] {dag.py:3036} INFO - Sync 1 DAGs
[2024-05-22T22:56:59.630+0000] {logging_mixin.py:188} INFO - [2024-05-22T22:56:59.629+0000] {dag.py:3823} INFO - Setting next_dagrun for example_setup_teardown to 2024-05-21 00:00:00+00:00, run_after=2024-05-22 00:00:00+00:00
[2024-05-22T22:56:59.650+0000] {processor.py:183} INFO - Processing /home/airflow/.local/lib/python3.8/site-packages/airflow/example_dags/example_setup_teardown.py took 0.083 seconds
[2024-05-22T22:57:29.942+0000] {processor.py:161} INFO - Started process (PID=54592) to work on /home/airflow/.local/lib/python3.8/site-packages/airflow/example_dags/example_setup_teardown.py
[2024-05-22T22:57:29.943+0000] {processor.py:830} INFO - Processing file /home/airflow/.local/lib/python3.8/site-packages/airflow/example_dags/example_setup_teardown.py for tasks to queue
[2024-05-22T22:57:29.945+0000] {logging_mixin.py:188} INFO - [2024-05-22T22:57:29.944+0000] {dagbag.py:538} INFO - Filling up the DagBag from /home/airflow/.local/lib/python3.8/site-packages/airflow/example_dags/example_setup_teardown.py
[2024-05-22T22:57:29.951+0000] {processor.py:840} INFO - DAG(s) 'example_setup_teardown' retrieved from /home/airflow/.local/lib/python3.8/site-packages/airflow/example_dags/example_setup_teardown.py
[2024-05-22T22:57:29.971+0000] {logging_mixin.py:188} INFO - [2024-05-22T22:57:29.971+0000] {dag.py:3036} INFO - Sync 1 DAGs
[2024-05-22T22:57:29.998+0000] {logging_mixin.py:188} INFO - [2024-05-22T22:57:29.998+0000] {dag.py:3823} INFO - Setting next_dagrun for example_setup_teardown to 2024-05-21 00:00:00+00:00, run_after=2024-05-22 00:00:00+00:00
[2024-05-22T22:57:30.023+0000] {processor.py:183} INFO - Processing /home/airflow/.local/lib/python3.8/site-packages/airflow/example_dags/example_setup_teardown.py took 0.085 seconds
[2024-05-22T22:58:00.431+0000] {processor.py:161} INFO - Started process (PID=54649) to work on /home/airflow/.local/lib/python3.8/site-packages/airflow/example_dags/example_setup_teardown.py
[2024-05-22T22:58:00.432+0000] {processor.py:830} INFO - Processing file /home/airflow/.local/lib/python3.8/site-packages/airflow/example_dags/example_setup_teardown.py for tasks to queue
[2024-05-22T22:58:00.434+0000] {logging_mixin.py:188} INFO - [2024-05-22T22:58:00.433+0000] {dagbag.py:538} INFO - Filling up the DagBag from /home/airflow/.local/lib/python3.8/site-packages/airflow/example_dags/example_setup_teardown.py
[2024-05-22T22:58:00.440+0000] {processor.py:840} INFO - DAG(s) 'example_setup_teardown' retrieved from /home/airflow/.local/lib/python3.8/site-packages/airflow/example_dags/example_setup_teardown.py
[2024-05-22T22:58:00.462+0000] {logging_mixin.py:188} INFO - [2024-05-22T22:58:00.461+0000] {dag.py:3036} INFO - Sync 1 DAGs
[2024-05-22T22:58:00.483+0000] {logging_mixin.py:188} INFO - [2024-05-22T22:58:00.483+0000] {dag.py:3823} INFO - Setting next_dagrun for example_setup_teardown to 2024-05-21 00:00:00+00:00, run_after=2024-05-22 00:00:00+00:00
[2024-05-22T22:58:00.503+0000] {processor.py:183} INFO - Processing /home/airflow/.local/lib/python3.8/site-packages/airflow/example_dags/example_setup_teardown.py took 0.075 seconds
[2024-05-22T22:58:30.786+0000] {processor.py:161} INFO - Started process (PID=54706) to work on /home/airflow/.local/lib/python3.8/site-packages/airflow/example_dags/example_setup_teardown.py
[2024-05-22T22:58:30.787+0000] {processor.py:830} INFO - Processing file /home/airflow/.local/lib/python3.8/site-packages/airflow/example_dags/example_setup_teardown.py for tasks to queue
[2024-05-22T22:58:30.788+0000] {logging_mixin.py:188} INFO - [2024-05-22T22:58:30.788+0000] {dagbag.py:538} INFO - Filling up the DagBag from /home/airflow/.local/lib/python3.8/site-packages/airflow/example_dags/example_setup_teardown.py
[2024-05-22T22:58:30.794+0000] {processor.py:840} INFO - DAG(s) 'example_setup_teardown' retrieved from /home/airflow/.local/lib/python3.8/site-packages/airflow/example_dags/example_setup_teardown.py
[2024-05-22T22:58:30.815+0000] {logging_mixin.py:188} INFO - [2024-05-22T22:58:30.814+0000] {dag.py:3036} INFO - Sync 1 DAGs
[2024-05-22T22:58:30.845+0000] {logging_mixin.py:188} INFO - [2024-05-22T22:58:30.844+0000] {dag.py:3823} INFO - Setting next_dagrun for example_setup_teardown to 2024-05-21 00:00:00+00:00, run_after=2024-05-22 00:00:00+00:00
[2024-05-22T22:58:30.876+0000] {processor.py:183} INFO - Processing /home/airflow/.local/lib/python3.8/site-packages/airflow/example_dags/example_setup_teardown.py took 0.092 seconds
[2024-05-22T22:59:01.222+0000] {processor.py:161} INFO - Started process (PID=54763) to work on /home/airflow/.local/lib/python3.8/site-packages/airflow/example_dags/example_setup_teardown.py
[2024-05-22T22:59:01.223+0000] {processor.py:830} INFO - Processing file /home/airflow/.local/lib/python3.8/site-packages/airflow/example_dags/example_setup_teardown.py for tasks to queue
[2024-05-22T22:59:01.225+0000] {logging_mixin.py:188} INFO - [2024-05-22T22:59:01.224+0000] {dagbag.py:538} INFO - Filling up the DagBag from /home/airflow/.local/lib/python3.8/site-packages/airflow/example_dags/example_setup_teardown.py
[2024-05-22T22:59:01.231+0000] {processor.py:840} INFO - DAG(s) 'example_setup_teardown' retrieved from /home/airflow/.local/lib/python3.8/site-packages/airflow/example_dags/example_setup_teardown.py
[2024-05-22T22:59:01.256+0000] {logging_mixin.py:188} INFO - [2024-05-22T22:59:01.256+0000] {dag.py:3036} INFO - Sync 1 DAGs
[2024-05-22T22:59:01.281+0000] {logging_mixin.py:188} INFO - [2024-05-22T22:59:01.281+0000] {dag.py:3823} INFO - Setting next_dagrun for example_setup_teardown to 2024-05-21 00:00:00+00:00, run_after=2024-05-22 00:00:00+00:00
[2024-05-22T22:59:01.303+0000] {processor.py:183} INFO - Processing /home/airflow/.local/lib/python3.8/site-packages/airflow/example_dags/example_setup_teardown.py took 0.085 seconds
[2024-05-22T22:59:32.446+0000] {processor.py:161} INFO - Started process (PID=54820) to work on /home/airflow/.local/lib/python3.8/site-packages/airflow/example_dags/example_setup_teardown.py
[2024-05-22T22:59:32.447+0000] {processor.py:830} INFO - Processing file /home/airflow/.local/lib/python3.8/site-packages/airflow/example_dags/example_setup_teardown.py for tasks to queue
[2024-05-22T22:59:32.449+0000] {logging_mixin.py:188} INFO - [2024-05-22T22:59:32.448+0000] {dagbag.py:538} INFO - Filling up the DagBag from /home/airflow/.local/lib/python3.8/site-packages/airflow/example_dags/example_setup_teardown.py
[2024-05-22T22:59:32.454+0000] {processor.py:840} INFO - DAG(s) 'example_setup_teardown' retrieved from /home/airflow/.local/lib/python3.8/site-packages/airflow/example_dags/example_setup_teardown.py
[2024-05-22T22:59:32.475+0000] {logging_mixin.py:188} INFO - [2024-05-22T22:59:32.475+0000] {dag.py:3036} INFO - Sync 1 DAGs
[2024-05-22T22:59:32.499+0000] {logging_mixin.py:188} INFO - [2024-05-22T22:59:32.498+0000] {dag.py:3823} INFO - Setting next_dagrun for example_setup_teardown to 2024-05-21 00:00:00+00:00, run_after=2024-05-22 00:00:00+00:00
[2024-05-22T22:59:32.525+0000] {processor.py:183} INFO - Processing /home/airflow/.local/lib/python3.8/site-packages/airflow/example_dags/example_setup_teardown.py took 0.083 seconds
[2024-05-22T23:00:02.938+0000] {processor.py:161} INFO - Started process (PID=54877) to work on /home/airflow/.local/lib/python3.8/site-packages/airflow/example_dags/example_setup_teardown.py
[2024-05-22T23:00:02.939+0000] {processor.py:830} INFO - Processing file /home/airflow/.local/lib/python3.8/site-packages/airflow/example_dags/example_setup_teardown.py for tasks to queue
[2024-05-22T23:00:02.941+0000] {logging_mixin.py:188} INFO - [2024-05-22T23:00:02.940+0000] {dagbag.py:538} INFO - Filling up the DagBag from /home/airflow/.local/lib/python3.8/site-packages/airflow/example_dags/example_setup_teardown.py
[2024-05-22T23:00:02.949+0000] {processor.py:840} INFO - DAG(s) 'example_setup_teardown' retrieved from /home/airflow/.local/lib/python3.8/site-packages/airflow/example_dags/example_setup_teardown.py
[2024-05-22T23:00:02.970+0000] {logging_mixin.py:188} INFO - [2024-05-22T23:00:02.970+0000] {dag.py:3036} INFO - Sync 1 DAGs
[2024-05-22T23:00:02.991+0000] {logging_mixin.py:188} INFO - [2024-05-22T23:00:02.991+0000] {dag.py:3823} INFO - Setting next_dagrun for example_setup_teardown to 2024-05-21 00:00:00+00:00, run_after=2024-05-22 00:00:00+00:00
[2024-05-22T23:00:03.023+0000] {processor.py:183} INFO - Processing /home/airflow/.local/lib/python3.8/site-packages/airflow/example_dags/example_setup_teardown.py took 0.089 seconds
[2024-05-22T23:00:33.758+0000] {processor.py:161} INFO - Started process (PID=54934) to work on /home/airflow/.local/lib/python3.8/site-packages/airflow/example_dags/example_setup_teardown.py
[2024-05-22T23:00:33.759+0000] {processor.py:830} INFO - Processing file /home/airflow/.local/lib/python3.8/site-packages/airflow/example_dags/example_setup_teardown.py for tasks to queue
[2024-05-22T23:00:33.761+0000] {logging_mixin.py:188} INFO - [2024-05-22T23:00:33.761+0000] {dagbag.py:538} INFO - Filling up the DagBag from /home/airflow/.local/lib/python3.8/site-packages/airflow/example_dags/example_setup_teardown.py
[2024-05-22T23:00:33.767+0000] {processor.py:840} INFO - DAG(s) 'example_setup_teardown' retrieved from /home/airflow/.local/lib/python3.8/site-packages/airflow/example_dags/example_setup_teardown.py
[2024-05-22T23:00:33.788+0000] {logging_mixin.py:188} INFO - [2024-05-22T23:00:33.788+0000] {dag.py:3036} INFO - Sync 1 DAGs
[2024-05-22T23:00:33.810+0000] {logging_mixin.py:188} INFO - [2024-05-22T23:00:33.810+0000] {dag.py:3823} INFO - Setting next_dagrun for example_setup_teardown to 2024-05-21 00:00:00+00:00, run_after=2024-05-22 00:00:00+00:00
[2024-05-22T23:00:33.831+0000] {processor.py:183} INFO - Processing /home/airflow/.local/lib/python3.8/site-packages/airflow/example_dags/example_setup_teardown.py took 0.075 seconds
[2024-05-22T23:01:04.775+0000] {processor.py:161} INFO - Started process (PID=54991) to work on /home/airflow/.local/lib/python3.8/site-packages/airflow/example_dags/example_setup_teardown.py
[2024-05-22T23:01:04.776+0000] {processor.py:830} INFO - Processing file /home/airflow/.local/lib/python3.8/site-packages/airflow/example_dags/example_setup_teardown.py for tasks to queue
[2024-05-22T23:01:04.778+0000] {logging_mixin.py:188} INFO - [2024-05-22T23:01:04.778+0000] {dagbag.py:538} INFO - Filling up the DagBag from /home/airflow/.local/lib/python3.8/site-packages/airflow/example_dags/example_setup_teardown.py
[2024-05-22T23:01:04.785+0000] {processor.py:840} INFO - DAG(s) 'example_setup_teardown' retrieved from /home/airflow/.local/lib/python3.8/site-packages/airflow/example_dags/example_setup_teardown.py
[2024-05-22T23:01:04.807+0000] {logging_mixin.py:188} INFO - [2024-05-22T23:01:04.807+0000] {dag.py:3036} INFO - Sync 1 DAGs
[2024-05-22T23:01:04.830+0000] {logging_mixin.py:188} INFO - [2024-05-22T23:01:04.830+0000] {dag.py:3823} INFO - Setting next_dagrun for example_setup_teardown to 2024-05-21 00:00:00+00:00, run_after=2024-05-22 00:00:00+00:00
[2024-05-22T23:01:04.850+0000] {processor.py:183} INFO - Processing /home/airflow/.local/lib/python3.8/site-packages/airflow/example_dags/example_setup_teardown.py took 0.079 seconds
[2024-05-22T23:01:35.264+0000] {processor.py:161} INFO - Started process (PID=55048) to work on /home/airflow/.local/lib/python3.8/site-packages/airflow/example_dags/example_setup_teardown.py
[2024-05-22T23:01:35.265+0000] {processor.py:830} INFO - Processing file /home/airflow/.local/lib/python3.8/site-packages/airflow/example_dags/example_setup_teardown.py for tasks to queue
[2024-05-22T23:01:35.267+0000] {logging_mixin.py:188} INFO - [2024-05-22T23:01:35.266+0000] {dagbag.py:538} INFO - Filling up the DagBag from /home/airflow/.local/lib/python3.8/site-packages/airflow/example_dags/example_setup_teardown.py
[2024-05-22T23:01:35.273+0000] {processor.py:840} INFO - DAG(s) 'example_setup_teardown' retrieved from /home/airflow/.local/lib/python3.8/site-packages/airflow/example_dags/example_setup_teardown.py
[2024-05-22T23:01:35.294+0000] {logging_mixin.py:188} INFO - [2024-05-22T23:01:35.293+0000] {dag.py:3036} INFO - Sync 1 DAGs
[2024-05-22T23:01:35.317+0000] {logging_mixin.py:188} INFO - [2024-05-22T23:01:35.317+0000] {dag.py:3823} INFO - Setting next_dagrun for example_setup_teardown to 2024-05-21 00:00:00+00:00, run_after=2024-05-22 00:00:00+00:00
[2024-05-22T23:01:35.337+0000] {processor.py:183} INFO - Processing /home/airflow/.local/lib/python3.8/site-packages/airflow/example_dags/example_setup_teardown.py took 0.077 seconds
[2024-05-22T23:02:05.447+0000] {processor.py:161} INFO - Started process (PID=55105) to work on /home/airflow/.local/lib/python3.8/site-packages/airflow/example_dags/example_setup_teardown.py
[2024-05-22T23:02:05.448+0000] {processor.py:830} INFO - Processing file /home/airflow/.local/lib/python3.8/site-packages/airflow/example_dags/example_setup_teardown.py for tasks to queue
[2024-05-22T23:02:05.449+0000] {logging_mixin.py:188} INFO - [2024-05-22T23:02:05.449+0000] {dagbag.py:538} INFO - Filling up the DagBag from /home/airflow/.local/lib/python3.8/site-packages/airflow/example_dags/example_setup_teardown.py
[2024-05-22T23:02:05.455+0000] {processor.py:840} INFO - DAG(s) 'example_setup_teardown' retrieved from /home/airflow/.local/lib/python3.8/site-packages/airflow/example_dags/example_setup_teardown.py
[2024-05-22T23:02:05.477+0000] {logging_mixin.py:188} INFO - [2024-05-22T23:02:05.477+0000] {dag.py:3036} INFO - Sync 1 DAGs
[2024-05-22T23:02:05.500+0000] {logging_mixin.py:188} INFO - [2024-05-22T23:02:05.500+0000] {dag.py:3823} INFO - Setting next_dagrun for example_setup_teardown to 2024-05-21 00:00:00+00:00, run_after=2024-05-22 00:00:00+00:00
[2024-05-22T23:02:05.530+0000] {processor.py:183} INFO - Processing /home/airflow/.local/lib/python3.8/site-packages/airflow/example_dags/example_setup_teardown.py took 0.086 seconds
[2024-05-22T23:02:35.588+0000] {processor.py:161} INFO - Started process (PID=55161) to work on /home/airflow/.local/lib/python3.8/site-packages/airflow/example_dags/example_setup_teardown.py
[2024-05-22T23:02:35.589+0000] {processor.py:830} INFO - Processing file /home/airflow/.local/lib/python3.8/site-packages/airflow/example_dags/example_setup_teardown.py for tasks to queue
[2024-05-22T23:02:35.591+0000] {logging_mixin.py:188} INFO - [2024-05-22T23:02:35.590+0000] {dagbag.py:538} INFO - Filling up the DagBag from /home/airflow/.local/lib/python3.8/site-packages/airflow/example_dags/example_setup_teardown.py
[2024-05-22T23:02:35.598+0000] {processor.py:840} INFO - DAG(s) 'example_setup_teardown' retrieved from /home/airflow/.local/lib/python3.8/site-packages/airflow/example_dags/example_setup_teardown.py
[2024-05-22T23:02:35.620+0000] {logging_mixin.py:188} INFO - [2024-05-22T23:02:35.620+0000] {dag.py:3036} INFO - Sync 1 DAGs
[2024-05-22T23:02:35.645+0000] {logging_mixin.py:188} INFO - [2024-05-22T23:02:35.644+0000] {dag.py:3823} INFO - Setting next_dagrun for example_setup_teardown to 2024-05-21 00:00:00+00:00, run_after=2024-05-22 00:00:00+00:00
[2024-05-22T23:02:35.676+0000] {processor.py:183} INFO - Processing /home/airflow/.local/lib/python3.8/site-packages/airflow/example_dags/example_setup_teardown.py took 0.091 seconds
[2024-05-22T23:03:05.720+0000] {processor.py:161} INFO - Started process (PID=55218) to work on /home/airflow/.local/lib/python3.8/site-packages/airflow/example_dags/example_setup_teardown.py
[2024-05-22T23:03:05.721+0000] {processor.py:830} INFO - Processing file /home/airflow/.local/lib/python3.8/site-packages/airflow/example_dags/example_setup_teardown.py for tasks to queue
[2024-05-22T23:03:05.723+0000] {logging_mixin.py:188} INFO - [2024-05-22T23:03:05.723+0000] {dagbag.py:538} INFO - Filling up the DagBag from /home/airflow/.local/lib/python3.8/site-packages/airflow/example_dags/example_setup_teardown.py
[2024-05-22T23:03:05.730+0000] {processor.py:840} INFO - DAG(s) 'example_setup_teardown' retrieved from /home/airflow/.local/lib/python3.8/site-packages/airflow/example_dags/example_setup_teardown.py
[2024-05-22T23:03:05.755+0000] {logging_mixin.py:188} INFO - [2024-05-22T23:03:05.755+0000] {dag.py:3036} INFO - Sync 1 DAGs
[2024-05-22T23:03:05.779+0000] {logging_mixin.py:188} INFO - [2024-05-22T23:03:05.779+0000] {dag.py:3823} INFO - Setting next_dagrun for example_setup_teardown to 2024-05-21 00:00:00+00:00, run_after=2024-05-22 00:00:00+00:00
[2024-05-22T23:03:05.809+0000] {processor.py:183} INFO - Processing /home/airflow/.local/lib/python3.8/site-packages/airflow/example_dags/example_setup_teardown.py took 0.091 seconds
[2024-05-22T23:03:36.463+0000] {processor.py:161} INFO - Started process (PID=55275) to work on /home/airflow/.local/lib/python3.8/site-packages/airflow/example_dags/example_setup_teardown.py
[2024-05-22T23:03:36.464+0000] {processor.py:830} INFO - Processing file /home/airflow/.local/lib/python3.8/site-packages/airflow/example_dags/example_setup_teardown.py for tasks to queue
[2024-05-22T23:03:36.465+0000] {logging_mixin.py:188} INFO - [2024-05-22T23:03:36.465+0000] {dagbag.py:538} INFO - Filling up the DagBag from /home/airflow/.local/lib/python3.8/site-packages/airflow/example_dags/example_setup_teardown.py
[2024-05-22T23:03:36.473+0000] {processor.py:840} INFO - DAG(s) 'example_setup_teardown' retrieved from /home/airflow/.local/lib/python3.8/site-packages/airflow/example_dags/example_setup_teardown.py
[2024-05-22T23:03:36.493+0000] {logging_mixin.py:188} INFO - [2024-05-22T23:03:36.492+0000] {dag.py:3036} INFO - Sync 1 DAGs
[2024-05-22T23:03:36.516+0000] {logging_mixin.py:188} INFO - [2024-05-22T23:03:36.516+0000] {dag.py:3823} INFO - Setting next_dagrun for example_setup_teardown to 2024-05-21 00:00:00+00:00, run_after=2024-05-22 00:00:00+00:00
[2024-05-22T23:03:36.536+0000] {processor.py:183} INFO - Processing /home/airflow/.local/lib/python3.8/site-packages/airflow/example_dags/example_setup_teardown.py took 0.076 seconds
[2024-05-22T23:04:07.071+0000] {processor.py:161} INFO - Started process (PID=55333) to work on /home/airflow/.local/lib/python3.8/site-packages/airflow/example_dags/example_setup_teardown.py
[2024-05-22T23:04:07.072+0000] {processor.py:830} INFO - Processing file /home/airflow/.local/lib/python3.8/site-packages/airflow/example_dags/example_setup_teardown.py for tasks to queue
[2024-05-22T23:04:07.075+0000] {logging_mixin.py:188} INFO - [2024-05-22T23:04:07.074+0000] {dagbag.py:538} INFO - Filling up the DagBag from /home/airflow/.local/lib/python3.8/site-packages/airflow/example_dags/example_setup_teardown.py
[2024-05-22T23:04:07.083+0000] {processor.py:840} INFO - DAG(s) 'example_setup_teardown' retrieved from /home/airflow/.local/lib/python3.8/site-packages/airflow/example_dags/example_setup_teardown.py
[2024-05-22T23:04:07.115+0000] {logging_mixin.py:188} INFO - [2024-05-22T23:04:07.115+0000] {dag.py:3036} INFO - Sync 1 DAGs
[2024-05-22T23:04:07.147+0000] {logging_mixin.py:188} INFO - [2024-05-22T23:04:07.147+0000] {dag.py:3823} INFO - Setting next_dagrun for example_setup_teardown to 2024-05-21 00:00:00+00:00, run_after=2024-05-22 00:00:00+00:00
[2024-05-22T23:04:07.177+0000] {processor.py:183} INFO - Processing /home/airflow/.local/lib/python3.8/site-packages/airflow/example_dags/example_setup_teardown.py took 0.109 seconds
[2024-05-22T23:04:37.605+0000] {processor.py:161} INFO - Started process (PID=55390) to work on /home/airflow/.local/lib/python3.8/site-packages/airflow/example_dags/example_setup_teardown.py
[2024-05-22T23:04:37.606+0000] {processor.py:830} INFO - Processing file /home/airflow/.local/lib/python3.8/site-packages/airflow/example_dags/example_setup_teardown.py for tasks to queue
[2024-05-22T23:04:37.608+0000] {logging_mixin.py:188} INFO - [2024-05-22T23:04:37.608+0000] {dagbag.py:538} INFO - Filling up the DagBag from /home/airflow/.local/lib/python3.8/site-packages/airflow/example_dags/example_setup_teardown.py
[2024-05-22T23:04:37.615+0000] {processor.py:840} INFO - DAG(s) 'example_setup_teardown' retrieved from /home/airflow/.local/lib/python3.8/site-packages/airflow/example_dags/example_setup_teardown.py
[2024-05-22T23:04:37.638+0000] {logging_mixin.py:188} INFO - [2024-05-22T23:04:37.638+0000] {dag.py:3036} INFO - Sync 1 DAGs
[2024-05-22T23:04:37.662+0000] {logging_mixin.py:188} INFO - [2024-05-22T23:04:37.662+0000] {dag.py:3823} INFO - Setting next_dagrun for example_setup_teardown to 2024-05-21 00:00:00+00:00, run_after=2024-05-22 00:00:00+00:00
[2024-05-22T23:04:37.682+0000] {processor.py:183} INFO - Processing /home/airflow/.local/lib/python3.8/site-packages/airflow/example_dags/example_setup_teardown.py took 0.081 seconds
[2024-05-22T23:05:08.213+0000] {processor.py:161} INFO - Started process (PID=55447) to work on /home/airflow/.local/lib/python3.8/site-packages/airflow/example_dags/example_setup_teardown.py
[2024-05-22T23:05:08.214+0000] {processor.py:830} INFO - Processing file /home/airflow/.local/lib/python3.8/site-packages/airflow/example_dags/example_setup_teardown.py for tasks to queue
[2024-05-22T23:05:08.216+0000] {logging_mixin.py:188} INFO - [2024-05-22T23:05:08.215+0000] {dagbag.py:538} INFO - Filling up the DagBag from /home/airflow/.local/lib/python3.8/site-packages/airflow/example_dags/example_setup_teardown.py
[2024-05-22T23:05:08.223+0000] {processor.py:840} INFO - DAG(s) 'example_setup_teardown' retrieved from /home/airflow/.local/lib/python3.8/site-packages/airflow/example_dags/example_setup_teardown.py
[2024-05-22T23:05:08.249+0000] {logging_mixin.py:188} INFO - [2024-05-22T23:05:08.249+0000] {dag.py:3036} INFO - Sync 1 DAGs
[2024-05-22T23:05:08.276+0000] {logging_mixin.py:188} INFO - [2024-05-22T23:05:08.276+0000] {dag.py:3823} INFO - Setting next_dagrun for example_setup_teardown to 2024-05-21 00:00:00+00:00, run_after=2024-05-22 00:00:00+00:00
[2024-05-22T23:05:08.310+0000] {processor.py:183} INFO - Processing /home/airflow/.local/lib/python3.8/site-packages/airflow/example_dags/example_setup_teardown.py took 0.103 seconds
[2024-05-22T23:05:38.396+0000] {processor.py:161} INFO - Started process (PID=55504) to work on /home/airflow/.local/lib/python3.8/site-packages/airflow/example_dags/example_setup_teardown.py
[2024-05-22T23:05:38.397+0000] {processor.py:830} INFO - Processing file /home/airflow/.local/lib/python3.8/site-packages/airflow/example_dags/example_setup_teardown.py for tasks to queue
[2024-05-22T23:05:38.399+0000] {logging_mixin.py:188} INFO - [2024-05-22T23:05:38.399+0000] {dagbag.py:538} INFO - Filling up the DagBag from /home/airflow/.local/lib/python3.8/site-packages/airflow/example_dags/example_setup_teardown.py
[2024-05-22T23:05:38.406+0000] {processor.py:840} INFO - DAG(s) 'example_setup_teardown' retrieved from /home/airflow/.local/lib/python3.8/site-packages/airflow/example_dags/example_setup_teardown.py
[2024-05-22T23:05:38.431+0000] {logging_mixin.py:188} INFO - [2024-05-22T23:05:38.430+0000] {dag.py:3036} INFO - Sync 1 DAGs
[2024-05-22T23:05:38.456+0000] {logging_mixin.py:188} INFO - [2024-05-22T23:05:38.456+0000] {dag.py:3823} INFO - Setting next_dagrun for example_setup_teardown to 2024-05-21 00:00:00+00:00, run_after=2024-05-22 00:00:00+00:00
[2024-05-22T23:05:38.479+0000] {processor.py:183} INFO - Processing /home/airflow/.local/lib/python3.8/site-packages/airflow/example_dags/example_setup_teardown.py took 0.085 seconds
[2024-05-22T23:06:09.024+0000] {processor.py:161} INFO - Started process (PID=55561) to work on /home/airflow/.local/lib/python3.8/site-packages/airflow/example_dags/example_setup_teardown.py
[2024-05-22T23:06:09.025+0000] {processor.py:830} INFO - Processing file /home/airflow/.local/lib/python3.8/site-packages/airflow/example_dags/example_setup_teardown.py for tasks to queue
[2024-05-22T23:06:09.028+0000] {logging_mixin.py:188} INFO - [2024-05-22T23:06:09.027+0000] {dagbag.py:538} INFO - Filling up the DagBag from /home/airflow/.local/lib/python3.8/site-packages/airflow/example_dags/example_setup_teardown.py
[2024-05-22T23:06:09.035+0000] {processor.py:840} INFO - DAG(s) 'example_setup_teardown' retrieved from /home/airflow/.local/lib/python3.8/site-packages/airflow/example_dags/example_setup_teardown.py
[2024-05-22T23:06:09.059+0000] {logging_mixin.py:188} INFO - [2024-05-22T23:06:09.058+0000] {dag.py:3036} INFO - Sync 1 DAGs
[2024-05-22T23:06:09.087+0000] {logging_mixin.py:188} INFO - [2024-05-22T23:06:09.086+0000] {dag.py:3823} INFO - Setting next_dagrun for example_setup_teardown to 2024-05-21 00:00:00+00:00, run_after=2024-05-22 00:00:00+00:00
[2024-05-22T23:06:09.123+0000] {processor.py:183} INFO - Processing /home/airflow/.local/lib/python3.8/site-packages/airflow/example_dags/example_setup_teardown.py took 0.102 seconds
[2024-05-22T23:06:39.769+0000] {processor.py:161} INFO - Started process (PID=55618) to work on /home/airflow/.local/lib/python3.8/site-packages/airflow/example_dags/example_setup_teardown.py
[2024-05-22T23:06:39.771+0000] {processor.py:830} INFO - Processing file /home/airflow/.local/lib/python3.8/site-packages/airflow/example_dags/example_setup_teardown.py for tasks to queue
[2024-05-22T23:06:39.773+0000] {logging_mixin.py:188} INFO - [2024-05-22T23:06:39.772+0000] {dagbag.py:538} INFO - Filling up the DagBag from /home/airflow/.local/lib/python3.8/site-packages/airflow/example_dags/example_setup_teardown.py
[2024-05-22T23:06:39.780+0000] {processor.py:840} INFO - DAG(s) 'example_setup_teardown' retrieved from /home/airflow/.local/lib/python3.8/site-packages/airflow/example_dags/example_setup_teardown.py
[2024-05-22T23:06:39.807+0000] {logging_mixin.py:188} INFO - [2024-05-22T23:06:39.807+0000] {dag.py:3036} INFO - Sync 1 DAGs
[2024-05-22T23:06:39.830+0000] {logging_mixin.py:188} INFO - [2024-05-22T23:06:39.830+0000] {dag.py:3823} INFO - Setting next_dagrun for example_setup_teardown to 2024-05-21 00:00:00+00:00, run_after=2024-05-22 00:00:00+00:00
[2024-05-22T23:06:39.852+0000] {processor.py:183} INFO - Processing /home/airflow/.local/lib/python3.8/site-packages/airflow/example_dags/example_setup_teardown.py took 0.086 seconds
[2024-05-22T23:07:10.003+0000] {processor.py:161} INFO - Started process (PID=55675) to work on /home/airflow/.local/lib/python3.8/site-packages/airflow/example_dags/example_setup_teardown.py
[2024-05-22T23:07:10.004+0000] {processor.py:830} INFO - Processing file /home/airflow/.local/lib/python3.8/site-packages/airflow/example_dags/example_setup_teardown.py for tasks to queue
[2024-05-22T23:07:10.006+0000] {logging_mixin.py:188} INFO - [2024-05-22T23:07:10.006+0000] {dagbag.py:538} INFO - Filling up the DagBag from /home/airflow/.local/lib/python3.8/site-packages/airflow/example_dags/example_setup_teardown.py
[2024-05-22T23:07:10.013+0000] {processor.py:840} INFO - DAG(s) 'example_setup_teardown' retrieved from /home/airflow/.local/lib/python3.8/site-packages/airflow/example_dags/example_setup_teardown.py
[2024-05-22T23:07:10.038+0000] {logging_mixin.py:188} INFO - [2024-05-22T23:07:10.038+0000] {dag.py:3036} INFO - Sync 1 DAGs
[2024-05-22T23:07:10.071+0000] {logging_mixin.py:188} INFO - [2024-05-22T23:07:10.071+0000] {dag.py:3823} INFO - Setting next_dagrun for example_setup_teardown to 2024-05-21 00:00:00+00:00, run_after=2024-05-22 00:00:00+00:00
[2024-05-22T23:07:10.100+0000] {processor.py:183} INFO - Processing /home/airflow/.local/lib/python3.8/site-packages/airflow/example_dags/example_setup_teardown.py took 0.100 seconds
[2024-05-22T23:07:40.188+0000] {processor.py:161} INFO - Started process (PID=55732) to work on /home/airflow/.local/lib/python3.8/site-packages/airflow/example_dags/example_setup_teardown.py
[2024-05-22T23:07:40.189+0000] {processor.py:830} INFO - Processing file /home/airflow/.local/lib/python3.8/site-packages/airflow/example_dags/example_setup_teardown.py for tasks to queue
[2024-05-22T23:07:40.191+0000] {logging_mixin.py:188} INFO - [2024-05-22T23:07:40.191+0000] {dagbag.py:538} INFO - Filling up the DagBag from /home/airflow/.local/lib/python3.8/site-packages/airflow/example_dags/example_setup_teardown.py
[2024-05-22T23:07:40.197+0000] {processor.py:840} INFO - DAG(s) 'example_setup_teardown' retrieved from /home/airflow/.local/lib/python3.8/site-packages/airflow/example_dags/example_setup_teardown.py
[2024-05-22T23:07:40.221+0000] {logging_mixin.py:188} INFO - [2024-05-22T23:07:40.220+0000] {dag.py:3036} INFO - Sync 1 DAGs
[2024-05-22T23:07:40.249+0000] {logging_mixin.py:188} INFO - [2024-05-22T23:07:40.248+0000] {dag.py:3823} INFO - Setting next_dagrun for example_setup_teardown to 2024-05-21 00:00:00+00:00, run_after=2024-05-22 00:00:00+00:00
[2024-05-22T23:07:40.270+0000] {processor.py:183} INFO - Processing /home/airflow/.local/lib/python3.8/site-packages/airflow/example_dags/example_setup_teardown.py took 0.086 seconds
[2024-05-22T23:08:10.780+0000] {processor.py:161} INFO - Started process (PID=55789) to work on /home/airflow/.local/lib/python3.8/site-packages/airflow/example_dags/example_setup_teardown.py
[2024-05-22T23:08:10.781+0000] {processor.py:830} INFO - Processing file /home/airflow/.local/lib/python3.8/site-packages/airflow/example_dags/example_setup_teardown.py for tasks to queue
[2024-05-22T23:08:10.783+0000] {logging_mixin.py:188} INFO - [2024-05-22T23:08:10.783+0000] {dagbag.py:538} INFO - Filling up the DagBag from /home/airflow/.local/lib/python3.8/site-packages/airflow/example_dags/example_setup_teardown.py
[2024-05-22T23:08:10.789+0000] {processor.py:840} INFO - DAG(s) 'example_setup_teardown' retrieved from /home/airflow/.local/lib/python3.8/site-packages/airflow/example_dags/example_setup_teardown.py
[2024-05-22T23:08:10.809+0000] {logging_mixin.py:188} INFO - [2024-05-22T23:08:10.809+0000] {dag.py:3036} INFO - Sync 1 DAGs
[2024-05-22T23:08:10.831+0000] {logging_mixin.py:188} INFO - [2024-05-22T23:08:10.831+0000] {dag.py:3823} INFO - Setting next_dagrun for example_setup_teardown to 2024-05-21 00:00:00+00:00, run_after=2024-05-22 00:00:00+00:00
[2024-05-22T23:08:10.853+0000] {processor.py:183} INFO - Processing /home/airflow/.local/lib/python3.8/site-packages/airflow/example_dags/example_setup_teardown.py took 0.075 seconds
[2024-05-22T23:08:41.604+0000] {processor.py:161} INFO - Started process (PID=55846) to work on /home/airflow/.local/lib/python3.8/site-packages/airflow/example_dags/example_setup_teardown.py
[2024-05-22T23:08:41.605+0000] {processor.py:830} INFO - Processing file /home/airflow/.local/lib/python3.8/site-packages/airflow/example_dags/example_setup_teardown.py for tasks to queue
[2024-05-22T23:08:41.607+0000] {logging_mixin.py:188} INFO - [2024-05-22T23:08:41.606+0000] {dagbag.py:538} INFO - Filling up the DagBag from /home/airflow/.local/lib/python3.8/site-packages/airflow/example_dags/example_setup_teardown.py
[2024-05-22T23:08:41.614+0000] {processor.py:840} INFO - DAG(s) 'example_setup_teardown' retrieved from /home/airflow/.local/lib/python3.8/site-packages/airflow/example_dags/example_setup_teardown.py
[2024-05-22T23:08:41.638+0000] {logging_mixin.py:188} INFO - [2024-05-22T23:08:41.638+0000] {dag.py:3036} INFO - Sync 1 DAGs
[2024-05-22T23:08:41.677+0000] {logging_mixin.py:188} INFO - [2024-05-22T23:08:41.676+0000] {dag.py:3823} INFO - Setting next_dagrun for example_setup_teardown to 2024-05-21 00:00:00+00:00, run_after=2024-05-22 00:00:00+00:00
[2024-05-22T23:08:41.705+0000] {processor.py:183} INFO - Processing /home/airflow/.local/lib/python3.8/site-packages/airflow/example_dags/example_setup_teardown.py took 0.105 seconds
[2024-05-22T23:09:12.479+0000] {processor.py:161} INFO - Started process (PID=55903) to work on /home/airflow/.local/lib/python3.8/site-packages/airflow/example_dags/example_setup_teardown.py
[2024-05-22T23:09:12.481+0000] {processor.py:830} INFO - Processing file /home/airflow/.local/lib/python3.8/site-packages/airflow/example_dags/example_setup_teardown.py for tasks to queue
[2024-05-22T23:09:12.482+0000] {logging_mixin.py:188} INFO - [2024-05-22T23:09:12.482+0000] {dagbag.py:538} INFO - Filling up the DagBag from /home/airflow/.local/lib/python3.8/site-packages/airflow/example_dags/example_setup_teardown.py
[2024-05-22T23:09:12.488+0000] {processor.py:840} INFO - DAG(s) 'example_setup_teardown' retrieved from /home/airflow/.local/lib/python3.8/site-packages/airflow/example_dags/example_setup_teardown.py
[2024-05-22T23:09:12.508+0000] {logging_mixin.py:188} INFO - [2024-05-22T23:09:12.508+0000] {dag.py:3036} INFO - Sync 1 DAGs
[2024-05-22T23:09:12.530+0000] {logging_mixin.py:188} INFO - [2024-05-22T23:09:12.529+0000] {dag.py:3823} INFO - Setting next_dagrun for example_setup_teardown to 2024-05-21 00:00:00+00:00, run_after=2024-05-22 00:00:00+00:00
[2024-05-22T23:09:12.549+0000] {processor.py:183} INFO - Processing /home/airflow/.local/lib/python3.8/site-packages/airflow/example_dags/example_setup_teardown.py took 0.072 seconds
[2024-05-22T23:09:42.890+0000] {processor.py:161} INFO - Started process (PID=55960) to work on /home/airflow/.local/lib/python3.8/site-packages/airflow/example_dags/example_setup_teardown.py
[2024-05-22T23:09:42.891+0000] {processor.py:830} INFO - Processing file /home/airflow/.local/lib/python3.8/site-packages/airflow/example_dags/example_setup_teardown.py for tasks to queue
[2024-05-22T23:09:42.894+0000] {logging_mixin.py:188} INFO - [2024-05-22T23:09:42.893+0000] {dagbag.py:538} INFO - Filling up the DagBag from /home/airflow/.local/lib/python3.8/site-packages/airflow/example_dags/example_setup_teardown.py
[2024-05-22T23:09:42.900+0000] {processor.py:840} INFO - DAG(s) 'example_setup_teardown' retrieved from /home/airflow/.local/lib/python3.8/site-packages/airflow/example_dags/example_setup_teardown.py
[2024-05-22T23:09:42.921+0000] {logging_mixin.py:188} INFO - [2024-05-22T23:09:42.920+0000] {dag.py:3036} INFO - Sync 1 DAGs
[2024-05-22T23:09:42.944+0000] {logging_mixin.py:188} INFO - [2024-05-22T23:09:42.943+0000] {dag.py:3823} INFO - Setting next_dagrun for example_setup_teardown to 2024-05-21 00:00:00+00:00, run_after=2024-05-22 00:00:00+00:00
[2024-05-22T23:09:42.966+0000] {processor.py:183} INFO - Processing /home/airflow/.local/lib/python3.8/site-packages/airflow/example_dags/example_setup_teardown.py took 0.078 seconds
[2024-05-22T23:10:13.203+0000] {processor.py:161} INFO - Started process (PID=56023) to work on /home/airflow/.local/lib/python3.8/site-packages/airflow/example_dags/example_setup_teardown.py
[2024-05-22T23:10:13.204+0000] {processor.py:830} INFO - Processing file /home/airflow/.local/lib/python3.8/site-packages/airflow/example_dags/example_setup_teardown.py for tasks to queue
[2024-05-22T23:10:13.206+0000] {logging_mixin.py:188} INFO - [2024-05-22T23:10:13.206+0000] {dagbag.py:538} INFO - Filling up the DagBag from /home/airflow/.local/lib/python3.8/site-packages/airflow/example_dags/example_setup_teardown.py
[2024-05-22T23:10:13.213+0000] {processor.py:840} INFO - DAG(s) 'example_setup_teardown' retrieved from /home/airflow/.local/lib/python3.8/site-packages/airflow/example_dags/example_setup_teardown.py
[2024-05-22T23:10:13.233+0000] {logging_mixin.py:188} INFO - [2024-05-22T23:10:13.233+0000] {dag.py:3036} INFO - Sync 1 DAGs
[2024-05-22T23:10:13.255+0000] {logging_mixin.py:188} INFO - [2024-05-22T23:10:13.254+0000] {dag.py:3823} INFO - Setting next_dagrun for example_setup_teardown to 2024-05-21 00:00:00+00:00, run_after=2024-05-22 00:00:00+00:00
[2024-05-22T23:10:13.275+0000] {processor.py:183} INFO - Processing /home/airflow/.local/lib/python3.8/site-packages/airflow/example_dags/example_setup_teardown.py took 0.074 seconds
