[2024-05-22T22:36:39.569+0000] {processor.py:161} INFO - Started process (PID=52234) to work on /home/airflow/.local/lib/python3.8/site-packages/airflow/example_dags/example_short_circuit_decorator.py
[2024-05-22T22:36:39.570+0000] {processor.py:830} INFO - Processing file /home/airflow/.local/lib/python3.8/site-packages/airflow/example_dags/example_short_circuit_decorator.py for tasks to queue
[2024-05-22T22:36:39.576+0000] {logging_mixin.py:188} INFO - [2024-05-22T22:36:39.573+0000] {dagbag.py:538} INFO - Filling up the DagBag from /home/airflow/.local/lib/python3.8/site-packages/airflow/example_dags/example_short_circuit_decorator.py
[2024-05-22T22:36:39.618+0000] {processor.py:840} INFO - DAG(s) 'example_short_circuit_decorator' retrieved from /home/airflow/.local/lib/python3.8/site-packages/airflow/example_dags/example_short_circuit_decorator.py
[2024-05-22T22:36:39.701+0000] {logging_mixin.py:188} INFO - [2024-05-22T22:36:39.700+0000] {dag.py:3036} INFO - Sync 1 DAGs
[2024-05-22T22:36:39.766+0000] {logging_mixin.py:188} INFO - [2024-05-22T22:36:39.766+0000] {dag.py:3823} INFO - Setting next_dagrun for example_short_circuit_decorator to 2024-05-21 00:00:00+00:00, run_after=2024-05-22 00:00:00+00:00
[2024-05-22T22:36:39.832+0000] {processor.py:183} INFO - Processing /home/airflow/.local/lib/python3.8/site-packages/airflow/example_dags/example_short_circuit_decorator.py took 0.290 seconds
[2024-05-22T22:37:09.932+0000] {processor.py:161} INFO - Started process (PID=52297) to work on /home/airflow/.local/lib/python3.8/site-packages/airflow/example_dags/example_short_circuit_decorator.py
[2024-05-22T22:37:09.933+0000] {processor.py:830} INFO - Processing file /home/airflow/.local/lib/python3.8/site-packages/airflow/example_dags/example_short_circuit_decorator.py for tasks to queue
[2024-05-22T22:37:09.934+0000] {logging_mixin.py:188} INFO - [2024-05-22T22:37:09.934+0000] {dagbag.py:538} INFO - Filling up the DagBag from /home/airflow/.local/lib/python3.8/site-packages/airflow/example_dags/example_short_circuit_decorator.py
[2024-05-22T22:37:09.944+0000] {processor.py:840} INFO - DAG(s) 'example_short_circuit_decorator' retrieved from /home/airflow/.local/lib/python3.8/site-packages/airflow/example_dags/example_short_circuit_decorator.py
[2024-05-22T22:37:09.969+0000] {logging_mixin.py:188} INFO - [2024-05-22T22:37:09.968+0000] {dag.py:3036} INFO - Sync 1 DAGs
[2024-05-22T22:37:09.993+0000] {logging_mixin.py:188} INFO - [2024-05-22T22:37:09.992+0000] {dag.py:3823} INFO - Setting next_dagrun for example_short_circuit_decorator to 2024-05-21 00:00:00+00:00, run_after=2024-05-22 00:00:00+00:00
[2024-05-22T22:37:10.018+0000] {processor.py:183} INFO - Processing /home/airflow/.local/lib/python3.8/site-packages/airflow/example_dags/example_short_circuit_decorator.py took 0.089 seconds
[2024-05-22T22:37:40.454+0000] {processor.py:161} INFO - Started process (PID=52354) to work on /home/airflow/.local/lib/python3.8/site-packages/airflow/example_dags/example_short_circuit_decorator.py
[2024-05-22T22:37:40.456+0000] {processor.py:830} INFO - Processing file /home/airflow/.local/lib/python3.8/site-packages/airflow/example_dags/example_short_circuit_decorator.py for tasks to queue
[2024-05-22T22:37:40.458+0000] {logging_mixin.py:188} INFO - [2024-05-22T22:37:40.458+0000] {dagbag.py:538} INFO - Filling up the DagBag from /home/airflow/.local/lib/python3.8/site-packages/airflow/example_dags/example_short_circuit_decorator.py
[2024-05-22T22:37:40.472+0000] {processor.py:840} INFO - DAG(s) 'example_short_circuit_decorator' retrieved from /home/airflow/.local/lib/python3.8/site-packages/airflow/example_dags/example_short_circuit_decorator.py
[2024-05-22T22:37:40.508+0000] {logging_mixin.py:188} INFO - [2024-05-22T22:37:40.507+0000] {dag.py:3036} INFO - Sync 1 DAGs
[2024-05-22T22:37:40.535+0000] {logging_mixin.py:188} INFO - [2024-05-22T22:37:40.535+0000] {dag.py:3823} INFO - Setting next_dagrun for example_short_circuit_decorator to 2024-05-21 00:00:00+00:00, run_after=2024-05-22 00:00:00+00:00
[2024-05-22T22:37:40.565+0000] {processor.py:183} INFO - Processing /home/airflow/.local/lib/python3.8/site-packages/airflow/example_dags/example_short_circuit_decorator.py took 0.115 seconds
[2024-05-22T22:38:10.944+0000] {processor.py:161} INFO - Started process (PID=52411) to work on /home/airflow/.local/lib/python3.8/site-packages/airflow/example_dags/example_short_circuit_decorator.py
[2024-05-22T22:38:10.945+0000] {processor.py:830} INFO - Processing file /home/airflow/.local/lib/python3.8/site-packages/airflow/example_dags/example_short_circuit_decorator.py for tasks to queue
[2024-05-22T22:38:10.946+0000] {logging_mixin.py:188} INFO - [2024-05-22T22:38:10.946+0000] {dagbag.py:538} INFO - Filling up the DagBag from /home/airflow/.local/lib/python3.8/site-packages/airflow/example_dags/example_short_circuit_decorator.py
[2024-05-22T22:38:10.955+0000] {processor.py:840} INFO - DAG(s) 'example_short_circuit_decorator' retrieved from /home/airflow/.local/lib/python3.8/site-packages/airflow/example_dags/example_short_circuit_decorator.py
[2024-05-22T22:38:10.980+0000] {logging_mixin.py:188} INFO - [2024-05-22T22:38:10.979+0000] {dag.py:3036} INFO - Sync 1 DAGs
[2024-05-22T22:38:11.003+0000] {logging_mixin.py:188} INFO - [2024-05-22T22:38:11.003+0000] {dag.py:3823} INFO - Setting next_dagrun for example_short_circuit_decorator to 2024-05-21 00:00:00+00:00, run_after=2024-05-22 00:00:00+00:00
[2024-05-22T22:38:11.023+0000] {processor.py:183} INFO - Processing /home/airflow/.local/lib/python3.8/site-packages/airflow/example_dags/example_short_circuit_decorator.py took 0.082 seconds
[2024-05-22T22:38:41.462+0000] {processor.py:161} INFO - Started process (PID=52468) to work on /home/airflow/.local/lib/python3.8/site-packages/airflow/example_dags/example_short_circuit_decorator.py
[2024-05-22T22:38:41.463+0000] {processor.py:830} INFO - Processing file /home/airflow/.local/lib/python3.8/site-packages/airflow/example_dags/example_short_circuit_decorator.py for tasks to queue
[2024-05-22T22:38:41.465+0000] {logging_mixin.py:188} INFO - [2024-05-22T22:38:41.465+0000] {dagbag.py:538} INFO - Filling up the DagBag from /home/airflow/.local/lib/python3.8/site-packages/airflow/example_dags/example_short_circuit_decorator.py
[2024-05-22T22:38:41.476+0000] {processor.py:840} INFO - DAG(s) 'example_short_circuit_decorator' retrieved from /home/airflow/.local/lib/python3.8/site-packages/airflow/example_dags/example_short_circuit_decorator.py
[2024-05-22T22:38:41.511+0000] {logging_mixin.py:188} INFO - [2024-05-22T22:38:41.510+0000] {dag.py:3036} INFO - Sync 1 DAGs
[2024-05-22T22:38:41.537+0000] {logging_mixin.py:188} INFO - [2024-05-22T22:38:41.537+0000] {dag.py:3823} INFO - Setting next_dagrun for example_short_circuit_decorator to 2024-05-21 00:00:00+00:00, run_after=2024-05-22 00:00:00+00:00
[2024-05-22T22:38:41.560+0000] {processor.py:183} INFO - Processing /home/airflow/.local/lib/python3.8/site-packages/airflow/example_dags/example_short_circuit_decorator.py took 0.102 seconds
[2024-05-22T22:39:11.898+0000] {processor.py:161} INFO - Started process (PID=52525) to work on /home/airflow/.local/lib/python3.8/site-packages/airflow/example_dags/example_short_circuit_decorator.py
[2024-05-22T22:39:11.899+0000] {processor.py:830} INFO - Processing file /home/airflow/.local/lib/python3.8/site-packages/airflow/example_dags/example_short_circuit_decorator.py for tasks to queue
[2024-05-22T22:39:11.901+0000] {logging_mixin.py:188} INFO - [2024-05-22T22:39:11.900+0000] {dagbag.py:538} INFO - Filling up the DagBag from /home/airflow/.local/lib/python3.8/site-packages/airflow/example_dags/example_short_circuit_decorator.py
[2024-05-22T22:39:11.911+0000] {processor.py:840} INFO - DAG(s) 'example_short_circuit_decorator' retrieved from /home/airflow/.local/lib/python3.8/site-packages/airflow/example_dags/example_short_circuit_decorator.py
[2024-05-22T22:39:11.934+0000] {logging_mixin.py:188} INFO - [2024-05-22T22:39:11.934+0000] {dag.py:3036} INFO - Sync 1 DAGs
[2024-05-22T22:39:11.961+0000] {logging_mixin.py:188} INFO - [2024-05-22T22:39:11.960+0000] {dag.py:3823} INFO - Setting next_dagrun for example_short_circuit_decorator to 2024-05-21 00:00:00+00:00, run_after=2024-05-22 00:00:00+00:00
[2024-05-22T22:39:11.981+0000] {processor.py:183} INFO - Processing /home/airflow/.local/lib/python3.8/site-packages/airflow/example_dags/example_short_circuit_decorator.py took 0.086 seconds
[2024-05-22T22:39:42.266+0000] {processor.py:161} INFO - Started process (PID=52582) to work on /home/airflow/.local/lib/python3.8/site-packages/airflow/example_dags/example_short_circuit_decorator.py
[2024-05-22T22:39:42.267+0000] {processor.py:830} INFO - Processing file /home/airflow/.local/lib/python3.8/site-packages/airflow/example_dags/example_short_circuit_decorator.py for tasks to queue
[2024-05-22T22:39:42.269+0000] {logging_mixin.py:188} INFO - [2024-05-22T22:39:42.268+0000] {dagbag.py:538} INFO - Filling up the DagBag from /home/airflow/.local/lib/python3.8/site-packages/airflow/example_dags/example_short_circuit_decorator.py
[2024-05-22T22:39:42.283+0000] {processor.py:840} INFO - DAG(s) 'example_short_circuit_decorator' retrieved from /home/airflow/.local/lib/python3.8/site-packages/airflow/example_dags/example_short_circuit_decorator.py
[2024-05-22T22:39:42.306+0000] {logging_mixin.py:188} INFO - [2024-05-22T22:39:42.306+0000] {dag.py:3036} INFO - Sync 1 DAGs
[2024-05-22T22:39:42.336+0000] {logging_mixin.py:188} INFO - [2024-05-22T22:39:42.335+0000] {dag.py:3823} INFO - Setting next_dagrun for example_short_circuit_decorator to 2024-05-21 00:00:00+00:00, run_after=2024-05-22 00:00:00+00:00
[2024-05-22T22:39:42.359+0000] {processor.py:183} INFO - Processing /home/airflow/.local/lib/python3.8/site-packages/airflow/example_dags/example_short_circuit_decorator.py took 0.097 seconds
[2024-05-22T22:40:12.725+0000] {processor.py:161} INFO - Started process (PID=52639) to work on /home/airflow/.local/lib/python3.8/site-packages/airflow/example_dags/example_short_circuit_decorator.py
[2024-05-22T22:40:12.726+0000] {processor.py:830} INFO - Processing file /home/airflow/.local/lib/python3.8/site-packages/airflow/example_dags/example_short_circuit_decorator.py for tasks to queue
[2024-05-22T22:40:12.727+0000] {logging_mixin.py:188} INFO - [2024-05-22T22:40:12.727+0000] {dagbag.py:538} INFO - Filling up the DagBag from /home/airflow/.local/lib/python3.8/site-packages/airflow/example_dags/example_short_circuit_decorator.py
[2024-05-22T22:40:12.736+0000] {processor.py:840} INFO - DAG(s) 'example_short_circuit_decorator' retrieved from /home/airflow/.local/lib/python3.8/site-packages/airflow/example_dags/example_short_circuit_decorator.py
[2024-05-22T22:40:12.769+0000] {logging_mixin.py:188} INFO - [2024-05-22T22:40:12.769+0000] {dag.py:3036} INFO - Sync 1 DAGs
[2024-05-22T22:40:12.791+0000] {logging_mixin.py:188} INFO - [2024-05-22T22:40:12.791+0000] {dag.py:3823} INFO - Setting next_dagrun for example_short_circuit_decorator to 2024-05-21 00:00:00+00:00, run_after=2024-05-22 00:00:00+00:00
[2024-05-22T22:40:12.812+0000] {processor.py:183} INFO - Processing /home/airflow/.local/lib/python3.8/site-packages/airflow/example_dags/example_short_circuit_decorator.py took 0.090 seconds
[2024-05-22T22:40:43.132+0000] {processor.py:161} INFO - Started process (PID=52696) to work on /home/airflow/.local/lib/python3.8/site-packages/airflow/example_dags/example_short_circuit_decorator.py
[2024-05-22T22:40:43.133+0000] {processor.py:830} INFO - Processing file /home/airflow/.local/lib/python3.8/site-packages/airflow/example_dags/example_short_circuit_decorator.py for tasks to queue
[2024-05-22T22:40:43.135+0000] {logging_mixin.py:188} INFO - [2024-05-22T22:40:43.135+0000] {dagbag.py:538} INFO - Filling up the DagBag from /home/airflow/.local/lib/python3.8/site-packages/airflow/example_dags/example_short_circuit_decorator.py
[2024-05-22T22:40:43.151+0000] {processor.py:840} INFO - DAG(s) 'example_short_circuit_decorator' retrieved from /home/airflow/.local/lib/python3.8/site-packages/airflow/example_dags/example_short_circuit_decorator.py
[2024-05-22T22:40:43.180+0000] {logging_mixin.py:188} INFO - [2024-05-22T22:40:43.180+0000] {dag.py:3036} INFO - Sync 1 DAGs
[2024-05-22T22:40:43.206+0000] {logging_mixin.py:188} INFO - [2024-05-22T22:40:43.206+0000] {dag.py:3823} INFO - Setting next_dagrun for example_short_circuit_decorator to 2024-05-21 00:00:00+00:00, run_after=2024-05-22 00:00:00+00:00
[2024-05-22T22:40:43.227+0000] {processor.py:183} INFO - Processing /home/airflow/.local/lib/python3.8/site-packages/airflow/example_dags/example_short_circuit_decorator.py took 0.099 seconds
[2024-05-22T22:41:13.739+0000] {processor.py:161} INFO - Started process (PID=52753) to work on /home/airflow/.local/lib/python3.8/site-packages/airflow/example_dags/example_short_circuit_decorator.py
[2024-05-22T22:41:13.740+0000] {processor.py:830} INFO - Processing file /home/airflow/.local/lib/python3.8/site-packages/airflow/example_dags/example_short_circuit_decorator.py for tasks to queue
[2024-05-22T22:41:13.742+0000] {logging_mixin.py:188} INFO - [2024-05-22T22:41:13.742+0000] {dagbag.py:538} INFO - Filling up the DagBag from /home/airflow/.local/lib/python3.8/site-packages/airflow/example_dags/example_short_circuit_decorator.py
[2024-05-22T22:41:13.753+0000] {processor.py:840} INFO - DAG(s) 'example_short_circuit_decorator' retrieved from /home/airflow/.local/lib/python3.8/site-packages/airflow/example_dags/example_short_circuit_decorator.py
[2024-05-22T22:41:13.778+0000] {logging_mixin.py:188} INFO - [2024-05-22T22:41:13.777+0000] {dag.py:3036} INFO - Sync 1 DAGs
[2024-05-22T22:41:13.800+0000] {logging_mixin.py:188} INFO - [2024-05-22T22:41:13.800+0000] {dag.py:3823} INFO - Setting next_dagrun for example_short_circuit_decorator to 2024-05-21 00:00:00+00:00, run_after=2024-05-22 00:00:00+00:00
[2024-05-22T22:41:13.819+0000] {processor.py:183} INFO - Processing /home/airflow/.local/lib/python3.8/site-packages/airflow/example_dags/example_short_circuit_decorator.py took 0.083 seconds
[2024-05-22T22:41:44.172+0000] {processor.py:161} INFO - Started process (PID=52810) to work on /home/airflow/.local/lib/python3.8/site-packages/airflow/example_dags/example_short_circuit_decorator.py
[2024-05-22T22:41:44.173+0000] {processor.py:830} INFO - Processing file /home/airflow/.local/lib/python3.8/site-packages/airflow/example_dags/example_short_circuit_decorator.py for tasks to queue
[2024-05-22T22:41:44.175+0000] {logging_mixin.py:188} INFO - [2024-05-22T22:41:44.175+0000] {dagbag.py:538} INFO - Filling up the DagBag from /home/airflow/.local/lib/python3.8/site-packages/airflow/example_dags/example_short_circuit_decorator.py
[2024-05-22T22:41:44.185+0000] {processor.py:840} INFO - DAG(s) 'example_short_circuit_decorator' retrieved from /home/airflow/.local/lib/python3.8/site-packages/airflow/example_dags/example_short_circuit_decorator.py
[2024-05-22T22:41:44.208+0000] {logging_mixin.py:188} INFO - [2024-05-22T22:41:44.208+0000] {dag.py:3036} INFO - Sync 1 DAGs
[2024-05-22T22:41:44.230+0000] {logging_mixin.py:188} INFO - [2024-05-22T22:41:44.230+0000] {dag.py:3823} INFO - Setting next_dagrun for example_short_circuit_decorator to 2024-05-21 00:00:00+00:00, run_after=2024-05-22 00:00:00+00:00
[2024-05-22T22:41:44.255+0000] {processor.py:183} INFO - Processing /home/airflow/.local/lib/python3.8/site-packages/airflow/example_dags/example_short_circuit_decorator.py took 0.085 seconds
[2024-05-22T22:42:14.939+0000] {processor.py:161} INFO - Started process (PID=52868) to work on /home/airflow/.local/lib/python3.8/site-packages/airflow/example_dags/example_short_circuit_decorator.py
[2024-05-22T22:42:14.940+0000] {processor.py:830} INFO - Processing file /home/airflow/.local/lib/python3.8/site-packages/airflow/example_dags/example_short_circuit_decorator.py for tasks to queue
[2024-05-22T22:42:14.943+0000] {logging_mixin.py:188} INFO - [2024-05-22T22:42:14.942+0000] {dagbag.py:538} INFO - Filling up the DagBag from /home/airflow/.local/lib/python3.8/site-packages/airflow/example_dags/example_short_circuit_decorator.py
[2024-05-22T22:42:14.954+0000] {processor.py:840} INFO - DAG(s) 'example_short_circuit_decorator' retrieved from /home/airflow/.local/lib/python3.8/site-packages/airflow/example_dags/example_short_circuit_decorator.py
[2024-05-22T22:42:14.984+0000] {logging_mixin.py:188} INFO - [2024-05-22T22:42:14.984+0000] {dag.py:3036} INFO - Sync 1 DAGs
[2024-05-22T22:42:15.015+0000] {logging_mixin.py:188} INFO - [2024-05-22T22:42:15.014+0000] {dag.py:3823} INFO - Setting next_dagrun for example_short_circuit_decorator to 2024-05-21 00:00:00+00:00, run_after=2024-05-22 00:00:00+00:00
[2024-05-22T22:42:15.043+0000] {processor.py:183} INFO - Processing /home/airflow/.local/lib/python3.8/site-packages/airflow/example_dags/example_short_circuit_decorator.py took 0.110 seconds
[2024-05-22T22:42:45.487+0000] {processor.py:161} INFO - Started process (PID=52925) to work on /home/airflow/.local/lib/python3.8/site-packages/airflow/example_dags/example_short_circuit_decorator.py
[2024-05-22T22:42:45.489+0000] {processor.py:830} INFO - Processing file /home/airflow/.local/lib/python3.8/site-packages/airflow/example_dags/example_short_circuit_decorator.py for tasks to queue
[2024-05-22T22:42:45.492+0000] {logging_mixin.py:188} INFO - [2024-05-22T22:42:45.491+0000] {dagbag.py:538} INFO - Filling up the DagBag from /home/airflow/.local/lib/python3.8/site-packages/airflow/example_dags/example_short_circuit_decorator.py
[2024-05-22T22:42:45.506+0000] {processor.py:840} INFO - DAG(s) 'example_short_circuit_decorator' retrieved from /home/airflow/.local/lib/python3.8/site-packages/airflow/example_dags/example_short_circuit_decorator.py
[2024-05-22T22:42:45.532+0000] {logging_mixin.py:188} INFO - [2024-05-22T22:42:45.532+0000] {dag.py:3036} INFO - Sync 1 DAGs
[2024-05-22T22:42:45.558+0000] {logging_mixin.py:188} INFO - [2024-05-22T22:42:45.558+0000] {dag.py:3823} INFO - Setting next_dagrun for example_short_circuit_decorator to 2024-05-21 00:00:00+00:00, run_after=2024-05-22 00:00:00+00:00
[2024-05-22T22:42:45.579+0000] {processor.py:183} INFO - Processing /home/airflow/.local/lib/python3.8/site-packages/airflow/example_dags/example_short_circuit_decorator.py took 0.095 seconds
[2024-05-22T22:43:16.217+0000] {processor.py:161} INFO - Started process (PID=52982) to work on /home/airflow/.local/lib/python3.8/site-packages/airflow/example_dags/example_short_circuit_decorator.py
[2024-05-22T22:43:16.219+0000] {processor.py:830} INFO - Processing file /home/airflow/.local/lib/python3.8/site-packages/airflow/example_dags/example_short_circuit_decorator.py for tasks to queue
[2024-05-22T22:43:16.221+0000] {logging_mixin.py:188} INFO - [2024-05-22T22:43:16.221+0000] {dagbag.py:538} INFO - Filling up the DagBag from /home/airflow/.local/lib/python3.8/site-packages/airflow/example_dags/example_short_circuit_decorator.py
[2024-05-22T22:43:16.235+0000] {processor.py:840} INFO - DAG(s) 'example_short_circuit_decorator' retrieved from /home/airflow/.local/lib/python3.8/site-packages/airflow/example_dags/example_short_circuit_decorator.py
[2024-05-22T22:43:16.273+0000] {logging_mixin.py:188} INFO - [2024-05-22T22:43:16.273+0000] {dag.py:3036} INFO - Sync 1 DAGs
[2024-05-22T22:43:16.304+0000] {logging_mixin.py:188} INFO - [2024-05-22T22:43:16.304+0000] {dag.py:3823} INFO - Setting next_dagrun for example_short_circuit_decorator to 2024-05-21 00:00:00+00:00, run_after=2024-05-22 00:00:00+00:00
[2024-05-22T22:43:16.329+0000] {processor.py:183} INFO - Processing /home/airflow/.local/lib/python3.8/site-packages/airflow/example_dags/example_short_circuit_decorator.py took 0.116 seconds
[2024-05-22T22:43:46.666+0000] {processor.py:161} INFO - Started process (PID=53039) to work on /home/airflow/.local/lib/python3.8/site-packages/airflow/example_dags/example_short_circuit_decorator.py
[2024-05-22T22:43:46.667+0000] {processor.py:830} INFO - Processing file /home/airflow/.local/lib/python3.8/site-packages/airflow/example_dags/example_short_circuit_decorator.py for tasks to queue
[2024-05-22T22:43:46.670+0000] {logging_mixin.py:188} INFO - [2024-05-22T22:43:46.669+0000] {dagbag.py:538} INFO - Filling up the DagBag from /home/airflow/.local/lib/python3.8/site-packages/airflow/example_dags/example_short_circuit_decorator.py
[2024-05-22T22:43:46.680+0000] {processor.py:840} INFO - DAG(s) 'example_short_circuit_decorator' retrieved from /home/airflow/.local/lib/python3.8/site-packages/airflow/example_dags/example_short_circuit_decorator.py
[2024-05-22T22:43:46.707+0000] {logging_mixin.py:188} INFO - [2024-05-22T22:43:46.706+0000] {dag.py:3036} INFO - Sync 1 DAGs
[2024-05-22T22:43:46.736+0000] {logging_mixin.py:188} INFO - [2024-05-22T22:43:46.735+0000] {dag.py:3823} INFO - Setting next_dagrun for example_short_circuit_decorator to 2024-05-21 00:00:00+00:00, run_after=2024-05-22 00:00:00+00:00
[2024-05-22T22:43:46.764+0000] {processor.py:183} INFO - Processing /home/airflow/.local/lib/python3.8/site-packages/airflow/example_dags/example_short_circuit_decorator.py took 0.101 seconds
[2024-05-22T22:44:17.081+0000] {processor.py:161} INFO - Started process (PID=53096) to work on /home/airflow/.local/lib/python3.8/site-packages/airflow/example_dags/example_short_circuit_decorator.py
[2024-05-22T22:44:17.083+0000] {processor.py:830} INFO - Processing file /home/airflow/.local/lib/python3.8/site-packages/airflow/example_dags/example_short_circuit_decorator.py for tasks to queue
[2024-05-22T22:44:17.086+0000] {logging_mixin.py:188} INFO - [2024-05-22T22:44:17.085+0000] {dagbag.py:538} INFO - Filling up the DagBag from /home/airflow/.local/lib/python3.8/site-packages/airflow/example_dags/example_short_circuit_decorator.py
[2024-05-22T22:44:17.100+0000] {processor.py:840} INFO - DAG(s) 'example_short_circuit_decorator' retrieved from /home/airflow/.local/lib/python3.8/site-packages/airflow/example_dags/example_short_circuit_decorator.py
[2024-05-22T22:44:17.132+0000] {logging_mixin.py:188} INFO - [2024-05-22T22:44:17.132+0000] {dag.py:3036} INFO - Sync 1 DAGs
[2024-05-22T22:44:17.165+0000] {logging_mixin.py:188} INFO - [2024-05-22T22:44:17.164+0000] {dag.py:3823} INFO - Setting next_dagrun for example_short_circuit_decorator to 2024-05-21 00:00:00+00:00, run_after=2024-05-22 00:00:00+00:00
[2024-05-22T22:44:17.197+0000] {processor.py:183} INFO - Processing /home/airflow/.local/lib/python3.8/site-packages/airflow/example_dags/example_short_circuit_decorator.py took 0.120 seconds
[2024-05-22T22:44:47.303+0000] {processor.py:161} INFO - Started process (PID=53153) to work on /home/airflow/.local/lib/python3.8/site-packages/airflow/example_dags/example_short_circuit_decorator.py
[2024-05-22T22:44:47.305+0000] {processor.py:830} INFO - Processing file /home/airflow/.local/lib/python3.8/site-packages/airflow/example_dags/example_short_circuit_decorator.py for tasks to queue
[2024-05-22T22:44:47.306+0000] {logging_mixin.py:188} INFO - [2024-05-22T22:44:47.306+0000] {dagbag.py:538} INFO - Filling up the DagBag from /home/airflow/.local/lib/python3.8/site-packages/airflow/example_dags/example_short_circuit_decorator.py
[2024-05-22T22:44:47.318+0000] {processor.py:840} INFO - DAG(s) 'example_short_circuit_decorator' retrieved from /home/airflow/.local/lib/python3.8/site-packages/airflow/example_dags/example_short_circuit_decorator.py
[2024-05-22T22:44:47.357+0000] {logging_mixin.py:188} INFO - [2024-05-22T22:44:47.356+0000] {dag.py:3036} INFO - Sync 1 DAGs
[2024-05-22T22:44:47.397+0000] {logging_mixin.py:188} INFO - [2024-05-22T22:44:47.396+0000] {dag.py:3823} INFO - Setting next_dagrun for example_short_circuit_decorator to 2024-05-21 00:00:00+00:00, run_after=2024-05-22 00:00:00+00:00
[2024-05-22T22:44:47.435+0000] {processor.py:183} INFO - Processing /home/airflow/.local/lib/python3.8/site-packages/airflow/example_dags/example_short_circuit_decorator.py took 0.136 seconds
[2024-05-22T22:45:17.669+0000] {processor.py:161} INFO - Started process (PID=53211) to work on /home/airflow/.local/lib/python3.8/site-packages/airflow/example_dags/example_short_circuit_decorator.py
[2024-05-22T22:45:17.671+0000] {processor.py:830} INFO - Processing file /home/airflow/.local/lib/python3.8/site-packages/airflow/example_dags/example_short_circuit_decorator.py for tasks to queue
[2024-05-22T22:45:17.673+0000] {logging_mixin.py:188} INFO - [2024-05-22T22:45:17.673+0000] {dagbag.py:538} INFO - Filling up the DagBag from /home/airflow/.local/lib/python3.8/site-packages/airflow/example_dags/example_short_circuit_decorator.py
[2024-05-22T22:45:17.688+0000] {processor.py:840} INFO - DAG(s) 'example_short_circuit_decorator' retrieved from /home/airflow/.local/lib/python3.8/site-packages/airflow/example_dags/example_short_circuit_decorator.py
[2024-05-22T22:45:17.717+0000] {logging_mixin.py:188} INFO - [2024-05-22T22:45:17.717+0000] {dag.py:3036} INFO - Sync 1 DAGs
[2024-05-22T22:45:17.750+0000] {logging_mixin.py:188} INFO - [2024-05-22T22:45:17.750+0000] {dag.py:3823} INFO - Setting next_dagrun for example_short_circuit_decorator to 2024-05-21 00:00:00+00:00, run_after=2024-05-22 00:00:00+00:00
[2024-05-22T22:45:17.779+0000] {processor.py:183} INFO - Processing /home/airflow/.local/lib/python3.8/site-packages/airflow/example_dags/example_short_circuit_decorator.py took 0.114 seconds
[2024-05-22T22:45:48.076+0000] {processor.py:161} INFO - Started process (PID=53269) to work on /home/airflow/.local/lib/python3.8/site-packages/airflow/example_dags/example_short_circuit_decorator.py
[2024-05-22T22:45:48.078+0000] {processor.py:830} INFO - Processing file /home/airflow/.local/lib/python3.8/site-packages/airflow/example_dags/example_short_circuit_decorator.py for tasks to queue
[2024-05-22T22:45:48.080+0000] {logging_mixin.py:188} INFO - [2024-05-22T22:45:48.079+0000] {dagbag.py:538} INFO - Filling up the DagBag from /home/airflow/.local/lib/python3.8/site-packages/airflow/example_dags/example_short_circuit_decorator.py
[2024-05-22T22:45:48.088+0000] {processor.py:840} INFO - DAG(s) 'example_short_circuit_decorator' retrieved from /home/airflow/.local/lib/python3.8/site-packages/airflow/example_dags/example_short_circuit_decorator.py
[2024-05-22T22:45:48.117+0000] {logging_mixin.py:188} INFO - [2024-05-22T22:45:48.116+0000] {dag.py:3036} INFO - Sync 1 DAGs
[2024-05-22T22:45:48.147+0000] {logging_mixin.py:188} INFO - [2024-05-22T22:45:48.146+0000] {dag.py:3823} INFO - Setting next_dagrun for example_short_circuit_decorator to 2024-05-21 00:00:00+00:00, run_after=2024-05-22 00:00:00+00:00
[2024-05-22T22:45:48.173+0000] {processor.py:183} INFO - Processing /home/airflow/.local/lib/python3.8/site-packages/airflow/example_dags/example_short_circuit_decorator.py took 0.100 seconds
[2024-05-22T22:46:18.606+0000] {processor.py:161} INFO - Started process (PID=53327) to work on /home/airflow/.local/lib/python3.8/site-packages/airflow/example_dags/example_short_circuit_decorator.py
[2024-05-22T22:46:18.607+0000] {processor.py:830} INFO - Processing file /home/airflow/.local/lib/python3.8/site-packages/airflow/example_dags/example_short_circuit_decorator.py for tasks to queue
[2024-05-22T22:46:18.610+0000] {logging_mixin.py:188} INFO - [2024-05-22T22:46:18.610+0000] {dagbag.py:538} INFO - Filling up the DagBag from /home/airflow/.local/lib/python3.8/site-packages/airflow/example_dags/example_short_circuit_decorator.py
[2024-05-22T22:46:18.623+0000] {processor.py:840} INFO - DAG(s) 'example_short_circuit_decorator' retrieved from /home/airflow/.local/lib/python3.8/site-packages/airflow/example_dags/example_short_circuit_decorator.py
[2024-05-22T22:46:18.649+0000] {logging_mixin.py:188} INFO - [2024-05-22T22:46:18.648+0000] {dag.py:3036} INFO - Sync 1 DAGs
[2024-05-22T22:46:18.673+0000] {logging_mixin.py:188} INFO - [2024-05-22T22:46:18.673+0000] {dag.py:3823} INFO - Setting next_dagrun for example_short_circuit_decorator to 2024-05-21 00:00:00+00:00, run_after=2024-05-22 00:00:00+00:00
[2024-05-22T22:46:18.697+0000] {processor.py:183} INFO - Processing /home/airflow/.local/lib/python3.8/site-packages/airflow/example_dags/example_short_circuit_decorator.py took 0.094 seconds
[2024-05-22T22:46:49.000+0000] {processor.py:161} INFO - Started process (PID=53384) to work on /home/airflow/.local/lib/python3.8/site-packages/airflow/example_dags/example_short_circuit_decorator.py
[2024-05-22T22:46:49.001+0000] {processor.py:830} INFO - Processing file /home/airflow/.local/lib/python3.8/site-packages/airflow/example_dags/example_short_circuit_decorator.py for tasks to queue
[2024-05-22T22:46:49.003+0000] {logging_mixin.py:188} INFO - [2024-05-22T22:46:49.002+0000] {dagbag.py:538} INFO - Filling up the DagBag from /home/airflow/.local/lib/python3.8/site-packages/airflow/example_dags/example_short_circuit_decorator.py
[2024-05-22T22:46:49.011+0000] {processor.py:840} INFO - DAG(s) 'example_short_circuit_decorator' retrieved from /home/airflow/.local/lib/python3.8/site-packages/airflow/example_dags/example_short_circuit_decorator.py
[2024-05-22T22:46:49.035+0000] {logging_mixin.py:188} INFO - [2024-05-22T22:46:49.035+0000] {dag.py:3036} INFO - Sync 1 DAGs
[2024-05-22T22:46:49.057+0000] {logging_mixin.py:188} INFO - [2024-05-22T22:46:49.056+0000] {dag.py:3823} INFO - Setting next_dagrun for example_short_circuit_decorator to 2024-05-21 00:00:00+00:00, run_after=2024-05-22 00:00:00+00:00
[2024-05-22T22:46:49.077+0000] {processor.py:183} INFO - Processing /home/airflow/.local/lib/python3.8/site-packages/airflow/example_dags/example_short_circuit_decorator.py took 0.079 seconds
[2024-05-22T22:47:19.530+0000] {processor.py:161} INFO - Started process (PID=53441) to work on /home/airflow/.local/lib/python3.8/site-packages/airflow/example_dags/example_short_circuit_decorator.py
[2024-05-22T22:47:19.531+0000] {processor.py:830} INFO - Processing file /home/airflow/.local/lib/python3.8/site-packages/airflow/example_dags/example_short_circuit_decorator.py for tasks to queue
[2024-05-22T22:47:19.533+0000] {logging_mixin.py:188} INFO - [2024-05-22T22:47:19.532+0000] {dagbag.py:538} INFO - Filling up the DagBag from /home/airflow/.local/lib/python3.8/site-packages/airflow/example_dags/example_short_circuit_decorator.py
[2024-05-22T22:47:19.542+0000] {processor.py:840} INFO - DAG(s) 'example_short_circuit_decorator' retrieved from /home/airflow/.local/lib/python3.8/site-packages/airflow/example_dags/example_short_circuit_decorator.py
[2024-05-22T22:47:19.565+0000] {logging_mixin.py:188} INFO - [2024-05-22T22:47:19.565+0000] {dag.py:3036} INFO - Sync 1 DAGs
[2024-05-22T22:47:19.587+0000] {logging_mixin.py:188} INFO - [2024-05-22T22:47:19.587+0000] {dag.py:3823} INFO - Setting next_dagrun for example_short_circuit_decorator to 2024-05-21 00:00:00+00:00, run_after=2024-05-22 00:00:00+00:00
[2024-05-22T22:47:19.608+0000] {processor.py:183} INFO - Processing /home/airflow/.local/lib/python3.8/site-packages/airflow/example_dags/example_short_circuit_decorator.py took 0.081 seconds
[2024-05-22T22:47:49.799+0000] {processor.py:161} INFO - Started process (PID=53497) to work on /home/airflow/.local/lib/python3.8/site-packages/airflow/example_dags/example_short_circuit_decorator.py
[2024-05-22T22:47:49.799+0000] {processor.py:830} INFO - Processing file /home/airflow/.local/lib/python3.8/site-packages/airflow/example_dags/example_short_circuit_decorator.py for tasks to queue
[2024-05-22T22:47:49.801+0000] {logging_mixin.py:188} INFO - [2024-05-22T22:47:49.801+0000] {dagbag.py:538} INFO - Filling up the DagBag from /home/airflow/.local/lib/python3.8/site-packages/airflow/example_dags/example_short_circuit_decorator.py
[2024-05-22T22:47:49.811+0000] {processor.py:840} INFO - DAG(s) 'example_short_circuit_decorator' retrieved from /home/airflow/.local/lib/python3.8/site-packages/airflow/example_dags/example_short_circuit_decorator.py
[2024-05-22T22:47:49.834+0000] {logging_mixin.py:188} INFO - [2024-05-22T22:47:49.834+0000] {dag.py:3036} INFO - Sync 1 DAGs
[2024-05-22T22:47:49.858+0000] {logging_mixin.py:188} INFO - [2024-05-22T22:47:49.858+0000] {dag.py:3823} INFO - Setting next_dagrun for example_short_circuit_decorator to 2024-05-21 00:00:00+00:00, run_after=2024-05-22 00:00:00+00:00
[2024-05-22T22:47:49.878+0000] {processor.py:183} INFO - Processing /home/airflow/.local/lib/python3.8/site-packages/airflow/example_dags/example_short_circuit_decorator.py took 0.083 seconds
[2024-05-22T22:48:20.397+0000] {processor.py:161} INFO - Started process (PID=53554) to work on /home/airflow/.local/lib/python3.8/site-packages/airflow/example_dags/example_short_circuit_decorator.py
[2024-05-22T22:48:20.398+0000] {processor.py:830} INFO - Processing file /home/airflow/.local/lib/python3.8/site-packages/airflow/example_dags/example_short_circuit_decorator.py for tasks to queue
[2024-05-22T22:48:20.399+0000] {logging_mixin.py:188} INFO - [2024-05-22T22:48:20.399+0000] {dagbag.py:538} INFO - Filling up the DagBag from /home/airflow/.local/lib/python3.8/site-packages/airflow/example_dags/example_short_circuit_decorator.py
[2024-05-22T22:48:20.408+0000] {processor.py:840} INFO - DAG(s) 'example_short_circuit_decorator' retrieved from /home/airflow/.local/lib/python3.8/site-packages/airflow/example_dags/example_short_circuit_decorator.py
[2024-05-22T22:48:20.432+0000] {logging_mixin.py:188} INFO - [2024-05-22T22:48:20.432+0000] {dag.py:3036} INFO - Sync 1 DAGs
[2024-05-22T22:48:20.461+0000] {logging_mixin.py:188} INFO - [2024-05-22T22:48:20.461+0000] {dag.py:3823} INFO - Setting next_dagrun for example_short_circuit_decorator to 2024-05-21 00:00:00+00:00, run_after=2024-05-22 00:00:00+00:00
[2024-05-22T22:48:20.487+0000] {processor.py:183} INFO - Processing /home/airflow/.local/lib/python3.8/site-packages/airflow/example_dags/example_short_circuit_decorator.py took 0.093 seconds
[2024-05-22T22:48:50.834+0000] {processor.py:161} INFO - Started process (PID=53611) to work on /home/airflow/.local/lib/python3.8/site-packages/airflow/example_dags/example_short_circuit_decorator.py
[2024-05-22T22:48:50.835+0000] {processor.py:830} INFO - Processing file /home/airflow/.local/lib/python3.8/site-packages/airflow/example_dags/example_short_circuit_decorator.py for tasks to queue
[2024-05-22T22:48:50.836+0000] {logging_mixin.py:188} INFO - [2024-05-22T22:48:50.836+0000] {dagbag.py:538} INFO - Filling up the DagBag from /home/airflow/.local/lib/python3.8/site-packages/airflow/example_dags/example_short_circuit_decorator.py
[2024-05-22T22:48:50.845+0000] {processor.py:840} INFO - DAG(s) 'example_short_circuit_decorator' retrieved from /home/airflow/.local/lib/python3.8/site-packages/airflow/example_dags/example_short_circuit_decorator.py
[2024-05-22T22:48:50.872+0000] {logging_mixin.py:188} INFO - [2024-05-22T22:48:50.871+0000] {dag.py:3036} INFO - Sync 1 DAGs
[2024-05-22T22:48:50.895+0000] {logging_mixin.py:188} INFO - [2024-05-22T22:48:50.895+0000] {dag.py:3823} INFO - Setting next_dagrun for example_short_circuit_decorator to 2024-05-21 00:00:00+00:00, run_after=2024-05-22 00:00:00+00:00
[2024-05-22T22:48:50.924+0000] {processor.py:183} INFO - Processing /home/airflow/.local/lib/python3.8/site-packages/airflow/example_dags/example_short_circuit_decorator.py took 0.093 seconds
[2024-05-22T22:49:21.231+0000] {processor.py:161} INFO - Started process (PID=53668) to work on /home/airflow/.local/lib/python3.8/site-packages/airflow/example_dags/example_short_circuit_decorator.py
[2024-05-22T22:49:21.233+0000] {processor.py:830} INFO - Processing file /home/airflow/.local/lib/python3.8/site-packages/airflow/example_dags/example_short_circuit_decorator.py for tasks to queue
[2024-05-22T22:49:21.235+0000] {logging_mixin.py:188} INFO - [2024-05-22T22:49:21.234+0000] {dagbag.py:538} INFO - Filling up the DagBag from /home/airflow/.local/lib/python3.8/site-packages/airflow/example_dags/example_short_circuit_decorator.py
[2024-05-22T22:49:21.245+0000] {processor.py:840} INFO - DAG(s) 'example_short_circuit_decorator' retrieved from /home/airflow/.local/lib/python3.8/site-packages/airflow/example_dags/example_short_circuit_decorator.py
[2024-05-22T22:49:21.267+0000] {logging_mixin.py:188} INFO - [2024-05-22T22:49:21.267+0000] {dag.py:3036} INFO - Sync 1 DAGs
[2024-05-22T22:49:21.290+0000] {logging_mixin.py:188} INFO - [2024-05-22T22:49:21.290+0000] {dag.py:3823} INFO - Setting next_dagrun for example_short_circuit_decorator to 2024-05-21 00:00:00+00:00, run_after=2024-05-22 00:00:00+00:00
[2024-05-22T22:49:21.311+0000] {processor.py:183} INFO - Processing /home/airflow/.local/lib/python3.8/site-packages/airflow/example_dags/example_short_circuit_decorator.py took 0.083 seconds
[2024-05-22T22:49:51.487+0000] {processor.py:161} INFO - Started process (PID=53725) to work on /home/airflow/.local/lib/python3.8/site-packages/airflow/example_dags/example_short_circuit_decorator.py
[2024-05-22T22:49:51.488+0000] {processor.py:830} INFO - Processing file /home/airflow/.local/lib/python3.8/site-packages/airflow/example_dags/example_short_circuit_decorator.py for tasks to queue
[2024-05-22T22:49:51.490+0000] {logging_mixin.py:188} INFO - [2024-05-22T22:49:51.490+0000] {dagbag.py:538} INFO - Filling up the DagBag from /home/airflow/.local/lib/python3.8/site-packages/airflow/example_dags/example_short_circuit_decorator.py
[2024-05-22T22:49:51.503+0000] {processor.py:840} INFO - DAG(s) 'example_short_circuit_decorator' retrieved from /home/airflow/.local/lib/python3.8/site-packages/airflow/example_dags/example_short_circuit_decorator.py
[2024-05-22T22:49:51.534+0000] {logging_mixin.py:188} INFO - [2024-05-22T22:49:51.533+0000] {dag.py:3036} INFO - Sync 1 DAGs
[2024-05-22T22:49:51.565+0000] {logging_mixin.py:188} INFO - [2024-05-22T22:49:51.565+0000] {dag.py:3823} INFO - Setting next_dagrun for example_short_circuit_decorator to 2024-05-21 00:00:00+00:00, run_after=2024-05-22 00:00:00+00:00
[2024-05-22T22:49:51.591+0000] {processor.py:183} INFO - Processing /home/airflow/.local/lib/python3.8/site-packages/airflow/example_dags/example_short_circuit_decorator.py took 0.107 seconds
[2024-05-22T22:50:22.023+0000] {processor.py:161} INFO - Started process (PID=53782) to work on /home/airflow/.local/lib/python3.8/site-packages/airflow/example_dags/example_short_circuit_decorator.py
[2024-05-22T22:50:22.024+0000] {processor.py:830} INFO - Processing file /home/airflow/.local/lib/python3.8/site-packages/airflow/example_dags/example_short_circuit_decorator.py for tasks to queue
[2024-05-22T22:50:22.026+0000] {logging_mixin.py:188} INFO - [2024-05-22T22:50:22.026+0000] {dagbag.py:538} INFO - Filling up the DagBag from /home/airflow/.local/lib/python3.8/site-packages/airflow/example_dags/example_short_circuit_decorator.py
[2024-05-22T22:50:22.035+0000] {processor.py:840} INFO - DAG(s) 'example_short_circuit_decorator' retrieved from /home/airflow/.local/lib/python3.8/site-packages/airflow/example_dags/example_short_circuit_decorator.py
[2024-05-22T22:50:22.061+0000] {logging_mixin.py:188} INFO - [2024-05-22T22:50:22.061+0000] {dag.py:3036} INFO - Sync 1 DAGs
[2024-05-22T22:50:22.088+0000] {logging_mixin.py:188} INFO - [2024-05-22T22:50:22.087+0000] {dag.py:3823} INFO - Setting next_dagrun for example_short_circuit_decorator to 2024-05-21 00:00:00+00:00, run_after=2024-05-22 00:00:00+00:00
[2024-05-22T22:50:22.110+0000] {processor.py:183} INFO - Processing /home/airflow/.local/lib/python3.8/site-packages/airflow/example_dags/example_short_circuit_decorator.py took 0.090 seconds
[2024-05-22T22:50:52.592+0000] {processor.py:161} INFO - Started process (PID=53839) to work on /home/airflow/.local/lib/python3.8/site-packages/airflow/example_dags/example_short_circuit_decorator.py
[2024-05-22T22:50:52.593+0000] {processor.py:830} INFO - Processing file /home/airflow/.local/lib/python3.8/site-packages/airflow/example_dags/example_short_circuit_decorator.py for tasks to queue
[2024-05-22T22:50:52.595+0000] {logging_mixin.py:188} INFO - [2024-05-22T22:50:52.594+0000] {dagbag.py:538} INFO - Filling up the DagBag from /home/airflow/.local/lib/python3.8/site-packages/airflow/example_dags/example_short_circuit_decorator.py
[2024-05-22T22:50:52.603+0000] {processor.py:840} INFO - DAG(s) 'example_short_circuit_decorator' retrieved from /home/airflow/.local/lib/python3.8/site-packages/airflow/example_dags/example_short_circuit_decorator.py
[2024-05-22T22:50:52.626+0000] {logging_mixin.py:188} INFO - [2024-05-22T22:50:52.625+0000] {dag.py:3036} INFO - Sync 1 DAGs
[2024-05-22T22:50:52.649+0000] {logging_mixin.py:188} INFO - [2024-05-22T22:50:52.649+0000] {dag.py:3823} INFO - Setting next_dagrun for example_short_circuit_decorator to 2024-05-21 00:00:00+00:00, run_after=2024-05-22 00:00:00+00:00
[2024-05-22T22:50:52.671+0000] {processor.py:183} INFO - Processing /home/airflow/.local/lib/python3.8/site-packages/airflow/example_dags/example_short_circuit_decorator.py took 0.082 seconds
[2024-05-22T22:51:22.986+0000] {processor.py:161} INFO - Started process (PID=53896) to work on /home/airflow/.local/lib/python3.8/site-packages/airflow/example_dags/example_short_circuit_decorator.py
[2024-05-22T22:51:22.987+0000] {processor.py:830} INFO - Processing file /home/airflow/.local/lib/python3.8/site-packages/airflow/example_dags/example_short_circuit_decorator.py for tasks to queue
[2024-05-22T22:51:22.988+0000] {logging_mixin.py:188} INFO - [2024-05-22T22:51:22.988+0000] {dagbag.py:538} INFO - Filling up the DagBag from /home/airflow/.local/lib/python3.8/site-packages/airflow/example_dags/example_short_circuit_decorator.py
[2024-05-22T22:51:22.998+0000] {processor.py:840} INFO - DAG(s) 'example_short_circuit_decorator' retrieved from /home/airflow/.local/lib/python3.8/site-packages/airflow/example_dags/example_short_circuit_decorator.py
[2024-05-22T22:51:23.029+0000] {logging_mixin.py:188} INFO - [2024-05-22T22:51:23.028+0000] {dag.py:3036} INFO - Sync 1 DAGs
[2024-05-22T22:51:23.054+0000] {logging_mixin.py:188} INFO - [2024-05-22T22:51:23.054+0000] {dag.py:3823} INFO - Setting next_dagrun for example_short_circuit_decorator to 2024-05-21 00:00:00+00:00, run_after=2024-05-22 00:00:00+00:00
[2024-05-22T22:51:23.075+0000] {processor.py:183} INFO - Processing /home/airflow/.local/lib/python3.8/site-packages/airflow/example_dags/example_short_circuit_decorator.py took 0.093 seconds
[2024-05-22T22:51:53.354+0000] {processor.py:161} INFO - Started process (PID=53953) to work on /home/airflow/.local/lib/python3.8/site-packages/airflow/example_dags/example_short_circuit_decorator.py
[2024-05-22T22:51:53.355+0000] {processor.py:830} INFO - Processing file /home/airflow/.local/lib/python3.8/site-packages/airflow/example_dags/example_short_circuit_decorator.py for tasks to queue
[2024-05-22T22:51:53.356+0000] {logging_mixin.py:188} INFO - [2024-05-22T22:51:53.356+0000] {dagbag.py:538} INFO - Filling up the DagBag from /home/airflow/.local/lib/python3.8/site-packages/airflow/example_dags/example_short_circuit_decorator.py
[2024-05-22T22:51:53.365+0000] {processor.py:840} INFO - DAG(s) 'example_short_circuit_decorator' retrieved from /home/airflow/.local/lib/python3.8/site-packages/airflow/example_dags/example_short_circuit_decorator.py
[2024-05-22T22:51:53.388+0000] {logging_mixin.py:188} INFO - [2024-05-22T22:51:53.388+0000] {dag.py:3036} INFO - Sync 1 DAGs
[2024-05-22T22:51:53.411+0000] {logging_mixin.py:188} INFO - [2024-05-22T22:51:53.410+0000] {dag.py:3823} INFO - Setting next_dagrun for example_short_circuit_decorator to 2024-05-21 00:00:00+00:00, run_after=2024-05-22 00:00:00+00:00
[2024-05-22T22:51:53.432+0000] {processor.py:183} INFO - Processing /home/airflow/.local/lib/python3.8/site-packages/airflow/example_dags/example_short_circuit_decorator.py took 0.081 seconds
[2024-05-22T22:52:23.676+0000] {processor.py:161} INFO - Started process (PID=54010) to work on /home/airflow/.local/lib/python3.8/site-packages/airflow/example_dags/example_short_circuit_decorator.py
[2024-05-22T22:52:23.678+0000] {processor.py:830} INFO - Processing file /home/airflow/.local/lib/python3.8/site-packages/airflow/example_dags/example_short_circuit_decorator.py for tasks to queue
[2024-05-22T22:52:23.679+0000] {logging_mixin.py:188} INFO - [2024-05-22T22:52:23.679+0000] {dagbag.py:538} INFO - Filling up the DagBag from /home/airflow/.local/lib/python3.8/site-packages/airflow/example_dags/example_short_circuit_decorator.py
[2024-05-22T22:52:23.690+0000] {processor.py:840} INFO - DAG(s) 'example_short_circuit_decorator' retrieved from /home/airflow/.local/lib/python3.8/site-packages/airflow/example_dags/example_short_circuit_decorator.py
[2024-05-22T22:52:23.718+0000] {logging_mixin.py:188} INFO - [2024-05-22T22:52:23.717+0000] {dag.py:3036} INFO - Sync 1 DAGs
[2024-05-22T22:52:23.741+0000] {logging_mixin.py:188} INFO - [2024-05-22T22:52:23.740+0000] {dag.py:3823} INFO - Setting next_dagrun for example_short_circuit_decorator to 2024-05-21 00:00:00+00:00, run_after=2024-05-22 00:00:00+00:00
[2024-05-22T22:52:23.761+0000] {processor.py:183} INFO - Processing /home/airflow/.local/lib/python3.8/site-packages/airflow/example_dags/example_short_circuit_decorator.py took 0.088 seconds
[2024-05-22T22:52:53.930+0000] {processor.py:161} INFO - Started process (PID=54068) to work on /home/airflow/.local/lib/python3.8/site-packages/airflow/example_dags/example_short_circuit_decorator.py
[2024-05-22T22:52:53.931+0000] {processor.py:830} INFO - Processing file /home/airflow/.local/lib/python3.8/site-packages/airflow/example_dags/example_short_circuit_decorator.py for tasks to queue
[2024-05-22T22:52:53.933+0000] {logging_mixin.py:188} INFO - [2024-05-22T22:52:53.932+0000] {dagbag.py:538} INFO - Filling up the DagBag from /home/airflow/.local/lib/python3.8/site-packages/airflow/example_dags/example_short_circuit_decorator.py
[2024-05-22T22:52:53.943+0000] {processor.py:840} INFO - DAG(s) 'example_short_circuit_decorator' retrieved from /home/airflow/.local/lib/python3.8/site-packages/airflow/example_dags/example_short_circuit_decorator.py
[2024-05-22T22:52:53.968+0000] {logging_mixin.py:188} INFO - [2024-05-22T22:52:53.968+0000] {dag.py:3036} INFO - Sync 1 DAGs
[2024-05-22T22:52:53.994+0000] {logging_mixin.py:188} INFO - [2024-05-22T22:52:53.993+0000] {dag.py:3823} INFO - Setting next_dagrun for example_short_circuit_decorator to 2024-05-21 00:00:00+00:00, run_after=2024-05-22 00:00:00+00:00
[2024-05-22T22:52:54.020+0000] {processor.py:183} INFO - Processing /home/airflow/.local/lib/python3.8/site-packages/airflow/example_dags/example_short_circuit_decorator.py took 0.093 seconds
[2024-05-22T22:53:24.316+0000] {processor.py:161} INFO - Started process (PID=54123) to work on /home/airflow/.local/lib/python3.8/site-packages/airflow/example_dags/example_short_circuit_decorator.py
[2024-05-22T22:53:24.317+0000] {processor.py:830} INFO - Processing file /home/airflow/.local/lib/python3.8/site-packages/airflow/example_dags/example_short_circuit_decorator.py for tasks to queue
[2024-05-22T22:53:24.318+0000] {logging_mixin.py:188} INFO - [2024-05-22T22:53:24.318+0000] {dagbag.py:538} INFO - Filling up the DagBag from /home/airflow/.local/lib/python3.8/site-packages/airflow/example_dags/example_short_circuit_decorator.py
[2024-05-22T22:53:24.329+0000] {processor.py:840} INFO - DAG(s) 'example_short_circuit_decorator' retrieved from /home/airflow/.local/lib/python3.8/site-packages/airflow/example_dags/example_short_circuit_decorator.py
[2024-05-22T22:53:24.356+0000] {logging_mixin.py:188} INFO - [2024-05-22T22:53:24.356+0000] {dag.py:3036} INFO - Sync 1 DAGs
[2024-05-22T22:53:24.384+0000] {logging_mixin.py:188} INFO - [2024-05-22T22:53:24.384+0000] {dag.py:3823} INFO - Setting next_dagrun for example_short_circuit_decorator to 2024-05-21 00:00:00+00:00, run_after=2024-05-22 00:00:00+00:00
[2024-05-22T22:53:24.405+0000] {processor.py:183} INFO - Processing /home/airflow/.local/lib/python3.8/site-packages/airflow/example_dags/example_short_circuit_decorator.py took 0.093 seconds
[2024-05-22T22:53:54.693+0000] {processor.py:161} INFO - Started process (PID=54180) to work on /home/airflow/.local/lib/python3.8/site-packages/airflow/example_dags/example_short_circuit_decorator.py
[2024-05-22T22:53:54.693+0000] {processor.py:830} INFO - Processing file /home/airflow/.local/lib/python3.8/site-packages/airflow/example_dags/example_short_circuit_decorator.py for tasks to queue
[2024-05-22T22:53:54.695+0000] {logging_mixin.py:188} INFO - [2024-05-22T22:53:54.695+0000] {dagbag.py:538} INFO - Filling up the DagBag from /home/airflow/.local/lib/python3.8/site-packages/airflow/example_dags/example_short_circuit_decorator.py
[2024-05-22T22:53:54.705+0000] {processor.py:840} INFO - DAG(s) 'example_short_circuit_decorator' retrieved from /home/airflow/.local/lib/python3.8/site-packages/airflow/example_dags/example_short_circuit_decorator.py
[2024-05-22T22:53:54.731+0000] {logging_mixin.py:188} INFO - [2024-05-22T22:53:54.731+0000] {dag.py:3036} INFO - Sync 1 DAGs
[2024-05-22T22:53:54.759+0000] {logging_mixin.py:188} INFO - [2024-05-22T22:53:54.759+0000] {dag.py:3823} INFO - Setting next_dagrun for example_short_circuit_decorator to 2024-05-21 00:00:00+00:00, run_after=2024-05-22 00:00:00+00:00
[2024-05-22T22:53:54.782+0000] {processor.py:183} INFO - Processing /home/airflow/.local/lib/python3.8/site-packages/airflow/example_dags/example_short_circuit_decorator.py took 0.093 seconds
[2024-05-22T22:54:25.061+0000] {processor.py:161} INFO - Started process (PID=54237) to work on /home/airflow/.local/lib/python3.8/site-packages/airflow/example_dags/example_short_circuit_decorator.py
[2024-05-22T22:54:25.062+0000] {processor.py:830} INFO - Processing file /home/airflow/.local/lib/python3.8/site-packages/airflow/example_dags/example_short_circuit_decorator.py for tasks to queue
[2024-05-22T22:54:25.064+0000] {logging_mixin.py:188} INFO - [2024-05-22T22:54:25.063+0000] {dagbag.py:538} INFO - Filling up the DagBag from /home/airflow/.local/lib/python3.8/site-packages/airflow/example_dags/example_short_circuit_decorator.py
[2024-05-22T22:54:25.072+0000] {processor.py:840} INFO - DAG(s) 'example_short_circuit_decorator' retrieved from /home/airflow/.local/lib/python3.8/site-packages/airflow/example_dags/example_short_circuit_decorator.py
[2024-05-22T22:54:25.099+0000] {logging_mixin.py:188} INFO - [2024-05-22T22:54:25.099+0000] {dag.py:3036} INFO - Sync 1 DAGs
[2024-05-22T22:54:25.124+0000] {logging_mixin.py:188} INFO - [2024-05-22T22:54:25.124+0000] {dag.py:3823} INFO - Setting next_dagrun for example_short_circuit_decorator to 2024-05-21 00:00:00+00:00, run_after=2024-05-22 00:00:00+00:00
[2024-05-22T22:54:25.146+0000] {processor.py:183} INFO - Processing /home/airflow/.local/lib/python3.8/site-packages/airflow/example_dags/example_short_circuit_decorator.py took 0.088 seconds
[2024-05-22T22:54:55.396+0000] {processor.py:161} INFO - Started process (PID=54294) to work on /home/airflow/.local/lib/python3.8/site-packages/airflow/example_dags/example_short_circuit_decorator.py
[2024-05-22T22:54:55.397+0000] {processor.py:830} INFO - Processing file /home/airflow/.local/lib/python3.8/site-packages/airflow/example_dags/example_short_circuit_decorator.py for tasks to queue
[2024-05-22T22:54:55.399+0000] {logging_mixin.py:188} INFO - [2024-05-22T22:54:55.399+0000] {dagbag.py:538} INFO - Filling up the DagBag from /home/airflow/.local/lib/python3.8/site-packages/airflow/example_dags/example_short_circuit_decorator.py
[2024-05-22T22:54:55.410+0000] {processor.py:840} INFO - DAG(s) 'example_short_circuit_decorator' retrieved from /home/airflow/.local/lib/python3.8/site-packages/airflow/example_dags/example_short_circuit_decorator.py
[2024-05-22T22:54:55.438+0000] {logging_mixin.py:188} INFO - [2024-05-22T22:54:55.438+0000] {dag.py:3036} INFO - Sync 1 DAGs
[2024-05-22T22:54:55.470+0000] {logging_mixin.py:188} INFO - [2024-05-22T22:54:55.470+0000] {dag.py:3823} INFO - Setting next_dagrun for example_short_circuit_decorator to 2024-05-21 00:00:00+00:00, run_after=2024-05-22 00:00:00+00:00
[2024-05-22T22:54:55.497+0000] {processor.py:183} INFO - Processing /home/airflow/.local/lib/python3.8/site-packages/airflow/example_dags/example_short_circuit_decorator.py took 0.103 seconds
[2024-05-22T22:55:25.736+0000] {processor.py:161} INFO - Started process (PID=54351) to work on /home/airflow/.local/lib/python3.8/site-packages/airflow/example_dags/example_short_circuit_decorator.py
[2024-05-22T22:55:25.738+0000] {processor.py:830} INFO - Processing file /home/airflow/.local/lib/python3.8/site-packages/airflow/example_dags/example_short_circuit_decorator.py for tasks to queue
[2024-05-22T22:55:25.740+0000] {logging_mixin.py:188} INFO - [2024-05-22T22:55:25.739+0000] {dagbag.py:538} INFO - Filling up the DagBag from /home/airflow/.local/lib/python3.8/site-packages/airflow/example_dags/example_short_circuit_decorator.py
[2024-05-22T22:55:25.751+0000] {processor.py:840} INFO - DAG(s) 'example_short_circuit_decorator' retrieved from /home/airflow/.local/lib/python3.8/site-packages/airflow/example_dags/example_short_circuit_decorator.py
[2024-05-22T22:55:25.777+0000] {logging_mixin.py:188} INFO - [2024-05-22T22:55:25.777+0000] {dag.py:3036} INFO - Sync 1 DAGs
[2024-05-22T22:55:25.803+0000] {logging_mixin.py:188} INFO - [2024-05-22T22:55:25.803+0000] {dag.py:3823} INFO - Setting next_dagrun for example_short_circuit_decorator to 2024-05-21 00:00:00+00:00, run_after=2024-05-22 00:00:00+00:00
[2024-05-22T22:55:25.824+0000] {processor.py:183} INFO - Processing /home/airflow/.local/lib/python3.8/site-packages/airflow/example_dags/example_short_circuit_decorator.py took 0.091 seconds
[2024-05-22T22:55:56.567+0000] {processor.py:161} INFO - Started process (PID=54408) to work on /home/airflow/.local/lib/python3.8/site-packages/airflow/example_dags/example_short_circuit_decorator.py
[2024-05-22T22:55:56.568+0000] {processor.py:830} INFO - Processing file /home/airflow/.local/lib/python3.8/site-packages/airflow/example_dags/example_short_circuit_decorator.py for tasks to queue
[2024-05-22T22:55:56.570+0000] {logging_mixin.py:188} INFO - [2024-05-22T22:55:56.570+0000] {dagbag.py:538} INFO - Filling up the DagBag from /home/airflow/.local/lib/python3.8/site-packages/airflow/example_dags/example_short_circuit_decorator.py
[2024-05-22T22:55:56.585+0000] {processor.py:840} INFO - DAG(s) 'example_short_circuit_decorator' retrieved from /home/airflow/.local/lib/python3.8/site-packages/airflow/example_dags/example_short_circuit_decorator.py
[2024-05-22T22:55:56.635+0000] {logging_mixin.py:188} INFO - [2024-05-22T22:55:56.635+0000] {dag.py:3036} INFO - Sync 1 DAGs
[2024-05-22T22:55:56.679+0000] {logging_mixin.py:188} INFO - [2024-05-22T22:55:56.678+0000] {dag.py:3823} INFO - Setting next_dagrun for example_short_circuit_decorator to 2024-05-21 00:00:00+00:00, run_after=2024-05-22 00:00:00+00:00
[2024-05-22T22:55:56.714+0000] {processor.py:183} INFO - Processing /home/airflow/.local/lib/python3.8/site-packages/airflow/example_dags/example_short_circuit_decorator.py took 0.152 seconds
[2024-05-22T22:56:27.199+0000] {processor.py:161} INFO - Started process (PID=54465) to work on /home/airflow/.local/lib/python3.8/site-packages/airflow/example_dags/example_short_circuit_decorator.py
[2024-05-22T22:56:27.200+0000] {processor.py:830} INFO - Processing file /home/airflow/.local/lib/python3.8/site-packages/airflow/example_dags/example_short_circuit_decorator.py for tasks to queue
[2024-05-22T22:56:27.202+0000] {logging_mixin.py:188} INFO - [2024-05-22T22:56:27.201+0000] {dagbag.py:538} INFO - Filling up the DagBag from /home/airflow/.local/lib/python3.8/site-packages/airflow/example_dags/example_short_circuit_decorator.py
[2024-05-22T22:56:27.210+0000] {processor.py:840} INFO - DAG(s) 'example_short_circuit_decorator' retrieved from /home/airflow/.local/lib/python3.8/site-packages/airflow/example_dags/example_short_circuit_decorator.py
[2024-05-22T22:56:27.234+0000] {logging_mixin.py:188} INFO - [2024-05-22T22:56:27.234+0000] {dag.py:3036} INFO - Sync 1 DAGs
[2024-05-22T22:56:27.256+0000] {logging_mixin.py:188} INFO - [2024-05-22T22:56:27.256+0000] {dag.py:3823} INFO - Setting next_dagrun for example_short_circuit_decorator to 2024-05-21 00:00:00+00:00, run_after=2024-05-22 00:00:00+00:00
[2024-05-22T22:56:27.277+0000] {processor.py:183} INFO - Processing /home/airflow/.local/lib/python3.8/site-packages/airflow/example_dags/example_short_circuit_decorator.py took 0.081 seconds
[2024-05-22T22:56:57.687+0000] {processor.py:161} INFO - Started process (PID=54522) to work on /home/airflow/.local/lib/python3.8/site-packages/airflow/example_dags/example_short_circuit_decorator.py
[2024-05-22T22:56:57.688+0000] {processor.py:830} INFO - Processing file /home/airflow/.local/lib/python3.8/site-packages/airflow/example_dags/example_short_circuit_decorator.py for tasks to queue
[2024-05-22T22:56:57.690+0000] {logging_mixin.py:188} INFO - [2024-05-22T22:56:57.690+0000] {dagbag.py:538} INFO - Filling up the DagBag from /home/airflow/.local/lib/python3.8/site-packages/airflow/example_dags/example_short_circuit_decorator.py
[2024-05-22T22:56:57.700+0000] {processor.py:840} INFO - DAG(s) 'example_short_circuit_decorator' retrieved from /home/airflow/.local/lib/python3.8/site-packages/airflow/example_dags/example_short_circuit_decorator.py
[2024-05-22T22:56:57.726+0000] {logging_mixin.py:188} INFO - [2024-05-22T22:56:57.725+0000] {dag.py:3036} INFO - Sync 1 DAGs
[2024-05-22T22:56:57.748+0000] {logging_mixin.py:188} INFO - [2024-05-22T22:56:57.748+0000] {dag.py:3823} INFO - Setting next_dagrun for example_short_circuit_decorator to 2024-05-21 00:00:00+00:00, run_after=2024-05-22 00:00:00+00:00
[2024-05-22T22:56:57.767+0000] {processor.py:183} INFO - Processing /home/airflow/.local/lib/python3.8/site-packages/airflow/example_dags/example_short_circuit_decorator.py took 0.084 seconds
[2024-05-22T22:57:27.957+0000] {processor.py:161} INFO - Started process (PID=54579) to work on /home/airflow/.local/lib/python3.8/site-packages/airflow/example_dags/example_short_circuit_decorator.py
[2024-05-22T22:57:27.958+0000] {processor.py:830} INFO - Processing file /home/airflow/.local/lib/python3.8/site-packages/airflow/example_dags/example_short_circuit_decorator.py for tasks to queue
[2024-05-22T22:57:27.960+0000] {logging_mixin.py:188} INFO - [2024-05-22T22:57:27.959+0000] {dagbag.py:538} INFO - Filling up the DagBag from /home/airflow/.local/lib/python3.8/site-packages/airflow/example_dags/example_short_circuit_decorator.py
[2024-05-22T22:57:27.970+0000] {processor.py:840} INFO - DAG(s) 'example_short_circuit_decorator' retrieved from /home/airflow/.local/lib/python3.8/site-packages/airflow/example_dags/example_short_circuit_decorator.py
[2024-05-22T22:57:27.994+0000] {logging_mixin.py:188} INFO - [2024-05-22T22:57:27.994+0000] {dag.py:3036} INFO - Sync 1 DAGs
[2024-05-22T22:57:28.020+0000] {logging_mixin.py:188} INFO - [2024-05-22T22:57:28.019+0000] {dag.py:3823} INFO - Setting next_dagrun for example_short_circuit_decorator to 2024-05-21 00:00:00+00:00, run_after=2024-05-22 00:00:00+00:00
[2024-05-22T22:57:28.043+0000] {processor.py:183} INFO - Processing /home/airflow/.local/lib/python3.8/site-packages/airflow/example_dags/example_short_circuit_decorator.py took 0.089 seconds
[2024-05-22T22:57:58.223+0000] {processor.py:161} INFO - Started process (PID=54636) to work on /home/airflow/.local/lib/python3.8/site-packages/airflow/example_dags/example_short_circuit_decorator.py
[2024-05-22T22:57:58.224+0000] {processor.py:830} INFO - Processing file /home/airflow/.local/lib/python3.8/site-packages/airflow/example_dags/example_short_circuit_decorator.py for tasks to queue
[2024-05-22T22:57:58.225+0000] {logging_mixin.py:188} INFO - [2024-05-22T22:57:58.225+0000] {dagbag.py:538} INFO - Filling up the DagBag from /home/airflow/.local/lib/python3.8/site-packages/airflow/example_dags/example_short_circuit_decorator.py
[2024-05-22T22:57:58.234+0000] {processor.py:840} INFO - DAG(s) 'example_short_circuit_decorator' retrieved from /home/airflow/.local/lib/python3.8/site-packages/airflow/example_dags/example_short_circuit_decorator.py
[2024-05-22T22:57:58.262+0000] {logging_mixin.py:188} INFO - [2024-05-22T22:57:58.262+0000] {dag.py:3036} INFO - Sync 1 DAGs
[2024-05-22T22:57:58.284+0000] {logging_mixin.py:188} INFO - [2024-05-22T22:57:58.284+0000] {dag.py:3823} INFO - Setting next_dagrun for example_short_circuit_decorator to 2024-05-21 00:00:00+00:00, run_after=2024-05-22 00:00:00+00:00
[2024-05-22T22:57:58.303+0000] {processor.py:183} INFO - Processing /home/airflow/.local/lib/python3.8/site-packages/airflow/example_dags/example_short_circuit_decorator.py took 0.083 seconds
[2024-05-22T22:58:28.796+0000] {processor.py:161} INFO - Started process (PID=54693) to work on /home/airflow/.local/lib/python3.8/site-packages/airflow/example_dags/example_short_circuit_decorator.py
[2024-05-22T22:58:28.797+0000] {processor.py:830} INFO - Processing file /home/airflow/.local/lib/python3.8/site-packages/airflow/example_dags/example_short_circuit_decorator.py for tasks to queue
[2024-05-22T22:58:28.798+0000] {logging_mixin.py:188} INFO - [2024-05-22T22:58:28.798+0000] {dagbag.py:538} INFO - Filling up the DagBag from /home/airflow/.local/lib/python3.8/site-packages/airflow/example_dags/example_short_circuit_decorator.py
[2024-05-22T22:58:28.810+0000] {processor.py:840} INFO - DAG(s) 'example_short_circuit_decorator' retrieved from /home/airflow/.local/lib/python3.8/site-packages/airflow/example_dags/example_short_circuit_decorator.py
[2024-05-22T22:58:28.835+0000] {logging_mixin.py:188} INFO - [2024-05-22T22:58:28.834+0000] {dag.py:3036} INFO - Sync 1 DAGs
[2024-05-22T22:58:28.858+0000] {logging_mixin.py:188} INFO - [2024-05-22T22:58:28.858+0000] {dag.py:3823} INFO - Setting next_dagrun for example_short_circuit_decorator to 2024-05-21 00:00:00+00:00, run_after=2024-05-22 00:00:00+00:00
[2024-05-22T22:58:28.877+0000] {processor.py:183} INFO - Processing /home/airflow/.local/lib/python3.8/site-packages/airflow/example_dags/example_short_circuit_decorator.py took 0.085 seconds
[2024-05-22T22:58:59.164+0000] {processor.py:161} INFO - Started process (PID=54750) to work on /home/airflow/.local/lib/python3.8/site-packages/airflow/example_dags/example_short_circuit_decorator.py
[2024-05-22T22:58:59.164+0000] {processor.py:830} INFO - Processing file /home/airflow/.local/lib/python3.8/site-packages/airflow/example_dags/example_short_circuit_decorator.py for tasks to queue
[2024-05-22T22:58:59.166+0000] {logging_mixin.py:188} INFO - [2024-05-22T22:58:59.166+0000] {dagbag.py:538} INFO - Filling up the DagBag from /home/airflow/.local/lib/python3.8/site-packages/airflow/example_dags/example_short_circuit_decorator.py
[2024-05-22T22:58:59.174+0000] {processor.py:840} INFO - DAG(s) 'example_short_circuit_decorator' retrieved from /home/airflow/.local/lib/python3.8/site-packages/airflow/example_dags/example_short_circuit_decorator.py
[2024-05-22T22:58:59.200+0000] {logging_mixin.py:188} INFO - [2024-05-22T22:58:59.199+0000] {dag.py:3036} INFO - Sync 1 DAGs
[2024-05-22T22:58:59.222+0000] {logging_mixin.py:188} INFO - [2024-05-22T22:58:59.222+0000] {dag.py:3823} INFO - Setting next_dagrun for example_short_circuit_decorator to 2024-05-21 00:00:00+00:00, run_after=2024-05-22 00:00:00+00:00
[2024-05-22T22:58:59.240+0000] {processor.py:183} INFO - Processing /home/airflow/.local/lib/python3.8/site-packages/airflow/example_dags/example_short_circuit_decorator.py took 0.080 seconds
[2024-05-22T22:59:29.508+0000] {processor.py:161} INFO - Started process (PID=54807) to work on /home/airflow/.local/lib/python3.8/site-packages/airflow/example_dags/example_short_circuit_decorator.py
[2024-05-22T22:59:29.509+0000] {processor.py:830} INFO - Processing file /home/airflow/.local/lib/python3.8/site-packages/airflow/example_dags/example_short_circuit_decorator.py for tasks to queue
[2024-05-22T22:59:29.511+0000] {logging_mixin.py:188} INFO - [2024-05-22T22:59:29.510+0000] {dagbag.py:538} INFO - Filling up the DagBag from /home/airflow/.local/lib/python3.8/site-packages/airflow/example_dags/example_short_circuit_decorator.py
[2024-05-22T22:59:29.521+0000] {processor.py:840} INFO - DAG(s) 'example_short_circuit_decorator' retrieved from /home/airflow/.local/lib/python3.8/site-packages/airflow/example_dags/example_short_circuit_decorator.py
[2024-05-22T22:59:29.545+0000] {logging_mixin.py:188} INFO - [2024-05-22T22:59:29.545+0000] {dag.py:3036} INFO - Sync 1 DAGs
[2024-05-22T22:59:29.570+0000] {logging_mixin.py:188} INFO - [2024-05-22T22:59:29.569+0000] {dag.py:3823} INFO - Setting next_dagrun for example_short_circuit_decorator to 2024-05-21 00:00:00+00:00, run_after=2024-05-22 00:00:00+00:00
[2024-05-22T22:59:29.596+0000] {processor.py:183} INFO - Processing /home/airflow/.local/lib/python3.8/site-packages/airflow/example_dags/example_short_circuit_decorator.py took 0.091 seconds
[2024-05-22T23:00:00.003+0000] {processor.py:161} INFO - Started process (PID=54864) to work on /home/airflow/.local/lib/python3.8/site-packages/airflow/example_dags/example_short_circuit_decorator.py
[2024-05-22T23:00:00.004+0000] {processor.py:830} INFO - Processing file /home/airflow/.local/lib/python3.8/site-packages/airflow/example_dags/example_short_circuit_decorator.py for tasks to queue
[2024-05-22T23:00:00.006+0000] {logging_mixin.py:188} INFO - [2024-05-22T23:00:00.006+0000] {dagbag.py:538} INFO - Filling up the DagBag from /home/airflow/.local/lib/python3.8/site-packages/airflow/example_dags/example_short_circuit_decorator.py
[2024-05-22T23:00:00.019+0000] {processor.py:840} INFO - DAG(s) 'example_short_circuit_decorator' retrieved from /home/airflow/.local/lib/python3.8/site-packages/airflow/example_dags/example_short_circuit_decorator.py
[2024-05-22T23:00:00.049+0000] {logging_mixin.py:188} INFO - [2024-05-22T23:00:00.049+0000] {dag.py:3036} INFO - Sync 1 DAGs
[2024-05-22T23:00:00.072+0000] {logging_mixin.py:188} INFO - [2024-05-22T23:00:00.071+0000] {dag.py:3823} INFO - Setting next_dagrun for example_short_circuit_decorator to 2024-05-21 00:00:00+00:00, run_after=2024-05-22 00:00:00+00:00
[2024-05-22T23:00:00.095+0000] {processor.py:183} INFO - Processing /home/airflow/.local/lib/python3.8/site-packages/airflow/example_dags/example_short_circuit_decorator.py took 0.096 seconds
[2024-05-22T23:00:30.928+0000] {processor.py:161} INFO - Started process (PID=54921) to work on /home/airflow/.local/lib/python3.8/site-packages/airflow/example_dags/example_short_circuit_decorator.py
[2024-05-22T23:00:30.929+0000] {processor.py:830} INFO - Processing file /home/airflow/.local/lib/python3.8/site-packages/airflow/example_dags/example_short_circuit_decorator.py for tasks to queue
[2024-05-22T23:00:30.931+0000] {logging_mixin.py:188} INFO - [2024-05-22T23:00:30.930+0000] {dagbag.py:538} INFO - Filling up the DagBag from /home/airflow/.local/lib/python3.8/site-packages/airflow/example_dags/example_short_circuit_decorator.py
[2024-05-22T23:00:30.942+0000] {processor.py:840} INFO - DAG(s) 'example_short_circuit_decorator' retrieved from /home/airflow/.local/lib/python3.8/site-packages/airflow/example_dags/example_short_circuit_decorator.py
[2024-05-22T23:00:30.968+0000] {logging_mixin.py:188} INFO - [2024-05-22T23:00:30.968+0000] {dag.py:3036} INFO - Sync 1 DAGs
[2024-05-22T23:00:30.989+0000] {logging_mixin.py:188} INFO - [2024-05-22T23:00:30.988+0000] {dag.py:3823} INFO - Setting next_dagrun for example_short_circuit_decorator to 2024-05-21 00:00:00+00:00, run_after=2024-05-22 00:00:00+00:00
[2024-05-22T23:00:31.008+0000] {processor.py:183} INFO - Processing /home/airflow/.local/lib/python3.8/site-packages/airflow/example_dags/example_short_circuit_decorator.py took 0.083 seconds
[2024-05-22T23:01:01.910+0000] {processor.py:161} INFO - Started process (PID=54978) to work on /home/airflow/.local/lib/python3.8/site-packages/airflow/example_dags/example_short_circuit_decorator.py
[2024-05-22T23:01:01.911+0000] {processor.py:830} INFO - Processing file /home/airflow/.local/lib/python3.8/site-packages/airflow/example_dags/example_short_circuit_decorator.py for tasks to queue
[2024-05-22T23:01:01.913+0000] {logging_mixin.py:188} INFO - [2024-05-22T23:01:01.913+0000] {dagbag.py:538} INFO - Filling up the DagBag from /home/airflow/.local/lib/python3.8/site-packages/airflow/example_dags/example_short_circuit_decorator.py
[2024-05-22T23:01:01.924+0000] {processor.py:840} INFO - DAG(s) 'example_short_circuit_decorator' retrieved from /home/airflow/.local/lib/python3.8/site-packages/airflow/example_dags/example_short_circuit_decorator.py
[2024-05-22T23:01:01.948+0000] {logging_mixin.py:188} INFO - [2024-05-22T23:01:01.948+0000] {dag.py:3036} INFO - Sync 1 DAGs
[2024-05-22T23:01:01.970+0000] {logging_mixin.py:188} INFO - [2024-05-22T23:01:01.969+0000] {dag.py:3823} INFO - Setting next_dagrun for example_short_circuit_decorator to 2024-05-21 00:00:00+00:00, run_after=2024-05-22 00:00:00+00:00
[2024-05-22T23:01:01.991+0000] {processor.py:183} INFO - Processing /home/airflow/.local/lib/python3.8/site-packages/airflow/example_dags/example_short_circuit_decorator.py took 0.084 seconds
[2024-05-22T23:01:32.257+0000] {processor.py:161} INFO - Started process (PID=55035) to work on /home/airflow/.local/lib/python3.8/site-packages/airflow/example_dags/example_short_circuit_decorator.py
[2024-05-22T23:01:32.258+0000] {processor.py:830} INFO - Processing file /home/airflow/.local/lib/python3.8/site-packages/airflow/example_dags/example_short_circuit_decorator.py for tasks to queue
[2024-05-22T23:01:32.259+0000] {logging_mixin.py:188} INFO - [2024-05-22T23:01:32.259+0000] {dagbag.py:538} INFO - Filling up the DagBag from /home/airflow/.local/lib/python3.8/site-packages/airflow/example_dags/example_short_circuit_decorator.py
[2024-05-22T23:01:32.268+0000] {processor.py:840} INFO - DAG(s) 'example_short_circuit_decorator' retrieved from /home/airflow/.local/lib/python3.8/site-packages/airflow/example_dags/example_short_circuit_decorator.py
[2024-05-22T23:01:32.291+0000] {logging_mixin.py:188} INFO - [2024-05-22T23:01:32.291+0000] {dag.py:3036} INFO - Sync 1 DAGs
[2024-05-22T23:01:32.313+0000] {logging_mixin.py:188} INFO - [2024-05-22T23:01:32.313+0000] {dag.py:3823} INFO - Setting next_dagrun for example_short_circuit_decorator to 2024-05-21 00:00:00+00:00, run_after=2024-05-22 00:00:00+00:00
[2024-05-22T23:01:32.333+0000] {processor.py:183} INFO - Processing /home/airflow/.local/lib/python3.8/site-packages/airflow/example_dags/example_short_circuit_decorator.py took 0.079 seconds
[2024-05-22T23:02:02.616+0000] {processor.py:161} INFO - Started process (PID=55092) to work on /home/airflow/.local/lib/python3.8/site-packages/airflow/example_dags/example_short_circuit_decorator.py
[2024-05-22T23:02:02.617+0000] {processor.py:830} INFO - Processing file /home/airflow/.local/lib/python3.8/site-packages/airflow/example_dags/example_short_circuit_decorator.py for tasks to queue
[2024-05-22T23:02:02.619+0000] {logging_mixin.py:188} INFO - [2024-05-22T23:02:02.618+0000] {dagbag.py:538} INFO - Filling up the DagBag from /home/airflow/.local/lib/python3.8/site-packages/airflow/example_dags/example_short_circuit_decorator.py
[2024-05-22T23:02:02.631+0000] {processor.py:840} INFO - DAG(s) 'example_short_circuit_decorator' retrieved from /home/airflow/.local/lib/python3.8/site-packages/airflow/example_dags/example_short_circuit_decorator.py
[2024-05-22T23:02:02.662+0000] {logging_mixin.py:188} INFO - [2024-05-22T23:02:02.661+0000] {dag.py:3036} INFO - Sync 1 DAGs
[2024-05-22T23:02:02.695+0000] {logging_mixin.py:188} INFO - [2024-05-22T23:02:02.695+0000] {dag.py:3823} INFO - Setting next_dagrun for example_short_circuit_decorator to 2024-05-21 00:00:00+00:00, run_after=2024-05-22 00:00:00+00:00
[2024-05-22T23:02:02.718+0000] {processor.py:183} INFO - Processing /home/airflow/.local/lib/python3.8/site-packages/airflow/example_dags/example_short_circuit_decorator.py took 0.107 seconds
[2024-05-22T23:02:32.806+0000] {processor.py:161} INFO - Started process (PID=55150) to work on /home/airflow/.local/lib/python3.8/site-packages/airflow/example_dags/example_short_circuit_decorator.py
[2024-05-22T23:02:32.807+0000] {processor.py:830} INFO - Processing file /home/airflow/.local/lib/python3.8/site-packages/airflow/example_dags/example_short_circuit_decorator.py for tasks to queue
[2024-05-22T23:02:32.808+0000] {logging_mixin.py:188} INFO - [2024-05-22T23:02:32.808+0000] {dagbag.py:538} INFO - Filling up the DagBag from /home/airflow/.local/lib/python3.8/site-packages/airflow/example_dags/example_short_circuit_decorator.py
[2024-05-22T23:02:32.817+0000] {processor.py:840} INFO - DAG(s) 'example_short_circuit_decorator' retrieved from /home/airflow/.local/lib/python3.8/site-packages/airflow/example_dags/example_short_circuit_decorator.py
[2024-05-22T23:02:32.843+0000] {logging_mixin.py:188} INFO - [2024-05-22T23:02:32.843+0000] {dag.py:3036} INFO - Sync 1 DAGs
[2024-05-22T23:02:32.866+0000] {logging_mixin.py:188} INFO - [2024-05-22T23:02:32.865+0000] {dag.py:3823} INFO - Setting next_dagrun for example_short_circuit_decorator to 2024-05-21 00:00:00+00:00, run_after=2024-05-22 00:00:00+00:00
[2024-05-22T23:02:32.887+0000] {processor.py:183} INFO - Processing /home/airflow/.local/lib/python3.8/site-packages/airflow/example_dags/example_short_circuit_decorator.py took 0.084 seconds
[2024-05-22T23:03:03.051+0000] {processor.py:161} INFO - Started process (PID=55207) to work on /home/airflow/.local/lib/python3.8/site-packages/airflow/example_dags/example_short_circuit_decorator.py
[2024-05-22T23:03:03.052+0000] {processor.py:830} INFO - Processing file /home/airflow/.local/lib/python3.8/site-packages/airflow/example_dags/example_short_circuit_decorator.py for tasks to queue
[2024-05-22T23:03:03.054+0000] {logging_mixin.py:188} INFO - [2024-05-22T23:03:03.053+0000] {dagbag.py:538} INFO - Filling up the DagBag from /home/airflow/.local/lib/python3.8/site-packages/airflow/example_dags/example_short_circuit_decorator.py
[2024-05-22T23:03:03.062+0000] {processor.py:840} INFO - DAG(s) 'example_short_circuit_decorator' retrieved from /home/airflow/.local/lib/python3.8/site-packages/airflow/example_dags/example_short_circuit_decorator.py
[2024-05-22T23:03:03.089+0000] {logging_mixin.py:188} INFO - [2024-05-22T23:03:03.089+0000] {dag.py:3036} INFO - Sync 1 DAGs
[2024-05-22T23:03:03.111+0000] {logging_mixin.py:188} INFO - [2024-05-22T23:03:03.111+0000] {dag.py:3823} INFO - Setting next_dagrun for example_short_circuit_decorator to 2024-05-21 00:00:00+00:00, run_after=2024-05-22 00:00:00+00:00
[2024-05-22T23:03:03.131+0000] {processor.py:183} INFO - Processing /home/airflow/.local/lib/python3.8/site-packages/airflow/example_dags/example_short_circuit_decorator.py took 0.084 seconds
[2024-05-22T23:03:33.737+0000] {processor.py:161} INFO - Started process (PID=55264) to work on /home/airflow/.local/lib/python3.8/site-packages/airflow/example_dags/example_short_circuit_decorator.py
[2024-05-22T23:03:33.738+0000] {processor.py:830} INFO - Processing file /home/airflow/.local/lib/python3.8/site-packages/airflow/example_dags/example_short_circuit_decorator.py for tasks to queue
[2024-05-22T23:03:33.740+0000] {logging_mixin.py:188} INFO - [2024-05-22T23:03:33.740+0000] {dagbag.py:538} INFO - Filling up the DagBag from /home/airflow/.local/lib/python3.8/site-packages/airflow/example_dags/example_short_circuit_decorator.py
[2024-05-22T23:03:33.751+0000] {processor.py:840} INFO - DAG(s) 'example_short_circuit_decorator' retrieved from /home/airflow/.local/lib/python3.8/site-packages/airflow/example_dags/example_short_circuit_decorator.py
[2024-05-22T23:03:33.780+0000] {logging_mixin.py:188} INFO - [2024-05-22T23:03:33.779+0000] {dag.py:3036} INFO - Sync 1 DAGs
[2024-05-22T23:03:33.806+0000] {logging_mixin.py:188} INFO - [2024-05-22T23:03:33.806+0000] {dag.py:3823} INFO - Setting next_dagrun for example_short_circuit_decorator to 2024-05-21 00:00:00+00:00, run_after=2024-05-22 00:00:00+00:00
[2024-05-22T23:03:33.874+0000] {processor.py:183} INFO - Processing /home/airflow/.local/lib/python3.8/site-packages/airflow/example_dags/example_short_circuit_decorator.py took 0.140 seconds
[2024-05-22T23:04:04.229+0000] {processor.py:161} INFO - Started process (PID=55322) to work on /home/airflow/.local/lib/python3.8/site-packages/airflow/example_dags/example_short_circuit_decorator.py
[2024-05-22T23:04:04.230+0000] {processor.py:830} INFO - Processing file /home/airflow/.local/lib/python3.8/site-packages/airflow/example_dags/example_short_circuit_decorator.py for tasks to queue
[2024-05-22T23:04:04.233+0000] {logging_mixin.py:188} INFO - [2024-05-22T23:04:04.233+0000] {dagbag.py:538} INFO - Filling up the DagBag from /home/airflow/.local/lib/python3.8/site-packages/airflow/example_dags/example_short_circuit_decorator.py
[2024-05-22T23:04:04.246+0000] {processor.py:840} INFO - DAG(s) 'example_short_circuit_decorator' retrieved from /home/airflow/.local/lib/python3.8/site-packages/airflow/example_dags/example_short_circuit_decorator.py
[2024-05-22T23:04:04.279+0000] {logging_mixin.py:188} INFO - [2024-05-22T23:04:04.279+0000] {dag.py:3036} INFO - Sync 1 DAGs
[2024-05-22T23:04:04.311+0000] {logging_mixin.py:188} INFO - [2024-05-22T23:04:04.311+0000] {dag.py:3823} INFO - Setting next_dagrun for example_short_circuit_decorator to 2024-05-21 00:00:00+00:00, run_after=2024-05-22 00:00:00+00:00
[2024-05-22T23:04:04.337+0000] {processor.py:183} INFO - Processing /home/airflow/.local/lib/python3.8/site-packages/airflow/example_dags/example_short_circuit_decorator.py took 0.113 seconds
[2024-05-22T23:04:34.887+0000] {processor.py:161} INFO - Started process (PID=55379) to work on /home/airflow/.local/lib/python3.8/site-packages/airflow/example_dags/example_short_circuit_decorator.py
[2024-05-22T23:04:34.888+0000] {processor.py:830} INFO - Processing file /home/airflow/.local/lib/python3.8/site-packages/airflow/example_dags/example_short_circuit_decorator.py for tasks to queue
[2024-05-22T23:04:34.890+0000] {logging_mixin.py:188} INFO - [2024-05-22T23:04:34.890+0000] {dagbag.py:538} INFO - Filling up the DagBag from /home/airflow/.local/lib/python3.8/site-packages/airflow/example_dags/example_short_circuit_decorator.py
[2024-05-22T23:04:34.902+0000] {processor.py:840} INFO - DAG(s) 'example_short_circuit_decorator' retrieved from /home/airflow/.local/lib/python3.8/site-packages/airflow/example_dags/example_short_circuit_decorator.py
[2024-05-22T23:04:34.927+0000] {logging_mixin.py:188} INFO - [2024-05-22T23:04:34.927+0000] {dag.py:3036} INFO - Sync 1 DAGs
[2024-05-22T23:04:34.950+0000] {logging_mixin.py:188} INFO - [2024-05-22T23:04:34.950+0000] {dag.py:3823} INFO - Setting next_dagrun for example_short_circuit_decorator to 2024-05-21 00:00:00+00:00, run_after=2024-05-22 00:00:00+00:00
[2024-05-22T23:04:34.970+0000] {processor.py:183} INFO - Processing /home/airflow/.local/lib/python3.8/site-packages/airflow/example_dags/example_short_circuit_decorator.py took 0.086 seconds
[2024-05-22T23:05:05.380+0000] {processor.py:161} INFO - Started process (PID=55436) to work on /home/airflow/.local/lib/python3.8/site-packages/airflow/example_dags/example_short_circuit_decorator.py
[2024-05-22T23:05:05.382+0000] {processor.py:830} INFO - Processing file /home/airflow/.local/lib/python3.8/site-packages/airflow/example_dags/example_short_circuit_decorator.py for tasks to queue
[2024-05-22T23:05:05.384+0000] {logging_mixin.py:188} INFO - [2024-05-22T23:05:05.384+0000] {dagbag.py:538} INFO - Filling up the DagBag from /home/airflow/.local/lib/python3.8/site-packages/airflow/example_dags/example_short_circuit_decorator.py
[2024-05-22T23:05:05.399+0000] {processor.py:840} INFO - DAG(s) 'example_short_circuit_decorator' retrieved from /home/airflow/.local/lib/python3.8/site-packages/airflow/example_dags/example_short_circuit_decorator.py
[2024-05-22T23:05:05.429+0000] {logging_mixin.py:188} INFO - [2024-05-22T23:05:05.429+0000] {dag.py:3036} INFO - Sync 1 DAGs
[2024-05-22T23:05:05.459+0000] {logging_mixin.py:188} INFO - [2024-05-22T23:05:05.459+0000] {dag.py:3823} INFO - Setting next_dagrun for example_short_circuit_decorator to 2024-05-21 00:00:00+00:00, run_after=2024-05-22 00:00:00+00:00
[2024-05-22T23:05:05.489+0000] {processor.py:183} INFO - Processing /home/airflow/.local/lib/python3.8/site-packages/airflow/example_dags/example_short_circuit_decorator.py took 0.114 seconds
[2024-05-22T23:05:35.570+0000] {processor.py:161} INFO - Started process (PID=55493) to work on /home/airflow/.local/lib/python3.8/site-packages/airflow/example_dags/example_short_circuit_decorator.py
[2024-05-22T23:05:35.571+0000] {processor.py:830} INFO - Processing file /home/airflow/.local/lib/python3.8/site-packages/airflow/example_dags/example_short_circuit_decorator.py for tasks to queue
[2024-05-22T23:05:35.573+0000] {logging_mixin.py:188} INFO - [2024-05-22T23:05:35.572+0000] {dagbag.py:538} INFO - Filling up the DagBag from /home/airflow/.local/lib/python3.8/site-packages/airflow/example_dags/example_short_circuit_decorator.py
[2024-05-22T23:05:35.582+0000] {processor.py:840} INFO - DAG(s) 'example_short_circuit_decorator' retrieved from /home/airflow/.local/lib/python3.8/site-packages/airflow/example_dags/example_short_circuit_decorator.py
[2024-05-22T23:05:35.606+0000] {logging_mixin.py:188} INFO - [2024-05-22T23:05:35.606+0000] {dag.py:3036} INFO - Sync 1 DAGs
[2024-05-22T23:05:35.628+0000] {logging_mixin.py:188} INFO - [2024-05-22T23:05:35.627+0000] {dag.py:3823} INFO - Setting next_dagrun for example_short_circuit_decorator to 2024-05-21 00:00:00+00:00, run_after=2024-05-22 00:00:00+00:00
[2024-05-22T23:05:35.648+0000] {processor.py:183} INFO - Processing /home/airflow/.local/lib/python3.8/site-packages/airflow/example_dags/example_short_circuit_decorator.py took 0.081 seconds
[2024-05-22T23:06:06.242+0000] {processor.py:161} INFO - Started process (PID=55550) to work on /home/airflow/.local/lib/python3.8/site-packages/airflow/example_dags/example_short_circuit_decorator.py
[2024-05-22T23:06:06.243+0000] {processor.py:830} INFO - Processing file /home/airflow/.local/lib/python3.8/site-packages/airflow/example_dags/example_short_circuit_decorator.py for tasks to queue
[2024-05-22T23:06:06.246+0000] {logging_mixin.py:188} INFO - [2024-05-22T23:06:06.245+0000] {dagbag.py:538} INFO - Filling up the DagBag from /home/airflow/.local/lib/python3.8/site-packages/airflow/example_dags/example_short_circuit_decorator.py
[2024-05-22T23:06:06.259+0000] {processor.py:840} INFO - DAG(s) 'example_short_circuit_decorator' retrieved from /home/airflow/.local/lib/python3.8/site-packages/airflow/example_dags/example_short_circuit_decorator.py
[2024-05-22T23:06:06.294+0000] {logging_mixin.py:188} INFO - [2024-05-22T23:06:06.293+0000] {dag.py:3036} INFO - Sync 1 DAGs
[2024-05-22T23:06:06.323+0000] {logging_mixin.py:188} INFO - [2024-05-22T23:06:06.323+0000] {dag.py:3823} INFO - Setting next_dagrun for example_short_circuit_decorator to 2024-05-21 00:00:00+00:00, run_after=2024-05-22 00:00:00+00:00
[2024-05-22T23:06:06.354+0000] {processor.py:183} INFO - Processing /home/airflow/.local/lib/python3.8/site-packages/airflow/example_dags/example_short_circuit_decorator.py took 0.116 seconds
[2024-05-22T23:06:36.923+0000] {processor.py:161} INFO - Started process (PID=55607) to work on /home/airflow/.local/lib/python3.8/site-packages/airflow/example_dags/example_short_circuit_decorator.py
[2024-05-22T23:06:36.924+0000] {processor.py:830} INFO - Processing file /home/airflow/.local/lib/python3.8/site-packages/airflow/example_dags/example_short_circuit_decorator.py for tasks to queue
[2024-05-22T23:06:36.926+0000] {logging_mixin.py:188} INFO - [2024-05-22T23:06:36.926+0000] {dagbag.py:538} INFO - Filling up the DagBag from /home/airflow/.local/lib/python3.8/site-packages/airflow/example_dags/example_short_circuit_decorator.py
[2024-05-22T23:06:36.938+0000] {processor.py:840} INFO - DAG(s) 'example_short_circuit_decorator' retrieved from /home/airflow/.local/lib/python3.8/site-packages/airflow/example_dags/example_short_circuit_decorator.py
[2024-05-22T23:06:36.971+0000] {logging_mixin.py:188} INFO - [2024-05-22T23:06:36.970+0000] {dag.py:3036} INFO - Sync 1 DAGs
[2024-05-22T23:06:37.000+0000] {logging_mixin.py:188} INFO - [2024-05-22T23:06:37.000+0000] {dag.py:3823} INFO - Setting next_dagrun for example_short_circuit_decorator to 2024-05-21 00:00:00+00:00, run_after=2024-05-22 00:00:00+00:00
[2024-05-22T23:06:37.027+0000] {processor.py:183} INFO - Processing /home/airflow/.local/lib/python3.8/site-packages/airflow/example_dags/example_short_circuit_decorator.py took 0.107 seconds
[2024-05-22T23:07:07.141+0000] {processor.py:161} INFO - Started process (PID=55664) to work on /home/airflow/.local/lib/python3.8/site-packages/airflow/example_dags/example_short_circuit_decorator.py
[2024-05-22T23:07:07.142+0000] {processor.py:830} INFO - Processing file /home/airflow/.local/lib/python3.8/site-packages/airflow/example_dags/example_short_circuit_decorator.py for tasks to queue
[2024-05-22T23:07:07.144+0000] {logging_mixin.py:188} INFO - [2024-05-22T23:07:07.144+0000] {dagbag.py:538} INFO - Filling up the DagBag from /home/airflow/.local/lib/python3.8/site-packages/airflow/example_dags/example_short_circuit_decorator.py
[2024-05-22T23:07:07.154+0000] {processor.py:840} INFO - DAG(s) 'example_short_circuit_decorator' retrieved from /home/airflow/.local/lib/python3.8/site-packages/airflow/example_dags/example_short_circuit_decorator.py
[2024-05-22T23:07:07.179+0000] {logging_mixin.py:188} INFO - [2024-05-22T23:07:07.179+0000] {dag.py:3036} INFO - Sync 1 DAGs
[2024-05-22T23:07:07.205+0000] {logging_mixin.py:188} INFO - [2024-05-22T23:07:07.205+0000] {dag.py:3823} INFO - Setting next_dagrun for example_short_circuit_decorator to 2024-05-21 00:00:00+00:00, run_after=2024-05-22 00:00:00+00:00
[2024-05-22T23:07:07.224+0000] {processor.py:183} INFO - Processing /home/airflow/.local/lib/python3.8/site-packages/airflow/example_dags/example_short_circuit_decorator.py took 0.086 seconds
[2024-05-22T23:07:37.424+0000] {processor.py:161} INFO - Started process (PID=55721) to work on /home/airflow/.local/lib/python3.8/site-packages/airflow/example_dags/example_short_circuit_decorator.py
[2024-05-22T23:07:37.425+0000] {processor.py:830} INFO - Processing file /home/airflow/.local/lib/python3.8/site-packages/airflow/example_dags/example_short_circuit_decorator.py for tasks to queue
[2024-05-22T23:07:37.427+0000] {logging_mixin.py:188} INFO - [2024-05-22T23:07:37.427+0000] {dagbag.py:538} INFO - Filling up the DagBag from /home/airflow/.local/lib/python3.8/site-packages/airflow/example_dags/example_short_circuit_decorator.py
[2024-05-22T23:07:37.436+0000] {processor.py:840} INFO - DAG(s) 'example_short_circuit_decorator' retrieved from /home/airflow/.local/lib/python3.8/site-packages/airflow/example_dags/example_short_circuit_decorator.py
[2024-05-22T23:07:37.460+0000] {logging_mixin.py:188} INFO - [2024-05-22T23:07:37.460+0000] {dag.py:3036} INFO - Sync 1 DAGs
[2024-05-22T23:07:37.483+0000] {logging_mixin.py:188} INFO - [2024-05-22T23:07:37.483+0000] {dag.py:3823} INFO - Setting next_dagrun for example_short_circuit_decorator to 2024-05-21 00:00:00+00:00, run_after=2024-05-22 00:00:00+00:00
[2024-05-22T23:07:37.513+0000] {processor.py:183} INFO - Processing /home/airflow/.local/lib/python3.8/site-packages/airflow/example_dags/example_short_circuit_decorator.py took 0.092 seconds
[2024-05-22T23:08:08.098+0000] {processor.py:161} INFO - Started process (PID=55778) to work on /home/airflow/.local/lib/python3.8/site-packages/airflow/example_dags/example_short_circuit_decorator.py
[2024-05-22T23:08:08.099+0000] {processor.py:830} INFO - Processing file /home/airflow/.local/lib/python3.8/site-packages/airflow/example_dags/example_short_circuit_decorator.py for tasks to queue
[2024-05-22T23:08:08.100+0000] {logging_mixin.py:188} INFO - [2024-05-22T23:08:08.100+0000] {dagbag.py:538} INFO - Filling up the DagBag from /home/airflow/.local/lib/python3.8/site-packages/airflow/example_dags/example_short_circuit_decorator.py
[2024-05-22T23:08:08.111+0000] {processor.py:840} INFO - DAG(s) 'example_short_circuit_decorator' retrieved from /home/airflow/.local/lib/python3.8/site-packages/airflow/example_dags/example_short_circuit_decorator.py
[2024-05-22T23:08:08.138+0000] {logging_mixin.py:188} INFO - [2024-05-22T23:08:08.137+0000] {dag.py:3036} INFO - Sync 1 DAGs
[2024-05-22T23:08:08.163+0000] {logging_mixin.py:188} INFO - [2024-05-22T23:08:08.163+0000] {dag.py:3823} INFO - Setting next_dagrun for example_short_circuit_decorator to 2024-05-21 00:00:00+00:00, run_after=2024-05-22 00:00:00+00:00
[2024-05-22T23:08:08.189+0000] {processor.py:183} INFO - Processing /home/airflow/.local/lib/python3.8/site-packages/airflow/example_dags/example_short_circuit_decorator.py took 0.094 seconds
[2024-05-22T23:08:38.917+0000] {processor.py:161} INFO - Started process (PID=55835) to work on /home/airflow/.local/lib/python3.8/site-packages/airflow/example_dags/example_short_circuit_decorator.py
[2024-05-22T23:08:38.919+0000] {processor.py:830} INFO - Processing file /home/airflow/.local/lib/python3.8/site-packages/airflow/example_dags/example_short_circuit_decorator.py for tasks to queue
[2024-05-22T23:08:38.920+0000] {logging_mixin.py:188} INFO - [2024-05-22T23:08:38.920+0000] {dagbag.py:538} INFO - Filling up the DagBag from /home/airflow/.local/lib/python3.8/site-packages/airflow/example_dags/example_short_circuit_decorator.py
[2024-05-22T23:08:38.930+0000] {processor.py:840} INFO - DAG(s) 'example_short_circuit_decorator' retrieved from /home/airflow/.local/lib/python3.8/site-packages/airflow/example_dags/example_short_circuit_decorator.py
[2024-05-22T23:08:38.954+0000] {logging_mixin.py:188} INFO - [2024-05-22T23:08:38.953+0000] {dag.py:3036} INFO - Sync 1 DAGs
[2024-05-22T23:08:38.977+0000] {logging_mixin.py:188} INFO - [2024-05-22T23:08:38.977+0000] {dag.py:3823} INFO - Setting next_dagrun for example_short_circuit_decorator to 2024-05-21 00:00:00+00:00, run_after=2024-05-22 00:00:00+00:00
[2024-05-22T23:08:38.997+0000] {processor.py:183} INFO - Processing /home/airflow/.local/lib/python3.8/site-packages/airflow/example_dags/example_short_circuit_decorator.py took 0.082 seconds
[2024-05-22T23:09:09.792+0000] {processor.py:161} INFO - Started process (PID=55892) to work on /home/airflow/.local/lib/python3.8/site-packages/airflow/example_dags/example_short_circuit_decorator.py
[2024-05-22T23:09:09.793+0000] {processor.py:830} INFO - Processing file /home/airflow/.local/lib/python3.8/site-packages/airflow/example_dags/example_short_circuit_decorator.py for tasks to queue
[2024-05-22T23:09:09.795+0000] {logging_mixin.py:188} INFO - [2024-05-22T23:09:09.794+0000] {dagbag.py:538} INFO - Filling up the DagBag from /home/airflow/.local/lib/python3.8/site-packages/airflow/example_dags/example_short_circuit_decorator.py
[2024-05-22T23:09:09.809+0000] {processor.py:840} INFO - DAG(s) 'example_short_circuit_decorator' retrieved from /home/airflow/.local/lib/python3.8/site-packages/airflow/example_dags/example_short_circuit_decorator.py
[2024-05-22T23:09:09.837+0000] {logging_mixin.py:188} INFO - [2024-05-22T23:09:09.837+0000] {dag.py:3036} INFO - Sync 1 DAGs
[2024-05-22T23:09:09.861+0000] {logging_mixin.py:188} INFO - [2024-05-22T23:09:09.861+0000] {dag.py:3823} INFO - Setting next_dagrun for example_short_circuit_decorator to 2024-05-21 00:00:00+00:00, run_after=2024-05-22 00:00:00+00:00
[2024-05-22T23:09:09.881+0000] {processor.py:183} INFO - Processing /home/airflow/.local/lib/python3.8/site-packages/airflow/example_dags/example_short_circuit_decorator.py took 0.093 seconds
[2024-05-22T23:09:40.209+0000] {processor.py:161} INFO - Started process (PID=55949) to work on /home/airflow/.local/lib/python3.8/site-packages/airflow/example_dags/example_short_circuit_decorator.py
[2024-05-22T23:09:40.210+0000] {processor.py:830} INFO - Processing file /home/airflow/.local/lib/python3.8/site-packages/airflow/example_dags/example_short_circuit_decorator.py for tasks to queue
[2024-05-22T23:09:40.212+0000] {logging_mixin.py:188} INFO - [2024-05-22T23:09:40.212+0000] {dagbag.py:538} INFO - Filling up the DagBag from /home/airflow/.local/lib/python3.8/site-packages/airflow/example_dags/example_short_circuit_decorator.py
[2024-05-22T23:09:40.221+0000] {processor.py:840} INFO - DAG(s) 'example_short_circuit_decorator' retrieved from /home/airflow/.local/lib/python3.8/site-packages/airflow/example_dags/example_short_circuit_decorator.py
[2024-05-22T23:09:40.245+0000] {logging_mixin.py:188} INFO - [2024-05-22T23:09:40.245+0000] {dag.py:3036} INFO - Sync 1 DAGs
[2024-05-22T23:09:40.267+0000] {logging_mixin.py:188} INFO - [2024-05-22T23:09:40.267+0000] {dag.py:3823} INFO - Setting next_dagrun for example_short_circuit_decorator to 2024-05-21 00:00:00+00:00, run_after=2024-05-22 00:00:00+00:00
[2024-05-22T23:09:40.286+0000] {processor.py:183} INFO - Processing /home/airflow/.local/lib/python3.8/site-packages/airflow/example_dags/example_short_circuit_decorator.py took 0.080 seconds
[2024-05-22T23:10:10.561+0000] {processor.py:161} INFO - Started process (PID=56006) to work on /home/airflow/.local/lib/python3.8/site-packages/airflow/example_dags/example_short_circuit_decorator.py
[2024-05-22T23:10:10.562+0000] {processor.py:830} INFO - Processing file /home/airflow/.local/lib/python3.8/site-packages/airflow/example_dags/example_short_circuit_decorator.py for tasks to queue
[2024-05-22T23:10:10.563+0000] {logging_mixin.py:188} INFO - [2024-05-22T23:10:10.563+0000] {dagbag.py:538} INFO - Filling up the DagBag from /home/airflow/.local/lib/python3.8/site-packages/airflow/example_dags/example_short_circuit_decorator.py
[2024-05-22T23:10:10.572+0000] {processor.py:840} INFO - DAG(s) 'example_short_circuit_decorator' retrieved from /home/airflow/.local/lib/python3.8/site-packages/airflow/example_dags/example_short_circuit_decorator.py
[2024-05-22T23:10:10.596+0000] {logging_mixin.py:188} INFO - [2024-05-22T23:10:10.596+0000] {dag.py:3036} INFO - Sync 1 DAGs
[2024-05-22T23:10:10.618+0000] {logging_mixin.py:188} INFO - [2024-05-22T23:10:10.618+0000] {dag.py:3823} INFO - Setting next_dagrun for example_short_circuit_decorator to 2024-05-21 00:00:00+00:00, run_after=2024-05-22 00:00:00+00:00
[2024-05-22T23:10:10.638+0000] {processor.py:183} INFO - Processing /home/airflow/.local/lib/python3.8/site-packages/airflow/example_dags/example_short_circuit_decorator.py took 0.081 seconds
