[2024-05-22T22:36:41.141+0000] {processor.py:161} INFO - Started process (PID=52254) to work on /home/airflow/.local/lib/python3.8/site-packages/airflow/example_dags/example_latest_only.py
[2024-05-22T22:36:41.148+0000] {processor.py:830} INFO - Processing file /home/airflow/.local/lib/python3.8/site-packages/airflow/example_dags/example_latest_only.py for tasks to queue
[2024-05-22T22:36:41.154+0000] {logging_mixin.py:188} INFO - [2024-05-22T22:36:41.153+0000] {dagbag.py:538} INFO - Filling up the DagBag from /home/airflow/.local/lib/python3.8/site-packages/airflow/example_dags/example_latest_only.py
[2024-05-22T22:36:41.162+0000] {processor.py:840} INFO - DAG(s) 'latest_only' retrieved from /home/airflow/.local/lib/python3.8/site-packages/airflow/example_dags/example_latest_only.py
[2024-05-22T22:36:41.204+0000] {logging_mixin.py:188} INFO - [2024-05-22T22:36:41.204+0000] {dag.py:3036} INFO - Sync 1 DAGs
[2024-05-22T22:36:41.241+0000] {logging_mixin.py:188} INFO - [2024-05-22T22:36:41.241+0000] {dag.py:3823} INFO - Setting next_dagrun for latest_only to 2024-05-22 16:00:00+00:00, run_after=2024-05-22 20:00:00+00:00
[2024-05-22T22:36:41.277+0000] {processor.py:183} INFO - Processing /home/airflow/.local/lib/python3.8/site-packages/airflow/example_dags/example_latest_only.py took 0.140 seconds
[2024-05-22T22:37:11.774+0000] {processor.py:161} INFO - Started process (PID=52311) to work on /home/airflow/.local/lib/python3.8/site-packages/airflow/example_dags/example_latest_only.py
[2024-05-22T22:37:11.775+0000] {processor.py:830} INFO - Processing file /home/airflow/.local/lib/python3.8/site-packages/airflow/example_dags/example_latest_only.py for tasks to queue
[2024-05-22T22:37:11.777+0000] {logging_mixin.py:188} INFO - [2024-05-22T22:37:11.776+0000] {dagbag.py:538} INFO - Filling up the DagBag from /home/airflow/.local/lib/python3.8/site-packages/airflow/example_dags/example_latest_only.py
[2024-05-22T22:37:11.782+0000] {processor.py:840} INFO - DAG(s) 'latest_only' retrieved from /home/airflow/.local/lib/python3.8/site-packages/airflow/example_dags/example_latest_only.py
[2024-05-22T22:37:11.803+0000] {logging_mixin.py:188} INFO - [2024-05-22T22:37:11.803+0000] {dag.py:3036} INFO - Sync 1 DAGs
[2024-05-22T22:37:11.837+0000] {logging_mixin.py:188} INFO - [2024-05-22T22:37:11.837+0000] {dag.py:3823} INFO - Setting next_dagrun for latest_only to 2024-05-22 16:00:00+00:00, run_after=2024-05-22 20:00:00+00:00
[2024-05-22T22:37:11.858+0000] {processor.py:183} INFO - Processing /home/airflow/.local/lib/python3.8/site-packages/airflow/example_dags/example_latest_only.py took 0.087 seconds
[2024-05-22T22:37:42.315+0000] {processor.py:161} INFO - Started process (PID=52368) to work on /home/airflow/.local/lib/python3.8/site-packages/airflow/example_dags/example_latest_only.py
[2024-05-22T22:37:42.316+0000] {processor.py:830} INFO - Processing file /home/airflow/.local/lib/python3.8/site-packages/airflow/example_dags/example_latest_only.py for tasks to queue
[2024-05-22T22:37:42.318+0000] {logging_mixin.py:188} INFO - [2024-05-22T22:37:42.318+0000] {dagbag.py:538} INFO - Filling up the DagBag from /home/airflow/.local/lib/python3.8/site-packages/airflow/example_dags/example_latest_only.py
[2024-05-22T22:37:42.323+0000] {processor.py:840} INFO - DAG(s) 'latest_only' retrieved from /home/airflow/.local/lib/python3.8/site-packages/airflow/example_dags/example_latest_only.py
[2024-05-22T22:37:42.348+0000] {logging_mixin.py:188} INFO - [2024-05-22T22:37:42.347+0000] {dag.py:3036} INFO - Sync 1 DAGs
[2024-05-22T22:37:42.375+0000] {logging_mixin.py:188} INFO - [2024-05-22T22:37:42.375+0000] {dag.py:3823} INFO - Setting next_dagrun for latest_only to 2024-05-22 16:00:00+00:00, run_after=2024-05-22 20:00:00+00:00
[2024-05-22T22:37:42.400+0000] {processor.py:183} INFO - Processing /home/airflow/.local/lib/python3.8/site-packages/airflow/example_dags/example_latest_only.py took 0.088 seconds
[2024-05-22T22:38:12.715+0000] {processor.py:161} INFO - Started process (PID=52425) to work on /home/airflow/.local/lib/python3.8/site-packages/airflow/example_dags/example_latest_only.py
[2024-05-22T22:38:12.716+0000] {processor.py:830} INFO - Processing file /home/airflow/.local/lib/python3.8/site-packages/airflow/example_dags/example_latest_only.py for tasks to queue
[2024-05-22T22:38:12.718+0000] {logging_mixin.py:188} INFO - [2024-05-22T22:38:12.717+0000] {dagbag.py:538} INFO - Filling up the DagBag from /home/airflow/.local/lib/python3.8/site-packages/airflow/example_dags/example_latest_only.py
[2024-05-22T22:38:12.722+0000] {processor.py:840} INFO - DAG(s) 'latest_only' retrieved from /home/airflow/.local/lib/python3.8/site-packages/airflow/example_dags/example_latest_only.py
[2024-05-22T22:38:12.743+0000] {logging_mixin.py:188} INFO - [2024-05-22T22:38:12.743+0000] {dag.py:3036} INFO - Sync 1 DAGs
[2024-05-22T22:38:12.766+0000] {logging_mixin.py:188} INFO - [2024-05-22T22:38:12.766+0000] {dag.py:3823} INFO - Setting next_dagrun for latest_only to 2024-05-22 16:00:00+00:00, run_after=2024-05-22 20:00:00+00:00
[2024-05-22T22:38:12.786+0000] {processor.py:183} INFO - Processing /home/airflow/.local/lib/python3.8/site-packages/airflow/example_dags/example_latest_only.py took 0.074 seconds
[2024-05-22T22:38:43.411+0000] {processor.py:161} INFO - Started process (PID=52482) to work on /home/airflow/.local/lib/python3.8/site-packages/airflow/example_dags/example_latest_only.py
[2024-05-22T22:38:43.412+0000] {processor.py:830} INFO - Processing file /home/airflow/.local/lib/python3.8/site-packages/airflow/example_dags/example_latest_only.py for tasks to queue
[2024-05-22T22:38:43.414+0000] {logging_mixin.py:188} INFO - [2024-05-22T22:38:43.414+0000] {dagbag.py:538} INFO - Filling up the DagBag from /home/airflow/.local/lib/python3.8/site-packages/airflow/example_dags/example_latest_only.py
[2024-05-22T22:38:43.420+0000] {processor.py:840} INFO - DAG(s) 'latest_only' retrieved from /home/airflow/.local/lib/python3.8/site-packages/airflow/example_dags/example_latest_only.py
[2024-05-22T22:38:43.448+0000] {logging_mixin.py:188} INFO - [2024-05-22T22:38:43.448+0000] {dag.py:3036} INFO - Sync 1 DAGs
[2024-05-22T22:38:43.485+0000] {logging_mixin.py:188} INFO - [2024-05-22T22:38:43.485+0000] {dag.py:3823} INFO - Setting next_dagrun for latest_only to 2024-05-22 16:00:00+00:00, run_after=2024-05-22 20:00:00+00:00
[2024-05-22T22:38:43.510+0000] {processor.py:183} INFO - Processing /home/airflow/.local/lib/python3.8/site-packages/airflow/example_dags/example_latest_only.py took 0.102 seconds
[2024-05-22T22:39:13.609+0000] {processor.py:161} INFO - Started process (PID=52539) to work on /home/airflow/.local/lib/python3.8/site-packages/airflow/example_dags/example_latest_only.py
[2024-05-22T22:39:13.610+0000] {processor.py:830} INFO - Processing file /home/airflow/.local/lib/python3.8/site-packages/airflow/example_dags/example_latest_only.py for tasks to queue
[2024-05-22T22:39:13.612+0000] {logging_mixin.py:188} INFO - [2024-05-22T22:39:13.611+0000] {dagbag.py:538} INFO - Filling up the DagBag from /home/airflow/.local/lib/python3.8/site-packages/airflow/example_dags/example_latest_only.py
[2024-05-22T22:39:13.617+0000] {processor.py:840} INFO - DAG(s) 'latest_only' retrieved from /home/airflow/.local/lib/python3.8/site-packages/airflow/example_dags/example_latest_only.py
[2024-05-22T22:39:13.637+0000] {logging_mixin.py:188} INFO - [2024-05-22T22:39:13.636+0000] {dag.py:3036} INFO - Sync 1 DAGs
[2024-05-22T22:39:13.663+0000] {logging_mixin.py:188} INFO - [2024-05-22T22:39:13.663+0000] {dag.py:3823} INFO - Setting next_dagrun for latest_only to 2024-05-22 16:00:00+00:00, run_after=2024-05-22 20:00:00+00:00
[2024-05-22T22:39:13.683+0000] {processor.py:183} INFO - Processing /home/airflow/.local/lib/python3.8/site-packages/airflow/example_dags/example_latest_only.py took 0.077 seconds
[2024-05-22T22:39:44.043+0000] {processor.py:161} INFO - Started process (PID=52596) to work on /home/airflow/.local/lib/python3.8/site-packages/airflow/example_dags/example_latest_only.py
[2024-05-22T22:39:44.044+0000] {processor.py:830} INFO - Processing file /home/airflow/.local/lib/python3.8/site-packages/airflow/example_dags/example_latest_only.py for tasks to queue
[2024-05-22T22:39:44.045+0000] {logging_mixin.py:188} INFO - [2024-05-22T22:39:44.045+0000] {dagbag.py:538} INFO - Filling up the DagBag from /home/airflow/.local/lib/python3.8/site-packages/airflow/example_dags/example_latest_only.py
[2024-05-22T22:39:44.050+0000] {processor.py:840} INFO - DAG(s) 'latest_only' retrieved from /home/airflow/.local/lib/python3.8/site-packages/airflow/example_dags/example_latest_only.py
[2024-05-22T22:39:44.071+0000] {logging_mixin.py:188} INFO - [2024-05-22T22:39:44.071+0000] {dag.py:3036} INFO - Sync 1 DAGs
[2024-05-22T22:39:44.100+0000] {logging_mixin.py:188} INFO - [2024-05-22T22:39:44.100+0000] {dag.py:3823} INFO - Setting next_dagrun for latest_only to 2024-05-22 16:00:00+00:00, run_after=2024-05-22 20:00:00+00:00
[2024-05-22T22:39:44.120+0000] {processor.py:183} INFO - Processing /home/airflow/.local/lib/python3.8/site-packages/airflow/example_dags/example_latest_only.py took 0.080 seconds
[2024-05-22T22:40:14.634+0000] {processor.py:161} INFO - Started process (PID=52653) to work on /home/airflow/.local/lib/python3.8/site-packages/airflow/example_dags/example_latest_only.py
[2024-05-22T22:40:14.634+0000] {processor.py:830} INFO - Processing file /home/airflow/.local/lib/python3.8/site-packages/airflow/example_dags/example_latest_only.py for tasks to queue
[2024-05-22T22:40:14.636+0000] {logging_mixin.py:188} INFO - [2024-05-22T22:40:14.636+0000] {dagbag.py:538} INFO - Filling up the DagBag from /home/airflow/.local/lib/python3.8/site-packages/airflow/example_dags/example_latest_only.py
[2024-05-22T22:40:14.640+0000] {processor.py:840} INFO - DAG(s) 'latest_only' retrieved from /home/airflow/.local/lib/python3.8/site-packages/airflow/example_dags/example_latest_only.py
[2024-05-22T22:40:14.658+0000] {logging_mixin.py:188} INFO - [2024-05-22T22:40:14.658+0000] {dag.py:3036} INFO - Sync 1 DAGs
[2024-05-22T22:40:14.680+0000] {logging_mixin.py:188} INFO - [2024-05-22T22:40:14.679+0000] {dag.py:3823} INFO - Setting next_dagrun for latest_only to 2024-05-22 16:00:00+00:00, run_after=2024-05-22 20:00:00+00:00
[2024-05-22T22:40:14.700+0000] {processor.py:183} INFO - Processing /home/airflow/.local/lib/python3.8/site-packages/airflow/example_dags/example_latest_only.py took 0.069 seconds
[2024-05-22T22:40:45.147+0000] {processor.py:161} INFO - Started process (PID=52710) to work on /home/airflow/.local/lib/python3.8/site-packages/airflow/example_dags/example_latest_only.py
[2024-05-22T22:40:45.148+0000] {processor.py:830} INFO - Processing file /home/airflow/.local/lib/python3.8/site-packages/airflow/example_dags/example_latest_only.py for tasks to queue
[2024-05-22T22:40:45.150+0000] {logging_mixin.py:188} INFO - [2024-05-22T22:40:45.150+0000] {dagbag.py:538} INFO - Filling up the DagBag from /home/airflow/.local/lib/python3.8/site-packages/airflow/example_dags/example_latest_only.py
[2024-05-22T22:40:45.156+0000] {processor.py:840} INFO - DAG(s) 'latest_only' retrieved from /home/airflow/.local/lib/python3.8/site-packages/airflow/example_dags/example_latest_only.py
[2024-05-22T22:40:45.179+0000] {logging_mixin.py:188} INFO - [2024-05-22T22:40:45.179+0000] {dag.py:3036} INFO - Sync 1 DAGs
[2024-05-22T22:40:45.202+0000] {logging_mixin.py:188} INFO - [2024-05-22T22:40:45.202+0000] {dag.py:3823} INFO - Setting next_dagrun for latest_only to 2024-05-22 16:00:00+00:00, run_after=2024-05-22 20:00:00+00:00
[2024-05-22T22:40:45.223+0000] {processor.py:183} INFO - Processing /home/airflow/.local/lib/python3.8/site-packages/airflow/example_dags/example_latest_only.py took 0.080 seconds
[2024-05-22T22:41:15.535+0000] {processor.py:161} INFO - Started process (PID=52767) to work on /home/airflow/.local/lib/python3.8/site-packages/airflow/example_dags/example_latest_only.py
[2024-05-22T22:41:15.536+0000] {processor.py:830} INFO - Processing file /home/airflow/.local/lib/python3.8/site-packages/airflow/example_dags/example_latest_only.py for tasks to queue
[2024-05-22T22:41:15.537+0000] {logging_mixin.py:188} INFO - [2024-05-22T22:41:15.537+0000] {dagbag.py:538} INFO - Filling up the DagBag from /home/airflow/.local/lib/python3.8/site-packages/airflow/example_dags/example_latest_only.py
[2024-05-22T22:41:15.542+0000] {processor.py:840} INFO - DAG(s) 'latest_only' retrieved from /home/airflow/.local/lib/python3.8/site-packages/airflow/example_dags/example_latest_only.py
[2024-05-22T22:41:15.563+0000] {logging_mixin.py:188} INFO - [2024-05-22T22:41:15.562+0000] {dag.py:3036} INFO - Sync 1 DAGs
[2024-05-22T22:41:15.585+0000] {logging_mixin.py:188} INFO - [2024-05-22T22:41:15.585+0000] {dag.py:3823} INFO - Setting next_dagrun for latest_only to 2024-05-22 16:00:00+00:00, run_after=2024-05-22 20:00:00+00:00
[2024-05-22T22:41:15.605+0000] {processor.py:183} INFO - Processing /home/airflow/.local/lib/python3.8/site-packages/airflow/example_dags/example_latest_only.py took 0.072 seconds
[2024-05-22T22:41:45.988+0000] {processor.py:161} INFO - Started process (PID=52824) to work on /home/airflow/.local/lib/python3.8/site-packages/airflow/example_dags/example_latest_only.py
[2024-05-22T22:41:45.989+0000] {processor.py:830} INFO - Processing file /home/airflow/.local/lib/python3.8/site-packages/airflow/example_dags/example_latest_only.py for tasks to queue
[2024-05-22T22:41:45.991+0000] {logging_mixin.py:188} INFO - [2024-05-22T22:41:45.990+0000] {dagbag.py:538} INFO - Filling up the DagBag from /home/airflow/.local/lib/python3.8/site-packages/airflow/example_dags/example_latest_only.py
[2024-05-22T22:41:45.995+0000] {processor.py:840} INFO - DAG(s) 'latest_only' retrieved from /home/airflow/.local/lib/python3.8/site-packages/airflow/example_dags/example_latest_only.py
[2024-05-22T22:41:46.013+0000] {logging_mixin.py:188} INFO - [2024-05-22T22:41:46.013+0000] {dag.py:3036} INFO - Sync 1 DAGs
[2024-05-22T22:41:46.034+0000] {logging_mixin.py:188} INFO - [2024-05-22T22:41:46.034+0000] {dag.py:3823} INFO - Setting next_dagrun for latest_only to 2024-05-22 16:00:00+00:00, run_after=2024-05-22 20:00:00+00:00
[2024-05-22T22:41:46.054+0000] {processor.py:183} INFO - Processing /home/airflow/.local/lib/python3.8/site-packages/airflow/example_dags/example_latest_only.py took 0.068 seconds
[2024-05-22T22:42:16.758+0000] {processor.py:161} INFO - Started process (PID=52882) to work on /home/airflow/.local/lib/python3.8/site-packages/airflow/example_dags/example_latest_only.py
[2024-05-22T22:42:16.759+0000] {processor.py:830} INFO - Processing file /home/airflow/.local/lib/python3.8/site-packages/airflow/example_dags/example_latest_only.py for tasks to queue
[2024-05-22T22:42:16.761+0000] {logging_mixin.py:188} INFO - [2024-05-22T22:42:16.761+0000] {dagbag.py:538} INFO - Filling up the DagBag from /home/airflow/.local/lib/python3.8/site-packages/airflow/example_dags/example_latest_only.py
[2024-05-22T22:42:16.767+0000] {processor.py:840} INFO - DAG(s) 'latest_only' retrieved from /home/airflow/.local/lib/python3.8/site-packages/airflow/example_dags/example_latest_only.py
[2024-05-22T22:42:16.787+0000] {logging_mixin.py:188} INFO - [2024-05-22T22:42:16.787+0000] {dag.py:3036} INFO - Sync 1 DAGs
[2024-05-22T22:42:16.809+0000] {logging_mixin.py:188} INFO - [2024-05-22T22:42:16.809+0000] {dag.py:3823} INFO - Setting next_dagrun for latest_only to 2024-05-22 16:00:00+00:00, run_after=2024-05-22 20:00:00+00:00
[2024-05-22T22:42:16.829+0000] {processor.py:183} INFO - Processing /home/airflow/.local/lib/python3.8/site-packages/airflow/example_dags/example_latest_only.py took 0.074 seconds
[2024-05-22T22:42:47.325+0000] {processor.py:161} INFO - Started process (PID=52939) to work on /home/airflow/.local/lib/python3.8/site-packages/airflow/example_dags/example_latest_only.py
[2024-05-22T22:42:47.327+0000] {processor.py:830} INFO - Processing file /home/airflow/.local/lib/python3.8/site-packages/airflow/example_dags/example_latest_only.py for tasks to queue
[2024-05-22T22:42:47.328+0000] {logging_mixin.py:188} INFO - [2024-05-22T22:42:47.328+0000] {dagbag.py:538} INFO - Filling up the DagBag from /home/airflow/.local/lib/python3.8/site-packages/airflow/example_dags/example_latest_only.py
[2024-05-22T22:42:47.333+0000] {processor.py:840} INFO - DAG(s) 'latest_only' retrieved from /home/airflow/.local/lib/python3.8/site-packages/airflow/example_dags/example_latest_only.py
[2024-05-22T22:42:47.354+0000] {logging_mixin.py:188} INFO - [2024-05-22T22:42:47.354+0000] {dag.py:3036} INFO - Sync 1 DAGs
[2024-05-22T22:42:47.379+0000] {logging_mixin.py:188} INFO - [2024-05-22T22:42:47.378+0000] {dag.py:3823} INFO - Setting next_dagrun for latest_only to 2024-05-22 16:00:00+00:00, run_after=2024-05-22 20:00:00+00:00
[2024-05-22T22:42:47.402+0000] {processor.py:183} INFO - Processing /home/airflow/.local/lib/python3.8/site-packages/airflow/example_dags/example_latest_only.py took 0.080 seconds
[2024-05-22T22:43:18.141+0000] {processor.py:161} INFO - Started process (PID=52996) to work on /home/airflow/.local/lib/python3.8/site-packages/airflow/example_dags/example_latest_only.py
[2024-05-22T22:43:18.142+0000] {processor.py:830} INFO - Processing file /home/airflow/.local/lib/python3.8/site-packages/airflow/example_dags/example_latest_only.py for tasks to queue
[2024-05-22T22:43:18.144+0000] {logging_mixin.py:188} INFO - [2024-05-22T22:43:18.143+0000] {dagbag.py:538} INFO - Filling up the DagBag from /home/airflow/.local/lib/python3.8/site-packages/airflow/example_dags/example_latest_only.py
[2024-05-22T22:43:18.149+0000] {processor.py:840} INFO - DAG(s) 'latest_only' retrieved from /home/airflow/.local/lib/python3.8/site-packages/airflow/example_dags/example_latest_only.py
[2024-05-22T22:43:18.170+0000] {logging_mixin.py:188} INFO - [2024-05-22T22:43:18.170+0000] {dag.py:3036} INFO - Sync 1 DAGs
[2024-05-22T22:43:18.194+0000] {logging_mixin.py:188} INFO - [2024-05-22T22:43:18.194+0000] {dag.py:3823} INFO - Setting next_dagrun for latest_only to 2024-05-22 16:00:00+00:00, run_after=2024-05-22 20:00:00+00:00
[2024-05-22T22:43:18.216+0000] {processor.py:183} INFO - Processing /home/airflow/.local/lib/python3.8/site-packages/airflow/example_dags/example_latest_only.py took 0.078 seconds
[2024-05-22T22:43:48.682+0000] {processor.py:161} INFO - Started process (PID=53053) to work on /home/airflow/.local/lib/python3.8/site-packages/airflow/example_dags/example_latest_only.py
[2024-05-22T22:43:48.683+0000] {processor.py:830} INFO - Processing file /home/airflow/.local/lib/python3.8/site-packages/airflow/example_dags/example_latest_only.py for tasks to queue
[2024-05-22T22:43:48.684+0000] {logging_mixin.py:188} INFO - [2024-05-22T22:43:48.684+0000] {dagbag.py:538} INFO - Filling up the DagBag from /home/airflow/.local/lib/python3.8/site-packages/airflow/example_dags/example_latest_only.py
[2024-05-22T22:43:48.689+0000] {processor.py:840} INFO - DAG(s) 'latest_only' retrieved from /home/airflow/.local/lib/python3.8/site-packages/airflow/example_dags/example_latest_only.py
[2024-05-22T22:43:48.711+0000] {logging_mixin.py:188} INFO - [2024-05-22T22:43:48.710+0000] {dag.py:3036} INFO - Sync 1 DAGs
[2024-05-22T22:43:48.736+0000] {logging_mixin.py:188} INFO - [2024-05-22T22:43:48.736+0000] {dag.py:3823} INFO - Setting next_dagrun for latest_only to 2024-05-22 16:00:00+00:00, run_after=2024-05-22 20:00:00+00:00
[2024-05-22T22:43:48.760+0000] {processor.py:183} INFO - Processing /home/airflow/.local/lib/python3.8/site-packages/airflow/example_dags/example_latest_only.py took 0.081 seconds
[2024-05-22T22:44:18.944+0000] {processor.py:161} INFO - Started process (PID=53110) to work on /home/airflow/.local/lib/python3.8/site-packages/airflow/example_dags/example_latest_only.py
[2024-05-22T22:44:18.945+0000] {processor.py:830} INFO - Processing file /home/airflow/.local/lib/python3.8/site-packages/airflow/example_dags/example_latest_only.py for tasks to queue
[2024-05-22T22:44:18.947+0000] {logging_mixin.py:188} INFO - [2024-05-22T22:44:18.947+0000] {dagbag.py:538} INFO - Filling up the DagBag from /home/airflow/.local/lib/python3.8/site-packages/airflow/example_dags/example_latest_only.py
[2024-05-22T22:44:18.951+0000] {processor.py:840} INFO - DAG(s) 'latest_only' retrieved from /home/airflow/.local/lib/python3.8/site-packages/airflow/example_dags/example_latest_only.py
[2024-05-22T22:44:18.971+0000] {logging_mixin.py:188} INFO - [2024-05-22T22:44:18.970+0000] {dag.py:3036} INFO - Sync 1 DAGs
[2024-05-22T22:44:18.992+0000] {logging_mixin.py:188} INFO - [2024-05-22T22:44:18.992+0000] {dag.py:3823} INFO - Setting next_dagrun for latest_only to 2024-05-22 16:00:00+00:00, run_after=2024-05-22 20:00:00+00:00
[2024-05-22T22:44:19.013+0000] {processor.py:183} INFO - Processing /home/airflow/.local/lib/python3.8/site-packages/airflow/example_dags/example_latest_only.py took 0.071 seconds
[2024-05-22T22:44:49.261+0000] {processor.py:161} INFO - Started process (PID=53167) to work on /home/airflow/.local/lib/python3.8/site-packages/airflow/example_dags/example_latest_only.py
[2024-05-22T22:44:49.262+0000] {processor.py:830} INFO - Processing file /home/airflow/.local/lib/python3.8/site-packages/airflow/example_dags/example_latest_only.py for tasks to queue
[2024-05-22T22:44:49.264+0000] {logging_mixin.py:188} INFO - [2024-05-22T22:44:49.264+0000] {dagbag.py:538} INFO - Filling up the DagBag from /home/airflow/.local/lib/python3.8/site-packages/airflow/example_dags/example_latest_only.py
[2024-05-22T22:44:49.269+0000] {processor.py:840} INFO - DAG(s) 'latest_only' retrieved from /home/airflow/.local/lib/python3.8/site-packages/airflow/example_dags/example_latest_only.py
[2024-05-22T22:44:49.289+0000] {logging_mixin.py:188} INFO - [2024-05-22T22:44:49.289+0000] {dag.py:3036} INFO - Sync 1 DAGs
[2024-05-22T22:44:49.317+0000] {logging_mixin.py:188} INFO - [2024-05-22T22:44:49.316+0000] {dag.py:3823} INFO - Setting next_dagrun for latest_only to 2024-05-22 16:00:00+00:00, run_after=2024-05-22 20:00:00+00:00
[2024-05-22T22:44:49.342+0000] {processor.py:183} INFO - Processing /home/airflow/.local/lib/python3.8/site-packages/airflow/example_dags/example_latest_only.py took 0.085 seconds
[2024-05-22T22:45:19.676+0000] {processor.py:161} INFO - Started process (PID=53225) to work on /home/airflow/.local/lib/python3.8/site-packages/airflow/example_dags/example_latest_only.py
[2024-05-22T22:45:19.677+0000] {processor.py:830} INFO - Processing file /home/airflow/.local/lib/python3.8/site-packages/airflow/example_dags/example_latest_only.py for tasks to queue
[2024-05-22T22:45:19.679+0000] {logging_mixin.py:188} INFO - [2024-05-22T22:45:19.679+0000] {dagbag.py:538} INFO - Filling up the DagBag from /home/airflow/.local/lib/python3.8/site-packages/airflow/example_dags/example_latest_only.py
[2024-05-22T22:45:19.684+0000] {processor.py:840} INFO - DAG(s) 'latest_only' retrieved from /home/airflow/.local/lib/python3.8/site-packages/airflow/example_dags/example_latest_only.py
[2024-05-22T22:45:19.705+0000] {logging_mixin.py:188} INFO - [2024-05-22T22:45:19.705+0000] {dag.py:3036} INFO - Sync 1 DAGs
[2024-05-22T22:45:19.727+0000] {logging_mixin.py:188} INFO - [2024-05-22T22:45:19.727+0000] {dag.py:3823} INFO - Setting next_dagrun for latest_only to 2024-05-22 16:00:00+00:00, run_after=2024-05-22 20:00:00+00:00
[2024-05-22T22:45:19.747+0000] {processor.py:183} INFO - Processing /home/airflow/.local/lib/python3.8/site-packages/airflow/example_dags/example_latest_only.py took 0.075 seconds
[2024-05-22T22:45:50.030+0000] {processor.py:161} INFO - Started process (PID=53283) to work on /home/airflow/.local/lib/python3.8/site-packages/airflow/example_dags/example_latest_only.py
[2024-05-22T22:45:50.031+0000] {processor.py:830} INFO - Processing file /home/airflow/.local/lib/python3.8/site-packages/airflow/example_dags/example_latest_only.py for tasks to queue
[2024-05-22T22:45:50.032+0000] {logging_mixin.py:188} INFO - [2024-05-22T22:45:50.032+0000] {dagbag.py:538} INFO - Filling up the DagBag from /home/airflow/.local/lib/python3.8/site-packages/airflow/example_dags/example_latest_only.py
[2024-05-22T22:45:50.036+0000] {processor.py:840} INFO - DAG(s) 'latest_only' retrieved from /home/airflow/.local/lib/python3.8/site-packages/airflow/example_dags/example_latest_only.py
[2024-05-22T22:45:50.058+0000] {logging_mixin.py:188} INFO - [2024-05-22T22:45:50.057+0000] {dag.py:3036} INFO - Sync 1 DAGs
[2024-05-22T22:45:50.080+0000] {logging_mixin.py:188} INFO - [2024-05-22T22:45:50.080+0000] {dag.py:3823} INFO - Setting next_dagrun for latest_only to 2024-05-22 16:00:00+00:00, run_after=2024-05-22 20:00:00+00:00
[2024-05-22T22:45:50.101+0000] {processor.py:183} INFO - Processing /home/airflow/.local/lib/python3.8/site-packages/airflow/example_dags/example_latest_only.py took 0.074 seconds
[2024-05-22T22:46:20.397+0000] {processor.py:161} INFO - Started process (PID=53341) to work on /home/airflow/.local/lib/python3.8/site-packages/airflow/example_dags/example_latest_only.py
[2024-05-22T22:46:20.398+0000] {processor.py:830} INFO - Processing file /home/airflow/.local/lib/python3.8/site-packages/airflow/example_dags/example_latest_only.py for tasks to queue
[2024-05-22T22:46:20.399+0000] {logging_mixin.py:188} INFO - [2024-05-22T22:46:20.399+0000] {dagbag.py:538} INFO - Filling up the DagBag from /home/airflow/.local/lib/python3.8/site-packages/airflow/example_dags/example_latest_only.py
[2024-05-22T22:46:20.404+0000] {processor.py:840} INFO - DAG(s) 'latest_only' retrieved from /home/airflow/.local/lib/python3.8/site-packages/airflow/example_dags/example_latest_only.py
[2024-05-22T22:46:20.423+0000] {logging_mixin.py:188} INFO - [2024-05-22T22:46:20.423+0000] {dag.py:3036} INFO - Sync 1 DAGs
[2024-05-22T22:46:20.447+0000] {logging_mixin.py:188} INFO - [2024-05-22T22:46:20.447+0000] {dag.py:3823} INFO - Setting next_dagrun for latest_only to 2024-05-22 16:00:00+00:00, run_after=2024-05-22 20:00:00+00:00
[2024-05-22T22:46:20.469+0000] {processor.py:183} INFO - Processing /home/airflow/.local/lib/python3.8/site-packages/airflow/example_dags/example_latest_only.py took 0.075 seconds
[2024-05-22T22:46:50.769+0000] {processor.py:161} INFO - Started process (PID=53398) to work on /home/airflow/.local/lib/python3.8/site-packages/airflow/example_dags/example_latest_only.py
[2024-05-22T22:46:50.770+0000] {processor.py:830} INFO - Processing file /home/airflow/.local/lib/python3.8/site-packages/airflow/example_dags/example_latest_only.py for tasks to queue
[2024-05-22T22:46:50.772+0000] {logging_mixin.py:188} INFO - [2024-05-22T22:46:50.772+0000] {dagbag.py:538} INFO - Filling up the DagBag from /home/airflow/.local/lib/python3.8/site-packages/airflow/example_dags/example_latest_only.py
[2024-05-22T22:46:50.778+0000] {processor.py:840} INFO - DAG(s) 'latest_only' retrieved from /home/airflow/.local/lib/python3.8/site-packages/airflow/example_dags/example_latest_only.py
[2024-05-22T22:46:50.797+0000] {logging_mixin.py:188} INFO - [2024-05-22T22:46:50.797+0000] {dag.py:3036} INFO - Sync 1 DAGs
[2024-05-22T22:46:50.822+0000] {logging_mixin.py:188} INFO - [2024-05-22T22:46:50.821+0000] {dag.py:3823} INFO - Setting next_dagrun for latest_only to 2024-05-22 16:00:00+00:00, run_after=2024-05-22 20:00:00+00:00
[2024-05-22T22:46:50.843+0000] {processor.py:183} INFO - Processing /home/airflow/.local/lib/python3.8/site-packages/airflow/example_dags/example_latest_only.py took 0.077 seconds
[2024-05-22T22:47:21.343+0000] {processor.py:161} INFO - Started process (PID=53455) to work on /home/airflow/.local/lib/python3.8/site-packages/airflow/example_dags/example_latest_only.py
[2024-05-22T22:47:21.344+0000] {processor.py:830} INFO - Processing file /home/airflow/.local/lib/python3.8/site-packages/airflow/example_dags/example_latest_only.py for tasks to queue
[2024-05-22T22:47:21.345+0000] {logging_mixin.py:188} INFO - [2024-05-22T22:47:21.345+0000] {dagbag.py:538} INFO - Filling up the DagBag from /home/airflow/.local/lib/python3.8/site-packages/airflow/example_dags/example_latest_only.py
[2024-05-22T22:47:21.350+0000] {processor.py:840} INFO - DAG(s) 'latest_only' retrieved from /home/airflow/.local/lib/python3.8/site-packages/airflow/example_dags/example_latest_only.py
[2024-05-22T22:47:21.373+0000] {logging_mixin.py:188} INFO - [2024-05-22T22:47:21.372+0000] {dag.py:3036} INFO - Sync 1 DAGs
[2024-05-22T22:47:21.397+0000] {logging_mixin.py:188} INFO - [2024-05-22T22:47:21.397+0000] {dag.py:3823} INFO - Setting next_dagrun for latest_only to 2024-05-22 16:00:00+00:00, run_after=2024-05-22 20:00:00+00:00
[2024-05-22T22:47:21.419+0000] {processor.py:183} INFO - Processing /home/airflow/.local/lib/python3.8/site-packages/airflow/example_dags/example_latest_only.py took 0.079 seconds
[2024-05-22T22:47:51.765+0000] {processor.py:161} INFO - Started process (PID=53513) to work on /home/airflow/.local/lib/python3.8/site-packages/airflow/example_dags/example_latest_only.py
[2024-05-22T22:47:51.767+0000] {processor.py:830} INFO - Processing file /home/airflow/.local/lib/python3.8/site-packages/airflow/example_dags/example_latest_only.py for tasks to queue
[2024-05-22T22:47:51.769+0000] {logging_mixin.py:188} INFO - [2024-05-22T22:47:51.768+0000] {dagbag.py:538} INFO - Filling up the DagBag from /home/airflow/.local/lib/python3.8/site-packages/airflow/example_dags/example_latest_only.py
[2024-05-22T22:47:51.773+0000] {processor.py:840} INFO - DAG(s) 'latest_only' retrieved from /home/airflow/.local/lib/python3.8/site-packages/airflow/example_dags/example_latest_only.py
[2024-05-22T22:47:51.795+0000] {logging_mixin.py:188} INFO - [2024-05-22T22:47:51.795+0000] {dag.py:3036} INFO - Sync 1 DAGs
[2024-05-22T22:47:51.821+0000] {logging_mixin.py:188} INFO - [2024-05-22T22:47:51.821+0000] {dag.py:3823} INFO - Setting next_dagrun for latest_only to 2024-05-22 16:00:00+00:00, run_after=2024-05-22 20:00:00+00:00
[2024-05-22T22:47:51.842+0000] {processor.py:183} INFO - Processing /home/airflow/.local/lib/python3.8/site-packages/airflow/example_dags/example_latest_only.py took 0.080 seconds
[2024-05-22T22:48:22.324+0000] {processor.py:161} INFO - Started process (PID=53570) to work on /home/airflow/.local/lib/python3.8/site-packages/airflow/example_dags/example_latest_only.py
[2024-05-22T22:48:22.324+0000] {processor.py:830} INFO - Processing file /home/airflow/.local/lib/python3.8/site-packages/airflow/example_dags/example_latest_only.py for tasks to queue
[2024-05-22T22:48:22.326+0000] {logging_mixin.py:188} INFO - [2024-05-22T22:48:22.326+0000] {dagbag.py:538} INFO - Filling up the DagBag from /home/airflow/.local/lib/python3.8/site-packages/airflow/example_dags/example_latest_only.py
[2024-05-22T22:48:22.330+0000] {processor.py:840} INFO - DAG(s) 'latest_only' retrieved from /home/airflow/.local/lib/python3.8/site-packages/airflow/example_dags/example_latest_only.py
[2024-05-22T22:48:22.350+0000] {logging_mixin.py:188} INFO - [2024-05-22T22:48:22.350+0000] {dag.py:3036} INFO - Sync 1 DAGs
[2024-05-22T22:48:22.374+0000] {logging_mixin.py:188} INFO - [2024-05-22T22:48:22.374+0000] {dag.py:3823} INFO - Setting next_dagrun for latest_only to 2024-05-22 16:00:00+00:00, run_after=2024-05-22 20:00:00+00:00
[2024-05-22T22:48:22.395+0000] {processor.py:183} INFO - Processing /home/airflow/.local/lib/python3.8/site-packages/airflow/example_dags/example_latest_only.py took 0.074 seconds
[2024-05-22T22:48:52.872+0000] {processor.py:161} INFO - Started process (PID=53627) to work on /home/airflow/.local/lib/python3.8/site-packages/airflow/example_dags/example_latest_only.py
[2024-05-22T22:48:52.872+0000] {processor.py:830} INFO - Processing file /home/airflow/.local/lib/python3.8/site-packages/airflow/example_dags/example_latest_only.py for tasks to queue
[2024-05-22T22:48:52.874+0000] {logging_mixin.py:188} INFO - [2024-05-22T22:48:52.874+0000] {dagbag.py:538} INFO - Filling up the DagBag from /home/airflow/.local/lib/python3.8/site-packages/airflow/example_dags/example_latest_only.py
[2024-05-22T22:48:52.879+0000] {processor.py:840} INFO - DAG(s) 'latest_only' retrieved from /home/airflow/.local/lib/python3.8/site-packages/airflow/example_dags/example_latest_only.py
[2024-05-22T22:48:52.900+0000] {logging_mixin.py:188} INFO - [2024-05-22T22:48:52.899+0000] {dag.py:3036} INFO - Sync 1 DAGs
[2024-05-22T22:48:52.926+0000] {logging_mixin.py:188} INFO - [2024-05-22T22:48:52.926+0000] {dag.py:3823} INFO - Setting next_dagrun for latest_only to 2024-05-22 16:00:00+00:00, run_after=2024-05-22 20:00:00+00:00
[2024-05-22T22:48:52.955+0000] {processor.py:183} INFO - Processing /home/airflow/.local/lib/python3.8/site-packages/airflow/example_dags/example_latest_only.py took 0.087 seconds
[2024-05-22T22:49:23.101+0000] {processor.py:161} INFO - Started process (PID=53684) to work on /home/airflow/.local/lib/python3.8/site-packages/airflow/example_dags/example_latest_only.py
[2024-05-22T22:49:23.102+0000] {processor.py:830} INFO - Processing file /home/airflow/.local/lib/python3.8/site-packages/airflow/example_dags/example_latest_only.py for tasks to queue
[2024-05-22T22:49:23.104+0000] {logging_mixin.py:188} INFO - [2024-05-22T22:49:23.104+0000] {dagbag.py:538} INFO - Filling up the DagBag from /home/airflow/.local/lib/python3.8/site-packages/airflow/example_dags/example_latest_only.py
[2024-05-22T22:49:23.108+0000] {processor.py:840} INFO - DAG(s) 'latest_only' retrieved from /home/airflow/.local/lib/python3.8/site-packages/airflow/example_dags/example_latest_only.py
[2024-05-22T22:49:23.129+0000] {logging_mixin.py:188} INFO - [2024-05-22T22:49:23.129+0000] {dag.py:3036} INFO - Sync 1 DAGs
[2024-05-22T22:49:23.156+0000] {logging_mixin.py:188} INFO - [2024-05-22T22:49:23.156+0000] {dag.py:3823} INFO - Setting next_dagrun for latest_only to 2024-05-22 16:00:00+00:00, run_after=2024-05-22 20:00:00+00:00
[2024-05-22T22:49:23.179+0000] {processor.py:183} INFO - Processing /home/airflow/.local/lib/python3.8/site-packages/airflow/example_dags/example_latest_only.py took 0.081 seconds
[2024-05-22T22:49:53.574+0000] {processor.py:161} INFO - Started process (PID=53741) to work on /home/airflow/.local/lib/python3.8/site-packages/airflow/example_dags/example_latest_only.py
[2024-05-22T22:49:53.575+0000] {processor.py:830} INFO - Processing file /home/airflow/.local/lib/python3.8/site-packages/airflow/example_dags/example_latest_only.py for tasks to queue
[2024-05-22T22:49:53.576+0000] {logging_mixin.py:188} INFO - [2024-05-22T22:49:53.576+0000] {dagbag.py:538} INFO - Filling up the DagBag from /home/airflow/.local/lib/python3.8/site-packages/airflow/example_dags/example_latest_only.py
[2024-05-22T22:49:53.581+0000] {processor.py:840} INFO - DAG(s) 'latest_only' retrieved from /home/airflow/.local/lib/python3.8/site-packages/airflow/example_dags/example_latest_only.py
[2024-05-22T22:49:53.602+0000] {logging_mixin.py:188} INFO - [2024-05-22T22:49:53.601+0000] {dag.py:3036} INFO - Sync 1 DAGs
[2024-05-22T22:49:53.625+0000] {logging_mixin.py:188} INFO - [2024-05-22T22:49:53.624+0000] {dag.py:3823} INFO - Setting next_dagrun for latest_only to 2024-05-22 16:00:00+00:00, run_after=2024-05-22 20:00:00+00:00
[2024-05-22T22:49:53.646+0000] {processor.py:183} INFO - Processing /home/airflow/.local/lib/python3.8/site-packages/airflow/example_dags/example_latest_only.py took 0.075 seconds
[2024-05-22T22:50:24.155+0000] {processor.py:161} INFO - Started process (PID=53798) to work on /home/airflow/.local/lib/python3.8/site-packages/airflow/example_dags/example_latest_only.py
[2024-05-22T22:50:24.156+0000] {processor.py:830} INFO - Processing file /home/airflow/.local/lib/python3.8/site-packages/airflow/example_dags/example_latest_only.py for tasks to queue
[2024-05-22T22:50:24.158+0000] {logging_mixin.py:188} INFO - [2024-05-22T22:50:24.158+0000] {dagbag.py:538} INFO - Filling up the DagBag from /home/airflow/.local/lib/python3.8/site-packages/airflow/example_dags/example_latest_only.py
[2024-05-22T22:50:24.163+0000] {processor.py:840} INFO - DAG(s) 'latest_only' retrieved from /home/airflow/.local/lib/python3.8/site-packages/airflow/example_dags/example_latest_only.py
[2024-05-22T22:50:24.188+0000] {logging_mixin.py:188} INFO - [2024-05-22T22:50:24.187+0000] {dag.py:3036} INFO - Sync 1 DAGs
[2024-05-22T22:50:24.216+0000] {logging_mixin.py:188} INFO - [2024-05-22T22:50:24.216+0000] {dag.py:3823} INFO - Setting next_dagrun for latest_only to 2024-05-22 16:00:00+00:00, run_after=2024-05-22 20:00:00+00:00
[2024-05-22T22:50:24.240+0000] {processor.py:183} INFO - Processing /home/airflow/.local/lib/python3.8/site-packages/airflow/example_dags/example_latest_only.py took 0.089 seconds
[2024-05-22T22:50:54.714+0000] {processor.py:161} INFO - Started process (PID=53855) to work on /home/airflow/.local/lib/python3.8/site-packages/airflow/example_dags/example_latest_only.py
[2024-05-22T22:50:54.715+0000] {processor.py:830} INFO - Processing file /home/airflow/.local/lib/python3.8/site-packages/airflow/example_dags/example_latest_only.py for tasks to queue
[2024-05-22T22:50:54.717+0000] {logging_mixin.py:188} INFO - [2024-05-22T22:50:54.716+0000] {dagbag.py:538} INFO - Filling up the DagBag from /home/airflow/.local/lib/python3.8/site-packages/airflow/example_dags/example_latest_only.py
[2024-05-22T22:50:54.722+0000] {processor.py:840} INFO - DAG(s) 'latest_only' retrieved from /home/airflow/.local/lib/python3.8/site-packages/airflow/example_dags/example_latest_only.py
[2024-05-22T22:50:54.759+0000] {logging_mixin.py:188} INFO - [2024-05-22T22:50:54.758+0000] {dag.py:3036} INFO - Sync 1 DAGs
[2024-05-22T22:50:54.790+0000] {logging_mixin.py:188} INFO - [2024-05-22T22:50:54.789+0000] {dag.py:3823} INFO - Setting next_dagrun for latest_only to 2024-05-22 16:00:00+00:00, run_after=2024-05-22 20:00:00+00:00
[2024-05-22T22:50:54.815+0000] {processor.py:183} INFO - Processing /home/airflow/.local/lib/python3.8/site-packages/airflow/example_dags/example_latest_only.py took 0.107 seconds
[2024-05-22T22:51:25.031+0000] {processor.py:161} INFO - Started process (PID=53911) to work on /home/airflow/.local/lib/python3.8/site-packages/airflow/example_dags/example_latest_only.py
[2024-05-22T22:51:25.032+0000] {processor.py:830} INFO - Processing file /home/airflow/.local/lib/python3.8/site-packages/airflow/example_dags/example_latest_only.py for tasks to queue
[2024-05-22T22:51:25.034+0000] {logging_mixin.py:188} INFO - [2024-05-22T22:51:25.034+0000] {dagbag.py:538} INFO - Filling up the DagBag from /home/airflow/.local/lib/python3.8/site-packages/airflow/example_dags/example_latest_only.py
[2024-05-22T22:51:25.039+0000] {processor.py:840} INFO - DAG(s) 'latest_only' retrieved from /home/airflow/.local/lib/python3.8/site-packages/airflow/example_dags/example_latest_only.py
[2024-05-22T22:51:25.060+0000] {logging_mixin.py:188} INFO - [2024-05-22T22:51:25.060+0000] {dag.py:3036} INFO - Sync 1 DAGs
[2024-05-22T22:51:25.084+0000] {logging_mixin.py:188} INFO - [2024-05-22T22:51:25.083+0000] {dag.py:3823} INFO - Setting next_dagrun for latest_only to 2024-05-22 16:00:00+00:00, run_after=2024-05-22 20:00:00+00:00
[2024-05-22T22:51:25.106+0000] {processor.py:183} INFO - Processing /home/airflow/.local/lib/python3.8/site-packages/airflow/example_dags/example_latest_only.py took 0.078 seconds
[2024-05-22T22:51:55.252+0000] {processor.py:161} INFO - Started process (PID=53967) to work on /home/airflow/.local/lib/python3.8/site-packages/airflow/example_dags/example_latest_only.py
[2024-05-22T22:51:55.252+0000] {processor.py:830} INFO - Processing file /home/airflow/.local/lib/python3.8/site-packages/airflow/example_dags/example_latest_only.py for tasks to queue
[2024-05-22T22:51:55.254+0000] {logging_mixin.py:188} INFO - [2024-05-22T22:51:55.254+0000] {dagbag.py:538} INFO - Filling up the DagBag from /home/airflow/.local/lib/python3.8/site-packages/airflow/example_dags/example_latest_only.py
[2024-05-22T22:51:55.259+0000] {processor.py:840} INFO - DAG(s) 'latest_only' retrieved from /home/airflow/.local/lib/python3.8/site-packages/airflow/example_dags/example_latest_only.py
[2024-05-22T22:51:55.278+0000] {logging_mixin.py:188} INFO - [2024-05-22T22:51:55.278+0000] {dag.py:3036} INFO - Sync 1 DAGs
[2024-05-22T22:51:55.305+0000] {logging_mixin.py:188} INFO - [2024-05-22T22:51:55.305+0000] {dag.py:3823} INFO - Setting next_dagrun for latest_only to 2024-05-22 16:00:00+00:00, run_after=2024-05-22 20:00:00+00:00
[2024-05-22T22:51:55.329+0000] {processor.py:183} INFO - Processing /home/airflow/.local/lib/python3.8/site-packages/airflow/example_dags/example_latest_only.py took 0.081 seconds
[2024-05-22T22:52:25.587+0000] {processor.py:161} INFO - Started process (PID=54024) to work on /home/airflow/.local/lib/python3.8/site-packages/airflow/example_dags/example_latest_only.py
[2024-05-22T22:52:25.588+0000] {processor.py:830} INFO - Processing file /home/airflow/.local/lib/python3.8/site-packages/airflow/example_dags/example_latest_only.py for tasks to queue
[2024-05-22T22:52:25.590+0000] {logging_mixin.py:188} INFO - [2024-05-22T22:52:25.590+0000] {dagbag.py:538} INFO - Filling up the DagBag from /home/airflow/.local/lib/python3.8/site-packages/airflow/example_dags/example_latest_only.py
[2024-05-22T22:52:25.595+0000] {processor.py:840} INFO - DAG(s) 'latest_only' retrieved from /home/airflow/.local/lib/python3.8/site-packages/airflow/example_dags/example_latest_only.py
[2024-05-22T22:52:25.616+0000] {logging_mixin.py:188} INFO - [2024-05-22T22:52:25.615+0000] {dag.py:3036} INFO - Sync 1 DAGs
[2024-05-22T22:52:25.637+0000] {logging_mixin.py:188} INFO - [2024-05-22T22:52:25.637+0000] {dag.py:3823} INFO - Setting next_dagrun for latest_only to 2024-05-22 16:00:00+00:00, run_after=2024-05-22 20:00:00+00:00
[2024-05-22T22:52:25.657+0000] {processor.py:183} INFO - Processing /home/airflow/.local/lib/python3.8/site-packages/airflow/example_dags/example_latest_only.py took 0.074 seconds
[2024-05-22T22:52:55.894+0000] {processor.py:161} INFO - Started process (PID=54082) to work on /home/airflow/.local/lib/python3.8/site-packages/airflow/example_dags/example_latest_only.py
[2024-05-22T22:52:55.896+0000] {processor.py:830} INFO - Processing file /home/airflow/.local/lib/python3.8/site-packages/airflow/example_dags/example_latest_only.py for tasks to queue
[2024-05-22T22:52:55.898+0000] {logging_mixin.py:188} INFO - [2024-05-22T22:52:55.897+0000] {dagbag.py:538} INFO - Filling up the DagBag from /home/airflow/.local/lib/python3.8/site-packages/airflow/example_dags/example_latest_only.py
[2024-05-22T22:52:55.902+0000] {processor.py:840} INFO - DAG(s) 'latest_only' retrieved from /home/airflow/.local/lib/python3.8/site-packages/airflow/example_dags/example_latest_only.py
[2024-05-22T22:52:55.923+0000] {logging_mixin.py:188} INFO - [2024-05-22T22:52:55.923+0000] {dag.py:3036} INFO - Sync 1 DAGs
[2024-05-22T22:52:55.948+0000] {logging_mixin.py:188} INFO - [2024-05-22T22:52:55.947+0000] {dag.py:3823} INFO - Setting next_dagrun for latest_only to 2024-05-22 16:00:00+00:00, run_after=2024-05-22 20:00:00+00:00
[2024-05-22T22:52:55.970+0000] {processor.py:183} INFO - Processing /home/airflow/.local/lib/python3.8/site-packages/airflow/example_dags/example_latest_only.py took 0.082 seconds
[2024-05-22T22:53:26.374+0000] {processor.py:161} INFO - Started process (PID=54139) to work on /home/airflow/.local/lib/python3.8/site-packages/airflow/example_dags/example_latest_only.py
[2024-05-22T22:53:26.375+0000] {processor.py:830} INFO - Processing file /home/airflow/.local/lib/python3.8/site-packages/airflow/example_dags/example_latest_only.py for tasks to queue
[2024-05-22T22:53:26.376+0000] {logging_mixin.py:188} INFO - [2024-05-22T22:53:26.376+0000] {dagbag.py:538} INFO - Filling up the DagBag from /home/airflow/.local/lib/python3.8/site-packages/airflow/example_dags/example_latest_only.py
[2024-05-22T22:53:26.382+0000] {processor.py:840} INFO - DAG(s) 'latest_only' retrieved from /home/airflow/.local/lib/python3.8/site-packages/airflow/example_dags/example_latest_only.py
[2024-05-22T22:53:26.403+0000] {logging_mixin.py:188} INFO - [2024-05-22T22:53:26.403+0000] {dag.py:3036} INFO - Sync 1 DAGs
[2024-05-22T22:53:26.429+0000] {logging_mixin.py:188} INFO - [2024-05-22T22:53:26.429+0000] {dag.py:3823} INFO - Setting next_dagrun for latest_only to 2024-05-22 16:00:00+00:00, run_after=2024-05-22 20:00:00+00:00
[2024-05-22T22:53:26.449+0000] {processor.py:183} INFO - Processing /home/airflow/.local/lib/python3.8/site-packages/airflow/example_dags/example_latest_only.py took 0.079 seconds
[2024-05-22T22:53:56.718+0000] {processor.py:161} INFO - Started process (PID=54196) to work on /home/airflow/.local/lib/python3.8/site-packages/airflow/example_dags/example_latest_only.py
[2024-05-22T22:53:56.719+0000] {processor.py:830} INFO - Processing file /home/airflow/.local/lib/python3.8/site-packages/airflow/example_dags/example_latest_only.py for tasks to queue
[2024-05-22T22:53:56.721+0000] {logging_mixin.py:188} INFO - [2024-05-22T22:53:56.720+0000] {dagbag.py:538} INFO - Filling up the DagBag from /home/airflow/.local/lib/python3.8/site-packages/airflow/example_dags/example_latest_only.py
[2024-05-22T22:53:56.726+0000] {processor.py:840} INFO - DAG(s) 'latest_only' retrieved from /home/airflow/.local/lib/python3.8/site-packages/airflow/example_dags/example_latest_only.py
[2024-05-22T22:53:56.747+0000] {logging_mixin.py:188} INFO - [2024-05-22T22:53:56.747+0000] {dag.py:3036} INFO - Sync 1 DAGs
[2024-05-22T22:53:56.772+0000] {logging_mixin.py:188} INFO - [2024-05-22T22:53:56.772+0000] {dag.py:3823} INFO - Setting next_dagrun for latest_only to 2024-05-22 16:00:00+00:00, run_after=2024-05-22 20:00:00+00:00
[2024-05-22T22:53:56.795+0000] {processor.py:183} INFO - Processing /home/airflow/.local/lib/python3.8/site-packages/airflow/example_dags/example_latest_only.py took 0.081 seconds
[2024-05-22T22:54:27.159+0000] {processor.py:161} INFO - Started process (PID=54253) to work on /home/airflow/.local/lib/python3.8/site-packages/airflow/example_dags/example_latest_only.py
[2024-05-22T22:54:27.160+0000] {processor.py:830} INFO - Processing file /home/airflow/.local/lib/python3.8/site-packages/airflow/example_dags/example_latest_only.py for tasks to queue
[2024-05-22T22:54:27.162+0000] {logging_mixin.py:188} INFO - [2024-05-22T22:54:27.162+0000] {dagbag.py:538} INFO - Filling up the DagBag from /home/airflow/.local/lib/python3.8/site-packages/airflow/example_dags/example_latest_only.py
[2024-05-22T22:54:27.169+0000] {processor.py:840} INFO - DAG(s) 'latest_only' retrieved from /home/airflow/.local/lib/python3.8/site-packages/airflow/example_dags/example_latest_only.py
[2024-05-22T22:54:27.197+0000] {logging_mixin.py:188} INFO - [2024-05-22T22:54:27.196+0000] {dag.py:3036} INFO - Sync 1 DAGs
[2024-05-22T22:54:27.227+0000] {logging_mixin.py:188} INFO - [2024-05-22T22:54:27.227+0000] {dag.py:3823} INFO - Setting next_dagrun for latest_only to 2024-05-22 16:00:00+00:00, run_after=2024-05-22 20:00:00+00:00
[2024-05-22T22:54:27.254+0000] {processor.py:183} INFO - Processing /home/airflow/.local/lib/python3.8/site-packages/airflow/example_dags/example_latest_only.py took 0.099 seconds
[2024-05-22T22:54:57.594+0000] {processor.py:161} INFO - Started process (PID=54310) to work on /home/airflow/.local/lib/python3.8/site-packages/airflow/example_dags/example_latest_only.py
[2024-05-22T22:54:57.595+0000] {processor.py:830} INFO - Processing file /home/airflow/.local/lib/python3.8/site-packages/airflow/example_dags/example_latest_only.py for tasks to queue
[2024-05-22T22:54:57.597+0000] {logging_mixin.py:188} INFO - [2024-05-22T22:54:57.596+0000] {dagbag.py:538} INFO - Filling up the DagBag from /home/airflow/.local/lib/python3.8/site-packages/airflow/example_dags/example_latest_only.py
[2024-05-22T22:54:57.601+0000] {processor.py:840} INFO - DAG(s) 'latest_only' retrieved from /home/airflow/.local/lib/python3.8/site-packages/airflow/example_dags/example_latest_only.py
[2024-05-22T22:54:57.621+0000] {logging_mixin.py:188} INFO - [2024-05-22T22:54:57.621+0000] {dag.py:3036} INFO - Sync 1 DAGs
[2024-05-22T22:54:57.646+0000] {logging_mixin.py:188} INFO - [2024-05-22T22:54:57.646+0000] {dag.py:3823} INFO - Setting next_dagrun for latest_only to 2024-05-22 16:00:00+00:00, run_after=2024-05-22 20:00:00+00:00
[2024-05-22T22:54:57.668+0000] {processor.py:183} INFO - Processing /home/airflow/.local/lib/python3.8/site-packages/airflow/example_dags/example_latest_only.py took 0.077 seconds
[2024-05-22T22:55:28.109+0000] {processor.py:161} INFO - Started process (PID=54367) to work on /home/airflow/.local/lib/python3.8/site-packages/airflow/example_dags/example_latest_only.py
[2024-05-22T22:55:28.110+0000] {processor.py:830} INFO - Processing file /home/airflow/.local/lib/python3.8/site-packages/airflow/example_dags/example_latest_only.py for tasks to queue
[2024-05-22T22:55:28.112+0000] {logging_mixin.py:188} INFO - [2024-05-22T22:55:28.111+0000] {dagbag.py:538} INFO - Filling up the DagBag from /home/airflow/.local/lib/python3.8/site-packages/airflow/example_dags/example_latest_only.py
[2024-05-22T22:55:28.117+0000] {processor.py:840} INFO - DAG(s) 'latest_only' retrieved from /home/airflow/.local/lib/python3.8/site-packages/airflow/example_dags/example_latest_only.py
[2024-05-22T22:55:28.136+0000] {logging_mixin.py:188} INFO - [2024-05-22T22:55:28.136+0000] {dag.py:3036} INFO - Sync 1 DAGs
[2024-05-22T22:55:28.159+0000] {logging_mixin.py:188} INFO - [2024-05-22T22:55:28.159+0000] {dag.py:3823} INFO - Setting next_dagrun for latest_only to 2024-05-22 16:00:00+00:00, run_after=2024-05-22 20:00:00+00:00
[2024-05-22T22:55:28.180+0000] {processor.py:183} INFO - Processing /home/airflow/.local/lib/python3.8/site-packages/airflow/example_dags/example_latest_only.py took 0.075 seconds
[2024-05-22T22:55:58.890+0000] {processor.py:161} INFO - Started process (PID=54424) to work on /home/airflow/.local/lib/python3.8/site-packages/airflow/example_dags/example_latest_only.py
[2024-05-22T22:55:58.891+0000] {processor.py:830} INFO - Processing file /home/airflow/.local/lib/python3.8/site-packages/airflow/example_dags/example_latest_only.py for tasks to queue
[2024-05-22T22:55:58.893+0000] {logging_mixin.py:188} INFO - [2024-05-22T22:55:58.893+0000] {dagbag.py:538} INFO - Filling up the DagBag from /home/airflow/.local/lib/python3.8/site-packages/airflow/example_dags/example_latest_only.py
[2024-05-22T22:55:58.899+0000] {processor.py:840} INFO - DAG(s) 'latest_only' retrieved from /home/airflow/.local/lib/python3.8/site-packages/airflow/example_dags/example_latest_only.py
[2024-05-22T22:55:58.924+0000] {logging_mixin.py:188} INFO - [2024-05-22T22:55:58.923+0000] {dag.py:3036} INFO - Sync 1 DAGs
[2024-05-22T22:55:58.951+0000] {logging_mixin.py:188} INFO - [2024-05-22T22:55:58.951+0000] {dag.py:3823} INFO - Setting next_dagrun for latest_only to 2024-05-22 16:00:00+00:00, run_after=2024-05-22 20:00:00+00:00
[2024-05-22T22:55:58.978+0000] {processor.py:183} INFO - Processing /home/airflow/.local/lib/python3.8/site-packages/airflow/example_dags/example_latest_only.py took 0.092 seconds
[2024-05-22T22:56:29.203+0000] {processor.py:161} INFO - Started process (PID=54481) to work on /home/airflow/.local/lib/python3.8/site-packages/airflow/example_dags/example_latest_only.py
[2024-05-22T22:56:29.204+0000] {processor.py:830} INFO - Processing file /home/airflow/.local/lib/python3.8/site-packages/airflow/example_dags/example_latest_only.py for tasks to queue
[2024-05-22T22:56:29.206+0000] {logging_mixin.py:188} INFO - [2024-05-22T22:56:29.206+0000] {dagbag.py:538} INFO - Filling up the DagBag from /home/airflow/.local/lib/python3.8/site-packages/airflow/example_dags/example_latest_only.py
[2024-05-22T22:56:29.210+0000] {processor.py:840} INFO - DAG(s) 'latest_only' retrieved from /home/airflow/.local/lib/python3.8/site-packages/airflow/example_dags/example_latest_only.py
[2024-05-22T22:56:29.230+0000] {logging_mixin.py:188} INFO - [2024-05-22T22:56:29.229+0000] {dag.py:3036} INFO - Sync 1 DAGs
[2024-05-22T22:56:29.254+0000] {logging_mixin.py:188} INFO - [2024-05-22T22:56:29.254+0000] {dag.py:3823} INFO - Setting next_dagrun for latest_only to 2024-05-22 16:00:00+00:00, run_after=2024-05-22 20:00:00+00:00
[2024-05-22T22:56:29.275+0000] {processor.py:183} INFO - Processing /home/airflow/.local/lib/python3.8/site-packages/airflow/example_dags/example_latest_only.py took 0.074 seconds
[2024-05-22T22:56:59.717+0000] {processor.py:161} INFO - Started process (PID=54538) to work on /home/airflow/.local/lib/python3.8/site-packages/airflow/example_dags/example_latest_only.py
[2024-05-22T22:56:59.718+0000] {processor.py:830} INFO - Processing file /home/airflow/.local/lib/python3.8/site-packages/airflow/example_dags/example_latest_only.py for tasks to queue
[2024-05-22T22:56:59.720+0000] {logging_mixin.py:188} INFO - [2024-05-22T22:56:59.719+0000] {dagbag.py:538} INFO - Filling up the DagBag from /home/airflow/.local/lib/python3.8/site-packages/airflow/example_dags/example_latest_only.py
[2024-05-22T22:56:59.725+0000] {processor.py:840} INFO - DAG(s) 'latest_only' retrieved from /home/airflow/.local/lib/python3.8/site-packages/airflow/example_dags/example_latest_only.py
[2024-05-22T22:56:59.749+0000] {logging_mixin.py:188} INFO - [2024-05-22T22:56:59.749+0000] {dag.py:3036} INFO - Sync 1 DAGs
[2024-05-22T22:56:59.780+0000] {logging_mixin.py:188} INFO - [2024-05-22T22:56:59.779+0000] {dag.py:3823} INFO - Setting next_dagrun for latest_only to 2024-05-22 16:00:00+00:00, run_after=2024-05-22 20:00:00+00:00
[2024-05-22T22:56:59.811+0000] {processor.py:183} INFO - Processing /home/airflow/.local/lib/python3.8/site-packages/airflow/example_dags/example_latest_only.py took 0.096 seconds
[2024-05-22T22:57:30.147+0000] {processor.py:161} INFO - Started process (PID=54595) to work on /home/airflow/.local/lib/python3.8/site-packages/airflow/example_dags/example_latest_only.py
[2024-05-22T22:57:30.148+0000] {processor.py:830} INFO - Processing file /home/airflow/.local/lib/python3.8/site-packages/airflow/example_dags/example_latest_only.py for tasks to queue
[2024-05-22T22:57:30.151+0000] {logging_mixin.py:188} INFO - [2024-05-22T22:57:30.150+0000] {dagbag.py:538} INFO - Filling up the DagBag from /home/airflow/.local/lib/python3.8/site-packages/airflow/example_dags/example_latest_only.py
[2024-05-22T22:57:30.157+0000] {processor.py:840} INFO - DAG(s) 'latest_only' retrieved from /home/airflow/.local/lib/python3.8/site-packages/airflow/example_dags/example_latest_only.py
[2024-05-22T22:57:30.179+0000] {logging_mixin.py:188} INFO - [2024-05-22T22:57:30.179+0000] {dag.py:3036} INFO - Sync 1 DAGs
[2024-05-22T22:57:30.211+0000] {logging_mixin.py:188} INFO - [2024-05-22T22:57:30.211+0000] {dag.py:3823} INFO - Setting next_dagrun for latest_only to 2024-05-22 16:00:00+00:00, run_after=2024-05-22 20:00:00+00:00
[2024-05-22T22:57:30.238+0000] {processor.py:183} INFO - Processing /home/airflow/.local/lib/python3.8/site-packages/airflow/example_dags/example_latest_only.py took 0.095 seconds
[2024-05-22T22:58:00.682+0000] {processor.py:161} INFO - Started process (PID=54652) to work on /home/airflow/.local/lib/python3.8/site-packages/airflow/example_dags/example_latest_only.py
[2024-05-22T22:58:00.683+0000] {processor.py:830} INFO - Processing file /home/airflow/.local/lib/python3.8/site-packages/airflow/example_dags/example_latest_only.py for tasks to queue
[2024-05-22T22:58:00.686+0000] {logging_mixin.py:188} INFO - [2024-05-22T22:58:00.685+0000] {dagbag.py:538} INFO - Filling up the DagBag from /home/airflow/.local/lib/python3.8/site-packages/airflow/example_dags/example_latest_only.py
[2024-05-22T22:58:00.691+0000] {processor.py:840} INFO - DAG(s) 'latest_only' retrieved from /home/airflow/.local/lib/python3.8/site-packages/airflow/example_dags/example_latest_only.py
[2024-05-22T22:58:00.716+0000] {logging_mixin.py:188} INFO - [2024-05-22T22:58:00.716+0000] {dag.py:3036} INFO - Sync 1 DAGs
[2024-05-22T22:58:00.745+0000] {logging_mixin.py:188} INFO - [2024-05-22T22:58:00.745+0000] {dag.py:3823} INFO - Setting next_dagrun for latest_only to 2024-05-22 16:00:00+00:00, run_after=2024-05-22 20:00:00+00:00
[2024-05-22T22:58:00.768+0000] {processor.py:183} INFO - Processing /home/airflow/.local/lib/python3.8/site-packages/airflow/example_dags/example_latest_only.py took 0.090 seconds
[2024-05-22T22:58:31.052+0000] {processor.py:161} INFO - Started process (PID=54709) to work on /home/airflow/.local/lib/python3.8/site-packages/airflow/example_dags/example_latest_only.py
[2024-05-22T22:58:31.053+0000] {processor.py:830} INFO - Processing file /home/airflow/.local/lib/python3.8/site-packages/airflow/example_dags/example_latest_only.py for tasks to queue
[2024-05-22T22:58:31.055+0000] {logging_mixin.py:188} INFO - [2024-05-22T22:58:31.055+0000] {dagbag.py:538} INFO - Filling up the DagBag from /home/airflow/.local/lib/python3.8/site-packages/airflow/example_dags/example_latest_only.py
[2024-05-22T22:58:31.061+0000] {processor.py:840} INFO - DAG(s) 'latest_only' retrieved from /home/airflow/.local/lib/python3.8/site-packages/airflow/example_dags/example_latest_only.py
[2024-05-22T22:58:31.085+0000] {logging_mixin.py:188} INFO - [2024-05-22T22:58:31.084+0000] {dag.py:3036} INFO - Sync 1 DAGs
[2024-05-22T22:58:31.114+0000] {logging_mixin.py:188} INFO - [2024-05-22T22:58:31.114+0000] {dag.py:3823} INFO - Setting next_dagrun for latest_only to 2024-05-22 16:00:00+00:00, run_after=2024-05-22 20:00:00+00:00
[2024-05-22T22:58:31.138+0000] {processor.py:183} INFO - Processing /home/airflow/.local/lib/python3.8/site-packages/airflow/example_dags/example_latest_only.py took 0.089 seconds
[2024-05-22T22:59:01.471+0000] {processor.py:161} INFO - Started process (PID=54766) to work on /home/airflow/.local/lib/python3.8/site-packages/airflow/example_dags/example_latest_only.py
[2024-05-22T22:59:01.472+0000] {processor.py:830} INFO - Processing file /home/airflow/.local/lib/python3.8/site-packages/airflow/example_dags/example_latest_only.py for tasks to queue
[2024-05-22T22:59:01.474+0000] {logging_mixin.py:188} INFO - [2024-05-22T22:59:01.473+0000] {dagbag.py:538} INFO - Filling up the DagBag from /home/airflow/.local/lib/python3.8/site-packages/airflow/example_dags/example_latest_only.py
[2024-05-22T22:59:01.479+0000] {processor.py:840} INFO - DAG(s) 'latest_only' retrieved from /home/airflow/.local/lib/python3.8/site-packages/airflow/example_dags/example_latest_only.py
[2024-05-22T22:59:01.499+0000] {logging_mixin.py:188} INFO - [2024-05-22T22:59:01.498+0000] {dag.py:3036} INFO - Sync 1 DAGs
[2024-05-22T22:59:01.521+0000] {logging_mixin.py:188} INFO - [2024-05-22T22:59:01.521+0000] {dag.py:3823} INFO - Setting next_dagrun for latest_only to 2024-05-22 16:00:00+00:00, run_after=2024-05-22 20:00:00+00:00
[2024-05-22T22:59:01.540+0000] {processor.py:183} INFO - Processing /home/airflow/.local/lib/python3.8/site-packages/airflow/example_dags/example_latest_only.py took 0.073 seconds
[2024-05-22T22:59:32.680+0000] {processor.py:161} INFO - Started process (PID=54823) to work on /home/airflow/.local/lib/python3.8/site-packages/airflow/example_dags/example_latest_only.py
[2024-05-22T22:59:32.681+0000] {processor.py:830} INFO - Processing file /home/airflow/.local/lib/python3.8/site-packages/airflow/example_dags/example_latest_only.py for tasks to queue
[2024-05-22T22:59:32.682+0000] {logging_mixin.py:188} INFO - [2024-05-22T22:59:32.682+0000] {dagbag.py:538} INFO - Filling up the DagBag from /home/airflow/.local/lib/python3.8/site-packages/airflow/example_dags/example_latest_only.py
[2024-05-22T22:59:32.686+0000] {processor.py:840} INFO - DAG(s) 'latest_only' retrieved from /home/airflow/.local/lib/python3.8/site-packages/airflow/example_dags/example_latest_only.py
[2024-05-22T22:59:32.705+0000] {logging_mixin.py:188} INFO - [2024-05-22T22:59:32.705+0000] {dag.py:3036} INFO - Sync 1 DAGs
[2024-05-22T22:59:32.727+0000] {logging_mixin.py:188} INFO - [2024-05-22T22:59:32.727+0000] {dag.py:3823} INFO - Setting next_dagrun for latest_only to 2024-05-22 16:00:00+00:00, run_after=2024-05-22 20:00:00+00:00
[2024-05-22T22:59:32.746+0000] {processor.py:183} INFO - Processing /home/airflow/.local/lib/python3.8/site-packages/airflow/example_dags/example_latest_only.py took 0.069 seconds
[2024-05-22T23:00:03.185+0000] {processor.py:161} INFO - Started process (PID=54880) to work on /home/airflow/.local/lib/python3.8/site-packages/airflow/example_dags/example_latest_only.py
[2024-05-22T23:00:03.186+0000] {processor.py:830} INFO - Processing file /home/airflow/.local/lib/python3.8/site-packages/airflow/example_dags/example_latest_only.py for tasks to queue
[2024-05-22T23:00:03.187+0000] {logging_mixin.py:188} INFO - [2024-05-22T23:00:03.187+0000] {dagbag.py:538} INFO - Filling up the DagBag from /home/airflow/.local/lib/python3.8/site-packages/airflow/example_dags/example_latest_only.py
[2024-05-22T23:00:03.193+0000] {processor.py:840} INFO - DAG(s) 'latest_only' retrieved from /home/airflow/.local/lib/python3.8/site-packages/airflow/example_dags/example_latest_only.py
[2024-05-22T23:00:03.213+0000] {logging_mixin.py:188} INFO - [2024-05-22T23:00:03.212+0000] {dag.py:3036} INFO - Sync 1 DAGs
[2024-05-22T23:00:03.235+0000] {logging_mixin.py:188} INFO - [2024-05-22T23:00:03.234+0000] {dag.py:3823} INFO - Setting next_dagrun for latest_only to 2024-05-22 16:00:00+00:00, run_after=2024-05-22 20:00:00+00:00
[2024-05-22T23:00:03.256+0000] {processor.py:183} INFO - Processing /home/airflow/.local/lib/python3.8/site-packages/airflow/example_dags/example_latest_only.py took 0.075 seconds
[2024-05-22T23:00:33.940+0000] {processor.py:161} INFO - Started process (PID=54937) to work on /home/airflow/.local/lib/python3.8/site-packages/airflow/example_dags/example_latest_only.py
[2024-05-22T23:00:33.942+0000] {processor.py:830} INFO - Processing file /home/airflow/.local/lib/python3.8/site-packages/airflow/example_dags/example_latest_only.py for tasks to queue
[2024-05-22T23:00:33.944+0000] {logging_mixin.py:188} INFO - [2024-05-22T23:00:33.944+0000] {dagbag.py:538} INFO - Filling up the DagBag from /home/airflow/.local/lib/python3.8/site-packages/airflow/example_dags/example_latest_only.py
[2024-05-22T23:00:33.951+0000] {processor.py:840} INFO - DAG(s) 'latest_only' retrieved from /home/airflow/.local/lib/python3.8/site-packages/airflow/example_dags/example_latest_only.py
[2024-05-22T23:00:33.973+0000] {logging_mixin.py:188} INFO - [2024-05-22T23:00:33.973+0000] {dag.py:3036} INFO - Sync 1 DAGs
[2024-05-22T23:00:33.997+0000] {logging_mixin.py:188} INFO - [2024-05-22T23:00:33.997+0000] {dag.py:3823} INFO - Setting next_dagrun for latest_only to 2024-05-22 16:00:00+00:00, run_after=2024-05-22 20:00:00+00:00
[2024-05-22T23:00:34.017+0000] {processor.py:183} INFO - Processing /home/airflow/.local/lib/python3.8/site-packages/airflow/example_dags/example_latest_only.py took 0.081 seconds
[2024-05-22T23:01:04.888+0000] {processor.py:161} INFO - Started process (PID=54994) to work on /home/airflow/.local/lib/python3.8/site-packages/airflow/example_dags/example_latest_only.py
[2024-05-22T23:01:04.889+0000] {processor.py:830} INFO - Processing file /home/airflow/.local/lib/python3.8/site-packages/airflow/example_dags/example_latest_only.py for tasks to queue
[2024-05-22T23:01:04.890+0000] {logging_mixin.py:188} INFO - [2024-05-22T23:01:04.890+0000] {dagbag.py:538} INFO - Filling up the DagBag from /home/airflow/.local/lib/python3.8/site-packages/airflow/example_dags/example_latest_only.py
[2024-05-22T23:01:04.895+0000] {processor.py:840} INFO - DAG(s) 'latest_only' retrieved from /home/airflow/.local/lib/python3.8/site-packages/airflow/example_dags/example_latest_only.py
[2024-05-22T23:01:04.914+0000] {logging_mixin.py:188} INFO - [2024-05-22T23:01:04.913+0000] {dag.py:3036} INFO - Sync 1 DAGs
[2024-05-22T23:01:04.937+0000] {logging_mixin.py:188} INFO - [2024-05-22T23:01:04.937+0000] {dag.py:3823} INFO - Setting next_dagrun for latest_only to 2024-05-22 16:00:00+00:00, run_after=2024-05-22 20:00:00+00:00
[2024-05-22T23:01:04.958+0000] {processor.py:183} INFO - Processing /home/airflow/.local/lib/python3.8/site-packages/airflow/example_dags/example_latest_only.py took 0.073 seconds
[2024-05-22T23:01:35.487+0000] {processor.py:161} INFO - Started process (PID=55051) to work on /home/airflow/.local/lib/python3.8/site-packages/airflow/example_dags/example_latest_only.py
[2024-05-22T23:01:35.488+0000] {processor.py:830} INFO - Processing file /home/airflow/.local/lib/python3.8/site-packages/airflow/example_dags/example_latest_only.py for tasks to queue
[2024-05-22T23:01:35.489+0000] {logging_mixin.py:188} INFO - [2024-05-22T23:01:35.489+0000] {dagbag.py:538} INFO - Filling up the DagBag from /home/airflow/.local/lib/python3.8/site-packages/airflow/example_dags/example_latest_only.py
[2024-05-22T23:01:35.494+0000] {processor.py:840} INFO - DAG(s) 'latest_only' retrieved from /home/airflow/.local/lib/python3.8/site-packages/airflow/example_dags/example_latest_only.py
[2024-05-22T23:01:35.513+0000] {logging_mixin.py:188} INFO - [2024-05-22T23:01:35.513+0000] {dag.py:3036} INFO - Sync 1 DAGs
[2024-05-22T23:01:35.535+0000] {logging_mixin.py:188} INFO - [2024-05-22T23:01:35.535+0000] {dag.py:3823} INFO - Setting next_dagrun for latest_only to 2024-05-22 16:00:00+00:00, run_after=2024-05-22 20:00:00+00:00
[2024-05-22T23:01:35.563+0000] {processor.py:183} INFO - Processing /home/airflow/.local/lib/python3.8/site-packages/airflow/example_dags/example_latest_only.py took 0.079 seconds
[2024-05-22T23:02:05.791+0000] {processor.py:161} INFO - Started process (PID=55108) to work on /home/airflow/.local/lib/python3.8/site-packages/airflow/example_dags/example_latest_only.py
[2024-05-22T23:02:05.792+0000] {processor.py:830} INFO - Processing file /home/airflow/.local/lib/python3.8/site-packages/airflow/example_dags/example_latest_only.py for tasks to queue
[2024-05-22T23:02:05.794+0000] {logging_mixin.py:188} INFO - [2024-05-22T23:02:05.794+0000] {dagbag.py:538} INFO - Filling up the DagBag from /home/airflow/.local/lib/python3.8/site-packages/airflow/example_dags/example_latest_only.py
[2024-05-22T23:02:05.799+0000] {processor.py:840} INFO - DAG(s) 'latest_only' retrieved from /home/airflow/.local/lib/python3.8/site-packages/airflow/example_dags/example_latest_only.py
[2024-05-22T23:02:05.830+0000] {logging_mixin.py:188} INFO - [2024-05-22T23:02:05.830+0000] {dag.py:3036} INFO - Sync 1 DAGs
[2024-05-22T23:02:05.858+0000] {logging_mixin.py:188} INFO - [2024-05-22T23:02:05.857+0000] {dag.py:3823} INFO - Setting next_dagrun for latest_only to 2024-05-22 16:00:00+00:00, run_after=2024-05-22 20:00:00+00:00
[2024-05-22T23:02:05.884+0000] {processor.py:183} INFO - Processing /home/airflow/.local/lib/python3.8/site-packages/airflow/example_dags/example_latest_only.py took 0.097 seconds
[2024-05-22T23:02:35.977+0000] {processor.py:161} INFO - Started process (PID=55166) to work on /home/airflow/.local/lib/python3.8/site-packages/airflow/example_dags/example_latest_only.py
[2024-05-22T23:02:35.978+0000] {processor.py:830} INFO - Processing file /home/airflow/.local/lib/python3.8/site-packages/airflow/example_dags/example_latest_only.py for tasks to queue
[2024-05-22T23:02:35.980+0000] {logging_mixin.py:188} INFO - [2024-05-22T23:02:35.979+0000] {dagbag.py:538} INFO - Filling up the DagBag from /home/airflow/.local/lib/python3.8/site-packages/airflow/example_dags/example_latest_only.py
[2024-05-22T23:02:35.985+0000] {processor.py:840} INFO - DAG(s) 'latest_only' retrieved from /home/airflow/.local/lib/python3.8/site-packages/airflow/example_dags/example_latest_only.py
[2024-05-22T23:02:36.007+0000] {logging_mixin.py:188} INFO - [2024-05-22T23:02:36.007+0000] {dag.py:3036} INFO - Sync 1 DAGs
[2024-05-22T23:02:36.035+0000] {logging_mixin.py:188} INFO - [2024-05-22T23:02:36.034+0000] {dag.py:3823} INFO - Setting next_dagrun for latest_only to 2024-05-22 16:00:00+00:00, run_after=2024-05-22 20:00:00+00:00
[2024-05-22T23:02:36.062+0000] {processor.py:183} INFO - Processing /home/airflow/.local/lib/python3.8/site-packages/airflow/example_dags/example_latest_only.py took 0.089 seconds
[2024-05-22T23:03:07.016+0000] {processor.py:161} INFO - Started process (PID=55223) to work on /home/airflow/.local/lib/python3.8/site-packages/airflow/example_dags/example_latest_only.py
[2024-05-22T23:03:07.017+0000] {processor.py:830} INFO - Processing file /home/airflow/.local/lib/python3.8/site-packages/airflow/example_dags/example_latest_only.py for tasks to queue
[2024-05-22T23:03:07.019+0000] {logging_mixin.py:188} INFO - [2024-05-22T23:03:07.018+0000] {dagbag.py:538} INFO - Filling up the DagBag from /home/airflow/.local/lib/python3.8/site-packages/airflow/example_dags/example_latest_only.py
[2024-05-22T23:03:07.023+0000] {processor.py:840} INFO - DAG(s) 'latest_only' retrieved from /home/airflow/.local/lib/python3.8/site-packages/airflow/example_dags/example_latest_only.py
[2024-05-22T23:03:07.043+0000] {logging_mixin.py:188} INFO - [2024-05-22T23:03:07.043+0000] {dag.py:3036} INFO - Sync 1 DAGs
[2024-05-22T23:03:07.067+0000] {logging_mixin.py:188} INFO - [2024-05-22T23:03:07.067+0000] {dag.py:3823} INFO - Setting next_dagrun for latest_only to 2024-05-22 16:00:00+00:00, run_after=2024-05-22 20:00:00+00:00
[2024-05-22T23:03:07.089+0000] {processor.py:183} INFO - Processing /home/airflow/.local/lib/python3.8/site-packages/airflow/example_dags/example_latest_only.py took 0.077 seconds
[2024-05-22T23:03:37.745+0000] {processor.py:161} INFO - Started process (PID=55280) to work on /home/airflow/.local/lib/python3.8/site-packages/airflow/example_dags/example_latest_only.py
[2024-05-22T23:03:37.746+0000] {processor.py:830} INFO - Processing file /home/airflow/.local/lib/python3.8/site-packages/airflow/example_dags/example_latest_only.py for tasks to queue
[2024-05-22T23:03:37.748+0000] {logging_mixin.py:188} INFO - [2024-05-22T23:03:37.747+0000] {dagbag.py:538} INFO - Filling up the DagBag from /home/airflow/.local/lib/python3.8/site-packages/airflow/example_dags/example_latest_only.py
[2024-05-22T23:03:37.752+0000] {processor.py:840} INFO - DAG(s) 'latest_only' retrieved from /home/airflow/.local/lib/python3.8/site-packages/airflow/example_dags/example_latest_only.py
[2024-05-22T23:03:37.773+0000] {logging_mixin.py:188} INFO - [2024-05-22T23:03:37.773+0000] {dag.py:3036} INFO - Sync 1 DAGs
[2024-05-22T23:03:37.802+0000] {logging_mixin.py:188} INFO - [2024-05-22T23:03:37.802+0000] {dag.py:3823} INFO - Setting next_dagrun for latest_only to 2024-05-22 16:00:00+00:00, run_after=2024-05-22 20:00:00+00:00
[2024-05-22T23:03:37.825+0000] {processor.py:183} INFO - Processing /home/airflow/.local/lib/python3.8/site-packages/airflow/example_dags/example_latest_only.py took 0.083 seconds
[2024-05-22T23:04:08.387+0000] {processor.py:161} INFO - Started process (PID=55338) to work on /home/airflow/.local/lib/python3.8/site-packages/airflow/example_dags/example_latest_only.py
[2024-05-22T23:04:08.388+0000] {processor.py:830} INFO - Processing file /home/airflow/.local/lib/python3.8/site-packages/airflow/example_dags/example_latest_only.py for tasks to queue
[2024-05-22T23:04:08.389+0000] {logging_mixin.py:188} INFO - [2024-05-22T23:04:08.389+0000] {dagbag.py:538} INFO - Filling up the DagBag from /home/airflow/.local/lib/python3.8/site-packages/airflow/example_dags/example_latest_only.py
[2024-05-22T23:04:08.395+0000] {processor.py:840} INFO - DAG(s) 'latest_only' retrieved from /home/airflow/.local/lib/python3.8/site-packages/airflow/example_dags/example_latest_only.py
[2024-05-22T23:04:08.417+0000] {logging_mixin.py:188} INFO - [2024-05-22T23:04:08.417+0000] {dag.py:3036} INFO - Sync 1 DAGs
[2024-05-22T23:04:08.444+0000] {logging_mixin.py:188} INFO - [2024-05-22T23:04:08.444+0000] {dag.py:3823} INFO - Setting next_dagrun for latest_only to 2024-05-22 16:00:00+00:00, run_after=2024-05-22 20:00:00+00:00
[2024-05-22T23:04:08.475+0000] {processor.py:183} INFO - Processing /home/airflow/.local/lib/python3.8/site-packages/airflow/example_dags/example_latest_only.py took 0.092 seconds
[2024-05-22T23:04:38.732+0000] {processor.py:161} INFO - Started process (PID=55393) to work on /home/airflow/.local/lib/python3.8/site-packages/airflow/example_dags/example_latest_only.py
[2024-05-22T23:04:38.733+0000] {processor.py:830} INFO - Processing file /home/airflow/.local/lib/python3.8/site-packages/airflow/example_dags/example_latest_only.py for tasks to queue
[2024-05-22T23:04:38.735+0000] {logging_mixin.py:188} INFO - [2024-05-22T23:04:38.735+0000] {dagbag.py:538} INFO - Filling up the DagBag from /home/airflow/.local/lib/python3.8/site-packages/airflow/example_dags/example_latest_only.py
[2024-05-22T23:04:38.740+0000] {processor.py:840} INFO - DAG(s) 'latest_only' retrieved from /home/airflow/.local/lib/python3.8/site-packages/airflow/example_dags/example_latest_only.py
[2024-05-22T23:04:38.766+0000] {logging_mixin.py:188} INFO - [2024-05-22T23:04:38.766+0000] {dag.py:3036} INFO - Sync 1 DAGs
[2024-05-22T23:04:38.794+0000] {logging_mixin.py:188} INFO - [2024-05-22T23:04:38.793+0000] {dag.py:3823} INFO - Setting next_dagrun for latest_only to 2024-05-22 16:00:00+00:00, run_after=2024-05-22 20:00:00+00:00
[2024-05-22T23:04:38.822+0000] {processor.py:183} INFO - Processing /home/airflow/.local/lib/python3.8/site-packages/airflow/example_dags/example_latest_only.py took 0.093 seconds
[2024-05-22T23:05:09.371+0000] {processor.py:161} INFO - Started process (PID=55450) to work on /home/airflow/.local/lib/python3.8/site-packages/airflow/example_dags/example_latest_only.py
[2024-05-22T23:05:09.372+0000] {processor.py:830} INFO - Processing file /home/airflow/.local/lib/python3.8/site-packages/airflow/example_dags/example_latest_only.py for tasks to queue
[2024-05-22T23:05:09.374+0000] {logging_mixin.py:188} INFO - [2024-05-22T23:05:09.374+0000] {dagbag.py:538} INFO - Filling up the DagBag from /home/airflow/.local/lib/python3.8/site-packages/airflow/example_dags/example_latest_only.py
[2024-05-22T23:05:09.379+0000] {processor.py:840} INFO - DAG(s) 'latest_only' retrieved from /home/airflow/.local/lib/python3.8/site-packages/airflow/example_dags/example_latest_only.py
[2024-05-22T23:05:09.404+0000] {logging_mixin.py:188} INFO - [2024-05-22T23:05:09.403+0000] {dag.py:3036} INFO - Sync 1 DAGs
[2024-05-22T23:05:09.432+0000] {logging_mixin.py:188} INFO - [2024-05-22T23:05:09.432+0000] {dag.py:3823} INFO - Setting next_dagrun for latest_only to 2024-05-22 16:00:00+00:00, run_after=2024-05-22 20:00:00+00:00
[2024-05-22T23:05:09.464+0000] {processor.py:183} INFO - Processing /home/airflow/.local/lib/python3.8/site-packages/airflow/example_dags/example_latest_only.py took 0.096 seconds
[2024-05-22T23:05:39.532+0000] {processor.py:161} INFO - Started process (PID=55507) to work on /home/airflow/.local/lib/python3.8/site-packages/airflow/example_dags/example_latest_only.py
[2024-05-22T23:05:39.533+0000] {processor.py:830} INFO - Processing file /home/airflow/.local/lib/python3.8/site-packages/airflow/example_dags/example_latest_only.py for tasks to queue
[2024-05-22T23:05:39.535+0000] {logging_mixin.py:188} INFO - [2024-05-22T23:05:39.535+0000] {dagbag.py:538} INFO - Filling up the DagBag from /home/airflow/.local/lib/python3.8/site-packages/airflow/example_dags/example_latest_only.py
[2024-05-22T23:05:39.539+0000] {processor.py:840} INFO - DAG(s) 'latest_only' retrieved from /home/airflow/.local/lib/python3.8/site-packages/airflow/example_dags/example_latest_only.py
[2024-05-22T23:05:39.563+0000] {logging_mixin.py:188} INFO - [2024-05-22T23:05:39.563+0000] {dag.py:3036} INFO - Sync 1 DAGs
[2024-05-22T23:05:39.590+0000] {logging_mixin.py:188} INFO - [2024-05-22T23:05:39.590+0000] {dag.py:3823} INFO - Setting next_dagrun for latest_only to 2024-05-22 16:00:00+00:00, run_after=2024-05-22 20:00:00+00:00
[2024-05-22T23:05:39.620+0000] {processor.py:183} INFO - Processing /home/airflow/.local/lib/python3.8/site-packages/airflow/example_dags/example_latest_only.py took 0.091 seconds
[2024-05-22T23:06:10.182+0000] {processor.py:161} INFO - Started process (PID=55564) to work on /home/airflow/.local/lib/python3.8/site-packages/airflow/example_dags/example_latest_only.py
[2024-05-22T23:06:10.183+0000] {processor.py:830} INFO - Processing file /home/airflow/.local/lib/python3.8/site-packages/airflow/example_dags/example_latest_only.py for tasks to queue
[2024-05-22T23:06:10.185+0000] {logging_mixin.py:188} INFO - [2024-05-22T23:06:10.184+0000] {dagbag.py:538} INFO - Filling up the DagBag from /home/airflow/.local/lib/python3.8/site-packages/airflow/example_dags/example_latest_only.py
[2024-05-22T23:06:10.190+0000] {processor.py:840} INFO - DAG(s) 'latest_only' retrieved from /home/airflow/.local/lib/python3.8/site-packages/airflow/example_dags/example_latest_only.py
[2024-05-22T23:06:10.217+0000] {logging_mixin.py:188} INFO - [2024-05-22T23:06:10.216+0000] {dag.py:3036} INFO - Sync 1 DAGs
[2024-05-22T23:06:10.245+0000] {logging_mixin.py:188} INFO - [2024-05-22T23:06:10.245+0000] {dag.py:3823} INFO - Setting next_dagrun for latest_only to 2024-05-22 16:00:00+00:00, run_after=2024-05-22 20:00:00+00:00
[2024-05-22T23:06:10.267+0000] {processor.py:183} INFO - Processing /home/airflow/.local/lib/python3.8/site-packages/airflow/example_dags/example_latest_only.py took 0.089 seconds
[2024-05-22T23:06:40.907+0000] {processor.py:161} INFO - Started process (PID=55621) to work on /home/airflow/.local/lib/python3.8/site-packages/airflow/example_dags/example_latest_only.py
[2024-05-22T23:06:40.908+0000] {processor.py:830} INFO - Processing file /home/airflow/.local/lib/python3.8/site-packages/airflow/example_dags/example_latest_only.py for tasks to queue
[2024-05-22T23:06:40.912+0000] {logging_mixin.py:188} INFO - [2024-05-22T23:06:40.911+0000] {dagbag.py:538} INFO - Filling up the DagBag from /home/airflow/.local/lib/python3.8/site-packages/airflow/example_dags/example_latest_only.py
[2024-05-22T23:06:40.916+0000] {processor.py:840} INFO - DAG(s) 'latest_only' retrieved from /home/airflow/.local/lib/python3.8/site-packages/airflow/example_dags/example_latest_only.py
[2024-05-22T23:06:40.941+0000] {logging_mixin.py:188} INFO - [2024-05-22T23:06:40.941+0000] {dag.py:3036} INFO - Sync 1 DAGs
[2024-05-22T23:06:40.968+0000] {logging_mixin.py:188} INFO - [2024-05-22T23:06:40.968+0000] {dag.py:3823} INFO - Setting next_dagrun for latest_only to 2024-05-22 16:00:00+00:00, run_after=2024-05-22 20:00:00+00:00
[2024-05-22T23:06:40.999+0000] {processor.py:183} INFO - Processing /home/airflow/.local/lib/python3.8/site-packages/airflow/example_dags/example_latest_only.py took 0.095 seconds
[2024-05-22T23:07:11.162+0000] {processor.py:161} INFO - Started process (PID=55678) to work on /home/airflow/.local/lib/python3.8/site-packages/airflow/example_dags/example_latest_only.py
[2024-05-22T23:07:11.163+0000] {processor.py:830} INFO - Processing file /home/airflow/.local/lib/python3.8/site-packages/airflow/example_dags/example_latest_only.py for tasks to queue
[2024-05-22T23:07:11.165+0000] {logging_mixin.py:188} INFO - [2024-05-22T23:07:11.165+0000] {dagbag.py:538} INFO - Filling up the DagBag from /home/airflow/.local/lib/python3.8/site-packages/airflow/example_dags/example_latest_only.py
[2024-05-22T23:07:11.171+0000] {processor.py:840} INFO - DAG(s) 'latest_only' retrieved from /home/airflow/.local/lib/python3.8/site-packages/airflow/example_dags/example_latest_only.py
[2024-05-22T23:07:11.197+0000] {logging_mixin.py:188} INFO - [2024-05-22T23:07:11.196+0000] {dag.py:3036} INFO - Sync 1 DAGs
[2024-05-22T23:07:11.227+0000] {logging_mixin.py:188} INFO - [2024-05-22T23:07:11.227+0000] {dag.py:3823} INFO - Setting next_dagrun for latest_only to 2024-05-22 16:00:00+00:00, run_after=2024-05-22 20:00:00+00:00
[2024-05-22T23:07:11.250+0000] {processor.py:183} INFO - Processing /home/airflow/.local/lib/python3.8/site-packages/airflow/example_dags/example_latest_only.py took 0.092 seconds
[2024-05-22T23:07:41.322+0000] {processor.py:161} INFO - Started process (PID=55735) to work on /home/airflow/.local/lib/python3.8/site-packages/airflow/example_dags/example_latest_only.py
[2024-05-22T23:07:41.323+0000] {processor.py:830} INFO - Processing file /home/airflow/.local/lib/python3.8/site-packages/airflow/example_dags/example_latest_only.py for tasks to queue
[2024-05-22T23:07:41.325+0000] {logging_mixin.py:188} INFO - [2024-05-22T23:07:41.325+0000] {dagbag.py:538} INFO - Filling up the DagBag from /home/airflow/.local/lib/python3.8/site-packages/airflow/example_dags/example_latest_only.py
[2024-05-22T23:07:41.329+0000] {processor.py:840} INFO - DAG(s) 'latest_only' retrieved from /home/airflow/.local/lib/python3.8/site-packages/airflow/example_dags/example_latest_only.py
[2024-05-22T23:07:41.351+0000] {logging_mixin.py:188} INFO - [2024-05-22T23:07:41.350+0000] {dag.py:3036} INFO - Sync 1 DAGs
[2024-05-22T23:07:41.375+0000] {logging_mixin.py:188} INFO - [2024-05-22T23:07:41.375+0000] {dag.py:3823} INFO - Setting next_dagrun for latest_only to 2024-05-22 16:00:00+00:00, run_after=2024-05-22 20:00:00+00:00
[2024-05-22T23:07:41.404+0000] {processor.py:183} INFO - Processing /home/airflow/.local/lib/python3.8/site-packages/airflow/example_dags/example_latest_only.py took 0.085 seconds
[2024-05-22T23:08:11.911+0000] {processor.py:161} INFO - Started process (PID=55792) to work on /home/airflow/.local/lib/python3.8/site-packages/airflow/example_dags/example_latest_only.py
[2024-05-22T23:08:11.912+0000] {processor.py:830} INFO - Processing file /home/airflow/.local/lib/python3.8/site-packages/airflow/example_dags/example_latest_only.py for tasks to queue
[2024-05-22T23:08:11.915+0000] {logging_mixin.py:188} INFO - [2024-05-22T23:08:11.915+0000] {dagbag.py:538} INFO - Filling up the DagBag from /home/airflow/.local/lib/python3.8/site-packages/airflow/example_dags/example_latest_only.py
[2024-05-22T23:08:11.921+0000] {processor.py:840} INFO - DAG(s) 'latest_only' retrieved from /home/airflow/.local/lib/python3.8/site-packages/airflow/example_dags/example_latest_only.py
[2024-05-22T23:08:11.947+0000] {logging_mixin.py:188} INFO - [2024-05-22T23:08:11.947+0000] {dag.py:3036} INFO - Sync 1 DAGs
[2024-05-22T23:08:11.979+0000] {logging_mixin.py:188} INFO - [2024-05-22T23:08:11.978+0000] {dag.py:3823} INFO - Setting next_dagrun for latest_only to 2024-05-22 16:00:00+00:00, run_after=2024-05-22 20:00:00+00:00
[2024-05-22T23:08:12.012+0000] {processor.py:183} INFO - Processing /home/airflow/.local/lib/python3.8/site-packages/airflow/example_dags/example_latest_only.py took 0.106 seconds
[2024-05-22T23:08:42.756+0000] {processor.py:161} INFO - Started process (PID=55849) to work on /home/airflow/.local/lib/python3.8/site-packages/airflow/example_dags/example_latest_only.py
[2024-05-22T23:08:42.757+0000] {processor.py:830} INFO - Processing file /home/airflow/.local/lib/python3.8/site-packages/airflow/example_dags/example_latest_only.py for tasks to queue
[2024-05-22T23:08:42.758+0000] {logging_mixin.py:188} INFO - [2024-05-22T23:08:42.758+0000] {dagbag.py:538} INFO - Filling up the DagBag from /home/airflow/.local/lib/python3.8/site-packages/airflow/example_dags/example_latest_only.py
[2024-05-22T23:08:42.763+0000] {processor.py:840} INFO - DAG(s) 'latest_only' retrieved from /home/airflow/.local/lib/python3.8/site-packages/airflow/example_dags/example_latest_only.py
[2024-05-22T23:08:42.783+0000] {logging_mixin.py:188} INFO - [2024-05-22T23:08:42.783+0000] {dag.py:3036} INFO - Sync 1 DAGs
[2024-05-22T23:08:42.805+0000] {logging_mixin.py:188} INFO - [2024-05-22T23:08:42.805+0000] {dag.py:3823} INFO - Setting next_dagrun for latest_only to 2024-05-22 16:00:00+00:00, run_after=2024-05-22 20:00:00+00:00
[2024-05-22T23:08:42.840+0000] {processor.py:183} INFO - Processing /home/airflow/.local/lib/python3.8/site-packages/airflow/example_dags/example_latest_only.py took 0.087 seconds
[2024-05-22T23:09:13.600+0000] {processor.py:161} INFO - Started process (PID=55912) to work on /home/airflow/.local/lib/python3.8/site-packages/airflow/example_dags/example_latest_only.py
[2024-05-22T23:09:13.600+0000] {processor.py:830} INFO - Processing file /home/airflow/.local/lib/python3.8/site-packages/airflow/example_dags/example_latest_only.py for tasks to queue
[2024-05-22T23:09:13.602+0000] {logging_mixin.py:188} INFO - [2024-05-22T23:09:13.602+0000] {dagbag.py:538} INFO - Filling up the DagBag from /home/airflow/.local/lib/python3.8/site-packages/airflow/example_dags/example_latest_only.py
[2024-05-22T23:09:13.608+0000] {processor.py:840} INFO - DAG(s) 'latest_only' retrieved from /home/airflow/.local/lib/python3.8/site-packages/airflow/example_dags/example_latest_only.py
[2024-05-22T23:09:13.629+0000] {logging_mixin.py:188} INFO - [2024-05-22T23:09:13.629+0000] {dag.py:3036} INFO - Sync 1 DAGs
[2024-05-22T23:09:13.655+0000] {logging_mixin.py:188} INFO - [2024-05-22T23:09:13.655+0000] {dag.py:3823} INFO - Setting next_dagrun for latest_only to 2024-05-22 16:00:00+00:00, run_after=2024-05-22 20:00:00+00:00
[2024-05-22T23:09:13.683+0000] {processor.py:183} INFO - Processing /home/airflow/.local/lib/python3.8/site-packages/airflow/example_dags/example_latest_only.py took 0.087 seconds
[2024-05-22T23:09:44.022+0000] {processor.py:161} INFO - Started process (PID=55969) to work on /home/airflow/.local/lib/python3.8/site-packages/airflow/example_dags/example_latest_only.py
[2024-05-22T23:09:44.022+0000] {processor.py:830} INFO - Processing file /home/airflow/.local/lib/python3.8/site-packages/airflow/example_dags/example_latest_only.py for tasks to queue
[2024-05-22T23:09:44.024+0000] {logging_mixin.py:188} INFO - [2024-05-22T23:09:44.024+0000] {dagbag.py:538} INFO - Filling up the DagBag from /home/airflow/.local/lib/python3.8/site-packages/airflow/example_dags/example_latest_only.py
[2024-05-22T23:09:44.029+0000] {processor.py:840} INFO - DAG(s) 'latest_only' retrieved from /home/airflow/.local/lib/python3.8/site-packages/airflow/example_dags/example_latest_only.py
[2024-05-22T23:09:44.053+0000] {logging_mixin.py:188} INFO - [2024-05-22T23:09:44.052+0000] {dag.py:3036} INFO - Sync 1 DAGs
[2024-05-22T23:09:44.080+0000] {logging_mixin.py:188} INFO - [2024-05-22T23:09:44.080+0000] {dag.py:3823} INFO - Setting next_dagrun for latest_only to 2024-05-22 16:00:00+00:00, run_after=2024-05-22 20:00:00+00:00
[2024-05-22T23:09:44.112+0000] {processor.py:183} INFO - Processing /home/airflow/.local/lib/python3.8/site-packages/airflow/example_dags/example_latest_only.py took 0.094 seconds
[2024-05-22T23:10:14.324+0000] {processor.py:161} INFO - Started process (PID=56026) to work on /home/airflow/.local/lib/python3.8/site-packages/airflow/example_dags/example_latest_only.py
[2024-05-22T23:10:14.325+0000] {processor.py:830} INFO - Processing file /home/airflow/.local/lib/python3.8/site-packages/airflow/example_dags/example_latest_only.py for tasks to queue
[2024-05-22T23:10:14.327+0000] {logging_mixin.py:188} INFO - [2024-05-22T23:10:14.326+0000] {dagbag.py:538} INFO - Filling up the DagBag from /home/airflow/.local/lib/python3.8/site-packages/airflow/example_dags/example_latest_only.py
[2024-05-22T23:10:14.332+0000] {processor.py:840} INFO - DAG(s) 'latest_only' retrieved from /home/airflow/.local/lib/python3.8/site-packages/airflow/example_dags/example_latest_only.py
[2024-05-22T23:10:14.358+0000] {logging_mixin.py:188} INFO - [2024-05-22T23:10:14.357+0000] {dag.py:3036} INFO - Sync 1 DAGs
[2024-05-22T23:10:14.388+0000] {logging_mixin.py:188} INFO - [2024-05-22T23:10:14.387+0000] {dag.py:3823} INFO - Setting next_dagrun for latest_only to 2024-05-22 16:00:00+00:00, run_after=2024-05-22 20:00:00+00:00
[2024-05-22T23:10:14.409+0000] {processor.py:183} INFO - Processing /home/airflow/.local/lib/python3.8/site-packages/airflow/example_dags/example_latest_only.py took 0.088 seconds
