[2024-05-22T22:36:41.481+0000] {processor.py:161} INFO - Started process (PID=52257) to work on /home/airflow/.local/lib/python3.8/site-packages/airflow/example_dags/example_skip_dag.py
[2024-05-22T22:36:41.483+0000] {processor.py:830} INFO - Processing file /home/airflow/.local/lib/python3.8/site-packages/airflow/example_dags/example_skip_dag.py for tasks to queue
[2024-05-22T22:36:41.485+0000] {logging_mixin.py:188} INFO - [2024-05-22T22:36:41.485+0000] {dagbag.py:538} INFO - Filling up the DagBag from /home/airflow/.local/lib/python3.8/site-packages/airflow/example_dags/example_skip_dag.py
[2024-05-22T22:36:41.494+0000] {processor.py:840} INFO - DAG(s) 'example_skip_dag' retrieved from /home/airflow/.local/lib/python3.8/site-packages/airflow/example_dags/example_skip_dag.py
[2024-05-22T22:36:41.528+0000] {logging_mixin.py:188} INFO - [2024-05-22T22:36:41.527+0000] {dag.py:3036} INFO - Sync 1 DAGs
[2024-05-22T22:36:41.557+0000] {logging_mixin.py:188} INFO - [2024-05-22T22:36:41.557+0000] {dag.py:3823} INFO - Setting next_dagrun for example_skip_dag to 2024-05-21 00:00:00+00:00, run_after=2024-05-22 00:00:00+00:00
[2024-05-22T22:36:41.597+0000] {processor.py:183} INFO - Processing /home/airflow/.local/lib/python3.8/site-packages/airflow/example_dags/example_skip_dag.py took 0.120 seconds
[2024-05-22T22:37:11.899+0000] {processor.py:161} INFO - Started process (PID=52313) to work on /home/airflow/.local/lib/python3.8/site-packages/airflow/example_dags/example_skip_dag.py
[2024-05-22T22:37:11.900+0000] {processor.py:830} INFO - Processing file /home/airflow/.local/lib/python3.8/site-packages/airflow/example_dags/example_skip_dag.py for tasks to queue
[2024-05-22T22:37:11.901+0000] {logging_mixin.py:188} INFO - [2024-05-22T22:37:11.901+0000] {dagbag.py:538} INFO - Filling up the DagBag from /home/airflow/.local/lib/python3.8/site-packages/airflow/example_dags/example_skip_dag.py
[2024-05-22T22:37:11.909+0000] {processor.py:840} INFO - DAG(s) 'example_skip_dag' retrieved from /home/airflow/.local/lib/python3.8/site-packages/airflow/example_dags/example_skip_dag.py
[2024-05-22T22:37:11.931+0000] {logging_mixin.py:188} INFO - [2024-05-22T22:37:11.931+0000] {dag.py:3036} INFO - Sync 1 DAGs
[2024-05-22T22:37:11.956+0000] {logging_mixin.py:188} INFO - [2024-05-22T22:37:11.956+0000] {dag.py:3823} INFO - Setting next_dagrun for example_skip_dag to 2024-05-21 00:00:00+00:00, run_after=2024-05-22 00:00:00+00:00
[2024-05-22T22:37:11.977+0000] {processor.py:183} INFO - Processing /home/airflow/.local/lib/python3.8/site-packages/airflow/example_dags/example_skip_dag.py took 0.081 seconds
[2024-05-22T22:37:42.488+0000] {processor.py:161} INFO - Started process (PID=52371) to work on /home/airflow/.local/lib/python3.8/site-packages/airflow/example_dags/example_skip_dag.py
[2024-05-22T22:37:42.489+0000] {processor.py:830} INFO - Processing file /home/airflow/.local/lib/python3.8/site-packages/airflow/example_dags/example_skip_dag.py for tasks to queue
[2024-05-22T22:37:42.491+0000] {logging_mixin.py:188} INFO - [2024-05-22T22:37:42.491+0000] {dagbag.py:538} INFO - Filling up the DagBag from /home/airflow/.local/lib/python3.8/site-packages/airflow/example_dags/example_skip_dag.py
[2024-05-22T22:37:42.497+0000] {processor.py:840} INFO - DAG(s) 'example_skip_dag' retrieved from /home/airflow/.local/lib/python3.8/site-packages/airflow/example_dags/example_skip_dag.py
[2024-05-22T22:37:42.519+0000] {logging_mixin.py:188} INFO - [2024-05-22T22:37:42.519+0000] {dag.py:3036} INFO - Sync 1 DAGs
[2024-05-22T22:37:42.541+0000] {logging_mixin.py:188} INFO - [2024-05-22T22:37:42.541+0000] {dag.py:3823} INFO - Setting next_dagrun for example_skip_dag to 2024-05-21 00:00:00+00:00, run_after=2024-05-22 00:00:00+00:00
[2024-05-22T22:37:42.566+0000] {processor.py:183} INFO - Processing /home/airflow/.local/lib/python3.8/site-packages/airflow/example_dags/example_skip_dag.py took 0.081 seconds
[2024-05-22T22:38:12.946+0000] {processor.py:161} INFO - Started process (PID=52428) to work on /home/airflow/.local/lib/python3.8/site-packages/airflow/example_dags/example_skip_dag.py
[2024-05-22T22:38:12.947+0000] {processor.py:830} INFO - Processing file /home/airflow/.local/lib/python3.8/site-packages/airflow/example_dags/example_skip_dag.py for tasks to queue
[2024-05-22T22:38:12.949+0000] {logging_mixin.py:188} INFO - [2024-05-22T22:38:12.949+0000] {dagbag.py:538} INFO - Filling up the DagBag from /home/airflow/.local/lib/python3.8/site-packages/airflow/example_dags/example_skip_dag.py
[2024-05-22T22:38:12.956+0000] {processor.py:840} INFO - DAG(s) 'example_skip_dag' retrieved from /home/airflow/.local/lib/python3.8/site-packages/airflow/example_dags/example_skip_dag.py
[2024-05-22T22:38:12.983+0000] {logging_mixin.py:188} INFO - [2024-05-22T22:38:12.982+0000] {dag.py:3036} INFO - Sync 1 DAGs
[2024-05-22T22:38:13.008+0000] {logging_mixin.py:188} INFO - [2024-05-22T22:38:13.008+0000] {dag.py:3823} INFO - Setting next_dagrun for example_skip_dag to 2024-05-21 00:00:00+00:00, run_after=2024-05-22 00:00:00+00:00
[2024-05-22T22:38:13.034+0000] {processor.py:183} INFO - Processing /home/airflow/.local/lib/python3.8/site-packages/airflow/example_dags/example_skip_dag.py took 0.091 seconds
[2024-05-22T22:38:43.588+0000] {processor.py:161} INFO - Started process (PID=52485) to work on /home/airflow/.local/lib/python3.8/site-packages/airflow/example_dags/example_skip_dag.py
[2024-05-22T22:38:43.589+0000] {processor.py:830} INFO - Processing file /home/airflow/.local/lib/python3.8/site-packages/airflow/example_dags/example_skip_dag.py for tasks to queue
[2024-05-22T22:38:43.590+0000] {logging_mixin.py:188} INFO - [2024-05-22T22:38:43.590+0000] {dagbag.py:538} INFO - Filling up the DagBag from /home/airflow/.local/lib/python3.8/site-packages/airflow/example_dags/example_skip_dag.py
[2024-05-22T22:38:43.597+0000] {processor.py:840} INFO - DAG(s) 'example_skip_dag' retrieved from /home/airflow/.local/lib/python3.8/site-packages/airflow/example_dags/example_skip_dag.py
[2024-05-22T22:38:43.622+0000] {logging_mixin.py:188} INFO - [2024-05-22T22:38:43.622+0000] {dag.py:3036} INFO - Sync 1 DAGs
[2024-05-22T22:38:43.649+0000] {logging_mixin.py:188} INFO - [2024-05-22T22:38:43.649+0000] {dag.py:3823} INFO - Setting next_dagrun for example_skip_dag to 2024-05-21 00:00:00+00:00, run_after=2024-05-22 00:00:00+00:00
[2024-05-22T22:38:43.674+0000] {processor.py:183} INFO - Processing /home/airflow/.local/lib/python3.8/site-packages/airflow/example_dags/example_skip_dag.py took 0.090 seconds
[2024-05-22T22:39:13.838+0000] {processor.py:161} INFO - Started process (PID=52542) to work on /home/airflow/.local/lib/python3.8/site-packages/airflow/example_dags/example_skip_dag.py
[2024-05-22T22:39:13.839+0000] {processor.py:830} INFO - Processing file /home/airflow/.local/lib/python3.8/site-packages/airflow/example_dags/example_skip_dag.py for tasks to queue
[2024-05-22T22:39:13.841+0000] {logging_mixin.py:188} INFO - [2024-05-22T22:39:13.841+0000] {dagbag.py:538} INFO - Filling up the DagBag from /home/airflow/.local/lib/python3.8/site-packages/airflow/example_dags/example_skip_dag.py
[2024-05-22T22:39:13.848+0000] {processor.py:840} INFO - DAG(s) 'example_skip_dag' retrieved from /home/airflow/.local/lib/python3.8/site-packages/airflow/example_dags/example_skip_dag.py
[2024-05-22T22:39:13.873+0000] {logging_mixin.py:188} INFO - [2024-05-22T22:39:13.873+0000] {dag.py:3036} INFO - Sync 1 DAGs
[2024-05-22T22:39:13.899+0000] {logging_mixin.py:188} INFO - [2024-05-22T22:39:13.899+0000] {dag.py:3823} INFO - Setting next_dagrun for example_skip_dag to 2024-05-21 00:00:00+00:00, run_after=2024-05-22 00:00:00+00:00
[2024-05-22T22:39:13.930+0000] {processor.py:183} INFO - Processing /home/airflow/.local/lib/python3.8/site-packages/airflow/example_dags/example_skip_dag.py took 0.095 seconds
[2024-05-22T22:39:44.282+0000] {processor.py:161} INFO - Started process (PID=52599) to work on /home/airflow/.local/lib/python3.8/site-packages/airflow/example_dags/example_skip_dag.py
[2024-05-22T22:39:44.284+0000] {processor.py:830} INFO - Processing file /home/airflow/.local/lib/python3.8/site-packages/airflow/example_dags/example_skip_dag.py for tasks to queue
[2024-05-22T22:39:44.286+0000] {logging_mixin.py:188} INFO - [2024-05-22T22:39:44.286+0000] {dagbag.py:538} INFO - Filling up the DagBag from /home/airflow/.local/lib/python3.8/site-packages/airflow/example_dags/example_skip_dag.py
[2024-05-22T22:39:44.295+0000] {processor.py:840} INFO - DAG(s) 'example_skip_dag' retrieved from /home/airflow/.local/lib/python3.8/site-packages/airflow/example_dags/example_skip_dag.py
[2024-05-22T22:39:44.319+0000] {logging_mixin.py:188} INFO - [2024-05-22T22:39:44.319+0000] {dag.py:3036} INFO - Sync 1 DAGs
[2024-05-22T22:39:44.356+0000] {logging_mixin.py:188} INFO - [2024-05-22T22:39:44.356+0000] {dag.py:3823} INFO - Setting next_dagrun for example_skip_dag to 2024-05-21 00:00:00+00:00, run_after=2024-05-22 00:00:00+00:00
[2024-05-22T22:39:44.380+0000] {processor.py:183} INFO - Processing /home/airflow/.local/lib/python3.8/site-packages/airflow/example_dags/example_skip_dag.py took 0.101 seconds
[2024-05-22T22:40:14.835+0000] {processor.py:161} INFO - Started process (PID=52656) to work on /home/airflow/.local/lib/python3.8/site-packages/airflow/example_dags/example_skip_dag.py
[2024-05-22T22:40:14.836+0000] {processor.py:830} INFO - Processing file /home/airflow/.local/lib/python3.8/site-packages/airflow/example_dags/example_skip_dag.py for tasks to queue
[2024-05-22T22:40:14.838+0000] {logging_mixin.py:188} INFO - [2024-05-22T22:40:14.838+0000] {dagbag.py:538} INFO - Filling up the DagBag from /home/airflow/.local/lib/python3.8/site-packages/airflow/example_dags/example_skip_dag.py
[2024-05-22T22:40:14.844+0000] {processor.py:840} INFO - DAG(s) 'example_skip_dag' retrieved from /home/airflow/.local/lib/python3.8/site-packages/airflow/example_dags/example_skip_dag.py
[2024-05-22T22:40:14.865+0000] {logging_mixin.py:188} INFO - [2024-05-22T22:40:14.865+0000] {dag.py:3036} INFO - Sync 1 DAGs
[2024-05-22T22:40:14.893+0000] {logging_mixin.py:188} INFO - [2024-05-22T22:40:14.893+0000] {dag.py:3823} INFO - Setting next_dagrun for example_skip_dag to 2024-05-21 00:00:00+00:00, run_after=2024-05-22 00:00:00+00:00
[2024-05-22T22:40:14.915+0000] {processor.py:183} INFO - Processing /home/airflow/.local/lib/python3.8/site-packages/airflow/example_dags/example_skip_dag.py took 0.082 seconds
[2024-05-22T22:40:45.328+0000] {processor.py:161} INFO - Started process (PID=52713) to work on /home/airflow/.local/lib/python3.8/site-packages/airflow/example_dags/example_skip_dag.py
[2024-05-22T22:40:45.329+0000] {processor.py:830} INFO - Processing file /home/airflow/.local/lib/python3.8/site-packages/airflow/example_dags/example_skip_dag.py for tasks to queue
[2024-05-22T22:40:45.331+0000] {logging_mixin.py:188} INFO - [2024-05-22T22:40:45.330+0000] {dagbag.py:538} INFO - Filling up the DagBag from /home/airflow/.local/lib/python3.8/site-packages/airflow/example_dags/example_skip_dag.py
[2024-05-22T22:40:45.337+0000] {processor.py:840} INFO - DAG(s) 'example_skip_dag' retrieved from /home/airflow/.local/lib/python3.8/site-packages/airflow/example_dags/example_skip_dag.py
[2024-05-22T22:40:45.361+0000] {logging_mixin.py:188} INFO - [2024-05-22T22:40:45.360+0000] {dag.py:3036} INFO - Sync 1 DAGs
[2024-05-22T22:40:45.387+0000] {logging_mixin.py:188} INFO - [2024-05-22T22:40:45.386+0000] {dag.py:3823} INFO - Setting next_dagrun for example_skip_dag to 2024-05-21 00:00:00+00:00, run_after=2024-05-22 00:00:00+00:00
[2024-05-22T22:40:45.426+0000] {processor.py:183} INFO - Processing /home/airflow/.local/lib/python3.8/site-packages/airflow/example_dags/example_skip_dag.py took 0.100 seconds
[2024-05-22T22:41:15.854+0000] {processor.py:161} INFO - Started process (PID=52770) to work on /home/airflow/.local/lib/python3.8/site-packages/airflow/example_dags/example_skip_dag.py
[2024-05-22T22:41:15.855+0000] {processor.py:830} INFO - Processing file /home/airflow/.local/lib/python3.8/site-packages/airflow/example_dags/example_skip_dag.py for tasks to queue
[2024-05-22T22:41:15.857+0000] {logging_mixin.py:188} INFO - [2024-05-22T22:41:15.856+0000] {dagbag.py:538} INFO - Filling up the DagBag from /home/airflow/.local/lib/python3.8/site-packages/airflow/example_dags/example_skip_dag.py
[2024-05-22T22:41:15.863+0000] {processor.py:840} INFO - DAG(s) 'example_skip_dag' retrieved from /home/airflow/.local/lib/python3.8/site-packages/airflow/example_dags/example_skip_dag.py
[2024-05-22T22:41:15.883+0000] {logging_mixin.py:188} INFO - [2024-05-22T22:41:15.883+0000] {dag.py:3036} INFO - Sync 1 DAGs
[2024-05-22T22:41:15.905+0000] {logging_mixin.py:188} INFO - [2024-05-22T22:41:15.905+0000] {dag.py:3823} INFO - Setting next_dagrun for example_skip_dag to 2024-05-21 00:00:00+00:00, run_after=2024-05-22 00:00:00+00:00
[2024-05-22T22:41:15.924+0000] {processor.py:183} INFO - Processing /home/airflow/.local/lib/python3.8/site-packages/airflow/example_dags/example_skip_dag.py took 0.073 seconds
[2024-05-22T22:41:46.185+0000] {processor.py:161} INFO - Started process (PID=52827) to work on /home/airflow/.local/lib/python3.8/site-packages/airflow/example_dags/example_skip_dag.py
[2024-05-22T22:41:46.185+0000] {processor.py:830} INFO - Processing file /home/airflow/.local/lib/python3.8/site-packages/airflow/example_dags/example_skip_dag.py for tasks to queue
[2024-05-22T22:41:46.187+0000] {logging_mixin.py:188} INFO - [2024-05-22T22:41:46.187+0000] {dagbag.py:538} INFO - Filling up the DagBag from /home/airflow/.local/lib/python3.8/site-packages/airflow/example_dags/example_skip_dag.py
[2024-05-22T22:41:46.192+0000] {processor.py:840} INFO - DAG(s) 'example_skip_dag' retrieved from /home/airflow/.local/lib/python3.8/site-packages/airflow/example_dags/example_skip_dag.py
[2024-05-22T22:41:46.216+0000] {logging_mixin.py:188} INFO - [2024-05-22T22:41:46.216+0000] {dag.py:3036} INFO - Sync 1 DAGs
[2024-05-22T22:41:46.238+0000] {logging_mixin.py:188} INFO - [2024-05-22T22:41:46.238+0000] {dag.py:3823} INFO - Setting next_dagrun for example_skip_dag to 2024-05-21 00:00:00+00:00, run_after=2024-05-22 00:00:00+00:00
[2024-05-22T22:41:46.259+0000] {processor.py:183} INFO - Processing /home/airflow/.local/lib/python3.8/site-packages/airflow/example_dags/example_skip_dag.py took 0.077 seconds
[2024-05-22T22:42:16.888+0000] {processor.py:161} INFO - Started process (PID=52885) to work on /home/airflow/.local/lib/python3.8/site-packages/airflow/example_dags/example_skip_dag.py
[2024-05-22T22:42:16.889+0000] {processor.py:830} INFO - Processing file /home/airflow/.local/lib/python3.8/site-packages/airflow/example_dags/example_skip_dag.py for tasks to queue
[2024-05-22T22:42:16.891+0000] {logging_mixin.py:188} INFO - [2024-05-22T22:42:16.891+0000] {dagbag.py:538} INFO - Filling up the DagBag from /home/airflow/.local/lib/python3.8/site-packages/airflow/example_dags/example_skip_dag.py
[2024-05-22T22:42:16.898+0000] {processor.py:840} INFO - DAG(s) 'example_skip_dag' retrieved from /home/airflow/.local/lib/python3.8/site-packages/airflow/example_dags/example_skip_dag.py
[2024-05-22T22:42:16.919+0000] {logging_mixin.py:188} INFO - [2024-05-22T22:42:16.918+0000] {dag.py:3036} INFO - Sync 1 DAGs
[2024-05-22T22:42:16.940+0000] {logging_mixin.py:188} INFO - [2024-05-22T22:42:16.940+0000] {dag.py:3823} INFO - Setting next_dagrun for example_skip_dag to 2024-05-21 00:00:00+00:00, run_after=2024-05-22 00:00:00+00:00
[2024-05-22T22:42:16.963+0000] {processor.py:183} INFO - Processing /home/airflow/.local/lib/python3.8/site-packages/airflow/example_dags/example_skip_dag.py took 0.078 seconds
[2024-05-22T22:42:47.499+0000] {processor.py:161} INFO - Started process (PID=52942) to work on /home/airflow/.local/lib/python3.8/site-packages/airflow/example_dags/example_skip_dag.py
[2024-05-22T22:42:47.500+0000] {processor.py:830} INFO - Processing file /home/airflow/.local/lib/python3.8/site-packages/airflow/example_dags/example_skip_dag.py for tasks to queue
[2024-05-22T22:42:47.502+0000] {logging_mixin.py:188} INFO - [2024-05-22T22:42:47.501+0000] {dagbag.py:538} INFO - Filling up the DagBag from /home/airflow/.local/lib/python3.8/site-packages/airflow/example_dags/example_skip_dag.py
[2024-05-22T22:42:47.507+0000] {processor.py:840} INFO - DAG(s) 'example_skip_dag' retrieved from /home/airflow/.local/lib/python3.8/site-packages/airflow/example_dags/example_skip_dag.py
[2024-05-22T22:42:47.529+0000] {logging_mixin.py:188} INFO - [2024-05-22T22:42:47.529+0000] {dag.py:3036} INFO - Sync 1 DAGs
[2024-05-22T22:42:47.552+0000] {logging_mixin.py:188} INFO - [2024-05-22T22:42:47.552+0000] {dag.py:3823} INFO - Setting next_dagrun for example_skip_dag to 2024-05-21 00:00:00+00:00, run_after=2024-05-22 00:00:00+00:00
[2024-05-22T22:42:47.571+0000] {processor.py:183} INFO - Processing /home/airflow/.local/lib/python3.8/site-packages/airflow/example_dags/example_skip_dag.py took 0.074 seconds
[2024-05-22T22:43:18.378+0000] {processor.py:161} INFO - Started process (PID=52999) to work on /home/airflow/.local/lib/python3.8/site-packages/airflow/example_dags/example_skip_dag.py
[2024-05-22T22:43:18.379+0000] {processor.py:830} INFO - Processing file /home/airflow/.local/lib/python3.8/site-packages/airflow/example_dags/example_skip_dag.py for tasks to queue
[2024-05-22T22:43:18.380+0000] {logging_mixin.py:188} INFO - [2024-05-22T22:43:18.380+0000] {dagbag.py:538} INFO - Filling up the DagBag from /home/airflow/.local/lib/python3.8/site-packages/airflow/example_dags/example_skip_dag.py
[2024-05-22T22:43:18.387+0000] {processor.py:840} INFO - DAG(s) 'example_skip_dag' retrieved from /home/airflow/.local/lib/python3.8/site-packages/airflow/example_dags/example_skip_dag.py
[2024-05-22T22:43:18.412+0000] {logging_mixin.py:188} INFO - [2024-05-22T22:43:18.411+0000] {dag.py:3036} INFO - Sync 1 DAGs
[2024-05-22T22:43:18.440+0000] {logging_mixin.py:188} INFO - [2024-05-22T22:43:18.440+0000] {dag.py:3823} INFO - Setting next_dagrun for example_skip_dag to 2024-05-21 00:00:00+00:00, run_after=2024-05-22 00:00:00+00:00
[2024-05-22T22:43:18.464+0000] {processor.py:183} INFO - Processing /home/airflow/.local/lib/python3.8/site-packages/airflow/example_dags/example_skip_dag.py took 0.089 seconds
[2024-05-22T22:43:48.921+0000] {processor.py:161} INFO - Started process (PID=53056) to work on /home/airflow/.local/lib/python3.8/site-packages/airflow/example_dags/example_skip_dag.py
[2024-05-22T22:43:48.922+0000] {processor.py:830} INFO - Processing file /home/airflow/.local/lib/python3.8/site-packages/airflow/example_dags/example_skip_dag.py for tasks to queue
[2024-05-22T22:43:48.924+0000] {logging_mixin.py:188} INFO - [2024-05-22T22:43:48.923+0000] {dagbag.py:538} INFO - Filling up the DagBag from /home/airflow/.local/lib/python3.8/site-packages/airflow/example_dags/example_skip_dag.py
[2024-05-22T22:43:48.931+0000] {processor.py:840} INFO - DAG(s) 'example_skip_dag' retrieved from /home/airflow/.local/lib/python3.8/site-packages/airflow/example_dags/example_skip_dag.py
[2024-05-22T22:43:48.958+0000] {logging_mixin.py:188} INFO - [2024-05-22T22:43:48.958+0000] {dag.py:3036} INFO - Sync 1 DAGs
[2024-05-22T22:43:48.991+0000] {logging_mixin.py:188} INFO - [2024-05-22T22:43:48.990+0000] {dag.py:3823} INFO - Setting next_dagrun for example_skip_dag to 2024-05-21 00:00:00+00:00, run_after=2024-05-22 00:00:00+00:00
[2024-05-22T22:43:49.015+0000] {processor.py:183} INFO - Processing /home/airflow/.local/lib/python3.8/site-packages/airflow/example_dags/example_skip_dag.py took 0.097 seconds
[2024-05-22T22:44:19.162+0000] {processor.py:161} INFO - Started process (PID=53113) to work on /home/airflow/.local/lib/python3.8/site-packages/airflow/example_dags/example_skip_dag.py
[2024-05-22T22:44:19.163+0000] {processor.py:830} INFO - Processing file /home/airflow/.local/lib/python3.8/site-packages/airflow/example_dags/example_skip_dag.py for tasks to queue
[2024-05-22T22:44:19.165+0000] {logging_mixin.py:188} INFO - [2024-05-22T22:44:19.165+0000] {dagbag.py:538} INFO - Filling up the DagBag from /home/airflow/.local/lib/python3.8/site-packages/airflow/example_dags/example_skip_dag.py
[2024-05-22T22:44:19.172+0000] {processor.py:840} INFO - DAG(s) 'example_skip_dag' retrieved from /home/airflow/.local/lib/python3.8/site-packages/airflow/example_dags/example_skip_dag.py
[2024-05-22T22:44:19.197+0000] {logging_mixin.py:188} INFO - [2024-05-22T22:44:19.197+0000] {dag.py:3036} INFO - Sync 1 DAGs
[2024-05-22T22:44:19.224+0000] {logging_mixin.py:188} INFO - [2024-05-22T22:44:19.224+0000] {dag.py:3823} INFO - Setting next_dagrun for example_skip_dag to 2024-05-21 00:00:00+00:00, run_after=2024-05-22 00:00:00+00:00
[2024-05-22T22:44:19.247+0000] {processor.py:183} INFO - Processing /home/airflow/.local/lib/python3.8/site-packages/airflow/example_dags/example_skip_dag.py took 0.089 seconds
[2024-05-22T22:44:49.458+0000] {processor.py:161} INFO - Started process (PID=53170) to work on /home/airflow/.local/lib/python3.8/site-packages/airflow/example_dags/example_skip_dag.py
[2024-05-22T22:44:49.459+0000] {processor.py:830} INFO - Processing file /home/airflow/.local/lib/python3.8/site-packages/airflow/example_dags/example_skip_dag.py for tasks to queue
[2024-05-22T22:44:49.461+0000] {logging_mixin.py:188} INFO - [2024-05-22T22:44:49.461+0000] {dagbag.py:538} INFO - Filling up the DagBag from /home/airflow/.local/lib/python3.8/site-packages/airflow/example_dags/example_skip_dag.py
[2024-05-22T22:44:49.468+0000] {processor.py:840} INFO - DAG(s) 'example_skip_dag' retrieved from /home/airflow/.local/lib/python3.8/site-packages/airflow/example_dags/example_skip_dag.py
[2024-05-22T22:44:49.490+0000] {logging_mixin.py:188} INFO - [2024-05-22T22:44:49.490+0000] {dag.py:3036} INFO - Sync 1 DAGs
[2024-05-22T22:44:49.522+0000] {logging_mixin.py:188} INFO - [2024-05-22T22:44:49.522+0000] {dag.py:3823} INFO - Setting next_dagrun for example_skip_dag to 2024-05-21 00:00:00+00:00, run_after=2024-05-22 00:00:00+00:00
[2024-05-22T22:44:49.547+0000] {processor.py:183} INFO - Processing /home/airflow/.local/lib/python3.8/site-packages/airflow/example_dags/example_skip_dag.py took 0.093 seconds
[2024-05-22T22:45:19.905+0000] {processor.py:161} INFO - Started process (PID=53228) to work on /home/airflow/.local/lib/python3.8/site-packages/airflow/example_dags/example_skip_dag.py
[2024-05-22T22:45:19.906+0000] {processor.py:830} INFO - Processing file /home/airflow/.local/lib/python3.8/site-packages/airflow/example_dags/example_skip_dag.py for tasks to queue
[2024-05-22T22:45:19.908+0000] {logging_mixin.py:188} INFO - [2024-05-22T22:45:19.908+0000] {dagbag.py:538} INFO - Filling up the DagBag from /home/airflow/.local/lib/python3.8/site-packages/airflow/example_dags/example_skip_dag.py
[2024-05-22T22:45:19.915+0000] {processor.py:840} INFO - DAG(s) 'example_skip_dag' retrieved from /home/airflow/.local/lib/python3.8/site-packages/airflow/example_dags/example_skip_dag.py
[2024-05-22T22:45:19.939+0000] {logging_mixin.py:188} INFO - [2024-05-22T22:45:19.939+0000] {dag.py:3036} INFO - Sync 1 DAGs
[2024-05-22T22:45:19.968+0000] {logging_mixin.py:188} INFO - [2024-05-22T22:45:19.967+0000] {dag.py:3823} INFO - Setting next_dagrun for example_skip_dag to 2024-05-21 00:00:00+00:00, run_after=2024-05-22 00:00:00+00:00
[2024-05-22T22:45:19.989+0000] {processor.py:183} INFO - Processing /home/airflow/.local/lib/python3.8/site-packages/airflow/example_dags/example_skip_dag.py took 0.087 seconds
[2024-05-22T22:45:50.232+0000] {processor.py:161} INFO - Started process (PID=53286) to work on /home/airflow/.local/lib/python3.8/site-packages/airflow/example_dags/example_skip_dag.py
[2024-05-22T22:45:50.233+0000] {processor.py:830} INFO - Processing file /home/airflow/.local/lib/python3.8/site-packages/airflow/example_dags/example_skip_dag.py for tasks to queue
[2024-05-22T22:45:50.235+0000] {logging_mixin.py:188} INFO - [2024-05-22T22:45:50.234+0000] {dagbag.py:538} INFO - Filling up the DagBag from /home/airflow/.local/lib/python3.8/site-packages/airflow/example_dags/example_skip_dag.py
[2024-05-22T22:45:50.241+0000] {processor.py:840} INFO - DAG(s) 'example_skip_dag' retrieved from /home/airflow/.local/lib/python3.8/site-packages/airflow/example_dags/example_skip_dag.py
[2024-05-22T22:45:50.264+0000] {logging_mixin.py:188} INFO - [2024-05-22T22:45:50.264+0000] {dag.py:3036} INFO - Sync 1 DAGs
[2024-05-22T22:45:50.287+0000] {logging_mixin.py:188} INFO - [2024-05-22T22:45:50.286+0000] {dag.py:3823} INFO - Setting next_dagrun for example_skip_dag to 2024-05-21 00:00:00+00:00, run_after=2024-05-22 00:00:00+00:00
[2024-05-22T22:45:50.309+0000] {processor.py:183} INFO - Processing /home/airflow/.local/lib/python3.8/site-packages/airflow/example_dags/example_skip_dag.py took 0.079 seconds
[2024-05-22T22:46:20.637+0000] {processor.py:161} INFO - Started process (PID=53344) to work on /home/airflow/.local/lib/python3.8/site-packages/airflow/example_dags/example_skip_dag.py
[2024-05-22T22:46:20.638+0000] {processor.py:830} INFO - Processing file /home/airflow/.local/lib/python3.8/site-packages/airflow/example_dags/example_skip_dag.py for tasks to queue
[2024-05-22T22:46:20.640+0000] {logging_mixin.py:188} INFO - [2024-05-22T22:46:20.640+0000] {dagbag.py:538} INFO - Filling up the DagBag from /home/airflow/.local/lib/python3.8/site-packages/airflow/example_dags/example_skip_dag.py
[2024-05-22T22:46:20.651+0000] {processor.py:840} INFO - DAG(s) 'example_skip_dag' retrieved from /home/airflow/.local/lib/python3.8/site-packages/airflow/example_dags/example_skip_dag.py
[2024-05-22T22:46:20.678+0000] {logging_mixin.py:188} INFO - [2024-05-22T22:46:20.678+0000] {dag.py:3036} INFO - Sync 1 DAGs
[2024-05-22T22:46:20.710+0000] {logging_mixin.py:188} INFO - [2024-05-22T22:46:20.709+0000] {dag.py:3823} INFO - Setting next_dagrun for example_skip_dag to 2024-05-21 00:00:00+00:00, run_after=2024-05-22 00:00:00+00:00
[2024-05-22T22:46:20.735+0000] {processor.py:183} INFO - Processing /home/airflow/.local/lib/python3.8/site-packages/airflow/example_dags/example_skip_dag.py took 0.101 seconds
[2024-05-22T22:46:50.992+0000] {processor.py:161} INFO - Started process (PID=53401) to work on /home/airflow/.local/lib/python3.8/site-packages/airflow/example_dags/example_skip_dag.py
[2024-05-22T22:46:50.993+0000] {processor.py:830} INFO - Processing file /home/airflow/.local/lib/python3.8/site-packages/airflow/example_dags/example_skip_dag.py for tasks to queue
[2024-05-22T22:46:50.995+0000] {logging_mixin.py:188} INFO - [2024-05-22T22:46:50.995+0000] {dagbag.py:538} INFO - Filling up the DagBag from /home/airflow/.local/lib/python3.8/site-packages/airflow/example_dags/example_skip_dag.py
[2024-05-22T22:46:51.002+0000] {processor.py:840} INFO - DAG(s) 'example_skip_dag' retrieved from /home/airflow/.local/lib/python3.8/site-packages/airflow/example_dags/example_skip_dag.py
[2024-05-22T22:46:51.026+0000] {logging_mixin.py:188} INFO - [2024-05-22T22:46:51.026+0000] {dag.py:3036} INFO - Sync 1 DAGs
[2024-05-22T22:46:51.054+0000] {logging_mixin.py:188} INFO - [2024-05-22T22:46:51.054+0000] {dag.py:3823} INFO - Setting next_dagrun for example_skip_dag to 2024-05-21 00:00:00+00:00, run_after=2024-05-22 00:00:00+00:00
[2024-05-22T22:46:51.078+0000] {processor.py:183} INFO - Processing /home/airflow/.local/lib/python3.8/site-packages/airflow/example_dags/example_skip_dag.py took 0.089 seconds
[2024-05-22T22:47:21.494+0000] {processor.py:161} INFO - Started process (PID=53458) to work on /home/airflow/.local/lib/python3.8/site-packages/airflow/example_dags/example_skip_dag.py
[2024-05-22T22:47:21.495+0000] {processor.py:830} INFO - Processing file /home/airflow/.local/lib/python3.8/site-packages/airflow/example_dags/example_skip_dag.py for tasks to queue
[2024-05-22T22:47:21.496+0000] {logging_mixin.py:188} INFO - [2024-05-22T22:47:21.496+0000] {dagbag.py:538} INFO - Filling up the DagBag from /home/airflow/.local/lib/python3.8/site-packages/airflow/example_dags/example_skip_dag.py
[2024-05-22T22:47:21.503+0000] {processor.py:840} INFO - DAG(s) 'example_skip_dag' retrieved from /home/airflow/.local/lib/python3.8/site-packages/airflow/example_dags/example_skip_dag.py
[2024-05-22T22:47:21.538+0000] {logging_mixin.py:188} INFO - [2024-05-22T22:47:21.538+0000] {dag.py:3036} INFO - Sync 1 DAGs
[2024-05-22T22:47:21.564+0000] {logging_mixin.py:188} INFO - [2024-05-22T22:47:21.563+0000] {dag.py:3823} INFO - Setting next_dagrun for example_skip_dag to 2024-05-21 00:00:00+00:00, run_after=2024-05-22 00:00:00+00:00
[2024-05-22T22:47:21.589+0000] {processor.py:183} INFO - Processing /home/airflow/.local/lib/python3.8/site-packages/airflow/example_dags/example_skip_dag.py took 0.099 seconds
[2024-05-22T22:47:51.901+0000] {processor.py:161} INFO - Started process (PID=53516) to work on /home/airflow/.local/lib/python3.8/site-packages/airflow/example_dags/example_skip_dag.py
[2024-05-22T22:47:51.902+0000] {processor.py:830} INFO - Processing file /home/airflow/.local/lib/python3.8/site-packages/airflow/example_dags/example_skip_dag.py for tasks to queue
[2024-05-22T22:47:51.904+0000] {logging_mixin.py:188} INFO - [2024-05-22T22:47:51.904+0000] {dagbag.py:538} INFO - Filling up the DagBag from /home/airflow/.local/lib/python3.8/site-packages/airflow/example_dags/example_skip_dag.py
[2024-05-22T22:47:51.910+0000] {processor.py:840} INFO - DAG(s) 'example_skip_dag' retrieved from /home/airflow/.local/lib/python3.8/site-packages/airflow/example_dags/example_skip_dag.py
[2024-05-22T22:47:51.932+0000] {logging_mixin.py:188} INFO - [2024-05-22T22:47:51.931+0000] {dag.py:3036} INFO - Sync 1 DAGs
[2024-05-22T22:47:51.955+0000] {logging_mixin.py:188} INFO - [2024-05-22T22:47:51.954+0000] {dag.py:3823} INFO - Setting next_dagrun for example_skip_dag to 2024-05-21 00:00:00+00:00, run_after=2024-05-22 00:00:00+00:00
[2024-05-22T22:47:51.974+0000] {processor.py:183} INFO - Processing /home/airflow/.local/lib/python3.8/site-packages/airflow/example_dags/example_skip_dag.py took 0.076 seconds
[2024-05-22T22:48:22.556+0000] {processor.py:161} INFO - Started process (PID=53573) to work on /home/airflow/.local/lib/python3.8/site-packages/airflow/example_dags/example_skip_dag.py
[2024-05-22T22:48:22.557+0000] {processor.py:830} INFO - Processing file /home/airflow/.local/lib/python3.8/site-packages/airflow/example_dags/example_skip_dag.py for tasks to queue
[2024-05-22T22:48:22.559+0000] {logging_mixin.py:188} INFO - [2024-05-22T22:48:22.558+0000] {dagbag.py:538} INFO - Filling up the DagBag from /home/airflow/.local/lib/python3.8/site-packages/airflow/example_dags/example_skip_dag.py
[2024-05-22T22:48:22.566+0000] {processor.py:840} INFO - DAG(s) 'example_skip_dag' retrieved from /home/airflow/.local/lib/python3.8/site-packages/airflow/example_dags/example_skip_dag.py
[2024-05-22T22:48:22.588+0000] {logging_mixin.py:188} INFO - [2024-05-22T22:48:22.588+0000] {dag.py:3036} INFO - Sync 1 DAGs
[2024-05-22T22:48:22.613+0000] {logging_mixin.py:188} INFO - [2024-05-22T22:48:22.613+0000] {dag.py:3823} INFO - Setting next_dagrun for example_skip_dag to 2024-05-21 00:00:00+00:00, run_after=2024-05-22 00:00:00+00:00
[2024-05-22T22:48:22.636+0000] {processor.py:183} INFO - Processing /home/airflow/.local/lib/python3.8/site-packages/airflow/example_dags/example_skip_dag.py took 0.083 seconds
[2024-05-22T22:48:53.097+0000] {processor.py:161} INFO - Started process (PID=53630) to work on /home/airflow/.local/lib/python3.8/site-packages/airflow/example_dags/example_skip_dag.py
[2024-05-22T22:48:53.098+0000] {processor.py:830} INFO - Processing file /home/airflow/.local/lib/python3.8/site-packages/airflow/example_dags/example_skip_dag.py for tasks to queue
[2024-05-22T22:48:53.100+0000] {logging_mixin.py:188} INFO - [2024-05-22T22:48:53.099+0000] {dagbag.py:538} INFO - Filling up the DagBag from /home/airflow/.local/lib/python3.8/site-packages/airflow/example_dags/example_skip_dag.py
[2024-05-22T22:48:53.106+0000] {processor.py:840} INFO - DAG(s) 'example_skip_dag' retrieved from /home/airflow/.local/lib/python3.8/site-packages/airflow/example_dags/example_skip_dag.py
[2024-05-22T22:48:53.131+0000] {logging_mixin.py:188} INFO - [2024-05-22T22:48:53.130+0000] {dag.py:3036} INFO - Sync 1 DAGs
[2024-05-22T22:48:53.156+0000] {logging_mixin.py:188} INFO - [2024-05-22T22:48:53.156+0000] {dag.py:3823} INFO - Setting next_dagrun for example_skip_dag to 2024-05-21 00:00:00+00:00, run_after=2024-05-22 00:00:00+00:00
[2024-05-22T22:48:53.177+0000] {processor.py:183} INFO - Processing /home/airflow/.local/lib/python3.8/site-packages/airflow/example_dags/example_skip_dag.py took 0.083 seconds
[2024-05-22T22:49:23.332+0000] {processor.py:161} INFO - Started process (PID=53687) to work on /home/airflow/.local/lib/python3.8/site-packages/airflow/example_dags/example_skip_dag.py
[2024-05-22T22:49:23.333+0000] {processor.py:830} INFO - Processing file /home/airflow/.local/lib/python3.8/site-packages/airflow/example_dags/example_skip_dag.py for tasks to queue
[2024-05-22T22:49:23.335+0000] {logging_mixin.py:188} INFO - [2024-05-22T22:49:23.335+0000] {dagbag.py:538} INFO - Filling up the DagBag from /home/airflow/.local/lib/python3.8/site-packages/airflow/example_dags/example_skip_dag.py
[2024-05-22T22:49:23.343+0000] {processor.py:840} INFO - DAG(s) 'example_skip_dag' retrieved from /home/airflow/.local/lib/python3.8/site-packages/airflow/example_dags/example_skip_dag.py
[2024-05-22T22:49:23.367+0000] {logging_mixin.py:188} INFO - [2024-05-22T22:49:23.367+0000] {dag.py:3036} INFO - Sync 1 DAGs
[2024-05-22T22:49:23.396+0000] {logging_mixin.py:188} INFO - [2024-05-22T22:49:23.395+0000] {dag.py:3823} INFO - Setting next_dagrun for example_skip_dag to 2024-05-21 00:00:00+00:00, run_after=2024-05-22 00:00:00+00:00
[2024-05-22T22:49:23.418+0000] {processor.py:183} INFO - Processing /home/airflow/.local/lib/python3.8/site-packages/airflow/example_dags/example_skip_dag.py took 0.089 seconds
[2024-05-22T22:49:53.805+0000] {processor.py:161} INFO - Started process (PID=53744) to work on /home/airflow/.local/lib/python3.8/site-packages/airflow/example_dags/example_skip_dag.py
[2024-05-22T22:49:53.806+0000] {processor.py:830} INFO - Processing file /home/airflow/.local/lib/python3.8/site-packages/airflow/example_dags/example_skip_dag.py for tasks to queue
[2024-05-22T22:49:53.808+0000] {logging_mixin.py:188} INFO - [2024-05-22T22:49:53.808+0000] {dagbag.py:538} INFO - Filling up the DagBag from /home/airflow/.local/lib/python3.8/site-packages/airflow/example_dags/example_skip_dag.py
[2024-05-22T22:49:53.815+0000] {processor.py:840} INFO - DAG(s) 'example_skip_dag' retrieved from /home/airflow/.local/lib/python3.8/site-packages/airflow/example_dags/example_skip_dag.py
[2024-05-22T22:49:53.837+0000] {logging_mixin.py:188} INFO - [2024-05-22T22:49:53.837+0000] {dag.py:3036} INFO - Sync 1 DAGs
[2024-05-22T22:49:53.859+0000] {logging_mixin.py:188} INFO - [2024-05-22T22:49:53.859+0000] {dag.py:3823} INFO - Setting next_dagrun for example_skip_dag to 2024-05-21 00:00:00+00:00, run_after=2024-05-22 00:00:00+00:00
[2024-05-22T22:49:53.880+0000] {processor.py:183} INFO - Processing /home/airflow/.local/lib/python3.8/site-packages/airflow/example_dags/example_skip_dag.py took 0.078 seconds
[2024-05-22T22:50:24.342+0000] {processor.py:161} INFO - Started process (PID=53801) to work on /home/airflow/.local/lib/python3.8/site-packages/airflow/example_dags/example_skip_dag.py
[2024-05-22T22:50:24.343+0000] {processor.py:830} INFO - Processing file /home/airflow/.local/lib/python3.8/site-packages/airflow/example_dags/example_skip_dag.py for tasks to queue
[2024-05-22T22:50:24.345+0000] {logging_mixin.py:188} INFO - [2024-05-22T22:50:24.344+0000] {dagbag.py:538} INFO - Filling up the DagBag from /home/airflow/.local/lib/python3.8/site-packages/airflow/example_dags/example_skip_dag.py
[2024-05-22T22:50:24.353+0000] {processor.py:840} INFO - DAG(s) 'example_skip_dag' retrieved from /home/airflow/.local/lib/python3.8/site-packages/airflow/example_dags/example_skip_dag.py
[2024-05-22T22:50:24.377+0000] {logging_mixin.py:188} INFO - [2024-05-22T22:50:24.377+0000] {dag.py:3036} INFO - Sync 1 DAGs
[2024-05-22T22:50:24.404+0000] {logging_mixin.py:188} INFO - [2024-05-22T22:50:24.404+0000] {dag.py:3823} INFO - Setting next_dagrun for example_skip_dag to 2024-05-21 00:00:00+00:00, run_after=2024-05-22 00:00:00+00:00
[2024-05-22T22:50:24.429+0000] {processor.py:183} INFO - Processing /home/airflow/.local/lib/python3.8/site-packages/airflow/example_dags/example_skip_dag.py took 0.091 seconds
[2024-05-22T22:50:54.993+0000] {processor.py:161} INFO - Started process (PID=53858) to work on /home/airflow/.local/lib/python3.8/site-packages/airflow/example_dags/example_skip_dag.py
[2024-05-22T22:50:54.995+0000] {processor.py:830} INFO - Processing file /home/airflow/.local/lib/python3.8/site-packages/airflow/example_dags/example_skip_dag.py for tasks to queue
[2024-05-22T22:50:54.997+0000] {logging_mixin.py:188} INFO - [2024-05-22T22:50:54.997+0000] {dagbag.py:538} INFO - Filling up the DagBag from /home/airflow/.local/lib/python3.8/site-packages/airflow/example_dags/example_skip_dag.py
[2024-05-22T22:50:55.005+0000] {processor.py:840} INFO - DAG(s) 'example_skip_dag' retrieved from /home/airflow/.local/lib/python3.8/site-packages/airflow/example_dags/example_skip_dag.py
[2024-05-22T22:50:55.029+0000] {logging_mixin.py:188} INFO - [2024-05-22T22:50:55.029+0000] {dag.py:3036} INFO - Sync 1 DAGs
[2024-05-22T22:50:55.055+0000] {logging_mixin.py:188} INFO - [2024-05-22T22:50:55.054+0000] {dag.py:3823} INFO - Setting next_dagrun for example_skip_dag to 2024-05-21 00:00:00+00:00, run_after=2024-05-22 00:00:00+00:00
[2024-05-22T22:50:55.075+0000] {processor.py:183} INFO - Processing /home/airflow/.local/lib/python3.8/site-packages/airflow/example_dags/example_skip_dag.py took 0.086 seconds
[2024-05-22T22:51:25.351+0000] {processor.py:161} INFO - Started process (PID=53915) to work on /home/airflow/.local/lib/python3.8/site-packages/airflow/example_dags/example_skip_dag.py
[2024-05-22T22:51:25.352+0000] {processor.py:830} INFO - Processing file /home/airflow/.local/lib/python3.8/site-packages/airflow/example_dags/example_skip_dag.py for tasks to queue
[2024-05-22T22:51:25.354+0000] {logging_mixin.py:188} INFO - [2024-05-22T22:51:25.354+0000] {dagbag.py:538} INFO - Filling up the DagBag from /home/airflow/.local/lib/python3.8/site-packages/airflow/example_dags/example_skip_dag.py
[2024-05-22T22:51:25.362+0000] {processor.py:840} INFO - DAG(s) 'example_skip_dag' retrieved from /home/airflow/.local/lib/python3.8/site-packages/airflow/example_dags/example_skip_dag.py
[2024-05-22T22:51:25.388+0000] {logging_mixin.py:188} INFO - [2024-05-22T22:51:25.388+0000] {dag.py:3036} INFO - Sync 1 DAGs
[2024-05-22T22:51:25.414+0000] {logging_mixin.py:188} INFO - [2024-05-22T22:51:25.413+0000] {dag.py:3823} INFO - Setting next_dagrun for example_skip_dag to 2024-05-21 00:00:00+00:00, run_after=2024-05-22 00:00:00+00:00
[2024-05-22T22:51:25.439+0000] {processor.py:183} INFO - Processing /home/airflow/.local/lib/python3.8/site-packages/airflow/example_dags/example_skip_dag.py took 0.091 seconds
[2024-05-22T22:51:55.700+0000] {processor.py:161} INFO - Started process (PID=53972) to work on /home/airflow/.local/lib/python3.8/site-packages/airflow/example_dags/example_skip_dag.py
[2024-05-22T22:51:55.701+0000] {processor.py:830} INFO - Processing file /home/airflow/.local/lib/python3.8/site-packages/airflow/example_dags/example_skip_dag.py for tasks to queue
[2024-05-22T22:51:55.703+0000] {logging_mixin.py:188} INFO - [2024-05-22T22:51:55.702+0000] {dagbag.py:538} INFO - Filling up the DagBag from /home/airflow/.local/lib/python3.8/site-packages/airflow/example_dags/example_skip_dag.py
[2024-05-22T22:51:55.709+0000] {processor.py:840} INFO - DAG(s) 'example_skip_dag' retrieved from /home/airflow/.local/lib/python3.8/site-packages/airflow/example_dags/example_skip_dag.py
[2024-05-22T22:51:55.731+0000] {logging_mixin.py:188} INFO - [2024-05-22T22:51:55.730+0000] {dag.py:3036} INFO - Sync 1 DAGs
[2024-05-22T22:51:55.758+0000] {logging_mixin.py:188} INFO - [2024-05-22T22:51:55.758+0000] {dag.py:3823} INFO - Setting next_dagrun for example_skip_dag to 2024-05-21 00:00:00+00:00, run_after=2024-05-22 00:00:00+00:00
[2024-05-22T22:51:55.779+0000] {processor.py:183} INFO - Processing /home/airflow/.local/lib/python3.8/site-packages/airflow/example_dags/example_skip_dag.py took 0.081 seconds
[2024-05-22T22:52:26.045+0000] {processor.py:161} INFO - Started process (PID=54029) to work on /home/airflow/.local/lib/python3.8/site-packages/airflow/example_dags/example_skip_dag.py
[2024-05-22T22:52:26.046+0000] {processor.py:830} INFO - Processing file /home/airflow/.local/lib/python3.8/site-packages/airflow/example_dags/example_skip_dag.py for tasks to queue
[2024-05-22T22:52:26.047+0000] {logging_mixin.py:188} INFO - [2024-05-22T22:52:26.047+0000] {dagbag.py:538} INFO - Filling up the DagBag from /home/airflow/.local/lib/python3.8/site-packages/airflow/example_dags/example_skip_dag.py
[2024-05-22T22:52:26.054+0000] {processor.py:840} INFO - DAG(s) 'example_skip_dag' retrieved from /home/airflow/.local/lib/python3.8/site-packages/airflow/example_dags/example_skip_dag.py
[2024-05-22T22:52:26.077+0000] {logging_mixin.py:188} INFO - [2024-05-22T22:52:26.076+0000] {dag.py:3036} INFO - Sync 1 DAGs
[2024-05-22T22:52:26.101+0000] {logging_mixin.py:188} INFO - [2024-05-22T22:52:26.101+0000] {dag.py:3823} INFO - Setting next_dagrun for example_skip_dag to 2024-05-21 00:00:00+00:00, run_after=2024-05-22 00:00:00+00:00
[2024-05-22T22:52:26.138+0000] {processor.py:183} INFO - Processing /home/airflow/.local/lib/python3.8/site-packages/airflow/example_dags/example_skip_dag.py took 0.097 seconds
[2024-05-22T22:52:56.424+0000] {processor.py:161} INFO - Started process (PID=54087) to work on /home/airflow/.local/lib/python3.8/site-packages/airflow/example_dags/example_skip_dag.py
[2024-05-22T22:52:56.425+0000] {processor.py:830} INFO - Processing file /home/airflow/.local/lib/python3.8/site-packages/airflow/example_dags/example_skip_dag.py for tasks to queue
[2024-05-22T22:52:56.427+0000] {logging_mixin.py:188} INFO - [2024-05-22T22:52:56.426+0000] {dagbag.py:538} INFO - Filling up the DagBag from /home/airflow/.local/lib/python3.8/site-packages/airflow/example_dags/example_skip_dag.py
[2024-05-22T22:52:56.433+0000] {processor.py:840} INFO - DAG(s) 'example_skip_dag' retrieved from /home/airflow/.local/lib/python3.8/site-packages/airflow/example_dags/example_skip_dag.py
[2024-05-22T22:52:56.456+0000] {logging_mixin.py:188} INFO - [2024-05-22T22:52:56.455+0000] {dag.py:3036} INFO - Sync 1 DAGs
[2024-05-22T22:52:56.481+0000] {logging_mixin.py:188} INFO - [2024-05-22T22:52:56.481+0000] {dag.py:3823} INFO - Setting next_dagrun for example_skip_dag to 2024-05-21 00:00:00+00:00, run_after=2024-05-22 00:00:00+00:00
[2024-05-22T22:52:56.501+0000] {processor.py:183} INFO - Processing /home/airflow/.local/lib/python3.8/site-packages/airflow/example_dags/example_skip_dag.py took 0.080 seconds
[2024-05-22T22:53:26.847+0000] {processor.py:161} INFO - Started process (PID=54144) to work on /home/airflow/.local/lib/python3.8/site-packages/airflow/example_dags/example_skip_dag.py
[2024-05-22T22:53:26.848+0000] {processor.py:830} INFO - Processing file /home/airflow/.local/lib/python3.8/site-packages/airflow/example_dags/example_skip_dag.py for tasks to queue
[2024-05-22T22:53:26.850+0000] {logging_mixin.py:188} INFO - [2024-05-22T22:53:26.850+0000] {dagbag.py:538} INFO - Filling up the DagBag from /home/airflow/.local/lib/python3.8/site-packages/airflow/example_dags/example_skip_dag.py
[2024-05-22T22:53:26.858+0000] {processor.py:840} INFO - DAG(s) 'example_skip_dag' retrieved from /home/airflow/.local/lib/python3.8/site-packages/airflow/example_dags/example_skip_dag.py
[2024-05-22T22:53:26.884+0000] {logging_mixin.py:188} INFO - [2024-05-22T22:53:26.884+0000] {dag.py:3036} INFO - Sync 1 DAGs
[2024-05-22T22:53:26.923+0000] {logging_mixin.py:188} INFO - [2024-05-22T22:53:26.923+0000] {dag.py:3823} INFO - Setting next_dagrun for example_skip_dag to 2024-05-21 00:00:00+00:00, run_after=2024-05-22 00:00:00+00:00
[2024-05-22T22:53:26.952+0000] {processor.py:183} INFO - Processing /home/airflow/.local/lib/python3.8/site-packages/airflow/example_dags/example_skip_dag.py took 0.109 seconds
[2024-05-22T22:53:57.188+0000] {processor.py:161} INFO - Started process (PID=54201) to work on /home/airflow/.local/lib/python3.8/site-packages/airflow/example_dags/example_skip_dag.py
[2024-05-22T22:53:57.189+0000] {processor.py:830} INFO - Processing file /home/airflow/.local/lib/python3.8/site-packages/airflow/example_dags/example_skip_dag.py for tasks to queue
[2024-05-22T22:53:57.190+0000] {logging_mixin.py:188} INFO - [2024-05-22T22:53:57.190+0000] {dagbag.py:538} INFO - Filling up the DagBag from /home/airflow/.local/lib/python3.8/site-packages/airflow/example_dags/example_skip_dag.py
[2024-05-22T22:53:57.197+0000] {processor.py:840} INFO - DAG(s) 'example_skip_dag' retrieved from /home/airflow/.local/lib/python3.8/site-packages/airflow/example_dags/example_skip_dag.py
[2024-05-22T22:53:57.218+0000] {logging_mixin.py:188} INFO - [2024-05-22T22:53:57.218+0000] {dag.py:3036} INFO - Sync 1 DAGs
[2024-05-22T22:53:57.240+0000] {logging_mixin.py:188} INFO - [2024-05-22T22:53:57.240+0000] {dag.py:3823} INFO - Setting next_dagrun for example_skip_dag to 2024-05-21 00:00:00+00:00, run_after=2024-05-22 00:00:00+00:00
[2024-05-22T22:53:57.269+0000] {processor.py:183} INFO - Processing /home/airflow/.local/lib/python3.8/site-packages/airflow/example_dags/example_skip_dag.py took 0.083 seconds
[2024-05-22T22:54:27.490+0000] {processor.py:161} INFO - Started process (PID=54258) to work on /home/airflow/.local/lib/python3.8/site-packages/airflow/example_dags/example_skip_dag.py
[2024-05-22T22:54:27.491+0000] {processor.py:830} INFO - Processing file /home/airflow/.local/lib/python3.8/site-packages/airflow/example_dags/example_skip_dag.py for tasks to queue
[2024-05-22T22:54:27.493+0000] {logging_mixin.py:188} INFO - [2024-05-22T22:54:27.493+0000] {dagbag.py:538} INFO - Filling up the DagBag from /home/airflow/.local/lib/python3.8/site-packages/airflow/example_dags/example_skip_dag.py
[2024-05-22T22:54:27.499+0000] {processor.py:840} INFO - DAG(s) 'example_skip_dag' retrieved from /home/airflow/.local/lib/python3.8/site-packages/airflow/example_dags/example_skip_dag.py
[2024-05-22T22:54:27.524+0000] {logging_mixin.py:188} INFO - [2024-05-22T22:54:27.524+0000] {dag.py:3036} INFO - Sync 1 DAGs
[2024-05-22T22:54:27.546+0000] {logging_mixin.py:188} INFO - [2024-05-22T22:54:27.546+0000] {dag.py:3823} INFO - Setting next_dagrun for example_skip_dag to 2024-05-21 00:00:00+00:00, run_after=2024-05-22 00:00:00+00:00
[2024-05-22T22:54:27.574+0000] {processor.py:183} INFO - Processing /home/airflow/.local/lib/python3.8/site-packages/airflow/example_dags/example_skip_dag.py took 0.088 seconds
[2024-05-22T22:54:57.750+0000] {processor.py:161} INFO - Started process (PID=54313) to work on /home/airflow/.local/lib/python3.8/site-packages/airflow/example_dags/example_skip_dag.py
[2024-05-22T22:54:57.751+0000] {processor.py:830} INFO - Processing file /home/airflow/.local/lib/python3.8/site-packages/airflow/example_dags/example_skip_dag.py for tasks to queue
[2024-05-22T22:54:57.753+0000] {logging_mixin.py:188} INFO - [2024-05-22T22:54:57.753+0000] {dagbag.py:538} INFO - Filling up the DagBag from /home/airflow/.local/lib/python3.8/site-packages/airflow/example_dags/example_skip_dag.py
[2024-05-22T22:54:57.760+0000] {processor.py:840} INFO - DAG(s) 'example_skip_dag' retrieved from /home/airflow/.local/lib/python3.8/site-packages/airflow/example_dags/example_skip_dag.py
[2024-05-22T22:54:57.781+0000] {logging_mixin.py:188} INFO - [2024-05-22T22:54:57.780+0000] {dag.py:3036} INFO - Sync 1 DAGs
[2024-05-22T22:54:57.804+0000] {logging_mixin.py:188} INFO - [2024-05-22T22:54:57.804+0000] {dag.py:3823} INFO - Setting next_dagrun for example_skip_dag to 2024-05-21 00:00:00+00:00, run_after=2024-05-22 00:00:00+00:00
[2024-05-22T22:54:57.826+0000] {processor.py:183} INFO - Processing /home/airflow/.local/lib/python3.8/site-packages/airflow/example_dags/example_skip_dag.py took 0.079 seconds
[2024-05-22T22:55:28.231+0000] {processor.py:161} INFO - Started process (PID=54370) to work on /home/airflow/.local/lib/python3.8/site-packages/airflow/example_dags/example_skip_dag.py
[2024-05-22T22:55:28.231+0000] {processor.py:830} INFO - Processing file /home/airflow/.local/lib/python3.8/site-packages/airflow/example_dags/example_skip_dag.py for tasks to queue
[2024-05-22T22:55:28.233+0000] {logging_mixin.py:188} INFO - [2024-05-22T22:55:28.233+0000] {dagbag.py:538} INFO - Filling up the DagBag from /home/airflow/.local/lib/python3.8/site-packages/airflow/example_dags/example_skip_dag.py
[2024-05-22T22:55:28.240+0000] {processor.py:840} INFO - DAG(s) 'example_skip_dag' retrieved from /home/airflow/.local/lib/python3.8/site-packages/airflow/example_dags/example_skip_dag.py
[2024-05-22T22:55:28.261+0000] {logging_mixin.py:188} INFO - [2024-05-22T22:55:28.261+0000] {dag.py:3036} INFO - Sync 1 DAGs
[2024-05-22T22:55:28.283+0000] {logging_mixin.py:188} INFO - [2024-05-22T22:55:28.282+0000] {dag.py:3823} INFO - Setting next_dagrun for example_skip_dag to 2024-05-21 00:00:00+00:00, run_after=2024-05-22 00:00:00+00:00
[2024-05-22T22:55:28.304+0000] {processor.py:183} INFO - Processing /home/airflow/.local/lib/python3.8/site-packages/airflow/example_dags/example_skip_dag.py took 0.077 seconds
[2024-05-22T22:55:59.138+0000] {processor.py:161} INFO - Started process (PID=54427) to work on /home/airflow/.local/lib/python3.8/site-packages/airflow/example_dags/example_skip_dag.py
[2024-05-22T22:55:59.139+0000] {processor.py:830} INFO - Processing file /home/airflow/.local/lib/python3.8/site-packages/airflow/example_dags/example_skip_dag.py for tasks to queue
[2024-05-22T22:55:59.141+0000] {logging_mixin.py:188} INFO - [2024-05-22T22:55:59.141+0000] {dagbag.py:538} INFO - Filling up the DagBag from /home/airflow/.local/lib/python3.8/site-packages/airflow/example_dags/example_skip_dag.py
[2024-05-22T22:55:59.151+0000] {processor.py:840} INFO - DAG(s) 'example_skip_dag' retrieved from /home/airflow/.local/lib/python3.8/site-packages/airflow/example_dags/example_skip_dag.py
[2024-05-22T22:55:59.181+0000] {logging_mixin.py:188} INFO - [2024-05-22T22:55:59.180+0000] {dag.py:3036} INFO - Sync 1 DAGs
[2024-05-22T22:55:59.212+0000] {logging_mixin.py:188} INFO - [2024-05-22T22:55:59.211+0000] {dag.py:3823} INFO - Setting next_dagrun for example_skip_dag to 2024-05-21 00:00:00+00:00, run_after=2024-05-22 00:00:00+00:00
[2024-05-22T22:55:59.240+0000] {processor.py:183} INFO - Processing /home/airflow/.local/lib/python3.8/site-packages/airflow/example_dags/example_skip_dag.py took 0.106 seconds
[2024-05-22T22:56:29.436+0000] {processor.py:161} INFO - Started process (PID=54484) to work on /home/airflow/.local/lib/python3.8/site-packages/airflow/example_dags/example_skip_dag.py
[2024-05-22T22:56:29.437+0000] {processor.py:830} INFO - Processing file /home/airflow/.local/lib/python3.8/site-packages/airflow/example_dags/example_skip_dag.py for tasks to queue
[2024-05-22T22:56:29.439+0000] {logging_mixin.py:188} INFO - [2024-05-22T22:56:29.439+0000] {dagbag.py:538} INFO - Filling up the DagBag from /home/airflow/.local/lib/python3.8/site-packages/airflow/example_dags/example_skip_dag.py
[2024-05-22T22:56:29.445+0000] {processor.py:840} INFO - DAG(s) 'example_skip_dag' retrieved from /home/airflow/.local/lib/python3.8/site-packages/airflow/example_dags/example_skip_dag.py
[2024-05-22T22:56:29.472+0000] {logging_mixin.py:188} INFO - [2024-05-22T22:56:29.471+0000] {dag.py:3036} INFO - Sync 1 DAGs
[2024-05-22T22:56:29.502+0000] {logging_mixin.py:188} INFO - [2024-05-22T22:56:29.502+0000] {dag.py:3823} INFO - Setting next_dagrun for example_skip_dag to 2024-05-21 00:00:00+00:00, run_after=2024-05-22 00:00:00+00:00
[2024-05-22T22:56:29.524+0000] {processor.py:183} INFO - Processing /home/airflow/.local/lib/python3.8/site-packages/airflow/example_dags/example_skip_dag.py took 0.091 seconds
[2024-05-22T22:56:59.980+0000] {processor.py:161} INFO - Started process (PID=54541) to work on /home/airflow/.local/lib/python3.8/site-packages/airflow/example_dags/example_skip_dag.py
[2024-05-22T22:56:59.981+0000] {processor.py:830} INFO - Processing file /home/airflow/.local/lib/python3.8/site-packages/airflow/example_dags/example_skip_dag.py for tasks to queue
[2024-05-22T22:56:59.983+0000] {logging_mixin.py:188} INFO - [2024-05-22T22:56:59.983+0000] {dagbag.py:538} INFO - Filling up the DagBag from /home/airflow/.local/lib/python3.8/site-packages/airflow/example_dags/example_skip_dag.py
[2024-05-22T22:56:59.991+0000] {processor.py:840} INFO - DAG(s) 'example_skip_dag' retrieved from /home/airflow/.local/lib/python3.8/site-packages/airflow/example_dags/example_skip_dag.py
[2024-05-22T22:57:00.025+0000] {logging_mixin.py:188} INFO - [2024-05-22T22:57:00.025+0000] {dag.py:3036} INFO - Sync 1 DAGs
[2024-05-22T22:57:00.056+0000] {logging_mixin.py:188} INFO - [2024-05-22T22:57:00.055+0000] {dag.py:3823} INFO - Setting next_dagrun for example_skip_dag to 2024-05-21 00:00:00+00:00, run_after=2024-05-22 00:00:00+00:00
[2024-05-22T22:57:00.077+0000] {processor.py:183} INFO - Processing /home/airflow/.local/lib/python3.8/site-packages/airflow/example_dags/example_skip_dag.py took 0.101 seconds
[2024-05-22T22:57:30.351+0000] {processor.py:161} INFO - Started process (PID=54598) to work on /home/airflow/.local/lib/python3.8/site-packages/airflow/example_dags/example_skip_dag.py
[2024-05-22T22:57:30.352+0000] {processor.py:830} INFO - Processing file /home/airflow/.local/lib/python3.8/site-packages/airflow/example_dags/example_skip_dag.py for tasks to queue
[2024-05-22T22:57:30.354+0000] {logging_mixin.py:188} INFO - [2024-05-22T22:57:30.354+0000] {dagbag.py:538} INFO - Filling up the DagBag from /home/airflow/.local/lib/python3.8/site-packages/airflow/example_dags/example_skip_dag.py
[2024-05-22T22:57:30.361+0000] {processor.py:840} INFO - DAG(s) 'example_skip_dag' retrieved from /home/airflow/.local/lib/python3.8/site-packages/airflow/example_dags/example_skip_dag.py
[2024-05-22T22:57:30.388+0000] {logging_mixin.py:188} INFO - [2024-05-22T22:57:30.388+0000] {dag.py:3036} INFO - Sync 1 DAGs
[2024-05-22T22:57:30.418+0000] {logging_mixin.py:188} INFO - [2024-05-22T22:57:30.418+0000] {dag.py:3823} INFO - Setting next_dagrun for example_skip_dag to 2024-05-21 00:00:00+00:00, run_after=2024-05-22 00:00:00+00:00
[2024-05-22T22:57:30.442+0000] {processor.py:183} INFO - Processing /home/airflow/.local/lib/python3.8/site-packages/airflow/example_dags/example_skip_dag.py took 0.095 seconds
[2024-05-22T22:58:00.932+0000] {processor.py:161} INFO - Started process (PID=54655) to work on /home/airflow/.local/lib/python3.8/site-packages/airflow/example_dags/example_skip_dag.py
[2024-05-22T22:58:00.933+0000] {processor.py:830} INFO - Processing file /home/airflow/.local/lib/python3.8/site-packages/airflow/example_dags/example_skip_dag.py for tasks to queue
[2024-05-22T22:58:00.934+0000] {logging_mixin.py:188} INFO - [2024-05-22T22:58:00.934+0000] {dagbag.py:538} INFO - Filling up the DagBag from /home/airflow/.local/lib/python3.8/site-packages/airflow/example_dags/example_skip_dag.py
[2024-05-22T22:58:00.941+0000] {processor.py:840} INFO - DAG(s) 'example_skip_dag' retrieved from /home/airflow/.local/lib/python3.8/site-packages/airflow/example_dags/example_skip_dag.py
[2024-05-22T22:58:00.965+0000] {logging_mixin.py:188} INFO - [2024-05-22T22:58:00.965+0000] {dag.py:3036} INFO - Sync 1 DAGs
[2024-05-22T22:58:00.991+0000] {logging_mixin.py:188} INFO - [2024-05-22T22:58:00.990+0000] {dag.py:3823} INFO - Setting next_dagrun for example_skip_dag to 2024-05-21 00:00:00+00:00, run_after=2024-05-22 00:00:00+00:00
[2024-05-22T22:58:01.016+0000] {processor.py:183} INFO - Processing /home/airflow/.local/lib/python3.8/site-packages/airflow/example_dags/example_skip_dag.py took 0.087 seconds
[2024-05-22T22:58:31.213+0000] {processor.py:161} INFO - Started process (PID=54712) to work on /home/airflow/.local/lib/python3.8/site-packages/airflow/example_dags/example_skip_dag.py
[2024-05-22T22:58:31.213+0000] {processor.py:830} INFO - Processing file /home/airflow/.local/lib/python3.8/site-packages/airflow/example_dags/example_skip_dag.py for tasks to queue
[2024-05-22T22:58:31.215+0000] {logging_mixin.py:188} INFO - [2024-05-22T22:58:31.215+0000] {dagbag.py:538} INFO - Filling up the DagBag from /home/airflow/.local/lib/python3.8/site-packages/airflow/example_dags/example_skip_dag.py
[2024-05-22T22:58:31.221+0000] {processor.py:840} INFO - DAG(s) 'example_skip_dag' retrieved from /home/airflow/.local/lib/python3.8/site-packages/airflow/example_dags/example_skip_dag.py
[2024-05-22T22:58:31.242+0000] {logging_mixin.py:188} INFO - [2024-05-22T22:58:31.242+0000] {dag.py:3036} INFO - Sync 1 DAGs
[2024-05-22T22:58:31.263+0000] {logging_mixin.py:188} INFO - [2024-05-22T22:58:31.263+0000] {dag.py:3823} INFO - Setting next_dagrun for example_skip_dag to 2024-05-21 00:00:00+00:00, run_after=2024-05-22 00:00:00+00:00
[2024-05-22T22:58:31.283+0000] {processor.py:183} INFO - Processing /home/airflow/.local/lib/python3.8/site-packages/airflow/example_dags/example_skip_dag.py took 0.073 seconds
[2024-05-22T22:59:01.604+0000] {processor.py:161} INFO - Started process (PID=54769) to work on /home/airflow/.local/lib/python3.8/site-packages/airflow/example_dags/example_skip_dag.py
[2024-05-22T22:59:01.605+0000] {processor.py:830} INFO - Processing file /home/airflow/.local/lib/python3.8/site-packages/airflow/example_dags/example_skip_dag.py for tasks to queue
[2024-05-22T22:59:01.606+0000] {logging_mixin.py:188} INFO - [2024-05-22T22:59:01.606+0000] {dagbag.py:538} INFO - Filling up the DagBag from /home/airflow/.local/lib/python3.8/site-packages/airflow/example_dags/example_skip_dag.py
[2024-05-22T22:59:01.612+0000] {processor.py:840} INFO - DAG(s) 'example_skip_dag' retrieved from /home/airflow/.local/lib/python3.8/site-packages/airflow/example_dags/example_skip_dag.py
[2024-05-22T22:59:01.633+0000] {logging_mixin.py:188} INFO - [2024-05-22T22:59:01.633+0000] {dag.py:3036} INFO - Sync 1 DAGs
[2024-05-22T22:59:01.655+0000] {logging_mixin.py:188} INFO - [2024-05-22T22:59:01.655+0000] {dag.py:3823} INFO - Setting next_dagrun for example_skip_dag to 2024-05-21 00:00:00+00:00, run_after=2024-05-22 00:00:00+00:00
[2024-05-22T22:59:01.675+0000] {processor.py:183} INFO - Processing /home/airflow/.local/lib/python3.8/site-packages/airflow/example_dags/example_skip_dag.py took 0.075 seconds
[2024-05-22T22:59:32.786+0000] {processor.py:161} INFO - Started process (PID=54826) to work on /home/airflow/.local/lib/python3.8/site-packages/airflow/example_dags/example_skip_dag.py
[2024-05-22T22:59:32.787+0000] {processor.py:830} INFO - Processing file /home/airflow/.local/lib/python3.8/site-packages/airflow/example_dags/example_skip_dag.py for tasks to queue
[2024-05-22T22:59:32.789+0000] {logging_mixin.py:188} INFO - [2024-05-22T22:59:32.788+0000] {dagbag.py:538} INFO - Filling up the DagBag from /home/airflow/.local/lib/python3.8/site-packages/airflow/example_dags/example_skip_dag.py
[2024-05-22T22:59:32.796+0000] {processor.py:840} INFO - DAG(s) 'example_skip_dag' retrieved from /home/airflow/.local/lib/python3.8/site-packages/airflow/example_dags/example_skip_dag.py
[2024-05-22T22:59:32.819+0000] {logging_mixin.py:188} INFO - [2024-05-22T22:59:32.819+0000] {dag.py:3036} INFO - Sync 1 DAGs
[2024-05-22T22:59:32.848+0000] {logging_mixin.py:188} INFO - [2024-05-22T22:59:32.848+0000] {dag.py:3823} INFO - Setting next_dagrun for example_skip_dag to 2024-05-21 00:00:00+00:00, run_after=2024-05-22 00:00:00+00:00
[2024-05-22T22:59:32.871+0000] {processor.py:183} INFO - Processing /home/airflow/.local/lib/python3.8/site-packages/airflow/example_dags/example_skip_dag.py took 0.088 seconds
[2024-05-22T23:00:03.302+0000] {processor.py:161} INFO - Started process (PID=54883) to work on /home/airflow/.local/lib/python3.8/site-packages/airflow/example_dags/example_skip_dag.py
[2024-05-22T23:00:03.303+0000] {processor.py:830} INFO - Processing file /home/airflow/.local/lib/python3.8/site-packages/airflow/example_dags/example_skip_dag.py for tasks to queue
[2024-05-22T23:00:03.304+0000] {logging_mixin.py:188} INFO - [2024-05-22T23:00:03.304+0000] {dagbag.py:538} INFO - Filling up the DagBag from /home/airflow/.local/lib/python3.8/site-packages/airflow/example_dags/example_skip_dag.py
[2024-05-22T23:00:03.311+0000] {processor.py:840} INFO - DAG(s) 'example_skip_dag' retrieved from /home/airflow/.local/lib/python3.8/site-packages/airflow/example_dags/example_skip_dag.py
[2024-05-22T23:00:03.336+0000] {logging_mixin.py:188} INFO - [2024-05-22T23:00:03.335+0000] {dag.py:3036} INFO - Sync 1 DAGs
[2024-05-22T23:00:03.360+0000] {logging_mixin.py:188} INFO - [2024-05-22T23:00:03.360+0000] {dag.py:3823} INFO - Setting next_dagrun for example_skip_dag to 2024-05-21 00:00:00+00:00, run_after=2024-05-22 00:00:00+00:00
[2024-05-22T23:00:03.382+0000] {processor.py:183} INFO - Processing /home/airflow/.local/lib/python3.8/site-packages/airflow/example_dags/example_skip_dag.py took 0.084 seconds
[2024-05-22T23:00:34.101+0000] {processor.py:161} INFO - Started process (PID=54940) to work on /home/airflow/.local/lib/python3.8/site-packages/airflow/example_dags/example_skip_dag.py
[2024-05-22T23:00:34.102+0000] {processor.py:830} INFO - Processing file /home/airflow/.local/lib/python3.8/site-packages/airflow/example_dags/example_skip_dag.py for tasks to queue
[2024-05-22T23:00:34.103+0000] {logging_mixin.py:188} INFO - [2024-05-22T23:00:34.103+0000] {dagbag.py:538} INFO - Filling up the DagBag from /home/airflow/.local/lib/python3.8/site-packages/airflow/example_dags/example_skip_dag.py
[2024-05-22T23:00:34.110+0000] {processor.py:840} INFO - DAG(s) 'example_skip_dag' retrieved from /home/airflow/.local/lib/python3.8/site-packages/airflow/example_dags/example_skip_dag.py
[2024-05-22T23:00:34.133+0000] {logging_mixin.py:188} INFO - [2024-05-22T23:00:34.133+0000] {dag.py:3036} INFO - Sync 1 DAGs
[2024-05-22T23:00:34.158+0000] {logging_mixin.py:188} INFO - [2024-05-22T23:00:34.158+0000] {dag.py:3823} INFO - Setting next_dagrun for example_skip_dag to 2024-05-21 00:00:00+00:00, run_after=2024-05-22 00:00:00+00:00
[2024-05-22T23:00:34.182+0000] {processor.py:183} INFO - Processing /home/airflow/.local/lib/python3.8/site-packages/airflow/example_dags/example_skip_dag.py took 0.086 seconds
[2024-05-22T23:01:05.117+0000] {processor.py:161} INFO - Started process (PID=54997) to work on /home/airflow/.local/lib/python3.8/site-packages/airflow/example_dags/example_skip_dag.py
[2024-05-22T23:01:05.119+0000] {processor.py:830} INFO - Processing file /home/airflow/.local/lib/python3.8/site-packages/airflow/example_dags/example_skip_dag.py for tasks to queue
[2024-05-22T23:01:05.121+0000] {logging_mixin.py:188} INFO - [2024-05-22T23:01:05.120+0000] {dagbag.py:538} INFO - Filling up the DagBag from /home/airflow/.local/lib/python3.8/site-packages/airflow/example_dags/example_skip_dag.py
[2024-05-22T23:01:05.132+0000] {processor.py:840} INFO - DAG(s) 'example_skip_dag' retrieved from /home/airflow/.local/lib/python3.8/site-packages/airflow/example_dags/example_skip_dag.py
[2024-05-22T23:01:05.164+0000] {logging_mixin.py:188} INFO - [2024-05-22T23:01:05.163+0000] {dag.py:3036} INFO - Sync 1 DAGs
[2024-05-22T23:01:05.191+0000] {logging_mixin.py:188} INFO - [2024-05-22T23:01:05.191+0000] {dag.py:3823} INFO - Setting next_dagrun for example_skip_dag to 2024-05-21 00:00:00+00:00, run_after=2024-05-22 00:00:00+00:00
[2024-05-22T23:01:05.219+0000] {processor.py:183} INFO - Processing /home/airflow/.local/lib/python3.8/site-packages/airflow/example_dags/example_skip_dag.py took 0.106 seconds
[2024-05-22T23:01:35.625+0000] {processor.py:161} INFO - Started process (PID=55054) to work on /home/airflow/.local/lib/python3.8/site-packages/airflow/example_dags/example_skip_dag.py
[2024-05-22T23:01:35.626+0000] {processor.py:830} INFO - Processing file /home/airflow/.local/lib/python3.8/site-packages/airflow/example_dags/example_skip_dag.py for tasks to queue
[2024-05-22T23:01:35.627+0000] {logging_mixin.py:188} INFO - [2024-05-22T23:01:35.627+0000] {dagbag.py:538} INFO - Filling up the DagBag from /home/airflow/.local/lib/python3.8/site-packages/airflow/example_dags/example_skip_dag.py
[2024-05-22T23:01:35.634+0000] {processor.py:840} INFO - DAG(s) 'example_skip_dag' retrieved from /home/airflow/.local/lib/python3.8/site-packages/airflow/example_dags/example_skip_dag.py
[2024-05-22T23:01:35.658+0000] {logging_mixin.py:188} INFO - [2024-05-22T23:01:35.658+0000] {dag.py:3036} INFO - Sync 1 DAGs
[2024-05-22T23:01:35.679+0000] {logging_mixin.py:188} INFO - [2024-05-22T23:01:35.679+0000] {dag.py:3823} INFO - Setting next_dagrun for example_skip_dag to 2024-05-21 00:00:00+00:00, run_after=2024-05-22 00:00:00+00:00
[2024-05-22T23:01:35.697+0000] {processor.py:183} INFO - Processing /home/airflow/.local/lib/python3.8/site-packages/airflow/example_dags/example_skip_dag.py took 0.076 seconds
[2024-05-22T23:02:05.946+0000] {processor.py:161} INFO - Started process (PID=55111) to work on /home/airflow/.local/lib/python3.8/site-packages/airflow/example_dags/example_skip_dag.py
[2024-05-22T23:02:05.947+0000] {processor.py:830} INFO - Processing file /home/airflow/.local/lib/python3.8/site-packages/airflow/example_dags/example_skip_dag.py for tasks to queue
[2024-05-22T23:02:05.949+0000] {logging_mixin.py:188} INFO - [2024-05-22T23:02:05.948+0000] {dagbag.py:538} INFO - Filling up the DagBag from /home/airflow/.local/lib/python3.8/site-packages/airflow/example_dags/example_skip_dag.py
[2024-05-22T23:02:05.955+0000] {processor.py:840} INFO - DAG(s) 'example_skip_dag' retrieved from /home/airflow/.local/lib/python3.8/site-packages/airflow/example_dags/example_skip_dag.py
[2024-05-22T23:02:05.978+0000] {logging_mixin.py:188} INFO - [2024-05-22T23:02:05.978+0000] {dag.py:3036} INFO - Sync 1 DAGs
[2024-05-22T23:02:06.000+0000] {logging_mixin.py:188} INFO - [2024-05-22T23:02:06.000+0000] {dag.py:3823} INFO - Setting next_dagrun for example_skip_dag to 2024-05-21 00:00:00+00:00, run_after=2024-05-22 00:00:00+00:00
[2024-05-22T23:02:06.020+0000] {processor.py:183} INFO - Processing /home/airflow/.local/lib/python3.8/site-packages/airflow/example_dags/example_skip_dag.py took 0.077 seconds
[2024-05-22T23:02:36.272+0000] {processor.py:161} INFO - Started process (PID=55169) to work on /home/airflow/.local/lib/python3.8/site-packages/airflow/example_dags/example_skip_dag.py
[2024-05-22T23:02:36.273+0000] {processor.py:830} INFO - Processing file /home/airflow/.local/lib/python3.8/site-packages/airflow/example_dags/example_skip_dag.py for tasks to queue
[2024-05-22T23:02:36.275+0000] {logging_mixin.py:188} INFO - [2024-05-22T23:02:36.275+0000] {dagbag.py:538} INFO - Filling up the DagBag from /home/airflow/.local/lib/python3.8/site-packages/airflow/example_dags/example_skip_dag.py
[2024-05-22T23:02:36.284+0000] {processor.py:840} INFO - DAG(s) 'example_skip_dag' retrieved from /home/airflow/.local/lib/python3.8/site-packages/airflow/example_dags/example_skip_dag.py
[2024-05-22T23:02:36.307+0000] {logging_mixin.py:188} INFO - [2024-05-22T23:02:36.307+0000] {dag.py:3036} INFO - Sync 1 DAGs
[2024-05-22T23:02:36.330+0000] {logging_mixin.py:188} INFO - [2024-05-22T23:02:36.330+0000] {dag.py:3823} INFO - Setting next_dagrun for example_skip_dag to 2024-05-21 00:00:00+00:00, run_after=2024-05-22 00:00:00+00:00
[2024-05-22T23:02:36.356+0000] {processor.py:183} INFO - Processing /home/airflow/.local/lib/python3.8/site-packages/airflow/example_dags/example_skip_dag.py took 0.087 seconds
[2024-05-22T23:03:07.302+0000] {processor.py:161} INFO - Started process (PID=55226) to work on /home/airflow/.local/lib/python3.8/site-packages/airflow/example_dags/example_skip_dag.py
[2024-05-22T23:03:07.303+0000] {processor.py:830} INFO - Processing file /home/airflow/.local/lib/python3.8/site-packages/airflow/example_dags/example_skip_dag.py for tasks to queue
[2024-05-22T23:03:07.305+0000] {logging_mixin.py:188} INFO - [2024-05-22T23:03:07.305+0000] {dagbag.py:538} INFO - Filling up the DagBag from /home/airflow/.local/lib/python3.8/site-packages/airflow/example_dags/example_skip_dag.py
[2024-05-22T23:03:07.314+0000] {processor.py:840} INFO - DAG(s) 'example_skip_dag' retrieved from /home/airflow/.local/lib/python3.8/site-packages/airflow/example_dags/example_skip_dag.py
[2024-05-22T23:03:07.337+0000] {logging_mixin.py:188} INFO - [2024-05-22T23:03:07.337+0000] {dag.py:3036} INFO - Sync 1 DAGs
[2024-05-22T23:03:07.366+0000] {logging_mixin.py:188} INFO - [2024-05-22T23:03:07.366+0000] {dag.py:3823} INFO - Setting next_dagrun for example_skip_dag to 2024-05-21 00:00:00+00:00, run_after=2024-05-22 00:00:00+00:00
[2024-05-22T23:03:07.399+0000] {processor.py:183} INFO - Processing /home/airflow/.local/lib/python3.8/site-packages/airflow/example_dags/example_skip_dag.py took 0.100 seconds
[2024-05-22T23:03:38.060+0000] {processor.py:161} INFO - Started process (PID=55283) to work on /home/airflow/.local/lib/python3.8/site-packages/airflow/example_dags/example_skip_dag.py
[2024-05-22T23:03:38.061+0000] {processor.py:830} INFO - Processing file /home/airflow/.local/lib/python3.8/site-packages/airflow/example_dags/example_skip_dag.py for tasks to queue
[2024-05-22T23:03:38.063+0000] {logging_mixin.py:188} INFO - [2024-05-22T23:03:38.063+0000] {dagbag.py:538} INFO - Filling up the DagBag from /home/airflow/.local/lib/python3.8/site-packages/airflow/example_dags/example_skip_dag.py
[2024-05-22T23:03:38.070+0000] {processor.py:840} INFO - DAG(s) 'example_skip_dag' retrieved from /home/airflow/.local/lib/python3.8/site-packages/airflow/example_dags/example_skip_dag.py
[2024-05-22T23:03:38.095+0000] {logging_mixin.py:188} INFO - [2024-05-22T23:03:38.095+0000] {dag.py:3036} INFO - Sync 1 DAGs
[2024-05-22T23:03:38.123+0000] {logging_mixin.py:188} INFO - [2024-05-22T23:03:38.123+0000] {dag.py:3823} INFO - Setting next_dagrun for example_skip_dag to 2024-05-21 00:00:00+00:00, run_after=2024-05-22 00:00:00+00:00
[2024-05-22T23:03:38.146+0000] {processor.py:183} INFO - Processing /home/airflow/.local/lib/python3.8/site-packages/airflow/example_dags/example_skip_dag.py took 0.091 seconds
[2024-05-22T23:04:08.796+0000] {processor.py:161} INFO - Started process (PID=55341) to work on /home/airflow/.local/lib/python3.8/site-packages/airflow/example_dags/example_skip_dag.py
[2024-05-22T23:04:08.797+0000] {processor.py:830} INFO - Processing file /home/airflow/.local/lib/python3.8/site-packages/airflow/example_dags/example_skip_dag.py for tasks to queue
[2024-05-22T23:04:08.798+0000] {logging_mixin.py:188} INFO - [2024-05-22T23:04:08.798+0000] {dagbag.py:538} INFO - Filling up the DagBag from /home/airflow/.local/lib/python3.8/site-packages/airflow/example_dags/example_skip_dag.py
[2024-05-22T23:04:08.806+0000] {processor.py:840} INFO - DAG(s) 'example_skip_dag' retrieved from /home/airflow/.local/lib/python3.8/site-packages/airflow/example_dags/example_skip_dag.py
[2024-05-22T23:04:08.831+0000] {logging_mixin.py:188} INFO - [2024-05-22T23:04:08.831+0000] {dag.py:3036} INFO - Sync 1 DAGs
[2024-05-22T23:04:08.860+0000] {logging_mixin.py:188} INFO - [2024-05-22T23:04:08.860+0000] {dag.py:3823} INFO - Setting next_dagrun for example_skip_dag to 2024-05-21 00:00:00+00:00, run_after=2024-05-22 00:00:00+00:00
[2024-05-22T23:04:08.885+0000] {processor.py:183} INFO - Processing /home/airflow/.local/lib/python3.8/site-packages/airflow/example_dags/example_skip_dag.py took 0.094 seconds
[2024-05-22T23:04:39.124+0000] {processor.py:161} INFO - Started process (PID=55398) to work on /home/airflow/.local/lib/python3.8/site-packages/airflow/example_dags/example_skip_dag.py
[2024-05-22T23:04:39.125+0000] {processor.py:830} INFO - Processing file /home/airflow/.local/lib/python3.8/site-packages/airflow/example_dags/example_skip_dag.py for tasks to queue
[2024-05-22T23:04:39.127+0000] {logging_mixin.py:188} INFO - [2024-05-22T23:04:39.126+0000] {dagbag.py:538} INFO - Filling up the DagBag from /home/airflow/.local/lib/python3.8/site-packages/airflow/example_dags/example_skip_dag.py
[2024-05-22T23:04:39.134+0000] {processor.py:840} INFO - DAG(s) 'example_skip_dag' retrieved from /home/airflow/.local/lib/python3.8/site-packages/airflow/example_dags/example_skip_dag.py
[2024-05-22T23:04:39.160+0000] {logging_mixin.py:188} INFO - [2024-05-22T23:04:39.160+0000] {dag.py:3036} INFO - Sync 1 DAGs
[2024-05-22T23:04:39.184+0000] {logging_mixin.py:188} INFO - [2024-05-22T23:04:39.183+0000] {dag.py:3823} INFO - Setting next_dagrun for example_skip_dag to 2024-05-21 00:00:00+00:00, run_after=2024-05-22 00:00:00+00:00
[2024-05-22T23:04:39.204+0000] {processor.py:183} INFO - Processing /home/airflow/.local/lib/python3.8/site-packages/airflow/example_dags/example_skip_dag.py took 0.084 seconds
[2024-05-22T23:05:09.625+0000] {processor.py:161} INFO - Started process (PID=55453) to work on /home/airflow/.local/lib/python3.8/site-packages/airflow/example_dags/example_skip_dag.py
[2024-05-22T23:05:09.628+0000] {processor.py:830} INFO - Processing file /home/airflow/.local/lib/python3.8/site-packages/airflow/example_dags/example_skip_dag.py for tasks to queue
[2024-05-22T23:05:09.630+0000] {logging_mixin.py:188} INFO - [2024-05-22T23:05:09.630+0000] {dagbag.py:538} INFO - Filling up the DagBag from /home/airflow/.local/lib/python3.8/site-packages/airflow/example_dags/example_skip_dag.py
[2024-05-22T23:05:09.637+0000] {processor.py:840} INFO - DAG(s) 'example_skip_dag' retrieved from /home/airflow/.local/lib/python3.8/site-packages/airflow/example_dags/example_skip_dag.py
[2024-05-22T23:05:09.665+0000] {logging_mixin.py:188} INFO - [2024-05-22T23:05:09.665+0000] {dag.py:3036} INFO - Sync 1 DAGs
[2024-05-22T23:05:09.690+0000] {logging_mixin.py:188} INFO - [2024-05-22T23:05:09.690+0000] {dag.py:3823} INFO - Setting next_dagrun for example_skip_dag to 2024-05-21 00:00:00+00:00, run_after=2024-05-22 00:00:00+00:00
[2024-05-22T23:05:09.711+0000] {processor.py:183} INFO - Processing /home/airflow/.local/lib/python3.8/site-packages/airflow/example_dags/example_skip_dag.py took 0.089 seconds
[2024-05-22T23:05:39.809+0000] {processor.py:161} INFO - Started process (PID=55510) to work on /home/airflow/.local/lib/python3.8/site-packages/airflow/example_dags/example_skip_dag.py
[2024-05-22T23:05:39.809+0000] {processor.py:830} INFO - Processing file /home/airflow/.local/lib/python3.8/site-packages/airflow/example_dags/example_skip_dag.py for tasks to queue
[2024-05-22T23:05:39.811+0000] {logging_mixin.py:188} INFO - [2024-05-22T23:05:39.811+0000] {dagbag.py:538} INFO - Filling up the DagBag from /home/airflow/.local/lib/python3.8/site-packages/airflow/example_dags/example_skip_dag.py
[2024-05-22T23:05:39.818+0000] {processor.py:840} INFO - DAG(s) 'example_skip_dag' retrieved from /home/airflow/.local/lib/python3.8/site-packages/airflow/example_dags/example_skip_dag.py
[2024-05-22T23:05:39.843+0000] {logging_mixin.py:188} INFO - [2024-05-22T23:05:39.843+0000] {dag.py:3036} INFO - Sync 1 DAGs
[2024-05-22T23:05:39.868+0000] {logging_mixin.py:188} INFO - [2024-05-22T23:05:39.867+0000] {dag.py:3823} INFO - Setting next_dagrun for example_skip_dag to 2024-05-21 00:00:00+00:00, run_after=2024-05-22 00:00:00+00:00
[2024-05-22T23:05:39.889+0000] {processor.py:183} INFO - Processing /home/airflow/.local/lib/python3.8/site-packages/airflow/example_dags/example_skip_dag.py took 0.084 seconds
[2024-05-22T23:06:10.416+0000] {processor.py:161} INFO - Started process (PID=55567) to work on /home/airflow/.local/lib/python3.8/site-packages/airflow/example_dags/example_skip_dag.py
[2024-05-22T23:06:10.417+0000] {processor.py:830} INFO - Processing file /home/airflow/.local/lib/python3.8/site-packages/airflow/example_dags/example_skip_dag.py for tasks to queue
[2024-05-22T23:06:10.419+0000] {logging_mixin.py:188} INFO - [2024-05-22T23:06:10.419+0000] {dagbag.py:538} INFO - Filling up the DagBag from /home/airflow/.local/lib/python3.8/site-packages/airflow/example_dags/example_skip_dag.py
[2024-05-22T23:06:10.427+0000] {processor.py:840} INFO - DAG(s) 'example_skip_dag' retrieved from /home/airflow/.local/lib/python3.8/site-packages/airflow/example_dags/example_skip_dag.py
[2024-05-22T23:06:10.451+0000] {logging_mixin.py:188} INFO - [2024-05-22T23:06:10.450+0000] {dag.py:3036} INFO - Sync 1 DAGs
[2024-05-22T23:06:10.479+0000] {logging_mixin.py:188} INFO - [2024-05-22T23:06:10.479+0000] {dag.py:3823} INFO - Setting next_dagrun for example_skip_dag to 2024-05-21 00:00:00+00:00, run_after=2024-05-22 00:00:00+00:00
[2024-05-22T23:06:10.502+0000] {processor.py:183} INFO - Processing /home/airflow/.local/lib/python3.8/site-packages/airflow/example_dags/example_skip_dag.py took 0.089 seconds
[2024-05-22T23:06:41.153+0000] {processor.py:161} INFO - Started process (PID=55624) to work on /home/airflow/.local/lib/python3.8/site-packages/airflow/example_dags/example_skip_dag.py
[2024-05-22T23:06:41.154+0000] {processor.py:830} INFO - Processing file /home/airflow/.local/lib/python3.8/site-packages/airflow/example_dags/example_skip_dag.py for tasks to queue
[2024-05-22T23:06:41.156+0000] {logging_mixin.py:188} INFO - [2024-05-22T23:06:41.156+0000] {dagbag.py:538} INFO - Filling up the DagBag from /home/airflow/.local/lib/python3.8/site-packages/airflow/example_dags/example_skip_dag.py
[2024-05-22T23:06:41.164+0000] {processor.py:840} INFO - DAG(s) 'example_skip_dag' retrieved from /home/airflow/.local/lib/python3.8/site-packages/airflow/example_dags/example_skip_dag.py
[2024-05-22T23:06:41.190+0000] {logging_mixin.py:188} INFO - [2024-05-22T23:06:41.190+0000] {dag.py:3036} INFO - Sync 1 DAGs
[2024-05-22T23:06:41.216+0000] {logging_mixin.py:188} INFO - [2024-05-22T23:06:41.216+0000] {dag.py:3823} INFO - Setting next_dagrun for example_skip_dag to 2024-05-21 00:00:00+00:00, run_after=2024-05-22 00:00:00+00:00
[2024-05-22T23:06:41.243+0000] {processor.py:183} INFO - Processing /home/airflow/.local/lib/python3.8/site-packages/airflow/example_dags/example_skip_dag.py took 0.093 seconds
[2024-05-22T23:07:11.388+0000] {processor.py:161} INFO - Started process (PID=55681) to work on /home/airflow/.local/lib/python3.8/site-packages/airflow/example_dags/example_skip_dag.py
[2024-05-22T23:07:11.389+0000] {processor.py:830} INFO - Processing file /home/airflow/.local/lib/python3.8/site-packages/airflow/example_dags/example_skip_dag.py for tasks to queue
[2024-05-22T23:07:11.391+0000] {logging_mixin.py:188} INFO - [2024-05-22T23:07:11.390+0000] {dagbag.py:538} INFO - Filling up the DagBag from /home/airflow/.local/lib/python3.8/site-packages/airflow/example_dags/example_skip_dag.py
[2024-05-22T23:07:11.398+0000] {processor.py:840} INFO - DAG(s) 'example_skip_dag' retrieved from /home/airflow/.local/lib/python3.8/site-packages/airflow/example_dags/example_skip_dag.py
[2024-05-22T23:07:11.420+0000] {logging_mixin.py:188} INFO - [2024-05-22T23:07:11.420+0000] {dag.py:3036} INFO - Sync 1 DAGs
[2024-05-22T23:07:11.449+0000] {logging_mixin.py:188} INFO - [2024-05-22T23:07:11.448+0000] {dag.py:3823} INFO - Setting next_dagrun for example_skip_dag to 2024-05-21 00:00:00+00:00, run_after=2024-05-22 00:00:00+00:00
[2024-05-22T23:07:11.472+0000] {processor.py:183} INFO - Processing /home/airflow/.local/lib/python3.8/site-packages/airflow/example_dags/example_skip_dag.py took 0.088 seconds
[2024-05-22T23:07:41.555+0000] {processor.py:161} INFO - Started process (PID=55738) to work on /home/airflow/.local/lib/python3.8/site-packages/airflow/example_dags/example_skip_dag.py
[2024-05-22T23:07:41.556+0000] {processor.py:830} INFO - Processing file /home/airflow/.local/lib/python3.8/site-packages/airflow/example_dags/example_skip_dag.py for tasks to queue
[2024-05-22T23:07:41.558+0000] {logging_mixin.py:188} INFO - [2024-05-22T23:07:41.557+0000] {dagbag.py:538} INFO - Filling up the DagBag from /home/airflow/.local/lib/python3.8/site-packages/airflow/example_dags/example_skip_dag.py
[2024-05-22T23:07:41.567+0000] {processor.py:840} INFO - DAG(s) 'example_skip_dag' retrieved from /home/airflow/.local/lib/python3.8/site-packages/airflow/example_dags/example_skip_dag.py
[2024-05-22T23:07:41.596+0000] {logging_mixin.py:188} INFO - [2024-05-22T23:07:41.595+0000] {dag.py:3036} INFO - Sync 1 DAGs
[2024-05-22T23:07:41.621+0000] {logging_mixin.py:188} INFO - [2024-05-22T23:07:41.620+0000] {dag.py:3823} INFO - Setting next_dagrun for example_skip_dag to 2024-05-21 00:00:00+00:00, run_after=2024-05-22 00:00:00+00:00
[2024-05-22T23:07:41.644+0000] {processor.py:183} INFO - Processing /home/airflow/.local/lib/python3.8/site-packages/airflow/example_dags/example_skip_dag.py took 0.094 seconds
[2024-05-22T23:08:12.186+0000] {processor.py:161} INFO - Started process (PID=55795) to work on /home/airflow/.local/lib/python3.8/site-packages/airflow/example_dags/example_skip_dag.py
[2024-05-22T23:08:12.188+0000] {processor.py:830} INFO - Processing file /home/airflow/.local/lib/python3.8/site-packages/airflow/example_dags/example_skip_dag.py for tasks to queue
[2024-05-22T23:08:12.190+0000] {logging_mixin.py:188} INFO - [2024-05-22T23:08:12.189+0000] {dagbag.py:538} INFO - Filling up the DagBag from /home/airflow/.local/lib/python3.8/site-packages/airflow/example_dags/example_skip_dag.py
[2024-05-22T23:08:12.198+0000] {processor.py:840} INFO - DAG(s) 'example_skip_dag' retrieved from /home/airflow/.local/lib/python3.8/site-packages/airflow/example_dags/example_skip_dag.py
[2024-05-22T23:08:12.225+0000] {logging_mixin.py:188} INFO - [2024-05-22T23:08:12.224+0000] {dag.py:3036} INFO - Sync 1 DAGs
[2024-05-22T23:08:12.252+0000] {logging_mixin.py:188} INFO - [2024-05-22T23:08:12.252+0000] {dag.py:3823} INFO - Setting next_dagrun for example_skip_dag to 2024-05-21 00:00:00+00:00, run_after=2024-05-22 00:00:00+00:00
[2024-05-22T23:08:12.280+0000] {processor.py:183} INFO - Processing /home/airflow/.local/lib/python3.8/site-packages/airflow/example_dags/example_skip_dag.py took 0.097 seconds
[2024-05-22T23:08:42.991+0000] {processor.py:161} INFO - Started process (PID=55858) to work on /home/airflow/.local/lib/python3.8/site-packages/airflow/example_dags/example_skip_dag.py
[2024-05-22T23:08:42.992+0000] {processor.py:830} INFO - Processing file /home/airflow/.local/lib/python3.8/site-packages/airflow/example_dags/example_skip_dag.py for tasks to queue
[2024-05-22T23:08:42.994+0000] {logging_mixin.py:188} INFO - [2024-05-22T23:08:42.994+0000] {dagbag.py:538} INFO - Filling up the DagBag from /home/airflow/.local/lib/python3.8/site-packages/airflow/example_dags/example_skip_dag.py
[2024-05-22T23:08:43.001+0000] {processor.py:840} INFO - DAG(s) 'example_skip_dag' retrieved from /home/airflow/.local/lib/python3.8/site-packages/airflow/example_dags/example_skip_dag.py
[2024-05-22T23:08:43.023+0000] {logging_mixin.py:188} INFO - [2024-05-22T23:08:43.023+0000] {dag.py:3036} INFO - Sync 1 DAGs
[2024-05-22T23:08:43.047+0000] {logging_mixin.py:188} INFO - [2024-05-22T23:08:43.047+0000] {dag.py:3823} INFO - Setting next_dagrun for example_skip_dag to 2024-05-21 00:00:00+00:00, run_after=2024-05-22 00:00:00+00:00
[2024-05-22T23:08:43.070+0000] {processor.py:183} INFO - Processing /home/airflow/.local/lib/python3.8/site-packages/airflow/example_dags/example_skip_dag.py took 0.081 seconds
[2024-05-22T23:09:13.840+0000] {processor.py:161} INFO - Started process (PID=55915) to work on /home/airflow/.local/lib/python3.8/site-packages/airflow/example_dags/example_skip_dag.py
[2024-05-22T23:09:13.842+0000] {processor.py:830} INFO - Processing file /home/airflow/.local/lib/python3.8/site-packages/airflow/example_dags/example_skip_dag.py for tasks to queue
[2024-05-22T23:09:13.844+0000] {logging_mixin.py:188} INFO - [2024-05-22T23:09:13.844+0000] {dagbag.py:538} INFO - Filling up the DagBag from /home/airflow/.local/lib/python3.8/site-packages/airflow/example_dags/example_skip_dag.py
[2024-05-22T23:09:13.852+0000] {processor.py:840} INFO - DAG(s) 'example_skip_dag' retrieved from /home/airflow/.local/lib/python3.8/site-packages/airflow/example_dags/example_skip_dag.py
[2024-05-22T23:09:13.876+0000] {logging_mixin.py:188} INFO - [2024-05-22T23:09:13.876+0000] {dag.py:3036} INFO - Sync 1 DAGs
[2024-05-22T23:09:13.902+0000] {logging_mixin.py:188} INFO - [2024-05-22T23:09:13.902+0000] {dag.py:3823} INFO - Setting next_dagrun for example_skip_dag to 2024-05-21 00:00:00+00:00, run_after=2024-05-22 00:00:00+00:00
[2024-05-22T23:09:13.925+0000] {processor.py:183} INFO - Processing /home/airflow/.local/lib/python3.8/site-packages/airflow/example_dags/example_skip_dag.py took 0.087 seconds
[2024-05-22T23:09:44.264+0000] {processor.py:161} INFO - Started process (PID=55972) to work on /home/airflow/.local/lib/python3.8/site-packages/airflow/example_dags/example_skip_dag.py
[2024-05-22T23:09:44.265+0000] {processor.py:830} INFO - Processing file /home/airflow/.local/lib/python3.8/site-packages/airflow/example_dags/example_skip_dag.py for tasks to queue
[2024-05-22T23:09:44.267+0000] {logging_mixin.py:188} INFO - [2024-05-22T23:09:44.267+0000] {dagbag.py:538} INFO - Filling up the DagBag from /home/airflow/.local/lib/python3.8/site-packages/airflow/example_dags/example_skip_dag.py
[2024-05-22T23:09:44.273+0000] {processor.py:840} INFO - DAG(s) 'example_skip_dag' retrieved from /home/airflow/.local/lib/python3.8/site-packages/airflow/example_dags/example_skip_dag.py
[2024-05-22T23:09:44.300+0000] {logging_mixin.py:188} INFO - [2024-05-22T23:09:44.300+0000] {dag.py:3036} INFO - Sync 1 DAGs
[2024-05-22T23:09:44.328+0000] {logging_mixin.py:188} INFO - [2024-05-22T23:09:44.328+0000] {dag.py:3823} INFO - Setting next_dagrun for example_skip_dag to 2024-05-21 00:00:00+00:00, run_after=2024-05-22 00:00:00+00:00
[2024-05-22T23:09:44.352+0000] {processor.py:183} INFO - Processing /home/airflow/.local/lib/python3.8/site-packages/airflow/example_dags/example_skip_dag.py took 0.091 seconds
[2024-05-22T23:10:14.555+0000] {processor.py:161} INFO - Started process (PID=56029) to work on /home/airflow/.local/lib/python3.8/site-packages/airflow/example_dags/example_skip_dag.py
[2024-05-22T23:10:14.556+0000] {processor.py:830} INFO - Processing file /home/airflow/.local/lib/python3.8/site-packages/airflow/example_dags/example_skip_dag.py for tasks to queue
[2024-05-22T23:10:14.558+0000] {logging_mixin.py:188} INFO - [2024-05-22T23:10:14.557+0000] {dagbag.py:538} INFO - Filling up the DagBag from /home/airflow/.local/lib/python3.8/site-packages/airflow/example_dags/example_skip_dag.py
[2024-05-22T23:10:14.565+0000] {processor.py:840} INFO - DAG(s) 'example_skip_dag' retrieved from /home/airflow/.local/lib/python3.8/site-packages/airflow/example_dags/example_skip_dag.py
[2024-05-22T23:10:14.588+0000] {logging_mixin.py:188} INFO - [2024-05-22T23:10:14.588+0000] {dag.py:3036} INFO - Sync 1 DAGs
[2024-05-22T23:10:14.617+0000] {logging_mixin.py:188} INFO - [2024-05-22T23:10:14.617+0000] {dag.py:3823} INFO - Setting next_dagrun for example_skip_dag to 2024-05-21 00:00:00+00:00, run_after=2024-05-22 00:00:00+00:00
[2024-05-22T23:10:14.639+0000] {processor.py:183} INFO - Processing /home/airflow/.local/lib/python3.8/site-packages/airflow/example_dags/example_skip_dag.py took 0.088 seconds
