[2024-05-22T22:36:36.805+0000] {processor.py:161} INFO - Started process (PID=52222) to work on /home/airflow/.local/lib/python3.8/site-packages/airflow/example_dags/example_task_group_decorator.py
[2024-05-22T22:36:36.806+0000] {processor.py:830} INFO - Processing file /home/airflow/.local/lib/python3.8/site-packages/airflow/example_dags/example_task_group_decorator.py for tasks to queue
[2024-05-22T22:36:36.815+0000] {logging_mixin.py:188} INFO - [2024-05-22T22:36:36.809+0000] {dagbag.py:538} INFO - Filling up the DagBag from /home/airflow/.local/lib/python3.8/site-packages/airflow/example_dags/example_task_group_decorator.py
[2024-05-22T22:36:36.885+0000] {processor.py:840} INFO - DAG(s) 'example_task_group_decorator' retrieved from /home/airflow/.local/lib/python3.8/site-packages/airflow/example_dags/example_task_group_decorator.py
[2024-05-22T22:36:36.982+0000] {logging_mixin.py:188} INFO - [2024-05-22T22:36:36.981+0000] {dag.py:3036} INFO - Sync 1 DAGs
[2024-05-22T22:36:37.097+0000] {logging_mixin.py:188} INFO - [2024-05-22T22:36:37.095+0000] {dag.py:3823} INFO - Setting next_dagrun for example_task_group_decorator to 2024-05-21 00:00:00+00:00, run_after=2024-05-22 00:00:00+00:00
[2024-05-22T22:36:37.211+0000] {processor.py:183} INFO - Processing /home/airflow/.local/lib/python3.8/site-packages/airflow/example_dags/example_task_group_decorator.py took 0.411 seconds
[2024-05-22T22:37:08.097+0000] {processor.py:161} INFO - Started process (PID=52279) to work on /home/airflow/.local/lib/python3.8/site-packages/airflow/example_dags/example_task_group_decorator.py
[2024-05-22T22:37:08.098+0000] {processor.py:830} INFO - Processing file /home/airflow/.local/lib/python3.8/site-packages/airflow/example_dags/example_task_group_decorator.py for tasks to queue
[2024-05-22T22:37:08.099+0000] {logging_mixin.py:188} INFO - [2024-05-22T22:37:08.099+0000] {dagbag.py:538} INFO - Filling up the DagBag from /home/airflow/.local/lib/python3.8/site-packages/airflow/example_dags/example_task_group_decorator.py
[2024-05-22T22:37:08.114+0000] {processor.py:840} INFO - DAG(s) 'example_task_group_decorator' retrieved from /home/airflow/.local/lib/python3.8/site-packages/airflow/example_dags/example_task_group_decorator.py
[2024-05-22T22:37:08.138+0000] {logging_mixin.py:188} INFO - [2024-05-22T22:37:08.138+0000] {dag.py:3036} INFO - Sync 1 DAGs
[2024-05-22T22:37:08.159+0000] {logging_mixin.py:188} INFO - [2024-05-22T22:37:08.159+0000] {dag.py:3823} INFO - Setting next_dagrun for example_task_group_decorator to 2024-05-21 00:00:00+00:00, run_after=2024-05-22 00:00:00+00:00
[2024-05-22T22:37:08.179+0000] {processor.py:183} INFO - Processing /home/airflow/.local/lib/python3.8/site-packages/airflow/example_dags/example_task_group_decorator.py took 0.086 seconds
[2024-05-22T22:37:38.577+0000] {processor.py:161} INFO - Started process (PID=52336) to work on /home/airflow/.local/lib/python3.8/site-packages/airflow/example_dags/example_task_group_decorator.py
[2024-05-22T22:37:38.578+0000] {processor.py:830} INFO - Processing file /home/airflow/.local/lib/python3.8/site-packages/airflow/example_dags/example_task_group_decorator.py for tasks to queue
[2024-05-22T22:37:38.580+0000] {logging_mixin.py:188} INFO - [2024-05-22T22:37:38.580+0000] {dagbag.py:538} INFO - Filling up the DagBag from /home/airflow/.local/lib/python3.8/site-packages/airflow/example_dags/example_task_group_decorator.py
[2024-05-22T22:37:38.597+0000] {processor.py:840} INFO - DAG(s) 'example_task_group_decorator' retrieved from /home/airflow/.local/lib/python3.8/site-packages/airflow/example_dags/example_task_group_decorator.py
[2024-05-22T22:37:38.622+0000] {logging_mixin.py:188} INFO - [2024-05-22T22:37:38.622+0000] {dag.py:3036} INFO - Sync 1 DAGs
[2024-05-22T22:37:38.646+0000] {logging_mixin.py:188} INFO - [2024-05-22T22:37:38.646+0000] {dag.py:3823} INFO - Setting next_dagrun for example_task_group_decorator to 2024-05-21 00:00:00+00:00, run_after=2024-05-22 00:00:00+00:00
[2024-05-22T22:37:38.668+0000] {processor.py:183} INFO - Processing /home/airflow/.local/lib/python3.8/site-packages/airflow/example_dags/example_task_group_decorator.py took 0.094 seconds
[2024-05-22T22:38:09.155+0000] {processor.py:161} INFO - Started process (PID=52393) to work on /home/airflow/.local/lib/python3.8/site-packages/airflow/example_dags/example_task_group_decorator.py
[2024-05-22T22:38:09.156+0000] {processor.py:830} INFO - Processing file /home/airflow/.local/lib/python3.8/site-packages/airflow/example_dags/example_task_group_decorator.py for tasks to queue
[2024-05-22T22:38:09.158+0000] {logging_mixin.py:188} INFO - [2024-05-22T22:38:09.158+0000] {dagbag.py:538} INFO - Filling up the DagBag from /home/airflow/.local/lib/python3.8/site-packages/airflow/example_dags/example_task_group_decorator.py
[2024-05-22T22:38:09.177+0000] {processor.py:840} INFO - DAG(s) 'example_task_group_decorator' retrieved from /home/airflow/.local/lib/python3.8/site-packages/airflow/example_dags/example_task_group_decorator.py
[2024-05-22T22:38:09.212+0000] {logging_mixin.py:188} INFO - [2024-05-22T22:38:09.212+0000] {dag.py:3036} INFO - Sync 1 DAGs
[2024-05-22T22:38:09.250+0000] {logging_mixin.py:188} INFO - [2024-05-22T22:38:09.249+0000] {dag.py:3823} INFO - Setting next_dagrun for example_task_group_decorator to 2024-05-21 00:00:00+00:00, run_after=2024-05-22 00:00:00+00:00
[2024-05-22T22:38:09.272+0000] {processor.py:183} INFO - Processing /home/airflow/.local/lib/python3.8/site-packages/airflow/example_dags/example_task_group_decorator.py took 0.122 seconds
[2024-05-22T22:38:39.597+0000] {processor.py:161} INFO - Started process (PID=52450) to work on /home/airflow/.local/lib/python3.8/site-packages/airflow/example_dags/example_task_group_decorator.py
[2024-05-22T22:38:39.598+0000] {processor.py:830} INFO - Processing file /home/airflow/.local/lib/python3.8/site-packages/airflow/example_dags/example_task_group_decorator.py for tasks to queue
[2024-05-22T22:38:39.601+0000] {logging_mixin.py:188} INFO - [2024-05-22T22:38:39.600+0000] {dagbag.py:538} INFO - Filling up the DagBag from /home/airflow/.local/lib/python3.8/site-packages/airflow/example_dags/example_task_group_decorator.py
[2024-05-22T22:38:39.617+0000] {processor.py:840} INFO - DAG(s) 'example_task_group_decorator' retrieved from /home/airflow/.local/lib/python3.8/site-packages/airflow/example_dags/example_task_group_decorator.py
[2024-05-22T22:38:39.644+0000] {logging_mixin.py:188} INFO - [2024-05-22T22:38:39.644+0000] {dag.py:3036} INFO - Sync 1 DAGs
[2024-05-22T22:38:39.668+0000] {logging_mixin.py:188} INFO - [2024-05-22T22:38:39.668+0000] {dag.py:3823} INFO - Setting next_dagrun for example_task_group_decorator to 2024-05-21 00:00:00+00:00, run_after=2024-05-22 00:00:00+00:00
[2024-05-22T22:38:39.690+0000] {processor.py:183} INFO - Processing /home/airflow/.local/lib/python3.8/site-packages/airflow/example_dags/example_task_group_decorator.py took 0.096 seconds
[2024-05-22T22:39:10.067+0000] {processor.py:161} INFO - Started process (PID=52513) to work on /home/airflow/.local/lib/python3.8/site-packages/airflow/example_dags/example_task_group_decorator.py
[2024-05-22T22:39:10.068+0000] {processor.py:830} INFO - Processing file /home/airflow/.local/lib/python3.8/site-packages/airflow/example_dags/example_task_group_decorator.py for tasks to queue
[2024-05-22T22:39:10.070+0000] {logging_mixin.py:188} INFO - [2024-05-22T22:39:10.070+0000] {dagbag.py:538} INFO - Filling up the DagBag from /home/airflow/.local/lib/python3.8/site-packages/airflow/example_dags/example_task_group_decorator.py
[2024-05-22T22:39:10.090+0000] {processor.py:840} INFO - DAG(s) 'example_task_group_decorator' retrieved from /home/airflow/.local/lib/python3.8/site-packages/airflow/example_dags/example_task_group_decorator.py
[2024-05-22T22:39:10.121+0000] {logging_mixin.py:188} INFO - [2024-05-22T22:39:10.120+0000] {dag.py:3036} INFO - Sync 1 DAGs
[2024-05-22T22:39:10.150+0000] {logging_mixin.py:188} INFO - [2024-05-22T22:39:10.150+0000] {dag.py:3823} INFO - Setting next_dagrun for example_task_group_decorator to 2024-05-21 00:00:00+00:00, run_after=2024-05-22 00:00:00+00:00
[2024-05-22T22:39:10.176+0000] {processor.py:183} INFO - Processing /home/airflow/.local/lib/python3.8/site-packages/airflow/example_dags/example_task_group_decorator.py took 0.113 seconds
[2024-05-22T22:39:40.456+0000] {processor.py:161} INFO - Started process (PID=52570) to work on /home/airflow/.local/lib/python3.8/site-packages/airflow/example_dags/example_task_group_decorator.py
[2024-05-22T22:39:40.457+0000] {processor.py:830} INFO - Processing file /home/airflow/.local/lib/python3.8/site-packages/airflow/example_dags/example_task_group_decorator.py for tasks to queue
[2024-05-22T22:39:40.459+0000] {logging_mixin.py:188} INFO - [2024-05-22T22:39:40.459+0000] {dagbag.py:538} INFO - Filling up the DagBag from /home/airflow/.local/lib/python3.8/site-packages/airflow/example_dags/example_task_group_decorator.py
[2024-05-22T22:39:40.478+0000] {processor.py:840} INFO - DAG(s) 'example_task_group_decorator' retrieved from /home/airflow/.local/lib/python3.8/site-packages/airflow/example_dags/example_task_group_decorator.py
[2024-05-22T22:39:40.509+0000] {logging_mixin.py:188} INFO - [2024-05-22T22:39:40.508+0000] {dag.py:3036} INFO - Sync 1 DAGs
[2024-05-22T22:39:40.534+0000] {logging_mixin.py:188} INFO - [2024-05-22T22:39:40.534+0000] {dag.py:3823} INFO - Setting next_dagrun for example_task_group_decorator to 2024-05-21 00:00:00+00:00, run_after=2024-05-22 00:00:00+00:00
[2024-05-22T22:39:40.561+0000] {processor.py:183} INFO - Processing /home/airflow/.local/lib/python3.8/site-packages/airflow/example_dags/example_task_group_decorator.py took 0.108 seconds
[2024-05-22T22:40:10.864+0000] {processor.py:161} INFO - Started process (PID=52627) to work on /home/airflow/.local/lib/python3.8/site-packages/airflow/example_dags/example_task_group_decorator.py
[2024-05-22T22:40:10.865+0000] {processor.py:830} INFO - Processing file /home/airflow/.local/lib/python3.8/site-packages/airflow/example_dags/example_task_group_decorator.py for tasks to queue
[2024-05-22T22:40:10.867+0000] {logging_mixin.py:188} INFO - [2024-05-22T22:40:10.866+0000] {dagbag.py:538} INFO - Filling up the DagBag from /home/airflow/.local/lib/python3.8/site-packages/airflow/example_dags/example_task_group_decorator.py
[2024-05-22T22:40:10.886+0000] {processor.py:840} INFO - DAG(s) 'example_task_group_decorator' retrieved from /home/airflow/.local/lib/python3.8/site-packages/airflow/example_dags/example_task_group_decorator.py
[2024-05-22T22:40:10.920+0000] {logging_mixin.py:188} INFO - [2024-05-22T22:40:10.920+0000] {dag.py:3036} INFO - Sync 1 DAGs
[2024-05-22T22:40:10.952+0000] {logging_mixin.py:188} INFO - [2024-05-22T22:40:10.951+0000] {dag.py:3823} INFO - Setting next_dagrun for example_task_group_decorator to 2024-05-21 00:00:00+00:00, run_after=2024-05-22 00:00:00+00:00
[2024-05-22T22:40:10.976+0000] {processor.py:183} INFO - Processing /home/airflow/.local/lib/python3.8/site-packages/airflow/example_dags/example_task_group_decorator.py took 0.116 seconds
[2024-05-22T22:40:41.385+0000] {processor.py:161} INFO - Started process (PID=52684) to work on /home/airflow/.local/lib/python3.8/site-packages/airflow/example_dags/example_task_group_decorator.py
[2024-05-22T22:40:41.386+0000] {processor.py:830} INFO - Processing file /home/airflow/.local/lib/python3.8/site-packages/airflow/example_dags/example_task_group_decorator.py for tasks to queue
[2024-05-22T22:40:41.387+0000] {logging_mixin.py:188} INFO - [2024-05-22T22:40:41.387+0000] {dagbag.py:538} INFO - Filling up the DagBag from /home/airflow/.local/lib/python3.8/site-packages/airflow/example_dags/example_task_group_decorator.py
[2024-05-22T22:40:41.405+0000] {processor.py:840} INFO - DAG(s) 'example_task_group_decorator' retrieved from /home/airflow/.local/lib/python3.8/site-packages/airflow/example_dags/example_task_group_decorator.py
[2024-05-22T22:40:41.431+0000] {logging_mixin.py:188} INFO - [2024-05-22T22:40:41.431+0000] {dag.py:3036} INFO - Sync 1 DAGs
[2024-05-22T22:40:41.453+0000] {logging_mixin.py:188} INFO - [2024-05-22T22:40:41.453+0000] {dag.py:3823} INFO - Setting next_dagrun for example_task_group_decorator to 2024-05-21 00:00:00+00:00, run_after=2024-05-22 00:00:00+00:00
[2024-05-22T22:40:41.473+0000] {processor.py:183} INFO - Processing /home/airflow/.local/lib/python3.8/site-packages/airflow/example_dags/example_task_group_decorator.py took 0.091 seconds
[2024-05-22T22:41:11.857+0000] {processor.py:161} INFO - Started process (PID=52741) to work on /home/airflow/.local/lib/python3.8/site-packages/airflow/example_dags/example_task_group_decorator.py
[2024-05-22T22:41:11.858+0000] {processor.py:830} INFO - Processing file /home/airflow/.local/lib/python3.8/site-packages/airflow/example_dags/example_task_group_decorator.py for tasks to queue
[2024-05-22T22:41:11.859+0000] {logging_mixin.py:188} INFO - [2024-05-22T22:41:11.859+0000] {dagbag.py:538} INFO - Filling up the DagBag from /home/airflow/.local/lib/python3.8/site-packages/airflow/example_dags/example_task_group_decorator.py
[2024-05-22T22:41:11.877+0000] {processor.py:840} INFO - DAG(s) 'example_task_group_decorator' retrieved from /home/airflow/.local/lib/python3.8/site-packages/airflow/example_dags/example_task_group_decorator.py
[2024-05-22T22:41:11.906+0000] {logging_mixin.py:188} INFO - [2024-05-22T22:41:11.906+0000] {dag.py:3036} INFO - Sync 1 DAGs
[2024-05-22T22:41:11.928+0000] {logging_mixin.py:188} INFO - [2024-05-22T22:41:11.927+0000] {dag.py:3823} INFO - Setting next_dagrun for example_task_group_decorator to 2024-05-21 00:00:00+00:00, run_after=2024-05-22 00:00:00+00:00
[2024-05-22T22:41:11.949+0000] {processor.py:183} INFO - Processing /home/airflow/.local/lib/python3.8/site-packages/airflow/example_dags/example_task_group_decorator.py took 0.096 seconds
[2024-05-22T22:41:42.367+0000] {processor.py:161} INFO - Started process (PID=52798) to work on /home/airflow/.local/lib/python3.8/site-packages/airflow/example_dags/example_task_group_decorator.py
[2024-05-22T22:41:42.368+0000] {processor.py:830} INFO - Processing file /home/airflow/.local/lib/python3.8/site-packages/airflow/example_dags/example_task_group_decorator.py for tasks to queue
[2024-05-22T22:41:42.372+0000] {logging_mixin.py:188} INFO - [2024-05-22T22:41:42.371+0000] {dagbag.py:538} INFO - Filling up the DagBag from /home/airflow/.local/lib/python3.8/site-packages/airflow/example_dags/example_task_group_decorator.py
[2024-05-22T22:41:42.391+0000] {processor.py:840} INFO - DAG(s) 'example_task_group_decorator' retrieved from /home/airflow/.local/lib/python3.8/site-packages/airflow/example_dags/example_task_group_decorator.py
[2024-05-22T22:41:42.424+0000] {logging_mixin.py:188} INFO - [2024-05-22T22:41:42.423+0000] {dag.py:3036} INFO - Sync 1 DAGs
[2024-05-22T22:41:42.446+0000] {logging_mixin.py:188} INFO - [2024-05-22T22:41:42.445+0000] {dag.py:3823} INFO - Setting next_dagrun for example_task_group_decorator to 2024-05-21 00:00:00+00:00, run_after=2024-05-22 00:00:00+00:00
[2024-05-22T22:41:42.466+0000] {processor.py:183} INFO - Processing /home/airflow/.local/lib/python3.8/site-packages/airflow/example_dags/example_task_group_decorator.py took 0.104 seconds
[2024-05-22T22:42:12.976+0000] {processor.py:161} INFO - Started process (PID=52856) to work on /home/airflow/.local/lib/python3.8/site-packages/airflow/example_dags/example_task_group_decorator.py
[2024-05-22T22:42:12.977+0000] {processor.py:830} INFO - Processing file /home/airflow/.local/lib/python3.8/site-packages/airflow/example_dags/example_task_group_decorator.py for tasks to queue
[2024-05-22T22:42:12.979+0000] {logging_mixin.py:188} INFO - [2024-05-22T22:42:12.978+0000] {dagbag.py:538} INFO - Filling up the DagBag from /home/airflow/.local/lib/python3.8/site-packages/airflow/example_dags/example_task_group_decorator.py
[2024-05-22T22:42:12.994+0000] {processor.py:840} INFO - DAG(s) 'example_task_group_decorator' retrieved from /home/airflow/.local/lib/python3.8/site-packages/airflow/example_dags/example_task_group_decorator.py
[2024-05-22T22:42:13.022+0000] {logging_mixin.py:188} INFO - [2024-05-22T22:42:13.022+0000] {dag.py:3036} INFO - Sync 1 DAGs
[2024-05-22T22:42:13.047+0000] {logging_mixin.py:188} INFO - [2024-05-22T22:42:13.047+0000] {dag.py:3823} INFO - Setting next_dagrun for example_task_group_decorator to 2024-05-21 00:00:00+00:00, run_after=2024-05-22 00:00:00+00:00
[2024-05-22T22:42:13.075+0000] {processor.py:183} INFO - Processing /home/airflow/.local/lib/python3.8/site-packages/airflow/example_dags/example_task_group_decorator.py took 0.102 seconds
[2024-05-22T22:42:43.477+0000] {processor.py:161} INFO - Started process (PID=52913) to work on /home/airflow/.local/lib/python3.8/site-packages/airflow/example_dags/example_task_group_decorator.py
[2024-05-22T22:42:43.478+0000] {processor.py:830} INFO - Processing file /home/airflow/.local/lib/python3.8/site-packages/airflow/example_dags/example_task_group_decorator.py for tasks to queue
[2024-05-22T22:42:43.480+0000] {logging_mixin.py:188} INFO - [2024-05-22T22:42:43.479+0000] {dagbag.py:538} INFO - Filling up the DagBag from /home/airflow/.local/lib/python3.8/site-packages/airflow/example_dags/example_task_group_decorator.py
[2024-05-22T22:42:43.495+0000] {processor.py:840} INFO - DAG(s) 'example_task_group_decorator' retrieved from /home/airflow/.local/lib/python3.8/site-packages/airflow/example_dags/example_task_group_decorator.py
[2024-05-22T22:42:43.528+0000] {logging_mixin.py:188} INFO - [2024-05-22T22:42:43.527+0000] {dag.py:3036} INFO - Sync 1 DAGs
[2024-05-22T22:42:43.560+0000] {logging_mixin.py:188} INFO - [2024-05-22T22:42:43.560+0000] {dag.py:3823} INFO - Setting next_dagrun for example_task_group_decorator to 2024-05-21 00:00:00+00:00, run_after=2024-05-22 00:00:00+00:00
[2024-05-22T22:42:43.594+0000] {processor.py:183} INFO - Processing /home/airflow/.local/lib/python3.8/site-packages/airflow/example_dags/example_task_group_decorator.py took 0.121 seconds
[2024-05-22T22:43:14.171+0000] {processor.py:161} INFO - Started process (PID=52970) to work on /home/airflow/.local/lib/python3.8/site-packages/airflow/example_dags/example_task_group_decorator.py
[2024-05-22T22:43:14.172+0000] {processor.py:830} INFO - Processing file /home/airflow/.local/lib/python3.8/site-packages/airflow/example_dags/example_task_group_decorator.py for tasks to queue
[2024-05-22T22:43:14.174+0000] {logging_mixin.py:188} INFO - [2024-05-22T22:43:14.174+0000] {dagbag.py:538} INFO - Filling up the DagBag from /home/airflow/.local/lib/python3.8/site-packages/airflow/example_dags/example_task_group_decorator.py
[2024-05-22T22:43:14.198+0000] {processor.py:840} INFO - DAG(s) 'example_task_group_decorator' retrieved from /home/airflow/.local/lib/python3.8/site-packages/airflow/example_dags/example_task_group_decorator.py
[2024-05-22T22:43:14.228+0000] {logging_mixin.py:188} INFO - [2024-05-22T22:43:14.227+0000] {dag.py:3036} INFO - Sync 1 DAGs
[2024-05-22T22:43:14.255+0000] {logging_mixin.py:188} INFO - [2024-05-22T22:43:14.254+0000] {dag.py:3823} INFO - Setting next_dagrun for example_task_group_decorator to 2024-05-21 00:00:00+00:00, run_after=2024-05-22 00:00:00+00:00
[2024-05-22T22:43:14.281+0000] {processor.py:183} INFO - Processing /home/airflow/.local/lib/python3.8/site-packages/airflow/example_dags/example_task_group_decorator.py took 0.113 seconds
[2024-05-22T22:43:44.513+0000] {processor.py:161} INFO - Started process (PID=53027) to work on /home/airflow/.local/lib/python3.8/site-packages/airflow/example_dags/example_task_group_decorator.py
[2024-05-22T22:43:44.514+0000] {processor.py:830} INFO - Processing file /home/airflow/.local/lib/python3.8/site-packages/airflow/example_dags/example_task_group_decorator.py for tasks to queue
[2024-05-22T22:43:44.517+0000] {logging_mixin.py:188} INFO - [2024-05-22T22:43:44.516+0000] {dagbag.py:538} INFO - Filling up the DagBag from /home/airflow/.local/lib/python3.8/site-packages/airflow/example_dags/example_task_group_decorator.py
[2024-05-22T22:43:44.541+0000] {processor.py:840} INFO - DAG(s) 'example_task_group_decorator' retrieved from /home/airflow/.local/lib/python3.8/site-packages/airflow/example_dags/example_task_group_decorator.py
[2024-05-22T22:43:44.579+0000] {logging_mixin.py:188} INFO - [2024-05-22T22:43:44.579+0000] {dag.py:3036} INFO - Sync 1 DAGs
[2024-05-22T22:43:44.607+0000] {logging_mixin.py:188} INFO - [2024-05-22T22:43:44.607+0000] {dag.py:3823} INFO - Setting next_dagrun for example_task_group_decorator to 2024-05-21 00:00:00+00:00, run_after=2024-05-22 00:00:00+00:00
[2024-05-22T22:43:44.638+0000] {processor.py:183} INFO - Processing /home/airflow/.local/lib/python3.8/site-packages/airflow/example_dags/example_task_group_decorator.py took 0.129 seconds
[2024-05-22T22:44:14.922+0000] {processor.py:161} INFO - Started process (PID=53084) to work on /home/airflow/.local/lib/python3.8/site-packages/airflow/example_dags/example_task_group_decorator.py
[2024-05-22T22:44:14.923+0000] {processor.py:830} INFO - Processing file /home/airflow/.local/lib/python3.8/site-packages/airflow/example_dags/example_task_group_decorator.py for tasks to queue
[2024-05-22T22:44:14.926+0000] {logging_mixin.py:188} INFO - [2024-05-22T22:44:14.925+0000] {dagbag.py:538} INFO - Filling up the DagBag from /home/airflow/.local/lib/python3.8/site-packages/airflow/example_dags/example_task_group_decorator.py
[2024-05-22T22:44:14.943+0000] {processor.py:840} INFO - DAG(s) 'example_task_group_decorator' retrieved from /home/airflow/.local/lib/python3.8/site-packages/airflow/example_dags/example_task_group_decorator.py
[2024-05-22T22:44:14.973+0000] {logging_mixin.py:188} INFO - [2024-05-22T22:44:14.973+0000] {dag.py:3036} INFO - Sync 1 DAGs
[2024-05-22T22:44:15.001+0000] {logging_mixin.py:188} INFO - [2024-05-22T22:44:15.001+0000] {dag.py:3823} INFO - Setting next_dagrun for example_task_group_decorator to 2024-05-21 00:00:00+00:00, run_after=2024-05-22 00:00:00+00:00
[2024-05-22T22:44:15.037+0000] {processor.py:183} INFO - Processing /home/airflow/.local/lib/python3.8/site-packages/airflow/example_dags/example_task_group_decorator.py took 0.117 seconds
[2024-05-22T22:44:45.215+0000] {processor.py:161} INFO - Started process (PID=53142) to work on /home/airflow/.local/lib/python3.8/site-packages/airflow/example_dags/example_task_group_decorator.py
[2024-05-22T22:44:45.216+0000] {processor.py:830} INFO - Processing file /home/airflow/.local/lib/python3.8/site-packages/airflow/example_dags/example_task_group_decorator.py for tasks to queue
[2024-05-22T22:44:45.218+0000] {logging_mixin.py:188} INFO - [2024-05-22T22:44:45.218+0000] {dagbag.py:538} INFO - Filling up the DagBag from /home/airflow/.local/lib/python3.8/site-packages/airflow/example_dags/example_task_group_decorator.py
[2024-05-22T22:44:45.235+0000] {processor.py:840} INFO - DAG(s) 'example_task_group_decorator' retrieved from /home/airflow/.local/lib/python3.8/site-packages/airflow/example_dags/example_task_group_decorator.py
[2024-05-22T22:44:45.265+0000] {logging_mixin.py:188} INFO - [2024-05-22T22:44:45.265+0000] {dag.py:3036} INFO - Sync 1 DAGs
[2024-05-22T22:44:45.298+0000] {logging_mixin.py:188} INFO - [2024-05-22T22:44:45.297+0000] {dag.py:3823} INFO - Setting next_dagrun for example_task_group_decorator to 2024-05-21 00:00:00+00:00, run_after=2024-05-22 00:00:00+00:00
[2024-05-22T22:44:45.329+0000] {processor.py:183} INFO - Processing /home/airflow/.local/lib/python3.8/site-packages/airflow/example_dags/example_task_group_decorator.py took 0.119 seconds
[2024-05-22T22:45:15.507+0000] {processor.py:161} INFO - Started process (PID=53198) to work on /home/airflow/.local/lib/python3.8/site-packages/airflow/example_dags/example_task_group_decorator.py
[2024-05-22T22:45:15.508+0000] {processor.py:830} INFO - Processing file /home/airflow/.local/lib/python3.8/site-packages/airflow/example_dags/example_task_group_decorator.py for tasks to queue
[2024-05-22T22:45:15.510+0000] {logging_mixin.py:188} INFO - [2024-05-22T22:45:15.510+0000] {dagbag.py:538} INFO - Filling up the DagBag from /home/airflow/.local/lib/python3.8/site-packages/airflow/example_dags/example_task_group_decorator.py
[2024-05-22T22:45:15.532+0000] {processor.py:840} INFO - DAG(s) 'example_task_group_decorator' retrieved from /home/airflow/.local/lib/python3.8/site-packages/airflow/example_dags/example_task_group_decorator.py
[2024-05-22T22:45:15.572+0000] {logging_mixin.py:188} INFO - [2024-05-22T22:45:15.572+0000] {dag.py:3036} INFO - Sync 1 DAGs
[2024-05-22T22:45:15.603+0000] {logging_mixin.py:188} INFO - [2024-05-22T22:45:15.602+0000] {dag.py:3823} INFO - Setting next_dagrun for example_task_group_decorator to 2024-05-21 00:00:00+00:00, run_after=2024-05-22 00:00:00+00:00
[2024-05-22T22:45:15.630+0000] {processor.py:183} INFO - Processing /home/airflow/.local/lib/python3.8/site-packages/airflow/example_dags/example_task_group_decorator.py took 0.127 seconds
[2024-05-22T22:45:45.747+0000] {processor.py:161} INFO - Started process (PID=53256) to work on /home/airflow/.local/lib/python3.8/site-packages/airflow/example_dags/example_task_group_decorator.py
[2024-05-22T22:45:45.749+0000] {processor.py:830} INFO - Processing file /home/airflow/.local/lib/python3.8/site-packages/airflow/example_dags/example_task_group_decorator.py for tasks to queue
[2024-05-22T22:45:45.753+0000] {logging_mixin.py:188} INFO - [2024-05-22T22:45:45.752+0000] {dagbag.py:538} INFO - Filling up the DagBag from /home/airflow/.local/lib/python3.8/site-packages/airflow/example_dags/example_task_group_decorator.py
[2024-05-22T22:45:45.776+0000] {processor.py:840} INFO - DAG(s) 'example_task_group_decorator' retrieved from /home/airflow/.local/lib/python3.8/site-packages/airflow/example_dags/example_task_group_decorator.py
[2024-05-22T22:45:45.810+0000] {logging_mixin.py:188} INFO - [2024-05-22T22:45:45.810+0000] {dag.py:3036} INFO - Sync 1 DAGs
[2024-05-22T22:45:45.843+0000] {logging_mixin.py:188} INFO - [2024-05-22T22:45:45.843+0000] {dag.py:3823} INFO - Setting next_dagrun for example_task_group_decorator to 2024-05-21 00:00:00+00:00, run_after=2024-05-22 00:00:00+00:00
[2024-05-22T22:45:45.873+0000] {processor.py:183} INFO - Processing /home/airflow/.local/lib/python3.8/site-packages/airflow/example_dags/example_task_group_decorator.py took 0.130 seconds
[2024-05-22T22:46:16.538+0000] {processor.py:161} INFO - Started process (PID=53313) to work on /home/airflow/.local/lib/python3.8/site-packages/airflow/example_dags/example_task_group_decorator.py
[2024-05-22T22:46:16.539+0000] {processor.py:830} INFO - Processing file /home/airflow/.local/lib/python3.8/site-packages/airflow/example_dags/example_task_group_decorator.py for tasks to queue
[2024-05-22T22:46:16.541+0000] {logging_mixin.py:188} INFO - [2024-05-22T22:46:16.541+0000] {dagbag.py:538} INFO - Filling up the DagBag from /home/airflow/.local/lib/python3.8/site-packages/airflow/example_dags/example_task_group_decorator.py
[2024-05-22T22:46:16.561+0000] {processor.py:840} INFO - DAG(s) 'example_task_group_decorator' retrieved from /home/airflow/.local/lib/python3.8/site-packages/airflow/example_dags/example_task_group_decorator.py
[2024-05-22T22:46:16.590+0000] {logging_mixin.py:188} INFO - [2024-05-22T22:46:16.589+0000] {dag.py:3036} INFO - Sync 1 DAGs
[2024-05-22T22:46:16.615+0000] {logging_mixin.py:188} INFO - [2024-05-22T22:46:16.614+0000] {dag.py:3823} INFO - Setting next_dagrun for example_task_group_decorator to 2024-05-21 00:00:00+00:00, run_after=2024-05-22 00:00:00+00:00
[2024-05-22T22:46:16.643+0000] {processor.py:183} INFO - Processing /home/airflow/.local/lib/python3.8/site-packages/airflow/example_dags/example_task_group_decorator.py took 0.108 seconds
[2024-05-22T22:46:47.106+0000] {processor.py:161} INFO - Started process (PID=53370) to work on /home/airflow/.local/lib/python3.8/site-packages/airflow/example_dags/example_task_group_decorator.py
[2024-05-22T22:46:47.108+0000] {processor.py:830} INFO - Processing file /home/airflow/.local/lib/python3.8/site-packages/airflow/example_dags/example_task_group_decorator.py for tasks to queue
[2024-05-22T22:46:47.110+0000] {logging_mixin.py:188} INFO - [2024-05-22T22:46:47.109+0000] {dagbag.py:538} INFO - Filling up the DagBag from /home/airflow/.local/lib/python3.8/site-packages/airflow/example_dags/example_task_group_decorator.py
[2024-05-22T22:46:47.128+0000] {processor.py:840} INFO - DAG(s) 'example_task_group_decorator' retrieved from /home/airflow/.local/lib/python3.8/site-packages/airflow/example_dags/example_task_group_decorator.py
[2024-05-22T22:46:47.164+0000] {logging_mixin.py:188} INFO - [2024-05-22T22:46:47.163+0000] {dag.py:3036} INFO - Sync 1 DAGs
[2024-05-22T22:46:47.195+0000] {logging_mixin.py:188} INFO - [2024-05-22T22:46:47.195+0000] {dag.py:3823} INFO - Setting next_dagrun for example_task_group_decorator to 2024-05-21 00:00:00+00:00, run_after=2024-05-22 00:00:00+00:00
[2024-05-22T22:46:47.221+0000] {processor.py:183} INFO - Processing /home/airflow/.local/lib/python3.8/site-packages/airflow/example_dags/example_task_group_decorator.py took 0.120 seconds
[2024-05-22T22:47:17.308+0000] {processor.py:161} INFO - Started process (PID=53427) to work on /home/airflow/.local/lib/python3.8/site-packages/airflow/example_dags/example_task_group_decorator.py
[2024-05-22T22:47:17.310+0000] {processor.py:830} INFO - Processing file /home/airflow/.local/lib/python3.8/site-packages/airflow/example_dags/example_task_group_decorator.py for tasks to queue
[2024-05-22T22:47:17.312+0000] {logging_mixin.py:188} INFO - [2024-05-22T22:47:17.311+0000] {dagbag.py:538} INFO - Filling up the DagBag from /home/airflow/.local/lib/python3.8/site-packages/airflow/example_dags/example_task_group_decorator.py
[2024-05-22T22:47:17.329+0000] {processor.py:840} INFO - DAG(s) 'example_task_group_decorator' retrieved from /home/airflow/.local/lib/python3.8/site-packages/airflow/example_dags/example_task_group_decorator.py
[2024-05-22T22:47:17.355+0000] {logging_mixin.py:188} INFO - [2024-05-22T22:47:17.355+0000] {dag.py:3036} INFO - Sync 1 DAGs
[2024-05-22T22:47:17.383+0000] {logging_mixin.py:188} INFO - [2024-05-22T22:47:17.382+0000] {dag.py:3823} INFO - Setting next_dagrun for example_task_group_decorator to 2024-05-21 00:00:00+00:00, run_after=2024-05-22 00:00:00+00:00
[2024-05-22T22:47:17.406+0000] {processor.py:183} INFO - Processing /home/airflow/.local/lib/python3.8/site-packages/airflow/example_dags/example_task_group_decorator.py took 0.101 seconds
[2024-05-22T22:47:47.690+0000] {processor.py:161} INFO - Started process (PID=53484) to work on /home/airflow/.local/lib/python3.8/site-packages/airflow/example_dags/example_task_group_decorator.py
[2024-05-22T22:47:47.691+0000] {processor.py:830} INFO - Processing file /home/airflow/.local/lib/python3.8/site-packages/airflow/example_dags/example_task_group_decorator.py for tasks to queue
[2024-05-22T22:47:47.692+0000] {logging_mixin.py:188} INFO - [2024-05-22T22:47:47.692+0000] {dagbag.py:538} INFO - Filling up the DagBag from /home/airflow/.local/lib/python3.8/site-packages/airflow/example_dags/example_task_group_decorator.py
[2024-05-22T22:47:47.711+0000] {processor.py:840} INFO - DAG(s) 'example_task_group_decorator' retrieved from /home/airflow/.local/lib/python3.8/site-packages/airflow/example_dags/example_task_group_decorator.py
[2024-05-22T22:47:47.746+0000] {logging_mixin.py:188} INFO - [2024-05-22T22:47:47.746+0000] {dag.py:3036} INFO - Sync 1 DAGs
[2024-05-22T22:47:47.773+0000] {logging_mixin.py:188} INFO - [2024-05-22T22:47:47.773+0000] {dag.py:3823} INFO - Setting next_dagrun for example_task_group_decorator to 2024-05-21 00:00:00+00:00, run_after=2024-05-22 00:00:00+00:00
[2024-05-22T22:47:47.800+0000] {processor.py:183} INFO - Processing /home/airflow/.local/lib/python3.8/site-packages/airflow/example_dags/example_task_group_decorator.py took 0.113 seconds
[2024-05-22T22:48:18.192+0000] {processor.py:161} INFO - Started process (PID=53540) to work on /home/airflow/.local/lib/python3.8/site-packages/airflow/example_dags/example_task_group_decorator.py
[2024-05-22T22:48:18.193+0000] {processor.py:830} INFO - Processing file /home/airflow/.local/lib/python3.8/site-packages/airflow/example_dags/example_task_group_decorator.py for tasks to queue
[2024-05-22T22:48:18.196+0000] {logging_mixin.py:188} INFO - [2024-05-22T22:48:18.195+0000] {dagbag.py:538} INFO - Filling up the DagBag from /home/airflow/.local/lib/python3.8/site-packages/airflow/example_dags/example_task_group_decorator.py
[2024-05-22T22:48:18.215+0000] {processor.py:840} INFO - DAG(s) 'example_task_group_decorator' retrieved from /home/airflow/.local/lib/python3.8/site-packages/airflow/example_dags/example_task_group_decorator.py
[2024-05-22T22:48:18.246+0000] {logging_mixin.py:188} INFO - [2024-05-22T22:48:18.245+0000] {dag.py:3036} INFO - Sync 1 DAGs
[2024-05-22T22:48:18.275+0000] {logging_mixin.py:188} INFO - [2024-05-22T22:48:18.275+0000] {dag.py:3823} INFO - Setting next_dagrun for example_task_group_decorator to 2024-05-21 00:00:00+00:00, run_after=2024-05-22 00:00:00+00:00
[2024-05-22T22:48:18.300+0000] {processor.py:183} INFO - Processing /home/airflow/.local/lib/python3.8/site-packages/airflow/example_dags/example_task_group_decorator.py took 0.111 seconds
[2024-05-22T22:48:48.733+0000] {processor.py:161} INFO - Started process (PID=53597) to work on /home/airflow/.local/lib/python3.8/site-packages/airflow/example_dags/example_task_group_decorator.py
[2024-05-22T22:48:48.734+0000] {processor.py:830} INFO - Processing file /home/airflow/.local/lib/python3.8/site-packages/airflow/example_dags/example_task_group_decorator.py for tasks to queue
[2024-05-22T22:48:48.737+0000] {logging_mixin.py:188} INFO - [2024-05-22T22:48:48.735+0000] {dagbag.py:538} INFO - Filling up the DagBag from /home/airflow/.local/lib/python3.8/site-packages/airflow/example_dags/example_task_group_decorator.py
[2024-05-22T22:48:48.758+0000] {processor.py:840} INFO - DAG(s) 'example_task_group_decorator' retrieved from /home/airflow/.local/lib/python3.8/site-packages/airflow/example_dags/example_task_group_decorator.py
[2024-05-22T22:48:48.795+0000] {logging_mixin.py:188} INFO - [2024-05-22T22:48:48.794+0000] {dag.py:3036} INFO - Sync 1 DAGs
[2024-05-22T22:48:48.826+0000] {logging_mixin.py:188} INFO - [2024-05-22T22:48:48.825+0000] {dag.py:3823} INFO - Setting next_dagrun for example_task_group_decorator to 2024-05-21 00:00:00+00:00, run_after=2024-05-22 00:00:00+00:00
[2024-05-22T22:48:48.867+0000] {processor.py:183} INFO - Processing /home/airflow/.local/lib/python3.8/site-packages/airflow/example_dags/example_task_group_decorator.py took 0.138 seconds
[2024-05-22T22:49:19.146+0000] {processor.py:161} INFO - Started process (PID=53654) to work on /home/airflow/.local/lib/python3.8/site-packages/airflow/example_dags/example_task_group_decorator.py
[2024-05-22T22:49:19.147+0000] {processor.py:830} INFO - Processing file /home/airflow/.local/lib/python3.8/site-packages/airflow/example_dags/example_task_group_decorator.py for tasks to queue
[2024-05-22T22:49:19.149+0000] {logging_mixin.py:188} INFO - [2024-05-22T22:49:19.149+0000] {dagbag.py:538} INFO - Filling up the DagBag from /home/airflow/.local/lib/python3.8/site-packages/airflow/example_dags/example_task_group_decorator.py
[2024-05-22T22:49:19.170+0000] {processor.py:840} INFO - DAG(s) 'example_task_group_decorator' retrieved from /home/airflow/.local/lib/python3.8/site-packages/airflow/example_dags/example_task_group_decorator.py
[2024-05-22T22:49:19.205+0000] {logging_mixin.py:188} INFO - [2024-05-22T22:49:19.204+0000] {dag.py:3036} INFO - Sync 1 DAGs
[2024-05-22T22:49:19.236+0000] {logging_mixin.py:188} INFO - [2024-05-22T22:49:19.236+0000] {dag.py:3823} INFO - Setting next_dagrun for example_task_group_decorator to 2024-05-21 00:00:00+00:00, run_after=2024-05-22 00:00:00+00:00
[2024-05-22T22:49:19.273+0000] {processor.py:183} INFO - Processing /home/airflow/.local/lib/python3.8/site-packages/airflow/example_dags/example_task_group_decorator.py took 0.131 seconds
[2024-05-22T22:49:49.418+0000] {processor.py:161} INFO - Started process (PID=53711) to work on /home/airflow/.local/lib/python3.8/site-packages/airflow/example_dags/example_task_group_decorator.py
[2024-05-22T22:49:49.420+0000] {processor.py:830} INFO - Processing file /home/airflow/.local/lib/python3.8/site-packages/airflow/example_dags/example_task_group_decorator.py for tasks to queue
[2024-05-22T22:49:49.422+0000] {logging_mixin.py:188} INFO - [2024-05-22T22:49:49.421+0000] {dagbag.py:538} INFO - Filling up the DagBag from /home/airflow/.local/lib/python3.8/site-packages/airflow/example_dags/example_task_group_decorator.py
[2024-05-22T22:49:49.445+0000] {processor.py:840} INFO - DAG(s) 'example_task_group_decorator' retrieved from /home/airflow/.local/lib/python3.8/site-packages/airflow/example_dags/example_task_group_decorator.py
[2024-05-22T22:49:49.473+0000] {logging_mixin.py:188} INFO - [2024-05-22T22:49:49.473+0000] {dag.py:3036} INFO - Sync 1 DAGs
[2024-05-22T22:49:49.504+0000] {logging_mixin.py:188} INFO - [2024-05-22T22:49:49.504+0000] {dag.py:3823} INFO - Setting next_dagrun for example_task_group_decorator to 2024-05-21 00:00:00+00:00, run_after=2024-05-22 00:00:00+00:00
[2024-05-22T22:49:49.532+0000] {processor.py:183} INFO - Processing /home/airflow/.local/lib/python3.8/site-packages/airflow/example_dags/example_task_group_decorator.py took 0.118 seconds
[2024-05-22T22:50:19.993+0000] {processor.py:161} INFO - Started process (PID=53768) to work on /home/airflow/.local/lib/python3.8/site-packages/airflow/example_dags/example_task_group_decorator.py
[2024-05-22T22:50:19.994+0000] {processor.py:830} INFO - Processing file /home/airflow/.local/lib/python3.8/site-packages/airflow/example_dags/example_task_group_decorator.py for tasks to queue
[2024-05-22T22:50:19.996+0000] {logging_mixin.py:188} INFO - [2024-05-22T22:50:19.996+0000] {dagbag.py:538} INFO - Filling up the DagBag from /home/airflow/.local/lib/python3.8/site-packages/airflow/example_dags/example_task_group_decorator.py
[2024-05-22T22:50:20.013+0000] {processor.py:840} INFO - DAG(s) 'example_task_group_decorator' retrieved from /home/airflow/.local/lib/python3.8/site-packages/airflow/example_dags/example_task_group_decorator.py
[2024-05-22T22:50:20.038+0000] {logging_mixin.py:188} INFO - [2024-05-22T22:50:20.037+0000] {dag.py:3036} INFO - Sync 1 DAGs
[2024-05-22T22:50:20.059+0000] {logging_mixin.py:188} INFO - [2024-05-22T22:50:20.059+0000] {dag.py:3823} INFO - Setting next_dagrun for example_task_group_decorator to 2024-05-21 00:00:00+00:00, run_after=2024-05-22 00:00:00+00:00
[2024-05-22T22:50:20.079+0000] {processor.py:183} INFO - Processing /home/airflow/.local/lib/python3.8/site-packages/airflow/example_dags/example_task_group_decorator.py took 0.089 seconds
[2024-05-22T22:50:50.495+0000] {processor.py:161} INFO - Started process (PID=53825) to work on /home/airflow/.local/lib/python3.8/site-packages/airflow/example_dags/example_task_group_decorator.py
[2024-05-22T22:50:50.496+0000] {processor.py:830} INFO - Processing file /home/airflow/.local/lib/python3.8/site-packages/airflow/example_dags/example_task_group_decorator.py for tasks to queue
[2024-05-22T22:50:50.499+0000] {logging_mixin.py:188} INFO - [2024-05-22T22:50:50.498+0000] {dagbag.py:538} INFO - Filling up the DagBag from /home/airflow/.local/lib/python3.8/site-packages/airflow/example_dags/example_task_group_decorator.py
[2024-05-22T22:50:50.514+0000] {processor.py:840} INFO - DAG(s) 'example_task_group_decorator' retrieved from /home/airflow/.local/lib/python3.8/site-packages/airflow/example_dags/example_task_group_decorator.py
[2024-05-22T22:50:50.541+0000] {logging_mixin.py:188} INFO - [2024-05-22T22:50:50.540+0000] {dag.py:3036} INFO - Sync 1 DAGs
[2024-05-22T22:50:50.566+0000] {logging_mixin.py:188} INFO - [2024-05-22T22:50:50.566+0000] {dag.py:3823} INFO - Setting next_dagrun for example_task_group_decorator to 2024-05-21 00:00:00+00:00, run_after=2024-05-22 00:00:00+00:00
[2024-05-22T22:50:50.591+0000] {processor.py:183} INFO - Processing /home/airflow/.local/lib/python3.8/site-packages/airflow/example_dags/example_task_group_decorator.py took 0.099 seconds
[2024-05-22T22:51:21.015+0000] {processor.py:161} INFO - Started process (PID=53882) to work on /home/airflow/.local/lib/python3.8/site-packages/airflow/example_dags/example_task_group_decorator.py
[2024-05-22T22:51:21.016+0000] {processor.py:830} INFO - Processing file /home/airflow/.local/lib/python3.8/site-packages/airflow/example_dags/example_task_group_decorator.py for tasks to queue
[2024-05-22T22:51:21.018+0000] {logging_mixin.py:188} INFO - [2024-05-22T22:51:21.017+0000] {dagbag.py:538} INFO - Filling up the DagBag from /home/airflow/.local/lib/python3.8/site-packages/airflow/example_dags/example_task_group_decorator.py
[2024-05-22T22:51:21.038+0000] {processor.py:840} INFO - DAG(s) 'example_task_group_decorator' retrieved from /home/airflow/.local/lib/python3.8/site-packages/airflow/example_dags/example_task_group_decorator.py
[2024-05-22T22:51:21.067+0000] {logging_mixin.py:188} INFO - [2024-05-22T22:51:21.067+0000] {dag.py:3036} INFO - Sync 1 DAGs
[2024-05-22T22:51:21.095+0000] {logging_mixin.py:188} INFO - [2024-05-22T22:51:21.095+0000] {dag.py:3823} INFO - Setting next_dagrun for example_task_group_decorator to 2024-05-21 00:00:00+00:00, run_after=2024-05-22 00:00:00+00:00
[2024-05-22T22:51:21.121+0000] {processor.py:183} INFO - Processing /home/airflow/.local/lib/python3.8/site-packages/airflow/example_dags/example_task_group_decorator.py took 0.109 seconds
[2024-05-22T22:51:51.450+0000] {processor.py:161} INFO - Started process (PID=53939) to work on /home/airflow/.local/lib/python3.8/site-packages/airflow/example_dags/example_task_group_decorator.py
[2024-05-22T22:51:51.451+0000] {processor.py:830} INFO - Processing file /home/airflow/.local/lib/python3.8/site-packages/airflow/example_dags/example_task_group_decorator.py for tasks to queue
[2024-05-22T22:51:51.454+0000] {logging_mixin.py:188} INFO - [2024-05-22T22:51:51.454+0000] {dagbag.py:538} INFO - Filling up the DagBag from /home/airflow/.local/lib/python3.8/site-packages/airflow/example_dags/example_task_group_decorator.py
[2024-05-22T22:51:51.475+0000] {processor.py:840} INFO - DAG(s) 'example_task_group_decorator' retrieved from /home/airflow/.local/lib/python3.8/site-packages/airflow/example_dags/example_task_group_decorator.py
[2024-05-22T22:51:51.506+0000] {logging_mixin.py:188} INFO - [2024-05-22T22:51:51.506+0000] {dag.py:3036} INFO - Sync 1 DAGs
[2024-05-22T22:51:51.528+0000] {logging_mixin.py:188} INFO - [2024-05-22T22:51:51.528+0000] {dag.py:3823} INFO - Setting next_dagrun for example_task_group_decorator to 2024-05-21 00:00:00+00:00, run_after=2024-05-22 00:00:00+00:00
[2024-05-22T22:51:51.554+0000] {processor.py:183} INFO - Processing /home/airflow/.local/lib/python3.8/site-packages/airflow/example_dags/example_task_group_decorator.py took 0.108 seconds
[2024-05-22T22:52:21.835+0000] {processor.py:161} INFO - Started process (PID=53996) to work on /home/airflow/.local/lib/python3.8/site-packages/airflow/example_dags/example_task_group_decorator.py
[2024-05-22T22:52:21.836+0000] {processor.py:830} INFO - Processing file /home/airflow/.local/lib/python3.8/site-packages/airflow/example_dags/example_task_group_decorator.py for tasks to queue
[2024-05-22T22:52:21.838+0000] {logging_mixin.py:188} INFO - [2024-05-22T22:52:21.837+0000] {dagbag.py:538} INFO - Filling up the DagBag from /home/airflow/.local/lib/python3.8/site-packages/airflow/example_dags/example_task_group_decorator.py
[2024-05-22T22:52:21.854+0000] {processor.py:840} INFO - DAG(s) 'example_task_group_decorator' retrieved from /home/airflow/.local/lib/python3.8/site-packages/airflow/example_dags/example_task_group_decorator.py
[2024-05-22T22:52:21.880+0000] {logging_mixin.py:188} INFO - [2024-05-22T22:52:21.879+0000] {dag.py:3036} INFO - Sync 1 DAGs
[2024-05-22T22:52:21.901+0000] {logging_mixin.py:188} INFO - [2024-05-22T22:52:21.901+0000] {dag.py:3823} INFO - Setting next_dagrun for example_task_group_decorator to 2024-05-21 00:00:00+00:00, run_after=2024-05-22 00:00:00+00:00
[2024-05-22T22:52:21.920+0000] {processor.py:183} INFO - Processing /home/airflow/.local/lib/python3.8/site-packages/airflow/example_dags/example_task_group_decorator.py took 0.088 seconds
[2024-05-22T22:52:52.164+0000] {processor.py:161} INFO - Started process (PID=54054) to work on /home/airflow/.local/lib/python3.8/site-packages/airflow/example_dags/example_task_group_decorator.py
[2024-05-22T22:52:52.165+0000] {processor.py:830} INFO - Processing file /home/airflow/.local/lib/python3.8/site-packages/airflow/example_dags/example_task_group_decorator.py for tasks to queue
[2024-05-22T22:52:52.167+0000] {logging_mixin.py:188} INFO - [2024-05-22T22:52:52.167+0000] {dagbag.py:538} INFO - Filling up the DagBag from /home/airflow/.local/lib/python3.8/site-packages/airflow/example_dags/example_task_group_decorator.py
[2024-05-22T22:52:52.185+0000] {processor.py:840} INFO - DAG(s) 'example_task_group_decorator' retrieved from /home/airflow/.local/lib/python3.8/site-packages/airflow/example_dags/example_task_group_decorator.py
[2024-05-22T22:52:52.210+0000] {logging_mixin.py:188} INFO - [2024-05-22T22:52:52.210+0000] {dag.py:3036} INFO - Sync 1 DAGs
[2024-05-22T22:52:52.236+0000] {logging_mixin.py:188} INFO - [2024-05-22T22:52:52.234+0000] {dag.py:3823} INFO - Setting next_dagrun for example_task_group_decorator to 2024-05-21 00:00:00+00:00, run_after=2024-05-22 00:00:00+00:00
[2024-05-22T22:52:52.263+0000] {processor.py:183} INFO - Processing /home/airflow/.local/lib/python3.8/site-packages/airflow/example_dags/example_task_group_decorator.py took 0.102 seconds
[2024-05-22T22:53:22.596+0000] {processor.py:161} INFO - Started process (PID=54111) to work on /home/airflow/.local/lib/python3.8/site-packages/airflow/example_dags/example_task_group_decorator.py
[2024-05-22T22:53:22.597+0000] {processor.py:830} INFO - Processing file /home/airflow/.local/lib/python3.8/site-packages/airflow/example_dags/example_task_group_decorator.py for tasks to queue
[2024-05-22T22:53:22.599+0000] {logging_mixin.py:188} INFO - [2024-05-22T22:53:22.598+0000] {dagbag.py:538} INFO - Filling up the DagBag from /home/airflow/.local/lib/python3.8/site-packages/airflow/example_dags/example_task_group_decorator.py
[2024-05-22T22:53:22.614+0000] {processor.py:840} INFO - DAG(s) 'example_task_group_decorator' retrieved from /home/airflow/.local/lib/python3.8/site-packages/airflow/example_dags/example_task_group_decorator.py
[2024-05-22T22:53:22.649+0000] {logging_mixin.py:188} INFO - [2024-05-22T22:53:22.649+0000] {dag.py:3036} INFO - Sync 1 DAGs
[2024-05-22T22:53:22.677+0000] {logging_mixin.py:188} INFO - [2024-05-22T22:53:22.677+0000] {dag.py:3823} INFO - Setting next_dagrun for example_task_group_decorator to 2024-05-21 00:00:00+00:00, run_after=2024-05-22 00:00:00+00:00
[2024-05-22T22:53:22.701+0000] {processor.py:183} INFO - Processing /home/airflow/.local/lib/python3.8/site-packages/airflow/example_dags/example_task_group_decorator.py took 0.108 seconds
[2024-05-22T22:53:52.981+0000] {processor.py:161} INFO - Started process (PID=54168) to work on /home/airflow/.local/lib/python3.8/site-packages/airflow/example_dags/example_task_group_decorator.py
[2024-05-22T22:53:52.982+0000] {processor.py:830} INFO - Processing file /home/airflow/.local/lib/python3.8/site-packages/airflow/example_dags/example_task_group_decorator.py for tasks to queue
[2024-05-22T22:53:52.984+0000] {logging_mixin.py:188} INFO - [2024-05-22T22:53:52.984+0000] {dagbag.py:538} INFO - Filling up the DagBag from /home/airflow/.local/lib/python3.8/site-packages/airflow/example_dags/example_task_group_decorator.py
[2024-05-22T22:53:53.002+0000] {processor.py:840} INFO - DAG(s) 'example_task_group_decorator' retrieved from /home/airflow/.local/lib/python3.8/site-packages/airflow/example_dags/example_task_group_decorator.py
[2024-05-22T22:53:53.031+0000] {logging_mixin.py:188} INFO - [2024-05-22T22:53:53.031+0000] {dag.py:3036} INFO - Sync 1 DAGs
[2024-05-22T22:53:53.058+0000] {logging_mixin.py:188} INFO - [2024-05-22T22:53:53.058+0000] {dag.py:3823} INFO - Setting next_dagrun for example_task_group_decorator to 2024-05-21 00:00:00+00:00, run_after=2024-05-22 00:00:00+00:00
[2024-05-22T22:53:53.082+0000] {processor.py:183} INFO - Processing /home/airflow/.local/lib/python3.8/site-packages/airflow/example_dags/example_task_group_decorator.py took 0.104 seconds
[2024-05-22T22:54:23.302+0000] {processor.py:161} INFO - Started process (PID=54225) to work on /home/airflow/.local/lib/python3.8/site-packages/airflow/example_dags/example_task_group_decorator.py
[2024-05-22T22:54:23.303+0000] {processor.py:830} INFO - Processing file /home/airflow/.local/lib/python3.8/site-packages/airflow/example_dags/example_task_group_decorator.py for tasks to queue
[2024-05-22T22:54:23.305+0000] {logging_mixin.py:188} INFO - [2024-05-22T22:54:23.305+0000] {dagbag.py:538} INFO - Filling up the DagBag from /home/airflow/.local/lib/python3.8/site-packages/airflow/example_dags/example_task_group_decorator.py
[2024-05-22T22:54:23.321+0000] {processor.py:840} INFO - DAG(s) 'example_task_group_decorator' retrieved from /home/airflow/.local/lib/python3.8/site-packages/airflow/example_dags/example_task_group_decorator.py
[2024-05-22T22:54:23.348+0000] {logging_mixin.py:188} INFO - [2024-05-22T22:54:23.348+0000] {dag.py:3036} INFO - Sync 1 DAGs
[2024-05-22T22:54:23.373+0000] {logging_mixin.py:188} INFO - [2024-05-22T22:54:23.373+0000] {dag.py:3823} INFO - Setting next_dagrun for example_task_group_decorator to 2024-05-21 00:00:00+00:00, run_after=2024-05-22 00:00:00+00:00
[2024-05-22T22:54:23.400+0000] {processor.py:183} INFO - Processing /home/airflow/.local/lib/python3.8/site-packages/airflow/example_dags/example_task_group_decorator.py took 0.101 seconds
[2024-05-22T22:54:53.673+0000] {processor.py:161} INFO - Started process (PID=54282) to work on /home/airflow/.local/lib/python3.8/site-packages/airflow/example_dags/example_task_group_decorator.py
[2024-05-22T22:54:53.674+0000] {processor.py:830} INFO - Processing file /home/airflow/.local/lib/python3.8/site-packages/airflow/example_dags/example_task_group_decorator.py for tasks to queue
[2024-05-22T22:54:53.676+0000] {logging_mixin.py:188} INFO - [2024-05-22T22:54:53.675+0000] {dagbag.py:538} INFO - Filling up the DagBag from /home/airflow/.local/lib/python3.8/site-packages/airflow/example_dags/example_task_group_decorator.py
[2024-05-22T22:54:53.691+0000] {processor.py:840} INFO - DAG(s) 'example_task_group_decorator' retrieved from /home/airflow/.local/lib/python3.8/site-packages/airflow/example_dags/example_task_group_decorator.py
[2024-05-22T22:54:53.716+0000] {logging_mixin.py:188} INFO - [2024-05-22T22:54:53.716+0000] {dag.py:3036} INFO - Sync 1 DAGs
[2024-05-22T22:54:53.739+0000] {logging_mixin.py:188} INFO - [2024-05-22T22:54:53.739+0000] {dag.py:3823} INFO - Setting next_dagrun for example_task_group_decorator to 2024-05-21 00:00:00+00:00, run_after=2024-05-22 00:00:00+00:00
[2024-05-22T22:54:53.759+0000] {processor.py:183} INFO - Processing /home/airflow/.local/lib/python3.8/site-packages/airflow/example_dags/example_task_group_decorator.py took 0.089 seconds
[2024-05-22T22:55:23.984+0000] {processor.py:161} INFO - Started process (PID=54339) to work on /home/airflow/.local/lib/python3.8/site-packages/airflow/example_dags/example_task_group_decorator.py
[2024-05-22T22:55:23.985+0000] {processor.py:830} INFO - Processing file /home/airflow/.local/lib/python3.8/site-packages/airflow/example_dags/example_task_group_decorator.py for tasks to queue
[2024-05-22T22:55:23.986+0000] {logging_mixin.py:188} INFO - [2024-05-22T22:55:23.986+0000] {dagbag.py:538} INFO - Filling up the DagBag from /home/airflow/.local/lib/python3.8/site-packages/airflow/example_dags/example_task_group_decorator.py
[2024-05-22T22:55:24.002+0000] {processor.py:840} INFO - DAG(s) 'example_task_group_decorator' retrieved from /home/airflow/.local/lib/python3.8/site-packages/airflow/example_dags/example_task_group_decorator.py
[2024-05-22T22:55:24.029+0000] {logging_mixin.py:188} INFO - [2024-05-22T22:55:24.029+0000] {dag.py:3036} INFO - Sync 1 DAGs
[2024-05-22T22:55:24.057+0000] {logging_mixin.py:188} INFO - [2024-05-22T22:55:24.057+0000] {dag.py:3823} INFO - Setting next_dagrun for example_task_group_decorator to 2024-05-21 00:00:00+00:00, run_after=2024-05-22 00:00:00+00:00
[2024-05-22T22:55:24.080+0000] {processor.py:183} INFO - Processing /home/airflow/.local/lib/python3.8/site-packages/airflow/example_dags/example_task_group_decorator.py took 0.099 seconds
[2024-05-22T22:55:54.423+0000] {processor.py:161} INFO - Started process (PID=54396) to work on /home/airflow/.local/lib/python3.8/site-packages/airflow/example_dags/example_task_group_decorator.py
[2024-05-22T22:55:54.424+0000] {processor.py:830} INFO - Processing file /home/airflow/.local/lib/python3.8/site-packages/airflow/example_dags/example_task_group_decorator.py for tasks to queue
[2024-05-22T22:55:54.426+0000] {logging_mixin.py:188} INFO - [2024-05-22T22:55:54.425+0000] {dagbag.py:538} INFO - Filling up the DagBag from /home/airflow/.local/lib/python3.8/site-packages/airflow/example_dags/example_task_group_decorator.py
[2024-05-22T22:55:54.440+0000] {processor.py:840} INFO - DAG(s) 'example_task_group_decorator' retrieved from /home/airflow/.local/lib/python3.8/site-packages/airflow/example_dags/example_task_group_decorator.py
[2024-05-22T22:55:54.466+0000] {logging_mixin.py:188} INFO - [2024-05-22T22:55:54.466+0000] {dag.py:3036} INFO - Sync 1 DAGs
[2024-05-22T22:55:54.489+0000] {logging_mixin.py:188} INFO - [2024-05-22T22:55:54.488+0000] {dag.py:3823} INFO - Setting next_dagrun for example_task_group_decorator to 2024-05-21 00:00:00+00:00, run_after=2024-05-22 00:00:00+00:00
[2024-05-22T22:55:54.516+0000] {processor.py:183} INFO - Processing /home/airflow/.local/lib/python3.8/site-packages/airflow/example_dags/example_task_group_decorator.py took 0.097 seconds
[2024-05-22T22:56:25.408+0000] {processor.py:161} INFO - Started process (PID=54453) to work on /home/airflow/.local/lib/python3.8/site-packages/airflow/example_dags/example_task_group_decorator.py
[2024-05-22T22:56:25.410+0000] {processor.py:830} INFO - Processing file /home/airflow/.local/lib/python3.8/site-packages/airflow/example_dags/example_task_group_decorator.py for tasks to queue
[2024-05-22T22:56:25.411+0000] {logging_mixin.py:188} INFO - [2024-05-22T22:56:25.411+0000] {dagbag.py:538} INFO - Filling up the DagBag from /home/airflow/.local/lib/python3.8/site-packages/airflow/example_dags/example_task_group_decorator.py
[2024-05-22T22:56:25.427+0000] {processor.py:840} INFO - DAG(s) 'example_task_group_decorator' retrieved from /home/airflow/.local/lib/python3.8/site-packages/airflow/example_dags/example_task_group_decorator.py
[2024-05-22T22:56:25.459+0000] {logging_mixin.py:188} INFO - [2024-05-22T22:56:25.458+0000] {dag.py:3036} INFO - Sync 1 DAGs
[2024-05-22T22:56:25.484+0000] {logging_mixin.py:188} INFO - [2024-05-22T22:56:25.484+0000] {dag.py:3823} INFO - Setting next_dagrun for example_task_group_decorator to 2024-05-21 00:00:00+00:00, run_after=2024-05-22 00:00:00+00:00
[2024-05-22T22:56:25.509+0000] {processor.py:183} INFO - Processing /home/airflow/.local/lib/python3.8/site-packages/airflow/example_dags/example_task_group_decorator.py took 0.106 seconds
[2024-05-22T22:56:55.850+0000] {processor.py:161} INFO - Started process (PID=54510) to work on /home/airflow/.local/lib/python3.8/site-packages/airflow/example_dags/example_task_group_decorator.py
[2024-05-22T22:56:55.851+0000] {processor.py:830} INFO - Processing file /home/airflow/.local/lib/python3.8/site-packages/airflow/example_dags/example_task_group_decorator.py for tasks to queue
[2024-05-22T22:56:55.854+0000] {logging_mixin.py:188} INFO - [2024-05-22T22:56:55.853+0000] {dagbag.py:538} INFO - Filling up the DagBag from /home/airflow/.local/lib/python3.8/site-packages/airflow/example_dags/example_task_group_decorator.py
[2024-05-22T22:56:55.873+0000] {processor.py:840} INFO - DAG(s) 'example_task_group_decorator' retrieved from /home/airflow/.local/lib/python3.8/site-packages/airflow/example_dags/example_task_group_decorator.py
[2024-05-22T22:56:55.907+0000] {logging_mixin.py:188} INFO - [2024-05-22T22:56:55.906+0000] {dag.py:3036} INFO - Sync 1 DAGs
[2024-05-22T22:56:55.937+0000] {logging_mixin.py:188} INFO - [2024-05-22T22:56:55.936+0000] {dag.py:3823} INFO - Setting next_dagrun for example_task_group_decorator to 2024-05-21 00:00:00+00:00, run_after=2024-05-22 00:00:00+00:00
[2024-05-22T22:56:55.963+0000] {processor.py:183} INFO - Processing /home/airflow/.local/lib/python3.8/site-packages/airflow/example_dags/example_task_group_decorator.py took 0.117 seconds
[2024-05-22T22:57:26.201+0000] {processor.py:161} INFO - Started process (PID=54567) to work on /home/airflow/.local/lib/python3.8/site-packages/airflow/example_dags/example_task_group_decorator.py
[2024-05-22T22:57:26.202+0000] {processor.py:830} INFO - Processing file /home/airflow/.local/lib/python3.8/site-packages/airflow/example_dags/example_task_group_decorator.py for tasks to queue
[2024-05-22T22:57:26.205+0000] {logging_mixin.py:188} INFO - [2024-05-22T22:57:26.204+0000] {dagbag.py:538} INFO - Filling up the DagBag from /home/airflow/.local/lib/python3.8/site-packages/airflow/example_dags/example_task_group_decorator.py
[2024-05-22T22:57:26.227+0000] {processor.py:840} INFO - DAG(s) 'example_task_group_decorator' retrieved from /home/airflow/.local/lib/python3.8/site-packages/airflow/example_dags/example_task_group_decorator.py
[2024-05-22T22:57:26.259+0000] {logging_mixin.py:188} INFO - [2024-05-22T22:57:26.259+0000] {dag.py:3036} INFO - Sync 1 DAGs
[2024-05-22T22:57:26.286+0000] {logging_mixin.py:188} INFO - [2024-05-22T22:57:26.285+0000] {dag.py:3823} INFO - Setting next_dagrun for example_task_group_decorator to 2024-05-21 00:00:00+00:00, run_after=2024-05-22 00:00:00+00:00
[2024-05-22T22:57:26.311+0000] {processor.py:183} INFO - Processing /home/airflow/.local/lib/python3.8/site-packages/airflow/example_dags/example_task_group_decorator.py took 0.114 seconds
[2024-05-22T22:57:56.527+0000] {processor.py:161} INFO - Started process (PID=54624) to work on /home/airflow/.local/lib/python3.8/site-packages/airflow/example_dags/example_task_group_decorator.py
[2024-05-22T22:57:56.528+0000] {processor.py:830} INFO - Processing file /home/airflow/.local/lib/python3.8/site-packages/airflow/example_dags/example_task_group_decorator.py for tasks to queue
[2024-05-22T22:57:56.530+0000] {logging_mixin.py:188} INFO - [2024-05-22T22:57:56.529+0000] {dagbag.py:538} INFO - Filling up the DagBag from /home/airflow/.local/lib/python3.8/site-packages/airflow/example_dags/example_task_group_decorator.py
[2024-05-22T22:57:56.545+0000] {processor.py:840} INFO - DAG(s) 'example_task_group_decorator' retrieved from /home/airflow/.local/lib/python3.8/site-packages/airflow/example_dags/example_task_group_decorator.py
[2024-05-22T22:57:56.580+0000] {logging_mixin.py:188} INFO - [2024-05-22T22:57:56.580+0000] {dag.py:3036} INFO - Sync 1 DAGs
[2024-05-22T22:57:56.605+0000] {logging_mixin.py:188} INFO - [2024-05-22T22:57:56.604+0000] {dag.py:3823} INFO - Setting next_dagrun for example_task_group_decorator to 2024-05-21 00:00:00+00:00, run_after=2024-05-22 00:00:00+00:00
[2024-05-22T22:57:56.634+0000] {processor.py:183} INFO - Processing /home/airflow/.local/lib/python3.8/site-packages/airflow/example_dags/example_task_group_decorator.py took 0.110 seconds
[2024-05-22T22:58:27.020+0000] {processor.py:161} INFO - Started process (PID=54681) to work on /home/airflow/.local/lib/python3.8/site-packages/airflow/example_dags/example_task_group_decorator.py
[2024-05-22T22:58:27.021+0000] {processor.py:830} INFO - Processing file /home/airflow/.local/lib/python3.8/site-packages/airflow/example_dags/example_task_group_decorator.py for tasks to queue
[2024-05-22T22:58:27.023+0000] {logging_mixin.py:188} INFO - [2024-05-22T22:58:27.023+0000] {dagbag.py:538} INFO - Filling up the DagBag from /home/airflow/.local/lib/python3.8/site-packages/airflow/example_dags/example_task_group_decorator.py
[2024-05-22T22:58:27.042+0000] {processor.py:840} INFO - DAG(s) 'example_task_group_decorator' retrieved from /home/airflow/.local/lib/python3.8/site-packages/airflow/example_dags/example_task_group_decorator.py
[2024-05-22T22:58:27.084+0000] {logging_mixin.py:188} INFO - [2024-05-22T22:58:27.084+0000] {dag.py:3036} INFO - Sync 1 DAGs
[2024-05-22T22:58:27.112+0000] {logging_mixin.py:188} INFO - [2024-05-22T22:58:27.111+0000] {dag.py:3823} INFO - Setting next_dagrun for example_task_group_decorator to 2024-05-21 00:00:00+00:00, run_after=2024-05-22 00:00:00+00:00
[2024-05-22T22:58:27.135+0000] {processor.py:183} INFO - Processing /home/airflow/.local/lib/python3.8/site-packages/airflow/example_dags/example_task_group_decorator.py took 0.119 seconds
[2024-05-22T22:58:57.421+0000] {processor.py:161} INFO - Started process (PID=54738) to work on /home/airflow/.local/lib/python3.8/site-packages/airflow/example_dags/example_task_group_decorator.py
[2024-05-22T22:58:57.422+0000] {processor.py:830} INFO - Processing file /home/airflow/.local/lib/python3.8/site-packages/airflow/example_dags/example_task_group_decorator.py for tasks to queue
[2024-05-22T22:58:57.424+0000] {logging_mixin.py:188} INFO - [2024-05-22T22:58:57.423+0000] {dagbag.py:538} INFO - Filling up the DagBag from /home/airflow/.local/lib/python3.8/site-packages/airflow/example_dags/example_task_group_decorator.py
[2024-05-22T22:58:57.441+0000] {processor.py:840} INFO - DAG(s) 'example_task_group_decorator' retrieved from /home/airflow/.local/lib/python3.8/site-packages/airflow/example_dags/example_task_group_decorator.py
[2024-05-22T22:58:57.472+0000] {logging_mixin.py:188} INFO - [2024-05-22T22:58:57.471+0000] {dag.py:3036} INFO - Sync 1 DAGs
[2024-05-22T22:58:57.493+0000] {logging_mixin.py:188} INFO - [2024-05-22T22:58:57.493+0000] {dag.py:3823} INFO - Setting next_dagrun for example_task_group_decorator to 2024-05-21 00:00:00+00:00, run_after=2024-05-22 00:00:00+00:00
[2024-05-22T22:58:57.516+0000] {processor.py:183} INFO - Processing /home/airflow/.local/lib/python3.8/site-packages/airflow/example_dags/example_task_group_decorator.py took 0.098 seconds
[2024-05-22T22:59:27.768+0000] {processor.py:161} INFO - Started process (PID=54795) to work on /home/airflow/.local/lib/python3.8/site-packages/airflow/example_dags/example_task_group_decorator.py
[2024-05-22T22:59:27.769+0000] {processor.py:830} INFO - Processing file /home/airflow/.local/lib/python3.8/site-packages/airflow/example_dags/example_task_group_decorator.py for tasks to queue
[2024-05-22T22:59:27.771+0000] {logging_mixin.py:188} INFO - [2024-05-22T22:59:27.771+0000] {dagbag.py:538} INFO - Filling up the DagBag from /home/airflow/.local/lib/python3.8/site-packages/airflow/example_dags/example_task_group_decorator.py
[2024-05-22T22:59:27.790+0000] {processor.py:840} INFO - DAG(s) 'example_task_group_decorator' retrieved from /home/airflow/.local/lib/python3.8/site-packages/airflow/example_dags/example_task_group_decorator.py
[2024-05-22T22:59:27.819+0000] {logging_mixin.py:188} INFO - [2024-05-22T22:59:27.819+0000] {dag.py:3036} INFO - Sync 1 DAGs
[2024-05-22T22:59:27.845+0000] {logging_mixin.py:188} INFO - [2024-05-22T22:59:27.844+0000] {dag.py:3823} INFO - Setting next_dagrun for example_task_group_decorator to 2024-05-21 00:00:00+00:00, run_after=2024-05-22 00:00:00+00:00
[2024-05-22T22:59:27.869+0000] {processor.py:183} INFO - Processing /home/airflow/.local/lib/python3.8/site-packages/airflow/example_dags/example_task_group_decorator.py took 0.104 seconds
[2024-05-22T22:59:58.054+0000] {processor.py:161} INFO - Started process (PID=54852) to work on /home/airflow/.local/lib/python3.8/site-packages/airflow/example_dags/example_task_group_decorator.py
[2024-05-22T22:59:58.055+0000] {processor.py:830} INFO - Processing file /home/airflow/.local/lib/python3.8/site-packages/airflow/example_dags/example_task_group_decorator.py for tasks to queue
[2024-05-22T22:59:58.057+0000] {logging_mixin.py:188} INFO - [2024-05-22T22:59:58.056+0000] {dagbag.py:538} INFO - Filling up the DagBag from /home/airflow/.local/lib/python3.8/site-packages/airflow/example_dags/example_task_group_decorator.py
[2024-05-22T22:59:58.073+0000] {processor.py:840} INFO - DAG(s) 'example_task_group_decorator' retrieved from /home/airflow/.local/lib/python3.8/site-packages/airflow/example_dags/example_task_group_decorator.py
[2024-05-22T22:59:58.101+0000] {logging_mixin.py:188} INFO - [2024-05-22T22:59:58.101+0000] {dag.py:3036} INFO - Sync 1 DAGs
[2024-05-22T22:59:58.125+0000] {logging_mixin.py:188} INFO - [2024-05-22T22:59:58.125+0000] {dag.py:3823} INFO - Setting next_dagrun for example_task_group_decorator to 2024-05-21 00:00:00+00:00, run_after=2024-05-22 00:00:00+00:00
[2024-05-22T22:59:58.146+0000] {processor.py:183} INFO - Processing /home/airflow/.local/lib/python3.8/site-packages/airflow/example_dags/example_task_group_decorator.py took 0.096 seconds
[2024-05-22T23:00:28.293+0000] {processor.py:161} INFO - Started process (PID=54909) to work on /home/airflow/.local/lib/python3.8/site-packages/airflow/example_dags/example_task_group_decorator.py
[2024-05-22T23:00:28.295+0000] {processor.py:830} INFO - Processing file /home/airflow/.local/lib/python3.8/site-packages/airflow/example_dags/example_task_group_decorator.py for tasks to queue
[2024-05-22T23:00:28.298+0000] {logging_mixin.py:188} INFO - [2024-05-22T23:00:28.297+0000] {dagbag.py:538} INFO - Filling up the DagBag from /home/airflow/.local/lib/python3.8/site-packages/airflow/example_dags/example_task_group_decorator.py
[2024-05-22T23:00:28.317+0000] {processor.py:840} INFO - DAG(s) 'example_task_group_decorator' retrieved from /home/airflow/.local/lib/python3.8/site-packages/airflow/example_dags/example_task_group_decorator.py
[2024-05-22T23:00:28.345+0000] {logging_mixin.py:188} INFO - [2024-05-22T23:00:28.345+0000] {dag.py:3036} INFO - Sync 1 DAGs
[2024-05-22T23:00:28.368+0000] {logging_mixin.py:188} INFO - [2024-05-22T23:00:28.368+0000] {dag.py:3823} INFO - Setting next_dagrun for example_task_group_decorator to 2024-05-21 00:00:00+00:00, run_after=2024-05-22 00:00:00+00:00
[2024-05-22T23:00:28.390+0000] {processor.py:183} INFO - Processing /home/airflow/.local/lib/python3.8/site-packages/airflow/example_dags/example_task_group_decorator.py took 0.100 seconds
[2024-05-22T23:00:59.151+0000] {processor.py:161} INFO - Started process (PID=54966) to work on /home/airflow/.local/lib/python3.8/site-packages/airflow/example_dags/example_task_group_decorator.py
[2024-05-22T23:00:59.152+0000] {processor.py:830} INFO - Processing file /home/airflow/.local/lib/python3.8/site-packages/airflow/example_dags/example_task_group_decorator.py for tasks to queue
[2024-05-22T23:00:59.153+0000] {logging_mixin.py:188} INFO - [2024-05-22T23:00:59.153+0000] {dagbag.py:538} INFO - Filling up the DagBag from /home/airflow/.local/lib/python3.8/site-packages/airflow/example_dags/example_task_group_decorator.py
[2024-05-22T23:00:59.170+0000] {processor.py:840} INFO - DAG(s) 'example_task_group_decorator' retrieved from /home/airflow/.local/lib/python3.8/site-packages/airflow/example_dags/example_task_group_decorator.py
[2024-05-22T23:00:59.196+0000] {logging_mixin.py:188} INFO - [2024-05-22T23:00:59.195+0000] {dag.py:3036} INFO - Sync 1 DAGs
[2024-05-22T23:00:59.219+0000] {logging_mixin.py:188} INFO - [2024-05-22T23:00:59.219+0000] {dag.py:3823} INFO - Setting next_dagrun for example_task_group_decorator to 2024-05-21 00:00:00+00:00, run_after=2024-05-22 00:00:00+00:00
[2024-05-22T23:00:59.239+0000] {processor.py:183} INFO - Processing /home/airflow/.local/lib/python3.8/site-packages/airflow/example_dags/example_task_group_decorator.py took 0.092 seconds
[2024-05-22T23:01:29.487+0000] {processor.py:161} INFO - Started process (PID=55023) to work on /home/airflow/.local/lib/python3.8/site-packages/airflow/example_dags/example_task_group_decorator.py
[2024-05-22T23:01:29.488+0000] {processor.py:830} INFO - Processing file /home/airflow/.local/lib/python3.8/site-packages/airflow/example_dags/example_task_group_decorator.py for tasks to queue
[2024-05-22T23:01:29.490+0000] {logging_mixin.py:188} INFO - [2024-05-22T23:01:29.490+0000] {dagbag.py:538} INFO - Filling up the DagBag from /home/airflow/.local/lib/python3.8/site-packages/airflow/example_dags/example_task_group_decorator.py
[2024-05-22T23:01:29.506+0000] {processor.py:840} INFO - DAG(s) 'example_task_group_decorator' retrieved from /home/airflow/.local/lib/python3.8/site-packages/airflow/example_dags/example_task_group_decorator.py
[2024-05-22T23:01:29.533+0000] {logging_mixin.py:188} INFO - [2024-05-22T23:01:29.533+0000] {dag.py:3036} INFO - Sync 1 DAGs
[2024-05-22T23:01:29.561+0000] {logging_mixin.py:188} INFO - [2024-05-22T23:01:29.561+0000] {dag.py:3823} INFO - Setting next_dagrun for example_task_group_decorator to 2024-05-21 00:00:00+00:00, run_after=2024-05-22 00:00:00+00:00
[2024-05-22T23:01:29.582+0000] {processor.py:183} INFO - Processing /home/airflow/.local/lib/python3.8/site-packages/airflow/example_dags/example_task_group_decorator.py took 0.098 seconds
[2024-05-22T23:01:59.879+0000] {processor.py:161} INFO - Started process (PID=55080) to work on /home/airflow/.local/lib/python3.8/site-packages/airflow/example_dags/example_task_group_decorator.py
[2024-05-22T23:01:59.880+0000] {processor.py:830} INFO - Processing file /home/airflow/.local/lib/python3.8/site-packages/airflow/example_dags/example_task_group_decorator.py for tasks to queue
[2024-05-22T23:01:59.882+0000] {logging_mixin.py:188} INFO - [2024-05-22T23:01:59.882+0000] {dagbag.py:538} INFO - Filling up the DagBag from /home/airflow/.local/lib/python3.8/site-packages/airflow/example_dags/example_task_group_decorator.py
[2024-05-22T23:01:59.902+0000] {processor.py:840} INFO - DAG(s) 'example_task_group_decorator' retrieved from /home/airflow/.local/lib/python3.8/site-packages/airflow/example_dags/example_task_group_decorator.py
[2024-05-22T23:01:59.935+0000] {logging_mixin.py:188} INFO - [2024-05-22T23:01:59.935+0000] {dag.py:3036} INFO - Sync 1 DAGs
[2024-05-22T23:01:59.964+0000] {logging_mixin.py:188} INFO - [2024-05-22T23:01:59.964+0000] {dag.py:3823} INFO - Setting next_dagrun for example_task_group_decorator to 2024-05-21 00:00:00+00:00, run_after=2024-05-22 00:00:00+00:00
[2024-05-22T23:01:59.990+0000] {processor.py:183} INFO - Processing /home/airflow/.local/lib/python3.8/site-packages/airflow/example_dags/example_task_group_decorator.py took 0.114 seconds
[2024-05-22T23:02:30.067+0000] {processor.py:161} INFO - Started process (PID=55138) to work on /home/airflow/.local/lib/python3.8/site-packages/airflow/example_dags/example_task_group_decorator.py
[2024-05-22T23:02:30.068+0000] {processor.py:830} INFO - Processing file /home/airflow/.local/lib/python3.8/site-packages/airflow/example_dags/example_task_group_decorator.py for tasks to queue
[2024-05-22T23:02:30.070+0000] {logging_mixin.py:188} INFO - [2024-05-22T23:02:30.069+0000] {dagbag.py:538} INFO - Filling up the DagBag from /home/airflow/.local/lib/python3.8/site-packages/airflow/example_dags/example_task_group_decorator.py
[2024-05-22T23:02:30.087+0000] {processor.py:840} INFO - DAG(s) 'example_task_group_decorator' retrieved from /home/airflow/.local/lib/python3.8/site-packages/airflow/example_dags/example_task_group_decorator.py
[2024-05-22T23:02:30.117+0000] {logging_mixin.py:188} INFO - [2024-05-22T23:02:30.117+0000] {dag.py:3036} INFO - Sync 1 DAGs
[2024-05-22T23:02:30.139+0000] {logging_mixin.py:188} INFO - [2024-05-22T23:02:30.139+0000] {dag.py:3823} INFO - Setting next_dagrun for example_task_group_decorator to 2024-05-21 00:00:00+00:00, run_after=2024-05-22 00:00:00+00:00
[2024-05-22T23:02:30.160+0000] {processor.py:183} INFO - Processing /home/airflow/.local/lib/python3.8/site-packages/airflow/example_dags/example_task_group_decorator.py took 0.097 seconds
[2024-05-22T23:03:00.399+0000] {processor.py:161} INFO - Started process (PID=55195) to work on /home/airflow/.local/lib/python3.8/site-packages/airflow/example_dags/example_task_group_decorator.py
[2024-05-22T23:03:00.400+0000] {processor.py:830} INFO - Processing file /home/airflow/.local/lib/python3.8/site-packages/airflow/example_dags/example_task_group_decorator.py for tasks to queue
[2024-05-22T23:03:00.401+0000] {logging_mixin.py:188} INFO - [2024-05-22T23:03:00.401+0000] {dagbag.py:538} INFO - Filling up the DagBag from /home/airflow/.local/lib/python3.8/site-packages/airflow/example_dags/example_task_group_decorator.py
[2024-05-22T23:03:00.419+0000] {processor.py:840} INFO - DAG(s) 'example_task_group_decorator' retrieved from /home/airflow/.local/lib/python3.8/site-packages/airflow/example_dags/example_task_group_decorator.py
[2024-05-22T23:03:00.446+0000] {logging_mixin.py:188} INFO - [2024-05-22T23:03:00.446+0000] {dag.py:3036} INFO - Sync 1 DAGs
[2024-05-22T23:03:00.467+0000] {logging_mixin.py:188} INFO - [2024-05-22T23:03:00.467+0000] {dag.py:3823} INFO - Setting next_dagrun for example_task_group_decorator to 2024-05-21 00:00:00+00:00, run_after=2024-05-22 00:00:00+00:00
[2024-05-22T23:03:00.488+0000] {processor.py:183} INFO - Processing /home/airflow/.local/lib/python3.8/site-packages/airflow/example_dags/example_task_group_decorator.py took 0.092 seconds
[2024-05-22T23:03:30.841+0000] {processor.py:161} INFO - Started process (PID=55252) to work on /home/airflow/.local/lib/python3.8/site-packages/airflow/example_dags/example_task_group_decorator.py
[2024-05-22T23:03:30.843+0000] {processor.py:830} INFO - Processing file /home/airflow/.local/lib/python3.8/site-packages/airflow/example_dags/example_task_group_decorator.py for tasks to queue
[2024-05-22T23:03:30.845+0000] {logging_mixin.py:188} INFO - [2024-05-22T23:03:30.844+0000] {dagbag.py:538} INFO - Filling up the DagBag from /home/airflow/.local/lib/python3.8/site-packages/airflow/example_dags/example_task_group_decorator.py
[2024-05-22T23:03:30.863+0000] {processor.py:840} INFO - DAG(s) 'example_task_group_decorator' retrieved from /home/airflow/.local/lib/python3.8/site-packages/airflow/example_dags/example_task_group_decorator.py
[2024-05-22T23:03:30.892+0000] {logging_mixin.py:188} INFO - [2024-05-22T23:03:30.892+0000] {dag.py:3036} INFO - Sync 1 DAGs
[2024-05-22T23:03:30.920+0000] {logging_mixin.py:188} INFO - [2024-05-22T23:03:30.920+0000] {dag.py:3823} INFO - Setting next_dagrun for example_task_group_decorator to 2024-05-21 00:00:00+00:00, run_after=2024-05-22 00:00:00+00:00
[2024-05-22T23:03:30.947+0000] {processor.py:183} INFO - Processing /home/airflow/.local/lib/python3.8/site-packages/airflow/example_dags/example_task_group_decorator.py took 0.110 seconds
[2024-05-22T23:04:01.340+0000] {processor.py:161} INFO - Started process (PID=55310) to work on /home/airflow/.local/lib/python3.8/site-packages/airflow/example_dags/example_task_group_decorator.py
[2024-05-22T23:04:01.342+0000] {processor.py:830} INFO - Processing file /home/airflow/.local/lib/python3.8/site-packages/airflow/example_dags/example_task_group_decorator.py for tasks to queue
[2024-05-22T23:04:01.344+0000] {logging_mixin.py:188} INFO - [2024-05-22T23:04:01.344+0000] {dagbag.py:538} INFO - Filling up the DagBag from /home/airflow/.local/lib/python3.8/site-packages/airflow/example_dags/example_task_group_decorator.py
[2024-05-22T23:04:01.369+0000] {processor.py:840} INFO - DAG(s) 'example_task_group_decorator' retrieved from /home/airflow/.local/lib/python3.8/site-packages/airflow/example_dags/example_task_group_decorator.py
[2024-05-22T23:04:01.428+0000] {logging_mixin.py:188} INFO - [2024-05-22T23:04:01.427+0000] {dag.py:3036} INFO - Sync 1 DAGs
[2024-05-22T23:04:01.474+0000] {logging_mixin.py:188} INFO - [2024-05-22T23:04:01.474+0000] {dag.py:3823} INFO - Setting next_dagrun for example_task_group_decorator to 2024-05-21 00:00:00+00:00, run_after=2024-05-22 00:00:00+00:00
[2024-05-22T23:04:01.507+0000] {processor.py:183} INFO - Processing /home/airflow/.local/lib/python3.8/site-packages/airflow/example_dags/example_task_group_decorator.py took 0.171 seconds
[2024-05-22T23:04:31.981+0000] {processor.py:161} INFO - Started process (PID=55367) to work on /home/airflow/.local/lib/python3.8/site-packages/airflow/example_dags/example_task_group_decorator.py
[2024-05-22T23:04:31.982+0000] {processor.py:830} INFO - Processing file /home/airflow/.local/lib/python3.8/site-packages/airflow/example_dags/example_task_group_decorator.py for tasks to queue
[2024-05-22T23:04:31.985+0000] {logging_mixin.py:188} INFO - [2024-05-22T23:04:31.984+0000] {dagbag.py:538} INFO - Filling up the DagBag from /home/airflow/.local/lib/python3.8/site-packages/airflow/example_dags/example_task_group_decorator.py
[2024-05-22T23:04:32.008+0000] {processor.py:840} INFO - DAG(s) 'example_task_group_decorator' retrieved from /home/airflow/.local/lib/python3.8/site-packages/airflow/example_dags/example_task_group_decorator.py
[2024-05-22T23:04:32.040+0000] {logging_mixin.py:188} INFO - [2024-05-22T23:04:32.040+0000] {dag.py:3036} INFO - Sync 1 DAGs
[2024-05-22T23:04:32.074+0000] {logging_mixin.py:188} INFO - [2024-05-22T23:04:32.074+0000] {dag.py:3823} INFO - Setting next_dagrun for example_task_group_decorator to 2024-05-21 00:00:00+00:00, run_after=2024-05-22 00:00:00+00:00
[2024-05-22T23:04:32.100+0000] {processor.py:183} INFO - Processing /home/airflow/.local/lib/python3.8/site-packages/airflow/example_dags/example_task_group_decorator.py took 0.123 seconds
[2024-05-22T23:05:02.499+0000] {processor.py:161} INFO - Started process (PID=55424) to work on /home/airflow/.local/lib/python3.8/site-packages/airflow/example_dags/example_task_group_decorator.py
[2024-05-22T23:05:02.500+0000] {processor.py:830} INFO - Processing file /home/airflow/.local/lib/python3.8/site-packages/airflow/example_dags/example_task_group_decorator.py for tasks to queue
[2024-05-22T23:05:02.502+0000] {logging_mixin.py:188} INFO - [2024-05-22T23:05:02.502+0000] {dagbag.py:538} INFO - Filling up the DagBag from /home/airflow/.local/lib/python3.8/site-packages/airflow/example_dags/example_task_group_decorator.py
[2024-05-22T23:05:02.520+0000] {processor.py:840} INFO - DAG(s) 'example_task_group_decorator' retrieved from /home/airflow/.local/lib/python3.8/site-packages/airflow/example_dags/example_task_group_decorator.py
[2024-05-22T23:05:02.551+0000] {logging_mixin.py:188} INFO - [2024-05-22T23:05:02.550+0000] {dag.py:3036} INFO - Sync 1 DAGs
[2024-05-22T23:05:02.576+0000] {logging_mixin.py:188} INFO - [2024-05-22T23:05:02.575+0000] {dag.py:3823} INFO - Setting next_dagrun for example_task_group_decorator to 2024-05-21 00:00:00+00:00, run_after=2024-05-22 00:00:00+00:00
[2024-05-22T23:05:02.600+0000] {processor.py:183} INFO - Processing /home/airflow/.local/lib/python3.8/site-packages/airflow/example_dags/example_task_group_decorator.py took 0.104 seconds
[2024-05-22T23:05:32.810+0000] {processor.py:161} INFO - Started process (PID=55481) to work on /home/airflow/.local/lib/python3.8/site-packages/airflow/example_dags/example_task_group_decorator.py
[2024-05-22T23:05:32.811+0000] {processor.py:830} INFO - Processing file /home/airflow/.local/lib/python3.8/site-packages/airflow/example_dags/example_task_group_decorator.py for tasks to queue
[2024-05-22T23:05:32.813+0000] {logging_mixin.py:188} INFO - [2024-05-22T23:05:32.813+0000] {dagbag.py:538} INFO - Filling up the DagBag from /home/airflow/.local/lib/python3.8/site-packages/airflow/example_dags/example_task_group_decorator.py
[2024-05-22T23:05:32.830+0000] {processor.py:840} INFO - DAG(s) 'example_task_group_decorator' retrieved from /home/airflow/.local/lib/python3.8/site-packages/airflow/example_dags/example_task_group_decorator.py
[2024-05-22T23:05:32.856+0000] {logging_mixin.py:188} INFO - [2024-05-22T23:05:32.856+0000] {dag.py:3036} INFO - Sync 1 DAGs
[2024-05-22T23:05:32.882+0000] {logging_mixin.py:188} INFO - [2024-05-22T23:05:32.881+0000] {dag.py:3823} INFO - Setting next_dagrun for example_task_group_decorator to 2024-05-21 00:00:00+00:00, run_after=2024-05-22 00:00:00+00:00
[2024-05-22T23:05:32.904+0000] {processor.py:183} INFO - Processing /home/airflow/.local/lib/python3.8/site-packages/airflow/example_dags/example_task_group_decorator.py took 0.097 seconds
[2024-05-22T23:06:03.446+0000] {processor.py:161} INFO - Started process (PID=55538) to work on /home/airflow/.local/lib/python3.8/site-packages/airflow/example_dags/example_task_group_decorator.py
[2024-05-22T23:06:03.448+0000] {processor.py:830} INFO - Processing file /home/airflow/.local/lib/python3.8/site-packages/airflow/example_dags/example_task_group_decorator.py for tasks to queue
[2024-05-22T23:06:03.450+0000] {logging_mixin.py:188} INFO - [2024-05-22T23:06:03.449+0000] {dagbag.py:538} INFO - Filling up the DagBag from /home/airflow/.local/lib/python3.8/site-packages/airflow/example_dags/example_task_group_decorator.py
[2024-05-22T23:06:03.467+0000] {processor.py:840} INFO - DAG(s) 'example_task_group_decorator' retrieved from /home/airflow/.local/lib/python3.8/site-packages/airflow/example_dags/example_task_group_decorator.py
[2024-05-22T23:06:03.499+0000] {logging_mixin.py:188} INFO - [2024-05-22T23:06:03.499+0000] {dag.py:3036} INFO - Sync 1 DAGs
[2024-05-22T23:06:03.525+0000] {logging_mixin.py:188} INFO - [2024-05-22T23:06:03.525+0000] {dag.py:3823} INFO - Setting next_dagrun for example_task_group_decorator to 2024-05-21 00:00:00+00:00, run_after=2024-05-22 00:00:00+00:00
[2024-05-22T23:06:03.552+0000] {processor.py:183} INFO - Processing /home/airflow/.local/lib/python3.8/site-packages/airflow/example_dags/example_task_group_decorator.py took 0.110 seconds
[2024-05-22T23:06:34.068+0000] {processor.py:161} INFO - Started process (PID=55595) to work on /home/airflow/.local/lib/python3.8/site-packages/airflow/example_dags/example_task_group_decorator.py
[2024-05-22T23:06:34.070+0000] {processor.py:830} INFO - Processing file /home/airflow/.local/lib/python3.8/site-packages/airflow/example_dags/example_task_group_decorator.py for tasks to queue
[2024-05-22T23:06:34.072+0000] {logging_mixin.py:188} INFO - [2024-05-22T23:06:34.072+0000] {dagbag.py:538} INFO - Filling up the DagBag from /home/airflow/.local/lib/python3.8/site-packages/airflow/example_dags/example_task_group_decorator.py
[2024-05-22T23:06:34.091+0000] {processor.py:840} INFO - DAG(s) 'example_task_group_decorator' retrieved from /home/airflow/.local/lib/python3.8/site-packages/airflow/example_dags/example_task_group_decorator.py
[2024-05-22T23:06:34.124+0000] {logging_mixin.py:188} INFO - [2024-05-22T23:06:34.123+0000] {dag.py:3036} INFO - Sync 1 DAGs
[2024-05-22T23:06:34.149+0000] {logging_mixin.py:188} INFO - [2024-05-22T23:06:34.149+0000] {dag.py:3823} INFO - Setting next_dagrun for example_task_group_decorator to 2024-05-21 00:00:00+00:00, run_after=2024-05-22 00:00:00+00:00
[2024-05-22T23:06:34.174+0000] {processor.py:183} INFO - Processing /home/airflow/.local/lib/python3.8/site-packages/airflow/example_dags/example_task_group_decorator.py took 0.110 seconds
[2024-05-22T23:07:04.390+0000] {processor.py:161} INFO - Started process (PID=55652) to work on /home/airflow/.local/lib/python3.8/site-packages/airflow/example_dags/example_task_group_decorator.py
[2024-05-22T23:07:04.391+0000] {processor.py:830} INFO - Processing file /home/airflow/.local/lib/python3.8/site-packages/airflow/example_dags/example_task_group_decorator.py for tasks to queue
[2024-05-22T23:07:04.392+0000] {logging_mixin.py:188} INFO - [2024-05-22T23:07:04.392+0000] {dagbag.py:538} INFO - Filling up the DagBag from /home/airflow/.local/lib/python3.8/site-packages/airflow/example_dags/example_task_group_decorator.py
[2024-05-22T23:07:04.411+0000] {processor.py:840} INFO - DAG(s) 'example_task_group_decorator' retrieved from /home/airflow/.local/lib/python3.8/site-packages/airflow/example_dags/example_task_group_decorator.py
[2024-05-22T23:07:04.440+0000] {logging_mixin.py:188} INFO - [2024-05-22T23:07:04.439+0000] {dag.py:3036} INFO - Sync 1 DAGs
[2024-05-22T23:07:04.465+0000] {logging_mixin.py:188} INFO - [2024-05-22T23:07:04.464+0000] {dag.py:3823} INFO - Setting next_dagrun for example_task_group_decorator to 2024-05-21 00:00:00+00:00, run_after=2024-05-22 00:00:00+00:00
[2024-05-22T23:07:04.496+0000] {processor.py:183} INFO - Processing /home/airflow/.local/lib/python3.8/site-packages/airflow/example_dags/example_task_group_decorator.py took 0.110 seconds
[2024-05-22T23:07:35.416+0000] {processor.py:161} INFO - Started process (PID=55709) to work on /home/airflow/.local/lib/python3.8/site-packages/airflow/example_dags/example_task_group_decorator.py
[2024-05-22T23:07:35.417+0000] {processor.py:830} INFO - Processing file /home/airflow/.local/lib/python3.8/site-packages/airflow/example_dags/example_task_group_decorator.py for tasks to queue
[2024-05-22T23:07:35.419+0000] {logging_mixin.py:188} INFO - [2024-05-22T23:07:35.419+0000] {dagbag.py:538} INFO - Filling up the DagBag from /home/airflow/.local/lib/python3.8/site-packages/airflow/example_dags/example_task_group_decorator.py
[2024-05-22T23:07:35.441+0000] {processor.py:840} INFO - DAG(s) 'example_task_group_decorator' retrieved from /home/airflow/.local/lib/python3.8/site-packages/airflow/example_dags/example_task_group_decorator.py
[2024-05-22T23:07:35.477+0000] {logging_mixin.py:188} INFO - [2024-05-22T23:07:35.477+0000] {dag.py:3036} INFO - Sync 1 DAGs
[2024-05-22T23:07:35.501+0000] {logging_mixin.py:188} INFO - [2024-05-22T23:07:35.501+0000] {dag.py:3823} INFO - Setting next_dagrun for example_task_group_decorator to 2024-05-21 00:00:00+00:00, run_after=2024-05-22 00:00:00+00:00
[2024-05-22T23:07:35.529+0000] {processor.py:183} INFO - Processing /home/airflow/.local/lib/python3.8/site-packages/airflow/example_dags/example_task_group_decorator.py took 0.116 seconds
[2024-05-22T23:08:06.336+0000] {processor.py:161} INFO - Started process (PID=55766) to work on /home/airflow/.local/lib/python3.8/site-packages/airflow/example_dags/example_task_group_decorator.py
[2024-05-22T23:08:06.337+0000] {processor.py:830} INFO - Processing file /home/airflow/.local/lib/python3.8/site-packages/airflow/example_dags/example_task_group_decorator.py for tasks to queue
[2024-05-22T23:08:06.338+0000] {logging_mixin.py:188} INFO - [2024-05-22T23:08:06.338+0000] {dagbag.py:538} INFO - Filling up the DagBag from /home/airflow/.local/lib/python3.8/site-packages/airflow/example_dags/example_task_group_decorator.py
[2024-05-22T23:08:06.352+0000] {processor.py:840} INFO - DAG(s) 'example_task_group_decorator' retrieved from /home/airflow/.local/lib/python3.8/site-packages/airflow/example_dags/example_task_group_decorator.py
[2024-05-22T23:08:06.379+0000] {logging_mixin.py:188} INFO - [2024-05-22T23:08:06.379+0000] {dag.py:3036} INFO - Sync 1 DAGs
[2024-05-22T23:08:06.402+0000] {logging_mixin.py:188} INFO - [2024-05-22T23:08:06.402+0000] {dag.py:3823} INFO - Setting next_dagrun for example_task_group_decorator to 2024-05-21 00:00:00+00:00, run_after=2024-05-22 00:00:00+00:00
[2024-05-22T23:08:06.426+0000] {processor.py:183} INFO - Processing /home/airflow/.local/lib/python3.8/site-packages/airflow/example_dags/example_task_group_decorator.py took 0.093 seconds
[2024-05-22T23:08:37.183+0000] {processor.py:161} INFO - Started process (PID=55823) to work on /home/airflow/.local/lib/python3.8/site-packages/airflow/example_dags/example_task_group_decorator.py
[2024-05-22T23:08:37.184+0000] {processor.py:830} INFO - Processing file /home/airflow/.local/lib/python3.8/site-packages/airflow/example_dags/example_task_group_decorator.py for tasks to queue
[2024-05-22T23:08:37.186+0000] {logging_mixin.py:188} INFO - [2024-05-22T23:08:37.186+0000] {dagbag.py:538} INFO - Filling up the DagBag from /home/airflow/.local/lib/python3.8/site-packages/airflow/example_dags/example_task_group_decorator.py
[2024-05-22T23:08:37.204+0000] {processor.py:840} INFO - DAG(s) 'example_task_group_decorator' retrieved from /home/airflow/.local/lib/python3.8/site-packages/airflow/example_dags/example_task_group_decorator.py
[2024-05-22T23:08:37.232+0000] {logging_mixin.py:188} INFO - [2024-05-22T23:08:37.232+0000] {dag.py:3036} INFO - Sync 1 DAGs
[2024-05-22T23:08:37.257+0000] {logging_mixin.py:188} INFO - [2024-05-22T23:08:37.257+0000] {dag.py:3823} INFO - Setting next_dagrun for example_task_group_decorator to 2024-05-21 00:00:00+00:00, run_after=2024-05-22 00:00:00+00:00
[2024-05-22T23:08:37.280+0000] {processor.py:183} INFO - Processing /home/airflow/.local/lib/python3.8/site-packages/airflow/example_dags/example_task_group_decorator.py took 0.101 seconds
[2024-05-22T23:09:07.965+0000] {processor.py:161} INFO - Started process (PID=55880) to work on /home/airflow/.local/lib/python3.8/site-packages/airflow/example_dags/example_task_group_decorator.py
[2024-05-22T23:09:07.967+0000] {processor.py:830} INFO - Processing file /home/airflow/.local/lib/python3.8/site-packages/airflow/example_dags/example_task_group_decorator.py for tasks to queue
[2024-05-22T23:09:07.969+0000] {logging_mixin.py:188} INFO - [2024-05-22T23:09:07.968+0000] {dagbag.py:538} INFO - Filling up the DagBag from /home/airflow/.local/lib/python3.8/site-packages/airflow/example_dags/example_task_group_decorator.py
[2024-05-22T23:09:07.985+0000] {processor.py:840} INFO - DAG(s) 'example_task_group_decorator' retrieved from /home/airflow/.local/lib/python3.8/site-packages/airflow/example_dags/example_task_group_decorator.py
[2024-05-22T23:09:08.015+0000] {logging_mixin.py:188} INFO - [2024-05-22T23:09:08.015+0000] {dag.py:3036} INFO - Sync 1 DAGs
[2024-05-22T23:09:08.044+0000] {logging_mixin.py:188} INFO - [2024-05-22T23:09:08.044+0000] {dag.py:3823} INFO - Setting next_dagrun for example_task_group_decorator to 2024-05-21 00:00:00+00:00, run_after=2024-05-22 00:00:00+00:00
[2024-05-22T23:09:08.079+0000] {processor.py:183} INFO - Processing /home/airflow/.local/lib/python3.8/site-packages/airflow/example_dags/example_task_group_decorator.py took 0.117 seconds
[2024-05-22T23:09:38.406+0000] {processor.py:161} INFO - Started process (PID=55937) to work on /home/airflow/.local/lib/python3.8/site-packages/airflow/example_dags/example_task_group_decorator.py
[2024-05-22T23:09:38.407+0000] {processor.py:830} INFO - Processing file /home/airflow/.local/lib/python3.8/site-packages/airflow/example_dags/example_task_group_decorator.py for tasks to queue
[2024-05-22T23:09:38.408+0000] {logging_mixin.py:188} INFO - [2024-05-22T23:09:38.408+0000] {dagbag.py:538} INFO - Filling up the DagBag from /home/airflow/.local/lib/python3.8/site-packages/airflow/example_dags/example_task_group_decorator.py
[2024-05-22T23:09:38.425+0000] {processor.py:840} INFO - DAG(s) 'example_task_group_decorator' retrieved from /home/airflow/.local/lib/python3.8/site-packages/airflow/example_dags/example_task_group_decorator.py
[2024-05-22T23:09:38.451+0000] {logging_mixin.py:188} INFO - [2024-05-22T23:09:38.451+0000] {dag.py:3036} INFO - Sync 1 DAGs
[2024-05-22T23:09:38.477+0000] {logging_mixin.py:188} INFO - [2024-05-22T23:09:38.477+0000] {dag.py:3823} INFO - Setting next_dagrun for example_task_group_decorator to 2024-05-21 00:00:00+00:00, run_after=2024-05-22 00:00:00+00:00
[2024-05-22T23:09:38.499+0000] {processor.py:183} INFO - Processing /home/airflow/.local/lib/python3.8/site-packages/airflow/example_dags/example_task_group_decorator.py took 0.097 seconds
[2024-05-22T23:10:08.812+0000] {processor.py:161} INFO - Started process (PID=55994) to work on /home/airflow/.local/lib/python3.8/site-packages/airflow/example_dags/example_task_group_decorator.py
[2024-05-22T23:10:08.813+0000] {processor.py:830} INFO - Processing file /home/airflow/.local/lib/python3.8/site-packages/airflow/example_dags/example_task_group_decorator.py for tasks to queue
[2024-05-22T23:10:08.816+0000] {logging_mixin.py:188} INFO - [2024-05-22T23:10:08.815+0000] {dagbag.py:538} INFO - Filling up the DagBag from /home/airflow/.local/lib/python3.8/site-packages/airflow/example_dags/example_task_group_decorator.py
[2024-05-22T23:10:08.833+0000] {processor.py:840} INFO - DAG(s) 'example_task_group_decorator' retrieved from /home/airflow/.local/lib/python3.8/site-packages/airflow/example_dags/example_task_group_decorator.py
[2024-05-22T23:10:08.863+0000] {logging_mixin.py:188} INFO - [2024-05-22T23:10:08.863+0000] {dag.py:3036} INFO - Sync 1 DAGs
[2024-05-22T23:10:08.887+0000] {logging_mixin.py:188} INFO - [2024-05-22T23:10:08.886+0000] {dag.py:3823} INFO - Setting next_dagrun for example_task_group_decorator to 2024-05-21 00:00:00+00:00, run_after=2024-05-22 00:00:00+00:00
[2024-05-22T23:10:08.910+0000] {processor.py:183} INFO - Processing /home/airflow/.local/lib/python3.8/site-packages/airflow/example_dags/example_task_group_decorator.py took 0.102 seconds
