[2024-05-22T22:36:38.211+0000] {processor.py:161} INFO - Started process (PID=52228) to work on /home/airflow/.local/lib/python3.8/site-packages/airflow/example_dags/example_latest_only_with_trigger.py
[2024-05-22T22:36:38.216+0000] {processor.py:830} INFO - Processing file /home/airflow/.local/lib/python3.8/site-packages/airflow/example_dags/example_latest_only_with_trigger.py for tasks to queue
[2024-05-22T22:36:38.220+0000] {logging_mixin.py:188} INFO - [2024-05-22T22:36:38.219+0000] {dagbag.py:538} INFO - Filling up the DagBag from /home/airflow/.local/lib/python3.8/site-packages/airflow/example_dags/example_latest_only_with_trigger.py
[2024-05-22T22:36:38.236+0000] {processor.py:840} INFO - DAG(s) 'latest_only_with_trigger' retrieved from /home/airflow/.local/lib/python3.8/site-packages/airflow/example_dags/example_latest_only_with_trigger.py
[2024-05-22T22:36:38.306+0000] {logging_mixin.py:188} INFO - [2024-05-22T22:36:38.305+0000] {dag.py:3036} INFO - Sync 1 DAGs
[2024-05-22T22:36:38.387+0000] {logging_mixin.py:188} INFO - [2024-05-22T22:36:38.387+0000] {dag.py:3823} INFO - Setting next_dagrun for latest_only_with_trigger to 2024-05-22 16:00:00+00:00, run_after=2024-05-22 20:00:00+00:00
[2024-05-22T22:36:38.452+0000] {processor.py:183} INFO - Processing /home/airflow/.local/lib/python3.8/site-packages/airflow/example_dags/example_latest_only_with_trigger.py took 0.248 seconds
[2024-05-22T22:37:08.526+0000] {processor.py:161} INFO - Started process (PID=52285) to work on /home/airflow/.local/lib/python3.8/site-packages/airflow/example_dags/example_latest_only_with_trigger.py
[2024-05-22T22:37:08.527+0000] {processor.py:830} INFO - Processing file /home/airflow/.local/lib/python3.8/site-packages/airflow/example_dags/example_latest_only_with_trigger.py for tasks to queue
[2024-05-22T22:37:08.529+0000] {logging_mixin.py:188} INFO - [2024-05-22T22:37:08.528+0000] {dagbag.py:538} INFO - Filling up the DagBag from /home/airflow/.local/lib/python3.8/site-packages/airflow/example_dags/example_latest_only_with_trigger.py
[2024-05-22T22:37:08.534+0000] {processor.py:840} INFO - DAG(s) 'latest_only_with_trigger' retrieved from /home/airflow/.local/lib/python3.8/site-packages/airflow/example_dags/example_latest_only_with_trigger.py
[2024-05-22T22:37:08.554+0000] {logging_mixin.py:188} INFO - [2024-05-22T22:37:08.554+0000] {dag.py:3036} INFO - Sync 1 DAGs
[2024-05-22T22:37:08.581+0000] {logging_mixin.py:188} INFO - [2024-05-22T22:37:08.581+0000] {dag.py:3823} INFO - Setting next_dagrun for latest_only_with_trigger to 2024-05-22 16:00:00+00:00, run_after=2024-05-22 20:00:00+00:00
[2024-05-22T22:37:08.601+0000] {processor.py:183} INFO - Processing /home/airflow/.local/lib/python3.8/site-packages/airflow/example_dags/example_latest_only_with_trigger.py took 0.078 seconds
[2024-05-22T22:37:38.953+0000] {processor.py:161} INFO - Started process (PID=52342) to work on /home/airflow/.local/lib/python3.8/site-packages/airflow/example_dags/example_latest_only_with_trigger.py
[2024-05-22T22:37:38.954+0000] {processor.py:830} INFO - Processing file /home/airflow/.local/lib/python3.8/site-packages/airflow/example_dags/example_latest_only_with_trigger.py for tasks to queue
[2024-05-22T22:37:38.957+0000] {logging_mixin.py:188} INFO - [2024-05-22T22:37:38.956+0000] {dagbag.py:538} INFO - Filling up the DagBag from /home/airflow/.local/lib/python3.8/site-packages/airflow/example_dags/example_latest_only_with_trigger.py
[2024-05-22T22:37:38.963+0000] {processor.py:840} INFO - DAG(s) 'latest_only_with_trigger' retrieved from /home/airflow/.local/lib/python3.8/site-packages/airflow/example_dags/example_latest_only_with_trigger.py
[2024-05-22T22:37:38.986+0000] {logging_mixin.py:188} INFO - [2024-05-22T22:37:38.985+0000] {dag.py:3036} INFO - Sync 1 DAGs
[2024-05-22T22:37:39.009+0000] {logging_mixin.py:188} INFO - [2024-05-22T22:37:39.008+0000] {dag.py:3823} INFO - Setting next_dagrun for latest_only_with_trigger to 2024-05-22 16:00:00+00:00, run_after=2024-05-22 20:00:00+00:00
[2024-05-22T22:37:39.028+0000] {processor.py:183} INFO - Processing /home/airflow/.local/lib/python3.8/site-packages/airflow/example_dags/example_latest_only_with_trigger.py took 0.078 seconds
[2024-05-22T22:38:09.528+0000] {processor.py:161} INFO - Started process (PID=52399) to work on /home/airflow/.local/lib/python3.8/site-packages/airflow/example_dags/example_latest_only_with_trigger.py
[2024-05-22T22:38:09.529+0000] {processor.py:830} INFO - Processing file /home/airflow/.local/lib/python3.8/site-packages/airflow/example_dags/example_latest_only_with_trigger.py for tasks to queue
[2024-05-22T22:38:09.531+0000] {logging_mixin.py:188} INFO - [2024-05-22T22:38:09.531+0000] {dagbag.py:538} INFO - Filling up the DagBag from /home/airflow/.local/lib/python3.8/site-packages/airflow/example_dags/example_latest_only_with_trigger.py
[2024-05-22T22:38:09.537+0000] {processor.py:840} INFO - DAG(s) 'latest_only_with_trigger' retrieved from /home/airflow/.local/lib/python3.8/site-packages/airflow/example_dags/example_latest_only_with_trigger.py
[2024-05-22T22:38:09.559+0000] {logging_mixin.py:188} INFO - [2024-05-22T22:38:09.559+0000] {dag.py:3036} INFO - Sync 1 DAGs
[2024-05-22T22:38:09.589+0000] {logging_mixin.py:188} INFO - [2024-05-22T22:38:09.588+0000] {dag.py:3823} INFO - Setting next_dagrun for latest_only_with_trigger to 2024-05-22 16:00:00+00:00, run_after=2024-05-22 20:00:00+00:00
[2024-05-22T22:38:09.610+0000] {processor.py:183} INFO - Processing /home/airflow/.local/lib/python3.8/site-packages/airflow/example_dags/example_latest_only_with_trigger.py took 0.085 seconds
[2024-05-22T22:38:40.007+0000] {processor.py:161} INFO - Started process (PID=52462) to work on /home/airflow/.local/lib/python3.8/site-packages/airflow/example_dags/example_latest_only_with_trigger.py
[2024-05-22T22:38:40.008+0000] {processor.py:830} INFO - Processing file /home/airflow/.local/lib/python3.8/site-packages/airflow/example_dags/example_latest_only_with_trigger.py for tasks to queue
[2024-05-22T22:38:40.010+0000] {logging_mixin.py:188} INFO - [2024-05-22T22:38:40.009+0000] {dagbag.py:538} INFO - Filling up the DagBag from /home/airflow/.local/lib/python3.8/site-packages/airflow/example_dags/example_latest_only_with_trigger.py
[2024-05-22T22:38:40.015+0000] {processor.py:840} INFO - DAG(s) 'latest_only_with_trigger' retrieved from /home/airflow/.local/lib/python3.8/site-packages/airflow/example_dags/example_latest_only_with_trigger.py
[2024-05-22T22:38:40.036+0000] {logging_mixin.py:188} INFO - [2024-05-22T22:38:40.036+0000] {dag.py:3036} INFO - Sync 1 DAGs
[2024-05-22T22:38:40.061+0000] {logging_mixin.py:188} INFO - [2024-05-22T22:38:40.060+0000] {dag.py:3823} INFO - Setting next_dagrun for latest_only_with_trigger to 2024-05-22 16:00:00+00:00, run_after=2024-05-22 20:00:00+00:00
[2024-05-22T22:38:40.080+0000] {processor.py:183} INFO - Processing /home/airflow/.local/lib/python3.8/site-packages/airflow/example_dags/example_latest_only_with_trigger.py took 0.076 seconds
[2024-05-22T22:39:10.394+0000] {processor.py:161} INFO - Started process (PID=52519) to work on /home/airflow/.local/lib/python3.8/site-packages/airflow/example_dags/example_latest_only_with_trigger.py
[2024-05-22T22:39:10.395+0000] {processor.py:830} INFO - Processing file /home/airflow/.local/lib/python3.8/site-packages/airflow/example_dags/example_latest_only_with_trigger.py for tasks to queue
[2024-05-22T22:39:10.397+0000] {logging_mixin.py:188} INFO - [2024-05-22T22:39:10.396+0000] {dagbag.py:538} INFO - Filling up the DagBag from /home/airflow/.local/lib/python3.8/site-packages/airflow/example_dags/example_latest_only_with_trigger.py
[2024-05-22T22:39:10.402+0000] {processor.py:840} INFO - DAG(s) 'latest_only_with_trigger' retrieved from /home/airflow/.local/lib/python3.8/site-packages/airflow/example_dags/example_latest_only_with_trigger.py
[2024-05-22T22:39:10.424+0000] {logging_mixin.py:188} INFO - [2024-05-22T22:39:10.424+0000] {dag.py:3036} INFO - Sync 1 DAGs
[2024-05-22T22:39:10.451+0000] {logging_mixin.py:188} INFO - [2024-05-22T22:39:10.450+0000] {dag.py:3823} INFO - Setting next_dagrun for latest_only_with_trigger to 2024-05-22 16:00:00+00:00, run_after=2024-05-22 20:00:00+00:00
[2024-05-22T22:39:10.473+0000] {processor.py:183} INFO - Processing /home/airflow/.local/lib/python3.8/site-packages/airflow/example_dags/example_latest_only_with_trigger.py took 0.081 seconds
[2024-05-22T22:39:40.809+0000] {processor.py:161} INFO - Started process (PID=52576) to work on /home/airflow/.local/lib/python3.8/site-packages/airflow/example_dags/example_latest_only_with_trigger.py
[2024-05-22T22:39:40.810+0000] {processor.py:830} INFO - Processing file /home/airflow/.local/lib/python3.8/site-packages/airflow/example_dags/example_latest_only_with_trigger.py for tasks to queue
[2024-05-22T22:39:40.812+0000] {logging_mixin.py:188} INFO - [2024-05-22T22:39:40.812+0000] {dagbag.py:538} INFO - Filling up the DagBag from /home/airflow/.local/lib/python3.8/site-packages/airflow/example_dags/example_latest_only_with_trigger.py
[2024-05-22T22:39:40.817+0000] {processor.py:840} INFO - DAG(s) 'latest_only_with_trigger' retrieved from /home/airflow/.local/lib/python3.8/site-packages/airflow/example_dags/example_latest_only_with_trigger.py
[2024-05-22T22:39:40.840+0000] {logging_mixin.py:188} INFO - [2024-05-22T22:39:40.840+0000] {dag.py:3036} INFO - Sync 1 DAGs
[2024-05-22T22:39:40.862+0000] {logging_mixin.py:188} INFO - [2024-05-22T22:39:40.861+0000] {dag.py:3823} INFO - Setting next_dagrun for latest_only_with_trigger to 2024-05-22 16:00:00+00:00, run_after=2024-05-22 20:00:00+00:00
[2024-05-22T22:39:40.882+0000] {processor.py:183} INFO - Processing /home/airflow/.local/lib/python3.8/site-packages/airflow/example_dags/example_latest_only_with_trigger.py took 0.075 seconds
[2024-05-22T22:40:11.268+0000] {processor.py:161} INFO - Started process (PID=52633) to work on /home/airflow/.local/lib/python3.8/site-packages/airflow/example_dags/example_latest_only_with_trigger.py
[2024-05-22T22:40:11.269+0000] {processor.py:830} INFO - Processing file /home/airflow/.local/lib/python3.8/site-packages/airflow/example_dags/example_latest_only_with_trigger.py for tasks to queue
[2024-05-22T22:40:11.271+0000] {logging_mixin.py:188} INFO - [2024-05-22T22:40:11.270+0000] {dagbag.py:538} INFO - Filling up the DagBag from /home/airflow/.local/lib/python3.8/site-packages/airflow/example_dags/example_latest_only_with_trigger.py
[2024-05-22T22:40:11.276+0000] {processor.py:840} INFO - DAG(s) 'latest_only_with_trigger' retrieved from /home/airflow/.local/lib/python3.8/site-packages/airflow/example_dags/example_latest_only_with_trigger.py
[2024-05-22T22:40:11.295+0000] {logging_mixin.py:188} INFO - [2024-05-22T22:40:11.295+0000] {dag.py:3036} INFO - Sync 1 DAGs
[2024-05-22T22:40:11.317+0000] {logging_mixin.py:188} INFO - [2024-05-22T22:40:11.316+0000] {dag.py:3823} INFO - Setting next_dagrun for latest_only_with_trigger to 2024-05-22 16:00:00+00:00, run_after=2024-05-22 20:00:00+00:00
[2024-05-22T22:40:11.338+0000] {processor.py:183} INFO - Processing /home/airflow/.local/lib/python3.8/site-packages/airflow/example_dags/example_latest_only_with_trigger.py took 0.072 seconds
[2024-05-22T22:40:41.754+0000] {processor.py:161} INFO - Started process (PID=52690) to work on /home/airflow/.local/lib/python3.8/site-packages/airflow/example_dags/example_latest_only_with_trigger.py
[2024-05-22T22:40:41.755+0000] {processor.py:830} INFO - Processing file /home/airflow/.local/lib/python3.8/site-packages/airflow/example_dags/example_latest_only_with_trigger.py for tasks to queue
[2024-05-22T22:40:41.757+0000] {logging_mixin.py:188} INFO - [2024-05-22T22:40:41.757+0000] {dagbag.py:538} INFO - Filling up the DagBag from /home/airflow/.local/lib/python3.8/site-packages/airflow/example_dags/example_latest_only_with_trigger.py
[2024-05-22T22:40:41.764+0000] {processor.py:840} INFO - DAG(s) 'latest_only_with_trigger' retrieved from /home/airflow/.local/lib/python3.8/site-packages/airflow/example_dags/example_latest_only_with_trigger.py
[2024-05-22T22:40:41.789+0000] {logging_mixin.py:188} INFO - [2024-05-22T22:40:41.789+0000] {dag.py:3036} INFO - Sync 1 DAGs
[2024-05-22T22:40:41.813+0000] {logging_mixin.py:188} INFO - [2024-05-22T22:40:41.812+0000] {dag.py:3823} INFO - Setting next_dagrun for latest_only_with_trigger to 2024-05-22 16:00:00+00:00, run_after=2024-05-22 20:00:00+00:00
[2024-05-22T22:40:41.835+0000] {processor.py:183} INFO - Processing /home/airflow/.local/lib/python3.8/site-packages/airflow/example_dags/example_latest_only_with_trigger.py took 0.086 seconds
[2024-05-22T22:41:12.284+0000] {processor.py:161} INFO - Started process (PID=52747) to work on /home/airflow/.local/lib/python3.8/site-packages/airflow/example_dags/example_latest_only_with_trigger.py
[2024-05-22T22:41:12.285+0000] {processor.py:830} INFO - Processing file /home/airflow/.local/lib/python3.8/site-packages/airflow/example_dags/example_latest_only_with_trigger.py for tasks to queue
[2024-05-22T22:41:12.287+0000] {logging_mixin.py:188} INFO - [2024-05-22T22:41:12.287+0000] {dagbag.py:538} INFO - Filling up the DagBag from /home/airflow/.local/lib/python3.8/site-packages/airflow/example_dags/example_latest_only_with_trigger.py
[2024-05-22T22:41:12.292+0000] {processor.py:840} INFO - DAG(s) 'latest_only_with_trigger' retrieved from /home/airflow/.local/lib/python3.8/site-packages/airflow/example_dags/example_latest_only_with_trigger.py
[2024-05-22T22:41:12.312+0000] {logging_mixin.py:188} INFO - [2024-05-22T22:41:12.312+0000] {dag.py:3036} INFO - Sync 1 DAGs
[2024-05-22T22:41:12.334+0000] {logging_mixin.py:188} INFO - [2024-05-22T22:41:12.334+0000] {dag.py:3823} INFO - Setting next_dagrun for latest_only_with_trigger to 2024-05-22 16:00:00+00:00, run_after=2024-05-22 20:00:00+00:00
[2024-05-22T22:41:12.353+0000] {processor.py:183} INFO - Processing /home/airflow/.local/lib/python3.8/site-packages/airflow/example_dags/example_latest_only_with_trigger.py took 0.071 seconds
[2024-05-22T22:41:42.736+0000] {processor.py:161} INFO - Started process (PID=52804) to work on /home/airflow/.local/lib/python3.8/site-packages/airflow/example_dags/example_latest_only_with_trigger.py
[2024-05-22T22:41:42.737+0000] {processor.py:830} INFO - Processing file /home/airflow/.local/lib/python3.8/site-packages/airflow/example_dags/example_latest_only_with_trigger.py for tasks to queue
[2024-05-22T22:41:42.738+0000] {logging_mixin.py:188} INFO - [2024-05-22T22:41:42.738+0000] {dagbag.py:538} INFO - Filling up the DagBag from /home/airflow/.local/lib/python3.8/site-packages/airflow/example_dags/example_latest_only_with_trigger.py
[2024-05-22T22:41:42.743+0000] {processor.py:840} INFO - DAG(s) 'latest_only_with_trigger' retrieved from /home/airflow/.local/lib/python3.8/site-packages/airflow/example_dags/example_latest_only_with_trigger.py
[2024-05-22T22:41:42.764+0000] {logging_mixin.py:188} INFO - [2024-05-22T22:41:42.764+0000] {dag.py:3036} INFO - Sync 1 DAGs
[2024-05-22T22:41:42.788+0000] {logging_mixin.py:188} INFO - [2024-05-22T22:41:42.788+0000] {dag.py:3823} INFO - Setting next_dagrun for latest_only_with_trigger to 2024-05-22 16:00:00+00:00, run_after=2024-05-22 20:00:00+00:00
[2024-05-22T22:41:42.808+0000] {processor.py:183} INFO - Processing /home/airflow/.local/lib/python3.8/site-packages/airflow/example_dags/example_latest_only_with_trigger.py took 0.075 seconds
[2024-05-22T22:42:13.382+0000] {processor.py:161} INFO - Started process (PID=52862) to work on /home/airflow/.local/lib/python3.8/site-packages/airflow/example_dags/example_latest_only_with_trigger.py
[2024-05-22T22:42:13.383+0000] {processor.py:830} INFO - Processing file /home/airflow/.local/lib/python3.8/site-packages/airflow/example_dags/example_latest_only_with_trigger.py for tasks to queue
[2024-05-22T22:42:13.385+0000] {logging_mixin.py:188} INFO - [2024-05-22T22:42:13.384+0000] {dagbag.py:538} INFO - Filling up the DagBag from /home/airflow/.local/lib/python3.8/site-packages/airflow/example_dags/example_latest_only_with_trigger.py
[2024-05-22T22:42:13.391+0000] {processor.py:840} INFO - DAG(s) 'latest_only_with_trigger' retrieved from /home/airflow/.local/lib/python3.8/site-packages/airflow/example_dags/example_latest_only_with_trigger.py
[2024-05-22T22:42:13.411+0000] {logging_mixin.py:188} INFO - [2024-05-22T22:42:13.411+0000] {dag.py:3036} INFO - Sync 1 DAGs
[2024-05-22T22:42:13.434+0000] {logging_mixin.py:188} INFO - [2024-05-22T22:42:13.434+0000] {dag.py:3823} INFO - Setting next_dagrun for latest_only_with_trigger to 2024-05-22 16:00:00+00:00, run_after=2024-05-22 20:00:00+00:00
[2024-05-22T22:42:13.457+0000] {processor.py:183} INFO - Processing /home/airflow/.local/lib/python3.8/site-packages/airflow/example_dags/example_latest_only_with_trigger.py took 0.078 seconds
[2024-05-22T22:42:43.948+0000] {processor.py:161} INFO - Started process (PID=52919) to work on /home/airflow/.local/lib/python3.8/site-packages/airflow/example_dags/example_latest_only_with_trigger.py
[2024-05-22T22:42:43.949+0000] {processor.py:830} INFO - Processing file /home/airflow/.local/lib/python3.8/site-packages/airflow/example_dags/example_latest_only_with_trigger.py for tasks to queue
[2024-05-22T22:42:43.952+0000] {logging_mixin.py:188} INFO - [2024-05-22T22:42:43.951+0000] {dagbag.py:538} INFO - Filling up the DagBag from /home/airflow/.local/lib/python3.8/site-packages/airflow/example_dags/example_latest_only_with_trigger.py
[2024-05-22T22:42:43.958+0000] {processor.py:840} INFO - DAG(s) 'latest_only_with_trigger' retrieved from /home/airflow/.local/lib/python3.8/site-packages/airflow/example_dags/example_latest_only_with_trigger.py
[2024-05-22T22:42:43.986+0000] {logging_mixin.py:188} INFO - [2024-05-22T22:42:43.986+0000] {dag.py:3036} INFO - Sync 1 DAGs
[2024-05-22T22:42:44.017+0000] {logging_mixin.py:188} INFO - [2024-05-22T22:42:44.017+0000] {dag.py:3823} INFO - Setting next_dagrun for latest_only_with_trigger to 2024-05-22 16:00:00+00:00, run_after=2024-05-22 20:00:00+00:00
[2024-05-22T22:42:44.043+0000] {processor.py:183} INFO - Processing /home/airflow/.local/lib/python3.8/site-packages/airflow/example_dags/example_latest_only_with_trigger.py took 0.100 seconds
[2024-05-22T22:43:14.613+0000] {processor.py:161} INFO - Started process (PID=52976) to work on /home/airflow/.local/lib/python3.8/site-packages/airflow/example_dags/example_latest_only_with_trigger.py
[2024-05-22T22:43:14.614+0000] {processor.py:830} INFO - Processing file /home/airflow/.local/lib/python3.8/site-packages/airflow/example_dags/example_latest_only_with_trigger.py for tasks to queue
[2024-05-22T22:43:14.616+0000] {logging_mixin.py:188} INFO - [2024-05-22T22:43:14.616+0000] {dagbag.py:538} INFO - Filling up the DagBag from /home/airflow/.local/lib/python3.8/site-packages/airflow/example_dags/example_latest_only_with_trigger.py
[2024-05-22T22:43:14.626+0000] {processor.py:840} INFO - DAG(s) 'latest_only_with_trigger' retrieved from /home/airflow/.local/lib/python3.8/site-packages/airflow/example_dags/example_latest_only_with_trigger.py
[2024-05-22T22:43:14.658+0000] {logging_mixin.py:188} INFO - [2024-05-22T22:43:14.658+0000] {dag.py:3036} INFO - Sync 1 DAGs
[2024-05-22T22:43:14.693+0000] {logging_mixin.py:188} INFO - [2024-05-22T22:43:14.693+0000] {dag.py:3823} INFO - Setting next_dagrun for latest_only_with_trigger to 2024-05-22 16:00:00+00:00, run_after=2024-05-22 20:00:00+00:00
[2024-05-22T22:43:14.719+0000] {processor.py:183} INFO - Processing /home/airflow/.local/lib/python3.8/site-packages/airflow/example_dags/example_latest_only_with_trigger.py took 0.110 seconds
[2024-05-22T22:43:45.040+0000] {processor.py:161} INFO - Started process (PID=53033) to work on /home/airflow/.local/lib/python3.8/site-packages/airflow/example_dags/example_latest_only_with_trigger.py
[2024-05-22T22:43:45.042+0000] {processor.py:830} INFO - Processing file /home/airflow/.local/lib/python3.8/site-packages/airflow/example_dags/example_latest_only_with_trigger.py for tasks to queue
[2024-05-22T22:43:45.045+0000] {logging_mixin.py:188} INFO - [2024-05-22T22:43:45.044+0000] {dagbag.py:538} INFO - Filling up the DagBag from /home/airflow/.local/lib/python3.8/site-packages/airflow/example_dags/example_latest_only_with_trigger.py
[2024-05-22T22:43:45.053+0000] {processor.py:840} INFO - DAG(s) 'latest_only_with_trigger' retrieved from /home/airflow/.local/lib/python3.8/site-packages/airflow/example_dags/example_latest_only_with_trigger.py
[2024-05-22T22:43:45.082+0000] {logging_mixin.py:188} INFO - [2024-05-22T22:43:45.082+0000] {dag.py:3036} INFO - Sync 1 DAGs
[2024-05-22T22:43:45.113+0000] {logging_mixin.py:188} INFO - [2024-05-22T22:43:45.113+0000] {dag.py:3823} INFO - Setting next_dagrun for latest_only_with_trigger to 2024-05-22 16:00:00+00:00, run_after=2024-05-22 20:00:00+00:00
[2024-05-22T22:43:45.146+0000] {processor.py:183} INFO - Processing /home/airflow/.local/lib/python3.8/site-packages/airflow/example_dags/example_latest_only_with_trigger.py took 0.111 seconds
[2024-05-22T22:44:15.409+0000] {processor.py:161} INFO - Started process (PID=53090) to work on /home/airflow/.local/lib/python3.8/site-packages/airflow/example_dags/example_latest_only_with_trigger.py
[2024-05-22T22:44:15.411+0000] {processor.py:830} INFO - Processing file /home/airflow/.local/lib/python3.8/site-packages/airflow/example_dags/example_latest_only_with_trigger.py for tasks to queue
[2024-05-22T22:44:15.413+0000] {logging_mixin.py:188} INFO - [2024-05-22T22:44:15.412+0000] {dagbag.py:538} INFO - Filling up the DagBag from /home/airflow/.local/lib/python3.8/site-packages/airflow/example_dags/example_latest_only_with_trigger.py
[2024-05-22T22:44:15.420+0000] {processor.py:840} INFO - DAG(s) 'latest_only_with_trigger' retrieved from /home/airflow/.local/lib/python3.8/site-packages/airflow/example_dags/example_latest_only_with_trigger.py
[2024-05-22T22:44:15.446+0000] {logging_mixin.py:188} INFO - [2024-05-22T22:44:15.446+0000] {dag.py:3036} INFO - Sync 1 DAGs
[2024-05-22T22:44:15.472+0000] {logging_mixin.py:188} INFO - [2024-05-22T22:44:15.472+0000] {dag.py:3823} INFO - Setting next_dagrun for latest_only_with_trigger to 2024-05-22 16:00:00+00:00, run_after=2024-05-22 20:00:00+00:00
[2024-05-22T22:44:15.499+0000] {processor.py:183} INFO - Processing /home/airflow/.local/lib/python3.8/site-packages/airflow/example_dags/example_latest_only_with_trigger.py took 0.094 seconds
[2024-05-22T22:44:45.648+0000] {processor.py:161} INFO - Started process (PID=53147) to work on /home/airflow/.local/lib/python3.8/site-packages/airflow/example_dags/example_latest_only_with_trigger.py
[2024-05-22T22:44:45.651+0000] {processor.py:830} INFO - Processing file /home/airflow/.local/lib/python3.8/site-packages/airflow/example_dags/example_latest_only_with_trigger.py for tasks to queue
[2024-05-22T22:44:45.655+0000] {logging_mixin.py:188} INFO - [2024-05-22T22:44:45.655+0000] {dagbag.py:538} INFO - Filling up the DagBag from /home/airflow/.local/lib/python3.8/site-packages/airflow/example_dags/example_latest_only_with_trigger.py
[2024-05-22T22:44:45.665+0000] {processor.py:840} INFO - DAG(s) 'latest_only_with_trigger' retrieved from /home/airflow/.local/lib/python3.8/site-packages/airflow/example_dags/example_latest_only_with_trigger.py
[2024-05-22T22:44:45.709+0000] {logging_mixin.py:188} INFO - [2024-05-22T22:44:45.708+0000] {dag.py:3036} INFO - Sync 1 DAGs
[2024-05-22T22:44:45.747+0000] {logging_mixin.py:188} INFO - [2024-05-22T22:44:45.746+0000] {dag.py:3823} INFO - Setting next_dagrun for latest_only_with_trigger to 2024-05-22 16:00:00+00:00, run_after=2024-05-22 20:00:00+00:00
[2024-05-22T22:44:45.781+0000] {processor.py:183} INFO - Processing /home/airflow/.local/lib/python3.8/site-packages/airflow/example_dags/example_latest_only_with_trigger.py took 0.139 seconds
[2024-05-22T22:45:16.083+0000] {processor.py:161} INFO - Started process (PID=53205) to work on /home/airflow/.local/lib/python3.8/site-packages/airflow/example_dags/example_latest_only_with_trigger.py
[2024-05-22T22:45:16.084+0000] {processor.py:830} INFO - Processing file /home/airflow/.local/lib/python3.8/site-packages/airflow/example_dags/example_latest_only_with_trigger.py for tasks to queue
[2024-05-22T22:45:16.087+0000] {logging_mixin.py:188} INFO - [2024-05-22T22:45:16.087+0000] {dagbag.py:538} INFO - Filling up the DagBag from /home/airflow/.local/lib/python3.8/site-packages/airflow/example_dags/example_latest_only_with_trigger.py
[2024-05-22T22:45:16.095+0000] {processor.py:840} INFO - DAG(s) 'latest_only_with_trigger' retrieved from /home/airflow/.local/lib/python3.8/site-packages/airflow/example_dags/example_latest_only_with_trigger.py
[2024-05-22T22:45:16.122+0000] {logging_mixin.py:188} INFO - [2024-05-22T22:45:16.121+0000] {dag.py:3036} INFO - Sync 1 DAGs
[2024-05-22T22:45:16.155+0000] {logging_mixin.py:188} INFO - [2024-05-22T22:45:16.154+0000] {dag.py:3823} INFO - Setting next_dagrun for latest_only_with_trigger to 2024-05-22 16:00:00+00:00, run_after=2024-05-22 20:00:00+00:00
[2024-05-22T22:45:16.187+0000] {processor.py:183} INFO - Processing /home/airflow/.local/lib/python3.8/site-packages/airflow/example_dags/example_latest_only_with_trigger.py took 0.107 seconds
[2024-05-22T22:45:46.564+0000] {processor.py:161} INFO - Started process (PID=53263) to work on /home/airflow/.local/lib/python3.8/site-packages/airflow/example_dags/example_latest_only_with_trigger.py
[2024-05-22T22:45:46.565+0000] {processor.py:830} INFO - Processing file /home/airflow/.local/lib/python3.8/site-packages/airflow/example_dags/example_latest_only_with_trigger.py for tasks to queue
[2024-05-22T22:45:46.568+0000] {logging_mixin.py:188} INFO - [2024-05-22T22:45:46.567+0000] {dagbag.py:538} INFO - Filling up the DagBag from /home/airflow/.local/lib/python3.8/site-packages/airflow/example_dags/example_latest_only_with_trigger.py
[2024-05-22T22:45:46.580+0000] {processor.py:840} INFO - DAG(s) 'latest_only_with_trigger' retrieved from /home/airflow/.local/lib/python3.8/site-packages/airflow/example_dags/example_latest_only_with_trigger.py
[2024-05-22T22:45:46.617+0000] {logging_mixin.py:188} INFO - [2024-05-22T22:45:46.616+0000] {dag.py:3036} INFO - Sync 1 DAGs
[2024-05-22T22:45:46.656+0000] {logging_mixin.py:188} INFO - [2024-05-22T22:45:46.656+0000] {dag.py:3823} INFO - Setting next_dagrun for latest_only_with_trigger to 2024-05-22 16:00:00+00:00, run_after=2024-05-22 20:00:00+00:00
[2024-05-22T22:45:46.683+0000] {processor.py:183} INFO - Processing /home/airflow/.local/lib/python3.8/site-packages/airflow/example_dags/example_latest_only_with_trigger.py took 0.123 seconds
[2024-05-22T22:46:17.003+0000] {processor.py:161} INFO - Started process (PID=53320) to work on /home/airflow/.local/lib/python3.8/site-packages/airflow/example_dags/example_latest_only_with_trigger.py
[2024-05-22T22:46:17.004+0000] {processor.py:830} INFO - Processing file /home/airflow/.local/lib/python3.8/site-packages/airflow/example_dags/example_latest_only_with_trigger.py for tasks to queue
[2024-05-22T22:46:17.006+0000] {logging_mixin.py:188} INFO - [2024-05-22T22:46:17.005+0000] {dagbag.py:538} INFO - Filling up the DagBag from /home/airflow/.local/lib/python3.8/site-packages/airflow/example_dags/example_latest_only_with_trigger.py
[2024-05-22T22:46:17.013+0000] {processor.py:840} INFO - DAG(s) 'latest_only_with_trigger' retrieved from /home/airflow/.local/lib/python3.8/site-packages/airflow/example_dags/example_latest_only_with_trigger.py
[2024-05-22T22:46:17.035+0000] {logging_mixin.py:188} INFO - [2024-05-22T22:46:17.035+0000] {dag.py:3036} INFO - Sync 1 DAGs
[2024-05-22T22:46:17.058+0000] {logging_mixin.py:188} INFO - [2024-05-22T22:46:17.058+0000] {dag.py:3823} INFO - Setting next_dagrun for latest_only_with_trigger to 2024-05-22 16:00:00+00:00, run_after=2024-05-22 20:00:00+00:00
[2024-05-22T22:46:17.079+0000] {processor.py:183} INFO - Processing /home/airflow/.local/lib/python3.8/site-packages/airflow/example_dags/example_latest_only_with_trigger.py took 0.079 seconds
[2024-05-22T22:46:47.503+0000] {processor.py:161} INFO - Started process (PID=53376) to work on /home/airflow/.local/lib/python3.8/site-packages/airflow/example_dags/example_latest_only_with_trigger.py
[2024-05-22T22:46:47.504+0000] {processor.py:830} INFO - Processing file /home/airflow/.local/lib/python3.8/site-packages/airflow/example_dags/example_latest_only_with_trigger.py for tasks to queue
[2024-05-22T22:46:47.506+0000] {logging_mixin.py:188} INFO - [2024-05-22T22:46:47.506+0000] {dagbag.py:538} INFO - Filling up the DagBag from /home/airflow/.local/lib/python3.8/site-packages/airflow/example_dags/example_latest_only_with_trigger.py
[2024-05-22T22:46:47.513+0000] {processor.py:840} INFO - DAG(s) 'latest_only_with_trigger' retrieved from /home/airflow/.local/lib/python3.8/site-packages/airflow/example_dags/example_latest_only_with_trigger.py
[2024-05-22T22:46:47.537+0000] {logging_mixin.py:188} INFO - [2024-05-22T22:46:47.537+0000] {dag.py:3036} INFO - Sync 1 DAGs
[2024-05-22T22:46:47.564+0000] {logging_mixin.py:188} INFO - [2024-05-22T22:46:47.564+0000] {dag.py:3823} INFO - Setting next_dagrun for latest_only_with_trigger to 2024-05-22 16:00:00+00:00, run_after=2024-05-22 20:00:00+00:00
[2024-05-22T22:46:47.594+0000] {processor.py:183} INFO - Processing /home/airflow/.local/lib/python3.8/site-packages/airflow/example_dags/example_latest_only_with_trigger.py took 0.095 seconds
[2024-05-22T22:47:17.768+0000] {processor.py:161} INFO - Started process (PID=53433) to work on /home/airflow/.local/lib/python3.8/site-packages/airflow/example_dags/example_latest_only_with_trigger.py
[2024-05-22T22:47:17.769+0000] {processor.py:830} INFO - Processing file /home/airflow/.local/lib/python3.8/site-packages/airflow/example_dags/example_latest_only_with_trigger.py for tasks to queue
[2024-05-22T22:47:17.771+0000] {logging_mixin.py:188} INFO - [2024-05-22T22:47:17.770+0000] {dagbag.py:538} INFO - Filling up the DagBag from /home/airflow/.local/lib/python3.8/site-packages/airflow/example_dags/example_latest_only_with_trigger.py
[2024-05-22T22:47:17.776+0000] {processor.py:840} INFO - DAG(s) 'latest_only_with_trigger' retrieved from /home/airflow/.local/lib/python3.8/site-packages/airflow/example_dags/example_latest_only_with_trigger.py
[2024-05-22T22:47:17.798+0000] {logging_mixin.py:188} INFO - [2024-05-22T22:47:17.797+0000] {dag.py:3036} INFO - Sync 1 DAGs
[2024-05-22T22:47:17.822+0000] {logging_mixin.py:188} INFO - [2024-05-22T22:47:17.821+0000] {dag.py:3823} INFO - Setting next_dagrun for latest_only_with_trigger to 2024-05-22 16:00:00+00:00, run_after=2024-05-22 20:00:00+00:00
[2024-05-22T22:47:17.843+0000] {processor.py:183} INFO - Processing /home/airflow/.local/lib/python3.8/site-packages/airflow/example_dags/example_latest_only_with_trigger.py took 0.077 seconds
[2024-05-22T22:47:48.276+0000] {processor.py:161} INFO - Started process (PID=53491) to work on /home/airflow/.local/lib/python3.8/site-packages/airflow/example_dags/example_latest_only_with_trigger.py
[2024-05-22T22:47:48.280+0000] {processor.py:830} INFO - Processing file /home/airflow/.local/lib/python3.8/site-packages/airflow/example_dags/example_latest_only_with_trigger.py for tasks to queue
[2024-05-22T22:47:48.282+0000] {logging_mixin.py:188} INFO - [2024-05-22T22:47:48.282+0000] {dagbag.py:538} INFO - Filling up the DagBag from /home/airflow/.local/lib/python3.8/site-packages/airflow/example_dags/example_latest_only_with_trigger.py
[2024-05-22T22:47:48.291+0000] {processor.py:840} INFO - DAG(s) 'latest_only_with_trigger' retrieved from /home/airflow/.local/lib/python3.8/site-packages/airflow/example_dags/example_latest_only_with_trigger.py
[2024-05-22T22:47:48.323+0000] {logging_mixin.py:188} INFO - [2024-05-22T22:47:48.323+0000] {dag.py:3036} INFO - Sync 1 DAGs
[2024-05-22T22:47:48.351+0000] {logging_mixin.py:188} INFO - [2024-05-22T22:47:48.350+0000] {dag.py:3823} INFO - Setting next_dagrun for latest_only_with_trigger to 2024-05-22 16:00:00+00:00, run_after=2024-05-22 20:00:00+00:00
[2024-05-22T22:47:48.378+0000] {processor.py:183} INFO - Processing /home/airflow/.local/lib/python3.8/site-packages/airflow/example_dags/example_latest_only_with_trigger.py took 0.106 seconds
[2024-05-22T22:48:18.871+0000] {processor.py:161} INFO - Started process (PID=53548) to work on /home/airflow/.local/lib/python3.8/site-packages/airflow/example_dags/example_latest_only_with_trigger.py
[2024-05-22T22:48:18.872+0000] {processor.py:830} INFO - Processing file /home/airflow/.local/lib/python3.8/site-packages/airflow/example_dags/example_latest_only_with_trigger.py for tasks to queue
[2024-05-22T22:48:18.873+0000] {logging_mixin.py:188} INFO - [2024-05-22T22:48:18.873+0000] {dagbag.py:538} INFO - Filling up the DagBag from /home/airflow/.local/lib/python3.8/site-packages/airflow/example_dags/example_latest_only_with_trigger.py
[2024-05-22T22:48:18.880+0000] {processor.py:840} INFO - DAG(s) 'latest_only_with_trigger' retrieved from /home/airflow/.local/lib/python3.8/site-packages/airflow/example_dags/example_latest_only_with_trigger.py
[2024-05-22T22:48:18.907+0000] {logging_mixin.py:188} INFO - [2024-05-22T22:48:18.906+0000] {dag.py:3036} INFO - Sync 1 DAGs
[2024-05-22T22:48:18.933+0000] {logging_mixin.py:188} INFO - [2024-05-22T22:48:18.933+0000] {dag.py:3823} INFO - Setting next_dagrun for latest_only_with_trigger to 2024-05-22 16:00:00+00:00, run_after=2024-05-22 20:00:00+00:00
[2024-05-22T22:48:18.956+0000] {processor.py:183} INFO - Processing /home/airflow/.local/lib/python3.8/site-packages/airflow/example_dags/example_latest_only_with_trigger.py took 0.089 seconds
[2024-05-22T22:48:49.438+0000] {processor.py:161} INFO - Started process (PID=53605) to work on /home/airflow/.local/lib/python3.8/site-packages/airflow/example_dags/example_latest_only_with_trigger.py
[2024-05-22T22:48:49.439+0000] {processor.py:830} INFO - Processing file /home/airflow/.local/lib/python3.8/site-packages/airflow/example_dags/example_latest_only_with_trigger.py for tasks to queue
[2024-05-22T22:48:49.441+0000] {logging_mixin.py:188} INFO - [2024-05-22T22:48:49.441+0000] {dagbag.py:538} INFO - Filling up the DagBag from /home/airflow/.local/lib/python3.8/site-packages/airflow/example_dags/example_latest_only_with_trigger.py
[2024-05-22T22:48:49.446+0000] {processor.py:840} INFO - DAG(s) 'latest_only_with_trigger' retrieved from /home/airflow/.local/lib/python3.8/site-packages/airflow/example_dags/example_latest_only_with_trigger.py
[2024-05-22T22:48:49.467+0000] {logging_mixin.py:188} INFO - [2024-05-22T22:48:49.466+0000] {dag.py:3036} INFO - Sync 1 DAGs
[2024-05-22T22:48:49.490+0000] {logging_mixin.py:188} INFO - [2024-05-22T22:48:49.489+0000] {dag.py:3823} INFO - Setting next_dagrun for latest_only_with_trigger to 2024-05-22 16:00:00+00:00, run_after=2024-05-22 20:00:00+00:00
[2024-05-22T22:48:49.511+0000] {processor.py:183} INFO - Processing /home/airflow/.local/lib/python3.8/site-packages/airflow/example_dags/example_latest_only_with_trigger.py took 0.075 seconds
[2024-05-22T22:49:19.766+0000] {processor.py:161} INFO - Started process (PID=53662) to work on /home/airflow/.local/lib/python3.8/site-packages/airflow/example_dags/example_latest_only_with_trigger.py
[2024-05-22T22:49:19.767+0000] {processor.py:830} INFO - Processing file /home/airflow/.local/lib/python3.8/site-packages/airflow/example_dags/example_latest_only_with_trigger.py for tasks to queue
[2024-05-22T22:49:19.769+0000] {logging_mixin.py:188} INFO - [2024-05-22T22:49:19.769+0000] {dagbag.py:538} INFO - Filling up the DagBag from /home/airflow/.local/lib/python3.8/site-packages/airflow/example_dags/example_latest_only_with_trigger.py
[2024-05-22T22:49:19.775+0000] {processor.py:840} INFO - DAG(s) 'latest_only_with_trigger' retrieved from /home/airflow/.local/lib/python3.8/site-packages/airflow/example_dags/example_latest_only_with_trigger.py
[2024-05-22T22:49:19.796+0000] {logging_mixin.py:188} INFO - [2024-05-22T22:49:19.796+0000] {dag.py:3036} INFO - Sync 1 DAGs
[2024-05-22T22:49:19.820+0000] {logging_mixin.py:188} INFO - [2024-05-22T22:49:19.819+0000] {dag.py:3823} INFO - Setting next_dagrun for latest_only_with_trigger to 2024-05-22 16:00:00+00:00, run_after=2024-05-22 20:00:00+00:00
[2024-05-22T22:49:19.843+0000] {processor.py:183} INFO - Processing /home/airflow/.local/lib/python3.8/site-packages/airflow/example_dags/example_latest_only_with_trigger.py took 0.079 seconds
[2024-05-22T22:49:50.957+0000] {processor.py:161} INFO - Started process (PID=53719) to work on /home/airflow/.local/lib/python3.8/site-packages/airflow/example_dags/example_latest_only_with_trigger.py
[2024-05-22T22:49:50.958+0000] {processor.py:830} INFO - Processing file /home/airflow/.local/lib/python3.8/site-packages/airflow/example_dags/example_latest_only_with_trigger.py for tasks to queue
[2024-05-22T22:49:50.960+0000] {logging_mixin.py:188} INFO - [2024-05-22T22:49:50.960+0000] {dagbag.py:538} INFO - Filling up the DagBag from /home/airflow/.local/lib/python3.8/site-packages/airflow/example_dags/example_latest_only_with_trigger.py
[2024-05-22T22:49:50.967+0000] {processor.py:840} INFO - DAG(s) 'latest_only_with_trigger' retrieved from /home/airflow/.local/lib/python3.8/site-packages/airflow/example_dags/example_latest_only_with_trigger.py
[2024-05-22T22:49:50.995+0000] {logging_mixin.py:188} INFO - [2024-05-22T22:49:50.994+0000] {dag.py:3036} INFO - Sync 1 DAGs
[2024-05-22T22:49:51.019+0000] {logging_mixin.py:188} INFO - [2024-05-22T22:49:51.019+0000] {dag.py:3823} INFO - Setting next_dagrun for latest_only_with_trigger to 2024-05-22 16:00:00+00:00, run_after=2024-05-22 20:00:00+00:00
[2024-05-22T22:49:51.041+0000] {processor.py:183} INFO - Processing /home/airflow/.local/lib/python3.8/site-packages/airflow/example_dags/example_latest_only_with_trigger.py took 0.088 seconds
[2024-05-22T22:50:21.520+0000] {processor.py:161} INFO - Started process (PID=53776) to work on /home/airflow/.local/lib/python3.8/site-packages/airflow/example_dags/example_latest_only_with_trigger.py
[2024-05-22T22:50:21.521+0000] {processor.py:830} INFO - Processing file /home/airflow/.local/lib/python3.8/site-packages/airflow/example_dags/example_latest_only_with_trigger.py for tasks to queue
[2024-05-22T22:50:21.522+0000] {logging_mixin.py:188} INFO - [2024-05-22T22:50:21.522+0000] {dagbag.py:538} INFO - Filling up the DagBag from /home/airflow/.local/lib/python3.8/site-packages/airflow/example_dags/example_latest_only_with_trigger.py
[2024-05-22T22:50:21.527+0000] {processor.py:840} INFO - DAG(s) 'latest_only_with_trigger' retrieved from /home/airflow/.local/lib/python3.8/site-packages/airflow/example_dags/example_latest_only_with_trigger.py
[2024-05-22T22:50:21.548+0000] {logging_mixin.py:188} INFO - [2024-05-22T22:50:21.547+0000] {dag.py:3036} INFO - Sync 1 DAGs
[2024-05-22T22:50:21.571+0000] {logging_mixin.py:188} INFO - [2024-05-22T22:50:21.570+0000] {dag.py:3823} INFO - Setting next_dagrun for latest_only_with_trigger to 2024-05-22 16:00:00+00:00, run_after=2024-05-22 20:00:00+00:00
[2024-05-22T22:50:21.594+0000] {processor.py:183} INFO - Processing /home/airflow/.local/lib/python3.8/site-packages/airflow/example_dags/example_latest_only_with_trigger.py took 0.077 seconds
[2024-05-22T22:50:52.087+0000] {processor.py:161} INFO - Started process (PID=53833) to work on /home/airflow/.local/lib/python3.8/site-packages/airflow/example_dags/example_latest_only_with_trigger.py
[2024-05-22T22:50:52.088+0000] {processor.py:830} INFO - Processing file /home/airflow/.local/lib/python3.8/site-packages/airflow/example_dags/example_latest_only_with_trigger.py for tasks to queue
[2024-05-22T22:50:52.090+0000] {logging_mixin.py:188} INFO - [2024-05-22T22:50:52.089+0000] {dagbag.py:538} INFO - Filling up the DagBag from /home/airflow/.local/lib/python3.8/site-packages/airflow/example_dags/example_latest_only_with_trigger.py
[2024-05-22T22:50:52.096+0000] {processor.py:840} INFO - DAG(s) 'latest_only_with_trigger' retrieved from /home/airflow/.local/lib/python3.8/site-packages/airflow/example_dags/example_latest_only_with_trigger.py
[2024-05-22T22:50:52.126+0000] {logging_mixin.py:188} INFO - [2024-05-22T22:50:52.125+0000] {dag.py:3036} INFO - Sync 1 DAGs
[2024-05-22T22:50:52.161+0000] {logging_mixin.py:188} INFO - [2024-05-22T22:50:52.160+0000] {dag.py:3823} INFO - Setting next_dagrun for latest_only_with_trigger to 2024-05-22 16:00:00+00:00, run_after=2024-05-22 20:00:00+00:00
[2024-05-22T22:50:52.185+0000] {processor.py:183} INFO - Processing /home/airflow/.local/lib/python3.8/site-packages/airflow/example_dags/example_latest_only_with_trigger.py took 0.102 seconds
[2024-05-22T22:51:22.604+0000] {processor.py:161} INFO - Started process (PID=53890) to work on /home/airflow/.local/lib/python3.8/site-packages/airflow/example_dags/example_latest_only_with_trigger.py
[2024-05-22T22:51:22.605+0000] {processor.py:830} INFO - Processing file /home/airflow/.local/lib/python3.8/site-packages/airflow/example_dags/example_latest_only_with_trigger.py for tasks to queue
[2024-05-22T22:51:22.607+0000] {logging_mixin.py:188} INFO - [2024-05-22T22:51:22.607+0000] {dagbag.py:538} INFO - Filling up the DagBag from /home/airflow/.local/lib/python3.8/site-packages/airflow/example_dags/example_latest_only_with_trigger.py
[2024-05-22T22:51:22.613+0000] {processor.py:840} INFO - DAG(s) 'latest_only_with_trigger' retrieved from /home/airflow/.local/lib/python3.8/site-packages/airflow/example_dags/example_latest_only_with_trigger.py
[2024-05-22T22:51:22.636+0000] {logging_mixin.py:188} INFO - [2024-05-22T22:51:22.636+0000] {dag.py:3036} INFO - Sync 1 DAGs
[2024-05-22T22:51:22.661+0000] {logging_mixin.py:188} INFO - [2024-05-22T22:51:22.661+0000] {dag.py:3823} INFO - Setting next_dagrun for latest_only_with_trigger to 2024-05-22 16:00:00+00:00, run_after=2024-05-22 20:00:00+00:00
[2024-05-22T22:51:22.683+0000] {processor.py:183} INFO - Processing /home/airflow/.local/lib/python3.8/site-packages/airflow/example_dags/example_latest_only_with_trigger.py took 0.082 seconds
[2024-05-22T22:51:52.780+0000] {processor.py:161} INFO - Started process (PID=53945) to work on /home/airflow/.local/lib/python3.8/site-packages/airflow/example_dags/example_latest_only_with_trigger.py
[2024-05-22T22:51:52.781+0000] {processor.py:830} INFO - Processing file /home/airflow/.local/lib/python3.8/site-packages/airflow/example_dags/example_latest_only_with_trigger.py for tasks to queue
[2024-05-22T22:51:52.783+0000] {logging_mixin.py:188} INFO - [2024-05-22T22:51:52.783+0000] {dagbag.py:538} INFO - Filling up the DagBag from /home/airflow/.local/lib/python3.8/site-packages/airflow/example_dags/example_latest_only_with_trigger.py
[2024-05-22T22:51:52.790+0000] {processor.py:840} INFO - DAG(s) 'latest_only_with_trigger' retrieved from /home/airflow/.local/lib/python3.8/site-packages/airflow/example_dags/example_latest_only_with_trigger.py
[2024-05-22T22:51:52.816+0000] {logging_mixin.py:188} INFO - [2024-05-22T22:51:52.815+0000] {dag.py:3036} INFO - Sync 1 DAGs
[2024-05-22T22:51:52.845+0000] {logging_mixin.py:188} INFO - [2024-05-22T22:51:52.844+0000] {dag.py:3823} INFO - Setting next_dagrun for latest_only_with_trigger to 2024-05-22 16:00:00+00:00, run_after=2024-05-22 20:00:00+00:00
[2024-05-22T22:51:52.871+0000] {processor.py:183} INFO - Processing /home/airflow/.local/lib/python3.8/site-packages/airflow/example_dags/example_latest_only_with_trigger.py took 0.094 seconds
[2024-05-22T22:52:23.109+0000] {processor.py:161} INFO - Started process (PID=54002) to work on /home/airflow/.local/lib/python3.8/site-packages/airflow/example_dags/example_latest_only_with_trigger.py
[2024-05-22T22:52:23.110+0000] {processor.py:830} INFO - Processing file /home/airflow/.local/lib/python3.8/site-packages/airflow/example_dags/example_latest_only_with_trigger.py for tasks to queue
[2024-05-22T22:52:23.112+0000] {logging_mixin.py:188} INFO - [2024-05-22T22:52:23.112+0000] {dagbag.py:538} INFO - Filling up the DagBag from /home/airflow/.local/lib/python3.8/site-packages/airflow/example_dags/example_latest_only_with_trigger.py
[2024-05-22T22:52:23.118+0000] {processor.py:840} INFO - DAG(s) 'latest_only_with_trigger' retrieved from /home/airflow/.local/lib/python3.8/site-packages/airflow/example_dags/example_latest_only_with_trigger.py
[2024-05-22T22:52:23.142+0000] {logging_mixin.py:188} INFO - [2024-05-22T22:52:23.142+0000] {dag.py:3036} INFO - Sync 1 DAGs
[2024-05-22T22:52:23.166+0000] {logging_mixin.py:188} INFO - [2024-05-22T22:52:23.166+0000] {dag.py:3823} INFO - Setting next_dagrun for latest_only_with_trigger to 2024-05-22 16:00:00+00:00, run_after=2024-05-22 20:00:00+00:00
[2024-05-22T22:52:23.189+0000] {processor.py:183} INFO - Processing /home/airflow/.local/lib/python3.8/site-packages/airflow/example_dags/example_latest_only_with_trigger.py took 0.083 seconds
[2024-05-22T22:52:53.447+0000] {processor.py:161} INFO - Started process (PID=54060) to work on /home/airflow/.local/lib/python3.8/site-packages/airflow/example_dags/example_latest_only_with_trigger.py
[2024-05-22T22:52:53.448+0000] {processor.py:830} INFO - Processing file /home/airflow/.local/lib/python3.8/site-packages/airflow/example_dags/example_latest_only_with_trigger.py for tasks to queue
[2024-05-22T22:52:53.449+0000] {logging_mixin.py:188} INFO - [2024-05-22T22:52:53.449+0000] {dagbag.py:538} INFO - Filling up the DagBag from /home/airflow/.local/lib/python3.8/site-packages/airflow/example_dags/example_latest_only_with_trigger.py
[2024-05-22T22:52:53.456+0000] {processor.py:840} INFO - DAG(s) 'latest_only_with_trigger' retrieved from /home/airflow/.local/lib/python3.8/site-packages/airflow/example_dags/example_latest_only_with_trigger.py
[2024-05-22T22:52:53.478+0000] {logging_mixin.py:188} INFO - [2024-05-22T22:52:53.478+0000] {dag.py:3036} INFO - Sync 1 DAGs
[2024-05-22T22:52:53.505+0000] {logging_mixin.py:188} INFO - [2024-05-22T22:52:53.504+0000] {dag.py:3823} INFO - Setting next_dagrun for latest_only_with_trigger to 2024-05-22 16:00:00+00:00, run_after=2024-05-22 20:00:00+00:00
[2024-05-22T22:52:53.526+0000] {processor.py:183} INFO - Processing /home/airflow/.local/lib/python3.8/site-packages/airflow/example_dags/example_latest_only_with_trigger.py took 0.082 seconds
[2024-05-22T22:53:23.913+0000] {processor.py:161} INFO - Started process (PID=54117) to work on /home/airflow/.local/lib/python3.8/site-packages/airflow/example_dags/example_latest_only_with_trigger.py
[2024-05-22T22:53:23.914+0000] {processor.py:830} INFO - Processing file /home/airflow/.local/lib/python3.8/site-packages/airflow/example_dags/example_latest_only_with_trigger.py for tasks to queue
[2024-05-22T22:53:23.916+0000] {logging_mixin.py:188} INFO - [2024-05-22T22:53:23.916+0000] {dagbag.py:538} INFO - Filling up the DagBag from /home/airflow/.local/lib/python3.8/site-packages/airflow/example_dags/example_latest_only_with_trigger.py
[2024-05-22T22:53:23.923+0000] {processor.py:840} INFO - DAG(s) 'latest_only_with_trigger' retrieved from /home/airflow/.local/lib/python3.8/site-packages/airflow/example_dags/example_latest_only_with_trigger.py
[2024-05-22T22:53:23.954+0000] {logging_mixin.py:188} INFO - [2024-05-22T22:53:23.953+0000] {dag.py:3036} INFO - Sync 1 DAGs
[2024-05-22T22:53:23.987+0000] {logging_mixin.py:188} INFO - [2024-05-22T22:53:23.987+0000] {dag.py:3823} INFO - Setting next_dagrun for latest_only_with_trigger to 2024-05-22 16:00:00+00:00, run_after=2024-05-22 20:00:00+00:00
[2024-05-22T22:53:24.017+0000] {processor.py:183} INFO - Processing /home/airflow/.local/lib/python3.8/site-packages/airflow/example_dags/example_latest_only_with_trigger.py took 0.107 seconds
[2024-05-22T22:53:54.295+0000] {processor.py:161} INFO - Started process (PID=54174) to work on /home/airflow/.local/lib/python3.8/site-packages/airflow/example_dags/example_latest_only_with_trigger.py
[2024-05-22T22:53:54.297+0000] {processor.py:830} INFO - Processing file /home/airflow/.local/lib/python3.8/site-packages/airflow/example_dags/example_latest_only_with_trigger.py for tasks to queue
[2024-05-22T22:53:54.300+0000] {logging_mixin.py:188} INFO - [2024-05-22T22:53:54.299+0000] {dagbag.py:538} INFO - Filling up the DagBag from /home/airflow/.local/lib/python3.8/site-packages/airflow/example_dags/example_latest_only_with_trigger.py
[2024-05-22T22:53:54.307+0000] {processor.py:840} INFO - DAG(s) 'latest_only_with_trigger' retrieved from /home/airflow/.local/lib/python3.8/site-packages/airflow/example_dags/example_latest_only_with_trigger.py
[2024-05-22T22:53:54.335+0000] {logging_mixin.py:188} INFO - [2024-05-22T22:53:54.335+0000] {dag.py:3036} INFO - Sync 1 DAGs
[2024-05-22T22:53:54.364+0000] {logging_mixin.py:188} INFO - [2024-05-22T22:53:54.364+0000] {dag.py:3823} INFO - Setting next_dagrun for latest_only_with_trigger to 2024-05-22 16:00:00+00:00, run_after=2024-05-22 20:00:00+00:00
[2024-05-22T22:53:54.394+0000] {processor.py:183} INFO - Processing /home/airflow/.local/lib/python3.8/site-packages/airflow/example_dags/example_latest_only_with_trigger.py took 0.103 seconds
[2024-05-22T22:54:24.689+0000] {processor.py:161} INFO - Started process (PID=54231) to work on /home/airflow/.local/lib/python3.8/site-packages/airflow/example_dags/example_latest_only_with_trigger.py
[2024-05-22T22:54:24.690+0000] {processor.py:830} INFO - Processing file /home/airflow/.local/lib/python3.8/site-packages/airflow/example_dags/example_latest_only_with_trigger.py for tasks to queue
[2024-05-22T22:54:24.692+0000] {logging_mixin.py:188} INFO - [2024-05-22T22:54:24.691+0000] {dagbag.py:538} INFO - Filling up the DagBag from /home/airflow/.local/lib/python3.8/site-packages/airflow/example_dags/example_latest_only_with_trigger.py
[2024-05-22T22:54:24.697+0000] {processor.py:840} INFO - DAG(s) 'latest_only_with_trigger' retrieved from /home/airflow/.local/lib/python3.8/site-packages/airflow/example_dags/example_latest_only_with_trigger.py
[2024-05-22T22:54:24.722+0000] {logging_mixin.py:188} INFO - [2024-05-22T22:54:24.722+0000] {dag.py:3036} INFO - Sync 1 DAGs
[2024-05-22T22:54:24.754+0000] {logging_mixin.py:188} INFO - [2024-05-22T22:54:24.754+0000] {dag.py:3823} INFO - Setting next_dagrun for latest_only_with_trigger to 2024-05-22 16:00:00+00:00, run_after=2024-05-22 20:00:00+00:00
[2024-05-22T22:54:24.779+0000] {processor.py:183} INFO - Processing /home/airflow/.local/lib/python3.8/site-packages/airflow/example_dags/example_latest_only_with_trigger.py took 0.094 seconds
[2024-05-22T22:54:55.045+0000] {processor.py:161} INFO - Started process (PID=54288) to work on /home/airflow/.local/lib/python3.8/site-packages/airflow/example_dags/example_latest_only_with_trigger.py
[2024-05-22T22:54:55.046+0000] {processor.py:830} INFO - Processing file /home/airflow/.local/lib/python3.8/site-packages/airflow/example_dags/example_latest_only_with_trigger.py for tasks to queue
[2024-05-22T22:54:55.049+0000] {logging_mixin.py:188} INFO - [2024-05-22T22:54:55.049+0000] {dagbag.py:538} INFO - Filling up the DagBag from /home/airflow/.local/lib/python3.8/site-packages/airflow/example_dags/example_latest_only_with_trigger.py
[2024-05-22T22:54:55.055+0000] {processor.py:840} INFO - DAG(s) 'latest_only_with_trigger' retrieved from /home/airflow/.local/lib/python3.8/site-packages/airflow/example_dags/example_latest_only_with_trigger.py
[2024-05-22T22:54:55.077+0000] {logging_mixin.py:188} INFO - [2024-05-22T22:54:55.077+0000] {dag.py:3036} INFO - Sync 1 DAGs
[2024-05-22T22:54:55.102+0000] {logging_mixin.py:188} INFO - [2024-05-22T22:54:55.102+0000] {dag.py:3823} INFO - Setting next_dagrun for latest_only_with_trigger to 2024-05-22 16:00:00+00:00, run_after=2024-05-22 20:00:00+00:00
[2024-05-22T22:54:55.124+0000] {processor.py:183} INFO - Processing /home/airflow/.local/lib/python3.8/site-packages/airflow/example_dags/example_latest_only_with_trigger.py took 0.082 seconds
[2024-05-22T22:55:25.374+0000] {processor.py:161} INFO - Started process (PID=54345) to work on /home/airflow/.local/lib/python3.8/site-packages/airflow/example_dags/example_latest_only_with_trigger.py
[2024-05-22T22:55:25.375+0000] {processor.py:830} INFO - Processing file /home/airflow/.local/lib/python3.8/site-packages/airflow/example_dags/example_latest_only_with_trigger.py for tasks to queue
[2024-05-22T22:55:25.377+0000] {logging_mixin.py:188} INFO - [2024-05-22T22:55:25.377+0000] {dagbag.py:538} INFO - Filling up the DagBag from /home/airflow/.local/lib/python3.8/site-packages/airflow/example_dags/example_latest_only_with_trigger.py
[2024-05-22T22:55:25.383+0000] {processor.py:840} INFO - DAG(s) 'latest_only_with_trigger' retrieved from /home/airflow/.local/lib/python3.8/site-packages/airflow/example_dags/example_latest_only_with_trigger.py
[2024-05-22T22:55:25.407+0000] {logging_mixin.py:188} INFO - [2024-05-22T22:55:25.407+0000] {dag.py:3036} INFO - Sync 1 DAGs
[2024-05-22T22:55:25.433+0000] {logging_mixin.py:188} INFO - [2024-05-22T22:55:25.432+0000] {dag.py:3823} INFO - Setting next_dagrun for latest_only_with_trigger to 2024-05-22 16:00:00+00:00, run_after=2024-05-22 20:00:00+00:00
[2024-05-22T22:55:25.455+0000] {processor.py:183} INFO - Processing /home/airflow/.local/lib/python3.8/site-packages/airflow/example_dags/example_latest_only_with_trigger.py took 0.085 seconds
[2024-05-22T22:55:55.938+0000] {processor.py:161} INFO - Started process (PID=54402) to work on /home/airflow/.local/lib/python3.8/site-packages/airflow/example_dags/example_latest_only_with_trigger.py
[2024-05-22T22:55:55.939+0000] {processor.py:830} INFO - Processing file /home/airflow/.local/lib/python3.8/site-packages/airflow/example_dags/example_latest_only_with_trigger.py for tasks to queue
[2024-05-22T22:55:55.941+0000] {logging_mixin.py:188} INFO - [2024-05-22T22:55:55.941+0000] {dagbag.py:538} INFO - Filling up the DagBag from /home/airflow/.local/lib/python3.8/site-packages/airflow/example_dags/example_latest_only_with_trigger.py
[2024-05-22T22:55:55.948+0000] {processor.py:840} INFO - DAG(s) 'latest_only_with_trigger' retrieved from /home/airflow/.local/lib/python3.8/site-packages/airflow/example_dags/example_latest_only_with_trigger.py
[2024-05-22T22:55:56.006+0000] {logging_mixin.py:188} INFO - [2024-05-22T22:55:56.005+0000] {dag.py:3036} INFO - Sync 1 DAGs
[2024-05-22T22:55:56.070+0000] {logging_mixin.py:188} INFO - [2024-05-22T22:55:56.069+0000] {dag.py:3823} INFO - Setting next_dagrun for latest_only_with_trigger to 2024-05-22 16:00:00+00:00, run_after=2024-05-22 20:00:00+00:00
[2024-05-22T22:55:56.112+0000] {processor.py:183} INFO - Processing /home/airflow/.local/lib/python3.8/site-packages/airflow/example_dags/example_latest_only_with_trigger.py took 0.178 seconds
[2024-05-22T22:56:26.839+0000] {processor.py:161} INFO - Started process (PID=54459) to work on /home/airflow/.local/lib/python3.8/site-packages/airflow/example_dags/example_latest_only_with_trigger.py
[2024-05-22T22:56:26.841+0000] {processor.py:830} INFO - Processing file /home/airflow/.local/lib/python3.8/site-packages/airflow/example_dags/example_latest_only_with_trigger.py for tasks to queue
[2024-05-22T22:56:26.842+0000] {logging_mixin.py:188} INFO - [2024-05-22T22:56:26.842+0000] {dagbag.py:538} INFO - Filling up the DagBag from /home/airflow/.local/lib/python3.8/site-packages/airflow/example_dags/example_latest_only_with_trigger.py
[2024-05-22T22:56:26.848+0000] {processor.py:840} INFO - DAG(s) 'latest_only_with_trigger' retrieved from /home/airflow/.local/lib/python3.8/site-packages/airflow/example_dags/example_latest_only_with_trigger.py
[2024-05-22T22:56:26.875+0000] {logging_mixin.py:188} INFO - [2024-05-22T22:56:26.875+0000] {dag.py:3036} INFO - Sync 1 DAGs
[2024-05-22T22:56:26.903+0000] {logging_mixin.py:188} INFO - [2024-05-22T22:56:26.903+0000] {dag.py:3823} INFO - Setting next_dagrun for latest_only_with_trigger to 2024-05-22 16:00:00+00:00, run_after=2024-05-22 20:00:00+00:00
[2024-05-22T22:56:26.927+0000] {processor.py:183} INFO - Processing /home/airflow/.local/lib/python3.8/site-packages/airflow/example_dags/example_latest_only_with_trigger.py took 0.092 seconds
[2024-05-22T22:56:57.304+0000] {processor.py:161} INFO - Started process (PID=54516) to work on /home/airflow/.local/lib/python3.8/site-packages/airflow/example_dags/example_latest_only_with_trigger.py
[2024-05-22T22:56:57.305+0000] {processor.py:830} INFO - Processing file /home/airflow/.local/lib/python3.8/site-packages/airflow/example_dags/example_latest_only_with_trigger.py for tasks to queue
[2024-05-22T22:56:57.308+0000] {logging_mixin.py:188} INFO - [2024-05-22T22:56:57.307+0000] {dagbag.py:538} INFO - Filling up the DagBag from /home/airflow/.local/lib/python3.8/site-packages/airflow/example_dags/example_latest_only_with_trigger.py
[2024-05-22T22:56:57.315+0000] {processor.py:840} INFO - DAG(s) 'latest_only_with_trigger' retrieved from /home/airflow/.local/lib/python3.8/site-packages/airflow/example_dags/example_latest_only_with_trigger.py
[2024-05-22T22:56:57.347+0000] {logging_mixin.py:188} INFO - [2024-05-22T22:56:57.346+0000] {dag.py:3036} INFO - Sync 1 DAGs
[2024-05-22T22:56:57.378+0000] {logging_mixin.py:188} INFO - [2024-05-22T22:56:57.378+0000] {dag.py:3823} INFO - Setting next_dagrun for latest_only_with_trigger to 2024-05-22 16:00:00+00:00, run_after=2024-05-22 20:00:00+00:00
[2024-05-22T22:56:57.407+0000] {processor.py:183} INFO - Processing /home/airflow/.local/lib/python3.8/site-packages/airflow/example_dags/example_latest_only_with_trigger.py took 0.107 seconds
[2024-05-22T22:57:27.571+0000] {processor.py:161} INFO - Started process (PID=54573) to work on /home/airflow/.local/lib/python3.8/site-packages/airflow/example_dags/example_latest_only_with_trigger.py
[2024-05-22T22:57:27.574+0000] {processor.py:830} INFO - Processing file /home/airflow/.local/lib/python3.8/site-packages/airflow/example_dags/example_latest_only_with_trigger.py for tasks to queue
[2024-05-22T22:57:27.577+0000] {logging_mixin.py:188} INFO - [2024-05-22T22:57:27.576+0000] {dagbag.py:538} INFO - Filling up the DagBag from /home/airflow/.local/lib/python3.8/site-packages/airflow/example_dags/example_latest_only_with_trigger.py
[2024-05-22T22:57:27.584+0000] {processor.py:840} INFO - DAG(s) 'latest_only_with_trigger' retrieved from /home/airflow/.local/lib/python3.8/site-packages/airflow/example_dags/example_latest_only_with_trigger.py
[2024-05-22T22:57:27.610+0000] {logging_mixin.py:188} INFO - [2024-05-22T22:57:27.610+0000] {dag.py:3036} INFO - Sync 1 DAGs
[2024-05-22T22:57:27.641+0000] {logging_mixin.py:188} INFO - [2024-05-22T22:57:27.640+0000] {dag.py:3823} INFO - Setting next_dagrun for latest_only_with_trigger to 2024-05-22 16:00:00+00:00, run_after=2024-05-22 20:00:00+00:00
[2024-05-22T22:57:27.670+0000] {processor.py:183} INFO - Processing /home/airflow/.local/lib/python3.8/site-packages/airflow/example_dags/example_latest_only_with_trigger.py took 0.102 seconds
[2024-05-22T22:57:57.840+0000] {processor.py:161} INFO - Started process (PID=54630) to work on /home/airflow/.local/lib/python3.8/site-packages/airflow/example_dags/example_latest_only_with_trigger.py
[2024-05-22T22:57:57.841+0000] {processor.py:830} INFO - Processing file /home/airflow/.local/lib/python3.8/site-packages/airflow/example_dags/example_latest_only_with_trigger.py for tasks to queue
[2024-05-22T22:57:57.843+0000] {logging_mixin.py:188} INFO - [2024-05-22T22:57:57.842+0000] {dagbag.py:538} INFO - Filling up the DagBag from /home/airflow/.local/lib/python3.8/site-packages/airflow/example_dags/example_latest_only_with_trigger.py
[2024-05-22T22:57:57.849+0000] {processor.py:840} INFO - DAG(s) 'latest_only_with_trigger' retrieved from /home/airflow/.local/lib/python3.8/site-packages/airflow/example_dags/example_latest_only_with_trigger.py
[2024-05-22T22:57:57.874+0000] {logging_mixin.py:188} INFO - [2024-05-22T22:57:57.873+0000] {dag.py:3036} INFO - Sync 1 DAGs
[2024-05-22T22:57:57.905+0000] {logging_mixin.py:188} INFO - [2024-05-22T22:57:57.905+0000] {dag.py:3823} INFO - Setting next_dagrun for latest_only_with_trigger to 2024-05-22 16:00:00+00:00, run_after=2024-05-22 20:00:00+00:00
[2024-05-22T22:57:57.931+0000] {processor.py:183} INFO - Processing /home/airflow/.local/lib/python3.8/site-packages/airflow/example_dags/example_latest_only_with_trigger.py took 0.094 seconds
[2024-05-22T22:58:28.458+0000] {processor.py:161} INFO - Started process (PID=54687) to work on /home/airflow/.local/lib/python3.8/site-packages/airflow/example_dags/example_latest_only_with_trigger.py
[2024-05-22T22:58:28.459+0000] {processor.py:830} INFO - Processing file /home/airflow/.local/lib/python3.8/site-packages/airflow/example_dags/example_latest_only_with_trigger.py for tasks to queue
[2024-05-22T22:58:28.461+0000] {logging_mixin.py:188} INFO - [2024-05-22T22:58:28.461+0000] {dagbag.py:538} INFO - Filling up the DagBag from /home/airflow/.local/lib/python3.8/site-packages/airflow/example_dags/example_latest_only_with_trigger.py
[2024-05-22T22:58:28.468+0000] {processor.py:840} INFO - DAG(s) 'latest_only_with_trigger' retrieved from /home/airflow/.local/lib/python3.8/site-packages/airflow/example_dags/example_latest_only_with_trigger.py
[2024-05-22T22:58:28.490+0000] {logging_mixin.py:188} INFO - [2024-05-22T22:58:28.490+0000] {dag.py:3036} INFO - Sync 1 DAGs
[2024-05-22T22:58:28.519+0000] {logging_mixin.py:188} INFO - [2024-05-22T22:58:28.519+0000] {dag.py:3823} INFO - Setting next_dagrun for latest_only_with_trigger to 2024-05-22 16:00:00+00:00, run_after=2024-05-22 20:00:00+00:00
[2024-05-22T22:58:28.541+0000] {processor.py:183} INFO - Processing /home/airflow/.local/lib/python3.8/site-packages/airflow/example_dags/example_latest_only_with_trigger.py took 0.087 seconds
[2024-05-22T22:58:58.813+0000] {processor.py:161} INFO - Started process (PID=54744) to work on /home/airflow/.local/lib/python3.8/site-packages/airflow/example_dags/example_latest_only_with_trigger.py
[2024-05-22T22:58:58.815+0000] {processor.py:830} INFO - Processing file /home/airflow/.local/lib/python3.8/site-packages/airflow/example_dags/example_latest_only_with_trigger.py for tasks to queue
[2024-05-22T22:58:58.818+0000] {logging_mixin.py:188} INFO - [2024-05-22T22:58:58.817+0000] {dagbag.py:538} INFO - Filling up the DagBag from /home/airflow/.local/lib/python3.8/site-packages/airflow/example_dags/example_latest_only_with_trigger.py
[2024-05-22T22:58:58.825+0000] {processor.py:840} INFO - DAG(s) 'latest_only_with_trigger' retrieved from /home/airflow/.local/lib/python3.8/site-packages/airflow/example_dags/example_latest_only_with_trigger.py
[2024-05-22T22:58:58.847+0000] {logging_mixin.py:188} INFO - [2024-05-22T22:58:58.847+0000] {dag.py:3036} INFO - Sync 1 DAGs
[2024-05-22T22:58:58.873+0000] {logging_mixin.py:188} INFO - [2024-05-22T22:58:58.872+0000] {dag.py:3823} INFO - Setting next_dagrun for latest_only_with_trigger to 2024-05-22 16:00:00+00:00, run_after=2024-05-22 20:00:00+00:00
[2024-05-22T22:58:58.892+0000] {processor.py:183} INFO - Processing /home/airflow/.local/lib/python3.8/site-packages/airflow/example_dags/example_latest_only_with_trigger.py took 0.083 seconds
[2024-05-22T22:59:29.176+0000] {processor.py:161} INFO - Started process (PID=54801) to work on /home/airflow/.local/lib/python3.8/site-packages/airflow/example_dags/example_latest_only_with_trigger.py
[2024-05-22T22:59:29.178+0000] {processor.py:830} INFO - Processing file /home/airflow/.local/lib/python3.8/site-packages/airflow/example_dags/example_latest_only_with_trigger.py for tasks to queue
[2024-05-22T22:59:29.179+0000] {logging_mixin.py:188} INFO - [2024-05-22T22:59:29.179+0000] {dagbag.py:538} INFO - Filling up the DagBag from /home/airflow/.local/lib/python3.8/site-packages/airflow/example_dags/example_latest_only_with_trigger.py
[2024-05-22T22:59:29.185+0000] {processor.py:840} INFO - DAG(s) 'latest_only_with_trigger' retrieved from /home/airflow/.local/lib/python3.8/site-packages/airflow/example_dags/example_latest_only_with_trigger.py
[2024-05-22T22:59:29.208+0000] {logging_mixin.py:188} INFO - [2024-05-22T22:59:29.208+0000] {dag.py:3036} INFO - Sync 1 DAGs
[2024-05-22T22:59:29.234+0000] {logging_mixin.py:188} INFO - [2024-05-22T22:59:29.233+0000] {dag.py:3823} INFO - Setting next_dagrun for latest_only_with_trigger to 2024-05-22 16:00:00+00:00, run_after=2024-05-22 20:00:00+00:00
[2024-05-22T22:59:29.253+0000] {processor.py:183} INFO - Processing /home/airflow/.local/lib/python3.8/site-packages/airflow/example_dags/example_latest_only_with_trigger.py took 0.079 seconds
[2024-05-22T22:59:59.610+0000] {processor.py:161} INFO - Started process (PID=54858) to work on /home/airflow/.local/lib/python3.8/site-packages/airflow/example_dags/example_latest_only_with_trigger.py
[2024-05-22T22:59:59.612+0000] {processor.py:830} INFO - Processing file /home/airflow/.local/lib/python3.8/site-packages/airflow/example_dags/example_latest_only_with_trigger.py for tasks to queue
[2024-05-22T22:59:59.614+0000] {logging_mixin.py:188} INFO - [2024-05-22T22:59:59.613+0000] {dagbag.py:538} INFO - Filling up the DagBag from /home/airflow/.local/lib/python3.8/site-packages/airflow/example_dags/example_latest_only_with_trigger.py
[2024-05-22T22:59:59.621+0000] {processor.py:840} INFO - DAG(s) 'latest_only_with_trigger' retrieved from /home/airflow/.local/lib/python3.8/site-packages/airflow/example_dags/example_latest_only_with_trigger.py
[2024-05-22T22:59:59.650+0000] {logging_mixin.py:188} INFO - [2024-05-22T22:59:59.649+0000] {dag.py:3036} INFO - Sync 1 DAGs
[2024-05-22T22:59:59.680+0000] {logging_mixin.py:188} INFO - [2024-05-22T22:59:59.680+0000] {dag.py:3823} INFO - Setting next_dagrun for latest_only_with_trigger to 2024-05-22 16:00:00+00:00, run_after=2024-05-22 20:00:00+00:00
[2024-05-22T22:59:59.707+0000] {processor.py:183} INFO - Processing /home/airflow/.local/lib/python3.8/site-packages/airflow/example_dags/example_latest_only_with_trigger.py took 0.101 seconds
[2024-05-22T23:00:30.584+0000] {processor.py:161} INFO - Started process (PID=54915) to work on /home/airflow/.local/lib/python3.8/site-packages/airflow/example_dags/example_latest_only_with_trigger.py
[2024-05-22T23:00:30.584+0000] {processor.py:830} INFO - Processing file /home/airflow/.local/lib/python3.8/site-packages/airflow/example_dags/example_latest_only_with_trigger.py for tasks to queue
[2024-05-22T23:00:30.586+0000] {logging_mixin.py:188} INFO - [2024-05-22T23:00:30.586+0000] {dagbag.py:538} INFO - Filling up the DagBag from /home/airflow/.local/lib/python3.8/site-packages/airflow/example_dags/example_latest_only_with_trigger.py
[2024-05-22T23:00:30.592+0000] {processor.py:840} INFO - DAG(s) 'latest_only_with_trigger' retrieved from /home/airflow/.local/lib/python3.8/site-packages/airflow/example_dags/example_latest_only_with_trigger.py
[2024-05-22T23:00:30.615+0000] {logging_mixin.py:188} INFO - [2024-05-22T23:00:30.614+0000] {dag.py:3036} INFO - Sync 1 DAGs
[2024-05-22T23:00:30.640+0000] {logging_mixin.py:188} INFO - [2024-05-22T23:00:30.639+0000] {dag.py:3823} INFO - Setting next_dagrun for latest_only_with_trigger to 2024-05-22 16:00:00+00:00, run_after=2024-05-22 20:00:00+00:00
[2024-05-22T23:00:30.662+0000] {processor.py:183} INFO - Processing /home/airflow/.local/lib/python3.8/site-packages/airflow/example_dags/example_latest_only_with_trigger.py took 0.081 seconds
[2024-05-22T23:01:01.572+0000] {processor.py:161} INFO - Started process (PID=54972) to work on /home/airflow/.local/lib/python3.8/site-packages/airflow/example_dags/example_latest_only_with_trigger.py
[2024-05-22T23:01:01.573+0000] {processor.py:830} INFO - Processing file /home/airflow/.local/lib/python3.8/site-packages/airflow/example_dags/example_latest_only_with_trigger.py for tasks to queue
[2024-05-22T23:01:01.575+0000] {logging_mixin.py:188} INFO - [2024-05-22T23:01:01.575+0000] {dagbag.py:538} INFO - Filling up the DagBag from /home/airflow/.local/lib/python3.8/site-packages/airflow/example_dags/example_latest_only_with_trigger.py
[2024-05-22T23:01:01.580+0000] {processor.py:840} INFO - DAG(s) 'latest_only_with_trigger' retrieved from /home/airflow/.local/lib/python3.8/site-packages/airflow/example_dags/example_latest_only_with_trigger.py
[2024-05-22T23:01:01.603+0000] {logging_mixin.py:188} INFO - [2024-05-22T23:01:01.603+0000] {dag.py:3036} INFO - Sync 1 DAGs
[2024-05-22T23:01:01.627+0000] {logging_mixin.py:188} INFO - [2024-05-22T23:01:01.627+0000] {dag.py:3823} INFO - Setting next_dagrun for latest_only_with_trigger to 2024-05-22 16:00:00+00:00, run_after=2024-05-22 20:00:00+00:00
[2024-05-22T23:01:01.649+0000] {processor.py:183} INFO - Processing /home/airflow/.local/lib/python3.8/site-packages/airflow/example_dags/example_latest_only_with_trigger.py took 0.080 seconds
[2024-05-22T23:01:31.888+0000] {processor.py:161} INFO - Started process (PID=55029) to work on /home/airflow/.local/lib/python3.8/site-packages/airflow/example_dags/example_latest_only_with_trigger.py
[2024-05-22T23:01:31.889+0000] {processor.py:830} INFO - Processing file /home/airflow/.local/lib/python3.8/site-packages/airflow/example_dags/example_latest_only_with_trigger.py for tasks to queue
[2024-05-22T23:01:31.891+0000] {logging_mixin.py:188} INFO - [2024-05-22T23:01:31.891+0000] {dagbag.py:538} INFO - Filling up the DagBag from /home/airflow/.local/lib/python3.8/site-packages/airflow/example_dags/example_latest_only_with_trigger.py
[2024-05-22T23:01:31.898+0000] {processor.py:840} INFO - DAG(s) 'latest_only_with_trigger' retrieved from /home/airflow/.local/lib/python3.8/site-packages/airflow/example_dags/example_latest_only_with_trigger.py
[2024-05-22T23:01:31.924+0000] {logging_mixin.py:188} INFO - [2024-05-22T23:01:31.924+0000] {dag.py:3036} INFO - Sync 1 DAGs
[2024-05-22T23:01:31.952+0000] {logging_mixin.py:188} INFO - [2024-05-22T23:01:31.952+0000] {dag.py:3823} INFO - Setting next_dagrun for latest_only_with_trigger to 2024-05-22 16:00:00+00:00, run_after=2024-05-22 20:00:00+00:00
[2024-05-22T23:01:31.976+0000] {processor.py:183} INFO - Processing /home/airflow/.local/lib/python3.8/site-packages/airflow/example_dags/example_latest_only_with_trigger.py took 0.090 seconds
[2024-05-22T23:02:02.153+0000] {processor.py:161} INFO - Started process (PID=55086) to work on /home/airflow/.local/lib/python3.8/site-packages/airflow/example_dags/example_latest_only_with_trigger.py
[2024-05-22T23:02:02.154+0000] {processor.py:830} INFO - Processing file /home/airflow/.local/lib/python3.8/site-packages/airflow/example_dags/example_latest_only_with_trigger.py for tasks to queue
[2024-05-22T23:02:02.155+0000] {logging_mixin.py:188} INFO - [2024-05-22T23:02:02.155+0000] {dagbag.py:538} INFO - Filling up the DagBag from /home/airflow/.local/lib/python3.8/site-packages/airflow/example_dags/example_latest_only_with_trigger.py
[2024-05-22T23:02:02.161+0000] {processor.py:840} INFO - DAG(s) 'latest_only_with_trigger' retrieved from /home/airflow/.local/lib/python3.8/site-packages/airflow/example_dags/example_latest_only_with_trigger.py
[2024-05-22T23:02:02.185+0000] {logging_mixin.py:188} INFO - [2024-05-22T23:02:02.184+0000] {dag.py:3036} INFO - Sync 1 DAGs
[2024-05-22T23:02:02.209+0000] {logging_mixin.py:188} INFO - [2024-05-22T23:02:02.208+0000] {dag.py:3823} INFO - Setting next_dagrun for latest_only_with_trigger to 2024-05-22 16:00:00+00:00, run_after=2024-05-22 20:00:00+00:00
[2024-05-22T23:02:02.232+0000] {processor.py:183} INFO - Processing /home/airflow/.local/lib/python3.8/site-packages/airflow/example_dags/example_latest_only_with_trigger.py took 0.083 seconds
[2024-05-22T23:02:32.446+0000] {processor.py:161} INFO - Started process (PID=55144) to work on /home/airflow/.local/lib/python3.8/site-packages/airflow/example_dags/example_latest_only_with_trigger.py
[2024-05-22T23:02:32.447+0000] {processor.py:830} INFO - Processing file /home/airflow/.local/lib/python3.8/site-packages/airflow/example_dags/example_latest_only_with_trigger.py for tasks to queue
[2024-05-22T23:02:32.449+0000] {logging_mixin.py:188} INFO - [2024-05-22T23:02:32.448+0000] {dagbag.py:538} INFO - Filling up the DagBag from /home/airflow/.local/lib/python3.8/site-packages/airflow/example_dags/example_latest_only_with_trigger.py
[2024-05-22T23:02:32.454+0000] {processor.py:840} INFO - DAG(s) 'latest_only_with_trigger' retrieved from /home/airflow/.local/lib/python3.8/site-packages/airflow/example_dags/example_latest_only_with_trigger.py
[2024-05-22T23:02:32.480+0000] {logging_mixin.py:188} INFO - [2024-05-22T23:02:32.480+0000] {dag.py:3036} INFO - Sync 1 DAGs
[2024-05-22T23:02:32.509+0000] {logging_mixin.py:188} INFO - [2024-05-22T23:02:32.509+0000] {dag.py:3823} INFO - Setting next_dagrun for latest_only_with_trigger to 2024-05-22 16:00:00+00:00, run_after=2024-05-22 20:00:00+00:00
[2024-05-22T23:02:32.535+0000] {processor.py:183} INFO - Processing /home/airflow/.local/lib/python3.8/site-packages/airflow/example_dags/example_latest_only_with_trigger.py took 0.092 seconds
[2024-05-22T23:03:02.719+0000] {processor.py:161} INFO - Started process (PID=55201) to work on /home/airflow/.local/lib/python3.8/site-packages/airflow/example_dags/example_latest_only_with_trigger.py
[2024-05-22T23:03:02.719+0000] {processor.py:830} INFO - Processing file /home/airflow/.local/lib/python3.8/site-packages/airflow/example_dags/example_latest_only_with_trigger.py for tasks to queue
[2024-05-22T23:03:02.721+0000] {logging_mixin.py:188} INFO - [2024-05-22T23:03:02.721+0000] {dagbag.py:538} INFO - Filling up the DagBag from /home/airflow/.local/lib/python3.8/site-packages/airflow/example_dags/example_latest_only_with_trigger.py
[2024-05-22T23:03:02.728+0000] {processor.py:840} INFO - DAG(s) 'latest_only_with_trigger' retrieved from /home/airflow/.local/lib/python3.8/site-packages/airflow/example_dags/example_latest_only_with_trigger.py
[2024-05-22T23:03:02.753+0000] {logging_mixin.py:188} INFO - [2024-05-22T23:03:02.753+0000] {dag.py:3036} INFO - Sync 1 DAGs
[2024-05-22T23:03:02.777+0000] {logging_mixin.py:188} INFO - [2024-05-22T23:03:02.777+0000] {dag.py:3823} INFO - Setting next_dagrun for latest_only_with_trigger to 2024-05-22 16:00:00+00:00, run_after=2024-05-22 20:00:00+00:00
[2024-05-22T23:03:02.798+0000] {processor.py:183} INFO - Processing /home/airflow/.local/lib/python3.8/site-packages/airflow/example_dags/example_latest_only_with_trigger.py took 0.082 seconds
[2024-05-22T23:03:33.311+0000] {processor.py:161} INFO - Started process (PID=55258) to work on /home/airflow/.local/lib/python3.8/site-packages/airflow/example_dags/example_latest_only_with_trigger.py
[2024-05-22T23:03:33.312+0000] {processor.py:830} INFO - Processing file /home/airflow/.local/lib/python3.8/site-packages/airflow/example_dags/example_latest_only_with_trigger.py for tasks to queue
[2024-05-22T23:03:33.314+0000] {logging_mixin.py:188} INFO - [2024-05-22T23:03:33.314+0000] {dagbag.py:538} INFO - Filling up the DagBag from /home/airflow/.local/lib/python3.8/site-packages/airflow/example_dags/example_latest_only_with_trigger.py
[2024-05-22T23:03:33.321+0000] {processor.py:840} INFO - DAG(s) 'latest_only_with_trigger' retrieved from /home/airflow/.local/lib/python3.8/site-packages/airflow/example_dags/example_latest_only_with_trigger.py
[2024-05-22T23:03:33.349+0000] {logging_mixin.py:188} INFO - [2024-05-22T23:03:33.348+0000] {dag.py:3036} INFO - Sync 1 DAGs
[2024-05-22T23:03:33.383+0000] {logging_mixin.py:188} INFO - [2024-05-22T23:03:33.383+0000] {dag.py:3823} INFO - Setting next_dagrun for latest_only_with_trigger to 2024-05-22 16:00:00+00:00, run_after=2024-05-22 20:00:00+00:00
[2024-05-22T23:03:33.410+0000] {processor.py:183} INFO - Processing /home/airflow/.local/lib/python3.8/site-packages/airflow/example_dags/example_latest_only_with_trigger.py took 0.103 seconds
[2024-05-22T23:04:03.834+0000] {processor.py:161} INFO - Started process (PID=55316) to work on /home/airflow/.local/lib/python3.8/site-packages/airflow/example_dags/example_latest_only_with_trigger.py
[2024-05-22T23:04:03.836+0000] {processor.py:830} INFO - Processing file /home/airflow/.local/lib/python3.8/site-packages/airflow/example_dags/example_latest_only_with_trigger.py for tasks to queue
[2024-05-22T23:04:03.838+0000] {logging_mixin.py:188} INFO - [2024-05-22T23:04:03.838+0000] {dagbag.py:538} INFO - Filling up the DagBag from /home/airflow/.local/lib/python3.8/site-packages/airflow/example_dags/example_latest_only_with_trigger.py
[2024-05-22T23:04:03.845+0000] {processor.py:840} INFO - DAG(s) 'latest_only_with_trigger' retrieved from /home/airflow/.local/lib/python3.8/site-packages/airflow/example_dags/example_latest_only_with_trigger.py
[2024-05-22T23:04:03.870+0000] {logging_mixin.py:188} INFO - [2024-05-22T23:04:03.869+0000] {dag.py:3036} INFO - Sync 1 DAGs
[2024-05-22T23:04:03.896+0000] {logging_mixin.py:188} INFO - [2024-05-22T23:04:03.896+0000] {dag.py:3823} INFO - Setting next_dagrun for latest_only_with_trigger to 2024-05-22 16:00:00+00:00, run_after=2024-05-22 20:00:00+00:00
[2024-05-22T23:04:03.919+0000] {processor.py:183} INFO - Processing /home/airflow/.local/lib/python3.8/site-packages/airflow/example_dags/example_latest_only_with_trigger.py took 0.089 seconds
[2024-05-22T23:04:34.461+0000] {processor.py:161} INFO - Started process (PID=55373) to work on /home/airflow/.local/lib/python3.8/site-packages/airflow/example_dags/example_latest_only_with_trigger.py
[2024-05-22T23:04:34.463+0000] {processor.py:830} INFO - Processing file /home/airflow/.local/lib/python3.8/site-packages/airflow/example_dags/example_latest_only_with_trigger.py for tasks to queue
[2024-05-22T23:04:34.465+0000] {logging_mixin.py:188} INFO - [2024-05-22T23:04:34.465+0000] {dagbag.py:538} INFO - Filling up the DagBag from /home/airflow/.local/lib/python3.8/site-packages/airflow/example_dags/example_latest_only_with_trigger.py
[2024-05-22T23:04:34.473+0000] {processor.py:840} INFO - DAG(s) 'latest_only_with_trigger' retrieved from /home/airflow/.local/lib/python3.8/site-packages/airflow/example_dags/example_latest_only_with_trigger.py
[2024-05-22T23:04:34.503+0000] {logging_mixin.py:188} INFO - [2024-05-22T23:04:34.503+0000] {dag.py:3036} INFO - Sync 1 DAGs
[2024-05-22T23:04:34.534+0000] {logging_mixin.py:188} INFO - [2024-05-22T23:04:34.533+0000] {dag.py:3823} INFO - Setting next_dagrun for latest_only_with_trigger to 2024-05-22 16:00:00+00:00, run_after=2024-05-22 20:00:00+00:00
[2024-05-22T23:04:34.566+0000] {processor.py:183} INFO - Processing /home/airflow/.local/lib/python3.8/site-packages/airflow/example_dags/example_latest_only_with_trigger.py took 0.109 seconds
[2024-05-22T23:05:04.948+0000] {processor.py:161} INFO - Started process (PID=55430) to work on /home/airflow/.local/lib/python3.8/site-packages/airflow/example_dags/example_latest_only_with_trigger.py
[2024-05-22T23:05:04.949+0000] {processor.py:830} INFO - Processing file /home/airflow/.local/lib/python3.8/site-packages/airflow/example_dags/example_latest_only_with_trigger.py for tasks to queue
[2024-05-22T23:05:04.955+0000] {logging_mixin.py:188} INFO - [2024-05-22T23:05:04.955+0000] {dagbag.py:538} INFO - Filling up the DagBag from /home/airflow/.local/lib/python3.8/site-packages/airflow/example_dags/example_latest_only_with_trigger.py
[2024-05-22T23:05:04.964+0000] {processor.py:840} INFO - DAG(s) 'latest_only_with_trigger' retrieved from /home/airflow/.local/lib/python3.8/site-packages/airflow/example_dags/example_latest_only_with_trigger.py
[2024-05-22T23:05:04.993+0000] {logging_mixin.py:188} INFO - [2024-05-22T23:05:04.993+0000] {dag.py:3036} INFO - Sync 1 DAGs
[2024-05-22T23:05:05.023+0000] {logging_mixin.py:188} INFO - [2024-05-22T23:05:05.023+0000] {dag.py:3823} INFO - Setting next_dagrun for latest_only_with_trigger to 2024-05-22 16:00:00+00:00, run_after=2024-05-22 20:00:00+00:00
[2024-05-22T23:05:05.050+0000] {processor.py:183} INFO - Processing /home/airflow/.local/lib/python3.8/site-packages/airflow/example_dags/example_latest_only_with_trigger.py took 0.106 seconds
[2024-05-22T23:05:35.203+0000] {processor.py:161} INFO - Started process (PID=55487) to work on /home/airflow/.local/lib/python3.8/site-packages/airflow/example_dags/example_latest_only_with_trigger.py
[2024-05-22T23:05:35.204+0000] {processor.py:830} INFO - Processing file /home/airflow/.local/lib/python3.8/site-packages/airflow/example_dags/example_latest_only_with_trigger.py for tasks to queue
[2024-05-22T23:05:35.207+0000] {logging_mixin.py:188} INFO - [2024-05-22T23:05:35.206+0000] {dagbag.py:538} INFO - Filling up the DagBag from /home/airflow/.local/lib/python3.8/site-packages/airflow/example_dags/example_latest_only_with_trigger.py
[2024-05-22T23:05:35.215+0000] {processor.py:840} INFO - DAG(s) 'latest_only_with_trigger' retrieved from /home/airflow/.local/lib/python3.8/site-packages/airflow/example_dags/example_latest_only_with_trigger.py
[2024-05-22T23:05:35.245+0000] {logging_mixin.py:188} INFO - [2024-05-22T23:05:35.245+0000] {dag.py:3036} INFO - Sync 1 DAGs
[2024-05-22T23:05:35.276+0000] {logging_mixin.py:188} INFO - [2024-05-22T23:05:35.275+0000] {dag.py:3823} INFO - Setting next_dagrun for latest_only_with_trigger to 2024-05-22 16:00:00+00:00, run_after=2024-05-22 20:00:00+00:00
[2024-05-22T23:05:35.298+0000] {processor.py:183} INFO - Processing /home/airflow/.local/lib/python3.8/site-packages/airflow/example_dags/example_latest_only_with_trigger.py took 0.099 seconds
[2024-05-22T23:06:05.881+0000] {processor.py:161} INFO - Started process (PID=55544) to work on /home/airflow/.local/lib/python3.8/site-packages/airflow/example_dags/example_latest_only_with_trigger.py
[2024-05-22T23:06:05.882+0000] {processor.py:830} INFO - Processing file /home/airflow/.local/lib/python3.8/site-packages/airflow/example_dags/example_latest_only_with_trigger.py for tasks to queue
[2024-05-22T23:06:05.884+0000] {logging_mixin.py:188} INFO - [2024-05-22T23:06:05.884+0000] {dagbag.py:538} INFO - Filling up the DagBag from /home/airflow/.local/lib/python3.8/site-packages/airflow/example_dags/example_latest_only_with_trigger.py
[2024-05-22T23:06:05.890+0000] {processor.py:840} INFO - DAG(s) 'latest_only_with_trigger' retrieved from /home/airflow/.local/lib/python3.8/site-packages/airflow/example_dags/example_latest_only_with_trigger.py
[2024-05-22T23:06:05.912+0000] {logging_mixin.py:188} INFO - [2024-05-22T23:06:05.911+0000] {dag.py:3036} INFO - Sync 1 DAGs
[2024-05-22T23:06:05.936+0000] {logging_mixin.py:188} INFO - [2024-05-22T23:06:05.936+0000] {dag.py:3823} INFO - Setting next_dagrun for latest_only_with_trigger to 2024-05-22 16:00:00+00:00, run_after=2024-05-22 20:00:00+00:00
[2024-05-22T23:06:05.961+0000] {processor.py:183} INFO - Processing /home/airflow/.local/lib/python3.8/site-packages/airflow/example_dags/example_latest_only_with_trigger.py took 0.084 seconds
[2024-05-22T23:06:36.530+0000] {processor.py:161} INFO - Started process (PID=55601) to work on /home/airflow/.local/lib/python3.8/site-packages/airflow/example_dags/example_latest_only_with_trigger.py
[2024-05-22T23:06:36.531+0000] {processor.py:830} INFO - Processing file /home/airflow/.local/lib/python3.8/site-packages/airflow/example_dags/example_latest_only_with_trigger.py for tasks to queue
[2024-05-22T23:06:36.533+0000] {logging_mixin.py:188} INFO - [2024-05-22T23:06:36.533+0000] {dagbag.py:538} INFO - Filling up the DagBag from /home/airflow/.local/lib/python3.8/site-packages/airflow/example_dags/example_latest_only_with_trigger.py
[2024-05-22T23:06:36.540+0000] {processor.py:840} INFO - DAG(s) 'latest_only_with_trigger' retrieved from /home/airflow/.local/lib/python3.8/site-packages/airflow/example_dags/example_latest_only_with_trigger.py
[2024-05-22T23:06:36.566+0000] {logging_mixin.py:188} INFO - [2024-05-22T23:06:36.565+0000] {dag.py:3036} INFO - Sync 1 DAGs
[2024-05-22T23:06:36.593+0000] {logging_mixin.py:188} INFO - [2024-05-22T23:06:36.593+0000] {dag.py:3823} INFO - Setting next_dagrun for latest_only_with_trigger to 2024-05-22 16:00:00+00:00, run_after=2024-05-22 20:00:00+00:00
[2024-05-22T23:06:36.618+0000] {processor.py:183} INFO - Processing /home/airflow/.local/lib/python3.8/site-packages/airflow/example_dags/example_latest_only_with_trigger.py took 0.093 seconds
[2024-05-22T23:07:06.780+0000] {processor.py:161} INFO - Started process (PID=55658) to work on /home/airflow/.local/lib/python3.8/site-packages/airflow/example_dags/example_latest_only_with_trigger.py
[2024-05-22T23:07:06.781+0000] {processor.py:830} INFO - Processing file /home/airflow/.local/lib/python3.8/site-packages/airflow/example_dags/example_latest_only_with_trigger.py for tasks to queue
[2024-05-22T23:07:06.783+0000] {logging_mixin.py:188} INFO - [2024-05-22T23:07:06.783+0000] {dagbag.py:538} INFO - Filling up the DagBag from /home/airflow/.local/lib/python3.8/site-packages/airflow/example_dags/example_latest_only_with_trigger.py
[2024-05-22T23:07:06.790+0000] {processor.py:840} INFO - DAG(s) 'latest_only_with_trigger' retrieved from /home/airflow/.local/lib/python3.8/site-packages/airflow/example_dags/example_latest_only_with_trigger.py
[2024-05-22T23:07:06.816+0000] {logging_mixin.py:188} INFO - [2024-05-22T23:07:06.815+0000] {dag.py:3036} INFO - Sync 1 DAGs
[2024-05-22T23:07:06.840+0000] {logging_mixin.py:188} INFO - [2024-05-22T23:07:06.840+0000] {dag.py:3823} INFO - Setting next_dagrun for latest_only_with_trigger to 2024-05-22 16:00:00+00:00, run_after=2024-05-22 20:00:00+00:00
[2024-05-22T23:07:06.861+0000] {processor.py:183} INFO - Processing /home/airflow/.local/lib/python3.8/site-packages/airflow/example_dags/example_latest_only_with_trigger.py took 0.084 seconds
[2024-05-22T23:07:37.044+0000] {processor.py:161} INFO - Started process (PID=55715) to work on /home/airflow/.local/lib/python3.8/site-packages/airflow/example_dags/example_latest_only_with_trigger.py
[2024-05-22T23:07:37.045+0000] {processor.py:830} INFO - Processing file /home/airflow/.local/lib/python3.8/site-packages/airflow/example_dags/example_latest_only_with_trigger.py for tasks to queue
[2024-05-22T23:07:37.047+0000] {logging_mixin.py:188} INFO - [2024-05-22T23:07:37.047+0000] {dagbag.py:538} INFO - Filling up the DagBag from /home/airflow/.local/lib/python3.8/site-packages/airflow/example_dags/example_latest_only_with_trigger.py
[2024-05-22T23:07:37.054+0000] {processor.py:840} INFO - DAG(s) 'latest_only_with_trigger' retrieved from /home/airflow/.local/lib/python3.8/site-packages/airflow/example_dags/example_latest_only_with_trigger.py
[2024-05-22T23:07:37.081+0000] {logging_mixin.py:188} INFO - [2024-05-22T23:07:37.081+0000] {dag.py:3036} INFO - Sync 1 DAGs
[2024-05-22T23:07:37.112+0000] {logging_mixin.py:188} INFO - [2024-05-22T23:07:37.112+0000] {dag.py:3823} INFO - Setting next_dagrun for latest_only_with_trigger to 2024-05-22 16:00:00+00:00, run_after=2024-05-22 20:00:00+00:00
[2024-05-22T23:07:37.138+0000] {processor.py:183} INFO - Processing /home/airflow/.local/lib/python3.8/site-packages/airflow/example_dags/example_latest_only_with_trigger.py took 0.097 seconds
[2024-05-22T23:08:07.745+0000] {processor.py:161} INFO - Started process (PID=55772) to work on /home/airflow/.local/lib/python3.8/site-packages/airflow/example_dags/example_latest_only_with_trigger.py
[2024-05-22T23:08:07.746+0000] {processor.py:830} INFO - Processing file /home/airflow/.local/lib/python3.8/site-packages/airflow/example_dags/example_latest_only_with_trigger.py for tasks to queue
[2024-05-22T23:08:07.748+0000] {logging_mixin.py:188} INFO - [2024-05-22T23:08:07.748+0000] {dagbag.py:538} INFO - Filling up the DagBag from /home/airflow/.local/lib/python3.8/site-packages/airflow/example_dags/example_latest_only_with_trigger.py
[2024-05-22T23:08:07.756+0000] {processor.py:840} INFO - DAG(s) 'latest_only_with_trigger' retrieved from /home/airflow/.local/lib/python3.8/site-packages/airflow/example_dags/example_latest_only_with_trigger.py
[2024-05-22T23:08:07.781+0000] {logging_mixin.py:188} INFO - [2024-05-22T23:08:07.781+0000] {dag.py:3036} INFO - Sync 1 DAGs
[2024-05-22T23:08:07.812+0000] {logging_mixin.py:188} INFO - [2024-05-22T23:08:07.811+0000] {dag.py:3823} INFO - Setting next_dagrun for latest_only_with_trigger to 2024-05-22 16:00:00+00:00, run_after=2024-05-22 20:00:00+00:00
[2024-05-22T23:08:07.835+0000] {processor.py:183} INFO - Processing /home/airflow/.local/lib/python3.8/site-packages/airflow/example_dags/example_latest_only_with_trigger.py took 0.093 seconds
[2024-05-22T23:08:38.581+0000] {processor.py:161} INFO - Started process (PID=55829) to work on /home/airflow/.local/lib/python3.8/site-packages/airflow/example_dags/example_latest_only_with_trigger.py
[2024-05-22T23:08:38.582+0000] {processor.py:830} INFO - Processing file /home/airflow/.local/lib/python3.8/site-packages/airflow/example_dags/example_latest_only_with_trigger.py for tasks to queue
[2024-05-22T23:08:38.584+0000] {logging_mixin.py:188} INFO - [2024-05-22T23:08:38.584+0000] {dagbag.py:538} INFO - Filling up the DagBag from /home/airflow/.local/lib/python3.8/site-packages/airflow/example_dags/example_latest_only_with_trigger.py
[2024-05-22T23:08:38.590+0000] {processor.py:840} INFO - DAG(s) 'latest_only_with_trigger' retrieved from /home/airflow/.local/lib/python3.8/site-packages/airflow/example_dags/example_latest_only_with_trigger.py
[2024-05-22T23:08:38.613+0000] {logging_mixin.py:188} INFO - [2024-05-22T23:08:38.613+0000] {dag.py:3036} INFO - Sync 1 DAGs
[2024-05-22T23:08:38.636+0000] {logging_mixin.py:188} INFO - [2024-05-22T23:08:38.636+0000] {dag.py:3823} INFO - Setting next_dagrun for latest_only_with_trigger to 2024-05-22 16:00:00+00:00, run_after=2024-05-22 20:00:00+00:00
[2024-05-22T23:08:38.658+0000] {processor.py:183} INFO - Processing /home/airflow/.local/lib/python3.8/site-packages/airflow/example_dags/example_latest_only_with_trigger.py took 0.080 seconds
[2024-05-22T23:09:09.403+0000] {processor.py:161} INFO - Started process (PID=55886) to work on /home/airflow/.local/lib/python3.8/site-packages/airflow/example_dags/example_latest_only_with_trigger.py
[2024-05-22T23:09:09.404+0000] {processor.py:830} INFO - Processing file /home/airflow/.local/lib/python3.8/site-packages/airflow/example_dags/example_latest_only_with_trigger.py for tasks to queue
[2024-05-22T23:09:09.406+0000] {logging_mixin.py:188} INFO - [2024-05-22T23:09:09.406+0000] {dagbag.py:538} INFO - Filling up the DagBag from /home/airflow/.local/lib/python3.8/site-packages/airflow/example_dags/example_latest_only_with_trigger.py
[2024-05-22T23:09:09.416+0000] {processor.py:840} INFO - DAG(s) 'latest_only_with_trigger' retrieved from /home/airflow/.local/lib/python3.8/site-packages/airflow/example_dags/example_latest_only_with_trigger.py
[2024-05-22T23:09:09.454+0000] {logging_mixin.py:188} INFO - [2024-05-22T23:09:09.453+0000] {dag.py:3036} INFO - Sync 1 DAGs
[2024-05-22T23:09:09.482+0000] {logging_mixin.py:188} INFO - [2024-05-22T23:09:09.481+0000] {dag.py:3823} INFO - Setting next_dagrun for latest_only_with_trigger to 2024-05-22 16:00:00+00:00, run_after=2024-05-22 20:00:00+00:00
[2024-05-22T23:09:09.508+0000] {processor.py:183} INFO - Processing /home/airflow/.local/lib/python3.8/site-packages/airflow/example_dags/example_latest_only_with_trigger.py took 0.108 seconds
[2024-05-22T23:09:39.833+0000] {processor.py:161} INFO - Started process (PID=55943) to work on /home/airflow/.local/lib/python3.8/site-packages/airflow/example_dags/example_latest_only_with_trigger.py
[2024-05-22T23:09:39.834+0000] {processor.py:830} INFO - Processing file /home/airflow/.local/lib/python3.8/site-packages/airflow/example_dags/example_latest_only_with_trigger.py for tasks to queue
[2024-05-22T23:09:39.836+0000] {logging_mixin.py:188} INFO - [2024-05-22T23:09:39.836+0000] {dagbag.py:538} INFO - Filling up the DagBag from /home/airflow/.local/lib/python3.8/site-packages/airflow/example_dags/example_latest_only_with_trigger.py
[2024-05-22T23:09:39.842+0000] {processor.py:840} INFO - DAG(s) 'latest_only_with_trigger' retrieved from /home/airflow/.local/lib/python3.8/site-packages/airflow/example_dags/example_latest_only_with_trigger.py
[2024-05-22T23:09:39.865+0000] {logging_mixin.py:188} INFO - [2024-05-22T23:09:39.865+0000] {dag.py:3036} INFO - Sync 1 DAGs
[2024-05-22T23:09:39.887+0000] {logging_mixin.py:188} INFO - [2024-05-22T23:09:39.886+0000] {dag.py:3823} INFO - Setting next_dagrun for latest_only_with_trigger to 2024-05-22 16:00:00+00:00, run_after=2024-05-22 20:00:00+00:00
[2024-05-22T23:09:39.906+0000] {processor.py:183} INFO - Processing /home/airflow/.local/lib/python3.8/site-packages/airflow/example_dags/example_latest_only_with_trigger.py took 0.076 seconds
[2024-05-22T23:10:10.212+0000] {processor.py:161} INFO - Started process (PID=56000) to work on /home/airflow/.local/lib/python3.8/site-packages/airflow/example_dags/example_latest_only_with_trigger.py
[2024-05-22T23:10:10.213+0000] {processor.py:830} INFO - Processing file /home/airflow/.local/lib/python3.8/site-packages/airflow/example_dags/example_latest_only_with_trigger.py for tasks to queue
[2024-05-22T23:10:10.215+0000] {logging_mixin.py:188} INFO - [2024-05-22T23:10:10.215+0000] {dagbag.py:538} INFO - Filling up the DagBag from /home/airflow/.local/lib/python3.8/site-packages/airflow/example_dags/example_latest_only_with_trigger.py
[2024-05-22T23:10:10.221+0000] {processor.py:840} INFO - DAG(s) 'latest_only_with_trigger' retrieved from /home/airflow/.local/lib/python3.8/site-packages/airflow/example_dags/example_latest_only_with_trigger.py
[2024-05-22T23:10:10.242+0000] {logging_mixin.py:188} INFO - [2024-05-22T23:10:10.242+0000] {dag.py:3036} INFO - Sync 1 DAGs
[2024-05-22T23:10:10.266+0000] {logging_mixin.py:188} INFO - [2024-05-22T23:10:10.265+0000] {dag.py:3823} INFO - Setting next_dagrun for latest_only_with_trigger to 2024-05-22 16:00:00+00:00, run_after=2024-05-22 20:00:00+00:00
[2024-05-22T23:10:10.286+0000] {processor.py:183} INFO - Processing /home/airflow/.local/lib/python3.8/site-packages/airflow/example_dags/example_latest_only_with_trigger.py took 0.077 seconds
