[2024-05-22T22:36:36.178+0000] {processor.py:161} INFO - Started process (PID=52220) to work on /home/airflow/.local/lib/python3.8/site-packages/airflow/example_dags/example_time_delta_sensor_async.py
[2024-05-22T22:36:36.180+0000] {processor.py:830} INFO - Processing file /home/airflow/.local/lib/python3.8/site-packages/airflow/example_dags/example_time_delta_sensor_async.py for tasks to queue
[2024-05-22T22:36:36.184+0000] {logging_mixin.py:188} INFO - [2024-05-22T22:36:36.183+0000] {dagbag.py:538} INFO - Filling up the DagBag from /home/airflow/.local/lib/python3.8/site-packages/airflow/example_dags/example_time_delta_sensor_async.py
[2024-05-22T22:36:36.194+0000] {processor.py:840} INFO - DAG(s) 'example_time_delta_sensor_async' retrieved from /home/airflow/.local/lib/python3.8/site-packages/airflow/example_dags/example_time_delta_sensor_async.py
[2024-05-22T22:36:36.232+0000] {logging_mixin.py:188} INFO - [2024-05-22T22:36:36.232+0000] {dag.py:3036} INFO - Sync 1 DAGs
[2024-05-22T22:36:36.262+0000] {logging_mixin.py:188} INFO - [2024-05-22T22:36:36.262+0000] {dag.py:3823} INFO - Setting next_dagrun for example_time_delta_sensor_async to None, run_after=None
[2024-05-22T22:36:36.324+0000] {processor.py:183} INFO - Processing /home/airflow/.local/lib/python3.8/site-packages/airflow/example_dags/example_time_delta_sensor_async.py took 0.153 seconds
[2024-05-22T22:37:06.993+0000] {processor.py:161} INFO - Started process (PID=52277) to work on /home/airflow/.local/lib/python3.8/site-packages/airflow/example_dags/example_time_delta_sensor_async.py
[2024-05-22T22:37:06.994+0000] {processor.py:830} INFO - Processing file /home/airflow/.local/lib/python3.8/site-packages/airflow/example_dags/example_time_delta_sensor_async.py for tasks to queue
[2024-05-22T22:37:06.996+0000] {logging_mixin.py:188} INFO - [2024-05-22T22:37:06.996+0000] {dagbag.py:538} INFO - Filling up the DagBag from /home/airflow/.local/lib/python3.8/site-packages/airflow/example_dags/example_time_delta_sensor_async.py
[2024-05-22T22:37:07.000+0000] {processor.py:840} INFO - DAG(s) 'example_time_delta_sensor_async' retrieved from /home/airflow/.local/lib/python3.8/site-packages/airflow/example_dags/example_time_delta_sensor_async.py
[2024-05-22T22:37:07.020+0000] {logging_mixin.py:188} INFO - [2024-05-22T22:37:07.019+0000] {dag.py:3036} INFO - Sync 1 DAGs
[2024-05-22T22:37:07.032+0000] {logging_mixin.py:188} INFO - [2024-05-22T22:37:07.032+0000] {dag.py:3823} INFO - Setting next_dagrun for example_time_delta_sensor_async to None, run_after=None
[2024-05-22T22:37:07.052+0000] {processor.py:183} INFO - Processing /home/airflow/.local/lib/python3.8/site-packages/airflow/example_dags/example_time_delta_sensor_async.py took 0.062 seconds
[2024-05-22T22:37:37.459+0000] {processor.py:161} INFO - Started process (PID=52334) to work on /home/airflow/.local/lib/python3.8/site-packages/airflow/example_dags/example_time_delta_sensor_async.py
[2024-05-22T22:37:37.461+0000] {processor.py:830} INFO - Processing file /home/airflow/.local/lib/python3.8/site-packages/airflow/example_dags/example_time_delta_sensor_async.py for tasks to queue
[2024-05-22T22:37:37.463+0000] {logging_mixin.py:188} INFO - [2024-05-22T22:37:37.462+0000] {dagbag.py:538} INFO - Filling up the DagBag from /home/airflow/.local/lib/python3.8/site-packages/airflow/example_dags/example_time_delta_sensor_async.py
[2024-05-22T22:37:37.467+0000] {processor.py:840} INFO - DAG(s) 'example_time_delta_sensor_async' retrieved from /home/airflow/.local/lib/python3.8/site-packages/airflow/example_dags/example_time_delta_sensor_async.py
[2024-05-22T22:37:37.491+0000] {logging_mixin.py:188} INFO - [2024-05-22T22:37:37.490+0000] {dag.py:3036} INFO - Sync 1 DAGs
[2024-05-22T22:37:37.504+0000] {logging_mixin.py:188} INFO - [2024-05-22T22:37:37.504+0000] {dag.py:3823} INFO - Setting next_dagrun for example_time_delta_sensor_async to None, run_after=None
[2024-05-22T22:37:37.529+0000] {processor.py:183} INFO - Processing /home/airflow/.local/lib/python3.8/site-packages/airflow/example_dags/example_time_delta_sensor_async.py took 0.073 seconds
[2024-05-22T22:38:08.043+0000] {processor.py:161} INFO - Started process (PID=52391) to work on /home/airflow/.local/lib/python3.8/site-packages/airflow/example_dags/example_time_delta_sensor_async.py
[2024-05-22T22:38:08.044+0000] {processor.py:830} INFO - Processing file /home/airflow/.local/lib/python3.8/site-packages/airflow/example_dags/example_time_delta_sensor_async.py for tasks to queue
[2024-05-22T22:38:08.046+0000] {logging_mixin.py:188} INFO - [2024-05-22T22:38:08.045+0000] {dagbag.py:538} INFO - Filling up the DagBag from /home/airflow/.local/lib/python3.8/site-packages/airflow/example_dags/example_time_delta_sensor_async.py
[2024-05-22T22:38:08.050+0000] {processor.py:840} INFO - DAG(s) 'example_time_delta_sensor_async' retrieved from /home/airflow/.local/lib/python3.8/site-packages/airflow/example_dags/example_time_delta_sensor_async.py
[2024-05-22T22:38:08.070+0000] {logging_mixin.py:188} INFO - [2024-05-22T22:38:08.070+0000] {dag.py:3036} INFO - Sync 1 DAGs
[2024-05-22T22:38:08.086+0000] {logging_mixin.py:188} INFO - [2024-05-22T22:38:08.085+0000] {dag.py:3823} INFO - Setting next_dagrun for example_time_delta_sensor_async to None, run_after=None
[2024-05-22T22:38:08.110+0000] {processor.py:183} INFO - Processing /home/airflow/.local/lib/python3.8/site-packages/airflow/example_dags/example_time_delta_sensor_async.py took 0.070 seconds
[2024-05-22T22:38:38.484+0000] {processor.py:161} INFO - Started process (PID=52448) to work on /home/airflow/.local/lib/python3.8/site-packages/airflow/example_dags/example_time_delta_sensor_async.py
[2024-05-22T22:38:38.485+0000] {processor.py:830} INFO - Processing file /home/airflow/.local/lib/python3.8/site-packages/airflow/example_dags/example_time_delta_sensor_async.py for tasks to queue
[2024-05-22T22:38:38.487+0000] {logging_mixin.py:188} INFO - [2024-05-22T22:38:38.487+0000] {dagbag.py:538} INFO - Filling up the DagBag from /home/airflow/.local/lib/python3.8/site-packages/airflow/example_dags/example_time_delta_sensor_async.py
[2024-05-22T22:38:38.492+0000] {processor.py:840} INFO - DAG(s) 'example_time_delta_sensor_async' retrieved from /home/airflow/.local/lib/python3.8/site-packages/airflow/example_dags/example_time_delta_sensor_async.py
[2024-05-22T22:38:38.515+0000] {logging_mixin.py:188} INFO - [2024-05-22T22:38:38.514+0000] {dag.py:3036} INFO - Sync 1 DAGs
[2024-05-22T22:38:38.529+0000] {logging_mixin.py:188} INFO - [2024-05-22T22:38:38.529+0000] {dag.py:3823} INFO - Setting next_dagrun for example_time_delta_sensor_async to None, run_after=None
[2024-05-22T22:38:38.553+0000] {processor.py:183} INFO - Processing /home/airflow/.local/lib/python3.8/site-packages/airflow/example_dags/example_time_delta_sensor_async.py took 0.072 seconds
[2024-05-22T22:39:08.953+0000] {processor.py:161} INFO - Started process (PID=52505) to work on /home/airflow/.local/lib/python3.8/site-packages/airflow/example_dags/example_time_delta_sensor_async.py
[2024-05-22T22:39:08.953+0000] {processor.py:830} INFO - Processing file /home/airflow/.local/lib/python3.8/site-packages/airflow/example_dags/example_time_delta_sensor_async.py for tasks to queue
[2024-05-22T22:39:08.955+0000] {logging_mixin.py:188} INFO - [2024-05-22T22:39:08.955+0000] {dagbag.py:538} INFO - Filling up the DagBag from /home/airflow/.local/lib/python3.8/site-packages/airflow/example_dags/example_time_delta_sensor_async.py
[2024-05-22T22:39:08.959+0000] {processor.py:840} INFO - DAG(s) 'example_time_delta_sensor_async' retrieved from /home/airflow/.local/lib/python3.8/site-packages/airflow/example_dags/example_time_delta_sensor_async.py
[2024-05-22T22:39:08.982+0000] {logging_mixin.py:188} INFO - [2024-05-22T22:39:08.982+0000] {dag.py:3036} INFO - Sync 1 DAGs
[2024-05-22T22:39:08.997+0000] {logging_mixin.py:188} INFO - [2024-05-22T22:39:08.996+0000] {dag.py:3823} INFO - Setting next_dagrun for example_time_delta_sensor_async to None, run_after=None
[2024-05-22T22:39:09.017+0000] {processor.py:183} INFO - Processing /home/airflow/.local/lib/python3.8/site-packages/airflow/example_dags/example_time_delta_sensor_async.py took 0.068 seconds
[2024-05-22T22:39:39.345+0000] {processor.py:161} INFO - Started process (PID=52562) to work on /home/airflow/.local/lib/python3.8/site-packages/airflow/example_dags/example_time_delta_sensor_async.py
[2024-05-22T22:39:39.346+0000] {processor.py:830} INFO - Processing file /home/airflow/.local/lib/python3.8/site-packages/airflow/example_dags/example_time_delta_sensor_async.py for tasks to queue
[2024-05-22T22:39:39.348+0000] {logging_mixin.py:188} INFO - [2024-05-22T22:39:39.348+0000] {dagbag.py:538} INFO - Filling up the DagBag from /home/airflow/.local/lib/python3.8/site-packages/airflow/example_dags/example_time_delta_sensor_async.py
[2024-05-22T22:39:39.352+0000] {processor.py:840} INFO - DAG(s) 'example_time_delta_sensor_async' retrieved from /home/airflow/.local/lib/python3.8/site-packages/airflow/example_dags/example_time_delta_sensor_async.py
[2024-05-22T22:39:39.375+0000] {logging_mixin.py:188} INFO - [2024-05-22T22:39:39.375+0000] {dag.py:3036} INFO - Sync 1 DAGs
[2024-05-22T22:39:39.387+0000] {logging_mixin.py:188} INFO - [2024-05-22T22:39:39.387+0000] {dag.py:3823} INFO - Setting next_dagrun for example_time_delta_sensor_async to None, run_after=None
[2024-05-22T22:39:39.407+0000] {processor.py:183} INFO - Processing /home/airflow/.local/lib/python3.8/site-packages/airflow/example_dags/example_time_delta_sensor_async.py took 0.065 seconds
[2024-05-22T22:40:09.722+0000] {processor.py:161} INFO - Started process (PID=52619) to work on /home/airflow/.local/lib/python3.8/site-packages/airflow/example_dags/example_time_delta_sensor_async.py
[2024-05-22T22:40:09.723+0000] {processor.py:830} INFO - Processing file /home/airflow/.local/lib/python3.8/site-packages/airflow/example_dags/example_time_delta_sensor_async.py for tasks to queue
[2024-05-22T22:40:09.726+0000] {logging_mixin.py:188} INFO - [2024-05-22T22:40:09.725+0000] {dagbag.py:538} INFO - Filling up the DagBag from /home/airflow/.local/lib/python3.8/site-packages/airflow/example_dags/example_time_delta_sensor_async.py
[2024-05-22T22:40:09.731+0000] {processor.py:840} INFO - DAG(s) 'example_time_delta_sensor_async' retrieved from /home/airflow/.local/lib/python3.8/site-packages/airflow/example_dags/example_time_delta_sensor_async.py
[2024-05-22T22:40:09.755+0000] {logging_mixin.py:188} INFO - [2024-05-22T22:40:09.755+0000] {dag.py:3036} INFO - Sync 1 DAGs
[2024-05-22T22:40:09.771+0000] {logging_mixin.py:188} INFO - [2024-05-22T22:40:09.770+0000] {dag.py:3823} INFO - Setting next_dagrun for example_time_delta_sensor_async to None, run_after=None
[2024-05-22T22:40:09.792+0000] {processor.py:183} INFO - Processing /home/airflow/.local/lib/python3.8/site-packages/airflow/example_dags/example_time_delta_sensor_async.py took 0.075 seconds
[2024-05-22T22:40:40.270+0000] {processor.py:161} INFO - Started process (PID=52682) to work on /home/airflow/.local/lib/python3.8/site-packages/airflow/example_dags/example_time_delta_sensor_async.py
[2024-05-22T22:40:40.271+0000] {processor.py:830} INFO - Processing file /home/airflow/.local/lib/python3.8/site-packages/airflow/example_dags/example_time_delta_sensor_async.py for tasks to queue
[2024-05-22T22:40:40.273+0000] {logging_mixin.py:188} INFO - [2024-05-22T22:40:40.273+0000] {dagbag.py:538} INFO - Filling up the DagBag from /home/airflow/.local/lib/python3.8/site-packages/airflow/example_dags/example_time_delta_sensor_async.py
[2024-05-22T22:40:40.278+0000] {processor.py:840} INFO - DAG(s) 'example_time_delta_sensor_async' retrieved from /home/airflow/.local/lib/python3.8/site-packages/airflow/example_dags/example_time_delta_sensor_async.py
[2024-05-22T22:40:40.303+0000] {logging_mixin.py:188} INFO - [2024-05-22T22:40:40.303+0000] {dag.py:3036} INFO - Sync 1 DAGs
[2024-05-22T22:40:40.319+0000] {logging_mixin.py:188} INFO - [2024-05-22T22:40:40.318+0000] {dag.py:3823} INFO - Setting next_dagrun for example_time_delta_sensor_async to None, run_after=None
[2024-05-22T22:40:40.343+0000] {processor.py:183} INFO - Processing /home/airflow/.local/lib/python3.8/site-packages/airflow/example_dags/example_time_delta_sensor_async.py took 0.076 seconds
[2024-05-22T22:41:10.731+0000] {processor.py:161} INFO - Started process (PID=52739) to work on /home/airflow/.local/lib/python3.8/site-packages/airflow/example_dags/example_time_delta_sensor_async.py
[2024-05-22T22:41:10.732+0000] {processor.py:830} INFO - Processing file /home/airflow/.local/lib/python3.8/site-packages/airflow/example_dags/example_time_delta_sensor_async.py for tasks to queue
[2024-05-22T22:41:10.734+0000] {logging_mixin.py:188} INFO - [2024-05-22T22:41:10.734+0000] {dagbag.py:538} INFO - Filling up the DagBag from /home/airflow/.local/lib/python3.8/site-packages/airflow/example_dags/example_time_delta_sensor_async.py
[2024-05-22T22:41:10.739+0000] {processor.py:840} INFO - DAG(s) 'example_time_delta_sensor_async' retrieved from /home/airflow/.local/lib/python3.8/site-packages/airflow/example_dags/example_time_delta_sensor_async.py
[2024-05-22T22:41:10.765+0000] {logging_mixin.py:188} INFO - [2024-05-22T22:41:10.765+0000] {dag.py:3036} INFO - Sync 1 DAGs
[2024-05-22T22:41:10.781+0000] {logging_mixin.py:188} INFO - [2024-05-22T22:41:10.781+0000] {dag.py:3823} INFO - Setting next_dagrun for example_time_delta_sensor_async to None, run_after=None
[2024-05-22T22:41:10.807+0000] {processor.py:183} INFO - Processing /home/airflow/.local/lib/python3.8/site-packages/airflow/example_dags/example_time_delta_sensor_async.py took 0.079 seconds
[2024-05-22T22:41:41.262+0000] {processor.py:161} INFO - Started process (PID=52796) to work on /home/airflow/.local/lib/python3.8/site-packages/airflow/example_dags/example_time_delta_sensor_async.py
[2024-05-22T22:41:41.263+0000] {processor.py:830} INFO - Processing file /home/airflow/.local/lib/python3.8/site-packages/airflow/example_dags/example_time_delta_sensor_async.py for tasks to queue
[2024-05-22T22:41:41.264+0000] {logging_mixin.py:188} INFO - [2024-05-22T22:41:41.264+0000] {dagbag.py:538} INFO - Filling up the DagBag from /home/airflow/.local/lib/python3.8/site-packages/airflow/example_dags/example_time_delta_sensor_async.py
[2024-05-22T22:41:41.269+0000] {processor.py:840} INFO - DAG(s) 'example_time_delta_sensor_async' retrieved from /home/airflow/.local/lib/python3.8/site-packages/airflow/example_dags/example_time_delta_sensor_async.py
[2024-05-22T22:41:41.287+0000] {logging_mixin.py:188} INFO - [2024-05-22T22:41:41.287+0000] {dag.py:3036} INFO - Sync 1 DAGs
[2024-05-22T22:41:41.299+0000] {logging_mixin.py:188} INFO - [2024-05-22T22:41:41.298+0000] {dag.py:3823} INFO - Setting next_dagrun for example_time_delta_sensor_async to None, run_after=None
[2024-05-22T22:41:41.318+0000] {processor.py:183} INFO - Processing /home/airflow/.local/lib/python3.8/site-packages/airflow/example_dags/example_time_delta_sensor_async.py took 0.058 seconds
[2024-05-22T22:42:11.864+0000] {processor.py:161} INFO - Started process (PID=52854) to work on /home/airflow/.local/lib/python3.8/site-packages/airflow/example_dags/example_time_delta_sensor_async.py
[2024-05-22T22:42:11.865+0000] {processor.py:830} INFO - Processing file /home/airflow/.local/lib/python3.8/site-packages/airflow/example_dags/example_time_delta_sensor_async.py for tasks to queue
[2024-05-22T22:42:11.867+0000] {logging_mixin.py:188} INFO - [2024-05-22T22:42:11.867+0000] {dagbag.py:538} INFO - Filling up the DagBag from /home/airflow/.local/lib/python3.8/site-packages/airflow/example_dags/example_time_delta_sensor_async.py
[2024-05-22T22:42:11.871+0000] {processor.py:840} INFO - DAG(s) 'example_time_delta_sensor_async' retrieved from /home/airflow/.local/lib/python3.8/site-packages/airflow/example_dags/example_time_delta_sensor_async.py
[2024-05-22T22:42:11.892+0000] {logging_mixin.py:188} INFO - [2024-05-22T22:42:11.892+0000] {dag.py:3036} INFO - Sync 1 DAGs
[2024-05-22T22:42:11.905+0000] {logging_mixin.py:188} INFO - [2024-05-22T22:42:11.904+0000] {dag.py:3823} INFO - Setting next_dagrun for example_time_delta_sensor_async to None, run_after=None
[2024-05-22T22:42:11.930+0000] {processor.py:183} INFO - Processing /home/airflow/.local/lib/python3.8/site-packages/airflow/example_dags/example_time_delta_sensor_async.py took 0.069 seconds
[2024-05-22T22:42:42.357+0000] {processor.py:161} INFO - Started process (PID=52911) to work on /home/airflow/.local/lib/python3.8/site-packages/airflow/example_dags/example_time_delta_sensor_async.py
[2024-05-22T22:42:42.357+0000] {processor.py:830} INFO - Processing file /home/airflow/.local/lib/python3.8/site-packages/airflow/example_dags/example_time_delta_sensor_async.py for tasks to queue
[2024-05-22T22:42:42.360+0000] {logging_mixin.py:188} INFO - [2024-05-22T22:42:42.359+0000] {dagbag.py:538} INFO - Filling up the DagBag from /home/airflow/.local/lib/python3.8/site-packages/airflow/example_dags/example_time_delta_sensor_async.py
[2024-05-22T22:42:42.365+0000] {processor.py:840} INFO - DAG(s) 'example_time_delta_sensor_async' retrieved from /home/airflow/.local/lib/python3.8/site-packages/airflow/example_dags/example_time_delta_sensor_async.py
[2024-05-22T22:42:42.388+0000] {logging_mixin.py:188} INFO - [2024-05-22T22:42:42.388+0000] {dag.py:3036} INFO - Sync 1 DAGs
[2024-05-22T22:42:42.402+0000] {logging_mixin.py:188} INFO - [2024-05-22T22:42:42.402+0000] {dag.py:3823} INFO - Setting next_dagrun for example_time_delta_sensor_async to None, run_after=None
[2024-05-22T22:42:42.427+0000] {processor.py:183} INFO - Processing /home/airflow/.local/lib/python3.8/site-packages/airflow/example_dags/example_time_delta_sensor_async.py took 0.073 seconds
[2024-05-22T22:43:12.870+0000] {processor.py:161} INFO - Started process (PID=52966) to work on /home/airflow/.local/lib/python3.8/site-packages/airflow/example_dags/example_time_delta_sensor_async.py
[2024-05-22T22:43:12.871+0000] {processor.py:830} INFO - Processing file /home/airflow/.local/lib/python3.8/site-packages/airflow/example_dags/example_time_delta_sensor_async.py for tasks to queue
[2024-05-22T22:43:12.873+0000] {logging_mixin.py:188} INFO - [2024-05-22T22:43:12.873+0000] {dagbag.py:538} INFO - Filling up the DagBag from /home/airflow/.local/lib/python3.8/site-packages/airflow/example_dags/example_time_delta_sensor_async.py
[2024-05-22T22:43:12.880+0000] {processor.py:840} INFO - DAG(s) 'example_time_delta_sensor_async' retrieved from /home/airflow/.local/lib/python3.8/site-packages/airflow/example_dags/example_time_delta_sensor_async.py
[2024-05-22T22:43:12.910+0000] {logging_mixin.py:188} INFO - [2024-05-22T22:43:12.909+0000] {dag.py:3036} INFO - Sync 1 DAGs
[2024-05-22T22:43:12.929+0000] {logging_mixin.py:188} INFO - [2024-05-22T22:43:12.929+0000] {dag.py:3823} INFO - Setting next_dagrun for example_time_delta_sensor_async to None, run_after=None
[2024-05-22T22:43:12.957+0000] {processor.py:183} INFO - Processing /home/airflow/.local/lib/python3.8/site-packages/airflow/example_dags/example_time_delta_sensor_async.py took 0.091 seconds
[2024-05-22T22:43:43.955+0000] {processor.py:161} INFO - Started process (PID=53023) to work on /home/airflow/.local/lib/python3.8/site-packages/airflow/example_dags/example_time_delta_sensor_async.py
[2024-05-22T22:43:43.956+0000] {processor.py:830} INFO - Processing file /home/airflow/.local/lib/python3.8/site-packages/airflow/example_dags/example_time_delta_sensor_async.py for tasks to queue
[2024-05-22T22:43:43.958+0000] {logging_mixin.py:188} INFO - [2024-05-22T22:43:43.957+0000] {dagbag.py:538} INFO - Filling up the DagBag from /home/airflow/.local/lib/python3.8/site-packages/airflow/example_dags/example_time_delta_sensor_async.py
[2024-05-22T22:43:43.963+0000] {processor.py:840} INFO - DAG(s) 'example_time_delta_sensor_async' retrieved from /home/airflow/.local/lib/python3.8/site-packages/airflow/example_dags/example_time_delta_sensor_async.py
[2024-05-22T22:43:43.988+0000] {logging_mixin.py:188} INFO - [2024-05-22T22:43:43.987+0000] {dag.py:3036} INFO - Sync 1 DAGs
[2024-05-22T22:43:44.004+0000] {logging_mixin.py:188} INFO - [2024-05-22T22:43:44.004+0000] {dag.py:3823} INFO - Setting next_dagrun for example_time_delta_sensor_async to None, run_after=None
[2024-05-22T22:43:44.031+0000] {processor.py:183} INFO - Processing /home/airflow/.local/lib/python3.8/site-packages/airflow/example_dags/example_time_delta_sensor_async.py took 0.081 seconds
[2024-05-22T22:44:14.316+0000] {processor.py:161} INFO - Started process (PID=53080) to work on /home/airflow/.local/lib/python3.8/site-packages/airflow/example_dags/example_time_delta_sensor_async.py
[2024-05-22T22:44:14.317+0000] {processor.py:830} INFO - Processing file /home/airflow/.local/lib/python3.8/site-packages/airflow/example_dags/example_time_delta_sensor_async.py for tasks to queue
[2024-05-22T22:44:14.319+0000] {logging_mixin.py:188} INFO - [2024-05-22T22:44:14.319+0000] {dagbag.py:538} INFO - Filling up the DagBag from /home/airflow/.local/lib/python3.8/site-packages/airflow/example_dags/example_time_delta_sensor_async.py
[2024-05-22T22:44:14.323+0000] {processor.py:840} INFO - DAG(s) 'example_time_delta_sensor_async' retrieved from /home/airflow/.local/lib/python3.8/site-packages/airflow/example_dags/example_time_delta_sensor_async.py
[2024-05-22T22:44:14.345+0000] {logging_mixin.py:188} INFO - [2024-05-22T22:44:14.345+0000] {dag.py:3036} INFO - Sync 1 DAGs
[2024-05-22T22:44:14.359+0000] {logging_mixin.py:188} INFO - [2024-05-22T22:44:14.359+0000] {dag.py:3823} INFO - Setting next_dagrun for example_time_delta_sensor_async to None, run_after=None
[2024-05-22T22:44:14.387+0000] {processor.py:183} INFO - Processing /home/airflow/.local/lib/python3.8/site-packages/airflow/example_dags/example_time_delta_sensor_async.py took 0.074 seconds
[2024-05-22T22:44:44.811+0000] {processor.py:161} INFO - Started process (PID=53137) to work on /home/airflow/.local/lib/python3.8/site-packages/airflow/example_dags/example_time_delta_sensor_async.py
[2024-05-22T22:44:44.812+0000] {processor.py:830} INFO - Processing file /home/airflow/.local/lib/python3.8/site-packages/airflow/example_dags/example_time_delta_sensor_async.py for tasks to queue
[2024-05-22T22:44:44.814+0000] {logging_mixin.py:188} INFO - [2024-05-22T22:44:44.814+0000] {dagbag.py:538} INFO - Filling up the DagBag from /home/airflow/.local/lib/python3.8/site-packages/airflow/example_dags/example_time_delta_sensor_async.py
[2024-05-22T22:44:44.819+0000] {processor.py:840} INFO - DAG(s) 'example_time_delta_sensor_async' retrieved from /home/airflow/.local/lib/python3.8/site-packages/airflow/example_dags/example_time_delta_sensor_async.py
[2024-05-22T22:44:44.843+0000] {logging_mixin.py:188} INFO - [2024-05-22T22:44:44.843+0000] {dag.py:3036} INFO - Sync 1 DAGs
[2024-05-22T22:44:44.857+0000] {logging_mixin.py:188} INFO - [2024-05-22T22:44:44.857+0000] {dag.py:3823} INFO - Setting next_dagrun for example_time_delta_sensor_async to None, run_after=None
[2024-05-22T22:44:44.885+0000] {processor.py:183} INFO - Processing /home/airflow/.local/lib/python3.8/site-packages/airflow/example_dags/example_time_delta_sensor_async.py took 0.077 seconds
[2024-05-22T22:45:15.063+0000] {processor.py:161} INFO - Started process (PID=53195) to work on /home/airflow/.local/lib/python3.8/site-packages/airflow/example_dags/example_time_delta_sensor_async.py
[2024-05-22T22:45:15.065+0000] {processor.py:830} INFO - Processing file /home/airflow/.local/lib/python3.8/site-packages/airflow/example_dags/example_time_delta_sensor_async.py for tasks to queue
[2024-05-22T22:45:15.067+0000] {logging_mixin.py:188} INFO - [2024-05-22T22:45:15.067+0000] {dagbag.py:538} INFO - Filling up the DagBag from /home/airflow/.local/lib/python3.8/site-packages/airflow/example_dags/example_time_delta_sensor_async.py
[2024-05-22T22:45:15.073+0000] {processor.py:840} INFO - DAG(s) 'example_time_delta_sensor_async' retrieved from /home/airflow/.local/lib/python3.8/site-packages/airflow/example_dags/example_time_delta_sensor_async.py
[2024-05-22T22:45:15.099+0000] {logging_mixin.py:188} INFO - [2024-05-22T22:45:15.099+0000] {dag.py:3036} INFO - Sync 1 DAGs
[2024-05-22T22:45:15.118+0000] {logging_mixin.py:188} INFO - [2024-05-22T22:45:15.118+0000] {dag.py:3823} INFO - Setting next_dagrun for example_time_delta_sensor_async to None, run_after=None
[2024-05-22T22:45:15.149+0000] {processor.py:183} INFO - Processing /home/airflow/.local/lib/python3.8/site-packages/airflow/example_dags/example_time_delta_sensor_async.py took 0.090 seconds
[2024-05-22T22:45:45.289+0000] {processor.py:161} INFO - Started process (PID=53253) to work on /home/airflow/.local/lib/python3.8/site-packages/airflow/example_dags/example_time_delta_sensor_async.py
[2024-05-22T22:45:45.290+0000] {processor.py:830} INFO - Processing file /home/airflow/.local/lib/python3.8/site-packages/airflow/example_dags/example_time_delta_sensor_async.py for tasks to queue
[2024-05-22T22:45:45.292+0000] {logging_mixin.py:188} INFO - [2024-05-22T22:45:45.292+0000] {dagbag.py:538} INFO - Filling up the DagBag from /home/airflow/.local/lib/python3.8/site-packages/airflow/example_dags/example_time_delta_sensor_async.py
[2024-05-22T22:45:45.298+0000] {processor.py:840} INFO - DAG(s) 'example_time_delta_sensor_async' retrieved from /home/airflow/.local/lib/python3.8/site-packages/airflow/example_dags/example_time_delta_sensor_async.py
[2024-05-22T22:45:45.332+0000] {logging_mixin.py:188} INFO - [2024-05-22T22:45:45.331+0000] {dag.py:3036} INFO - Sync 1 DAGs
[2024-05-22T22:45:45.351+0000] {logging_mixin.py:188} INFO - [2024-05-22T22:45:45.351+0000] {dag.py:3823} INFO - Setting next_dagrun for example_time_delta_sensor_async to None, run_after=None
[2024-05-22T22:45:45.377+0000] {processor.py:183} INFO - Processing /home/airflow/.local/lib/python3.8/site-packages/airflow/example_dags/example_time_delta_sensor_async.py took 0.092 seconds
[2024-05-22T22:46:16.326+0000] {processor.py:161} INFO - Started process (PID=53311) to work on /home/airflow/.local/lib/python3.8/site-packages/airflow/example_dags/example_time_delta_sensor_async.py
[2024-05-22T22:46:16.327+0000] {processor.py:830} INFO - Processing file /home/airflow/.local/lib/python3.8/site-packages/airflow/example_dags/example_time_delta_sensor_async.py for tasks to queue
[2024-05-22T22:46:16.330+0000] {logging_mixin.py:188} INFO - [2024-05-22T22:46:16.329+0000] {dagbag.py:538} INFO - Filling up the DagBag from /home/airflow/.local/lib/python3.8/site-packages/airflow/example_dags/example_time_delta_sensor_async.py
[2024-05-22T22:46:16.335+0000] {processor.py:840} INFO - DAG(s) 'example_time_delta_sensor_async' retrieved from /home/airflow/.local/lib/python3.8/site-packages/airflow/example_dags/example_time_delta_sensor_async.py
[2024-05-22T22:46:16.358+0000] {logging_mixin.py:188} INFO - [2024-05-22T22:46:16.358+0000] {dag.py:3036} INFO - Sync 1 DAGs
[2024-05-22T22:46:16.375+0000] {logging_mixin.py:188} INFO - [2024-05-22T22:46:16.374+0000] {dag.py:3823} INFO - Setting next_dagrun for example_time_delta_sensor_async to None, run_after=None
[2024-05-22T22:46:16.401+0000] {processor.py:183} INFO - Processing /home/airflow/.local/lib/python3.8/site-packages/airflow/example_dags/example_time_delta_sensor_async.py took 0.079 seconds
[2024-05-22T22:46:46.892+0000] {processor.py:161} INFO - Started process (PID=53368) to work on /home/airflow/.local/lib/python3.8/site-packages/airflow/example_dags/example_time_delta_sensor_async.py
[2024-05-22T22:46:46.893+0000] {processor.py:830} INFO - Processing file /home/airflow/.local/lib/python3.8/site-packages/airflow/example_dags/example_time_delta_sensor_async.py for tasks to queue
[2024-05-22T22:46:46.895+0000] {logging_mixin.py:188} INFO - [2024-05-22T22:46:46.895+0000] {dagbag.py:538} INFO - Filling up the DagBag from /home/airflow/.local/lib/python3.8/site-packages/airflow/example_dags/example_time_delta_sensor_async.py
[2024-05-22T22:46:46.902+0000] {processor.py:840} INFO - DAG(s) 'example_time_delta_sensor_async' retrieved from /home/airflow/.local/lib/python3.8/site-packages/airflow/example_dags/example_time_delta_sensor_async.py
[2024-05-22T22:46:46.927+0000] {logging_mixin.py:188} INFO - [2024-05-22T22:46:46.926+0000] {dag.py:3036} INFO - Sync 1 DAGs
[2024-05-22T22:46:46.944+0000] {logging_mixin.py:188} INFO - [2024-05-22T22:46:46.943+0000] {dag.py:3823} INFO - Setting next_dagrun for example_time_delta_sensor_async to None, run_after=None
[2024-05-22T22:46:46.972+0000] {processor.py:183} INFO - Processing /home/airflow/.local/lib/python3.8/site-packages/airflow/example_dags/example_time_delta_sensor_async.py took 0.083 seconds
[2024-05-22T22:47:17.075+0000] {processor.py:161} INFO - Started process (PID=53423) to work on /home/airflow/.local/lib/python3.8/site-packages/airflow/example_dags/example_time_delta_sensor_async.py
[2024-05-22T22:47:17.076+0000] {processor.py:830} INFO - Processing file /home/airflow/.local/lib/python3.8/site-packages/airflow/example_dags/example_time_delta_sensor_async.py for tasks to queue
[2024-05-22T22:47:17.078+0000] {logging_mixin.py:188} INFO - [2024-05-22T22:47:17.077+0000] {dagbag.py:538} INFO - Filling up the DagBag from /home/airflow/.local/lib/python3.8/site-packages/airflow/example_dags/example_time_delta_sensor_async.py
[2024-05-22T22:47:17.082+0000] {processor.py:840} INFO - DAG(s) 'example_time_delta_sensor_async' retrieved from /home/airflow/.local/lib/python3.8/site-packages/airflow/example_dags/example_time_delta_sensor_async.py
[2024-05-22T22:47:17.101+0000] {logging_mixin.py:188} INFO - [2024-05-22T22:47:17.101+0000] {dag.py:3036} INFO - Sync 1 DAGs
[2024-05-22T22:47:17.114+0000] {logging_mixin.py:188} INFO - [2024-05-22T22:47:17.114+0000] {dag.py:3823} INFO - Setting next_dagrun for example_time_delta_sensor_async to None, run_after=None
[2024-05-22T22:47:17.135+0000] {processor.py:183} INFO - Processing /home/airflow/.local/lib/python3.8/site-packages/airflow/example_dags/example_time_delta_sensor_async.py took 0.063 seconds
[2024-05-22T22:47:47.527+0000] {processor.py:161} INFO - Started process (PID=53481) to work on /home/airflow/.local/lib/python3.8/site-packages/airflow/example_dags/example_time_delta_sensor_async.py
[2024-05-22T22:47:47.529+0000] {processor.py:830} INFO - Processing file /home/airflow/.local/lib/python3.8/site-packages/airflow/example_dags/example_time_delta_sensor_async.py for tasks to queue
[2024-05-22T22:47:47.531+0000] {logging_mixin.py:188} INFO - [2024-05-22T22:47:47.531+0000] {dagbag.py:538} INFO - Filling up the DagBag from /home/airflow/.local/lib/python3.8/site-packages/airflow/example_dags/example_time_delta_sensor_async.py
[2024-05-22T22:47:47.539+0000] {processor.py:840} INFO - DAG(s) 'example_time_delta_sensor_async' retrieved from /home/airflow/.local/lib/python3.8/site-packages/airflow/example_dags/example_time_delta_sensor_async.py
[2024-05-22T22:47:47.566+0000] {logging_mixin.py:188} INFO - [2024-05-22T22:47:47.566+0000] {dag.py:3036} INFO - Sync 1 DAGs
[2024-05-22T22:47:47.583+0000] {logging_mixin.py:188} INFO - [2024-05-22T22:47:47.582+0000] {dag.py:3823} INFO - Setting next_dagrun for example_time_delta_sensor_async to None, run_after=None
[2024-05-22T22:47:47.609+0000] {processor.py:183} INFO - Processing /home/airflow/.local/lib/python3.8/site-packages/airflow/example_dags/example_time_delta_sensor_async.py took 0.085 seconds
[2024-05-22T22:48:18.074+0000] {processor.py:161} INFO - Started process (PID=53538) to work on /home/airflow/.local/lib/python3.8/site-packages/airflow/example_dags/example_time_delta_sensor_async.py
[2024-05-22T22:48:18.075+0000] {processor.py:830} INFO - Processing file /home/airflow/.local/lib/python3.8/site-packages/airflow/example_dags/example_time_delta_sensor_async.py for tasks to queue
[2024-05-22T22:48:18.079+0000] {logging_mixin.py:188} INFO - [2024-05-22T22:48:18.078+0000] {dagbag.py:538} INFO - Filling up the DagBag from /home/airflow/.local/lib/python3.8/site-packages/airflow/example_dags/example_time_delta_sensor_async.py
[2024-05-22T22:48:18.085+0000] {processor.py:840} INFO - DAG(s) 'example_time_delta_sensor_async' retrieved from /home/airflow/.local/lib/python3.8/site-packages/airflow/example_dags/example_time_delta_sensor_async.py
[2024-05-22T22:48:18.112+0000] {logging_mixin.py:188} INFO - [2024-05-22T22:48:18.111+0000] {dag.py:3036} INFO - Sync 1 DAGs
[2024-05-22T22:48:18.130+0000] {logging_mixin.py:188} INFO - [2024-05-22T22:48:18.130+0000] {dag.py:3823} INFO - Setting next_dagrun for example_time_delta_sensor_async to None, run_after=None
[2024-05-22T22:48:18.158+0000] {processor.py:183} INFO - Processing /home/airflow/.local/lib/python3.8/site-packages/airflow/example_dags/example_time_delta_sensor_async.py took 0.087 seconds
[2024-05-22T22:48:48.614+0000] {processor.py:161} INFO - Started process (PID=53595) to work on /home/airflow/.local/lib/python3.8/site-packages/airflow/example_dags/example_time_delta_sensor_async.py
[2024-05-22T22:48:48.615+0000] {processor.py:830} INFO - Processing file /home/airflow/.local/lib/python3.8/site-packages/airflow/example_dags/example_time_delta_sensor_async.py for tasks to queue
[2024-05-22T22:48:48.617+0000] {logging_mixin.py:188} INFO - [2024-05-22T22:48:48.617+0000] {dagbag.py:538} INFO - Filling up the DagBag from /home/airflow/.local/lib/python3.8/site-packages/airflow/example_dags/example_time_delta_sensor_async.py
[2024-05-22T22:48:48.624+0000] {processor.py:840} INFO - DAG(s) 'example_time_delta_sensor_async' retrieved from /home/airflow/.local/lib/python3.8/site-packages/airflow/example_dags/example_time_delta_sensor_async.py
[2024-05-22T22:48:48.651+0000] {logging_mixin.py:188} INFO - [2024-05-22T22:48:48.650+0000] {dag.py:3036} INFO - Sync 1 DAGs
[2024-05-22T22:48:48.667+0000] {logging_mixin.py:188} INFO - [2024-05-22T22:48:48.667+0000] {dag.py:3823} INFO - Setting next_dagrun for example_time_delta_sensor_async to None, run_after=None
[2024-05-22T22:48:48.695+0000] {processor.py:183} INFO - Processing /home/airflow/.local/lib/python3.8/site-packages/airflow/example_dags/example_time_delta_sensor_async.py took 0.086 seconds
[2024-05-22T22:49:19.050+0000] {processor.py:161} INFO - Started process (PID=53652) to work on /home/airflow/.local/lib/python3.8/site-packages/airflow/example_dags/example_time_delta_sensor_async.py
[2024-05-22T22:49:19.051+0000] {processor.py:830} INFO - Processing file /home/airflow/.local/lib/python3.8/site-packages/airflow/example_dags/example_time_delta_sensor_async.py for tasks to queue
[2024-05-22T22:49:19.053+0000] {logging_mixin.py:188} INFO - [2024-05-22T22:49:19.052+0000] {dagbag.py:538} INFO - Filling up the DagBag from /home/airflow/.local/lib/python3.8/site-packages/airflow/example_dags/example_time_delta_sensor_async.py
[2024-05-22T22:49:19.057+0000] {processor.py:840} INFO - DAG(s) 'example_time_delta_sensor_async' retrieved from /home/airflow/.local/lib/python3.8/site-packages/airflow/example_dags/example_time_delta_sensor_async.py
[2024-05-22T22:49:19.078+0000] {logging_mixin.py:188} INFO - [2024-05-22T22:49:19.077+0000] {dag.py:3036} INFO - Sync 1 DAGs
[2024-05-22T22:49:19.094+0000] {logging_mixin.py:188} INFO - [2024-05-22T22:49:19.093+0000] {dag.py:3823} INFO - Setting next_dagrun for example_time_delta_sensor_async to None, run_after=None
[2024-05-22T22:49:19.116+0000] {processor.py:183} INFO - Processing /home/airflow/.local/lib/python3.8/site-packages/airflow/example_dags/example_time_delta_sensor_async.py took 0.069 seconds
[2024-05-22T22:49:49.309+0000] {processor.py:161} INFO - Started process (PID=53709) to work on /home/airflow/.local/lib/python3.8/site-packages/airflow/example_dags/example_time_delta_sensor_async.py
[2024-05-22T22:49:49.311+0000] {processor.py:830} INFO - Processing file /home/airflow/.local/lib/python3.8/site-packages/airflow/example_dags/example_time_delta_sensor_async.py for tasks to queue
[2024-05-22T22:49:49.313+0000] {logging_mixin.py:188} INFO - [2024-05-22T22:49:49.312+0000] {dagbag.py:538} INFO - Filling up the DagBag from /home/airflow/.local/lib/python3.8/site-packages/airflow/example_dags/example_time_delta_sensor_async.py
[2024-05-22T22:49:49.318+0000] {processor.py:840} INFO - DAG(s) 'example_time_delta_sensor_async' retrieved from /home/airflow/.local/lib/python3.8/site-packages/airflow/example_dags/example_time_delta_sensor_async.py
[2024-05-22T22:49:49.339+0000] {logging_mixin.py:188} INFO - [2024-05-22T22:49:49.339+0000] {dag.py:3036} INFO - Sync 1 DAGs
[2024-05-22T22:49:49.354+0000] {logging_mixin.py:188} INFO - [2024-05-22T22:49:49.354+0000] {dag.py:3823} INFO - Setting next_dagrun for example_time_delta_sensor_async to None, run_after=None
[2024-05-22T22:49:49.383+0000] {processor.py:183} INFO - Processing /home/airflow/.local/lib/python3.8/site-packages/airflow/example_dags/example_time_delta_sensor_async.py took 0.077 seconds
[2024-05-22T22:50:19.896+0000] {processor.py:161} INFO - Started process (PID=53766) to work on /home/airflow/.local/lib/python3.8/site-packages/airflow/example_dags/example_time_delta_sensor_async.py
[2024-05-22T22:50:19.897+0000] {processor.py:830} INFO - Processing file /home/airflow/.local/lib/python3.8/site-packages/airflow/example_dags/example_time_delta_sensor_async.py for tasks to queue
[2024-05-22T22:50:19.899+0000] {logging_mixin.py:188} INFO - [2024-05-22T22:50:19.899+0000] {dagbag.py:538} INFO - Filling up the DagBag from /home/airflow/.local/lib/python3.8/site-packages/airflow/example_dags/example_time_delta_sensor_async.py
[2024-05-22T22:50:19.904+0000] {processor.py:840} INFO - DAG(s) 'example_time_delta_sensor_async' retrieved from /home/airflow/.local/lib/python3.8/site-packages/airflow/example_dags/example_time_delta_sensor_async.py
[2024-05-22T22:50:19.927+0000] {logging_mixin.py:188} INFO - [2024-05-22T22:50:19.927+0000] {dag.py:3036} INFO - Sync 1 DAGs
[2024-05-22T22:50:19.941+0000] {logging_mixin.py:188} INFO - [2024-05-22T22:50:19.941+0000] {dag.py:3823} INFO - Setting next_dagrun for example_time_delta_sensor_async to None, run_after=None
[2024-05-22T22:50:19.963+0000] {processor.py:183} INFO - Processing /home/airflow/.local/lib/python3.8/site-packages/airflow/example_dags/example_time_delta_sensor_async.py took 0.071 seconds
[2024-05-22T22:50:50.374+0000] {processor.py:161} INFO - Started process (PID=53823) to work on /home/airflow/.local/lib/python3.8/site-packages/airflow/example_dags/example_time_delta_sensor_async.py
[2024-05-22T22:50:50.375+0000] {processor.py:830} INFO - Processing file /home/airflow/.local/lib/python3.8/site-packages/airflow/example_dags/example_time_delta_sensor_async.py for tasks to queue
[2024-05-22T22:50:50.377+0000] {logging_mixin.py:188} INFO - [2024-05-22T22:50:50.377+0000] {dagbag.py:538} INFO - Filling up the DagBag from /home/airflow/.local/lib/python3.8/site-packages/airflow/example_dags/example_time_delta_sensor_async.py
[2024-05-22T22:50:50.384+0000] {processor.py:840} INFO - DAG(s) 'example_time_delta_sensor_async' retrieved from /home/airflow/.local/lib/python3.8/site-packages/airflow/example_dags/example_time_delta_sensor_async.py
[2024-05-22T22:50:50.409+0000] {logging_mixin.py:188} INFO - [2024-05-22T22:50:50.409+0000] {dag.py:3036} INFO - Sync 1 DAGs
[2024-05-22T22:50:50.429+0000] {logging_mixin.py:188} INFO - [2024-05-22T22:50:50.429+0000] {dag.py:3823} INFO - Setting next_dagrun for example_time_delta_sensor_async to None, run_after=None
[2024-05-22T22:50:50.454+0000] {processor.py:183} INFO - Processing /home/airflow/.local/lib/python3.8/site-packages/airflow/example_dags/example_time_delta_sensor_async.py took 0.086 seconds
[2024-05-22T22:51:20.915+0000] {processor.py:161} INFO - Started process (PID=53880) to work on /home/airflow/.local/lib/python3.8/site-packages/airflow/example_dags/example_time_delta_sensor_async.py
[2024-05-22T22:51:20.916+0000] {processor.py:830} INFO - Processing file /home/airflow/.local/lib/python3.8/site-packages/airflow/example_dags/example_time_delta_sensor_async.py for tasks to queue
[2024-05-22T22:51:20.918+0000] {logging_mixin.py:188} INFO - [2024-05-22T22:51:20.918+0000] {dagbag.py:538} INFO - Filling up the DagBag from /home/airflow/.local/lib/python3.8/site-packages/airflow/example_dags/example_time_delta_sensor_async.py
[2024-05-22T22:51:20.923+0000] {processor.py:840} INFO - DAG(s) 'example_time_delta_sensor_async' retrieved from /home/airflow/.local/lib/python3.8/site-packages/airflow/example_dags/example_time_delta_sensor_async.py
[2024-05-22T22:51:20.944+0000] {logging_mixin.py:188} INFO - [2024-05-22T22:51:20.944+0000] {dag.py:3036} INFO - Sync 1 DAGs
[2024-05-22T22:51:20.959+0000] {logging_mixin.py:188} INFO - [2024-05-22T22:51:20.959+0000] {dag.py:3823} INFO - Setting next_dagrun for example_time_delta_sensor_async to None, run_after=None
[2024-05-22T22:51:20.981+0000] {processor.py:183} INFO - Processing /home/airflow/.local/lib/python3.8/site-packages/airflow/example_dags/example_time_delta_sensor_async.py took 0.071 seconds
[2024-05-22T22:51:51.335+0000] {processor.py:161} INFO - Started process (PID=53937) to work on /home/airflow/.local/lib/python3.8/site-packages/airflow/example_dags/example_time_delta_sensor_async.py
[2024-05-22T22:51:51.336+0000] {processor.py:830} INFO - Processing file /home/airflow/.local/lib/python3.8/site-packages/airflow/example_dags/example_time_delta_sensor_async.py for tasks to queue
[2024-05-22T22:51:51.339+0000] {logging_mixin.py:188} INFO - [2024-05-22T22:51:51.339+0000] {dagbag.py:538} INFO - Filling up the DagBag from /home/airflow/.local/lib/python3.8/site-packages/airflow/example_dags/example_time_delta_sensor_async.py
[2024-05-22T22:51:51.345+0000] {processor.py:840} INFO - DAG(s) 'example_time_delta_sensor_async' retrieved from /home/airflow/.local/lib/python3.8/site-packages/airflow/example_dags/example_time_delta_sensor_async.py
[2024-05-22T22:51:51.375+0000] {logging_mixin.py:188} INFO - [2024-05-22T22:51:51.374+0000] {dag.py:3036} INFO - Sync 1 DAGs
[2024-05-22T22:51:51.391+0000] {logging_mixin.py:188} INFO - [2024-05-22T22:51:51.391+0000] {dag.py:3823} INFO - Setting next_dagrun for example_time_delta_sensor_async to None, run_after=None
[2024-05-22T22:51:51.415+0000] {processor.py:183} INFO - Processing /home/airflow/.local/lib/python3.8/site-packages/airflow/example_dags/example_time_delta_sensor_async.py took 0.084 seconds
[2024-05-22T22:52:21.741+0000] {processor.py:161} INFO - Started process (PID=53994) to work on /home/airflow/.local/lib/python3.8/site-packages/airflow/example_dags/example_time_delta_sensor_async.py
[2024-05-22T22:52:21.742+0000] {processor.py:830} INFO - Processing file /home/airflow/.local/lib/python3.8/site-packages/airflow/example_dags/example_time_delta_sensor_async.py for tasks to queue
[2024-05-22T22:52:21.744+0000] {logging_mixin.py:188} INFO - [2024-05-22T22:52:21.743+0000] {dagbag.py:538} INFO - Filling up the DagBag from /home/airflow/.local/lib/python3.8/site-packages/airflow/example_dags/example_time_delta_sensor_async.py
[2024-05-22T22:52:21.749+0000] {processor.py:840} INFO - DAG(s) 'example_time_delta_sensor_async' retrieved from /home/airflow/.local/lib/python3.8/site-packages/airflow/example_dags/example_time_delta_sensor_async.py
[2024-05-22T22:52:21.769+0000] {logging_mixin.py:188} INFO - [2024-05-22T22:52:21.769+0000] {dag.py:3036} INFO - Sync 1 DAGs
[2024-05-22T22:52:21.783+0000] {logging_mixin.py:188} INFO - [2024-05-22T22:52:21.783+0000] {dag.py:3823} INFO - Setting next_dagrun for example_time_delta_sensor_async to None, run_after=None
[2024-05-22T22:52:21.805+0000] {processor.py:183} INFO - Processing /home/airflow/.local/lib/python3.8/site-packages/airflow/example_dags/example_time_delta_sensor_async.py took 0.067 seconds
[2024-05-22T22:52:52.061+0000] {processor.py:161} INFO - Started process (PID=54052) to work on /home/airflow/.local/lib/python3.8/site-packages/airflow/example_dags/example_time_delta_sensor_async.py
[2024-05-22T22:52:52.062+0000] {processor.py:830} INFO - Processing file /home/airflow/.local/lib/python3.8/site-packages/airflow/example_dags/example_time_delta_sensor_async.py for tasks to queue
[2024-05-22T22:52:52.064+0000] {logging_mixin.py:188} INFO - [2024-05-22T22:52:52.064+0000] {dagbag.py:538} INFO - Filling up the DagBag from /home/airflow/.local/lib/python3.8/site-packages/airflow/example_dags/example_time_delta_sensor_async.py
[2024-05-22T22:52:52.068+0000] {processor.py:840} INFO - DAG(s) 'example_time_delta_sensor_async' retrieved from /home/airflow/.local/lib/python3.8/site-packages/airflow/example_dags/example_time_delta_sensor_async.py
[2024-05-22T22:52:52.096+0000] {logging_mixin.py:188} INFO - [2024-05-22T22:52:52.096+0000] {dag.py:3036} INFO - Sync 1 DAGs
[2024-05-22T22:52:52.113+0000] {logging_mixin.py:188} INFO - [2024-05-22T22:52:52.112+0000] {dag.py:3823} INFO - Setting next_dagrun for example_time_delta_sensor_async to None, run_after=None
[2024-05-22T22:52:52.134+0000] {processor.py:183} INFO - Processing /home/airflow/.local/lib/python3.8/site-packages/airflow/example_dags/example_time_delta_sensor_async.py took 0.077 seconds
[2024-05-22T22:53:22.503+0000] {processor.py:161} INFO - Started process (PID=54109) to work on /home/airflow/.local/lib/python3.8/site-packages/airflow/example_dags/example_time_delta_sensor_async.py
[2024-05-22T22:53:22.505+0000] {processor.py:830} INFO - Processing file /home/airflow/.local/lib/python3.8/site-packages/airflow/example_dags/example_time_delta_sensor_async.py for tasks to queue
[2024-05-22T22:53:22.507+0000] {logging_mixin.py:188} INFO - [2024-05-22T22:53:22.506+0000] {dagbag.py:538} INFO - Filling up the DagBag from /home/airflow/.local/lib/python3.8/site-packages/airflow/example_dags/example_time_delta_sensor_async.py
[2024-05-22T22:53:22.513+0000] {processor.py:840} INFO - DAG(s) 'example_time_delta_sensor_async' retrieved from /home/airflow/.local/lib/python3.8/site-packages/airflow/example_dags/example_time_delta_sensor_async.py
[2024-05-22T22:53:22.533+0000] {logging_mixin.py:188} INFO - [2024-05-22T22:53:22.533+0000] {dag.py:3036} INFO - Sync 1 DAGs
[2024-05-22T22:53:22.546+0000] {logging_mixin.py:188} INFO - [2024-05-22T22:53:22.546+0000] {dag.py:3823} INFO - Setting next_dagrun for example_time_delta_sensor_async to None, run_after=None
[2024-05-22T22:53:22.566+0000] {processor.py:183} INFO - Processing /home/airflow/.local/lib/python3.8/site-packages/airflow/example_dags/example_time_delta_sensor_async.py took 0.066 seconds
[2024-05-22T22:53:52.872+0000] {processor.py:161} INFO - Started process (PID=54166) to work on /home/airflow/.local/lib/python3.8/site-packages/airflow/example_dags/example_time_delta_sensor_async.py
[2024-05-22T22:53:52.872+0000] {processor.py:830} INFO - Processing file /home/airflow/.local/lib/python3.8/site-packages/airflow/example_dags/example_time_delta_sensor_async.py for tasks to queue
[2024-05-22T22:53:52.874+0000] {logging_mixin.py:188} INFO - [2024-05-22T22:53:52.874+0000] {dagbag.py:538} INFO - Filling up the DagBag from /home/airflow/.local/lib/python3.8/site-packages/airflow/example_dags/example_time_delta_sensor_async.py
[2024-05-22T22:53:52.879+0000] {processor.py:840} INFO - DAG(s) 'example_time_delta_sensor_async' retrieved from /home/airflow/.local/lib/python3.8/site-packages/airflow/example_dags/example_time_delta_sensor_async.py
[2024-05-22T22:53:52.900+0000] {logging_mixin.py:188} INFO - [2024-05-22T22:53:52.900+0000] {dag.py:3036} INFO - Sync 1 DAGs
[2024-05-22T22:53:52.915+0000] {logging_mixin.py:188} INFO - [2024-05-22T22:53:52.914+0000] {dag.py:3823} INFO - Setting next_dagrun for example_time_delta_sensor_async to None, run_after=None
[2024-05-22T22:53:52.946+0000] {processor.py:183} INFO - Processing /home/airflow/.local/lib/python3.8/site-packages/airflow/example_dags/example_time_delta_sensor_async.py took 0.077 seconds
[2024-05-22T22:54:23.205+0000] {processor.py:161} INFO - Started process (PID=54223) to work on /home/airflow/.local/lib/python3.8/site-packages/airflow/example_dags/example_time_delta_sensor_async.py
[2024-05-22T22:54:23.206+0000] {processor.py:830} INFO - Processing file /home/airflow/.local/lib/python3.8/site-packages/airflow/example_dags/example_time_delta_sensor_async.py for tasks to queue
[2024-05-22T22:54:23.208+0000] {logging_mixin.py:188} INFO - [2024-05-22T22:54:23.208+0000] {dagbag.py:538} INFO - Filling up the DagBag from /home/airflow/.local/lib/python3.8/site-packages/airflow/example_dags/example_time_delta_sensor_async.py
[2024-05-22T22:54:23.213+0000] {processor.py:840} INFO - DAG(s) 'example_time_delta_sensor_async' retrieved from /home/airflow/.local/lib/python3.8/site-packages/airflow/example_dags/example_time_delta_sensor_async.py
[2024-05-22T22:54:23.235+0000] {logging_mixin.py:188} INFO - [2024-05-22T22:54:23.235+0000] {dag.py:3036} INFO - Sync 1 DAGs
[2024-05-22T22:54:23.249+0000] {logging_mixin.py:188} INFO - [2024-05-22T22:54:23.249+0000] {dag.py:3823} INFO - Setting next_dagrun for example_time_delta_sensor_async to None, run_after=None
[2024-05-22T22:54:23.270+0000] {processor.py:183} INFO - Processing /home/airflow/.local/lib/python3.8/site-packages/airflow/example_dags/example_time_delta_sensor_async.py took 0.068 seconds
[2024-05-22T22:54:53.584+0000] {processor.py:161} INFO - Started process (PID=54280) to work on /home/airflow/.local/lib/python3.8/site-packages/airflow/example_dags/example_time_delta_sensor_async.py
[2024-05-22T22:54:53.585+0000] {processor.py:830} INFO - Processing file /home/airflow/.local/lib/python3.8/site-packages/airflow/example_dags/example_time_delta_sensor_async.py for tasks to queue
[2024-05-22T22:54:53.586+0000] {logging_mixin.py:188} INFO - [2024-05-22T22:54:53.586+0000] {dagbag.py:538} INFO - Filling up the DagBag from /home/airflow/.local/lib/python3.8/site-packages/airflow/example_dags/example_time_delta_sensor_async.py
[2024-05-22T22:54:53.591+0000] {processor.py:840} INFO - DAG(s) 'example_time_delta_sensor_async' retrieved from /home/airflow/.local/lib/python3.8/site-packages/airflow/example_dags/example_time_delta_sensor_async.py
[2024-05-22T22:54:53.611+0000] {logging_mixin.py:188} INFO - [2024-05-22T22:54:53.611+0000] {dag.py:3036} INFO - Sync 1 DAGs
[2024-05-22T22:54:53.624+0000] {logging_mixin.py:188} INFO - [2024-05-22T22:54:53.624+0000] {dag.py:3823} INFO - Setting next_dagrun for example_time_delta_sensor_async to None, run_after=None
[2024-05-22T22:54:53.644+0000] {processor.py:183} INFO - Processing /home/airflow/.local/lib/python3.8/site-packages/airflow/example_dags/example_time_delta_sensor_async.py took 0.063 seconds
[2024-05-22T22:55:23.883+0000] {processor.py:161} INFO - Started process (PID=54337) to work on /home/airflow/.local/lib/python3.8/site-packages/airflow/example_dags/example_time_delta_sensor_async.py
[2024-05-22T22:55:23.884+0000] {processor.py:830} INFO - Processing file /home/airflow/.local/lib/python3.8/site-packages/airflow/example_dags/example_time_delta_sensor_async.py for tasks to queue
[2024-05-22T22:55:23.886+0000] {logging_mixin.py:188} INFO - [2024-05-22T22:55:23.885+0000] {dagbag.py:538} INFO - Filling up the DagBag from /home/airflow/.local/lib/python3.8/site-packages/airflow/example_dags/example_time_delta_sensor_async.py
[2024-05-22T22:55:23.891+0000] {processor.py:840} INFO - DAG(s) 'example_time_delta_sensor_async' retrieved from /home/airflow/.local/lib/python3.8/site-packages/airflow/example_dags/example_time_delta_sensor_async.py
[2024-05-22T22:55:23.913+0000] {logging_mixin.py:188} INFO - [2024-05-22T22:55:23.913+0000] {dag.py:3036} INFO - Sync 1 DAGs
[2024-05-22T22:55:23.927+0000] {logging_mixin.py:188} INFO - [2024-05-22T22:55:23.927+0000] {dag.py:3823} INFO - Setting next_dagrun for example_time_delta_sensor_async to None, run_after=None
[2024-05-22T22:55:23.951+0000] {processor.py:183} INFO - Processing /home/airflow/.local/lib/python3.8/site-packages/airflow/example_dags/example_time_delta_sensor_async.py took 0.073 seconds
[2024-05-22T22:55:54.316+0000] {processor.py:161} INFO - Started process (PID=54394) to work on /home/airflow/.local/lib/python3.8/site-packages/airflow/example_dags/example_time_delta_sensor_async.py
[2024-05-22T22:55:54.317+0000] {processor.py:830} INFO - Processing file /home/airflow/.local/lib/python3.8/site-packages/airflow/example_dags/example_time_delta_sensor_async.py for tasks to queue
[2024-05-22T22:55:54.319+0000] {logging_mixin.py:188} INFO - [2024-05-22T22:55:54.318+0000] {dagbag.py:538} INFO - Filling up the DagBag from /home/airflow/.local/lib/python3.8/site-packages/airflow/example_dags/example_time_delta_sensor_async.py
[2024-05-22T22:55:54.323+0000] {processor.py:840} INFO - DAG(s) 'example_time_delta_sensor_async' retrieved from /home/airflow/.local/lib/python3.8/site-packages/airflow/example_dags/example_time_delta_sensor_async.py
[2024-05-22T22:55:54.347+0000] {logging_mixin.py:188} INFO - [2024-05-22T22:55:54.347+0000] {dag.py:3036} INFO - Sync 1 DAGs
[2024-05-22T22:55:54.361+0000] {logging_mixin.py:188} INFO - [2024-05-22T22:55:54.361+0000] {dag.py:3823} INFO - Setting next_dagrun for example_time_delta_sensor_async to None, run_after=None
[2024-05-22T22:55:54.390+0000] {processor.py:183} INFO - Processing /home/airflow/.local/lib/python3.8/site-packages/airflow/example_dags/example_time_delta_sensor_async.py took 0.078 seconds
[2024-05-22T22:56:25.292+0000] {processor.py:161} INFO - Started process (PID=54451) to work on /home/airflow/.local/lib/python3.8/site-packages/airflow/example_dags/example_time_delta_sensor_async.py
[2024-05-22T22:56:25.293+0000] {processor.py:830} INFO - Processing file /home/airflow/.local/lib/python3.8/site-packages/airflow/example_dags/example_time_delta_sensor_async.py for tasks to queue
[2024-05-22T22:56:25.295+0000] {logging_mixin.py:188} INFO - [2024-05-22T22:56:25.295+0000] {dagbag.py:538} INFO - Filling up the DagBag from /home/airflow/.local/lib/python3.8/site-packages/airflow/example_dags/example_time_delta_sensor_async.py
[2024-05-22T22:56:25.302+0000] {processor.py:840} INFO - DAG(s) 'example_time_delta_sensor_async' retrieved from /home/airflow/.local/lib/python3.8/site-packages/airflow/example_dags/example_time_delta_sensor_async.py
[2024-05-22T22:56:25.328+0000] {logging_mixin.py:188} INFO - [2024-05-22T22:56:25.328+0000] {dag.py:3036} INFO - Sync 1 DAGs
[2024-05-22T22:56:25.345+0000] {logging_mixin.py:188} INFO - [2024-05-22T22:56:25.345+0000] {dag.py:3823} INFO - Setting next_dagrun for example_time_delta_sensor_async to None, run_after=None
[2024-05-22T22:56:25.374+0000] {processor.py:183} INFO - Processing /home/airflow/.local/lib/python3.8/site-packages/airflow/example_dags/example_time_delta_sensor_async.py took 0.086 seconds
[2024-05-22T22:56:55.599+0000] {processor.py:161} INFO - Started process (PID=54508) to work on /home/airflow/.local/lib/python3.8/site-packages/airflow/example_dags/example_time_delta_sensor_async.py
[2024-05-22T22:56:55.600+0000] {processor.py:830} INFO - Processing file /home/airflow/.local/lib/python3.8/site-packages/airflow/example_dags/example_time_delta_sensor_async.py for tasks to queue
[2024-05-22T22:56:55.602+0000] {logging_mixin.py:188} INFO - [2024-05-22T22:56:55.602+0000] {dagbag.py:538} INFO - Filling up the DagBag from /home/airflow/.local/lib/python3.8/site-packages/airflow/example_dags/example_time_delta_sensor_async.py
[2024-05-22T22:56:55.607+0000] {processor.py:840} INFO - DAG(s) 'example_time_delta_sensor_async' retrieved from /home/airflow/.local/lib/python3.8/site-packages/airflow/example_dags/example_time_delta_sensor_async.py
[2024-05-22T22:56:55.629+0000] {logging_mixin.py:188} INFO - [2024-05-22T22:56:55.629+0000] {dag.py:3036} INFO - Sync 1 DAGs
[2024-05-22T22:56:55.642+0000] {logging_mixin.py:188} INFO - [2024-05-22T22:56:55.641+0000] {dag.py:3823} INFO - Setting next_dagrun for example_time_delta_sensor_async to None, run_after=None
[2024-05-22T22:56:55.665+0000] {processor.py:183} INFO - Processing /home/airflow/.local/lib/python3.8/site-packages/airflow/example_dags/example_time_delta_sensor_async.py took 0.071 seconds
[2024-05-22T22:57:26.089+0000] {processor.py:161} INFO - Started process (PID=54565) to work on /home/airflow/.local/lib/python3.8/site-packages/airflow/example_dags/example_time_delta_sensor_async.py
[2024-05-22T22:57:26.090+0000] {processor.py:830} INFO - Processing file /home/airflow/.local/lib/python3.8/site-packages/airflow/example_dags/example_time_delta_sensor_async.py for tasks to queue
[2024-05-22T22:57:26.093+0000] {logging_mixin.py:188} INFO - [2024-05-22T22:57:26.092+0000] {dagbag.py:538} INFO - Filling up the DagBag from /home/airflow/.local/lib/python3.8/site-packages/airflow/example_dags/example_time_delta_sensor_async.py
[2024-05-22T22:57:26.099+0000] {processor.py:840} INFO - DAG(s) 'example_time_delta_sensor_async' retrieved from /home/airflow/.local/lib/python3.8/site-packages/airflow/example_dags/example_time_delta_sensor_async.py
[2024-05-22T22:57:26.124+0000] {logging_mixin.py:188} INFO - [2024-05-22T22:57:26.124+0000] {dag.py:3036} INFO - Sync 1 DAGs
[2024-05-22T22:57:26.140+0000] {logging_mixin.py:188} INFO - [2024-05-22T22:57:26.140+0000] {dag.py:3823} INFO - Setting next_dagrun for example_time_delta_sensor_async to None, run_after=None
[2024-05-22T22:57:26.164+0000] {processor.py:183} INFO - Processing /home/airflow/.local/lib/python3.8/site-packages/airflow/example_dags/example_time_delta_sensor_async.py took 0.079 seconds
[2024-05-22T22:57:56.432+0000] {processor.py:161} INFO - Started process (PID=54622) to work on /home/airflow/.local/lib/python3.8/site-packages/airflow/example_dags/example_time_delta_sensor_async.py
[2024-05-22T22:57:56.433+0000] {processor.py:830} INFO - Processing file /home/airflow/.local/lib/python3.8/site-packages/airflow/example_dags/example_time_delta_sensor_async.py for tasks to queue
[2024-05-22T22:57:56.434+0000] {logging_mixin.py:188} INFO - [2024-05-22T22:57:56.434+0000] {dagbag.py:538} INFO - Filling up the DagBag from /home/airflow/.local/lib/python3.8/site-packages/airflow/example_dags/example_time_delta_sensor_async.py
[2024-05-22T22:57:56.441+0000] {processor.py:840} INFO - DAG(s) 'example_time_delta_sensor_async' retrieved from /home/airflow/.local/lib/python3.8/site-packages/airflow/example_dags/example_time_delta_sensor_async.py
[2024-05-22T22:57:56.461+0000] {logging_mixin.py:188} INFO - [2024-05-22T22:57:56.461+0000] {dag.py:3036} INFO - Sync 1 DAGs
[2024-05-22T22:57:56.474+0000] {logging_mixin.py:188} INFO - [2024-05-22T22:57:56.474+0000] {dag.py:3823} INFO - Setting next_dagrun for example_time_delta_sensor_async to None, run_after=None
[2024-05-22T22:57:56.496+0000] {processor.py:183} INFO - Processing /home/airflow/.local/lib/python3.8/site-packages/airflow/example_dags/example_time_delta_sensor_async.py took 0.068 seconds
[2024-05-22T22:58:26.905+0000] {processor.py:161} INFO - Started process (PID=54679) to work on /home/airflow/.local/lib/python3.8/site-packages/airflow/example_dags/example_time_delta_sensor_async.py
[2024-05-22T22:58:26.906+0000] {processor.py:830} INFO - Processing file /home/airflow/.local/lib/python3.8/site-packages/airflow/example_dags/example_time_delta_sensor_async.py for tasks to queue
[2024-05-22T22:58:26.908+0000] {logging_mixin.py:188} INFO - [2024-05-22T22:58:26.907+0000] {dagbag.py:538} INFO - Filling up the DagBag from /home/airflow/.local/lib/python3.8/site-packages/airflow/example_dags/example_time_delta_sensor_async.py
[2024-05-22T22:58:26.914+0000] {processor.py:840} INFO - DAG(s) 'example_time_delta_sensor_async' retrieved from /home/airflow/.local/lib/python3.8/site-packages/airflow/example_dags/example_time_delta_sensor_async.py
[2024-05-22T22:58:26.940+0000] {logging_mixin.py:188} INFO - [2024-05-22T22:58:26.939+0000] {dag.py:3036} INFO - Sync 1 DAGs
[2024-05-22T22:58:26.955+0000] {logging_mixin.py:188} INFO - [2024-05-22T22:58:26.955+0000] {dag.py:3823} INFO - Setting next_dagrun for example_time_delta_sensor_async to None, run_after=None
[2024-05-22T22:58:26.979+0000] {processor.py:183} INFO - Processing /home/airflow/.local/lib/python3.8/site-packages/airflow/example_dags/example_time_delta_sensor_async.py took 0.078 seconds
[2024-05-22T22:58:57.312+0000] {processor.py:161} INFO - Started process (PID=54736) to work on /home/airflow/.local/lib/python3.8/site-packages/airflow/example_dags/example_time_delta_sensor_async.py
[2024-05-22T22:58:57.313+0000] {processor.py:830} INFO - Processing file /home/airflow/.local/lib/python3.8/site-packages/airflow/example_dags/example_time_delta_sensor_async.py for tasks to queue
[2024-05-22T22:58:57.314+0000] {logging_mixin.py:188} INFO - [2024-05-22T22:58:57.314+0000] {dagbag.py:538} INFO - Filling up the DagBag from /home/airflow/.local/lib/python3.8/site-packages/airflow/example_dags/example_time_delta_sensor_async.py
[2024-05-22T22:58:57.319+0000] {processor.py:840} INFO - DAG(s) 'example_time_delta_sensor_async' retrieved from /home/airflow/.local/lib/python3.8/site-packages/airflow/example_dags/example_time_delta_sensor_async.py
[2024-05-22T22:58:57.345+0000] {logging_mixin.py:188} INFO - [2024-05-22T22:58:57.344+0000] {dag.py:3036} INFO - Sync 1 DAGs
[2024-05-22T22:58:57.362+0000] {logging_mixin.py:188} INFO - [2024-05-22T22:58:57.361+0000] {dag.py:3823} INFO - Setting next_dagrun for example_time_delta_sensor_async to None, run_after=None
[2024-05-22T22:58:57.383+0000] {processor.py:183} INFO - Processing /home/airflow/.local/lib/python3.8/site-packages/airflow/example_dags/example_time_delta_sensor_async.py took 0.075 seconds
[2024-05-22T22:59:27.654+0000] {processor.py:161} INFO - Started process (PID=54793) to work on /home/airflow/.local/lib/python3.8/site-packages/airflow/example_dags/example_time_delta_sensor_async.py
[2024-05-22T22:59:27.655+0000] {processor.py:830} INFO - Processing file /home/airflow/.local/lib/python3.8/site-packages/airflow/example_dags/example_time_delta_sensor_async.py for tasks to queue
[2024-05-22T22:59:27.657+0000] {logging_mixin.py:188} INFO - [2024-05-22T22:59:27.657+0000] {dagbag.py:538} INFO - Filling up the DagBag from /home/airflow/.local/lib/python3.8/site-packages/airflow/example_dags/example_time_delta_sensor_async.py
[2024-05-22T22:59:27.664+0000] {processor.py:840} INFO - DAG(s) 'example_time_delta_sensor_async' retrieved from /home/airflow/.local/lib/python3.8/site-packages/airflow/example_dags/example_time_delta_sensor_async.py
[2024-05-22T22:59:27.689+0000] {logging_mixin.py:188} INFO - [2024-05-22T22:59:27.689+0000] {dag.py:3036} INFO - Sync 1 DAGs
[2024-05-22T22:59:27.703+0000] {logging_mixin.py:188} INFO - [2024-05-22T22:59:27.702+0000] {dag.py:3823} INFO - Setting next_dagrun for example_time_delta_sensor_async to None, run_after=None
[2024-05-22T22:59:27.724+0000] {processor.py:183} INFO - Processing /home/airflow/.local/lib/python3.8/site-packages/airflow/example_dags/example_time_delta_sensor_async.py took 0.074 seconds
[2024-05-22T22:59:57.960+0000] {processor.py:161} INFO - Started process (PID=54850) to work on /home/airflow/.local/lib/python3.8/site-packages/airflow/example_dags/example_time_delta_sensor_async.py
[2024-05-22T22:59:57.961+0000] {processor.py:830} INFO - Processing file /home/airflow/.local/lib/python3.8/site-packages/airflow/example_dags/example_time_delta_sensor_async.py for tasks to queue
[2024-05-22T22:59:57.962+0000] {logging_mixin.py:188} INFO - [2024-05-22T22:59:57.962+0000] {dagbag.py:538} INFO - Filling up the DagBag from /home/airflow/.local/lib/python3.8/site-packages/airflow/example_dags/example_time_delta_sensor_async.py
[2024-05-22T22:59:57.967+0000] {processor.py:840} INFO - DAG(s) 'example_time_delta_sensor_async' retrieved from /home/airflow/.local/lib/python3.8/site-packages/airflow/example_dags/example_time_delta_sensor_async.py
[2024-05-22T22:59:57.985+0000] {logging_mixin.py:188} INFO - [2024-05-22T22:59:57.985+0000] {dag.py:3036} INFO - Sync 1 DAGs
[2024-05-22T22:59:57.997+0000] {logging_mixin.py:188} INFO - [2024-05-22T22:59:57.997+0000] {dag.py:3823} INFO - Setting next_dagrun for example_time_delta_sensor_async to None, run_after=None
[2024-05-22T22:59:58.017+0000] {processor.py:183} INFO - Processing /home/airflow/.local/lib/python3.8/site-packages/airflow/example_dags/example_time_delta_sensor_async.py took 0.060 seconds
[2024-05-22T23:00:28.201+0000] {processor.py:161} INFO - Started process (PID=54907) to work on /home/airflow/.local/lib/python3.8/site-packages/airflow/example_dags/example_time_delta_sensor_async.py
[2024-05-22T23:00:28.202+0000] {processor.py:830} INFO - Processing file /home/airflow/.local/lib/python3.8/site-packages/airflow/example_dags/example_time_delta_sensor_async.py for tasks to queue
[2024-05-22T23:00:28.204+0000] {logging_mixin.py:188} INFO - [2024-05-22T23:00:28.204+0000] {dagbag.py:538} INFO - Filling up the DagBag from /home/airflow/.local/lib/python3.8/site-packages/airflow/example_dags/example_time_delta_sensor_async.py
[2024-05-22T23:00:28.209+0000] {processor.py:840} INFO - DAG(s) 'example_time_delta_sensor_async' retrieved from /home/airflow/.local/lib/python3.8/site-packages/airflow/example_dags/example_time_delta_sensor_async.py
[2024-05-22T23:00:28.227+0000] {logging_mixin.py:188} INFO - [2024-05-22T23:00:28.227+0000] {dag.py:3036} INFO - Sync 1 DAGs
[2024-05-22T23:00:28.240+0000] {logging_mixin.py:188} INFO - [2024-05-22T23:00:28.240+0000] {dag.py:3823} INFO - Setting next_dagrun for example_time_delta_sensor_async to None, run_after=None
[2024-05-22T23:00:28.260+0000] {processor.py:183} INFO - Processing /home/airflow/.local/lib/python3.8/site-packages/airflow/example_dags/example_time_delta_sensor_async.py took 0.062 seconds
[2024-05-22T23:00:59.056+0000] {processor.py:161} INFO - Started process (PID=54964) to work on /home/airflow/.local/lib/python3.8/site-packages/airflow/example_dags/example_time_delta_sensor_async.py
[2024-05-22T23:00:59.057+0000] {processor.py:830} INFO - Processing file /home/airflow/.local/lib/python3.8/site-packages/airflow/example_dags/example_time_delta_sensor_async.py for tasks to queue
[2024-05-22T23:00:59.059+0000] {logging_mixin.py:188} INFO - [2024-05-22T23:00:59.059+0000] {dagbag.py:538} INFO - Filling up the DagBag from /home/airflow/.local/lib/python3.8/site-packages/airflow/example_dags/example_time_delta_sensor_async.py
[2024-05-22T23:00:59.064+0000] {processor.py:840} INFO - DAG(s) 'example_time_delta_sensor_async' retrieved from /home/airflow/.local/lib/python3.8/site-packages/airflow/example_dags/example_time_delta_sensor_async.py
[2024-05-22T23:00:59.086+0000] {logging_mixin.py:188} INFO - [2024-05-22T23:00:59.086+0000] {dag.py:3036} INFO - Sync 1 DAGs
[2024-05-22T23:00:59.100+0000] {logging_mixin.py:188} INFO - [2024-05-22T23:00:59.100+0000] {dag.py:3823} INFO - Setting next_dagrun for example_time_delta_sensor_async to None, run_after=None
[2024-05-22T23:00:59.122+0000] {processor.py:183} INFO - Processing /home/airflow/.local/lib/python3.8/site-packages/airflow/example_dags/example_time_delta_sensor_async.py took 0.068 seconds
[2024-05-22T23:01:29.397+0000] {processor.py:161} INFO - Started process (PID=55021) to work on /home/airflow/.local/lib/python3.8/site-packages/airflow/example_dags/example_time_delta_sensor_async.py
[2024-05-22T23:01:29.398+0000] {processor.py:830} INFO - Processing file /home/airflow/.local/lib/python3.8/site-packages/airflow/example_dags/example_time_delta_sensor_async.py for tasks to queue
[2024-05-22T23:01:29.400+0000] {logging_mixin.py:188} INFO - [2024-05-22T23:01:29.400+0000] {dagbag.py:538} INFO - Filling up the DagBag from /home/airflow/.local/lib/python3.8/site-packages/airflow/example_dags/example_time_delta_sensor_async.py
[2024-05-22T23:01:29.404+0000] {processor.py:840} INFO - DAG(s) 'example_time_delta_sensor_async' retrieved from /home/airflow/.local/lib/python3.8/site-packages/airflow/example_dags/example_time_delta_sensor_async.py
[2024-05-22T23:01:29.424+0000] {logging_mixin.py:188} INFO - [2024-05-22T23:01:29.424+0000] {dag.py:3036} INFO - Sync 1 DAGs
[2024-05-22T23:01:29.437+0000] {logging_mixin.py:188} INFO - [2024-05-22T23:01:29.437+0000] {dag.py:3823} INFO - Setting next_dagrun for example_time_delta_sensor_async to None, run_after=None
[2024-05-22T23:01:29.459+0000] {processor.py:183} INFO - Processing /home/airflow/.local/lib/python3.8/site-packages/airflow/example_dags/example_time_delta_sensor_async.py took 0.064 seconds
[2024-05-22T23:01:59.679+0000] {processor.py:161} INFO - Started process (PID=55078) to work on /home/airflow/.local/lib/python3.8/site-packages/airflow/example_dags/example_time_delta_sensor_async.py
[2024-05-22T23:01:59.680+0000] {processor.py:830} INFO - Processing file /home/airflow/.local/lib/python3.8/site-packages/airflow/example_dags/example_time_delta_sensor_async.py for tasks to queue
[2024-05-22T23:01:59.682+0000] {logging_mixin.py:188} INFO - [2024-05-22T23:01:59.681+0000] {dagbag.py:538} INFO - Filling up the DagBag from /home/airflow/.local/lib/python3.8/site-packages/airflow/example_dags/example_time_delta_sensor_async.py
[2024-05-22T23:01:59.686+0000] {processor.py:840} INFO - DAG(s) 'example_time_delta_sensor_async' retrieved from /home/airflow/.local/lib/python3.8/site-packages/airflow/example_dags/example_time_delta_sensor_async.py
[2024-05-22T23:01:59.704+0000] {logging_mixin.py:188} INFO - [2024-05-22T23:01:59.704+0000] {dag.py:3036} INFO - Sync 1 DAGs
[2024-05-22T23:01:59.719+0000] {logging_mixin.py:188} INFO - [2024-05-22T23:01:59.719+0000] {dag.py:3823} INFO - Setting next_dagrun for example_time_delta_sensor_async to None, run_after=None
[2024-05-22T23:01:59.738+0000] {processor.py:183} INFO - Processing /home/airflow/.local/lib/python3.8/site-packages/airflow/example_dags/example_time_delta_sensor_async.py took 0.062 seconds
[2024-05-22T23:02:29.968+0000] {processor.py:161} INFO - Started process (PID=55136) to work on /home/airflow/.local/lib/python3.8/site-packages/airflow/example_dags/example_time_delta_sensor_async.py
[2024-05-22T23:02:29.969+0000] {processor.py:830} INFO - Processing file /home/airflow/.local/lib/python3.8/site-packages/airflow/example_dags/example_time_delta_sensor_async.py for tasks to queue
[2024-05-22T23:02:29.971+0000] {logging_mixin.py:188} INFO - [2024-05-22T23:02:29.971+0000] {dagbag.py:538} INFO - Filling up the DagBag from /home/airflow/.local/lib/python3.8/site-packages/airflow/example_dags/example_time_delta_sensor_async.py
[2024-05-22T23:02:29.976+0000] {processor.py:840} INFO - DAG(s) 'example_time_delta_sensor_async' retrieved from /home/airflow/.local/lib/python3.8/site-packages/airflow/example_dags/example_time_delta_sensor_async.py
[2024-05-22T23:02:29.998+0000] {logging_mixin.py:188} INFO - [2024-05-22T23:02:29.998+0000] {dag.py:3036} INFO - Sync 1 DAGs
[2024-05-22T23:02:30.012+0000] {logging_mixin.py:188} INFO - [2024-05-22T23:02:30.012+0000] {dag.py:3823} INFO - Setting next_dagrun for example_time_delta_sensor_async to None, run_after=None
[2024-05-22T23:02:30.034+0000] {processor.py:183} INFO - Processing /home/airflow/.local/lib/python3.8/site-packages/airflow/example_dags/example_time_delta_sensor_async.py took 0.069 seconds
[2024-05-22T23:03:00.296+0000] {processor.py:161} INFO - Started process (PID=55193) to work on /home/airflow/.local/lib/python3.8/site-packages/airflow/example_dags/example_time_delta_sensor_async.py
[2024-05-22T23:03:00.297+0000] {processor.py:830} INFO - Processing file /home/airflow/.local/lib/python3.8/site-packages/airflow/example_dags/example_time_delta_sensor_async.py for tasks to queue
[2024-05-22T23:03:00.299+0000] {logging_mixin.py:188} INFO - [2024-05-22T23:03:00.298+0000] {dagbag.py:538} INFO - Filling up the DagBag from /home/airflow/.local/lib/python3.8/site-packages/airflow/example_dags/example_time_delta_sensor_async.py
[2024-05-22T23:03:00.303+0000] {processor.py:840} INFO - DAG(s) 'example_time_delta_sensor_async' retrieved from /home/airflow/.local/lib/python3.8/site-packages/airflow/example_dags/example_time_delta_sensor_async.py
[2024-05-22T23:03:00.327+0000] {logging_mixin.py:188} INFO - [2024-05-22T23:03:00.326+0000] {dag.py:3036} INFO - Sync 1 DAGs
[2024-05-22T23:03:00.342+0000] {logging_mixin.py:188} INFO - [2024-05-22T23:03:00.342+0000] {dag.py:3823} INFO - Setting next_dagrun for example_time_delta_sensor_async to None, run_after=None
[2024-05-22T23:03:00.365+0000] {processor.py:183} INFO - Processing /home/airflow/.local/lib/python3.8/site-packages/airflow/example_dags/example_time_delta_sensor_async.py took 0.072 seconds
[2024-05-22T23:03:30.727+0000] {processor.py:161} INFO - Started process (PID=55250) to work on /home/airflow/.local/lib/python3.8/site-packages/airflow/example_dags/example_time_delta_sensor_async.py
[2024-05-22T23:03:30.728+0000] {processor.py:830} INFO - Processing file /home/airflow/.local/lib/python3.8/site-packages/airflow/example_dags/example_time_delta_sensor_async.py for tasks to queue
[2024-05-22T23:03:30.731+0000] {logging_mixin.py:188} INFO - [2024-05-22T23:03:30.730+0000] {dagbag.py:538} INFO - Filling up the DagBag from /home/airflow/.local/lib/python3.8/site-packages/airflow/example_dags/example_time_delta_sensor_async.py
[2024-05-22T23:03:30.737+0000] {processor.py:840} INFO - DAG(s) 'example_time_delta_sensor_async' retrieved from /home/airflow/.local/lib/python3.8/site-packages/airflow/example_dags/example_time_delta_sensor_async.py
[2024-05-22T23:03:30.764+0000] {logging_mixin.py:188} INFO - [2024-05-22T23:03:30.764+0000] {dag.py:3036} INFO - Sync 1 DAGs
[2024-05-22T23:03:30.780+0000] {logging_mixin.py:188} INFO - [2024-05-22T23:03:30.779+0000] {dag.py:3823} INFO - Setting next_dagrun for example_time_delta_sensor_async to None, run_after=None
[2024-05-22T23:03:30.806+0000] {processor.py:183} INFO - Processing /home/airflow/.local/lib/python3.8/site-packages/airflow/example_dags/example_time_delta_sensor_async.py took 0.083 seconds
[2024-05-22T23:04:01.089+0000] {processor.py:161} INFO - Started process (PID=55308) to work on /home/airflow/.local/lib/python3.8/site-packages/airflow/example_dags/example_time_delta_sensor_async.py
[2024-05-22T23:04:01.090+0000] {processor.py:830} INFO - Processing file /home/airflow/.local/lib/python3.8/site-packages/airflow/example_dags/example_time_delta_sensor_async.py for tasks to queue
[2024-05-22T23:04:01.092+0000] {logging_mixin.py:188} INFO - [2024-05-22T23:04:01.092+0000] {dagbag.py:538} INFO - Filling up the DagBag from /home/airflow/.local/lib/python3.8/site-packages/airflow/example_dags/example_time_delta_sensor_async.py
[2024-05-22T23:04:01.097+0000] {processor.py:840} INFO - DAG(s) 'example_time_delta_sensor_async' retrieved from /home/airflow/.local/lib/python3.8/site-packages/airflow/example_dags/example_time_delta_sensor_async.py
[2024-05-22T23:04:01.120+0000] {logging_mixin.py:188} INFO - [2024-05-22T23:04:01.120+0000] {dag.py:3036} INFO - Sync 1 DAGs
[2024-05-22T23:04:01.134+0000] {logging_mixin.py:188} INFO - [2024-05-22T23:04:01.133+0000] {dag.py:3823} INFO - Setting next_dagrun for example_time_delta_sensor_async to None, run_after=None
[2024-05-22T23:04:01.158+0000] {processor.py:183} INFO - Processing /home/airflow/.local/lib/python3.8/site-packages/airflow/example_dags/example_time_delta_sensor_async.py took 0.071 seconds
[2024-05-22T23:04:31.859+0000] {processor.py:161} INFO - Started process (PID=55365) to work on /home/airflow/.local/lib/python3.8/site-packages/airflow/example_dags/example_time_delta_sensor_async.py
[2024-05-22T23:04:31.861+0000] {processor.py:830} INFO - Processing file /home/airflow/.local/lib/python3.8/site-packages/airflow/example_dags/example_time_delta_sensor_async.py for tasks to queue
[2024-05-22T23:04:31.864+0000] {logging_mixin.py:188} INFO - [2024-05-22T23:04:31.863+0000] {dagbag.py:538} INFO - Filling up the DagBag from /home/airflow/.local/lib/python3.8/site-packages/airflow/example_dags/example_time_delta_sensor_async.py
[2024-05-22T23:04:31.870+0000] {processor.py:840} INFO - DAG(s) 'example_time_delta_sensor_async' retrieved from /home/airflow/.local/lib/python3.8/site-packages/airflow/example_dags/example_time_delta_sensor_async.py
[2024-05-22T23:04:31.895+0000] {logging_mixin.py:188} INFO - [2024-05-22T23:04:31.895+0000] {dag.py:3036} INFO - Sync 1 DAGs
[2024-05-22T23:04:31.912+0000] {logging_mixin.py:188} INFO - [2024-05-22T23:04:31.911+0000] {dag.py:3823} INFO - Setting next_dagrun for example_time_delta_sensor_async to None, run_after=None
[2024-05-22T23:04:31.943+0000] {processor.py:183} INFO - Processing /home/airflow/.local/lib/python3.8/site-packages/airflow/example_dags/example_time_delta_sensor_async.py took 0.087 seconds
[2024-05-22T23:05:02.396+0000] {processor.py:161} INFO - Started process (PID=55422) to work on /home/airflow/.local/lib/python3.8/site-packages/airflow/example_dags/example_time_delta_sensor_async.py
[2024-05-22T23:05:02.398+0000] {processor.py:830} INFO - Processing file /home/airflow/.local/lib/python3.8/site-packages/airflow/example_dags/example_time_delta_sensor_async.py for tasks to queue
[2024-05-22T23:05:02.399+0000] {logging_mixin.py:188} INFO - [2024-05-22T23:05:02.399+0000] {dagbag.py:538} INFO - Filling up the DagBag from /home/airflow/.local/lib/python3.8/site-packages/airflow/example_dags/example_time_delta_sensor_async.py
[2024-05-22T23:05:02.406+0000] {processor.py:840} INFO - DAG(s) 'example_time_delta_sensor_async' retrieved from /home/airflow/.local/lib/python3.8/site-packages/airflow/example_dags/example_time_delta_sensor_async.py
[2024-05-22T23:05:02.429+0000] {logging_mixin.py:188} INFO - [2024-05-22T23:05:02.428+0000] {dag.py:3036} INFO - Sync 1 DAGs
[2024-05-22T23:05:02.443+0000] {logging_mixin.py:188} INFO - [2024-05-22T23:05:02.443+0000] {dag.py:3823} INFO - Setting next_dagrun for example_time_delta_sensor_async to None, run_after=None
[2024-05-22T23:05:02.466+0000] {processor.py:183} INFO - Processing /home/airflow/.local/lib/python3.8/site-packages/airflow/example_dags/example_time_delta_sensor_async.py took 0.074 seconds
[2024-05-22T23:05:32.714+0000] {processor.py:161} INFO - Started process (PID=55479) to work on /home/airflow/.local/lib/python3.8/site-packages/airflow/example_dags/example_time_delta_sensor_async.py
[2024-05-22T23:05:32.715+0000] {processor.py:830} INFO - Processing file /home/airflow/.local/lib/python3.8/site-packages/airflow/example_dags/example_time_delta_sensor_async.py for tasks to queue
[2024-05-22T23:05:32.717+0000] {logging_mixin.py:188} INFO - [2024-05-22T23:05:32.717+0000] {dagbag.py:538} INFO - Filling up the DagBag from /home/airflow/.local/lib/python3.8/site-packages/airflow/example_dags/example_time_delta_sensor_async.py
[2024-05-22T23:05:32.722+0000] {processor.py:840} INFO - DAG(s) 'example_time_delta_sensor_async' retrieved from /home/airflow/.local/lib/python3.8/site-packages/airflow/example_dags/example_time_delta_sensor_async.py
[2024-05-22T23:05:32.743+0000] {logging_mixin.py:188} INFO - [2024-05-22T23:05:32.742+0000] {dag.py:3036} INFO - Sync 1 DAGs
[2024-05-22T23:05:32.756+0000] {logging_mixin.py:188} INFO - [2024-05-22T23:05:32.756+0000] {dag.py:3823} INFO - Setting next_dagrun for example_time_delta_sensor_async to None, run_after=None
[2024-05-22T23:05:32.778+0000] {processor.py:183} INFO - Processing /home/airflow/.local/lib/python3.8/site-packages/airflow/example_dags/example_time_delta_sensor_async.py took 0.067 seconds
[2024-05-22T23:06:03.331+0000] {processor.py:161} INFO - Started process (PID=55536) to work on /home/airflow/.local/lib/python3.8/site-packages/airflow/example_dags/example_time_delta_sensor_async.py
[2024-05-22T23:06:03.332+0000] {processor.py:830} INFO - Processing file /home/airflow/.local/lib/python3.8/site-packages/airflow/example_dags/example_time_delta_sensor_async.py for tasks to queue
[2024-05-22T23:06:03.334+0000] {logging_mixin.py:188} INFO - [2024-05-22T23:06:03.334+0000] {dagbag.py:538} INFO - Filling up the DagBag from /home/airflow/.local/lib/python3.8/site-packages/airflow/example_dags/example_time_delta_sensor_async.py
[2024-05-22T23:06:03.339+0000] {processor.py:840} INFO - DAG(s) 'example_time_delta_sensor_async' retrieved from /home/airflow/.local/lib/python3.8/site-packages/airflow/example_dags/example_time_delta_sensor_async.py
[2024-05-22T23:06:03.361+0000] {logging_mixin.py:188} INFO - [2024-05-22T23:06:03.361+0000] {dag.py:3036} INFO - Sync 1 DAGs
[2024-05-22T23:06:03.378+0000] {logging_mixin.py:188} INFO - [2024-05-22T23:06:03.377+0000] {dag.py:3823} INFO - Setting next_dagrun for example_time_delta_sensor_async to None, run_after=None
[2024-05-22T23:06:03.403+0000] {processor.py:183} INFO - Processing /home/airflow/.local/lib/python3.8/site-packages/airflow/example_dags/example_time_delta_sensor_async.py took 0.075 seconds
[2024-05-22T23:06:33.952+0000] {processor.py:161} INFO - Started process (PID=55593) to work on /home/airflow/.local/lib/python3.8/site-packages/airflow/example_dags/example_time_delta_sensor_async.py
[2024-05-22T23:06:33.954+0000] {processor.py:830} INFO - Processing file /home/airflow/.local/lib/python3.8/site-packages/airflow/example_dags/example_time_delta_sensor_async.py for tasks to queue
[2024-05-22T23:06:33.955+0000] {logging_mixin.py:188} INFO - [2024-05-22T23:06:33.955+0000] {dagbag.py:538} INFO - Filling up the DagBag from /home/airflow/.local/lib/python3.8/site-packages/airflow/example_dags/example_time_delta_sensor_async.py
[2024-05-22T23:06:33.959+0000] {processor.py:840} INFO - DAG(s) 'example_time_delta_sensor_async' retrieved from /home/airflow/.local/lib/python3.8/site-packages/airflow/example_dags/example_time_delta_sensor_async.py
[2024-05-22T23:06:33.982+0000] {logging_mixin.py:188} INFO - [2024-05-22T23:06:33.982+0000] {dag.py:3036} INFO - Sync 1 DAGs
[2024-05-22T23:06:33.999+0000] {logging_mixin.py:188} INFO - [2024-05-22T23:06:33.999+0000] {dag.py:3823} INFO - Setting next_dagrun for example_time_delta_sensor_async to None, run_after=None
[2024-05-22T23:06:34.023+0000] {processor.py:183} INFO - Processing /home/airflow/.local/lib/python3.8/site-packages/airflow/example_dags/example_time_delta_sensor_async.py took 0.075 seconds
[2024-05-22T23:07:04.267+0000] {processor.py:161} INFO - Started process (PID=55650) to work on /home/airflow/.local/lib/python3.8/site-packages/airflow/example_dags/example_time_delta_sensor_async.py
[2024-05-22T23:07:04.269+0000] {processor.py:830} INFO - Processing file /home/airflow/.local/lib/python3.8/site-packages/airflow/example_dags/example_time_delta_sensor_async.py for tasks to queue
[2024-05-22T23:07:04.272+0000] {logging_mixin.py:188} INFO - [2024-05-22T23:07:04.271+0000] {dagbag.py:538} INFO - Filling up the DagBag from /home/airflow/.local/lib/python3.8/site-packages/airflow/example_dags/example_time_delta_sensor_async.py
[2024-05-22T23:07:04.278+0000] {processor.py:840} INFO - DAG(s) 'example_time_delta_sensor_async' retrieved from /home/airflow/.local/lib/python3.8/site-packages/airflow/example_dags/example_time_delta_sensor_async.py
[2024-05-22T23:07:04.305+0000] {logging_mixin.py:188} INFO - [2024-05-22T23:07:04.305+0000] {dag.py:3036} INFO - Sync 1 DAGs
[2024-05-22T23:07:04.322+0000] {logging_mixin.py:188} INFO - [2024-05-22T23:07:04.322+0000] {dag.py:3823} INFO - Setting next_dagrun for example_time_delta_sensor_async to None, run_after=None
[2024-05-22T23:07:04.347+0000] {processor.py:183} INFO - Processing /home/airflow/.local/lib/python3.8/site-packages/airflow/example_dags/example_time_delta_sensor_async.py took 0.084 seconds
[2024-05-22T23:07:34.398+0000] {processor.py:161} INFO - Started process (PID=55707) to work on /home/airflow/.local/lib/python3.8/site-packages/airflow/example_dags/example_time_delta_sensor_async.py
[2024-05-22T23:07:34.399+0000] {processor.py:830} INFO - Processing file /home/airflow/.local/lib/python3.8/site-packages/airflow/example_dags/example_time_delta_sensor_async.py for tasks to queue
[2024-05-22T23:07:34.401+0000] {logging_mixin.py:188} INFO - [2024-05-22T23:07:34.400+0000] {dagbag.py:538} INFO - Filling up the DagBag from /home/airflow/.local/lib/python3.8/site-packages/airflow/example_dags/example_time_delta_sensor_async.py
[2024-05-22T23:07:34.405+0000] {processor.py:840} INFO - DAG(s) 'example_time_delta_sensor_async' retrieved from /home/airflow/.local/lib/python3.8/site-packages/airflow/example_dags/example_time_delta_sensor_async.py
[2024-05-22T23:07:34.424+0000] {logging_mixin.py:188} INFO - [2024-05-22T23:07:34.423+0000] {dag.py:3036} INFO - Sync 1 DAGs
[2024-05-22T23:07:34.436+0000] {logging_mixin.py:188} INFO - [2024-05-22T23:07:34.436+0000] {dag.py:3823} INFO - Setting next_dagrun for example_time_delta_sensor_async to None, run_after=None
[2024-05-22T23:07:34.455+0000] {processor.py:183} INFO - Processing /home/airflow/.local/lib/python3.8/site-packages/airflow/example_dags/example_time_delta_sensor_async.py took 0.060 seconds
[2024-05-22T23:08:05.312+0000] {processor.py:161} INFO - Started process (PID=55764) to work on /home/airflow/.local/lib/python3.8/site-packages/airflow/example_dags/example_time_delta_sensor_async.py
[2024-05-22T23:08:05.314+0000] {processor.py:830} INFO - Processing file /home/airflow/.local/lib/python3.8/site-packages/airflow/example_dags/example_time_delta_sensor_async.py for tasks to queue
[2024-05-22T23:08:05.316+0000] {logging_mixin.py:188} INFO - [2024-05-22T23:08:05.315+0000] {dagbag.py:538} INFO - Filling up the DagBag from /home/airflow/.local/lib/python3.8/site-packages/airflow/example_dags/example_time_delta_sensor_async.py
[2024-05-22T23:08:05.321+0000] {processor.py:840} INFO - DAG(s) 'example_time_delta_sensor_async' retrieved from /home/airflow/.local/lib/python3.8/site-packages/airflow/example_dags/example_time_delta_sensor_async.py
[2024-05-22T23:08:05.346+0000] {logging_mixin.py:188} INFO - [2024-05-22T23:08:05.345+0000] {dag.py:3036} INFO - Sync 1 DAGs
[2024-05-22T23:08:05.361+0000] {logging_mixin.py:188} INFO - [2024-05-22T23:08:05.361+0000] {dag.py:3823} INFO - Setting next_dagrun for example_time_delta_sensor_async to None, run_after=None
[2024-05-22T23:08:05.399+0000] {processor.py:183} INFO - Processing /home/airflow/.local/lib/python3.8/site-packages/airflow/example_dags/example_time_delta_sensor_async.py took 0.090 seconds
[2024-05-22T23:08:36.163+0000] {processor.py:161} INFO - Started process (PID=55821) to work on /home/airflow/.local/lib/python3.8/site-packages/airflow/example_dags/example_time_delta_sensor_async.py
[2024-05-22T23:08:36.164+0000] {processor.py:830} INFO - Processing file /home/airflow/.local/lib/python3.8/site-packages/airflow/example_dags/example_time_delta_sensor_async.py for tasks to queue
[2024-05-22T23:08:36.165+0000] {logging_mixin.py:188} INFO - [2024-05-22T23:08:36.165+0000] {dagbag.py:538} INFO - Filling up the DagBag from /home/airflow/.local/lib/python3.8/site-packages/airflow/example_dags/example_time_delta_sensor_async.py
[2024-05-22T23:08:36.170+0000] {processor.py:840} INFO - DAG(s) 'example_time_delta_sensor_async' retrieved from /home/airflow/.local/lib/python3.8/site-packages/airflow/example_dags/example_time_delta_sensor_async.py
[2024-05-22T23:08:36.190+0000] {logging_mixin.py:188} INFO - [2024-05-22T23:08:36.190+0000] {dag.py:3036} INFO - Sync 1 DAGs
[2024-05-22T23:08:36.205+0000] {logging_mixin.py:188} INFO - [2024-05-22T23:08:36.204+0000] {dag.py:3823} INFO - Setting next_dagrun for example_time_delta_sensor_async to None, run_after=None
[2024-05-22T23:08:36.227+0000] {processor.py:183} INFO - Processing /home/airflow/.local/lib/python3.8/site-packages/airflow/example_dags/example_time_delta_sensor_async.py took 0.068 seconds
[2024-05-22T23:09:06.943+0000] {processor.py:161} INFO - Started process (PID=55878) to work on /home/airflow/.local/lib/python3.8/site-packages/airflow/example_dags/example_time_delta_sensor_async.py
[2024-05-22T23:09:06.944+0000] {processor.py:830} INFO - Processing file /home/airflow/.local/lib/python3.8/site-packages/airflow/example_dags/example_time_delta_sensor_async.py for tasks to queue
[2024-05-22T23:09:06.946+0000] {logging_mixin.py:188} INFO - [2024-05-22T23:09:06.946+0000] {dagbag.py:538} INFO - Filling up the DagBag from /home/airflow/.local/lib/python3.8/site-packages/airflow/example_dags/example_time_delta_sensor_async.py
[2024-05-22T23:09:06.951+0000] {processor.py:840} INFO - DAG(s) 'example_time_delta_sensor_async' retrieved from /home/airflow/.local/lib/python3.8/site-packages/airflow/example_dags/example_time_delta_sensor_async.py
[2024-05-22T23:09:06.971+0000] {logging_mixin.py:188} INFO - [2024-05-22T23:09:06.970+0000] {dag.py:3036} INFO - Sync 1 DAGs
[2024-05-22T23:09:06.983+0000] {logging_mixin.py:188} INFO - [2024-05-22T23:09:06.983+0000] {dag.py:3823} INFO - Setting next_dagrun for example_time_delta_sensor_async to None, run_after=None
[2024-05-22T23:09:07.004+0000] {processor.py:183} INFO - Processing /home/airflow/.local/lib/python3.8/site-packages/airflow/example_dags/example_time_delta_sensor_async.py took 0.064 seconds
[2024-05-22T23:09:37.377+0000] {processor.py:161} INFO - Started process (PID=55935) to work on /home/airflow/.local/lib/python3.8/site-packages/airflow/example_dags/example_time_delta_sensor_async.py
[2024-05-22T23:09:37.378+0000] {processor.py:830} INFO - Processing file /home/airflow/.local/lib/python3.8/site-packages/airflow/example_dags/example_time_delta_sensor_async.py for tasks to queue
[2024-05-22T23:09:37.379+0000] {logging_mixin.py:188} INFO - [2024-05-22T23:09:37.379+0000] {dagbag.py:538} INFO - Filling up the DagBag from /home/airflow/.local/lib/python3.8/site-packages/airflow/example_dags/example_time_delta_sensor_async.py
[2024-05-22T23:09:37.383+0000] {processor.py:840} INFO - DAG(s) 'example_time_delta_sensor_async' retrieved from /home/airflow/.local/lib/python3.8/site-packages/airflow/example_dags/example_time_delta_sensor_async.py
[2024-05-22T23:09:37.402+0000] {logging_mixin.py:188} INFO - [2024-05-22T23:09:37.401+0000] {dag.py:3036} INFO - Sync 1 DAGs
[2024-05-22T23:09:37.415+0000] {logging_mixin.py:188} INFO - [2024-05-22T23:09:37.414+0000] {dag.py:3823} INFO - Setting next_dagrun for example_time_delta_sensor_async to None, run_after=None
[2024-05-22T23:09:37.434+0000] {processor.py:183} INFO - Processing /home/airflow/.local/lib/python3.8/site-packages/airflow/example_dags/example_time_delta_sensor_async.py took 0.060 seconds
[2024-05-22T23:10:07.784+0000] {processor.py:161} INFO - Started process (PID=55992) to work on /home/airflow/.local/lib/python3.8/site-packages/airflow/example_dags/example_time_delta_sensor_async.py
[2024-05-22T23:10:07.785+0000] {processor.py:830} INFO - Processing file /home/airflow/.local/lib/python3.8/site-packages/airflow/example_dags/example_time_delta_sensor_async.py for tasks to queue
[2024-05-22T23:10:07.787+0000] {logging_mixin.py:188} INFO - [2024-05-22T23:10:07.787+0000] {dagbag.py:538} INFO - Filling up the DagBag from /home/airflow/.local/lib/python3.8/site-packages/airflow/example_dags/example_time_delta_sensor_async.py
[2024-05-22T23:10:07.791+0000] {processor.py:840} INFO - DAG(s) 'example_time_delta_sensor_async' retrieved from /home/airflow/.local/lib/python3.8/site-packages/airflow/example_dags/example_time_delta_sensor_async.py
[2024-05-22T23:10:07.810+0000] {logging_mixin.py:188} INFO - [2024-05-22T23:10:07.810+0000] {dag.py:3036} INFO - Sync 1 DAGs
[2024-05-22T23:10:07.823+0000] {logging_mixin.py:188} INFO - [2024-05-22T23:10:07.823+0000] {dag.py:3823} INFO - Setting next_dagrun for example_time_delta_sensor_async to None, run_after=None
[2024-05-22T23:10:07.843+0000] {processor.py:183} INFO - Processing /home/airflow/.local/lib/python3.8/site-packages/airflow/example_dags/example_time_delta_sensor_async.py took 0.061 seconds
