[2024-05-22T22:36:40.111+0000] {processor.py:161} INFO - Started process (PID=52243) to work on /home/airflow/.local/lib/python3.8/site-packages/airflow/example_dags/tutorial_dag.py
[2024-05-22T22:36:40.113+0000] {processor.py:830} INFO - Processing file /home/airflow/.local/lib/python3.8/site-packages/airflow/example_dags/tutorial_dag.py for tasks to queue
[2024-05-22T22:36:40.117+0000] {logging_mixin.py:188} INFO - [2024-05-22T22:36:40.117+0000] {dagbag.py:538} INFO - Filling up the DagBag from /home/airflow/.local/lib/python3.8/site-packages/airflow/example_dags/tutorial_dag.py
[2024-05-22T22:36:40.126+0000] {processor.py:840} INFO - DAG(s) 'tutorial_dag' retrieved from /home/airflow/.local/lib/python3.8/site-packages/airflow/example_dags/tutorial_dag.py
[2024-05-22T22:36:40.164+0000] {logging_mixin.py:188} INFO - [2024-05-22T22:36:40.164+0000] {dag.py:3036} INFO - Sync 1 DAGs
[2024-05-22T22:36:40.188+0000] {logging_mixin.py:188} INFO - [2024-05-22T22:36:40.187+0000] {dag.py:3823} INFO - Setting next_dagrun for tutorial_dag to None, run_after=None
[2024-05-22T22:36:40.229+0000] {processor.py:183} INFO - Processing /home/airflow/.local/lib/python3.8/site-packages/airflow/example_dags/tutorial_dag.py took 0.121 seconds
[2024-05-22T22:37:11.078+0000] {processor.py:161} INFO - Started process (PID=52300) to work on /home/airflow/.local/lib/python3.8/site-packages/airflow/example_dags/tutorial_dag.py
[2024-05-22T22:37:11.079+0000] {processor.py:830} INFO - Processing file /home/airflow/.local/lib/python3.8/site-packages/airflow/example_dags/tutorial_dag.py for tasks to queue
[2024-05-22T22:37:11.081+0000] {logging_mixin.py:188} INFO - [2024-05-22T22:37:11.080+0000] {dagbag.py:538} INFO - Filling up the DagBag from /home/airflow/.local/lib/python3.8/site-packages/airflow/example_dags/tutorial_dag.py
[2024-05-22T22:37:11.086+0000] {processor.py:840} INFO - DAG(s) 'tutorial_dag' retrieved from /home/airflow/.local/lib/python3.8/site-packages/airflow/example_dags/tutorial_dag.py
[2024-05-22T22:37:11.104+0000] {logging_mixin.py:188} INFO - [2024-05-22T22:37:11.104+0000] {dag.py:3036} INFO - Sync 1 DAGs
[2024-05-22T22:37:11.118+0000] {logging_mixin.py:188} INFO - [2024-05-22T22:37:11.117+0000] {dag.py:3823} INFO - Setting next_dagrun for tutorial_dag to None, run_after=None
[2024-05-22T22:37:11.142+0000] {processor.py:183} INFO - Processing /home/airflow/.local/lib/python3.8/site-packages/airflow/example_dags/tutorial_dag.py took 0.066 seconds
[2024-05-22T22:37:41.605+0000] {processor.py:161} INFO - Started process (PID=52357) to work on /home/airflow/.local/lib/python3.8/site-packages/airflow/example_dags/tutorial_dag.py
[2024-05-22T22:37:41.606+0000] {processor.py:830} INFO - Processing file /home/airflow/.local/lib/python3.8/site-packages/airflow/example_dags/tutorial_dag.py for tasks to queue
[2024-05-22T22:37:41.609+0000] {logging_mixin.py:188} INFO - [2024-05-22T22:37:41.608+0000] {dagbag.py:538} INFO - Filling up the DagBag from /home/airflow/.local/lib/python3.8/site-packages/airflow/example_dags/tutorial_dag.py
[2024-05-22T22:37:41.615+0000] {processor.py:840} INFO - DAG(s) 'tutorial_dag' retrieved from /home/airflow/.local/lib/python3.8/site-packages/airflow/example_dags/tutorial_dag.py
[2024-05-22T22:37:41.636+0000] {logging_mixin.py:188} INFO - [2024-05-22T22:37:41.636+0000] {dag.py:3036} INFO - Sync 1 DAGs
[2024-05-22T22:37:41.651+0000] {logging_mixin.py:188} INFO - [2024-05-22T22:37:41.650+0000] {dag.py:3823} INFO - Setting next_dagrun for tutorial_dag to None, run_after=None
[2024-05-22T22:37:41.677+0000] {processor.py:183} INFO - Processing /home/airflow/.local/lib/python3.8/site-packages/airflow/example_dags/tutorial_dag.py took 0.076 seconds
[2024-05-22T22:38:12.103+0000] {processor.py:161} INFO - Started process (PID=52414) to work on /home/airflow/.local/lib/python3.8/site-packages/airflow/example_dags/tutorial_dag.py
[2024-05-22T22:38:12.104+0000] {processor.py:830} INFO - Processing file /home/airflow/.local/lib/python3.8/site-packages/airflow/example_dags/tutorial_dag.py for tasks to queue
[2024-05-22T22:38:12.106+0000] {logging_mixin.py:188} INFO - [2024-05-22T22:38:12.106+0000] {dagbag.py:538} INFO - Filling up the DagBag from /home/airflow/.local/lib/python3.8/site-packages/airflow/example_dags/tutorial_dag.py
[2024-05-22T22:38:12.112+0000] {processor.py:840} INFO - DAG(s) 'tutorial_dag' retrieved from /home/airflow/.local/lib/python3.8/site-packages/airflow/example_dags/tutorial_dag.py
[2024-05-22T22:38:12.133+0000] {logging_mixin.py:188} INFO - [2024-05-22T22:38:12.133+0000] {dag.py:3036} INFO - Sync 1 DAGs
[2024-05-22T22:38:12.150+0000] {logging_mixin.py:188} INFO - [2024-05-22T22:38:12.149+0000] {dag.py:3823} INFO - Setting next_dagrun for tutorial_dag to None, run_after=None
[2024-05-22T22:38:12.177+0000] {processor.py:183} INFO - Processing /home/airflow/.local/lib/python3.8/site-packages/airflow/example_dags/tutorial_dag.py took 0.076 seconds
[2024-05-22T22:38:42.650+0000] {processor.py:161} INFO - Started process (PID=52471) to work on /home/airflow/.local/lib/python3.8/site-packages/airflow/example_dags/tutorial_dag.py
[2024-05-22T22:38:42.651+0000] {processor.py:830} INFO - Processing file /home/airflow/.local/lib/python3.8/site-packages/airflow/example_dags/tutorial_dag.py for tasks to queue
[2024-05-22T22:38:42.654+0000] {logging_mixin.py:188} INFO - [2024-05-22T22:38:42.653+0000] {dagbag.py:538} INFO - Filling up the DagBag from /home/airflow/.local/lib/python3.8/site-packages/airflow/example_dags/tutorial_dag.py
[2024-05-22T22:38:42.660+0000] {processor.py:840} INFO - DAG(s) 'tutorial_dag' retrieved from /home/airflow/.local/lib/python3.8/site-packages/airflow/example_dags/tutorial_dag.py
[2024-05-22T22:38:42.691+0000] {logging_mixin.py:188} INFO - [2024-05-22T22:38:42.690+0000] {dag.py:3036} INFO - Sync 1 DAGs
[2024-05-22T22:38:42.709+0000] {logging_mixin.py:188} INFO - [2024-05-22T22:38:42.709+0000] {dag.py:3823} INFO - Setting next_dagrun for tutorial_dag to None, run_after=None
[2024-05-22T22:38:42.739+0000] {processor.py:183} INFO - Processing /home/airflow/.local/lib/python3.8/site-packages/airflow/example_dags/tutorial_dag.py took 0.093 seconds
[2024-05-22T22:39:13.030+0000] {processor.py:161} INFO - Started process (PID=52528) to work on /home/airflow/.local/lib/python3.8/site-packages/airflow/example_dags/tutorial_dag.py
[2024-05-22T22:39:13.031+0000] {processor.py:830} INFO - Processing file /home/airflow/.local/lib/python3.8/site-packages/airflow/example_dags/tutorial_dag.py for tasks to queue
[2024-05-22T22:39:13.033+0000] {logging_mixin.py:188} INFO - [2024-05-22T22:39:13.032+0000] {dagbag.py:538} INFO - Filling up the DagBag from /home/airflow/.local/lib/python3.8/site-packages/airflow/example_dags/tutorial_dag.py
[2024-05-22T22:39:13.038+0000] {processor.py:840} INFO - DAG(s) 'tutorial_dag' retrieved from /home/airflow/.local/lib/python3.8/site-packages/airflow/example_dags/tutorial_dag.py
[2024-05-22T22:39:13.057+0000] {logging_mixin.py:188} INFO - [2024-05-22T22:39:13.057+0000] {dag.py:3036} INFO - Sync 1 DAGs
[2024-05-22T22:39:13.069+0000] {logging_mixin.py:188} INFO - [2024-05-22T22:39:13.069+0000] {dag.py:3823} INFO - Setting next_dagrun for tutorial_dag to None, run_after=None
[2024-05-22T22:39:13.091+0000] {processor.py:183} INFO - Processing /home/airflow/.local/lib/python3.8/site-packages/airflow/example_dags/tutorial_dag.py took 0.064 seconds
[2024-05-22T22:39:43.417+0000] {processor.py:161} INFO - Started process (PID=52585) to work on /home/airflow/.local/lib/python3.8/site-packages/airflow/example_dags/tutorial_dag.py
[2024-05-22T22:39:43.418+0000] {processor.py:830} INFO - Processing file /home/airflow/.local/lib/python3.8/site-packages/airflow/example_dags/tutorial_dag.py for tasks to queue
[2024-05-22T22:39:43.420+0000] {logging_mixin.py:188} INFO - [2024-05-22T22:39:43.420+0000] {dagbag.py:538} INFO - Filling up the DagBag from /home/airflow/.local/lib/python3.8/site-packages/airflow/example_dags/tutorial_dag.py
[2024-05-22T22:39:43.426+0000] {processor.py:840} INFO - DAG(s) 'tutorial_dag' retrieved from /home/airflow/.local/lib/python3.8/site-packages/airflow/example_dags/tutorial_dag.py
[2024-05-22T22:39:43.447+0000] {logging_mixin.py:188} INFO - [2024-05-22T22:39:43.447+0000] {dag.py:3036} INFO - Sync 1 DAGs
[2024-05-22T22:39:43.462+0000] {logging_mixin.py:188} INFO - [2024-05-22T22:39:43.461+0000] {dag.py:3823} INFO - Setting next_dagrun for tutorial_dag to None, run_after=None
[2024-05-22T22:39:43.486+0000] {processor.py:183} INFO - Processing /home/airflow/.local/lib/python3.8/site-packages/airflow/example_dags/tutorial_dag.py took 0.072 seconds
[2024-05-22T22:40:13.874+0000] {processor.py:161} INFO - Started process (PID=52642) to work on /home/airflow/.local/lib/python3.8/site-packages/airflow/example_dags/tutorial_dag.py
[2024-05-22T22:40:13.876+0000] {processor.py:830} INFO - Processing file /home/airflow/.local/lib/python3.8/site-packages/airflow/example_dags/tutorial_dag.py for tasks to queue
[2024-05-22T22:40:13.878+0000] {logging_mixin.py:188} INFO - [2024-05-22T22:40:13.877+0000] {dagbag.py:538} INFO - Filling up the DagBag from /home/airflow/.local/lib/python3.8/site-packages/airflow/example_dags/tutorial_dag.py
[2024-05-22T22:40:13.883+0000] {processor.py:840} INFO - DAG(s) 'tutorial_dag' retrieved from /home/airflow/.local/lib/python3.8/site-packages/airflow/example_dags/tutorial_dag.py
[2024-05-22T22:40:13.904+0000] {logging_mixin.py:188} INFO - [2024-05-22T22:40:13.904+0000] {dag.py:3036} INFO - Sync 1 DAGs
[2024-05-22T22:40:13.921+0000] {logging_mixin.py:188} INFO - [2024-05-22T22:40:13.921+0000] {dag.py:3823} INFO - Setting next_dagrun for tutorial_dag to None, run_after=None
[2024-05-22T22:40:13.948+0000] {processor.py:183} INFO - Processing /home/airflow/.local/lib/python3.8/site-packages/airflow/example_dags/tutorial_dag.py took 0.076 seconds
[2024-05-22T22:40:44.461+0000] {processor.py:161} INFO - Started process (PID=52699) to work on /home/airflow/.local/lib/python3.8/site-packages/airflow/example_dags/tutorial_dag.py
[2024-05-22T22:40:44.463+0000] {processor.py:830} INFO - Processing file /home/airflow/.local/lib/python3.8/site-packages/airflow/example_dags/tutorial_dag.py for tasks to queue
[2024-05-22T22:40:44.465+0000] {logging_mixin.py:188} INFO - [2024-05-22T22:40:44.465+0000] {dagbag.py:538} INFO - Filling up the DagBag from /home/airflow/.local/lib/python3.8/site-packages/airflow/example_dags/tutorial_dag.py
[2024-05-22T22:40:44.473+0000] {processor.py:840} INFO - DAG(s) 'tutorial_dag' retrieved from /home/airflow/.local/lib/python3.8/site-packages/airflow/example_dags/tutorial_dag.py
[2024-05-22T22:40:44.498+0000] {logging_mixin.py:188} INFO - [2024-05-22T22:40:44.497+0000] {dag.py:3036} INFO - Sync 1 DAGs
[2024-05-22T22:40:44.513+0000] {logging_mixin.py:188} INFO - [2024-05-22T22:40:44.512+0000] {dag.py:3823} INFO - Setting next_dagrun for tutorial_dag to None, run_after=None
[2024-05-22T22:40:44.536+0000] {processor.py:183} INFO - Processing /home/airflow/.local/lib/python3.8/site-packages/airflow/example_dags/tutorial_dag.py took 0.079 seconds
[2024-05-22T22:41:14.884+0000] {processor.py:161} INFO - Started process (PID=52756) to work on /home/airflow/.local/lib/python3.8/site-packages/airflow/example_dags/tutorial_dag.py
[2024-05-22T22:41:14.885+0000] {processor.py:830} INFO - Processing file /home/airflow/.local/lib/python3.8/site-packages/airflow/example_dags/tutorial_dag.py for tasks to queue
[2024-05-22T22:41:14.888+0000] {logging_mixin.py:188} INFO - [2024-05-22T22:41:14.887+0000] {dagbag.py:538} INFO - Filling up the DagBag from /home/airflow/.local/lib/python3.8/site-packages/airflow/example_dags/tutorial_dag.py
[2024-05-22T22:41:14.895+0000] {processor.py:840} INFO - DAG(s) 'tutorial_dag' retrieved from /home/airflow/.local/lib/python3.8/site-packages/airflow/example_dags/tutorial_dag.py
[2024-05-22T22:41:14.920+0000] {logging_mixin.py:188} INFO - [2024-05-22T22:41:14.920+0000] {dag.py:3036} INFO - Sync 1 DAGs
[2024-05-22T22:41:14.934+0000] {logging_mixin.py:188} INFO - [2024-05-22T22:41:14.934+0000] {dag.py:3823} INFO - Setting next_dagrun for tutorial_dag to None, run_after=None
[2024-05-22T22:41:14.958+0000] {processor.py:183} INFO - Processing /home/airflow/.local/lib/python3.8/site-packages/airflow/example_dags/tutorial_dag.py took 0.079 seconds
[2024-05-22T22:41:45.318+0000] {processor.py:161} INFO - Started process (PID=52813) to work on /home/airflow/.local/lib/python3.8/site-packages/airflow/example_dags/tutorial_dag.py
[2024-05-22T22:41:45.319+0000] {processor.py:830} INFO - Processing file /home/airflow/.local/lib/python3.8/site-packages/airflow/example_dags/tutorial_dag.py for tasks to queue
[2024-05-22T22:41:45.321+0000] {logging_mixin.py:188} INFO - [2024-05-22T22:41:45.321+0000] {dagbag.py:538} INFO - Filling up the DagBag from /home/airflow/.local/lib/python3.8/site-packages/airflow/example_dags/tutorial_dag.py
[2024-05-22T22:41:45.327+0000] {processor.py:840} INFO - DAG(s) 'tutorial_dag' retrieved from /home/airflow/.local/lib/python3.8/site-packages/airflow/example_dags/tutorial_dag.py
[2024-05-22T22:41:45.352+0000] {logging_mixin.py:188} INFO - [2024-05-22T22:41:45.351+0000] {dag.py:3036} INFO - Sync 1 DAGs
[2024-05-22T22:41:45.366+0000] {logging_mixin.py:188} INFO - [2024-05-22T22:41:45.366+0000] {dag.py:3823} INFO - Setting next_dagrun for tutorial_dag to None, run_after=None
[2024-05-22T22:41:45.391+0000] {processor.py:183} INFO - Processing /home/airflow/.local/lib/python3.8/site-packages/airflow/example_dags/tutorial_dag.py took 0.077 seconds
[2024-05-22T22:42:16.062+0000] {processor.py:161} INFO - Started process (PID=52871) to work on /home/airflow/.local/lib/python3.8/site-packages/airflow/example_dags/tutorial_dag.py
[2024-05-22T22:42:16.063+0000] {processor.py:830} INFO - Processing file /home/airflow/.local/lib/python3.8/site-packages/airflow/example_dags/tutorial_dag.py for tasks to queue
[2024-05-22T22:42:16.064+0000] {logging_mixin.py:188} INFO - [2024-05-22T22:42:16.064+0000] {dagbag.py:538} INFO - Filling up the DagBag from /home/airflow/.local/lib/python3.8/site-packages/airflow/example_dags/tutorial_dag.py
[2024-05-22T22:42:16.069+0000] {processor.py:840} INFO - DAG(s) 'tutorial_dag' retrieved from /home/airflow/.local/lib/python3.8/site-packages/airflow/example_dags/tutorial_dag.py
[2024-05-22T22:42:16.092+0000] {logging_mixin.py:188} INFO - [2024-05-22T22:42:16.092+0000] {dag.py:3036} INFO - Sync 1 DAGs
[2024-05-22T22:42:16.110+0000] {logging_mixin.py:188} INFO - [2024-05-22T22:42:16.110+0000] {dag.py:3823} INFO - Setting next_dagrun for tutorial_dag to None, run_after=None
[2024-05-22T22:42:16.134+0000] {processor.py:183} INFO - Processing /home/airflow/.local/lib/python3.8/site-packages/airflow/example_dags/tutorial_dag.py took 0.075 seconds
[2024-05-22T22:42:46.629+0000] {processor.py:161} INFO - Started process (PID=52928) to work on /home/airflow/.local/lib/python3.8/site-packages/airflow/example_dags/tutorial_dag.py
[2024-05-22T22:42:46.630+0000] {processor.py:830} INFO - Processing file /home/airflow/.local/lib/python3.8/site-packages/airflow/example_dags/tutorial_dag.py for tasks to queue
[2024-05-22T22:42:46.631+0000] {logging_mixin.py:188} INFO - [2024-05-22T22:42:46.631+0000] {dagbag.py:538} INFO - Filling up the DagBag from /home/airflow/.local/lib/python3.8/site-packages/airflow/example_dags/tutorial_dag.py
[2024-05-22T22:42:46.636+0000] {processor.py:840} INFO - DAG(s) 'tutorial_dag' retrieved from /home/airflow/.local/lib/python3.8/site-packages/airflow/example_dags/tutorial_dag.py
[2024-05-22T22:42:46.659+0000] {logging_mixin.py:188} INFO - [2024-05-22T22:42:46.659+0000] {dag.py:3036} INFO - Sync 1 DAGs
[2024-05-22T22:42:46.674+0000] {logging_mixin.py:188} INFO - [2024-05-22T22:42:46.674+0000] {dag.py:3823} INFO - Setting next_dagrun for tutorial_dag to None, run_after=None
[2024-05-22T22:42:46.695+0000] {processor.py:183} INFO - Processing /home/airflow/.local/lib/python3.8/site-packages/airflow/example_dags/tutorial_dag.py took 0.069 seconds
[2024-05-22T22:43:17.371+0000] {processor.py:161} INFO - Started process (PID=52985) to work on /home/airflow/.local/lib/python3.8/site-packages/airflow/example_dags/tutorial_dag.py
[2024-05-22T22:43:17.372+0000] {processor.py:830} INFO - Processing file /home/airflow/.local/lib/python3.8/site-packages/airflow/example_dags/tutorial_dag.py for tasks to queue
[2024-05-22T22:43:17.375+0000] {logging_mixin.py:188} INFO - [2024-05-22T22:43:17.374+0000] {dagbag.py:538} INFO - Filling up the DagBag from /home/airflow/.local/lib/python3.8/site-packages/airflow/example_dags/tutorial_dag.py
[2024-05-22T22:43:17.381+0000] {processor.py:840} INFO - DAG(s) 'tutorial_dag' retrieved from /home/airflow/.local/lib/python3.8/site-packages/airflow/example_dags/tutorial_dag.py
[2024-05-22T22:43:17.407+0000] {logging_mixin.py:188} INFO - [2024-05-22T22:43:17.407+0000] {dag.py:3036} INFO - Sync 1 DAGs
[2024-05-22T22:43:17.423+0000] {logging_mixin.py:188} INFO - [2024-05-22T22:43:17.423+0000] {dag.py:3823} INFO - Setting next_dagrun for tutorial_dag to None, run_after=None
[2024-05-22T22:43:17.450+0000] {processor.py:183} INFO - Processing /home/airflow/.local/lib/python3.8/site-packages/airflow/example_dags/tutorial_dag.py took 0.083 seconds
[2024-05-22T22:43:47.956+0000] {processor.py:161} INFO - Started process (PID=53042) to work on /home/airflow/.local/lib/python3.8/site-packages/airflow/example_dags/tutorial_dag.py
[2024-05-22T22:43:47.958+0000] {processor.py:830} INFO - Processing file /home/airflow/.local/lib/python3.8/site-packages/airflow/example_dags/tutorial_dag.py for tasks to queue
[2024-05-22T22:43:47.961+0000] {logging_mixin.py:188} INFO - [2024-05-22T22:43:47.960+0000] {dagbag.py:538} INFO - Filling up the DagBag from /home/airflow/.local/lib/python3.8/site-packages/airflow/example_dags/tutorial_dag.py
[2024-05-22T22:43:47.967+0000] {processor.py:840} INFO - DAG(s) 'tutorial_dag' retrieved from /home/airflow/.local/lib/python3.8/site-packages/airflow/example_dags/tutorial_dag.py
[2024-05-22T22:43:47.999+0000] {logging_mixin.py:188} INFO - [2024-05-22T22:43:47.998+0000] {dag.py:3036} INFO - Sync 1 DAGs
[2024-05-22T22:43:48.027+0000] {logging_mixin.py:188} INFO - [2024-05-22T22:43:48.026+0000] {dag.py:3823} INFO - Setting next_dagrun for tutorial_dag to None, run_after=None
[2024-05-22T22:43:48.070+0000] {processor.py:183} INFO - Processing /home/airflow/.local/lib/python3.8/site-packages/airflow/example_dags/tutorial_dag.py took 0.118 seconds
[2024-05-22T22:44:18.230+0000] {processor.py:161} INFO - Started process (PID=53099) to work on /home/airflow/.local/lib/python3.8/site-packages/airflow/example_dags/tutorial_dag.py
[2024-05-22T22:44:18.231+0000] {processor.py:830} INFO - Processing file /home/airflow/.local/lib/python3.8/site-packages/airflow/example_dags/tutorial_dag.py for tasks to queue
[2024-05-22T22:44:18.233+0000] {logging_mixin.py:188} INFO - [2024-05-22T22:44:18.233+0000] {dagbag.py:538} INFO - Filling up the DagBag from /home/airflow/.local/lib/python3.8/site-packages/airflow/example_dags/tutorial_dag.py
[2024-05-22T22:44:18.239+0000] {processor.py:840} INFO - DAG(s) 'tutorial_dag' retrieved from /home/airflow/.local/lib/python3.8/site-packages/airflow/example_dags/tutorial_dag.py
[2024-05-22T22:44:18.262+0000] {logging_mixin.py:188} INFO - [2024-05-22T22:44:18.262+0000] {dag.py:3036} INFO - Sync 1 DAGs
[2024-05-22T22:44:18.277+0000] {logging_mixin.py:188} INFO - [2024-05-22T22:44:18.277+0000] {dag.py:3823} INFO - Setting next_dagrun for tutorial_dag to None, run_after=None
[2024-05-22T22:44:18.303+0000] {processor.py:183} INFO - Processing /home/airflow/.local/lib/python3.8/site-packages/airflow/example_dags/tutorial_dag.py took 0.075 seconds
[2024-05-22T22:44:48.474+0000] {processor.py:161} INFO - Started process (PID=53156) to work on /home/airflow/.local/lib/python3.8/site-packages/airflow/example_dags/tutorial_dag.py
[2024-05-22T22:44:48.475+0000] {processor.py:830} INFO - Processing file /home/airflow/.local/lib/python3.8/site-packages/airflow/example_dags/tutorial_dag.py for tasks to queue
[2024-05-22T22:44:48.478+0000] {logging_mixin.py:188} INFO - [2024-05-22T22:44:48.478+0000] {dagbag.py:538} INFO - Filling up the DagBag from /home/airflow/.local/lib/python3.8/site-packages/airflow/example_dags/tutorial_dag.py
[2024-05-22T22:44:48.484+0000] {processor.py:840} INFO - DAG(s) 'tutorial_dag' retrieved from /home/airflow/.local/lib/python3.8/site-packages/airflow/example_dags/tutorial_dag.py
[2024-05-22T22:44:48.509+0000] {logging_mixin.py:188} INFO - [2024-05-22T22:44:48.509+0000] {dag.py:3036} INFO - Sync 1 DAGs
[2024-05-22T22:44:48.527+0000] {logging_mixin.py:188} INFO - [2024-05-22T22:44:48.526+0000] {dag.py:3823} INFO - Setting next_dagrun for tutorial_dag to None, run_after=None
[2024-05-22T22:44:48.553+0000] {processor.py:183} INFO - Processing /home/airflow/.local/lib/python3.8/site-packages/airflow/example_dags/tutorial_dag.py took 0.083 seconds
[2024-05-22T22:45:18.815+0000] {processor.py:161} INFO - Started process (PID=53214) to work on /home/airflow/.local/lib/python3.8/site-packages/airflow/example_dags/tutorial_dag.py
[2024-05-22T22:45:18.816+0000] {processor.py:830} INFO - Processing file /home/airflow/.local/lib/python3.8/site-packages/airflow/example_dags/tutorial_dag.py for tasks to queue
[2024-05-22T22:45:18.819+0000] {logging_mixin.py:188} INFO - [2024-05-22T22:45:18.818+0000] {dagbag.py:538} INFO - Filling up the DagBag from /home/airflow/.local/lib/python3.8/site-packages/airflow/example_dags/tutorial_dag.py
[2024-05-22T22:45:18.824+0000] {processor.py:840} INFO - DAG(s) 'tutorial_dag' retrieved from /home/airflow/.local/lib/python3.8/site-packages/airflow/example_dags/tutorial_dag.py
[2024-05-22T22:45:18.847+0000] {logging_mixin.py:188} INFO - [2024-05-22T22:45:18.846+0000] {dag.py:3036} INFO - Sync 1 DAGs
[2024-05-22T22:45:18.862+0000] {logging_mixin.py:188} INFO - [2024-05-22T22:45:18.862+0000] {dag.py:3823} INFO - Setting next_dagrun for tutorial_dag to None, run_after=None
[2024-05-22T22:45:18.887+0000] {processor.py:183} INFO - Processing /home/airflow/.local/lib/python3.8/site-packages/airflow/example_dags/tutorial_dag.py took 0.075 seconds
[2024-05-22T22:45:49.242+0000] {processor.py:161} INFO - Started process (PID=53272) to work on /home/airflow/.local/lib/python3.8/site-packages/airflow/example_dags/tutorial_dag.py
[2024-05-22T22:45:49.243+0000] {processor.py:830} INFO - Processing file /home/airflow/.local/lib/python3.8/site-packages/airflow/example_dags/tutorial_dag.py for tasks to queue
[2024-05-22T22:45:49.245+0000] {logging_mixin.py:188} INFO - [2024-05-22T22:45:49.245+0000] {dagbag.py:538} INFO - Filling up the DagBag from /home/airflow/.local/lib/python3.8/site-packages/airflow/example_dags/tutorial_dag.py
[2024-05-22T22:45:49.251+0000] {processor.py:840} INFO - DAG(s) 'tutorial_dag' retrieved from /home/airflow/.local/lib/python3.8/site-packages/airflow/example_dags/tutorial_dag.py
[2024-05-22T22:45:49.274+0000] {logging_mixin.py:188} INFO - [2024-05-22T22:45:49.274+0000] {dag.py:3036} INFO - Sync 1 DAGs
[2024-05-22T22:45:49.290+0000] {logging_mixin.py:188} INFO - [2024-05-22T22:45:49.290+0000] {dag.py:3823} INFO - Setting next_dagrun for tutorial_dag to None, run_after=None
[2024-05-22T22:45:49.316+0000] {processor.py:183} INFO - Processing /home/airflow/.local/lib/python3.8/site-packages/airflow/example_dags/tutorial_dag.py took 0.078 seconds
[2024-05-22T22:46:19.782+0000] {processor.py:161} INFO - Started process (PID=53330) to work on /home/airflow/.local/lib/python3.8/site-packages/airflow/example_dags/tutorial_dag.py
[2024-05-22T22:46:19.783+0000] {processor.py:830} INFO - Processing file /home/airflow/.local/lib/python3.8/site-packages/airflow/example_dags/tutorial_dag.py for tasks to queue
[2024-05-22T22:46:19.787+0000] {logging_mixin.py:188} INFO - [2024-05-22T22:46:19.786+0000] {dagbag.py:538} INFO - Filling up the DagBag from /home/airflow/.local/lib/python3.8/site-packages/airflow/example_dags/tutorial_dag.py
[2024-05-22T22:46:19.794+0000] {processor.py:840} INFO - DAG(s) 'tutorial_dag' retrieved from /home/airflow/.local/lib/python3.8/site-packages/airflow/example_dags/tutorial_dag.py
[2024-05-22T22:46:19.816+0000] {logging_mixin.py:188} INFO - [2024-05-22T22:46:19.816+0000] {dag.py:3036} INFO - Sync 1 DAGs
[2024-05-22T22:46:19.830+0000] {logging_mixin.py:188} INFO - [2024-05-22T22:46:19.830+0000] {dag.py:3823} INFO - Setting next_dagrun for tutorial_dag to None, run_after=None
[2024-05-22T22:46:19.852+0000] {processor.py:183} INFO - Processing /home/airflow/.local/lib/python3.8/site-packages/airflow/example_dags/tutorial_dag.py took 0.074 seconds
[2024-05-22T22:46:50.149+0000] {processor.py:161} INFO - Started process (PID=53387) to work on /home/airflow/.local/lib/python3.8/site-packages/airflow/example_dags/tutorial_dag.py
[2024-05-22T22:46:50.151+0000] {processor.py:830} INFO - Processing file /home/airflow/.local/lib/python3.8/site-packages/airflow/example_dags/tutorial_dag.py for tasks to queue
[2024-05-22T22:46:50.153+0000] {logging_mixin.py:188} INFO - [2024-05-22T22:46:50.153+0000] {dagbag.py:538} INFO - Filling up the DagBag from /home/airflow/.local/lib/python3.8/site-packages/airflow/example_dags/tutorial_dag.py
[2024-05-22T22:46:50.160+0000] {processor.py:840} INFO - DAG(s) 'tutorial_dag' retrieved from /home/airflow/.local/lib/python3.8/site-packages/airflow/example_dags/tutorial_dag.py
[2024-05-22T22:46:50.185+0000] {logging_mixin.py:188} INFO - [2024-05-22T22:46:50.185+0000] {dag.py:3036} INFO - Sync 1 DAGs
[2024-05-22T22:46:50.203+0000] {logging_mixin.py:188} INFO - [2024-05-22T22:46:50.202+0000] {dag.py:3823} INFO - Setting next_dagrun for tutorial_dag to None, run_after=None
[2024-05-22T22:46:50.229+0000] {processor.py:183} INFO - Processing /home/airflow/.local/lib/python3.8/site-packages/airflow/example_dags/tutorial_dag.py took 0.084 seconds
[2024-05-22T22:47:20.668+0000] {processor.py:161} INFO - Started process (PID=53444) to work on /home/airflow/.local/lib/python3.8/site-packages/airflow/example_dags/tutorial_dag.py
[2024-05-22T22:47:20.669+0000] {processor.py:830} INFO - Processing file /home/airflow/.local/lib/python3.8/site-packages/airflow/example_dags/tutorial_dag.py for tasks to queue
[2024-05-22T22:47:20.671+0000] {logging_mixin.py:188} INFO - [2024-05-22T22:47:20.671+0000] {dagbag.py:538} INFO - Filling up the DagBag from /home/airflow/.local/lib/python3.8/site-packages/airflow/example_dags/tutorial_dag.py
[2024-05-22T22:47:20.677+0000] {processor.py:840} INFO - DAG(s) 'tutorial_dag' retrieved from /home/airflow/.local/lib/python3.8/site-packages/airflow/example_dags/tutorial_dag.py
[2024-05-22T22:47:20.699+0000] {logging_mixin.py:188} INFO - [2024-05-22T22:47:20.699+0000] {dag.py:3036} INFO - Sync 1 DAGs
[2024-05-22T22:47:20.714+0000] {logging_mixin.py:188} INFO - [2024-05-22T22:47:20.714+0000] {dag.py:3823} INFO - Setting next_dagrun for tutorial_dag to None, run_after=None
[2024-05-22T22:47:20.734+0000] {processor.py:183} INFO - Processing /home/airflow/.local/lib/python3.8/site-packages/airflow/example_dags/tutorial_dag.py took 0.069 seconds
[2024-05-22T22:47:51.060+0000] {processor.py:161} INFO - Started process (PID=53502) to work on /home/airflow/.local/lib/python3.8/site-packages/airflow/example_dags/tutorial_dag.py
[2024-05-22T22:47:51.062+0000] {processor.py:830} INFO - Processing file /home/airflow/.local/lib/python3.8/site-packages/airflow/example_dags/tutorial_dag.py for tasks to queue
[2024-05-22T22:47:51.064+0000] {logging_mixin.py:188} INFO - [2024-05-22T22:47:51.063+0000] {dagbag.py:538} INFO - Filling up the DagBag from /home/airflow/.local/lib/python3.8/site-packages/airflow/example_dags/tutorial_dag.py
[2024-05-22T22:47:51.069+0000] {processor.py:840} INFO - DAG(s) 'tutorial_dag' retrieved from /home/airflow/.local/lib/python3.8/site-packages/airflow/example_dags/tutorial_dag.py
[2024-05-22T22:47:51.091+0000] {logging_mixin.py:188} INFO - [2024-05-22T22:47:51.090+0000] {dag.py:3036} INFO - Sync 1 DAGs
[2024-05-22T22:47:51.106+0000] {logging_mixin.py:188} INFO - [2024-05-22T22:47:51.106+0000] {dag.py:3823} INFO - Setting next_dagrun for tutorial_dag to None, run_after=None
[2024-05-22T22:47:51.127+0000] {processor.py:183} INFO - Processing /home/airflow/.local/lib/python3.8/site-packages/airflow/example_dags/tutorial_dag.py took 0.071 seconds
[2024-05-22T22:48:21.665+0000] {processor.py:161} INFO - Started process (PID=53559) to work on /home/airflow/.local/lib/python3.8/site-packages/airflow/example_dags/tutorial_dag.py
[2024-05-22T22:48:21.666+0000] {processor.py:830} INFO - Processing file /home/airflow/.local/lib/python3.8/site-packages/airflow/example_dags/tutorial_dag.py for tasks to queue
[2024-05-22T22:48:21.668+0000] {logging_mixin.py:188} INFO - [2024-05-22T22:48:21.668+0000] {dagbag.py:538} INFO - Filling up the DagBag from /home/airflow/.local/lib/python3.8/site-packages/airflow/example_dags/tutorial_dag.py
[2024-05-22T22:48:21.673+0000] {processor.py:840} INFO - DAG(s) 'tutorial_dag' retrieved from /home/airflow/.local/lib/python3.8/site-packages/airflow/example_dags/tutorial_dag.py
[2024-05-22T22:48:21.692+0000] {logging_mixin.py:188} INFO - [2024-05-22T22:48:21.692+0000] {dag.py:3036} INFO - Sync 1 DAGs
[2024-05-22T22:48:21.706+0000] {logging_mixin.py:188} INFO - [2024-05-22T22:48:21.706+0000] {dag.py:3823} INFO - Setting next_dagrun for tutorial_dag to None, run_after=None
[2024-05-22T22:48:21.726+0000] {processor.py:183} INFO - Processing /home/airflow/.local/lib/python3.8/site-packages/airflow/example_dags/tutorial_dag.py took 0.064 seconds
[2024-05-22T22:48:52.118+0000] {processor.py:161} INFO - Started process (PID=53616) to work on /home/airflow/.local/lib/python3.8/site-packages/airflow/example_dags/tutorial_dag.py
[2024-05-22T22:48:52.120+0000] {processor.py:830} INFO - Processing file /home/airflow/.local/lib/python3.8/site-packages/airflow/example_dags/tutorial_dag.py for tasks to queue
[2024-05-22T22:48:52.122+0000] {logging_mixin.py:188} INFO - [2024-05-22T22:48:52.122+0000] {dagbag.py:538} INFO - Filling up the DagBag from /home/airflow/.local/lib/python3.8/site-packages/airflow/example_dags/tutorial_dag.py
[2024-05-22T22:48:52.129+0000] {processor.py:840} INFO - DAG(s) 'tutorial_dag' retrieved from /home/airflow/.local/lib/python3.8/site-packages/airflow/example_dags/tutorial_dag.py
[2024-05-22T22:48:52.153+0000] {logging_mixin.py:188} INFO - [2024-05-22T22:48:52.153+0000] {dag.py:3036} INFO - Sync 1 DAGs
[2024-05-22T22:48:52.169+0000] {logging_mixin.py:188} INFO - [2024-05-22T22:48:52.169+0000] {dag.py:3823} INFO - Setting next_dagrun for tutorial_dag to None, run_after=None
[2024-05-22T22:48:52.191+0000] {processor.py:183} INFO - Processing /home/airflow/.local/lib/python3.8/site-packages/airflow/example_dags/tutorial_dag.py took 0.076 seconds
[2024-05-22T22:49:22.514+0000] {processor.py:161} INFO - Started process (PID=53673) to work on /home/airflow/.local/lib/python3.8/site-packages/airflow/example_dags/tutorial_dag.py
[2024-05-22T22:49:22.515+0000] {processor.py:830} INFO - Processing file /home/airflow/.local/lib/python3.8/site-packages/airflow/example_dags/tutorial_dag.py for tasks to queue
[2024-05-22T22:49:22.517+0000] {logging_mixin.py:188} INFO - [2024-05-22T22:49:22.517+0000] {dagbag.py:538} INFO - Filling up the DagBag from /home/airflow/.local/lib/python3.8/site-packages/airflow/example_dags/tutorial_dag.py
[2024-05-22T22:49:22.524+0000] {processor.py:840} INFO - DAG(s) 'tutorial_dag' retrieved from /home/airflow/.local/lib/python3.8/site-packages/airflow/example_dags/tutorial_dag.py
[2024-05-22T22:49:22.549+0000] {logging_mixin.py:188} INFO - [2024-05-22T22:49:22.548+0000] {dag.py:3036} INFO - Sync 1 DAGs
[2024-05-22T22:49:22.564+0000] {logging_mixin.py:188} INFO - [2024-05-22T22:49:22.564+0000] {dag.py:3823} INFO - Setting next_dagrun for tutorial_dag to None, run_after=None
[2024-05-22T22:49:22.586+0000] {processor.py:183} INFO - Processing /home/airflow/.local/lib/python3.8/site-packages/airflow/example_dags/tutorial_dag.py took 0.075 seconds
[2024-05-22T22:49:52.919+0000] {processor.py:161} INFO - Started process (PID=53730) to work on /home/airflow/.local/lib/python3.8/site-packages/airflow/example_dags/tutorial_dag.py
[2024-05-22T22:49:52.920+0000] {processor.py:830} INFO - Processing file /home/airflow/.local/lib/python3.8/site-packages/airflow/example_dags/tutorial_dag.py for tasks to queue
[2024-05-22T22:49:52.923+0000] {logging_mixin.py:188} INFO - [2024-05-22T22:49:52.922+0000] {dagbag.py:538} INFO - Filling up the DagBag from /home/airflow/.local/lib/python3.8/site-packages/airflow/example_dags/tutorial_dag.py
[2024-05-22T22:49:52.929+0000] {processor.py:840} INFO - DAG(s) 'tutorial_dag' retrieved from /home/airflow/.local/lib/python3.8/site-packages/airflow/example_dags/tutorial_dag.py
[2024-05-22T22:49:52.951+0000] {logging_mixin.py:188} INFO - [2024-05-22T22:49:52.951+0000] {dag.py:3036} INFO - Sync 1 DAGs
[2024-05-22T22:49:52.964+0000] {logging_mixin.py:188} INFO - [2024-05-22T22:49:52.964+0000] {dag.py:3823} INFO - Setting next_dagrun for tutorial_dag to None, run_after=None
[2024-05-22T22:49:52.986+0000] {processor.py:183} INFO - Processing /home/airflow/.local/lib/python3.8/site-packages/airflow/example_dags/tutorial_dag.py took 0.071 seconds
[2024-05-22T22:50:23.173+0000] {processor.py:161} INFO - Started process (PID=53785) to work on /home/airflow/.local/lib/python3.8/site-packages/airflow/example_dags/tutorial_dag.py
[2024-05-22T22:50:23.174+0000] {processor.py:830} INFO - Processing file /home/airflow/.local/lib/python3.8/site-packages/airflow/example_dags/tutorial_dag.py for tasks to queue
[2024-05-22T22:50:23.176+0000] {logging_mixin.py:188} INFO - [2024-05-22T22:50:23.176+0000] {dagbag.py:538} INFO - Filling up the DagBag from /home/airflow/.local/lib/python3.8/site-packages/airflow/example_dags/tutorial_dag.py
[2024-05-22T22:50:23.182+0000] {processor.py:840} INFO - DAG(s) 'tutorial_dag' retrieved from /home/airflow/.local/lib/python3.8/site-packages/airflow/example_dags/tutorial_dag.py
[2024-05-22T22:50:23.207+0000] {logging_mixin.py:188} INFO - [2024-05-22T22:50:23.207+0000] {dag.py:3036} INFO - Sync 1 DAGs
[2024-05-22T22:50:23.221+0000] {logging_mixin.py:188} INFO - [2024-05-22T22:50:23.221+0000] {dag.py:3823} INFO - Setting next_dagrun for tutorial_dag to None, run_after=None
[2024-05-22T22:50:23.246+0000] {processor.py:183} INFO - Processing /home/airflow/.local/lib/python3.8/site-packages/airflow/example_dags/tutorial_dag.py took 0.076 seconds
[2024-05-22T22:50:53.765+0000] {processor.py:161} INFO - Started process (PID=53842) to work on /home/airflow/.local/lib/python3.8/site-packages/airflow/example_dags/tutorial_dag.py
[2024-05-22T22:50:53.766+0000] {processor.py:830} INFO - Processing file /home/airflow/.local/lib/python3.8/site-packages/airflow/example_dags/tutorial_dag.py for tasks to queue
[2024-05-22T22:50:53.768+0000] {logging_mixin.py:188} INFO - [2024-05-22T22:50:53.767+0000] {dagbag.py:538} INFO - Filling up the DagBag from /home/airflow/.local/lib/python3.8/site-packages/airflow/example_dags/tutorial_dag.py
[2024-05-22T22:50:53.773+0000] {processor.py:840} INFO - DAG(s) 'tutorial_dag' retrieved from /home/airflow/.local/lib/python3.8/site-packages/airflow/example_dags/tutorial_dag.py
[2024-05-22T22:50:53.794+0000] {logging_mixin.py:188} INFO - [2024-05-22T22:50:53.794+0000] {dag.py:3036} INFO - Sync 1 DAGs
[2024-05-22T22:50:53.807+0000] {logging_mixin.py:188} INFO - [2024-05-22T22:50:53.807+0000] {dag.py:3823} INFO - Setting next_dagrun for tutorial_dag to None, run_after=None
[2024-05-22T22:50:53.831+0000] {processor.py:183} INFO - Processing /home/airflow/.local/lib/python3.8/site-packages/airflow/example_dags/tutorial_dag.py took 0.070 seconds
[2024-05-22T22:51:24.227+0000] {processor.py:161} INFO - Started process (PID=53899) to work on /home/airflow/.local/lib/python3.8/site-packages/airflow/example_dags/tutorial_dag.py
[2024-05-22T22:51:24.228+0000] {processor.py:830} INFO - Processing file /home/airflow/.local/lib/python3.8/site-packages/airflow/example_dags/tutorial_dag.py for tasks to queue
[2024-05-22T22:51:24.231+0000] {logging_mixin.py:188} INFO - [2024-05-22T22:51:24.231+0000] {dagbag.py:538} INFO - Filling up the DagBag from /home/airflow/.local/lib/python3.8/site-packages/airflow/example_dags/tutorial_dag.py
[2024-05-22T22:51:24.238+0000] {processor.py:840} INFO - DAG(s) 'tutorial_dag' retrieved from /home/airflow/.local/lib/python3.8/site-packages/airflow/example_dags/tutorial_dag.py
[2024-05-22T22:51:24.263+0000] {logging_mixin.py:188} INFO - [2024-05-22T22:51:24.263+0000] {dag.py:3036} INFO - Sync 1 DAGs
[2024-05-22T22:51:24.285+0000] {logging_mixin.py:188} INFO - [2024-05-22T22:51:24.284+0000] {dag.py:3823} INFO - Setting next_dagrun for tutorial_dag to None, run_after=None
[2024-05-22T22:51:24.310+0000] {processor.py:183} INFO - Processing /home/airflow/.local/lib/python3.8/site-packages/airflow/example_dags/tutorial_dag.py took 0.086 seconds
[2024-05-22T22:51:54.523+0000] {processor.py:161} INFO - Started process (PID=53956) to work on /home/airflow/.local/lib/python3.8/site-packages/airflow/example_dags/tutorial_dag.py
[2024-05-22T22:51:54.524+0000] {processor.py:830} INFO - Processing file /home/airflow/.local/lib/python3.8/site-packages/airflow/example_dags/tutorial_dag.py for tasks to queue
[2024-05-22T22:51:54.526+0000] {logging_mixin.py:188} INFO - [2024-05-22T22:51:54.525+0000] {dagbag.py:538} INFO - Filling up the DagBag from /home/airflow/.local/lib/python3.8/site-packages/airflow/example_dags/tutorial_dag.py
[2024-05-22T22:51:54.531+0000] {processor.py:840} INFO - DAG(s) 'tutorial_dag' retrieved from /home/airflow/.local/lib/python3.8/site-packages/airflow/example_dags/tutorial_dag.py
[2024-05-22T22:51:54.552+0000] {logging_mixin.py:188} INFO - [2024-05-22T22:51:54.552+0000] {dag.py:3036} INFO - Sync 1 DAGs
[2024-05-22T22:51:54.565+0000] {logging_mixin.py:188} INFO - [2024-05-22T22:51:54.564+0000] {dag.py:3823} INFO - Setting next_dagrun for tutorial_dag to None, run_after=None
[2024-05-22T22:51:54.587+0000] {processor.py:183} INFO - Processing /home/airflow/.local/lib/python3.8/site-packages/airflow/example_dags/tutorial_dag.py took 0.068 seconds
[2024-05-22T22:52:24.874+0000] {processor.py:161} INFO - Started process (PID=54013) to work on /home/airflow/.local/lib/python3.8/site-packages/airflow/example_dags/tutorial_dag.py
[2024-05-22T22:52:24.875+0000] {processor.py:830} INFO - Processing file /home/airflow/.local/lib/python3.8/site-packages/airflow/example_dags/tutorial_dag.py for tasks to queue
[2024-05-22T22:52:24.877+0000] {logging_mixin.py:188} INFO - [2024-05-22T22:52:24.877+0000] {dagbag.py:538} INFO - Filling up the DagBag from /home/airflow/.local/lib/python3.8/site-packages/airflow/example_dags/tutorial_dag.py
[2024-05-22T22:52:24.884+0000] {processor.py:840} INFO - DAG(s) 'tutorial_dag' retrieved from /home/airflow/.local/lib/python3.8/site-packages/airflow/example_dags/tutorial_dag.py
[2024-05-22T22:52:24.907+0000] {logging_mixin.py:188} INFO - [2024-05-22T22:52:24.907+0000] {dag.py:3036} INFO - Sync 1 DAGs
[2024-05-22T22:52:24.925+0000] {logging_mixin.py:188} INFO - [2024-05-22T22:52:24.925+0000] {dag.py:3823} INFO - Setting next_dagrun for tutorial_dag to None, run_after=None
[2024-05-22T22:52:24.951+0000] {processor.py:183} INFO - Processing /home/airflow/.local/lib/python3.8/site-packages/airflow/example_dags/tutorial_dag.py took 0.079 seconds
[2024-05-22T22:52:55.189+0000] {processor.py:161} INFO - Started process (PID=54071) to work on /home/airflow/.local/lib/python3.8/site-packages/airflow/example_dags/tutorial_dag.py
[2024-05-22T22:52:55.190+0000] {processor.py:830} INFO - Processing file /home/airflow/.local/lib/python3.8/site-packages/airflow/example_dags/tutorial_dag.py for tasks to queue
[2024-05-22T22:52:55.192+0000] {logging_mixin.py:188} INFO - [2024-05-22T22:52:55.191+0000] {dagbag.py:538} INFO - Filling up the DagBag from /home/airflow/.local/lib/python3.8/site-packages/airflow/example_dags/tutorial_dag.py
[2024-05-22T22:52:55.198+0000] {processor.py:840} INFO - DAG(s) 'tutorial_dag' retrieved from /home/airflow/.local/lib/python3.8/site-packages/airflow/example_dags/tutorial_dag.py
[2024-05-22T22:52:55.220+0000] {logging_mixin.py:188} INFO - [2024-05-22T22:52:55.220+0000] {dag.py:3036} INFO - Sync 1 DAGs
[2024-05-22T22:52:55.238+0000] {logging_mixin.py:188} INFO - [2024-05-22T22:52:55.238+0000] {dag.py:3823} INFO - Setting next_dagrun for tutorial_dag to None, run_after=None
[2024-05-22T22:52:55.263+0000] {processor.py:183} INFO - Processing /home/airflow/.local/lib/python3.8/site-packages/airflow/example_dags/tutorial_dag.py took 0.077 seconds
[2024-05-22T22:53:25.593+0000] {processor.py:161} INFO - Started process (PID=54128) to work on /home/airflow/.local/lib/python3.8/site-packages/airflow/example_dags/tutorial_dag.py
[2024-05-22T22:53:25.594+0000] {processor.py:830} INFO - Processing file /home/airflow/.local/lib/python3.8/site-packages/airflow/example_dags/tutorial_dag.py for tasks to queue
[2024-05-22T22:53:25.596+0000] {logging_mixin.py:188} INFO - [2024-05-22T22:53:25.596+0000] {dagbag.py:538} INFO - Filling up the DagBag from /home/airflow/.local/lib/python3.8/site-packages/airflow/example_dags/tutorial_dag.py
[2024-05-22T22:53:25.602+0000] {processor.py:840} INFO - DAG(s) 'tutorial_dag' retrieved from /home/airflow/.local/lib/python3.8/site-packages/airflow/example_dags/tutorial_dag.py
[2024-05-22T22:53:25.629+0000] {logging_mixin.py:188} INFO - [2024-05-22T22:53:25.628+0000] {dag.py:3036} INFO - Sync 1 DAGs
[2024-05-22T22:53:25.643+0000] {logging_mixin.py:188} INFO - [2024-05-22T22:53:25.643+0000] {dag.py:3823} INFO - Setting next_dagrun for tutorial_dag to None, run_after=None
[2024-05-22T22:53:25.671+0000] {processor.py:183} INFO - Processing /home/airflow/.local/lib/python3.8/site-packages/airflow/example_dags/tutorial_dag.py took 0.083 seconds
[2024-05-22T22:53:55.984+0000] {processor.py:161} INFO - Started process (PID=54185) to work on /home/airflow/.local/lib/python3.8/site-packages/airflow/example_dags/tutorial_dag.py
[2024-05-22T22:53:55.985+0000] {processor.py:830} INFO - Processing file /home/airflow/.local/lib/python3.8/site-packages/airflow/example_dags/tutorial_dag.py for tasks to queue
[2024-05-22T22:53:55.987+0000] {logging_mixin.py:188} INFO - [2024-05-22T22:53:55.987+0000] {dagbag.py:538} INFO - Filling up the DagBag from /home/airflow/.local/lib/python3.8/site-packages/airflow/example_dags/tutorial_dag.py
[2024-05-22T22:53:55.993+0000] {processor.py:840} INFO - DAG(s) 'tutorial_dag' retrieved from /home/airflow/.local/lib/python3.8/site-packages/airflow/example_dags/tutorial_dag.py
[2024-05-22T22:53:56.014+0000] {logging_mixin.py:188} INFO - [2024-05-22T22:53:56.014+0000] {dag.py:3036} INFO - Sync 1 DAGs
[2024-05-22T22:53:56.026+0000] {logging_mixin.py:188} INFO - [2024-05-22T22:53:56.026+0000] {dag.py:3823} INFO - Setting next_dagrun for tutorial_dag to None, run_after=None
[2024-05-22T22:53:56.048+0000] {processor.py:183} INFO - Processing /home/airflow/.local/lib/python3.8/site-packages/airflow/example_dags/tutorial_dag.py took 0.066 seconds
[2024-05-22T22:54:26.386+0000] {processor.py:161} INFO - Started process (PID=54242) to work on /home/airflow/.local/lib/python3.8/site-packages/airflow/example_dags/tutorial_dag.py
[2024-05-22T22:54:26.387+0000] {processor.py:830} INFO - Processing file /home/airflow/.local/lib/python3.8/site-packages/airflow/example_dags/tutorial_dag.py for tasks to queue
[2024-05-22T22:54:26.389+0000] {logging_mixin.py:188} INFO - [2024-05-22T22:54:26.389+0000] {dagbag.py:538} INFO - Filling up the DagBag from /home/airflow/.local/lib/python3.8/site-packages/airflow/example_dags/tutorial_dag.py
[2024-05-22T22:54:26.396+0000] {processor.py:840} INFO - DAG(s) 'tutorial_dag' retrieved from /home/airflow/.local/lib/python3.8/site-packages/airflow/example_dags/tutorial_dag.py
[2024-05-22T22:54:26.423+0000] {logging_mixin.py:188} INFO - [2024-05-22T22:54:26.423+0000] {dag.py:3036} INFO - Sync 1 DAGs
[2024-05-22T22:54:26.437+0000] {logging_mixin.py:188} INFO - [2024-05-22T22:54:26.437+0000] {dag.py:3823} INFO - Setting next_dagrun for tutorial_dag to None, run_after=None
[2024-05-22T22:54:26.463+0000] {processor.py:183} INFO - Processing /home/airflow/.local/lib/python3.8/site-packages/airflow/example_dags/tutorial_dag.py took 0.081 seconds
[2024-05-22T22:54:56.567+0000] {processor.py:161} INFO - Started process (PID=54297) to work on /home/airflow/.local/lib/python3.8/site-packages/airflow/example_dags/tutorial_dag.py
[2024-05-22T22:54:56.568+0000] {processor.py:830} INFO - Processing file /home/airflow/.local/lib/python3.8/site-packages/airflow/example_dags/tutorial_dag.py for tasks to queue
[2024-05-22T22:54:56.570+0000] {logging_mixin.py:188} INFO - [2024-05-22T22:54:56.569+0000] {dagbag.py:538} INFO - Filling up the DagBag from /home/airflow/.local/lib/python3.8/site-packages/airflow/example_dags/tutorial_dag.py
[2024-05-22T22:54:56.578+0000] {processor.py:840} INFO - DAG(s) 'tutorial_dag' retrieved from /home/airflow/.local/lib/python3.8/site-packages/airflow/example_dags/tutorial_dag.py
[2024-05-22T22:54:56.602+0000] {logging_mixin.py:188} INFO - [2024-05-22T22:54:56.601+0000] {dag.py:3036} INFO - Sync 1 DAGs
[2024-05-22T22:54:56.616+0000] {logging_mixin.py:188} INFO - [2024-05-22T22:54:56.616+0000] {dag.py:3823} INFO - Setting next_dagrun for tutorial_dag to None, run_after=None
[2024-05-22T22:54:56.639+0000] {processor.py:183} INFO - Processing /home/airflow/.local/lib/python3.8/site-packages/airflow/example_dags/tutorial_dag.py took 0.075 seconds
[2024-05-22T22:55:26.924+0000] {processor.py:161} INFO - Started process (PID=54354) to work on /home/airflow/.local/lib/python3.8/site-packages/airflow/example_dags/tutorial_dag.py
[2024-05-22T22:55:26.925+0000] {processor.py:830} INFO - Processing file /home/airflow/.local/lib/python3.8/site-packages/airflow/example_dags/tutorial_dag.py for tasks to queue
[2024-05-22T22:55:26.926+0000] {logging_mixin.py:188} INFO - [2024-05-22T22:55:26.926+0000] {dagbag.py:538} INFO - Filling up the DagBag from /home/airflow/.local/lib/python3.8/site-packages/airflow/example_dags/tutorial_dag.py
[2024-05-22T22:55:26.932+0000] {processor.py:840} INFO - DAG(s) 'tutorial_dag' retrieved from /home/airflow/.local/lib/python3.8/site-packages/airflow/example_dags/tutorial_dag.py
[2024-05-22T22:55:26.954+0000] {logging_mixin.py:188} INFO - [2024-05-22T22:55:26.953+0000] {dag.py:3036} INFO - Sync 1 DAGs
[2024-05-22T22:55:26.968+0000] {logging_mixin.py:188} INFO - [2024-05-22T22:55:26.967+0000] {dag.py:3823} INFO - Setting next_dagrun for tutorial_dag to None, run_after=None
[2024-05-22T22:55:26.994+0000] {processor.py:183} INFO - Processing /home/airflow/.local/lib/python3.8/site-packages/airflow/example_dags/tutorial_dag.py took 0.073 seconds
[2024-05-22T22:55:57.974+0000] {processor.py:161} INFO - Started process (PID=54413) to work on /home/airflow/.local/lib/python3.8/site-packages/airflow/example_dags/tutorial_dag.py
[2024-05-22T22:55:57.975+0000] {processor.py:830} INFO - Processing file /home/airflow/.local/lib/python3.8/site-packages/airflow/example_dags/tutorial_dag.py for tasks to queue
[2024-05-22T22:55:57.977+0000] {logging_mixin.py:188} INFO - [2024-05-22T22:55:57.976+0000] {dagbag.py:538} INFO - Filling up the DagBag from /home/airflow/.local/lib/python3.8/site-packages/airflow/example_dags/tutorial_dag.py
[2024-05-22T22:55:57.985+0000] {processor.py:840} INFO - DAG(s) 'tutorial_dag' retrieved from /home/airflow/.local/lib/python3.8/site-packages/airflow/example_dags/tutorial_dag.py
[2024-05-22T22:55:58.013+0000] {logging_mixin.py:188} INFO - [2024-05-22T22:55:58.013+0000] {dag.py:3036} INFO - Sync 1 DAGs
[2024-05-22T22:55:58.033+0000] {logging_mixin.py:188} INFO - [2024-05-22T22:55:58.032+0000] {dag.py:3823} INFO - Setting next_dagrun for tutorial_dag to None, run_after=None
[2024-05-22T22:55:58.066+0000] {processor.py:183} INFO - Processing /home/airflow/.local/lib/python3.8/site-packages/airflow/example_dags/tutorial_dag.py took 0.096 seconds
[2024-05-22T22:56:28.531+0000] {processor.py:161} INFO - Started process (PID=54470) to work on /home/airflow/.local/lib/python3.8/site-packages/airflow/example_dags/tutorial_dag.py
[2024-05-22T22:56:28.532+0000] {processor.py:830} INFO - Processing file /home/airflow/.local/lib/python3.8/site-packages/airflow/example_dags/tutorial_dag.py for tasks to queue
[2024-05-22T22:56:28.534+0000] {logging_mixin.py:188} INFO - [2024-05-22T22:56:28.533+0000] {dagbag.py:538} INFO - Filling up the DagBag from /home/airflow/.local/lib/python3.8/site-packages/airflow/example_dags/tutorial_dag.py
[2024-05-22T22:56:28.540+0000] {processor.py:840} INFO - DAG(s) 'tutorial_dag' retrieved from /home/airflow/.local/lib/python3.8/site-packages/airflow/example_dags/tutorial_dag.py
[2024-05-22T22:56:28.562+0000] {logging_mixin.py:188} INFO - [2024-05-22T22:56:28.561+0000] {dag.py:3036} INFO - Sync 1 DAGs
[2024-05-22T22:56:28.576+0000] {logging_mixin.py:188} INFO - [2024-05-22T22:56:28.576+0000] {dag.py:3823} INFO - Setting next_dagrun for tutorial_dag to None, run_after=None
[2024-05-22T22:56:28.601+0000] {processor.py:183} INFO - Processing /home/airflow/.local/lib/python3.8/site-packages/airflow/example_dags/tutorial_dag.py took 0.075 seconds
[2024-05-22T22:56:59.004+0000] {processor.py:161} INFO - Started process (PID=54527) to work on /home/airflow/.local/lib/python3.8/site-packages/airflow/example_dags/tutorial_dag.py
[2024-05-22T22:56:59.005+0000] {processor.py:830} INFO - Processing file /home/airflow/.local/lib/python3.8/site-packages/airflow/example_dags/tutorial_dag.py for tasks to queue
[2024-05-22T22:56:59.007+0000] {logging_mixin.py:188} INFO - [2024-05-22T22:56:59.007+0000] {dagbag.py:538} INFO - Filling up the DagBag from /home/airflow/.local/lib/python3.8/site-packages/airflow/example_dags/tutorial_dag.py
[2024-05-22T22:56:59.012+0000] {processor.py:840} INFO - DAG(s) 'tutorial_dag' retrieved from /home/airflow/.local/lib/python3.8/site-packages/airflow/example_dags/tutorial_dag.py
[2024-05-22T22:56:59.033+0000] {logging_mixin.py:188} INFO - [2024-05-22T22:56:59.032+0000] {dag.py:3036} INFO - Sync 1 DAGs
[2024-05-22T22:56:59.045+0000] {logging_mixin.py:188} INFO - [2024-05-22T22:56:59.044+0000] {dag.py:3823} INFO - Setting next_dagrun for tutorial_dag to None, run_after=None
[2024-05-22T22:56:59.068+0000] {processor.py:183} INFO - Processing /home/airflow/.local/lib/python3.8/site-packages/airflow/example_dags/tutorial_dag.py took 0.067 seconds
[2024-05-22T22:57:29.152+0000] {processor.py:161} INFO - Started process (PID=54582) to work on /home/airflow/.local/lib/python3.8/site-packages/airflow/example_dags/tutorial_dag.py
[2024-05-22T22:57:29.153+0000] {processor.py:830} INFO - Processing file /home/airflow/.local/lib/python3.8/site-packages/airflow/example_dags/tutorial_dag.py for tasks to queue
[2024-05-22T22:57:29.154+0000] {logging_mixin.py:188} INFO - [2024-05-22T22:57:29.154+0000] {dagbag.py:538} INFO - Filling up the DagBag from /home/airflow/.local/lib/python3.8/site-packages/airflow/example_dags/tutorial_dag.py
[2024-05-22T22:57:29.160+0000] {processor.py:840} INFO - DAG(s) 'tutorial_dag' retrieved from /home/airflow/.local/lib/python3.8/site-packages/airflow/example_dags/tutorial_dag.py
[2024-05-22T22:57:29.185+0000] {logging_mixin.py:188} INFO - [2024-05-22T22:57:29.185+0000] {dag.py:3036} INFO - Sync 1 DAGs
[2024-05-22T22:57:29.204+0000] {logging_mixin.py:188} INFO - [2024-05-22T22:57:29.204+0000] {dag.py:3823} INFO - Setting next_dagrun for tutorial_dag to None, run_after=None
[2024-05-22T22:57:29.229+0000] {processor.py:183} INFO - Processing /home/airflow/.local/lib/python3.8/site-packages/airflow/example_dags/tutorial_dag.py took 0.080 seconds
[2024-05-22T22:57:59.423+0000] {processor.py:161} INFO - Started process (PID=54639) to work on /home/airflow/.local/lib/python3.8/site-packages/airflow/example_dags/tutorial_dag.py
[2024-05-22T22:57:59.425+0000] {processor.py:830} INFO - Processing file /home/airflow/.local/lib/python3.8/site-packages/airflow/example_dags/tutorial_dag.py for tasks to queue
[2024-05-22T22:57:59.427+0000] {logging_mixin.py:188} INFO - [2024-05-22T22:57:59.427+0000] {dagbag.py:538} INFO - Filling up the DagBag from /home/airflow/.local/lib/python3.8/site-packages/airflow/example_dags/tutorial_dag.py
[2024-05-22T22:57:59.434+0000] {processor.py:840} INFO - DAG(s) 'tutorial_dag' retrieved from /home/airflow/.local/lib/python3.8/site-packages/airflow/example_dags/tutorial_dag.py
[2024-05-22T22:57:59.460+0000] {logging_mixin.py:188} INFO - [2024-05-22T22:57:59.459+0000] {dag.py:3036} INFO - Sync 1 DAGs
[2024-05-22T22:57:59.477+0000] {logging_mixin.py:188} INFO - [2024-05-22T22:57:59.476+0000] {dag.py:3823} INFO - Setting next_dagrun for tutorial_dag to None, run_after=None
[2024-05-22T22:57:59.500+0000] {processor.py:183} INFO - Processing /home/airflow/.local/lib/python3.8/site-packages/airflow/example_dags/tutorial_dag.py took 0.081 seconds
[2024-05-22T22:58:29.982+0000] {processor.py:161} INFO - Started process (PID=54696) to work on /home/airflow/.local/lib/python3.8/site-packages/airflow/example_dags/tutorial_dag.py
[2024-05-22T22:58:29.982+0000] {processor.py:830} INFO - Processing file /home/airflow/.local/lib/python3.8/site-packages/airflow/example_dags/tutorial_dag.py for tasks to queue
[2024-05-22T22:58:29.984+0000] {logging_mixin.py:188} INFO - [2024-05-22T22:58:29.984+0000] {dagbag.py:538} INFO - Filling up the DagBag from /home/airflow/.local/lib/python3.8/site-packages/airflow/example_dags/tutorial_dag.py
[2024-05-22T22:58:29.990+0000] {processor.py:840} INFO - DAG(s) 'tutorial_dag' retrieved from /home/airflow/.local/lib/python3.8/site-packages/airflow/example_dags/tutorial_dag.py
[2024-05-22T22:58:30.009+0000] {logging_mixin.py:188} INFO - [2024-05-22T22:58:30.009+0000] {dag.py:3036} INFO - Sync 1 DAGs
[2024-05-22T22:58:30.021+0000] {logging_mixin.py:188} INFO - [2024-05-22T22:58:30.021+0000] {dag.py:3823} INFO - Setting next_dagrun for tutorial_dag to None, run_after=None
[2024-05-22T22:58:30.042+0000] {processor.py:183} INFO - Processing /home/airflow/.local/lib/python3.8/site-packages/airflow/example_dags/tutorial_dag.py took 0.063 seconds
[2024-05-22T22:59:00.329+0000] {processor.py:161} INFO - Started process (PID=54753) to work on /home/airflow/.local/lib/python3.8/site-packages/airflow/example_dags/tutorial_dag.py
[2024-05-22T22:59:00.330+0000] {processor.py:830} INFO - Processing file /home/airflow/.local/lib/python3.8/site-packages/airflow/example_dags/tutorial_dag.py for tasks to queue
[2024-05-22T22:59:00.332+0000] {logging_mixin.py:188} INFO - [2024-05-22T22:59:00.332+0000] {dagbag.py:538} INFO - Filling up the DagBag from /home/airflow/.local/lib/python3.8/site-packages/airflow/example_dags/tutorial_dag.py
[2024-05-22T22:59:00.338+0000] {processor.py:840} INFO - DAG(s) 'tutorial_dag' retrieved from /home/airflow/.local/lib/python3.8/site-packages/airflow/example_dags/tutorial_dag.py
[2024-05-22T22:59:00.357+0000] {logging_mixin.py:188} INFO - [2024-05-22T22:59:00.356+0000] {dag.py:3036} INFO - Sync 1 DAGs
[2024-05-22T22:59:00.370+0000] {logging_mixin.py:188} INFO - [2024-05-22T22:59:00.370+0000] {dag.py:3823} INFO - Setting next_dagrun for tutorial_dag to None, run_after=None
[2024-05-22T22:59:00.391+0000] {processor.py:183} INFO - Processing /home/airflow/.local/lib/python3.8/site-packages/airflow/example_dags/tutorial_dag.py took 0.064 seconds
[2024-05-22T22:59:30.687+0000] {processor.py:161} INFO - Started process (PID=54810) to work on /home/airflow/.local/lib/python3.8/site-packages/airflow/example_dags/tutorial_dag.py
[2024-05-22T22:59:30.688+0000] {processor.py:830} INFO - Processing file /home/airflow/.local/lib/python3.8/site-packages/airflow/example_dags/tutorial_dag.py for tasks to queue
[2024-05-22T22:59:30.690+0000] {logging_mixin.py:188} INFO - [2024-05-22T22:59:30.690+0000] {dagbag.py:538} INFO - Filling up the DagBag from /home/airflow/.local/lib/python3.8/site-packages/airflow/example_dags/tutorial_dag.py
[2024-05-22T22:59:30.698+0000] {processor.py:840} INFO - DAG(s) 'tutorial_dag' retrieved from /home/airflow/.local/lib/python3.8/site-packages/airflow/example_dags/tutorial_dag.py
[2024-05-22T22:59:30.726+0000] {logging_mixin.py:188} INFO - [2024-05-22T22:59:30.725+0000] {dag.py:3036} INFO - Sync 1 DAGs
[2024-05-22T22:59:30.741+0000] {logging_mixin.py:188} INFO - [2024-05-22T22:59:30.741+0000] {dag.py:3823} INFO - Setting next_dagrun for tutorial_dag to None, run_after=None
[2024-05-22T22:59:30.766+0000] {processor.py:183} INFO - Processing /home/airflow/.local/lib/python3.8/site-packages/airflow/example_dags/tutorial_dag.py took 0.085 seconds
[2024-05-22T23:00:01.217+0000] {processor.py:161} INFO - Started process (PID=54867) to work on /home/airflow/.local/lib/python3.8/site-packages/airflow/example_dags/tutorial_dag.py
[2024-05-22T23:00:01.218+0000] {processor.py:830} INFO - Processing file /home/airflow/.local/lib/python3.8/site-packages/airflow/example_dags/tutorial_dag.py for tasks to queue
[2024-05-22T23:00:01.220+0000] {logging_mixin.py:188} INFO - [2024-05-22T23:00:01.220+0000] {dagbag.py:538} INFO - Filling up the DagBag from /home/airflow/.local/lib/python3.8/site-packages/airflow/example_dags/tutorial_dag.py
[2024-05-22T23:00:01.228+0000] {processor.py:840} INFO - DAG(s) 'tutorial_dag' retrieved from /home/airflow/.local/lib/python3.8/site-packages/airflow/example_dags/tutorial_dag.py
[2024-05-22T23:00:01.251+0000] {logging_mixin.py:188} INFO - [2024-05-22T23:00:01.251+0000] {dag.py:3036} INFO - Sync 1 DAGs
[2024-05-22T23:00:01.265+0000] {logging_mixin.py:188} INFO - [2024-05-22T23:00:01.264+0000] {dag.py:3823} INFO - Setting next_dagrun for tutorial_dag to None, run_after=None
[2024-05-22T23:00:01.286+0000] {processor.py:183} INFO - Processing /home/airflow/.local/lib/python3.8/site-packages/airflow/example_dags/tutorial_dag.py took 0.073 seconds
[2024-05-22T23:00:32.093+0000] {processor.py:161} INFO - Started process (PID=54924) to work on /home/airflow/.local/lib/python3.8/site-packages/airflow/example_dags/tutorial_dag.py
[2024-05-22T23:00:32.094+0000] {processor.py:830} INFO - Processing file /home/airflow/.local/lib/python3.8/site-packages/airflow/example_dags/tutorial_dag.py for tasks to queue
[2024-05-22T23:00:32.096+0000] {logging_mixin.py:188} INFO - [2024-05-22T23:00:32.096+0000] {dagbag.py:538} INFO - Filling up the DagBag from /home/airflow/.local/lib/python3.8/site-packages/airflow/example_dags/tutorial_dag.py
[2024-05-22T23:00:32.101+0000] {processor.py:840} INFO - DAG(s) 'tutorial_dag' retrieved from /home/airflow/.local/lib/python3.8/site-packages/airflow/example_dags/tutorial_dag.py
[2024-05-22T23:00:32.122+0000] {logging_mixin.py:188} INFO - [2024-05-22T23:00:32.121+0000] {dag.py:3036} INFO - Sync 1 DAGs
[2024-05-22T23:00:32.134+0000] {logging_mixin.py:188} INFO - [2024-05-22T23:00:32.134+0000] {dag.py:3823} INFO - Setting next_dagrun for tutorial_dag to None, run_after=None
[2024-05-22T23:00:32.156+0000] {processor.py:183} INFO - Processing /home/airflow/.local/lib/python3.8/site-packages/airflow/example_dags/tutorial_dag.py took 0.065 seconds
[2024-05-22T23:01:03.085+0000] {processor.py:161} INFO - Started process (PID=54981) to work on /home/airflow/.local/lib/python3.8/site-packages/airflow/example_dags/tutorial_dag.py
[2024-05-22T23:01:03.086+0000] {processor.py:830} INFO - Processing file /home/airflow/.local/lib/python3.8/site-packages/airflow/example_dags/tutorial_dag.py for tasks to queue
[2024-05-22T23:01:03.087+0000] {logging_mixin.py:188} INFO - [2024-05-22T23:01:03.087+0000] {dagbag.py:538} INFO - Filling up the DagBag from /home/airflow/.local/lib/python3.8/site-packages/airflow/example_dags/tutorial_dag.py
[2024-05-22T23:01:03.093+0000] {processor.py:840} INFO - DAG(s) 'tutorial_dag' retrieved from /home/airflow/.local/lib/python3.8/site-packages/airflow/example_dags/tutorial_dag.py
[2024-05-22T23:01:03.112+0000] {logging_mixin.py:188} INFO - [2024-05-22T23:01:03.111+0000] {dag.py:3036} INFO - Sync 1 DAGs
[2024-05-22T23:01:03.123+0000] {logging_mixin.py:188} INFO - [2024-05-22T23:01:03.123+0000] {dag.py:3823} INFO - Setting next_dagrun for tutorial_dag to None, run_after=None
[2024-05-22T23:01:03.143+0000] {processor.py:183} INFO - Processing /home/airflow/.local/lib/python3.8/site-packages/airflow/example_dags/tutorial_dag.py took 0.061 seconds
[2024-05-22T23:01:33.491+0000] {processor.py:161} INFO - Started process (PID=55038) to work on /home/airflow/.local/lib/python3.8/site-packages/airflow/example_dags/tutorial_dag.py
[2024-05-22T23:01:33.492+0000] {processor.py:830} INFO - Processing file /home/airflow/.local/lib/python3.8/site-packages/airflow/example_dags/tutorial_dag.py for tasks to queue
[2024-05-22T23:01:33.494+0000] {logging_mixin.py:188} INFO - [2024-05-22T23:01:33.493+0000] {dagbag.py:538} INFO - Filling up the DagBag from /home/airflow/.local/lib/python3.8/site-packages/airflow/example_dags/tutorial_dag.py
[2024-05-22T23:01:33.498+0000] {processor.py:840} INFO - DAG(s) 'tutorial_dag' retrieved from /home/airflow/.local/lib/python3.8/site-packages/airflow/example_dags/tutorial_dag.py
[2024-05-22T23:01:33.519+0000] {logging_mixin.py:188} INFO - [2024-05-22T23:01:33.519+0000] {dag.py:3036} INFO - Sync 1 DAGs
[2024-05-22T23:01:33.534+0000] {logging_mixin.py:188} INFO - [2024-05-22T23:01:33.534+0000] {dag.py:3823} INFO - Setting next_dagrun for tutorial_dag to None, run_after=None
[2024-05-22T23:01:33.553+0000] {processor.py:183} INFO - Processing /home/airflow/.local/lib/python3.8/site-packages/airflow/example_dags/tutorial_dag.py took 0.065 seconds
[2024-05-22T23:02:03.800+0000] {processor.py:161} INFO - Started process (PID=55095) to work on /home/airflow/.local/lib/python3.8/site-packages/airflow/example_dags/tutorial_dag.py
[2024-05-22T23:02:03.801+0000] {processor.py:830} INFO - Processing file /home/airflow/.local/lib/python3.8/site-packages/airflow/example_dags/tutorial_dag.py for tasks to queue
[2024-05-22T23:02:03.802+0000] {logging_mixin.py:188} INFO - [2024-05-22T23:02:03.802+0000] {dagbag.py:538} INFO - Filling up the DagBag from /home/airflow/.local/lib/python3.8/site-packages/airflow/example_dags/tutorial_dag.py
[2024-05-22T23:02:03.808+0000] {processor.py:840} INFO - DAG(s) 'tutorial_dag' retrieved from /home/airflow/.local/lib/python3.8/site-packages/airflow/example_dags/tutorial_dag.py
[2024-05-22T23:02:03.830+0000] {logging_mixin.py:188} INFO - [2024-05-22T23:02:03.830+0000] {dag.py:3036} INFO - Sync 1 DAGs
[2024-05-22T23:02:03.844+0000] {logging_mixin.py:188} INFO - [2024-05-22T23:02:03.844+0000] {dag.py:3823} INFO - Setting next_dagrun for tutorial_dag to None, run_after=None
[2024-05-22T23:02:03.873+0000] {processor.py:183} INFO - Processing /home/airflow/.local/lib/python3.8/site-packages/airflow/example_dags/tutorial_dag.py took 0.077 seconds
[2024-05-22T23:02:33.992+0000] {processor.py:161} INFO - Started process (PID=55153) to work on /home/airflow/.local/lib/python3.8/site-packages/airflow/example_dags/tutorial_dag.py
[2024-05-22T23:02:33.994+0000] {processor.py:830} INFO - Processing file /home/airflow/.local/lib/python3.8/site-packages/airflow/example_dags/tutorial_dag.py for tasks to queue
[2024-05-22T23:02:33.996+0000] {logging_mixin.py:188} INFO - [2024-05-22T23:02:33.995+0000] {dagbag.py:538} INFO - Filling up the DagBag from /home/airflow/.local/lib/python3.8/site-packages/airflow/example_dags/tutorial_dag.py
[2024-05-22T23:02:34.003+0000] {processor.py:840} INFO - DAG(s) 'tutorial_dag' retrieved from /home/airflow/.local/lib/python3.8/site-packages/airflow/example_dags/tutorial_dag.py
[2024-05-22T23:02:34.025+0000] {logging_mixin.py:188} INFO - [2024-05-22T23:02:34.025+0000] {dag.py:3036} INFO - Sync 1 DAGs
[2024-05-22T23:02:34.039+0000] {logging_mixin.py:188} INFO - [2024-05-22T23:02:34.039+0000] {dag.py:3823} INFO - Setting next_dagrun for tutorial_dag to None, run_after=None
[2024-05-22T23:02:34.062+0000] {processor.py:183} INFO - Processing /home/airflow/.local/lib/python3.8/site-packages/airflow/example_dags/tutorial_dag.py took 0.073 seconds
[2024-05-22T23:03:04.231+0000] {processor.py:161} INFO - Started process (PID=55210) to work on /home/airflow/.local/lib/python3.8/site-packages/airflow/example_dags/tutorial_dag.py
[2024-05-22T23:03:04.232+0000] {processor.py:830} INFO - Processing file /home/airflow/.local/lib/python3.8/site-packages/airflow/example_dags/tutorial_dag.py for tasks to queue
[2024-05-22T23:03:04.235+0000] {logging_mixin.py:188} INFO - [2024-05-22T23:03:04.234+0000] {dagbag.py:538} INFO - Filling up the DagBag from /home/airflow/.local/lib/python3.8/site-packages/airflow/example_dags/tutorial_dag.py
[2024-05-22T23:03:04.241+0000] {processor.py:840} INFO - DAG(s) 'tutorial_dag' retrieved from /home/airflow/.local/lib/python3.8/site-packages/airflow/example_dags/tutorial_dag.py
[2024-05-22T23:03:04.263+0000] {logging_mixin.py:188} INFO - [2024-05-22T23:03:04.263+0000] {dag.py:3036} INFO - Sync 1 DAGs
[2024-05-22T23:03:04.277+0000] {logging_mixin.py:188} INFO - [2024-05-22T23:03:04.277+0000] {dag.py:3823} INFO - Setting next_dagrun for tutorial_dag to None, run_after=None
[2024-05-22T23:03:04.299+0000] {processor.py:183} INFO - Processing /home/airflow/.local/lib/python3.8/site-packages/airflow/example_dags/tutorial_dag.py took 0.071 seconds
[2024-05-22T23:03:34.968+0000] {processor.py:161} INFO - Started process (PID=55267) to work on /home/airflow/.local/lib/python3.8/site-packages/airflow/example_dags/tutorial_dag.py
[2024-05-22T23:03:34.970+0000] {processor.py:830} INFO - Processing file /home/airflow/.local/lib/python3.8/site-packages/airflow/example_dags/tutorial_dag.py for tasks to queue
[2024-05-22T23:03:34.972+0000] {logging_mixin.py:188} INFO - [2024-05-22T23:03:34.971+0000] {dagbag.py:538} INFO - Filling up the DagBag from /home/airflow/.local/lib/python3.8/site-packages/airflow/example_dags/tutorial_dag.py
[2024-05-22T23:03:34.977+0000] {processor.py:840} INFO - DAG(s) 'tutorial_dag' retrieved from /home/airflow/.local/lib/python3.8/site-packages/airflow/example_dags/tutorial_dag.py
[2024-05-22T23:03:35.001+0000] {logging_mixin.py:188} INFO - [2024-05-22T23:03:35.001+0000] {dag.py:3036} INFO - Sync 1 DAGs
[2024-05-22T23:03:35.016+0000] {logging_mixin.py:188} INFO - [2024-05-22T23:03:35.016+0000] {dag.py:3823} INFO - Setting next_dagrun for tutorial_dag to None, run_after=None
[2024-05-22T23:03:35.043+0000] {processor.py:183} INFO - Processing /home/airflow/.local/lib/python3.8/site-packages/airflow/example_dags/tutorial_dag.py took 0.078 seconds
[2024-05-22T23:04:05.453+0000] {processor.py:161} INFO - Started process (PID=55325) to work on /home/airflow/.local/lib/python3.8/site-packages/airflow/example_dags/tutorial_dag.py
[2024-05-22T23:04:05.454+0000] {processor.py:830} INFO - Processing file /home/airflow/.local/lib/python3.8/site-packages/airflow/example_dags/tutorial_dag.py for tasks to queue
[2024-05-22T23:04:05.456+0000] {logging_mixin.py:188} INFO - [2024-05-22T23:04:05.456+0000] {dagbag.py:538} INFO - Filling up the DagBag from /home/airflow/.local/lib/python3.8/site-packages/airflow/example_dags/tutorial_dag.py
[2024-05-22T23:04:05.464+0000] {processor.py:840} INFO - DAG(s) 'tutorial_dag' retrieved from /home/airflow/.local/lib/python3.8/site-packages/airflow/example_dags/tutorial_dag.py
[2024-05-22T23:04:05.492+0000] {logging_mixin.py:188} INFO - [2024-05-22T23:04:05.491+0000] {dag.py:3036} INFO - Sync 1 DAGs
[2024-05-22T23:04:05.507+0000] {logging_mixin.py:188} INFO - [2024-05-22T23:04:05.506+0000] {dag.py:3823} INFO - Setting next_dagrun for tutorial_dag to None, run_after=None
[2024-05-22T23:04:05.533+0000] {processor.py:183} INFO - Processing /home/airflow/.local/lib/python3.8/site-packages/airflow/example_dags/tutorial_dag.py took 0.086 seconds
[2024-05-22T23:04:36.081+0000] {processor.py:161} INFO - Started process (PID=55382) to work on /home/airflow/.local/lib/python3.8/site-packages/airflow/example_dags/tutorial_dag.py
[2024-05-22T23:04:36.082+0000] {processor.py:830} INFO - Processing file /home/airflow/.local/lib/python3.8/site-packages/airflow/example_dags/tutorial_dag.py for tasks to queue
[2024-05-22T23:04:36.085+0000] {logging_mixin.py:188} INFO - [2024-05-22T23:04:36.085+0000] {dagbag.py:538} INFO - Filling up the DagBag from /home/airflow/.local/lib/python3.8/site-packages/airflow/example_dags/tutorial_dag.py
[2024-05-22T23:04:36.092+0000] {processor.py:840} INFO - DAG(s) 'tutorial_dag' retrieved from /home/airflow/.local/lib/python3.8/site-packages/airflow/example_dags/tutorial_dag.py
[2024-05-22T23:04:36.115+0000] {logging_mixin.py:188} INFO - [2024-05-22T23:04:36.114+0000] {dag.py:3036} INFO - Sync 1 DAGs
[2024-05-22T23:04:36.130+0000] {logging_mixin.py:188} INFO - [2024-05-22T23:04:36.129+0000] {dag.py:3823} INFO - Setting next_dagrun for tutorial_dag to None, run_after=None
[2024-05-22T23:04:36.154+0000] {processor.py:183} INFO - Processing /home/airflow/.local/lib/python3.8/site-packages/airflow/example_dags/tutorial_dag.py took 0.077 seconds
[2024-05-22T23:05:06.632+0000] {processor.py:161} INFO - Started process (PID=55439) to work on /home/airflow/.local/lib/python3.8/site-packages/airflow/example_dags/tutorial_dag.py
[2024-05-22T23:05:06.634+0000] {processor.py:830} INFO - Processing file /home/airflow/.local/lib/python3.8/site-packages/airflow/example_dags/tutorial_dag.py for tasks to queue
[2024-05-22T23:05:06.636+0000] {logging_mixin.py:188} INFO - [2024-05-22T23:05:06.636+0000] {dagbag.py:538} INFO - Filling up the DagBag from /home/airflow/.local/lib/python3.8/site-packages/airflow/example_dags/tutorial_dag.py
[2024-05-22T23:05:06.643+0000] {processor.py:840} INFO - DAG(s) 'tutorial_dag' retrieved from /home/airflow/.local/lib/python3.8/site-packages/airflow/example_dags/tutorial_dag.py
[2024-05-22T23:05:06.672+0000] {logging_mixin.py:188} INFO - [2024-05-22T23:05:06.672+0000] {dag.py:3036} INFO - Sync 1 DAGs
[2024-05-22T23:05:06.690+0000] {logging_mixin.py:188} INFO - [2024-05-22T23:05:06.689+0000] {dag.py:3823} INFO - Setting next_dagrun for tutorial_dag to None, run_after=None
[2024-05-22T23:05:06.717+0000] {processor.py:183} INFO - Processing /home/airflow/.local/lib/python3.8/site-packages/airflow/example_dags/tutorial_dag.py took 0.089 seconds
[2024-05-22T23:05:36.834+0000] {processor.py:161} INFO - Started process (PID=55496) to work on /home/airflow/.local/lib/python3.8/site-packages/airflow/example_dags/tutorial_dag.py
[2024-05-22T23:05:36.835+0000] {processor.py:830} INFO - Processing file /home/airflow/.local/lib/python3.8/site-packages/airflow/example_dags/tutorial_dag.py for tasks to queue
[2024-05-22T23:05:36.837+0000] {logging_mixin.py:188} INFO - [2024-05-22T23:05:36.837+0000] {dagbag.py:538} INFO - Filling up the DagBag from /home/airflow/.local/lib/python3.8/site-packages/airflow/example_dags/tutorial_dag.py
[2024-05-22T23:05:36.843+0000] {processor.py:840} INFO - DAG(s) 'tutorial_dag' retrieved from /home/airflow/.local/lib/python3.8/site-packages/airflow/example_dags/tutorial_dag.py
[2024-05-22T23:05:36.865+0000] {logging_mixin.py:188} INFO - [2024-05-22T23:05:36.865+0000] {dag.py:3036} INFO - Sync 1 DAGs
[2024-05-22T23:05:36.881+0000] {logging_mixin.py:188} INFO - [2024-05-22T23:05:36.881+0000] {dag.py:3823} INFO - Setting next_dagrun for tutorial_dag to None, run_after=None
[2024-05-22T23:05:36.902+0000] {processor.py:183} INFO - Processing /home/airflow/.local/lib/python3.8/site-packages/airflow/example_dags/tutorial_dag.py took 0.072 seconds
[2024-05-22T23:06:07.471+0000] {processor.py:161} INFO - Started process (PID=55553) to work on /home/airflow/.local/lib/python3.8/site-packages/airflow/example_dags/tutorial_dag.py
[2024-05-22T23:06:07.474+0000] {processor.py:830} INFO - Processing file /home/airflow/.local/lib/python3.8/site-packages/airflow/example_dags/tutorial_dag.py for tasks to queue
[2024-05-22T23:06:07.476+0000] {logging_mixin.py:188} INFO - [2024-05-22T23:06:07.476+0000] {dagbag.py:538} INFO - Filling up the DagBag from /home/airflow/.local/lib/python3.8/site-packages/airflow/example_dags/tutorial_dag.py
[2024-05-22T23:06:07.483+0000] {processor.py:840} INFO - DAG(s) 'tutorial_dag' retrieved from /home/airflow/.local/lib/python3.8/site-packages/airflow/example_dags/tutorial_dag.py
[2024-05-22T23:06:07.507+0000] {logging_mixin.py:188} INFO - [2024-05-22T23:06:07.506+0000] {dag.py:3036} INFO - Sync 1 DAGs
[2024-05-22T23:06:07.520+0000] {logging_mixin.py:188} INFO - [2024-05-22T23:06:07.520+0000] {dag.py:3823} INFO - Setting next_dagrun for tutorial_dag to None, run_after=None
[2024-05-22T23:06:07.544+0000] {processor.py:183} INFO - Processing /home/airflow/.local/lib/python3.8/site-packages/airflow/example_dags/tutorial_dag.py took 0.078 seconds
[2024-05-22T23:06:38.129+0000] {processor.py:161} INFO - Started process (PID=55610) to work on /home/airflow/.local/lib/python3.8/site-packages/airflow/example_dags/tutorial_dag.py
[2024-05-22T23:06:38.130+0000] {processor.py:830} INFO - Processing file /home/airflow/.local/lib/python3.8/site-packages/airflow/example_dags/tutorial_dag.py for tasks to queue
[2024-05-22T23:06:38.132+0000] {logging_mixin.py:188} INFO - [2024-05-22T23:06:38.132+0000] {dagbag.py:538} INFO - Filling up the DagBag from /home/airflow/.local/lib/python3.8/site-packages/airflow/example_dags/tutorial_dag.py
[2024-05-22T23:06:38.138+0000] {processor.py:840} INFO - DAG(s) 'tutorial_dag' retrieved from /home/airflow/.local/lib/python3.8/site-packages/airflow/example_dags/tutorial_dag.py
[2024-05-22T23:06:38.174+0000] {logging_mixin.py:188} INFO - [2024-05-22T23:06:38.174+0000] {dag.py:3036} INFO - Sync 1 DAGs
[2024-05-22T23:06:38.199+0000] {logging_mixin.py:188} INFO - [2024-05-22T23:06:38.198+0000] {dag.py:3823} INFO - Setting next_dagrun for tutorial_dag to None, run_after=None
[2024-05-22T23:06:38.240+0000] {processor.py:183} INFO - Processing /home/airflow/.local/lib/python3.8/site-packages/airflow/example_dags/tutorial_dag.py took 0.115 seconds
[2024-05-22T23:07:08.327+0000] {processor.py:161} INFO - Started process (PID=55667) to work on /home/airflow/.local/lib/python3.8/site-packages/airflow/example_dags/tutorial_dag.py
[2024-05-22T23:07:08.328+0000] {processor.py:830} INFO - Processing file /home/airflow/.local/lib/python3.8/site-packages/airflow/example_dags/tutorial_dag.py for tasks to queue
[2024-05-22T23:07:08.329+0000] {logging_mixin.py:188} INFO - [2024-05-22T23:07:08.329+0000] {dagbag.py:538} INFO - Filling up the DagBag from /home/airflow/.local/lib/python3.8/site-packages/airflow/example_dags/tutorial_dag.py
[2024-05-22T23:07:08.335+0000] {processor.py:840} INFO - DAG(s) 'tutorial_dag' retrieved from /home/airflow/.local/lib/python3.8/site-packages/airflow/example_dags/tutorial_dag.py
[2024-05-22T23:07:08.354+0000] {logging_mixin.py:188} INFO - [2024-05-22T23:07:08.354+0000] {dag.py:3036} INFO - Sync 1 DAGs
[2024-05-22T23:07:08.368+0000] {logging_mixin.py:188} INFO - [2024-05-22T23:07:08.367+0000] {dag.py:3823} INFO - Setting next_dagrun for tutorial_dag to None, run_after=None
[2024-05-22T23:07:08.388+0000] {processor.py:183} INFO - Processing /home/airflow/.local/lib/python3.8/site-packages/airflow/example_dags/tutorial_dag.py took 0.065 seconds
[2024-05-22T23:07:38.603+0000] {processor.py:161} INFO - Started process (PID=55724) to work on /home/airflow/.local/lib/python3.8/site-packages/airflow/example_dags/tutorial_dag.py
[2024-05-22T23:07:38.604+0000] {processor.py:830} INFO - Processing file /home/airflow/.local/lib/python3.8/site-packages/airflow/example_dags/tutorial_dag.py for tasks to queue
[2024-05-22T23:07:38.606+0000] {logging_mixin.py:188} INFO - [2024-05-22T23:07:38.606+0000] {dagbag.py:538} INFO - Filling up the DagBag from /home/airflow/.local/lib/python3.8/site-packages/airflow/example_dags/tutorial_dag.py
[2024-05-22T23:07:38.611+0000] {processor.py:840} INFO - DAG(s) 'tutorial_dag' retrieved from /home/airflow/.local/lib/python3.8/site-packages/airflow/example_dags/tutorial_dag.py
[2024-05-22T23:07:38.634+0000] {logging_mixin.py:188} INFO - [2024-05-22T23:07:38.634+0000] {dag.py:3036} INFO - Sync 1 DAGs
[2024-05-22T23:07:38.649+0000] {logging_mixin.py:188} INFO - [2024-05-22T23:07:38.649+0000] {dag.py:3823} INFO - Setting next_dagrun for tutorial_dag to None, run_after=None
[2024-05-22T23:07:38.685+0000] {processor.py:183} INFO - Processing /home/airflow/.local/lib/python3.8/site-packages/airflow/example_dags/tutorial_dag.py took 0.086 seconds
[2024-05-22T23:08:09.283+0000] {processor.py:161} INFO - Started process (PID=55781) to work on /home/airflow/.local/lib/python3.8/site-packages/airflow/example_dags/tutorial_dag.py
[2024-05-22T23:08:09.284+0000] {processor.py:830} INFO - Processing file /home/airflow/.local/lib/python3.8/site-packages/airflow/example_dags/tutorial_dag.py for tasks to queue
[2024-05-22T23:08:09.286+0000] {logging_mixin.py:188} INFO - [2024-05-22T23:08:09.286+0000] {dagbag.py:538} INFO - Filling up the DagBag from /home/airflow/.local/lib/python3.8/site-packages/airflow/example_dags/tutorial_dag.py
[2024-05-22T23:08:09.292+0000] {processor.py:840} INFO - DAG(s) 'tutorial_dag' retrieved from /home/airflow/.local/lib/python3.8/site-packages/airflow/example_dags/tutorial_dag.py
[2024-05-22T23:08:09.312+0000] {logging_mixin.py:188} INFO - [2024-05-22T23:08:09.311+0000] {dag.py:3036} INFO - Sync 1 DAGs
[2024-05-22T23:08:09.323+0000] {logging_mixin.py:188} INFO - [2024-05-22T23:08:09.323+0000] {dag.py:3823} INFO - Setting next_dagrun for tutorial_dag to None, run_after=None
[2024-05-22T23:08:09.344+0000] {processor.py:183} INFO - Processing /home/airflow/.local/lib/python3.8/site-packages/airflow/example_dags/tutorial_dag.py took 0.064 seconds
[2024-05-22T23:08:40.113+0000] {processor.py:161} INFO - Started process (PID=55838) to work on /home/airflow/.local/lib/python3.8/site-packages/airflow/example_dags/tutorial_dag.py
[2024-05-22T23:08:40.114+0000] {processor.py:830} INFO - Processing file /home/airflow/.local/lib/python3.8/site-packages/airflow/example_dags/tutorial_dag.py for tasks to queue
[2024-05-22T23:08:40.116+0000] {logging_mixin.py:188} INFO - [2024-05-22T23:08:40.116+0000] {dagbag.py:538} INFO - Filling up the DagBag from /home/airflow/.local/lib/python3.8/site-packages/airflow/example_dags/tutorial_dag.py
[2024-05-22T23:08:40.122+0000] {processor.py:840} INFO - DAG(s) 'tutorial_dag' retrieved from /home/airflow/.local/lib/python3.8/site-packages/airflow/example_dags/tutorial_dag.py
[2024-05-22T23:08:40.146+0000] {logging_mixin.py:188} INFO - [2024-05-22T23:08:40.146+0000] {dag.py:3036} INFO - Sync 1 DAGs
[2024-05-22T23:08:40.161+0000] {logging_mixin.py:188} INFO - [2024-05-22T23:08:40.160+0000] {dag.py:3823} INFO - Setting next_dagrun for tutorial_dag to None, run_after=None
[2024-05-22T23:08:40.182+0000] {processor.py:183} INFO - Processing /home/airflow/.local/lib/python3.8/site-packages/airflow/example_dags/tutorial_dag.py took 0.073 seconds
[2024-05-22T23:09:10.989+0000] {processor.py:161} INFO - Started process (PID=55895) to work on /home/airflow/.local/lib/python3.8/site-packages/airflow/example_dags/tutorial_dag.py
[2024-05-22T23:09:10.990+0000] {processor.py:830} INFO - Processing file /home/airflow/.local/lib/python3.8/site-packages/airflow/example_dags/tutorial_dag.py for tasks to queue
[2024-05-22T23:09:10.992+0000] {logging_mixin.py:188} INFO - [2024-05-22T23:09:10.991+0000] {dagbag.py:538} INFO - Filling up the DagBag from /home/airflow/.local/lib/python3.8/site-packages/airflow/example_dags/tutorial_dag.py
[2024-05-22T23:09:10.998+0000] {processor.py:840} INFO - DAG(s) 'tutorial_dag' retrieved from /home/airflow/.local/lib/python3.8/site-packages/airflow/example_dags/tutorial_dag.py
[2024-05-22T23:09:11.022+0000] {logging_mixin.py:188} INFO - [2024-05-22T23:09:11.021+0000] {dag.py:3036} INFO - Sync 1 DAGs
[2024-05-22T23:09:11.035+0000] {logging_mixin.py:188} INFO - [2024-05-22T23:09:11.035+0000] {dag.py:3823} INFO - Setting next_dagrun for tutorial_dag to None, run_after=None
[2024-05-22T23:09:11.057+0000] {processor.py:183} INFO - Processing /home/airflow/.local/lib/python3.8/site-packages/airflow/example_dags/tutorial_dag.py took 0.072 seconds
[2024-05-22T23:09:41.414+0000] {processor.py:161} INFO - Started process (PID=55952) to work on /home/airflow/.local/lib/python3.8/site-packages/airflow/example_dags/tutorial_dag.py
[2024-05-22T23:09:41.415+0000] {processor.py:830} INFO - Processing file /home/airflow/.local/lib/python3.8/site-packages/airflow/example_dags/tutorial_dag.py for tasks to queue
[2024-05-22T23:09:41.416+0000] {logging_mixin.py:188} INFO - [2024-05-22T23:09:41.416+0000] {dagbag.py:538} INFO - Filling up the DagBag from /home/airflow/.local/lib/python3.8/site-packages/airflow/example_dags/tutorial_dag.py
[2024-05-22T23:09:41.421+0000] {processor.py:840} INFO - DAG(s) 'tutorial_dag' retrieved from /home/airflow/.local/lib/python3.8/site-packages/airflow/example_dags/tutorial_dag.py
[2024-05-22T23:09:41.442+0000] {logging_mixin.py:188} INFO - [2024-05-22T23:09:41.441+0000] {dag.py:3036} INFO - Sync 1 DAGs
[2024-05-22T23:09:41.455+0000] {logging_mixin.py:188} INFO - [2024-05-22T23:09:41.455+0000] {dag.py:3823} INFO - Setting next_dagrun for tutorial_dag to None, run_after=None
[2024-05-22T23:09:41.476+0000] {processor.py:183} INFO - Processing /home/airflow/.local/lib/python3.8/site-packages/airflow/example_dags/tutorial_dag.py took 0.066 seconds
[2024-05-22T23:10:11.739+0000] {processor.py:161} INFO - Started process (PID=56009) to work on /home/airflow/.local/lib/python3.8/site-packages/airflow/example_dags/tutorial_dag.py
[2024-05-22T23:10:11.740+0000] {processor.py:830} INFO - Processing file /home/airflow/.local/lib/python3.8/site-packages/airflow/example_dags/tutorial_dag.py for tasks to queue
[2024-05-22T23:10:11.742+0000] {logging_mixin.py:188} INFO - [2024-05-22T23:10:11.742+0000] {dagbag.py:538} INFO - Filling up the DagBag from /home/airflow/.local/lib/python3.8/site-packages/airflow/example_dags/tutorial_dag.py
[2024-05-22T23:10:11.747+0000] {processor.py:840} INFO - DAG(s) 'tutorial_dag' retrieved from /home/airflow/.local/lib/python3.8/site-packages/airflow/example_dags/tutorial_dag.py
[2024-05-22T23:10:11.766+0000] {logging_mixin.py:188} INFO - [2024-05-22T23:10:11.766+0000] {dag.py:3036} INFO - Sync 1 DAGs
[2024-05-22T23:10:11.778+0000] {logging_mixin.py:188} INFO - [2024-05-22T23:10:11.778+0000] {dag.py:3823} INFO - Setting next_dagrun for tutorial_dag to None, run_after=None
[2024-05-22T23:10:11.798+0000] {processor.py:183} INFO - Processing /home/airflow/.local/lib/python3.8/site-packages/airflow/example_dags/tutorial_dag.py took 0.061 seconds
