[2024-05-22T22:36:36.415+0000] {processor.py:161} INFO - Started process (PID=52221) to work on /home/airflow/.local/lib/python3.8/site-packages/airflow/example_dags/tutorial.py
[2024-05-22T22:36:36.417+0000] {processor.py:830} INFO - Processing file /home/airflow/.local/lib/python3.8/site-packages/airflow/example_dags/tutorial.py for tasks to queue
[2024-05-22T22:36:36.421+0000] {logging_mixin.py:188} INFO - [2024-05-22T22:36:36.420+0000] {dagbag.py:538} INFO - Filling up the DagBag from /home/airflow/.local/lib/python3.8/site-packages/airflow/example_dags/tutorial.py
[2024-05-22T22:36:36.439+0000] {processor.py:840} INFO - DAG(s) 'tutorial' retrieved from /home/airflow/.local/lib/python3.8/site-packages/airflow/example_dags/tutorial.py
[2024-05-22T22:36:36.522+0000] {logging_mixin.py:188} INFO - [2024-05-22T22:36:36.522+0000] {dag.py:3036} INFO - Sync 1 DAGs
[2024-05-22T22:36:36.604+0000] {logging_mixin.py:188} INFO - [2024-05-22T22:36:36.604+0000] {dag.py:3823} INFO - Setting next_dagrun for tutorial to 2024-05-21 00:00:00+00:00, run_after=2024-05-22 00:00:00+00:00
[2024-05-22T22:36:36.694+0000] {processor.py:183} INFO - Processing /home/airflow/.local/lib/python3.8/site-packages/airflow/example_dags/tutorial.py took 0.288 seconds
[2024-05-22T22:37:07.084+0000] {processor.py:161} INFO - Started process (PID=52278) to work on /home/airflow/.local/lib/python3.8/site-packages/airflow/example_dags/tutorial.py
[2024-05-22T22:37:07.085+0000] {processor.py:830} INFO - Processing file /home/airflow/.local/lib/python3.8/site-packages/airflow/example_dags/tutorial.py for tasks to queue
[2024-05-22T22:37:07.086+0000] {logging_mixin.py:188} INFO - [2024-05-22T22:37:07.086+0000] {dagbag.py:538} INFO - Filling up the DagBag from /home/airflow/.local/lib/python3.8/site-packages/airflow/example_dags/tutorial.py
[2024-05-22T22:37:07.091+0000] {processor.py:840} INFO - DAG(s) 'tutorial' retrieved from /home/airflow/.local/lib/python3.8/site-packages/airflow/example_dags/tutorial.py
[2024-05-22T22:37:07.110+0000] {logging_mixin.py:188} INFO - [2024-05-22T22:37:07.110+0000] {dag.py:3036} INFO - Sync 1 DAGs
[2024-05-22T22:37:07.131+0000] {logging_mixin.py:188} INFO - [2024-05-22T22:37:07.131+0000] {dag.py:3823} INFO - Setting next_dagrun for tutorial to 2024-05-21 00:00:00+00:00, run_after=2024-05-22 00:00:00+00:00
[2024-05-22T22:37:07.150+0000] {processor.py:183} INFO - Processing /home/airflow/.local/lib/python3.8/site-packages/airflow/example_dags/tutorial.py took 0.069 seconds
[2024-05-22T22:37:37.563+0000] {processor.py:161} INFO - Started process (PID=52335) to work on /home/airflow/.local/lib/python3.8/site-packages/airflow/example_dags/tutorial.py
[2024-05-22T22:37:37.564+0000] {processor.py:830} INFO - Processing file /home/airflow/.local/lib/python3.8/site-packages/airflow/example_dags/tutorial.py for tasks to queue
[2024-05-22T22:37:37.565+0000] {logging_mixin.py:188} INFO - [2024-05-22T22:37:37.565+0000] {dagbag.py:538} INFO - Filling up the DagBag from /home/airflow/.local/lib/python3.8/site-packages/airflow/example_dags/tutorial.py
[2024-05-22T22:37:37.571+0000] {processor.py:840} INFO - DAG(s) 'tutorial' retrieved from /home/airflow/.local/lib/python3.8/site-packages/airflow/example_dags/tutorial.py
[2024-05-22T22:37:37.595+0000] {logging_mixin.py:188} INFO - [2024-05-22T22:37:37.595+0000] {dag.py:3036} INFO - Sync 1 DAGs
[2024-05-22T22:37:37.623+0000] {logging_mixin.py:188} INFO - [2024-05-22T22:37:37.623+0000] {dag.py:3823} INFO - Setting next_dagrun for tutorial to 2024-05-21 00:00:00+00:00, run_after=2024-05-22 00:00:00+00:00
[2024-05-22T22:37:37.646+0000] {processor.py:183} INFO - Processing /home/airflow/.local/lib/python3.8/site-packages/airflow/example_dags/tutorial.py took 0.086 seconds
[2024-05-22T22:38:08.047+0000] {processor.py:161} INFO - Started process (PID=52392) to work on /home/airflow/.local/lib/python3.8/site-packages/airflow/example_dags/tutorial.py
[2024-05-22T22:38:08.048+0000] {processor.py:830} INFO - Processing file /home/airflow/.local/lib/python3.8/site-packages/airflow/example_dags/tutorial.py for tasks to queue
[2024-05-22T22:38:08.050+0000] {logging_mixin.py:188} INFO - [2024-05-22T22:38:08.050+0000] {dagbag.py:538} INFO - Filling up the DagBag from /home/airflow/.local/lib/python3.8/site-packages/airflow/example_dags/tutorial.py
[2024-05-22T22:38:08.055+0000] {processor.py:840} INFO - DAG(s) 'tutorial' retrieved from /home/airflow/.local/lib/python3.8/site-packages/airflow/example_dags/tutorial.py
[2024-05-22T22:38:08.079+0000] {logging_mixin.py:188} INFO - [2024-05-22T22:38:08.079+0000] {dag.py:3036} INFO - Sync 1 DAGs
[2024-05-22T22:38:08.109+0000] {logging_mixin.py:188} INFO - [2024-05-22T22:38:08.108+0000] {dag.py:3823} INFO - Setting next_dagrun for tutorial to 2024-05-21 00:00:00+00:00, run_after=2024-05-22 00:00:00+00:00
[2024-05-22T22:38:08.132+0000] {processor.py:183} INFO - Processing /home/airflow/.local/lib/python3.8/site-packages/airflow/example_dags/tutorial.py took 0.088 seconds
[2024-05-22T22:38:38.516+0000] {processor.py:161} INFO - Started process (PID=52449) to work on /home/airflow/.local/lib/python3.8/site-packages/airflow/example_dags/tutorial.py
[2024-05-22T22:38:38.517+0000] {processor.py:830} INFO - Processing file /home/airflow/.local/lib/python3.8/site-packages/airflow/example_dags/tutorial.py for tasks to queue
[2024-05-22T22:38:38.519+0000] {logging_mixin.py:188} INFO - [2024-05-22T22:38:38.519+0000] {dagbag.py:538} INFO - Filling up the DagBag from /home/airflow/.local/lib/python3.8/site-packages/airflow/example_dags/tutorial.py
[2024-05-22T22:38:38.524+0000] {processor.py:840} INFO - DAG(s) 'tutorial' retrieved from /home/airflow/.local/lib/python3.8/site-packages/airflow/example_dags/tutorial.py
[2024-05-22T22:38:38.545+0000] {logging_mixin.py:188} INFO - [2024-05-22T22:38:38.545+0000] {dag.py:3036} INFO - Sync 1 DAGs
[2024-05-22T22:38:38.575+0000] {logging_mixin.py:188} INFO - [2024-05-22T22:38:38.575+0000] {dag.py:3823} INFO - Setting next_dagrun for tutorial to 2024-05-21 00:00:00+00:00, run_after=2024-05-22 00:00:00+00:00
[2024-05-22T22:38:38.598+0000] {processor.py:183} INFO - Processing /home/airflow/.local/lib/python3.8/site-packages/airflow/example_dags/tutorial.py took 0.087 seconds
[2024-05-22T22:39:09.054+0000] {processor.py:161} INFO - Started process (PID=52506) to work on /home/airflow/.local/lib/python3.8/site-packages/airflow/example_dags/tutorial.py
[2024-05-22T22:39:09.056+0000] {processor.py:830} INFO - Processing file /home/airflow/.local/lib/python3.8/site-packages/airflow/example_dags/tutorial.py for tasks to queue
[2024-05-22T22:39:09.058+0000] {logging_mixin.py:188} INFO - [2024-05-22T22:39:09.057+0000] {dagbag.py:538} INFO - Filling up the DagBag from /home/airflow/.local/lib/python3.8/site-packages/airflow/example_dags/tutorial.py
[2024-05-22T22:39:09.063+0000] {processor.py:840} INFO - DAG(s) 'tutorial' retrieved from /home/airflow/.local/lib/python3.8/site-packages/airflow/example_dags/tutorial.py
[2024-05-22T22:39:09.083+0000] {logging_mixin.py:188} INFO - [2024-05-22T22:39:09.082+0000] {dag.py:3036} INFO - Sync 1 DAGs
[2024-05-22T22:39:09.105+0000] {logging_mixin.py:188} INFO - [2024-05-22T22:39:09.105+0000] {dag.py:3823} INFO - Setting next_dagrun for tutorial to 2024-05-21 00:00:00+00:00, run_after=2024-05-22 00:00:00+00:00
[2024-05-22T22:39:09.127+0000] {processor.py:183} INFO - Processing /home/airflow/.local/lib/python3.8/site-packages/airflow/example_dags/tutorial.py took 0.076 seconds
[2024-05-22T22:39:39.442+0000] {processor.py:161} INFO - Started process (PID=52563) to work on /home/airflow/.local/lib/python3.8/site-packages/airflow/example_dags/tutorial.py
[2024-05-22T22:39:39.443+0000] {processor.py:830} INFO - Processing file /home/airflow/.local/lib/python3.8/site-packages/airflow/example_dags/tutorial.py for tasks to queue
[2024-05-22T22:39:39.444+0000] {logging_mixin.py:188} INFO - [2024-05-22T22:39:39.444+0000] {dagbag.py:538} INFO - Filling up the DagBag from /home/airflow/.local/lib/python3.8/site-packages/airflow/example_dags/tutorial.py
[2024-05-22T22:39:39.450+0000] {processor.py:840} INFO - DAG(s) 'tutorial' retrieved from /home/airflow/.local/lib/python3.8/site-packages/airflow/example_dags/tutorial.py
[2024-05-22T22:39:39.470+0000] {logging_mixin.py:188} INFO - [2024-05-22T22:39:39.469+0000] {dag.py:3036} INFO - Sync 1 DAGs
[2024-05-22T22:39:39.494+0000] {logging_mixin.py:188} INFO - [2024-05-22T22:39:39.494+0000] {dag.py:3823} INFO - Setting next_dagrun for tutorial to 2024-05-21 00:00:00+00:00, run_after=2024-05-22 00:00:00+00:00
[2024-05-22T22:39:39.515+0000] {processor.py:183} INFO - Processing /home/airflow/.local/lib/python3.8/site-packages/airflow/example_dags/tutorial.py took 0.076 seconds
[2024-05-22T22:40:09.824+0000] {processor.py:161} INFO - Started process (PID=52620) to work on /home/airflow/.local/lib/python3.8/site-packages/airflow/example_dags/tutorial.py
[2024-05-22T22:40:09.825+0000] {processor.py:830} INFO - Processing file /home/airflow/.local/lib/python3.8/site-packages/airflow/example_dags/tutorial.py for tasks to queue
[2024-05-22T22:40:09.827+0000] {logging_mixin.py:188} INFO - [2024-05-22T22:40:09.826+0000] {dagbag.py:538} INFO - Filling up the DagBag from /home/airflow/.local/lib/python3.8/site-packages/airflow/example_dags/tutorial.py
[2024-05-22T22:40:09.832+0000] {processor.py:840} INFO - DAG(s) 'tutorial' retrieved from /home/airflow/.local/lib/python3.8/site-packages/airflow/example_dags/tutorial.py
[2024-05-22T22:40:09.850+0000] {logging_mixin.py:188} INFO - [2024-05-22T22:40:09.850+0000] {dag.py:3036} INFO - Sync 1 DAGs
[2024-05-22T22:40:09.871+0000] {logging_mixin.py:188} INFO - [2024-05-22T22:40:09.871+0000] {dag.py:3823} INFO - Setting next_dagrun for tutorial to 2024-05-21 00:00:00+00:00, run_after=2024-05-22 00:00:00+00:00
[2024-05-22T22:40:09.890+0000] {processor.py:183} INFO - Processing /home/airflow/.local/lib/python3.8/site-packages/airflow/example_dags/tutorial.py took 0.069 seconds
[2024-05-22T22:40:40.294+0000] {processor.py:161} INFO - Started process (PID=52683) to work on /home/airflow/.local/lib/python3.8/site-packages/airflow/example_dags/tutorial.py
[2024-05-22T22:40:40.295+0000] {processor.py:830} INFO - Processing file /home/airflow/.local/lib/python3.8/site-packages/airflow/example_dags/tutorial.py for tasks to queue
[2024-05-22T22:40:40.297+0000] {logging_mixin.py:188} INFO - [2024-05-22T22:40:40.296+0000] {dagbag.py:538} INFO - Filling up the DagBag from /home/airflow/.local/lib/python3.8/site-packages/airflow/example_dags/tutorial.py
[2024-05-22T22:40:40.303+0000] {processor.py:840} INFO - DAG(s) 'tutorial' retrieved from /home/airflow/.local/lib/python3.8/site-packages/airflow/example_dags/tutorial.py
[2024-05-22T22:40:40.327+0000] {logging_mixin.py:188} INFO - [2024-05-22T22:40:40.327+0000] {dag.py:3036} INFO - Sync 1 DAGs
[2024-05-22T22:40:40.353+0000] {logging_mixin.py:188} INFO - [2024-05-22T22:40:40.353+0000] {dag.py:3823} INFO - Setting next_dagrun for tutorial to 2024-05-21 00:00:00+00:00, run_after=2024-05-22 00:00:00+00:00
[2024-05-22T22:40:40.375+0000] {processor.py:183} INFO - Processing /home/airflow/.local/lib/python3.8/site-packages/airflow/example_dags/tutorial.py took 0.086 seconds
[2024-05-22T22:41:10.842+0000] {processor.py:161} INFO - Started process (PID=52740) to work on /home/airflow/.local/lib/python3.8/site-packages/airflow/example_dags/tutorial.py
[2024-05-22T22:41:10.843+0000] {processor.py:830} INFO - Processing file /home/airflow/.local/lib/python3.8/site-packages/airflow/example_dags/tutorial.py for tasks to queue
[2024-05-22T22:41:10.845+0000] {logging_mixin.py:188} INFO - [2024-05-22T22:41:10.844+0000] {dagbag.py:538} INFO - Filling up the DagBag from /home/airflow/.local/lib/python3.8/site-packages/airflow/example_dags/tutorial.py
[2024-05-22T22:41:10.850+0000] {processor.py:840} INFO - DAG(s) 'tutorial' retrieved from /home/airflow/.local/lib/python3.8/site-packages/airflow/example_dags/tutorial.py
[2024-05-22T22:41:10.874+0000] {logging_mixin.py:188} INFO - [2024-05-22T22:41:10.873+0000] {dag.py:3036} INFO - Sync 1 DAGs
[2024-05-22T22:41:10.900+0000] {logging_mixin.py:188} INFO - [2024-05-22T22:41:10.900+0000] {dag.py:3823} INFO - Setting next_dagrun for tutorial to 2024-05-21 00:00:00+00:00, run_after=2024-05-22 00:00:00+00:00
[2024-05-22T22:41:10.924+0000] {processor.py:183} INFO - Processing /home/airflow/.local/lib/python3.8/site-packages/airflow/example_dags/tutorial.py took 0.085 seconds
[2024-05-22T22:41:41.348+0000] {processor.py:161} INFO - Started process (PID=52797) to work on /home/airflow/.local/lib/python3.8/site-packages/airflow/example_dags/tutorial.py
[2024-05-22T22:41:41.349+0000] {processor.py:830} INFO - Processing file /home/airflow/.local/lib/python3.8/site-packages/airflow/example_dags/tutorial.py for tasks to queue
[2024-05-22T22:41:41.351+0000] {logging_mixin.py:188} INFO - [2024-05-22T22:41:41.350+0000] {dagbag.py:538} INFO - Filling up the DagBag from /home/airflow/.local/lib/python3.8/site-packages/airflow/example_dags/tutorial.py
[2024-05-22T22:41:41.356+0000] {processor.py:840} INFO - DAG(s) 'tutorial' retrieved from /home/airflow/.local/lib/python3.8/site-packages/airflow/example_dags/tutorial.py
[2024-05-22T22:41:41.374+0000] {logging_mixin.py:188} INFO - [2024-05-22T22:41:41.374+0000] {dag.py:3036} INFO - Sync 1 DAGs
[2024-05-22T22:41:41.395+0000] {logging_mixin.py:188} INFO - [2024-05-22T22:41:41.395+0000] {dag.py:3823} INFO - Setting next_dagrun for tutorial to 2024-05-21 00:00:00+00:00, run_after=2024-05-22 00:00:00+00:00
[2024-05-22T22:41:41.414+0000] {processor.py:183} INFO - Processing /home/airflow/.local/lib/python3.8/site-packages/airflow/example_dags/tutorial.py took 0.068 seconds
[2024-05-22T22:42:11.949+0000] {processor.py:161} INFO - Started process (PID=52855) to work on /home/airflow/.local/lib/python3.8/site-packages/airflow/example_dags/tutorial.py
[2024-05-22T22:42:11.950+0000] {processor.py:830} INFO - Processing file /home/airflow/.local/lib/python3.8/site-packages/airflow/example_dags/tutorial.py for tasks to queue
[2024-05-22T22:42:11.951+0000] {logging_mixin.py:188} INFO - [2024-05-22T22:42:11.951+0000] {dagbag.py:538} INFO - Filling up the DagBag from /home/airflow/.local/lib/python3.8/site-packages/airflow/example_dags/tutorial.py
[2024-05-22T22:42:11.957+0000] {processor.py:840} INFO - DAG(s) 'tutorial' retrieved from /home/airflow/.local/lib/python3.8/site-packages/airflow/example_dags/tutorial.py
[2024-05-22T22:42:11.979+0000] {logging_mixin.py:188} INFO - [2024-05-22T22:42:11.978+0000] {dag.py:3036} INFO - Sync 1 DAGs
[2024-05-22T22:42:12.002+0000] {logging_mixin.py:188} INFO - [2024-05-22T22:42:12.001+0000] {dag.py:3823} INFO - Setting next_dagrun for tutorial to 2024-05-21 00:00:00+00:00, run_after=2024-05-22 00:00:00+00:00
[2024-05-22T22:42:12.025+0000] {processor.py:183} INFO - Processing /home/airflow/.local/lib/python3.8/site-packages/airflow/example_dags/tutorial.py took 0.079 seconds
[2024-05-22T22:42:42.406+0000] {processor.py:161} INFO - Started process (PID=52912) to work on /home/airflow/.local/lib/python3.8/site-packages/airflow/example_dags/tutorial.py
[2024-05-22T22:42:42.407+0000] {processor.py:830} INFO - Processing file /home/airflow/.local/lib/python3.8/site-packages/airflow/example_dags/tutorial.py for tasks to queue
[2024-05-22T22:42:42.409+0000] {logging_mixin.py:188} INFO - [2024-05-22T22:42:42.408+0000] {dagbag.py:538} INFO - Filling up the DagBag from /home/airflow/.local/lib/python3.8/site-packages/airflow/example_dags/tutorial.py
[2024-05-22T22:42:42.415+0000] {processor.py:840} INFO - DAG(s) 'tutorial' retrieved from /home/airflow/.local/lib/python3.8/site-packages/airflow/example_dags/tutorial.py
[2024-05-22T22:42:42.441+0000] {logging_mixin.py:188} INFO - [2024-05-22T22:42:42.440+0000] {dag.py:3036} INFO - Sync 1 DAGs
[2024-05-22T22:42:42.467+0000] {logging_mixin.py:188} INFO - [2024-05-22T22:42:42.467+0000] {dag.py:3823} INFO - Setting next_dagrun for tutorial to 2024-05-21 00:00:00+00:00, run_after=2024-05-22 00:00:00+00:00
[2024-05-22T22:42:42.490+0000] {processor.py:183} INFO - Processing /home/airflow/.local/lib/python3.8/site-packages/airflow/example_dags/tutorial.py took 0.088 seconds
[2024-05-22T22:43:13.001+0000] {processor.py:161} INFO - Started process (PID=52967) to work on /home/airflow/.local/lib/python3.8/site-packages/airflow/example_dags/tutorial.py
[2024-05-22T22:43:13.002+0000] {processor.py:830} INFO - Processing file /home/airflow/.local/lib/python3.8/site-packages/airflow/example_dags/tutorial.py for tasks to queue
[2024-05-22T22:43:13.005+0000] {logging_mixin.py:188} INFO - [2024-05-22T22:43:13.005+0000] {dagbag.py:538} INFO - Filling up the DagBag from /home/airflow/.local/lib/python3.8/site-packages/airflow/example_dags/tutorial.py
[2024-05-22T22:43:13.014+0000] {processor.py:840} INFO - DAG(s) 'tutorial' retrieved from /home/airflow/.local/lib/python3.8/site-packages/airflow/example_dags/tutorial.py
[2024-05-22T22:43:13.043+0000] {logging_mixin.py:188} INFO - [2024-05-22T22:43:13.043+0000] {dag.py:3036} INFO - Sync 1 DAGs
[2024-05-22T22:43:13.076+0000] {logging_mixin.py:188} INFO - [2024-05-22T22:43:13.075+0000] {dag.py:3823} INFO - Setting next_dagrun for tutorial to 2024-05-21 00:00:00+00:00, run_after=2024-05-22 00:00:00+00:00
[2024-05-22T22:43:13.117+0000] {processor.py:183} INFO - Processing /home/airflow/.local/lib/python3.8/site-packages/airflow/example_dags/tutorial.py took 0.121 seconds
[2024-05-22T22:43:44.070+0000] {processor.py:161} INFO - Started process (PID=53024) to work on /home/airflow/.local/lib/python3.8/site-packages/airflow/example_dags/tutorial.py
[2024-05-22T22:43:44.072+0000] {processor.py:830} INFO - Processing file /home/airflow/.local/lib/python3.8/site-packages/airflow/example_dags/tutorial.py for tasks to queue
[2024-05-22T22:43:44.073+0000] {logging_mixin.py:188} INFO - [2024-05-22T22:43:44.073+0000] {dagbag.py:538} INFO - Filling up the DagBag from /home/airflow/.local/lib/python3.8/site-packages/airflow/example_dags/tutorial.py
[2024-05-22T22:43:44.081+0000] {processor.py:840} INFO - DAG(s) 'tutorial' retrieved from /home/airflow/.local/lib/python3.8/site-packages/airflow/example_dags/tutorial.py
[2024-05-22T22:43:44.110+0000] {logging_mixin.py:188} INFO - [2024-05-22T22:43:44.109+0000] {dag.py:3036} INFO - Sync 1 DAGs
[2024-05-22T22:43:44.141+0000] {logging_mixin.py:188} INFO - [2024-05-22T22:43:44.140+0000] {dag.py:3823} INFO - Setting next_dagrun for tutorial to 2024-05-21 00:00:00+00:00, run_after=2024-05-22 00:00:00+00:00
[2024-05-22T22:43:44.172+0000] {processor.py:183} INFO - Processing /home/airflow/.local/lib/python3.8/site-packages/airflow/example_dags/tutorial.py took 0.106 seconds
[2024-05-22T22:44:14.428+0000] {processor.py:161} INFO - Started process (PID=53081) to work on /home/airflow/.local/lib/python3.8/site-packages/airflow/example_dags/tutorial.py
[2024-05-22T22:44:14.430+0000] {processor.py:830} INFO - Processing file /home/airflow/.local/lib/python3.8/site-packages/airflow/example_dags/tutorial.py for tasks to queue
[2024-05-22T22:44:14.432+0000] {logging_mixin.py:188} INFO - [2024-05-22T22:44:14.432+0000] {dagbag.py:538} INFO - Filling up the DagBag from /home/airflow/.local/lib/python3.8/site-packages/airflow/example_dags/tutorial.py
[2024-05-22T22:44:14.440+0000] {processor.py:840} INFO - DAG(s) 'tutorial' retrieved from /home/airflow/.local/lib/python3.8/site-packages/airflow/example_dags/tutorial.py
[2024-05-22T22:44:14.465+0000] {logging_mixin.py:188} INFO - [2024-05-22T22:44:14.465+0000] {dag.py:3036} INFO - Sync 1 DAGs
[2024-05-22T22:44:14.492+0000] {logging_mixin.py:188} INFO - [2024-05-22T22:44:14.491+0000] {dag.py:3823} INFO - Setting next_dagrun for tutorial to 2024-05-21 00:00:00+00:00, run_after=2024-05-22 00:00:00+00:00
[2024-05-22T22:44:14.519+0000] {processor.py:183} INFO - Processing /home/airflow/.local/lib/python3.8/site-packages/airflow/example_dags/tutorial.py took 0.096 seconds
[2024-05-22T22:44:44.926+0000] {processor.py:161} INFO - Started process (PID=53138) to work on /home/airflow/.local/lib/python3.8/site-packages/airflow/example_dags/tutorial.py
[2024-05-22T22:44:44.927+0000] {processor.py:830} INFO - Processing file /home/airflow/.local/lib/python3.8/site-packages/airflow/example_dags/tutorial.py for tasks to queue
[2024-05-22T22:44:44.930+0000] {logging_mixin.py:188} INFO - [2024-05-22T22:44:44.930+0000] {dagbag.py:538} INFO - Filling up the DagBag from /home/airflow/.local/lib/python3.8/site-packages/airflow/example_dags/tutorial.py
[2024-05-22T22:44:44.936+0000] {processor.py:840} INFO - DAG(s) 'tutorial' retrieved from /home/airflow/.local/lib/python3.8/site-packages/airflow/example_dags/tutorial.py
[2024-05-22T22:44:44.960+0000] {logging_mixin.py:188} INFO - [2024-05-22T22:44:44.960+0000] {dag.py:3036} INFO - Sync 1 DAGs
[2024-05-22T22:44:44.992+0000] {logging_mixin.py:188} INFO - [2024-05-22T22:44:44.992+0000] {dag.py:3823} INFO - Setting next_dagrun for tutorial to 2024-05-21 00:00:00+00:00, run_after=2024-05-22 00:00:00+00:00
[2024-05-22T22:44:45.024+0000] {processor.py:183} INFO - Processing /home/airflow/.local/lib/python3.8/site-packages/airflow/example_dags/tutorial.py took 0.103 seconds
[2024-05-22T22:45:15.189+0000] {processor.py:161} INFO - Started process (PID=53196) to work on /home/airflow/.local/lib/python3.8/site-packages/airflow/example_dags/tutorial.py
[2024-05-22T22:45:15.190+0000] {processor.py:830} INFO - Processing file /home/airflow/.local/lib/python3.8/site-packages/airflow/example_dags/tutorial.py for tasks to queue
[2024-05-22T22:45:15.192+0000] {logging_mixin.py:188} INFO - [2024-05-22T22:45:15.192+0000] {dagbag.py:538} INFO - Filling up the DagBag from /home/airflow/.local/lib/python3.8/site-packages/airflow/example_dags/tutorial.py
[2024-05-22T22:45:15.197+0000] {processor.py:840} INFO - DAG(s) 'tutorial' retrieved from /home/airflow/.local/lib/python3.8/site-packages/airflow/example_dags/tutorial.py
[2024-05-22T22:45:15.221+0000] {logging_mixin.py:188} INFO - [2024-05-22T22:45:15.221+0000] {dag.py:3036} INFO - Sync 1 DAGs
[2024-05-22T22:45:15.256+0000] {logging_mixin.py:188} INFO - [2024-05-22T22:45:15.256+0000] {dag.py:3823} INFO - Setting next_dagrun for tutorial to 2024-05-21 00:00:00+00:00, run_after=2024-05-22 00:00:00+00:00
[2024-05-22T22:45:15.288+0000] {processor.py:183} INFO - Processing /home/airflow/.local/lib/python3.8/site-packages/airflow/example_dags/tutorial.py took 0.102 seconds
[2024-05-22T22:45:45.417+0000] {processor.py:161} INFO - Started process (PID=53254) to work on /home/airflow/.local/lib/python3.8/site-packages/airflow/example_dags/tutorial.py
[2024-05-22T22:45:45.418+0000] {processor.py:830} INFO - Processing file /home/airflow/.local/lib/python3.8/site-packages/airflow/example_dags/tutorial.py for tasks to queue
[2024-05-22T22:45:45.421+0000] {logging_mixin.py:188} INFO - [2024-05-22T22:45:45.420+0000] {dagbag.py:538} INFO - Filling up the DagBag from /home/airflow/.local/lib/python3.8/site-packages/airflow/example_dags/tutorial.py
[2024-05-22T22:45:45.429+0000] {processor.py:840} INFO - DAG(s) 'tutorial' retrieved from /home/airflow/.local/lib/python3.8/site-packages/airflow/example_dags/tutorial.py
[2024-05-22T22:45:45.459+0000] {logging_mixin.py:188} INFO - [2024-05-22T22:45:45.459+0000] {dag.py:3036} INFO - Sync 1 DAGs
[2024-05-22T22:45:45.495+0000] {logging_mixin.py:188} INFO - [2024-05-22T22:45:45.495+0000] {dag.py:3823} INFO - Setting next_dagrun for tutorial to 2024-05-21 00:00:00+00:00, run_after=2024-05-22 00:00:00+00:00
[2024-05-22T22:45:45.529+0000] {processor.py:183} INFO - Processing /home/airflow/.local/lib/python3.8/site-packages/airflow/example_dags/tutorial.py took 0.116 seconds
[2024-05-22T22:46:16.437+0000] {processor.py:161} INFO - Started process (PID=53312) to work on /home/airflow/.local/lib/python3.8/site-packages/airflow/example_dags/tutorial.py
[2024-05-22T22:46:16.438+0000] {processor.py:830} INFO - Processing file /home/airflow/.local/lib/python3.8/site-packages/airflow/example_dags/tutorial.py for tasks to queue
[2024-05-22T22:46:16.441+0000] {logging_mixin.py:188} INFO - [2024-05-22T22:46:16.440+0000] {dagbag.py:538} INFO - Filling up the DagBag from /home/airflow/.local/lib/python3.8/site-packages/airflow/example_dags/tutorial.py
[2024-05-22T22:46:16.447+0000] {processor.py:840} INFO - DAG(s) 'tutorial' retrieved from /home/airflow/.local/lib/python3.8/site-packages/airflow/example_dags/tutorial.py
[2024-05-22T22:46:16.473+0000] {logging_mixin.py:188} INFO - [2024-05-22T22:46:16.472+0000] {dag.py:3036} INFO - Sync 1 DAGs
[2024-05-22T22:46:16.502+0000] {logging_mixin.py:188} INFO - [2024-05-22T22:46:16.502+0000] {dag.py:3823} INFO - Setting next_dagrun for tutorial to 2024-05-21 00:00:00+00:00, run_after=2024-05-22 00:00:00+00:00
[2024-05-22T22:46:16.529+0000] {processor.py:183} INFO - Processing /home/airflow/.local/lib/python3.8/site-packages/airflow/example_dags/tutorial.py took 0.095 seconds
[2024-05-22T22:46:47.012+0000] {processor.py:161} INFO - Started process (PID=53369) to work on /home/airflow/.local/lib/python3.8/site-packages/airflow/example_dags/tutorial.py
[2024-05-22T22:46:47.013+0000] {processor.py:830} INFO - Processing file /home/airflow/.local/lib/python3.8/site-packages/airflow/example_dags/tutorial.py for tasks to queue
[2024-05-22T22:46:47.015+0000] {logging_mixin.py:188} INFO - [2024-05-22T22:46:47.015+0000] {dagbag.py:538} INFO - Filling up the DagBag from /home/airflow/.local/lib/python3.8/site-packages/airflow/example_dags/tutorial.py
[2024-05-22T22:46:47.023+0000] {processor.py:840} INFO - DAG(s) 'tutorial' retrieved from /home/airflow/.local/lib/python3.8/site-packages/airflow/example_dags/tutorial.py
[2024-05-22T22:46:47.053+0000] {logging_mixin.py:188} INFO - [2024-05-22T22:46:47.052+0000] {dag.py:3036} INFO - Sync 1 DAGs
[2024-05-22T22:46:47.085+0000] {logging_mixin.py:188} INFO - [2024-05-22T22:46:47.085+0000] {dag.py:3823} INFO - Setting next_dagrun for tutorial to 2024-05-21 00:00:00+00:00, run_after=2024-05-22 00:00:00+00:00
[2024-05-22T22:46:47.114+0000] {processor.py:183} INFO - Processing /home/airflow/.local/lib/python3.8/site-packages/airflow/example_dags/tutorial.py took 0.107 seconds
[2024-05-22T22:47:17.182+0000] {processor.py:161} INFO - Started process (PID=53425) to work on /home/airflow/.local/lib/python3.8/site-packages/airflow/example_dags/tutorial.py
[2024-05-22T22:47:17.184+0000] {processor.py:830} INFO - Processing file /home/airflow/.local/lib/python3.8/site-packages/airflow/example_dags/tutorial.py for tasks to queue
[2024-05-22T22:47:17.186+0000] {logging_mixin.py:188} INFO - [2024-05-22T22:47:17.186+0000] {dagbag.py:538} INFO - Filling up the DagBag from /home/airflow/.local/lib/python3.8/site-packages/airflow/example_dags/tutorial.py
[2024-05-22T22:47:17.193+0000] {processor.py:840} INFO - DAG(s) 'tutorial' retrieved from /home/airflow/.local/lib/python3.8/site-packages/airflow/example_dags/tutorial.py
[2024-05-22T22:47:17.217+0000] {logging_mixin.py:188} INFO - [2024-05-22T22:47:17.216+0000] {dag.py:3036} INFO - Sync 1 DAGs
[2024-05-22T22:47:17.245+0000] {logging_mixin.py:188} INFO - [2024-05-22T22:47:17.245+0000] {dag.py:3823} INFO - Setting next_dagrun for tutorial to 2024-05-21 00:00:00+00:00, run_after=2024-05-22 00:00:00+00:00
[2024-05-22T22:47:17.270+0000] {processor.py:183} INFO - Processing /home/airflow/.local/lib/python3.8/site-packages/airflow/example_dags/tutorial.py took 0.090 seconds
[2024-05-22T22:47:47.549+0000] {processor.py:161} INFO - Started process (PID=53482) to work on /home/airflow/.local/lib/python3.8/site-packages/airflow/example_dags/tutorial.py
[2024-05-22T22:47:47.550+0000] {processor.py:830} INFO - Processing file /home/airflow/.local/lib/python3.8/site-packages/airflow/example_dags/tutorial.py for tasks to queue
[2024-05-22T22:47:47.553+0000] {logging_mixin.py:188} INFO - [2024-05-22T22:47:47.553+0000] {dagbag.py:538} INFO - Filling up the DagBag from /home/airflow/.local/lib/python3.8/site-packages/airflow/example_dags/tutorial.py
[2024-05-22T22:47:47.561+0000] {processor.py:840} INFO - DAG(s) 'tutorial' retrieved from /home/airflow/.local/lib/python3.8/site-packages/airflow/example_dags/tutorial.py
[2024-05-22T22:47:47.586+0000] {logging_mixin.py:188} INFO - [2024-05-22T22:47:47.585+0000] {dag.py:3036} INFO - Sync 1 DAGs
[2024-05-22T22:47:47.617+0000] {logging_mixin.py:188} INFO - [2024-05-22T22:47:47.616+0000] {dag.py:3823} INFO - Setting next_dagrun for tutorial to 2024-05-21 00:00:00+00:00, run_after=2024-05-22 00:00:00+00:00
[2024-05-22T22:47:47.648+0000] {processor.py:183} INFO - Processing /home/airflow/.local/lib/python3.8/site-packages/airflow/example_dags/tutorial.py took 0.103 seconds
[2024-05-22T22:48:18.100+0000] {processor.py:161} INFO - Started process (PID=53539) to work on /home/airflow/.local/lib/python3.8/site-packages/airflow/example_dags/tutorial.py
[2024-05-22T22:48:18.101+0000] {processor.py:830} INFO - Processing file /home/airflow/.local/lib/python3.8/site-packages/airflow/example_dags/tutorial.py for tasks to queue
[2024-05-22T22:48:18.103+0000] {logging_mixin.py:188} INFO - [2024-05-22T22:48:18.103+0000] {dagbag.py:538} INFO - Filling up the DagBag from /home/airflow/.local/lib/python3.8/site-packages/airflow/example_dags/tutorial.py
[2024-05-22T22:48:18.109+0000] {processor.py:840} INFO - DAG(s) 'tutorial' retrieved from /home/airflow/.local/lib/python3.8/site-packages/airflow/example_dags/tutorial.py
[2024-05-22T22:48:18.134+0000] {logging_mixin.py:188} INFO - [2024-05-22T22:48:18.134+0000] {dag.py:3036} INFO - Sync 1 DAGs
[2024-05-22T22:48:18.165+0000] {logging_mixin.py:188} INFO - [2024-05-22T22:48:18.165+0000] {dag.py:3823} INFO - Setting next_dagrun for tutorial to 2024-05-21 00:00:00+00:00, run_after=2024-05-22 00:00:00+00:00
[2024-05-22T22:48:18.194+0000] {processor.py:183} INFO - Processing /home/airflow/.local/lib/python3.8/site-packages/airflow/example_dags/tutorial.py took 0.097 seconds
[2024-05-22T22:48:48.635+0000] {processor.py:161} INFO - Started process (PID=53596) to work on /home/airflow/.local/lib/python3.8/site-packages/airflow/example_dags/tutorial.py
[2024-05-22T22:48:48.636+0000] {processor.py:830} INFO - Processing file /home/airflow/.local/lib/python3.8/site-packages/airflow/example_dags/tutorial.py for tasks to queue
[2024-05-22T22:48:48.639+0000] {logging_mixin.py:188} INFO - [2024-05-22T22:48:48.638+0000] {dagbag.py:538} INFO - Filling up the DagBag from /home/airflow/.local/lib/python3.8/site-packages/airflow/example_dags/tutorial.py
[2024-05-22T22:48:48.648+0000] {processor.py:840} INFO - DAG(s) 'tutorial' retrieved from /home/airflow/.local/lib/python3.8/site-packages/airflow/example_dags/tutorial.py
[2024-05-22T22:48:48.674+0000] {logging_mixin.py:188} INFO - [2024-05-22T22:48:48.673+0000] {dag.py:3036} INFO - Sync 1 DAGs
[2024-05-22T22:48:48.706+0000] {logging_mixin.py:188} INFO - [2024-05-22T22:48:48.706+0000] {dag.py:3823} INFO - Setting next_dagrun for tutorial to 2024-05-21 00:00:00+00:00, run_after=2024-05-22 00:00:00+00:00
[2024-05-22T22:48:48.741+0000] {processor.py:183} INFO - Processing /home/airflow/.local/lib/python3.8/site-packages/airflow/example_dags/tutorial.py took 0.109 seconds
[2024-05-22T22:49:19.070+0000] {processor.py:161} INFO - Started process (PID=53653) to work on /home/airflow/.local/lib/python3.8/site-packages/airflow/example_dags/tutorial.py
[2024-05-22T22:49:19.071+0000] {processor.py:830} INFO - Processing file /home/airflow/.local/lib/python3.8/site-packages/airflow/example_dags/tutorial.py for tasks to queue
[2024-05-22T22:49:19.073+0000] {logging_mixin.py:188} INFO - [2024-05-22T22:49:19.073+0000] {dagbag.py:538} INFO - Filling up the DagBag from /home/airflow/.local/lib/python3.8/site-packages/airflow/example_dags/tutorial.py
[2024-05-22T22:49:19.078+0000] {processor.py:840} INFO - DAG(s) 'tutorial' retrieved from /home/airflow/.local/lib/python3.8/site-packages/airflow/example_dags/tutorial.py
[2024-05-22T22:49:19.099+0000] {logging_mixin.py:188} INFO - [2024-05-22T22:49:19.099+0000] {dag.py:3036} INFO - Sync 1 DAGs
[2024-05-22T22:49:19.129+0000] {logging_mixin.py:188} INFO - [2024-05-22T22:49:19.129+0000] {dag.py:3823} INFO - Setting next_dagrun for tutorial to 2024-05-21 00:00:00+00:00, run_after=2024-05-22 00:00:00+00:00
[2024-05-22T22:49:19.154+0000] {processor.py:183} INFO - Processing /home/airflow/.local/lib/python3.8/site-packages/airflow/example_dags/tutorial.py took 0.088 seconds
[2024-05-22T22:49:49.320+0000] {processor.py:161} INFO - Started process (PID=53710) to work on /home/airflow/.local/lib/python3.8/site-packages/airflow/example_dags/tutorial.py
[2024-05-22T22:49:49.321+0000] {processor.py:830} INFO - Processing file /home/airflow/.local/lib/python3.8/site-packages/airflow/example_dags/tutorial.py for tasks to queue
[2024-05-22T22:49:49.323+0000] {logging_mixin.py:188} INFO - [2024-05-22T22:49:49.323+0000] {dagbag.py:538} INFO - Filling up the DagBag from /home/airflow/.local/lib/python3.8/site-packages/airflow/example_dags/tutorial.py
[2024-05-22T22:49:49.329+0000] {processor.py:840} INFO - DAG(s) 'tutorial' retrieved from /home/airflow/.local/lib/python3.8/site-packages/airflow/example_dags/tutorial.py
[2024-05-22T22:49:49.352+0000] {logging_mixin.py:188} INFO - [2024-05-22T22:49:49.352+0000] {dag.py:3036} INFO - Sync 1 DAGs
[2024-05-22T22:49:49.384+0000] {logging_mixin.py:188} INFO - [2024-05-22T22:49:49.384+0000] {dag.py:3823} INFO - Setting next_dagrun for tutorial to 2024-05-21 00:00:00+00:00, run_after=2024-05-22 00:00:00+00:00
[2024-05-22T22:49:49.413+0000] {processor.py:183} INFO - Processing /home/airflow/.local/lib/python3.8/site-packages/airflow/example_dags/tutorial.py took 0.096 seconds
[2024-05-22T22:50:19.905+0000] {processor.py:161} INFO - Started process (PID=53767) to work on /home/airflow/.local/lib/python3.8/site-packages/airflow/example_dags/tutorial.py
[2024-05-22T22:50:19.906+0000] {processor.py:830} INFO - Processing file /home/airflow/.local/lib/python3.8/site-packages/airflow/example_dags/tutorial.py for tasks to queue
[2024-05-22T22:50:19.908+0000] {logging_mixin.py:188} INFO - [2024-05-22T22:50:19.908+0000] {dagbag.py:538} INFO - Filling up the DagBag from /home/airflow/.local/lib/python3.8/site-packages/airflow/example_dags/tutorial.py
[2024-05-22T22:50:19.914+0000] {processor.py:840} INFO - DAG(s) 'tutorial' retrieved from /home/airflow/.local/lib/python3.8/site-packages/airflow/example_dags/tutorial.py
[2024-05-22T22:50:19.937+0000] {logging_mixin.py:188} INFO - [2024-05-22T22:50:19.937+0000] {dag.py:3036} INFO - Sync 1 DAGs
[2024-05-22T22:50:19.959+0000] {logging_mixin.py:188} INFO - [2024-05-22T22:50:19.959+0000] {dag.py:3823} INFO - Setting next_dagrun for tutorial to 2024-05-21 00:00:00+00:00, run_after=2024-05-22 00:00:00+00:00
[2024-05-22T22:50:19.980+0000] {processor.py:183} INFO - Processing /home/airflow/.local/lib/python3.8/site-packages/airflow/example_dags/tutorial.py took 0.079 seconds
[2024-05-22T22:50:50.490+0000] {processor.py:161} INFO - Started process (PID=53824) to work on /home/airflow/.local/lib/python3.8/site-packages/airflow/example_dags/tutorial.py
[2024-05-22T22:50:50.491+0000] {processor.py:830} INFO - Processing file /home/airflow/.local/lib/python3.8/site-packages/airflow/example_dags/tutorial.py for tasks to queue
[2024-05-22T22:50:50.492+0000] {logging_mixin.py:188} INFO - [2024-05-22T22:50:50.492+0000] {dagbag.py:538} INFO - Filling up the DagBag from /home/airflow/.local/lib/python3.8/site-packages/airflow/example_dags/tutorial.py
[2024-05-22T22:50:50.498+0000] {processor.py:840} INFO - DAG(s) 'tutorial' retrieved from /home/airflow/.local/lib/python3.8/site-packages/airflow/example_dags/tutorial.py
[2024-05-22T22:50:50.521+0000] {logging_mixin.py:188} INFO - [2024-05-22T22:50:50.520+0000] {dag.py:3036} INFO - Sync 1 DAGs
[2024-05-22T22:50:50.545+0000] {logging_mixin.py:188} INFO - [2024-05-22T22:50:50.545+0000] {dag.py:3823} INFO - Setting next_dagrun for tutorial to 2024-05-21 00:00:00+00:00, run_after=2024-05-22 00:00:00+00:00
[2024-05-22T22:50:50.568+0000] {processor.py:183} INFO - Processing /home/airflow/.local/lib/python3.8/site-packages/airflow/example_dags/tutorial.py took 0.082 seconds
[2024-05-22T22:51:20.932+0000] {processor.py:161} INFO - Started process (PID=53881) to work on /home/airflow/.local/lib/python3.8/site-packages/airflow/example_dags/tutorial.py
[2024-05-22T22:51:20.933+0000] {processor.py:830} INFO - Processing file /home/airflow/.local/lib/python3.8/site-packages/airflow/example_dags/tutorial.py for tasks to queue
[2024-05-22T22:51:20.935+0000] {logging_mixin.py:188} INFO - [2024-05-22T22:51:20.935+0000] {dagbag.py:538} INFO - Filling up the DagBag from /home/airflow/.local/lib/python3.8/site-packages/airflow/example_dags/tutorial.py
[2024-05-22T22:51:20.941+0000] {processor.py:840} INFO - DAG(s) 'tutorial' retrieved from /home/airflow/.local/lib/python3.8/site-packages/airflow/example_dags/tutorial.py
[2024-05-22T22:51:20.966+0000] {logging_mixin.py:188} INFO - [2024-05-22T22:51:20.966+0000] {dag.py:3036} INFO - Sync 1 DAGs
[2024-05-22T22:51:20.992+0000] {logging_mixin.py:188} INFO - [2024-05-22T22:51:20.992+0000] {dag.py:3823} INFO - Setting next_dagrun for tutorial to 2024-05-21 00:00:00+00:00, run_after=2024-05-22 00:00:00+00:00
[2024-05-22T22:51:21.019+0000] {processor.py:183} INFO - Processing /home/airflow/.local/lib/python3.8/site-packages/airflow/example_dags/tutorial.py took 0.090 seconds
[2024-05-22T22:51:51.355+0000] {processor.py:161} INFO - Started process (PID=53938) to work on /home/airflow/.local/lib/python3.8/site-packages/airflow/example_dags/tutorial.py
[2024-05-22T22:51:51.356+0000] {processor.py:830} INFO - Processing file /home/airflow/.local/lib/python3.8/site-packages/airflow/example_dags/tutorial.py for tasks to queue
[2024-05-22T22:51:51.359+0000] {logging_mixin.py:188} INFO - [2024-05-22T22:51:51.358+0000] {dagbag.py:538} INFO - Filling up the DagBag from /home/airflow/.local/lib/python3.8/site-packages/airflow/example_dags/tutorial.py
[2024-05-22T22:51:51.366+0000] {processor.py:840} INFO - DAG(s) 'tutorial' retrieved from /home/airflow/.local/lib/python3.8/site-packages/airflow/example_dags/tutorial.py
[2024-05-22T22:51:51.392+0000] {logging_mixin.py:188} INFO - [2024-05-22T22:51:51.392+0000] {dag.py:3036} INFO - Sync 1 DAGs
[2024-05-22T22:51:51.416+0000] {logging_mixin.py:188} INFO - [2024-05-22T22:51:51.416+0000] {dag.py:3823} INFO - Setting next_dagrun for tutorial to 2024-05-21 00:00:00+00:00, run_after=2024-05-22 00:00:00+00:00
[2024-05-22T22:51:51.442+0000] {processor.py:183} INFO - Processing /home/airflow/.local/lib/python3.8/site-packages/airflow/example_dags/tutorial.py took 0.092 seconds
[2024-05-22T22:52:21.751+0000] {processor.py:161} INFO - Started process (PID=53995) to work on /home/airflow/.local/lib/python3.8/site-packages/airflow/example_dags/tutorial.py
[2024-05-22T22:52:21.752+0000] {processor.py:830} INFO - Processing file /home/airflow/.local/lib/python3.8/site-packages/airflow/example_dags/tutorial.py for tasks to queue
[2024-05-22T22:52:21.754+0000] {logging_mixin.py:188} INFO - [2024-05-22T22:52:21.753+0000] {dagbag.py:538} INFO - Filling up the DagBag from /home/airflow/.local/lib/python3.8/site-packages/airflow/example_dags/tutorial.py
[2024-05-22T22:52:21.760+0000] {processor.py:840} INFO - DAG(s) 'tutorial' retrieved from /home/airflow/.local/lib/python3.8/site-packages/airflow/example_dags/tutorial.py
[2024-05-22T22:52:21.781+0000] {logging_mixin.py:188} INFO - [2024-05-22T22:52:21.781+0000] {dag.py:3036} INFO - Sync 1 DAGs
[2024-05-22T22:52:21.806+0000] {logging_mixin.py:188} INFO - [2024-05-22T22:52:21.806+0000] {dag.py:3823} INFO - Setting next_dagrun for tutorial to 2024-05-21 00:00:00+00:00, run_after=2024-05-22 00:00:00+00:00
[2024-05-22T22:52:21.830+0000] {processor.py:183} INFO - Processing /home/airflow/.local/lib/python3.8/site-packages/airflow/example_dags/tutorial.py took 0.083 seconds
[2024-05-22T22:52:52.078+0000] {processor.py:161} INFO - Started process (PID=54053) to work on /home/airflow/.local/lib/python3.8/site-packages/airflow/example_dags/tutorial.py
[2024-05-22T22:52:52.079+0000] {processor.py:830} INFO - Processing file /home/airflow/.local/lib/python3.8/site-packages/airflow/example_dags/tutorial.py for tasks to queue
[2024-05-22T22:52:52.080+0000] {logging_mixin.py:188} INFO - [2024-05-22T22:52:52.080+0000] {dagbag.py:538} INFO - Filling up the DagBag from /home/airflow/.local/lib/python3.8/site-packages/airflow/example_dags/tutorial.py
[2024-05-22T22:52:52.085+0000] {processor.py:840} INFO - DAG(s) 'tutorial' retrieved from /home/airflow/.local/lib/python3.8/site-packages/airflow/example_dags/tutorial.py
[2024-05-22T22:52:52.105+0000] {logging_mixin.py:188} INFO - [2024-05-22T22:52:52.105+0000] {dag.py:3036} INFO - Sync 1 DAGs
[2024-05-22T22:52:52.128+0000] {logging_mixin.py:188} INFO - [2024-05-22T22:52:52.127+0000] {dag.py:3823} INFO - Setting next_dagrun for tutorial to 2024-05-21 00:00:00+00:00, run_after=2024-05-22 00:00:00+00:00
[2024-05-22T22:52:52.153+0000] {processor.py:183} INFO - Processing /home/airflow/.local/lib/python3.8/site-packages/airflow/example_dags/tutorial.py took 0.078 seconds
[2024-05-22T22:53:22.519+0000] {processor.py:161} INFO - Started process (PID=54110) to work on /home/airflow/.local/lib/python3.8/site-packages/airflow/example_dags/tutorial.py
[2024-05-22T22:53:22.520+0000] {processor.py:830} INFO - Processing file /home/airflow/.local/lib/python3.8/site-packages/airflow/example_dags/tutorial.py for tasks to queue
[2024-05-22T22:53:22.522+0000] {logging_mixin.py:188} INFO - [2024-05-22T22:53:22.522+0000] {dagbag.py:538} INFO - Filling up the DagBag from /home/airflow/.local/lib/python3.8/site-packages/airflow/example_dags/tutorial.py
[2024-05-22T22:53:22.529+0000] {processor.py:840} INFO - DAG(s) 'tutorial' retrieved from /home/airflow/.local/lib/python3.8/site-packages/airflow/example_dags/tutorial.py
[2024-05-22T22:53:22.549+0000] {logging_mixin.py:188} INFO - [2024-05-22T22:53:22.548+0000] {dag.py:3036} INFO - Sync 1 DAGs
[2024-05-22T22:53:22.571+0000] {logging_mixin.py:188} INFO - [2024-05-22T22:53:22.571+0000] {dag.py:3823} INFO - Setting next_dagrun for tutorial to 2024-05-21 00:00:00+00:00, run_after=2024-05-22 00:00:00+00:00
[2024-05-22T22:53:22.594+0000] {processor.py:183} INFO - Processing /home/airflow/.local/lib/python3.8/site-packages/airflow/example_dags/tutorial.py took 0.077 seconds
[2024-05-22T22:53:52.882+0000] {processor.py:161} INFO - Started process (PID=54167) to work on /home/airflow/.local/lib/python3.8/site-packages/airflow/example_dags/tutorial.py
[2024-05-22T22:53:52.883+0000] {processor.py:830} INFO - Processing file /home/airflow/.local/lib/python3.8/site-packages/airflow/example_dags/tutorial.py for tasks to queue
[2024-05-22T22:53:52.885+0000] {logging_mixin.py:188} INFO - [2024-05-22T22:53:52.884+0000] {dagbag.py:538} INFO - Filling up the DagBag from /home/airflow/.local/lib/python3.8/site-packages/airflow/example_dags/tutorial.py
[2024-05-22T22:53:52.890+0000] {processor.py:840} INFO - DAG(s) 'tutorial' retrieved from /home/airflow/.local/lib/python3.8/site-packages/airflow/example_dags/tutorial.py
[2024-05-22T22:53:52.911+0000] {logging_mixin.py:188} INFO - [2024-05-22T22:53:52.911+0000] {dag.py:3036} INFO - Sync 1 DAGs
[2024-05-22T22:53:52.942+0000] {logging_mixin.py:188} INFO - [2024-05-22T22:53:52.942+0000] {dag.py:3823} INFO - Setting next_dagrun for tutorial to 2024-05-21 00:00:00+00:00, run_after=2024-05-22 00:00:00+00:00
[2024-05-22T22:53:52.972+0000] {processor.py:183} INFO - Processing /home/airflow/.local/lib/python3.8/site-packages/airflow/example_dags/tutorial.py took 0.093 seconds
[2024-05-22T22:54:23.222+0000] {processor.py:161} INFO - Started process (PID=54224) to work on /home/airflow/.local/lib/python3.8/site-packages/airflow/example_dags/tutorial.py
[2024-05-22T22:54:23.223+0000] {processor.py:830} INFO - Processing file /home/airflow/.local/lib/python3.8/site-packages/airflow/example_dags/tutorial.py for tasks to queue
[2024-05-22T22:54:23.225+0000] {logging_mixin.py:188} INFO - [2024-05-22T22:54:23.224+0000] {dagbag.py:538} INFO - Filling up the DagBag from /home/airflow/.local/lib/python3.8/site-packages/airflow/example_dags/tutorial.py
[2024-05-22T22:54:23.230+0000] {processor.py:840} INFO - DAG(s) 'tutorial' retrieved from /home/airflow/.local/lib/python3.8/site-packages/airflow/example_dags/tutorial.py
[2024-05-22T22:54:23.252+0000] {logging_mixin.py:188} INFO - [2024-05-22T22:54:23.252+0000] {dag.py:3036} INFO - Sync 1 DAGs
[2024-05-22T22:54:23.276+0000] {logging_mixin.py:188} INFO - [2024-05-22T22:54:23.276+0000] {dag.py:3823} INFO - Setting next_dagrun for tutorial to 2024-05-21 00:00:00+00:00, run_after=2024-05-22 00:00:00+00:00
[2024-05-22T22:54:23.300+0000] {processor.py:183} INFO - Processing /home/airflow/.local/lib/python3.8/site-packages/airflow/example_dags/tutorial.py took 0.081 seconds
[2024-05-22T22:54:53.602+0000] {processor.py:161} INFO - Started process (PID=54281) to work on /home/airflow/.local/lib/python3.8/site-packages/airflow/example_dags/tutorial.py
[2024-05-22T22:54:53.603+0000] {processor.py:830} INFO - Processing file /home/airflow/.local/lib/python3.8/site-packages/airflow/example_dags/tutorial.py for tasks to queue
[2024-05-22T22:54:53.604+0000] {logging_mixin.py:188} INFO - [2024-05-22T22:54:53.604+0000] {dagbag.py:538} INFO - Filling up the DagBag from /home/airflow/.local/lib/python3.8/site-packages/airflow/example_dags/tutorial.py
[2024-05-22T22:54:53.610+0000] {processor.py:840} INFO - DAG(s) 'tutorial' retrieved from /home/airflow/.local/lib/python3.8/site-packages/airflow/example_dags/tutorial.py
[2024-05-22T22:54:53.630+0000] {logging_mixin.py:188} INFO - [2024-05-22T22:54:53.629+0000] {dag.py:3036} INFO - Sync 1 DAGs
[2024-05-22T22:54:53.652+0000] {logging_mixin.py:188} INFO - [2024-05-22T22:54:53.651+0000] {dag.py:3823} INFO - Setting next_dagrun for tutorial to 2024-05-21 00:00:00+00:00, run_after=2024-05-22 00:00:00+00:00
[2024-05-22T22:54:53.674+0000] {processor.py:183} INFO - Processing /home/airflow/.local/lib/python3.8/site-packages/airflow/example_dags/tutorial.py took 0.075 seconds
[2024-05-22T22:55:23.904+0000] {processor.py:161} INFO - Started process (PID=54338) to work on /home/airflow/.local/lib/python3.8/site-packages/airflow/example_dags/tutorial.py
[2024-05-22T22:55:23.905+0000] {processor.py:830} INFO - Processing file /home/airflow/.local/lib/python3.8/site-packages/airflow/example_dags/tutorial.py for tasks to queue
[2024-05-22T22:55:23.907+0000] {logging_mixin.py:188} INFO - [2024-05-22T22:55:23.906+0000] {dagbag.py:538} INFO - Filling up the DagBag from /home/airflow/.local/lib/python3.8/site-packages/airflow/example_dags/tutorial.py
[2024-05-22T22:55:23.912+0000] {processor.py:840} INFO - DAG(s) 'tutorial' retrieved from /home/airflow/.local/lib/python3.8/site-packages/airflow/example_dags/tutorial.py
[2024-05-22T22:55:23.936+0000] {logging_mixin.py:188} INFO - [2024-05-22T22:55:23.935+0000] {dag.py:3036} INFO - Sync 1 DAGs
[2024-05-22T22:55:23.963+0000] {logging_mixin.py:188} INFO - [2024-05-22T22:55:23.963+0000] {dag.py:3823} INFO - Setting next_dagrun for tutorial to 2024-05-21 00:00:00+00:00, run_after=2024-05-22 00:00:00+00:00
[2024-05-22T22:55:23.990+0000] {processor.py:183} INFO - Processing /home/airflow/.local/lib/python3.8/site-packages/airflow/example_dags/tutorial.py took 0.089 seconds
[2024-05-22T22:55:54.319+0000] {processor.py:161} INFO - Started process (PID=54395) to work on /home/airflow/.local/lib/python3.8/site-packages/airflow/example_dags/tutorial.py
[2024-05-22T22:55:54.320+0000] {processor.py:830} INFO - Processing file /home/airflow/.local/lib/python3.8/site-packages/airflow/example_dags/tutorial.py for tasks to queue
[2024-05-22T22:55:54.321+0000] {logging_mixin.py:188} INFO - [2024-05-22T22:55:54.321+0000] {dagbag.py:538} INFO - Filling up the DagBag from /home/airflow/.local/lib/python3.8/site-packages/airflow/example_dags/tutorial.py
[2024-05-22T22:55:54.327+0000] {processor.py:840} INFO - DAG(s) 'tutorial' retrieved from /home/airflow/.local/lib/python3.8/site-packages/airflow/example_dags/tutorial.py
[2024-05-22T22:55:54.349+0000] {logging_mixin.py:188} INFO - [2024-05-22T22:55:54.349+0000] {dag.py:3036} INFO - Sync 1 DAGs
[2024-05-22T22:55:54.371+0000] {logging_mixin.py:188} INFO - [2024-05-22T22:55:54.371+0000] {dag.py:3823} INFO - Setting next_dagrun for tutorial to 2024-05-21 00:00:00+00:00, run_after=2024-05-22 00:00:00+00:00
[2024-05-22T22:55:54.397+0000] {processor.py:183} INFO - Processing /home/airflow/.local/lib/python3.8/site-packages/airflow/example_dags/tutorial.py took 0.081 seconds
[2024-05-22T22:56:25.316+0000] {processor.py:161} INFO - Started process (PID=54452) to work on /home/airflow/.local/lib/python3.8/site-packages/airflow/example_dags/tutorial.py
[2024-05-22T22:56:25.317+0000] {processor.py:830} INFO - Processing file /home/airflow/.local/lib/python3.8/site-packages/airflow/example_dags/tutorial.py for tasks to queue
[2024-05-22T22:56:25.319+0000] {logging_mixin.py:188} INFO - [2024-05-22T22:56:25.319+0000] {dagbag.py:538} INFO - Filling up the DagBag from /home/airflow/.local/lib/python3.8/site-packages/airflow/example_dags/tutorial.py
[2024-05-22T22:56:25.326+0000] {processor.py:840} INFO - DAG(s) 'tutorial' retrieved from /home/airflow/.local/lib/python3.8/site-packages/airflow/example_dags/tutorial.py
[2024-05-22T22:56:25.355+0000] {logging_mixin.py:188} INFO - [2024-05-22T22:56:25.354+0000] {dag.py:3036} INFO - Sync 1 DAGs
[2024-05-22T22:56:25.386+0000] {logging_mixin.py:188} INFO - [2024-05-22T22:56:25.385+0000] {dag.py:3823} INFO - Setting next_dagrun for tutorial to 2024-05-21 00:00:00+00:00, run_after=2024-05-22 00:00:00+00:00
[2024-05-22T22:56:25.411+0000] {processor.py:183} INFO - Processing /home/airflow/.local/lib/python3.8/site-packages/airflow/example_dags/tutorial.py took 0.100 seconds
[2024-05-22T22:56:55.707+0000] {processor.py:161} INFO - Started process (PID=54509) to work on /home/airflow/.local/lib/python3.8/site-packages/airflow/example_dags/tutorial.py
[2024-05-22T22:56:55.708+0000] {processor.py:830} INFO - Processing file /home/airflow/.local/lib/python3.8/site-packages/airflow/example_dags/tutorial.py for tasks to queue
[2024-05-22T22:56:55.711+0000] {logging_mixin.py:188} INFO - [2024-05-22T22:56:55.710+0000] {dagbag.py:538} INFO - Filling up the DagBag from /home/airflow/.local/lib/python3.8/site-packages/airflow/example_dags/tutorial.py
[2024-05-22T22:56:55.718+0000] {processor.py:840} INFO - DAG(s) 'tutorial' retrieved from /home/airflow/.local/lib/python3.8/site-packages/airflow/example_dags/tutorial.py
[2024-05-22T22:56:55.747+0000] {logging_mixin.py:188} INFO - [2024-05-22T22:56:55.746+0000] {dag.py:3036} INFO - Sync 1 DAGs
[2024-05-22T22:56:55.778+0000] {logging_mixin.py:188} INFO - [2024-05-22T22:56:55.777+0000] {dag.py:3823} INFO - Setting next_dagrun for tutorial to 2024-05-21 00:00:00+00:00, run_after=2024-05-22 00:00:00+00:00
[2024-05-22T22:56:55.809+0000] {processor.py:183} INFO - Processing /home/airflow/.local/lib/python3.8/site-packages/airflow/example_dags/tutorial.py took 0.106 seconds
[2024-05-22T22:57:26.106+0000] {processor.py:161} INFO - Started process (PID=54566) to work on /home/airflow/.local/lib/python3.8/site-packages/airflow/example_dags/tutorial.py
[2024-05-22T22:57:26.107+0000] {processor.py:830} INFO - Processing file /home/airflow/.local/lib/python3.8/site-packages/airflow/example_dags/tutorial.py for tasks to queue
[2024-05-22T22:57:26.109+0000] {logging_mixin.py:188} INFO - [2024-05-22T22:57:26.109+0000] {dagbag.py:538} INFO - Filling up the DagBag from /home/airflow/.local/lib/python3.8/site-packages/airflow/example_dags/tutorial.py
[2024-05-22T22:57:26.116+0000] {processor.py:840} INFO - DAG(s) 'tutorial' retrieved from /home/airflow/.local/lib/python3.8/site-packages/airflow/example_dags/tutorial.py
[2024-05-22T22:57:26.140+0000] {logging_mixin.py:188} INFO - [2024-05-22T22:57:26.139+0000] {dag.py:3036} INFO - Sync 1 DAGs
[2024-05-22T22:57:26.167+0000] {logging_mixin.py:188} INFO - [2024-05-22T22:57:26.167+0000] {dag.py:3823} INFO - Setting next_dagrun for tutorial to 2024-05-21 00:00:00+00:00, run_after=2024-05-22 00:00:00+00:00
[2024-05-22T22:57:26.193+0000] {processor.py:183} INFO - Processing /home/airflow/.local/lib/python3.8/site-packages/airflow/example_dags/tutorial.py took 0.090 seconds
[2024-05-22T22:57:56.442+0000] {processor.py:161} INFO - Started process (PID=54623) to work on /home/airflow/.local/lib/python3.8/site-packages/airflow/example_dags/tutorial.py
[2024-05-22T22:57:56.443+0000] {processor.py:830} INFO - Processing file /home/airflow/.local/lib/python3.8/site-packages/airflow/example_dags/tutorial.py for tasks to queue
[2024-05-22T22:57:56.445+0000] {logging_mixin.py:188} INFO - [2024-05-22T22:57:56.445+0000] {dagbag.py:538} INFO - Filling up the DagBag from /home/airflow/.local/lib/python3.8/site-packages/airflow/example_dags/tutorial.py
[2024-05-22T22:57:56.451+0000] {processor.py:840} INFO - DAG(s) 'tutorial' retrieved from /home/airflow/.local/lib/python3.8/site-packages/airflow/example_dags/tutorial.py
[2024-05-22T22:57:56.473+0000] {logging_mixin.py:188} INFO - [2024-05-22T22:57:56.472+0000] {dag.py:3036} INFO - Sync 1 DAGs
[2024-05-22T22:57:56.500+0000] {logging_mixin.py:188} INFO - [2024-05-22T22:57:56.499+0000] {dag.py:3823} INFO - Setting next_dagrun for tutorial to 2024-05-21 00:00:00+00:00, run_after=2024-05-22 00:00:00+00:00
[2024-05-22T22:57:56.521+0000] {processor.py:183} INFO - Processing /home/airflow/.local/lib/python3.8/site-packages/airflow/example_dags/tutorial.py took 0.083 seconds
[2024-05-22T22:58:27.017+0000] {processor.py:161} INFO - Started process (PID=54680) to work on /home/airflow/.local/lib/python3.8/site-packages/airflow/example_dags/tutorial.py
[2024-05-22T22:58:27.018+0000] {processor.py:830} INFO - Processing file /home/airflow/.local/lib/python3.8/site-packages/airflow/example_dags/tutorial.py for tasks to queue
[2024-05-22T22:58:27.020+0000] {logging_mixin.py:188} INFO - [2024-05-22T22:58:27.019+0000] {dagbag.py:538} INFO - Filling up the DagBag from /home/airflow/.local/lib/python3.8/site-packages/airflow/example_dags/tutorial.py
[2024-05-22T22:58:27.027+0000] {processor.py:840} INFO - DAG(s) 'tutorial' retrieved from /home/airflow/.local/lib/python3.8/site-packages/airflow/example_dags/tutorial.py
[2024-05-22T22:58:27.054+0000] {logging_mixin.py:188} INFO - [2024-05-22T22:58:27.054+0000] {dag.py:3036} INFO - Sync 1 DAGs
[2024-05-22T22:58:27.093+0000] {logging_mixin.py:188} INFO - [2024-05-22T22:58:27.093+0000] {dag.py:3823} INFO - Setting next_dagrun for tutorial to 2024-05-21 00:00:00+00:00, run_after=2024-05-22 00:00:00+00:00
[2024-05-22T22:58:27.116+0000] {processor.py:183} INFO - Processing /home/airflow/.local/lib/python3.8/site-packages/airflow/example_dags/tutorial.py took 0.104 seconds
[2024-05-22T22:58:57.417+0000] {processor.py:161} INFO - Started process (PID=54737) to work on /home/airflow/.local/lib/python3.8/site-packages/airflow/example_dags/tutorial.py
[2024-05-22T22:58:57.418+0000] {processor.py:830} INFO - Processing file /home/airflow/.local/lib/python3.8/site-packages/airflow/example_dags/tutorial.py for tasks to queue
[2024-05-22T22:58:57.420+0000] {logging_mixin.py:188} INFO - [2024-05-22T22:58:57.419+0000] {dagbag.py:538} INFO - Filling up the DagBag from /home/airflow/.local/lib/python3.8/site-packages/airflow/example_dags/tutorial.py
[2024-05-22T22:58:57.427+0000] {processor.py:840} INFO - DAG(s) 'tutorial' retrieved from /home/airflow/.local/lib/python3.8/site-packages/airflow/example_dags/tutorial.py
[2024-05-22T22:58:57.449+0000] {logging_mixin.py:188} INFO - [2024-05-22T22:58:57.449+0000] {dag.py:3036} INFO - Sync 1 DAGs
[2024-05-22T22:58:57.476+0000] {logging_mixin.py:188} INFO - [2024-05-22T22:58:57.476+0000] {dag.py:3823} INFO - Setting next_dagrun for tutorial to 2024-05-21 00:00:00+00:00, run_after=2024-05-22 00:00:00+00:00
[2024-05-22T22:58:57.497+0000] {processor.py:183} INFO - Processing /home/airflow/.local/lib/python3.8/site-packages/airflow/example_dags/tutorial.py took 0.085 seconds
[2024-05-22T22:59:27.766+0000] {processor.py:161} INFO - Started process (PID=54794) to work on /home/airflow/.local/lib/python3.8/site-packages/airflow/example_dags/tutorial.py
[2024-05-22T22:59:27.767+0000] {processor.py:830} INFO - Processing file /home/airflow/.local/lib/python3.8/site-packages/airflow/example_dags/tutorial.py for tasks to queue
[2024-05-22T22:59:27.769+0000] {logging_mixin.py:188} INFO - [2024-05-22T22:59:27.769+0000] {dagbag.py:538} INFO - Filling up the DagBag from /home/airflow/.local/lib/python3.8/site-packages/airflow/example_dags/tutorial.py
[2024-05-22T22:59:27.776+0000] {processor.py:840} INFO - DAG(s) 'tutorial' retrieved from /home/airflow/.local/lib/python3.8/site-packages/airflow/example_dags/tutorial.py
[2024-05-22T22:59:27.801+0000] {logging_mixin.py:188} INFO - [2024-05-22T22:59:27.800+0000] {dag.py:3036} INFO - Sync 1 DAGs
[2024-05-22T22:59:27.828+0000] {logging_mixin.py:188} INFO - [2024-05-22T22:59:27.828+0000] {dag.py:3823} INFO - Setting next_dagrun for tutorial to 2024-05-21 00:00:00+00:00, run_after=2024-05-22 00:00:00+00:00
[2024-05-22T22:59:27.852+0000] {processor.py:183} INFO - Processing /home/airflow/.local/lib/python3.8/site-packages/airflow/example_dags/tutorial.py took 0.090 seconds
[2024-05-22T22:59:58.052+0000] {processor.py:161} INFO - Started process (PID=54851) to work on /home/airflow/.local/lib/python3.8/site-packages/airflow/example_dags/tutorial.py
[2024-05-22T22:59:58.053+0000] {processor.py:830} INFO - Processing file /home/airflow/.local/lib/python3.8/site-packages/airflow/example_dags/tutorial.py for tasks to queue
[2024-05-22T22:59:58.055+0000] {logging_mixin.py:188} INFO - [2024-05-22T22:59:58.055+0000] {dagbag.py:538} INFO - Filling up the DagBag from /home/airflow/.local/lib/python3.8/site-packages/airflow/example_dags/tutorial.py
[2024-05-22T22:59:58.061+0000] {processor.py:840} INFO - DAG(s) 'tutorial' retrieved from /home/airflow/.local/lib/python3.8/site-packages/airflow/example_dags/tutorial.py
[2024-05-22T22:59:58.083+0000] {logging_mixin.py:188} INFO - [2024-05-22T22:59:58.082+0000] {dag.py:3036} INFO - Sync 1 DAGs
[2024-05-22T22:59:58.107+0000] {logging_mixin.py:188} INFO - [2024-05-22T22:59:58.107+0000] {dag.py:3823} INFO - Setting next_dagrun for tutorial to 2024-05-21 00:00:00+00:00, run_after=2024-05-22 00:00:00+00:00
[2024-05-22T22:59:58.135+0000] {processor.py:183} INFO - Processing /home/airflow/.local/lib/python3.8/site-packages/airflow/example_dags/tutorial.py took 0.087 seconds
[2024-05-22T23:00:28.213+0000] {processor.py:161} INFO - Started process (PID=54908) to work on /home/airflow/.local/lib/python3.8/site-packages/airflow/example_dags/tutorial.py
[2024-05-22T23:00:28.214+0000] {processor.py:830} INFO - Processing file /home/airflow/.local/lib/python3.8/site-packages/airflow/example_dags/tutorial.py for tasks to queue
[2024-05-22T23:00:28.215+0000] {logging_mixin.py:188} INFO - [2024-05-22T23:00:28.215+0000] {dagbag.py:538} INFO - Filling up the DagBag from /home/airflow/.local/lib/python3.8/site-packages/airflow/example_dags/tutorial.py
[2024-05-22T23:00:28.220+0000] {processor.py:840} INFO - DAG(s) 'tutorial' retrieved from /home/airflow/.local/lib/python3.8/site-packages/airflow/example_dags/tutorial.py
[2024-05-22T23:00:28.239+0000] {logging_mixin.py:188} INFO - [2024-05-22T23:00:28.239+0000] {dag.py:3036} INFO - Sync 1 DAGs
[2024-05-22T23:00:28.261+0000] {logging_mixin.py:188} INFO - [2024-05-22T23:00:28.261+0000] {dag.py:3823} INFO - Setting next_dagrun for tutorial to 2024-05-21 00:00:00+00:00, run_after=2024-05-22 00:00:00+00:00
[2024-05-22T23:00:28.284+0000] {processor.py:183} INFO - Processing /home/airflow/.local/lib/python3.8/site-packages/airflow/example_dags/tutorial.py took 0.074 seconds
[2024-05-22T23:00:59.067+0000] {processor.py:161} INFO - Started process (PID=54965) to work on /home/airflow/.local/lib/python3.8/site-packages/airflow/example_dags/tutorial.py
[2024-05-22T23:00:59.068+0000] {processor.py:830} INFO - Processing file /home/airflow/.local/lib/python3.8/site-packages/airflow/example_dags/tutorial.py for tasks to queue
[2024-05-22T23:00:59.070+0000] {logging_mixin.py:188} INFO - [2024-05-22T23:00:59.070+0000] {dagbag.py:538} INFO - Filling up the DagBag from /home/airflow/.local/lib/python3.8/site-packages/airflow/example_dags/tutorial.py
[2024-05-22T23:00:59.076+0000] {processor.py:840} INFO - DAG(s) 'tutorial' retrieved from /home/airflow/.local/lib/python3.8/site-packages/airflow/example_dags/tutorial.py
[2024-05-22T23:00:59.098+0000] {logging_mixin.py:188} INFO - [2024-05-22T23:00:59.098+0000] {dag.py:3036} INFO - Sync 1 DAGs
[2024-05-22T23:00:59.124+0000] {logging_mixin.py:188} INFO - [2024-05-22T23:00:59.123+0000] {dag.py:3823} INFO - Setting next_dagrun for tutorial to 2024-05-21 00:00:00+00:00, run_after=2024-05-22 00:00:00+00:00
[2024-05-22T23:00:59.146+0000] {processor.py:183} INFO - Processing /home/airflow/.local/lib/python3.8/site-packages/airflow/example_dags/tutorial.py took 0.081 seconds
[2024-05-22T23:01:29.412+0000] {processor.py:161} INFO - Started process (PID=55022) to work on /home/airflow/.local/lib/python3.8/site-packages/airflow/example_dags/tutorial.py
[2024-05-22T23:01:29.413+0000] {processor.py:830} INFO - Processing file /home/airflow/.local/lib/python3.8/site-packages/airflow/example_dags/tutorial.py for tasks to queue
[2024-05-22T23:01:29.415+0000] {logging_mixin.py:188} INFO - [2024-05-22T23:01:29.414+0000] {dagbag.py:538} INFO - Filling up the DagBag from /home/airflow/.local/lib/python3.8/site-packages/airflow/example_dags/tutorial.py
[2024-05-22T23:01:29.420+0000] {processor.py:840} INFO - DAG(s) 'tutorial' retrieved from /home/airflow/.local/lib/python3.8/site-packages/airflow/example_dags/tutorial.py
[2024-05-22T23:01:29.440+0000] {logging_mixin.py:188} INFO - [2024-05-22T23:01:29.440+0000] {dag.py:3036} INFO - Sync 1 DAGs
[2024-05-22T23:01:29.464+0000] {logging_mixin.py:188} INFO - [2024-05-22T23:01:29.463+0000] {dag.py:3823} INFO - Setting next_dagrun for tutorial to 2024-05-21 00:00:00+00:00, run_after=2024-05-22 00:00:00+00:00
[2024-05-22T23:01:29.488+0000] {processor.py:183} INFO - Processing /home/airflow/.local/lib/python3.8/site-packages/airflow/example_dags/tutorial.py took 0.079 seconds
[2024-05-22T23:01:59.769+0000] {processor.py:161} INFO - Started process (PID=55079) to work on /home/airflow/.local/lib/python3.8/site-packages/airflow/example_dags/tutorial.py
[2024-05-22T23:01:59.770+0000] {processor.py:830} INFO - Processing file /home/airflow/.local/lib/python3.8/site-packages/airflow/example_dags/tutorial.py for tasks to queue
[2024-05-22T23:01:59.771+0000] {logging_mixin.py:188} INFO - [2024-05-22T23:01:59.771+0000] {dagbag.py:538} INFO - Filling up the DagBag from /home/airflow/.local/lib/python3.8/site-packages/airflow/example_dags/tutorial.py
[2024-05-22T23:01:59.776+0000] {processor.py:840} INFO - DAG(s) 'tutorial' retrieved from /home/airflow/.local/lib/python3.8/site-packages/airflow/example_dags/tutorial.py
[2024-05-22T23:01:59.795+0000] {logging_mixin.py:188} INFO - [2024-05-22T23:01:59.795+0000] {dag.py:3036} INFO - Sync 1 DAGs
[2024-05-22T23:01:59.817+0000] {logging_mixin.py:188} INFO - [2024-05-22T23:01:59.816+0000] {dag.py:3823} INFO - Setting next_dagrun for tutorial to 2024-05-21 00:00:00+00:00, run_after=2024-05-22 00:00:00+00:00
[2024-05-22T23:01:59.842+0000] {processor.py:183} INFO - Processing /home/airflow/.local/lib/python3.8/site-packages/airflow/example_dags/tutorial.py took 0.076 seconds
[2024-05-22T23:02:29.985+0000] {processor.py:161} INFO - Started process (PID=55137) to work on /home/airflow/.local/lib/python3.8/site-packages/airflow/example_dags/tutorial.py
[2024-05-22T23:02:29.986+0000] {processor.py:830} INFO - Processing file /home/airflow/.local/lib/python3.8/site-packages/airflow/example_dags/tutorial.py for tasks to queue
[2024-05-22T23:02:29.988+0000] {logging_mixin.py:188} INFO - [2024-05-22T23:02:29.988+0000] {dagbag.py:538} INFO - Filling up the DagBag from /home/airflow/.local/lib/python3.8/site-packages/airflow/example_dags/tutorial.py
[2024-05-22T23:02:29.994+0000] {processor.py:840} INFO - DAG(s) 'tutorial' retrieved from /home/airflow/.local/lib/python3.8/site-packages/airflow/example_dags/tutorial.py
[2024-05-22T23:02:30.016+0000] {logging_mixin.py:188} INFO - [2024-05-22T23:02:30.016+0000] {dag.py:3036} INFO - Sync 1 DAGs
[2024-05-22T23:02:30.041+0000] {logging_mixin.py:188} INFO - [2024-05-22T23:02:30.041+0000] {dag.py:3823} INFO - Setting next_dagrun for tutorial to 2024-05-21 00:00:00+00:00, run_after=2024-05-22 00:00:00+00:00
[2024-05-22T23:02:30.067+0000] {processor.py:183} INFO - Processing /home/airflow/.local/lib/python3.8/site-packages/airflow/example_dags/tutorial.py took 0.085 seconds
[2024-05-22T23:03:00.313+0000] {processor.py:161} INFO - Started process (PID=55194) to work on /home/airflow/.local/lib/python3.8/site-packages/airflow/example_dags/tutorial.py
[2024-05-22T23:03:00.314+0000] {processor.py:830} INFO - Processing file /home/airflow/.local/lib/python3.8/site-packages/airflow/example_dags/tutorial.py for tasks to queue
[2024-05-22T23:03:00.316+0000] {logging_mixin.py:188} INFO - [2024-05-22T23:03:00.316+0000] {dagbag.py:538} INFO - Filling up the DagBag from /home/airflow/.local/lib/python3.8/site-packages/airflow/example_dags/tutorial.py
[2024-05-22T23:03:00.323+0000] {processor.py:840} INFO - DAG(s) 'tutorial' retrieved from /home/airflow/.local/lib/python3.8/site-packages/airflow/example_dags/tutorial.py
[2024-05-22T23:03:00.346+0000] {logging_mixin.py:188} INFO - [2024-05-22T23:03:00.346+0000] {dag.py:3036} INFO - Sync 1 DAGs
[2024-05-22T23:03:00.371+0000] {logging_mixin.py:188} INFO - [2024-05-22T23:03:00.371+0000] {dag.py:3823} INFO - Setting next_dagrun for tutorial to 2024-05-21 00:00:00+00:00, run_after=2024-05-22 00:00:00+00:00
[2024-05-22T23:03:00.400+0000] {processor.py:183} INFO - Processing /home/airflow/.local/lib/python3.8/site-packages/airflow/example_dags/tutorial.py took 0.090 seconds
[2024-05-22T23:03:30.752+0000] {processor.py:161} INFO - Started process (PID=55251) to work on /home/airflow/.local/lib/python3.8/site-packages/airflow/example_dags/tutorial.py
[2024-05-22T23:03:30.753+0000] {processor.py:830} INFO - Processing file /home/airflow/.local/lib/python3.8/site-packages/airflow/example_dags/tutorial.py for tasks to queue
[2024-05-22T23:03:30.755+0000] {logging_mixin.py:188} INFO - [2024-05-22T23:03:30.754+0000] {dagbag.py:538} INFO - Filling up the DagBag from /home/airflow/.local/lib/python3.8/site-packages/airflow/example_dags/tutorial.py
[2024-05-22T23:03:30.762+0000] {processor.py:840} INFO - DAG(s) 'tutorial' retrieved from /home/airflow/.local/lib/python3.8/site-packages/airflow/example_dags/tutorial.py
[2024-05-22T23:03:30.788+0000] {logging_mixin.py:188} INFO - [2024-05-22T23:03:30.788+0000] {dag.py:3036} INFO - Sync 1 DAGs
[2024-05-22T23:03:30.815+0000] {logging_mixin.py:188} INFO - [2024-05-22T23:03:30.815+0000] {dag.py:3823} INFO - Setting next_dagrun for tutorial to 2024-05-21 00:00:00+00:00, run_after=2024-05-22 00:00:00+00:00
[2024-05-22T23:03:30.844+0000] {processor.py:183} INFO - Processing /home/airflow/.local/lib/python3.8/site-packages/airflow/example_dags/tutorial.py took 0.096 seconds
[2024-05-22T23:04:01.194+0000] {processor.py:161} INFO - Started process (PID=55309) to work on /home/airflow/.local/lib/python3.8/site-packages/airflow/example_dags/tutorial.py
[2024-05-22T23:04:01.195+0000] {processor.py:830} INFO - Processing file /home/airflow/.local/lib/python3.8/site-packages/airflow/example_dags/tutorial.py for tasks to queue
[2024-05-22T23:04:01.197+0000] {logging_mixin.py:188} INFO - [2024-05-22T23:04:01.196+0000] {dagbag.py:538} INFO - Filling up the DagBag from /home/airflow/.local/lib/python3.8/site-packages/airflow/example_dags/tutorial.py
[2024-05-22T23:04:01.203+0000] {processor.py:840} INFO - DAG(s) 'tutorial' retrieved from /home/airflow/.local/lib/python3.8/site-packages/airflow/example_dags/tutorial.py
[2024-05-22T23:04:01.226+0000] {logging_mixin.py:188} INFO - [2024-05-22T23:04:01.225+0000] {dag.py:3036} INFO - Sync 1 DAGs
[2024-05-22T23:04:01.252+0000] {logging_mixin.py:188} INFO - [2024-05-22T23:04:01.252+0000] {dag.py:3823} INFO - Setting next_dagrun for tutorial to 2024-05-21 00:00:00+00:00, run_after=2024-05-22 00:00:00+00:00
[2024-05-22T23:04:01.290+0000] {processor.py:183} INFO - Processing /home/airflow/.local/lib/python3.8/site-packages/airflow/example_dags/tutorial.py took 0.099 seconds
[2024-05-22T23:04:31.882+0000] {processor.py:161} INFO - Started process (PID=55366) to work on /home/airflow/.local/lib/python3.8/site-packages/airflow/example_dags/tutorial.py
[2024-05-22T23:04:31.884+0000] {processor.py:830} INFO - Processing file /home/airflow/.local/lib/python3.8/site-packages/airflow/example_dags/tutorial.py for tasks to queue
[2024-05-22T23:04:31.886+0000] {logging_mixin.py:188} INFO - [2024-05-22T23:04:31.885+0000] {dagbag.py:538} INFO - Filling up the DagBag from /home/airflow/.local/lib/python3.8/site-packages/airflow/example_dags/tutorial.py
[2024-05-22T23:04:31.892+0000] {processor.py:840} INFO - DAG(s) 'tutorial' retrieved from /home/airflow/.local/lib/python3.8/site-packages/airflow/example_dags/tutorial.py
[2024-05-22T23:04:31.919+0000] {logging_mixin.py:188} INFO - [2024-05-22T23:04:31.918+0000] {dag.py:3036} INFO - Sync 1 DAGs
[2024-05-22T23:04:31.948+0000] {logging_mixin.py:188} INFO - [2024-05-22T23:04:31.948+0000] {dag.py:3823} INFO - Setting next_dagrun for tutorial to 2024-05-21 00:00:00+00:00, run_after=2024-05-22 00:00:00+00:00
[2024-05-22T23:04:31.978+0000] {processor.py:183} INFO - Processing /home/airflow/.local/lib/python3.8/site-packages/airflow/example_dags/tutorial.py took 0.100 seconds
[2024-05-22T23:05:02.415+0000] {processor.py:161} INFO - Started process (PID=55423) to work on /home/airflow/.local/lib/python3.8/site-packages/airflow/example_dags/tutorial.py
[2024-05-22T23:05:02.416+0000] {processor.py:830} INFO - Processing file /home/airflow/.local/lib/python3.8/site-packages/airflow/example_dags/tutorial.py for tasks to queue
[2024-05-22T23:05:02.418+0000] {logging_mixin.py:188} INFO - [2024-05-22T23:05:02.417+0000] {dagbag.py:538} INFO - Filling up the DagBag from /home/airflow/.local/lib/python3.8/site-packages/airflow/example_dags/tutorial.py
[2024-05-22T23:05:02.423+0000] {processor.py:840} INFO - DAG(s) 'tutorial' retrieved from /home/airflow/.local/lib/python3.8/site-packages/airflow/example_dags/tutorial.py
[2024-05-22T23:05:02.446+0000] {logging_mixin.py:188} INFO - [2024-05-22T23:05:02.446+0000] {dag.py:3036} INFO - Sync 1 DAGs
[2024-05-22T23:05:02.471+0000] {logging_mixin.py:188} INFO - [2024-05-22T23:05:02.471+0000] {dag.py:3823} INFO - Setting next_dagrun for tutorial to 2024-05-21 00:00:00+00:00, run_after=2024-05-22 00:00:00+00:00
[2024-05-22T23:05:02.496+0000] {processor.py:183} INFO - Processing /home/airflow/.local/lib/python3.8/site-packages/airflow/example_dags/tutorial.py took 0.085 seconds
[2024-05-22T23:05:32.724+0000] {processor.py:161} INFO - Started process (PID=55480) to work on /home/airflow/.local/lib/python3.8/site-packages/airflow/example_dags/tutorial.py
[2024-05-22T23:05:32.725+0000] {processor.py:830} INFO - Processing file /home/airflow/.local/lib/python3.8/site-packages/airflow/example_dags/tutorial.py for tasks to queue
[2024-05-22T23:05:32.727+0000] {logging_mixin.py:188} INFO - [2024-05-22T23:05:32.727+0000] {dagbag.py:538} INFO - Filling up the DagBag from /home/airflow/.local/lib/python3.8/site-packages/airflow/example_dags/tutorial.py
[2024-05-22T23:05:32.733+0000] {processor.py:840} INFO - DAG(s) 'tutorial' retrieved from /home/airflow/.local/lib/python3.8/site-packages/airflow/example_dags/tutorial.py
[2024-05-22T23:05:32.754+0000] {logging_mixin.py:188} INFO - [2024-05-22T23:05:32.754+0000] {dag.py:3036} INFO - Sync 1 DAGs
[2024-05-22T23:05:32.777+0000] {logging_mixin.py:188} INFO - [2024-05-22T23:05:32.777+0000] {dag.py:3823} INFO - Setting next_dagrun for tutorial to 2024-05-21 00:00:00+00:00, run_after=2024-05-22 00:00:00+00:00
[2024-05-22T23:05:32.802+0000] {processor.py:183} INFO - Processing /home/airflow/.local/lib/python3.8/site-packages/airflow/example_dags/tutorial.py took 0.080 seconds
[2024-05-22T23:06:03.439+0000] {processor.py:161} INFO - Started process (PID=55537) to work on /home/airflow/.local/lib/python3.8/site-packages/airflow/example_dags/tutorial.py
[2024-05-22T23:06:03.440+0000] {processor.py:830} INFO - Processing file /home/airflow/.local/lib/python3.8/site-packages/airflow/example_dags/tutorial.py for tasks to queue
[2024-05-22T23:06:03.442+0000] {logging_mixin.py:188} INFO - [2024-05-22T23:06:03.442+0000] {dagbag.py:538} INFO - Filling up the DagBag from /home/airflow/.local/lib/python3.8/site-packages/airflow/example_dags/tutorial.py
[2024-05-22T23:06:03.449+0000] {processor.py:840} INFO - DAG(s) 'tutorial' retrieved from /home/airflow/.local/lib/python3.8/site-packages/airflow/example_dags/tutorial.py
[2024-05-22T23:06:03.478+0000] {logging_mixin.py:188} INFO - [2024-05-22T23:06:03.478+0000] {dag.py:3036} INFO - Sync 1 DAGs
[2024-05-22T23:06:03.507+0000] {logging_mixin.py:188} INFO - [2024-05-22T23:06:03.506+0000] {dag.py:3823} INFO - Setting next_dagrun for tutorial to 2024-05-21 00:00:00+00:00, run_after=2024-05-22 00:00:00+00:00
[2024-05-22T23:06:03.531+0000] {processor.py:183} INFO - Processing /home/airflow/.local/lib/python3.8/site-packages/airflow/example_dags/tutorial.py took 0.097 seconds
[2024-05-22T23:06:34.063+0000] {processor.py:161} INFO - Started process (PID=55594) to work on /home/airflow/.local/lib/python3.8/site-packages/airflow/example_dags/tutorial.py
[2024-05-22T23:06:34.064+0000] {processor.py:830} INFO - Processing file /home/airflow/.local/lib/python3.8/site-packages/airflow/example_dags/tutorial.py for tasks to queue
[2024-05-22T23:06:34.066+0000] {logging_mixin.py:188} INFO - [2024-05-22T23:06:34.066+0000] {dagbag.py:538} INFO - Filling up the DagBag from /home/airflow/.local/lib/python3.8/site-packages/airflow/example_dags/tutorial.py
[2024-05-22T23:06:34.073+0000] {processor.py:840} INFO - DAG(s) 'tutorial' retrieved from /home/airflow/.local/lib/python3.8/site-packages/airflow/example_dags/tutorial.py
[2024-05-22T23:06:34.100+0000] {logging_mixin.py:188} INFO - [2024-05-22T23:06:34.099+0000] {dag.py:3036} INFO - Sync 1 DAGs
[2024-05-22T23:06:34.129+0000] {logging_mixin.py:188} INFO - [2024-05-22T23:06:34.129+0000] {dag.py:3823} INFO - Setting next_dagrun for tutorial to 2024-05-21 00:00:00+00:00, run_after=2024-05-22 00:00:00+00:00
[2024-05-22T23:06:34.159+0000] {processor.py:183} INFO - Processing /home/airflow/.local/lib/python3.8/site-packages/airflow/example_dags/tutorial.py took 0.101 seconds
[2024-05-22T23:07:04.385+0000] {processor.py:161} INFO - Started process (PID=55651) to work on /home/airflow/.local/lib/python3.8/site-packages/airflow/example_dags/tutorial.py
[2024-05-22T23:07:04.386+0000] {processor.py:830} INFO - Processing file /home/airflow/.local/lib/python3.8/site-packages/airflow/example_dags/tutorial.py for tasks to queue
[2024-05-22T23:07:04.388+0000] {logging_mixin.py:188} INFO - [2024-05-22T23:07:04.388+0000] {dagbag.py:538} INFO - Filling up the DagBag from /home/airflow/.local/lib/python3.8/site-packages/airflow/example_dags/tutorial.py
[2024-05-22T23:07:04.395+0000] {processor.py:840} INFO - DAG(s) 'tutorial' retrieved from /home/airflow/.local/lib/python3.8/site-packages/airflow/example_dags/tutorial.py
[2024-05-22T23:07:04.419+0000] {logging_mixin.py:188} INFO - [2024-05-22T23:07:04.418+0000] {dag.py:3036} INFO - Sync 1 DAGs
[2024-05-22T23:07:04.447+0000] {logging_mixin.py:188} INFO - [2024-05-22T23:07:04.447+0000] {dag.py:3823} INFO - Setting next_dagrun for tutorial to 2024-05-21 00:00:00+00:00, run_after=2024-05-22 00:00:00+00:00
[2024-05-22T23:07:04.473+0000] {processor.py:183} INFO - Processing /home/airflow/.local/lib/python3.8/site-packages/airflow/example_dags/tutorial.py took 0.091 seconds
[2024-05-22T23:07:35.415+0000] {processor.py:161} INFO - Started process (PID=55708) to work on /home/airflow/.local/lib/python3.8/site-packages/airflow/example_dags/tutorial.py
[2024-05-22T23:07:35.417+0000] {processor.py:830} INFO - Processing file /home/airflow/.local/lib/python3.8/site-packages/airflow/example_dags/tutorial.py for tasks to queue
[2024-05-22T23:07:35.419+0000] {logging_mixin.py:188} INFO - [2024-05-22T23:07:35.419+0000] {dagbag.py:538} INFO - Filling up the DagBag from /home/airflow/.local/lib/python3.8/site-packages/airflow/example_dags/tutorial.py
[2024-05-22T23:07:35.426+0000] {processor.py:840} INFO - DAG(s) 'tutorial' retrieved from /home/airflow/.local/lib/python3.8/site-packages/airflow/example_dags/tutorial.py
[2024-05-22T23:07:35.455+0000] {logging_mixin.py:188} INFO - [2024-05-22T23:07:35.454+0000] {dag.py:3036} INFO - Sync 1 DAGs
[2024-05-22T23:07:35.482+0000] {logging_mixin.py:188} INFO - [2024-05-22T23:07:35.482+0000] {dag.py:3823} INFO - Setting next_dagrun for tutorial to 2024-05-21 00:00:00+00:00, run_after=2024-05-22 00:00:00+00:00
[2024-05-22T23:07:35.504+0000] {processor.py:183} INFO - Processing /home/airflow/.local/lib/python3.8/site-packages/airflow/example_dags/tutorial.py took 0.094 seconds
[2024-05-22T23:08:06.333+0000] {processor.py:161} INFO - Started process (PID=55765) to work on /home/airflow/.local/lib/python3.8/site-packages/airflow/example_dags/tutorial.py
[2024-05-22T23:08:06.334+0000] {processor.py:830} INFO - Processing file /home/airflow/.local/lib/python3.8/site-packages/airflow/example_dags/tutorial.py for tasks to queue
[2024-05-22T23:08:06.336+0000] {logging_mixin.py:188} INFO - [2024-05-22T23:08:06.335+0000] {dagbag.py:538} INFO - Filling up the DagBag from /home/airflow/.local/lib/python3.8/site-packages/airflow/example_dags/tutorial.py
[2024-05-22T23:08:06.341+0000] {processor.py:840} INFO - DAG(s) 'tutorial' retrieved from /home/airflow/.local/lib/python3.8/site-packages/airflow/example_dags/tutorial.py
[2024-05-22T23:08:06.362+0000] {logging_mixin.py:188} INFO - [2024-05-22T23:08:06.362+0000] {dag.py:3036} INFO - Sync 1 DAGs
[2024-05-22T23:08:06.385+0000] {logging_mixin.py:188} INFO - [2024-05-22T23:08:06.385+0000] {dag.py:3823} INFO - Setting next_dagrun for tutorial to 2024-05-21 00:00:00+00:00, run_after=2024-05-22 00:00:00+00:00
[2024-05-22T23:08:06.414+0000] {processor.py:183} INFO - Processing /home/airflow/.local/lib/python3.8/site-packages/airflow/example_dags/tutorial.py took 0.085 seconds
[2024-05-22T23:08:37.180+0000] {processor.py:161} INFO - Started process (PID=55822) to work on /home/airflow/.local/lib/python3.8/site-packages/airflow/example_dags/tutorial.py
[2024-05-22T23:08:37.181+0000] {processor.py:830} INFO - Processing file /home/airflow/.local/lib/python3.8/site-packages/airflow/example_dags/tutorial.py for tasks to queue
[2024-05-22T23:08:37.183+0000] {logging_mixin.py:188} INFO - [2024-05-22T23:08:37.183+0000] {dagbag.py:538} INFO - Filling up the DagBag from /home/airflow/.local/lib/python3.8/site-packages/airflow/example_dags/tutorial.py
[2024-05-22T23:08:37.189+0000] {processor.py:840} INFO - DAG(s) 'tutorial' retrieved from /home/airflow/.local/lib/python3.8/site-packages/airflow/example_dags/tutorial.py
[2024-05-22T23:08:37.214+0000] {logging_mixin.py:188} INFO - [2024-05-22T23:08:37.214+0000] {dag.py:3036} INFO - Sync 1 DAGs
[2024-05-22T23:08:37.238+0000] {logging_mixin.py:188} INFO - [2024-05-22T23:08:37.238+0000] {dag.py:3823} INFO - Setting next_dagrun for tutorial to 2024-05-21 00:00:00+00:00, run_after=2024-05-22 00:00:00+00:00
[2024-05-22T23:08:37.268+0000] {processor.py:183} INFO - Processing /home/airflow/.local/lib/python3.8/site-packages/airflow/example_dags/tutorial.py took 0.091 seconds
[2024-05-22T23:09:07.961+0000] {processor.py:161} INFO - Started process (PID=55879) to work on /home/airflow/.local/lib/python3.8/site-packages/airflow/example_dags/tutorial.py
[2024-05-22T23:09:07.961+0000] {processor.py:830} INFO - Processing file /home/airflow/.local/lib/python3.8/site-packages/airflow/example_dags/tutorial.py for tasks to queue
[2024-05-22T23:09:07.963+0000] {logging_mixin.py:188} INFO - [2024-05-22T23:09:07.963+0000] {dagbag.py:538} INFO - Filling up the DagBag from /home/airflow/.local/lib/python3.8/site-packages/airflow/example_dags/tutorial.py
[2024-05-22T23:09:07.970+0000] {processor.py:840} INFO - DAG(s) 'tutorial' retrieved from /home/airflow/.local/lib/python3.8/site-packages/airflow/example_dags/tutorial.py
[2024-05-22T23:09:07.994+0000] {logging_mixin.py:188} INFO - [2024-05-22T23:09:07.993+0000] {dag.py:3036} INFO - Sync 1 DAGs
[2024-05-22T23:09:08.020+0000] {logging_mixin.py:188} INFO - [2024-05-22T23:09:08.020+0000] {dag.py:3823} INFO - Setting next_dagrun for tutorial to 2024-05-21 00:00:00+00:00, run_after=2024-05-22 00:00:00+00:00
[2024-05-22T23:09:08.053+0000] {processor.py:183} INFO - Processing /home/airflow/.local/lib/python3.8/site-packages/airflow/example_dags/tutorial.py took 0.095 seconds
[2024-05-22T23:09:38.404+0000] {processor.py:161} INFO - Started process (PID=55936) to work on /home/airflow/.local/lib/python3.8/site-packages/airflow/example_dags/tutorial.py
[2024-05-22T23:09:38.405+0000] {processor.py:830} INFO - Processing file /home/airflow/.local/lib/python3.8/site-packages/airflow/example_dags/tutorial.py for tasks to queue
[2024-05-22T23:09:38.407+0000] {logging_mixin.py:188} INFO - [2024-05-22T23:09:38.407+0000] {dagbag.py:538} INFO - Filling up the DagBag from /home/airflow/.local/lib/python3.8/site-packages/airflow/example_dags/tutorial.py
[2024-05-22T23:09:38.413+0000] {processor.py:840} INFO - DAG(s) 'tutorial' retrieved from /home/airflow/.local/lib/python3.8/site-packages/airflow/example_dags/tutorial.py
[2024-05-22T23:09:38.433+0000] {logging_mixin.py:188} INFO - [2024-05-22T23:09:38.433+0000] {dag.py:3036} INFO - Sync 1 DAGs
[2024-05-22T23:09:38.457+0000] {logging_mixin.py:188} INFO - [2024-05-22T23:09:38.457+0000] {dag.py:3823} INFO - Setting next_dagrun for tutorial to 2024-05-21 00:00:00+00:00, run_after=2024-05-22 00:00:00+00:00
[2024-05-22T23:09:38.481+0000] {processor.py:183} INFO - Processing /home/airflow/.local/lib/python3.8/site-packages/airflow/example_dags/tutorial.py took 0.081 seconds
[2024-05-22T23:10:08.808+0000] {processor.py:161} INFO - Started process (PID=55993) to work on /home/airflow/.local/lib/python3.8/site-packages/airflow/example_dags/tutorial.py
[2024-05-22T23:10:08.809+0000] {processor.py:830} INFO - Processing file /home/airflow/.local/lib/python3.8/site-packages/airflow/example_dags/tutorial.py for tasks to queue
[2024-05-22T23:10:08.810+0000] {logging_mixin.py:188} INFO - [2024-05-22T23:10:08.810+0000] {dagbag.py:538} INFO - Filling up the DagBag from /home/airflow/.local/lib/python3.8/site-packages/airflow/example_dags/tutorial.py
[2024-05-22T23:10:08.817+0000] {processor.py:840} INFO - DAG(s) 'tutorial' retrieved from /home/airflow/.local/lib/python3.8/site-packages/airflow/example_dags/tutorial.py
[2024-05-22T23:10:08.838+0000] {logging_mixin.py:188} INFO - [2024-05-22T23:10:08.838+0000] {dag.py:3036} INFO - Sync 1 DAGs
[2024-05-22T23:10:08.865+0000] {logging_mixin.py:188} INFO - [2024-05-22T23:10:08.865+0000] {dag.py:3823} INFO - Setting next_dagrun for tutorial to 2024-05-21 00:00:00+00:00, run_after=2024-05-22 00:00:00+00:00
[2024-05-22T23:10:08.885+0000] {processor.py:183} INFO - Processing /home/airflow/.local/lib/python3.8/site-packages/airflow/example_dags/tutorial.py took 0.080 seconds
