[2024-05-22T22:36:40.287+0000] {processor.py:161} INFO - Started process (PID=52245) to work on /home/airflow/.local/lib/python3.8/site-packages/airflow/example_dags/tutorial_taskflow_api.py
[2024-05-22T22:36:40.289+0000] {processor.py:830} INFO - Processing file /home/airflow/.local/lib/python3.8/site-packages/airflow/example_dags/tutorial_taskflow_api.py for tasks to queue
[2024-05-22T22:36:40.294+0000] {logging_mixin.py:188} INFO - [2024-05-22T22:36:40.293+0000] {dagbag.py:538} INFO - Filling up the DagBag from /home/airflow/.local/lib/python3.8/site-packages/airflow/example_dags/tutorial_taskflow_api.py
[2024-05-22T22:36:40.309+0000] {processor.py:840} INFO - DAG(s) 'tutorial_taskflow_api' retrieved from /home/airflow/.local/lib/python3.8/site-packages/airflow/example_dags/tutorial_taskflow_api.py
[2024-05-22T22:36:40.346+0000] {logging_mixin.py:188} INFO - [2024-05-22T22:36:40.345+0000] {dag.py:3036} INFO - Sync 1 DAGs
[2024-05-22T22:36:40.366+0000] {logging_mixin.py:188} INFO - [2024-05-22T22:36:40.365+0000] {dag.py:3823} INFO - Setting next_dagrun for tutorial_taskflow_api to None, run_after=None
[2024-05-22T22:36:40.406+0000] {processor.py:183} INFO - Processing /home/airflow/.local/lib/python3.8/site-packages/airflow/example_dags/tutorial_taskflow_api.py took 0.123 seconds
[2024-05-22T22:37:11.172+0000] {processor.py:161} INFO - Started process (PID=52302) to work on /home/airflow/.local/lib/python3.8/site-packages/airflow/example_dags/tutorial_taskflow_api.py
[2024-05-22T22:37:11.173+0000] {processor.py:830} INFO - Processing file /home/airflow/.local/lib/python3.8/site-packages/airflow/example_dags/tutorial_taskflow_api.py for tasks to queue
[2024-05-22T22:37:11.175+0000] {logging_mixin.py:188} INFO - [2024-05-22T22:37:11.175+0000] {dagbag.py:538} INFO - Filling up the DagBag from /home/airflow/.local/lib/python3.8/site-packages/airflow/example_dags/tutorial_taskflow_api.py
[2024-05-22T22:37:11.181+0000] {processor.py:840} INFO - DAG(s) 'tutorial_taskflow_api' retrieved from /home/airflow/.local/lib/python3.8/site-packages/airflow/example_dags/tutorial_taskflow_api.py
[2024-05-22T22:37:11.203+0000] {logging_mixin.py:188} INFO - [2024-05-22T22:37:11.203+0000] {dag.py:3036} INFO - Sync 1 DAGs
[2024-05-22T22:37:11.217+0000] {logging_mixin.py:188} INFO - [2024-05-22T22:37:11.216+0000] {dag.py:3823} INFO - Setting next_dagrun for tutorial_taskflow_api to None, run_after=None
[2024-05-22T22:37:11.237+0000] {processor.py:183} INFO - Processing /home/airflow/.local/lib/python3.8/site-packages/airflow/example_dags/tutorial_taskflow_api.py took 0.068 seconds
[2024-05-22T22:37:41.708+0000] {processor.py:161} INFO - Started process (PID=52359) to work on /home/airflow/.local/lib/python3.8/site-packages/airflow/example_dags/tutorial_taskflow_api.py
[2024-05-22T22:37:41.709+0000] {processor.py:830} INFO - Processing file /home/airflow/.local/lib/python3.8/site-packages/airflow/example_dags/tutorial_taskflow_api.py for tasks to queue
[2024-05-22T22:37:41.711+0000] {logging_mixin.py:188} INFO - [2024-05-22T22:37:41.711+0000] {dagbag.py:538} INFO - Filling up the DagBag from /home/airflow/.local/lib/python3.8/site-packages/airflow/example_dags/tutorial_taskflow_api.py
[2024-05-22T22:37:41.717+0000] {processor.py:840} INFO - DAG(s) 'tutorial_taskflow_api' retrieved from /home/airflow/.local/lib/python3.8/site-packages/airflow/example_dags/tutorial_taskflow_api.py
[2024-05-22T22:37:41.740+0000] {logging_mixin.py:188} INFO - [2024-05-22T22:37:41.740+0000] {dag.py:3036} INFO - Sync 1 DAGs
[2024-05-22T22:37:41.756+0000] {logging_mixin.py:188} INFO - [2024-05-22T22:37:41.755+0000] {dag.py:3823} INFO - Setting next_dagrun for tutorial_taskflow_api to None, run_after=None
[2024-05-22T22:37:41.776+0000] {processor.py:183} INFO - Processing /home/airflow/.local/lib/python3.8/site-packages/airflow/example_dags/tutorial_taskflow_api.py took 0.071 seconds
[2024-05-22T22:38:12.212+0000] {processor.py:161} INFO - Started process (PID=52416) to work on /home/airflow/.local/lib/python3.8/site-packages/airflow/example_dags/tutorial_taskflow_api.py
[2024-05-22T22:38:12.213+0000] {processor.py:830} INFO - Processing file /home/airflow/.local/lib/python3.8/site-packages/airflow/example_dags/tutorial_taskflow_api.py for tasks to queue
[2024-05-22T22:38:12.215+0000] {logging_mixin.py:188} INFO - [2024-05-22T22:38:12.215+0000] {dagbag.py:538} INFO - Filling up the DagBag from /home/airflow/.local/lib/python3.8/site-packages/airflow/example_dags/tutorial_taskflow_api.py
[2024-05-22T22:38:12.223+0000] {processor.py:840} INFO - DAG(s) 'tutorial_taskflow_api' retrieved from /home/airflow/.local/lib/python3.8/site-packages/airflow/example_dags/tutorial_taskflow_api.py
[2024-05-22T22:38:12.249+0000] {logging_mixin.py:188} INFO - [2024-05-22T22:38:12.248+0000] {dag.py:3036} INFO - Sync 1 DAGs
[2024-05-22T22:38:12.264+0000] {logging_mixin.py:188} INFO - [2024-05-22T22:38:12.264+0000] {dag.py:3823} INFO - Setting next_dagrun for tutorial_taskflow_api to None, run_after=None
[2024-05-22T22:38:12.290+0000] {processor.py:183} INFO - Processing /home/airflow/.local/lib/python3.8/site-packages/airflow/example_dags/tutorial_taskflow_api.py took 0.081 seconds
[2024-05-22T22:38:42.775+0000] {processor.py:161} INFO - Started process (PID=52473) to work on /home/airflow/.local/lib/python3.8/site-packages/airflow/example_dags/tutorial_taskflow_api.py
[2024-05-22T22:38:42.776+0000] {processor.py:830} INFO - Processing file /home/airflow/.local/lib/python3.8/site-packages/airflow/example_dags/tutorial_taskflow_api.py for tasks to queue
[2024-05-22T22:38:42.778+0000] {logging_mixin.py:188} INFO - [2024-05-22T22:38:42.778+0000] {dagbag.py:538} INFO - Filling up the DagBag from /home/airflow/.local/lib/python3.8/site-packages/airflow/example_dags/tutorial_taskflow_api.py
[2024-05-22T22:38:42.786+0000] {processor.py:840} INFO - DAG(s) 'tutorial_taskflow_api' retrieved from /home/airflow/.local/lib/python3.8/site-packages/airflow/example_dags/tutorial_taskflow_api.py
[2024-05-22T22:38:42.813+0000] {logging_mixin.py:188} INFO - [2024-05-22T22:38:42.812+0000] {dag.py:3036} INFO - Sync 1 DAGs
[2024-05-22T22:38:42.829+0000] {logging_mixin.py:188} INFO - [2024-05-22T22:38:42.829+0000] {dag.py:3823} INFO - Setting next_dagrun for tutorial_taskflow_api to None, run_after=None
[2024-05-22T22:38:42.852+0000] {processor.py:183} INFO - Processing /home/airflow/.local/lib/python3.8/site-packages/airflow/example_dags/tutorial_taskflow_api.py took 0.080 seconds
[2024-05-22T22:39:13.121+0000] {processor.py:161} INFO - Started process (PID=52530) to work on /home/airflow/.local/lib/python3.8/site-packages/airflow/example_dags/tutorial_taskflow_api.py
[2024-05-22T22:39:13.122+0000] {processor.py:830} INFO - Processing file /home/airflow/.local/lib/python3.8/site-packages/airflow/example_dags/tutorial_taskflow_api.py for tasks to queue
[2024-05-22T22:39:13.124+0000] {logging_mixin.py:188} INFO - [2024-05-22T22:39:13.124+0000] {dagbag.py:538} INFO - Filling up the DagBag from /home/airflow/.local/lib/python3.8/site-packages/airflow/example_dags/tutorial_taskflow_api.py
[2024-05-22T22:39:13.131+0000] {processor.py:840} INFO - DAG(s) 'tutorial_taskflow_api' retrieved from /home/airflow/.local/lib/python3.8/site-packages/airflow/example_dags/tutorial_taskflow_api.py
[2024-05-22T22:39:13.151+0000] {logging_mixin.py:188} INFO - [2024-05-22T22:39:13.151+0000] {dag.py:3036} INFO - Sync 1 DAGs
[2024-05-22T22:39:13.165+0000] {logging_mixin.py:188} INFO - [2024-05-22T22:39:13.164+0000] {dag.py:3823} INFO - Setting next_dagrun for tutorial_taskflow_api to None, run_after=None
[2024-05-22T22:39:13.184+0000] {processor.py:183} INFO - Processing /home/airflow/.local/lib/python3.8/site-packages/airflow/example_dags/tutorial_taskflow_api.py took 0.066 seconds
[2024-05-22T22:39:43.514+0000] {processor.py:161} INFO - Started process (PID=52587) to work on /home/airflow/.local/lib/python3.8/site-packages/airflow/example_dags/tutorial_taskflow_api.py
[2024-05-22T22:39:43.515+0000] {processor.py:830} INFO - Processing file /home/airflow/.local/lib/python3.8/site-packages/airflow/example_dags/tutorial_taskflow_api.py for tasks to queue
[2024-05-22T22:39:43.518+0000] {logging_mixin.py:188} INFO - [2024-05-22T22:39:43.518+0000] {dagbag.py:538} INFO - Filling up the DagBag from /home/airflow/.local/lib/python3.8/site-packages/airflow/example_dags/tutorial_taskflow_api.py
[2024-05-22T22:39:43.524+0000] {processor.py:840} INFO - DAG(s) 'tutorial_taskflow_api' retrieved from /home/airflow/.local/lib/python3.8/site-packages/airflow/example_dags/tutorial_taskflow_api.py
[2024-05-22T22:39:43.547+0000] {logging_mixin.py:188} INFO - [2024-05-22T22:39:43.547+0000] {dag.py:3036} INFO - Sync 1 DAGs
[2024-05-22T22:39:43.561+0000] {logging_mixin.py:188} INFO - [2024-05-22T22:39:43.561+0000] {dag.py:3823} INFO - Setting next_dagrun for tutorial_taskflow_api to None, run_after=None
[2024-05-22T22:39:43.586+0000] {processor.py:183} INFO - Processing /home/airflow/.local/lib/python3.8/site-packages/airflow/example_dags/tutorial_taskflow_api.py took 0.075 seconds
[2024-05-22T22:40:13.978+0000] {processor.py:161} INFO - Started process (PID=52644) to work on /home/airflow/.local/lib/python3.8/site-packages/airflow/example_dags/tutorial_taskflow_api.py
[2024-05-22T22:40:13.979+0000] {processor.py:830} INFO - Processing file /home/airflow/.local/lib/python3.8/site-packages/airflow/example_dags/tutorial_taskflow_api.py for tasks to queue
[2024-05-22T22:40:13.980+0000] {logging_mixin.py:188} INFO - [2024-05-22T22:40:13.980+0000] {dagbag.py:538} INFO - Filling up the DagBag from /home/airflow/.local/lib/python3.8/site-packages/airflow/example_dags/tutorial_taskflow_api.py
[2024-05-22T22:40:13.987+0000] {processor.py:840} INFO - DAG(s) 'tutorial_taskflow_api' retrieved from /home/airflow/.local/lib/python3.8/site-packages/airflow/example_dags/tutorial_taskflow_api.py
[2024-05-22T22:40:14.012+0000] {logging_mixin.py:188} INFO - [2024-05-22T22:40:14.012+0000] {dag.py:3036} INFO - Sync 1 DAGs
[2024-05-22T22:40:14.028+0000] {logging_mixin.py:188} INFO - [2024-05-22T22:40:14.027+0000] {dag.py:3823} INFO - Setting next_dagrun for tutorial_taskflow_api to None, run_after=None
[2024-05-22T22:40:14.052+0000] {processor.py:183} INFO - Processing /home/airflow/.local/lib/python3.8/site-packages/airflow/example_dags/tutorial_taskflow_api.py took 0.077 seconds
[2024-05-22T22:40:44.576+0000] {processor.py:161} INFO - Started process (PID=52701) to work on /home/airflow/.local/lib/python3.8/site-packages/airflow/example_dags/tutorial_taskflow_api.py
[2024-05-22T22:40:44.577+0000] {processor.py:830} INFO - Processing file /home/airflow/.local/lib/python3.8/site-packages/airflow/example_dags/tutorial_taskflow_api.py for tasks to queue
[2024-05-22T22:40:44.578+0000] {logging_mixin.py:188} INFO - [2024-05-22T22:40:44.578+0000] {dagbag.py:538} INFO - Filling up the DagBag from /home/airflow/.local/lib/python3.8/site-packages/airflow/example_dags/tutorial_taskflow_api.py
[2024-05-22T22:40:44.584+0000] {processor.py:840} INFO - DAG(s) 'tutorial_taskflow_api' retrieved from /home/airflow/.local/lib/python3.8/site-packages/airflow/example_dags/tutorial_taskflow_api.py
[2024-05-22T22:40:44.605+0000] {logging_mixin.py:188} INFO - [2024-05-22T22:40:44.605+0000] {dag.py:3036} INFO - Sync 1 DAGs
[2024-05-22T22:40:44.621+0000] {logging_mixin.py:188} INFO - [2024-05-22T22:40:44.621+0000] {dag.py:3823} INFO - Setting next_dagrun for tutorial_taskflow_api to None, run_after=None
[2024-05-22T22:40:44.642+0000] {processor.py:183} INFO - Processing /home/airflow/.local/lib/python3.8/site-packages/airflow/example_dags/tutorial_taskflow_api.py took 0.069 seconds
[2024-05-22T22:41:14.991+0000] {processor.py:161} INFO - Started process (PID=52758) to work on /home/airflow/.local/lib/python3.8/site-packages/airflow/example_dags/tutorial_taskflow_api.py
[2024-05-22T22:41:14.992+0000] {processor.py:830} INFO - Processing file /home/airflow/.local/lib/python3.8/site-packages/airflow/example_dags/tutorial_taskflow_api.py for tasks to queue
[2024-05-22T22:41:14.995+0000] {logging_mixin.py:188} INFO - [2024-05-22T22:41:14.994+0000] {dagbag.py:538} INFO - Filling up the DagBag from /home/airflow/.local/lib/python3.8/site-packages/airflow/example_dags/tutorial_taskflow_api.py
[2024-05-22T22:41:15.002+0000] {processor.py:840} INFO - DAG(s) 'tutorial_taskflow_api' retrieved from /home/airflow/.local/lib/python3.8/site-packages/airflow/example_dags/tutorial_taskflow_api.py
[2024-05-22T22:41:15.027+0000] {logging_mixin.py:188} INFO - [2024-05-22T22:41:15.027+0000] {dag.py:3036} INFO - Sync 1 DAGs
[2024-05-22T22:41:15.043+0000] {logging_mixin.py:188} INFO - [2024-05-22T22:41:15.043+0000] {dag.py:3823} INFO - Setting next_dagrun for tutorial_taskflow_api to None, run_after=None
[2024-05-22T22:41:15.067+0000] {processor.py:183} INFO - Processing /home/airflow/.local/lib/python3.8/site-packages/airflow/example_dags/tutorial_taskflow_api.py took 0.080 seconds
[2024-05-22T22:41:45.427+0000] {processor.py:161} INFO - Started process (PID=52815) to work on /home/airflow/.local/lib/python3.8/site-packages/airflow/example_dags/tutorial_taskflow_api.py
[2024-05-22T22:41:45.429+0000] {processor.py:830} INFO - Processing file /home/airflow/.local/lib/python3.8/site-packages/airflow/example_dags/tutorial_taskflow_api.py for tasks to queue
[2024-05-22T22:41:45.432+0000] {logging_mixin.py:188} INFO - [2024-05-22T22:41:45.432+0000] {dagbag.py:538} INFO - Filling up the DagBag from /home/airflow/.local/lib/python3.8/site-packages/airflow/example_dags/tutorial_taskflow_api.py
[2024-05-22T22:41:45.442+0000] {processor.py:840} INFO - DAG(s) 'tutorial_taskflow_api' retrieved from /home/airflow/.local/lib/python3.8/site-packages/airflow/example_dags/tutorial_taskflow_api.py
[2024-05-22T22:41:45.471+0000] {logging_mixin.py:188} INFO - [2024-05-22T22:41:45.470+0000] {dag.py:3036} INFO - Sync 1 DAGs
[2024-05-22T22:41:45.490+0000] {logging_mixin.py:188} INFO - [2024-05-22T22:41:45.490+0000] {dag.py:3823} INFO - Setting next_dagrun for tutorial_taskflow_api to None, run_after=None
[2024-05-22T22:41:45.518+0000] {processor.py:183} INFO - Processing /home/airflow/.local/lib/python3.8/site-packages/airflow/example_dags/tutorial_taskflow_api.py took 0.095 seconds
[2024-05-22T22:42:16.170+0000] {processor.py:161} INFO - Started process (PID=52873) to work on /home/airflow/.local/lib/python3.8/site-packages/airflow/example_dags/tutorial_taskflow_api.py
[2024-05-22T22:42:16.171+0000] {processor.py:830} INFO - Processing file /home/airflow/.local/lib/python3.8/site-packages/airflow/example_dags/tutorial_taskflow_api.py for tasks to queue
[2024-05-22T22:42:16.172+0000] {logging_mixin.py:188} INFO - [2024-05-22T22:42:16.172+0000] {dagbag.py:538} INFO - Filling up the DagBag from /home/airflow/.local/lib/python3.8/site-packages/airflow/example_dags/tutorial_taskflow_api.py
[2024-05-22T22:42:16.178+0000] {processor.py:840} INFO - DAG(s) 'tutorial_taskflow_api' retrieved from /home/airflow/.local/lib/python3.8/site-packages/airflow/example_dags/tutorial_taskflow_api.py
[2024-05-22T22:42:16.202+0000] {logging_mixin.py:188} INFO - [2024-05-22T22:42:16.202+0000] {dag.py:3036} INFO - Sync 1 DAGs
[2024-05-22T22:42:16.215+0000] {logging_mixin.py:188} INFO - [2024-05-22T22:42:16.215+0000] {dag.py:3823} INFO - Setting next_dagrun for tutorial_taskflow_api to None, run_after=None
[2024-05-22T22:42:16.240+0000] {processor.py:183} INFO - Processing /home/airflow/.local/lib/python3.8/site-packages/airflow/example_dags/tutorial_taskflow_api.py took 0.073 seconds
[2024-05-22T22:42:46.730+0000] {processor.py:161} INFO - Started process (PID=52930) to work on /home/airflow/.local/lib/python3.8/site-packages/airflow/example_dags/tutorial_taskflow_api.py
[2024-05-22T22:42:46.731+0000] {processor.py:830} INFO - Processing file /home/airflow/.local/lib/python3.8/site-packages/airflow/example_dags/tutorial_taskflow_api.py for tasks to queue
[2024-05-22T22:42:46.732+0000] {logging_mixin.py:188} INFO - [2024-05-22T22:42:46.732+0000] {dagbag.py:538} INFO - Filling up the DagBag from /home/airflow/.local/lib/python3.8/site-packages/airflow/example_dags/tutorial_taskflow_api.py
[2024-05-22T22:42:46.738+0000] {processor.py:840} INFO - DAG(s) 'tutorial_taskflow_api' retrieved from /home/airflow/.local/lib/python3.8/site-packages/airflow/example_dags/tutorial_taskflow_api.py
[2024-05-22T22:42:46.757+0000] {logging_mixin.py:188} INFO - [2024-05-22T22:42:46.757+0000] {dag.py:3036} INFO - Sync 1 DAGs
[2024-05-22T22:42:46.774+0000] {logging_mixin.py:188} INFO - [2024-05-22T22:42:46.773+0000] {dag.py:3823} INFO - Setting next_dagrun for tutorial_taskflow_api to None, run_after=None
[2024-05-22T22:42:46.794+0000] {processor.py:183} INFO - Processing /home/airflow/.local/lib/python3.8/site-packages/airflow/example_dags/tutorial_taskflow_api.py took 0.067 seconds
[2024-05-22T22:43:17.487+0000] {processor.py:161} INFO - Started process (PID=52987) to work on /home/airflow/.local/lib/python3.8/site-packages/airflow/example_dags/tutorial_taskflow_api.py
[2024-05-22T22:43:17.488+0000] {processor.py:830} INFO - Processing file /home/airflow/.local/lib/python3.8/site-packages/airflow/example_dags/tutorial_taskflow_api.py for tasks to queue
[2024-05-22T22:43:17.490+0000] {logging_mixin.py:188} INFO - [2024-05-22T22:43:17.490+0000] {dagbag.py:538} INFO - Filling up the DagBag from /home/airflow/.local/lib/python3.8/site-packages/airflow/example_dags/tutorial_taskflow_api.py
[2024-05-22T22:43:17.497+0000] {processor.py:840} INFO - DAG(s) 'tutorial_taskflow_api' retrieved from /home/airflow/.local/lib/python3.8/site-packages/airflow/example_dags/tutorial_taskflow_api.py
[2024-05-22T22:43:17.524+0000] {logging_mixin.py:188} INFO - [2024-05-22T22:43:17.523+0000] {dag.py:3036} INFO - Sync 1 DAGs
[2024-05-22T22:43:17.539+0000] {logging_mixin.py:188} INFO - [2024-05-22T22:43:17.538+0000] {dag.py:3823} INFO - Setting next_dagrun for tutorial_taskflow_api to None, run_after=None
[2024-05-22T22:43:17.565+0000] {processor.py:183} INFO - Processing /home/airflow/.local/lib/python3.8/site-packages/airflow/example_dags/tutorial_taskflow_api.py took 0.081 seconds
[2024-05-22T22:43:48.114+0000] {processor.py:161} INFO - Started process (PID=53044) to work on /home/airflow/.local/lib/python3.8/site-packages/airflow/example_dags/tutorial_taskflow_api.py
[2024-05-22T22:43:48.115+0000] {processor.py:830} INFO - Processing file /home/airflow/.local/lib/python3.8/site-packages/airflow/example_dags/tutorial_taskflow_api.py for tasks to queue
[2024-05-22T22:43:48.118+0000] {logging_mixin.py:188} INFO - [2024-05-22T22:43:48.117+0000] {dagbag.py:538} INFO - Filling up the DagBag from /home/airflow/.local/lib/python3.8/site-packages/airflow/example_dags/tutorial_taskflow_api.py
[2024-05-22T22:43:48.128+0000] {processor.py:840} INFO - DAG(s) 'tutorial_taskflow_api' retrieved from /home/airflow/.local/lib/python3.8/site-packages/airflow/example_dags/tutorial_taskflow_api.py
[2024-05-22T22:43:48.157+0000] {logging_mixin.py:188} INFO - [2024-05-22T22:43:48.156+0000] {dag.py:3036} INFO - Sync 1 DAGs
[2024-05-22T22:43:48.178+0000] {logging_mixin.py:188} INFO - [2024-05-22T22:43:48.177+0000] {dag.py:3823} INFO - Setting next_dagrun for tutorial_taskflow_api to None, run_after=None
[2024-05-22T22:43:48.212+0000] {processor.py:183} INFO - Processing /home/airflow/.local/lib/python3.8/site-packages/airflow/example_dags/tutorial_taskflow_api.py took 0.101 seconds
[2024-05-22T22:44:18.332+0000] {processor.py:161} INFO - Started process (PID=53101) to work on /home/airflow/.local/lib/python3.8/site-packages/airflow/example_dags/tutorial_taskflow_api.py
[2024-05-22T22:44:18.333+0000] {processor.py:830} INFO - Processing file /home/airflow/.local/lib/python3.8/site-packages/airflow/example_dags/tutorial_taskflow_api.py for tasks to queue
[2024-05-22T22:44:18.335+0000] {logging_mixin.py:188} INFO - [2024-05-22T22:44:18.335+0000] {dagbag.py:538} INFO - Filling up the DagBag from /home/airflow/.local/lib/python3.8/site-packages/airflow/example_dags/tutorial_taskflow_api.py
[2024-05-22T22:44:18.344+0000] {processor.py:840} INFO - DAG(s) 'tutorial_taskflow_api' retrieved from /home/airflow/.local/lib/python3.8/site-packages/airflow/example_dags/tutorial_taskflow_api.py
[2024-05-22T22:44:18.372+0000] {logging_mixin.py:188} INFO - [2024-05-22T22:44:18.372+0000] {dag.py:3036} INFO - Sync 1 DAGs
[2024-05-22T22:44:18.388+0000] {logging_mixin.py:188} INFO - [2024-05-22T22:44:18.388+0000] {dag.py:3823} INFO - Setting next_dagrun for tutorial_taskflow_api to None, run_after=None
[2024-05-22T22:44:18.413+0000] {processor.py:183} INFO - Processing /home/airflow/.local/lib/python3.8/site-packages/airflow/example_dags/tutorial_taskflow_api.py took 0.084 seconds
[2024-05-22T22:44:48.598+0000] {processor.py:161} INFO - Started process (PID=53158) to work on /home/airflow/.local/lib/python3.8/site-packages/airflow/example_dags/tutorial_taskflow_api.py
[2024-05-22T22:44:48.599+0000] {processor.py:830} INFO - Processing file /home/airflow/.local/lib/python3.8/site-packages/airflow/example_dags/tutorial_taskflow_api.py for tasks to queue
[2024-05-22T22:44:48.601+0000] {logging_mixin.py:188} INFO - [2024-05-22T22:44:48.601+0000] {dagbag.py:538} INFO - Filling up the DagBag from /home/airflow/.local/lib/python3.8/site-packages/airflow/example_dags/tutorial_taskflow_api.py
[2024-05-22T22:44:48.609+0000] {processor.py:840} INFO - DAG(s) 'tutorial_taskflow_api' retrieved from /home/airflow/.local/lib/python3.8/site-packages/airflow/example_dags/tutorial_taskflow_api.py
[2024-05-22T22:44:48.633+0000] {logging_mixin.py:188} INFO - [2024-05-22T22:44:48.633+0000] {dag.py:3036} INFO - Sync 1 DAGs
[2024-05-22T22:44:48.650+0000] {logging_mixin.py:188} INFO - [2024-05-22T22:44:48.650+0000] {dag.py:3823} INFO - Setting next_dagrun for tutorial_taskflow_api to None, run_after=None
[2024-05-22T22:44:48.676+0000] {processor.py:183} INFO - Processing /home/airflow/.local/lib/python3.8/site-packages/airflow/example_dags/tutorial_taskflow_api.py took 0.082 seconds
[2024-05-22T22:45:18.922+0000] {processor.py:161} INFO - Started process (PID=53216) to work on /home/airflow/.local/lib/python3.8/site-packages/airflow/example_dags/tutorial_taskflow_api.py
[2024-05-22T22:45:18.923+0000] {processor.py:830} INFO - Processing file /home/airflow/.local/lib/python3.8/site-packages/airflow/example_dags/tutorial_taskflow_api.py for tasks to queue
[2024-05-22T22:45:18.925+0000] {logging_mixin.py:188} INFO - [2024-05-22T22:45:18.925+0000] {dagbag.py:538} INFO - Filling up the DagBag from /home/airflow/.local/lib/python3.8/site-packages/airflow/example_dags/tutorial_taskflow_api.py
[2024-05-22T22:45:18.932+0000] {processor.py:840} INFO - DAG(s) 'tutorial_taskflow_api' retrieved from /home/airflow/.local/lib/python3.8/site-packages/airflow/example_dags/tutorial_taskflow_api.py
[2024-05-22T22:45:18.957+0000] {logging_mixin.py:188} INFO - [2024-05-22T22:45:18.957+0000] {dag.py:3036} INFO - Sync 1 DAGs
[2024-05-22T22:45:18.974+0000] {logging_mixin.py:188} INFO - [2024-05-22T22:45:18.974+0000] {dag.py:3823} INFO - Setting next_dagrun for tutorial_taskflow_api to None, run_after=None
[2024-05-22T22:45:19.006+0000] {processor.py:183} INFO - Processing /home/airflow/.local/lib/python3.8/site-packages/airflow/example_dags/tutorial_taskflow_api.py took 0.087 seconds
[2024-05-22T22:45:49.349+0000] {processor.py:161} INFO - Started process (PID=53274) to work on /home/airflow/.local/lib/python3.8/site-packages/airflow/example_dags/tutorial_taskflow_api.py
[2024-05-22T22:45:49.350+0000] {processor.py:830} INFO - Processing file /home/airflow/.local/lib/python3.8/site-packages/airflow/example_dags/tutorial_taskflow_api.py for tasks to queue
[2024-05-22T22:45:49.353+0000] {logging_mixin.py:188} INFO - [2024-05-22T22:45:49.352+0000] {dagbag.py:538} INFO - Filling up the DagBag from /home/airflow/.local/lib/python3.8/site-packages/airflow/example_dags/tutorial_taskflow_api.py
[2024-05-22T22:45:49.361+0000] {processor.py:840} INFO - DAG(s) 'tutorial_taskflow_api' retrieved from /home/airflow/.local/lib/python3.8/site-packages/airflow/example_dags/tutorial_taskflow_api.py
[2024-05-22T22:45:49.388+0000] {logging_mixin.py:188} INFO - [2024-05-22T22:45:49.388+0000] {dag.py:3036} INFO - Sync 1 DAGs
[2024-05-22T22:45:49.403+0000] {logging_mixin.py:188} INFO - [2024-05-22T22:45:49.403+0000] {dag.py:3823} INFO - Setting next_dagrun for tutorial_taskflow_api to None, run_after=None
[2024-05-22T22:45:49.429+0000] {processor.py:183} INFO - Processing /home/airflow/.local/lib/python3.8/site-packages/airflow/example_dags/tutorial_taskflow_api.py took 0.083 seconds
[2024-05-22T22:46:19.882+0000] {processor.py:161} INFO - Started process (PID=53332) to work on /home/airflow/.local/lib/python3.8/site-packages/airflow/example_dags/tutorial_taskflow_api.py
[2024-05-22T22:46:19.883+0000] {processor.py:830} INFO - Processing file /home/airflow/.local/lib/python3.8/site-packages/airflow/example_dags/tutorial_taskflow_api.py for tasks to queue
[2024-05-22T22:46:19.884+0000] {logging_mixin.py:188} INFO - [2024-05-22T22:46:19.884+0000] {dagbag.py:538} INFO - Filling up the DagBag from /home/airflow/.local/lib/python3.8/site-packages/airflow/example_dags/tutorial_taskflow_api.py
[2024-05-22T22:46:19.891+0000] {processor.py:840} INFO - DAG(s) 'tutorial_taskflow_api' retrieved from /home/airflow/.local/lib/python3.8/site-packages/airflow/example_dags/tutorial_taskflow_api.py
[2024-05-22T22:46:19.913+0000] {logging_mixin.py:188} INFO - [2024-05-22T22:46:19.913+0000] {dag.py:3036} INFO - Sync 1 DAGs
[2024-05-22T22:46:19.927+0000] {logging_mixin.py:188} INFO - [2024-05-22T22:46:19.927+0000] {dag.py:3823} INFO - Setting next_dagrun for tutorial_taskflow_api to None, run_after=None
[2024-05-22T22:46:19.952+0000] {processor.py:183} INFO - Processing /home/airflow/.local/lib/python3.8/site-packages/airflow/example_dags/tutorial_taskflow_api.py took 0.073 seconds
[2024-05-22T22:46:50.262+0000] {processor.py:161} INFO - Started process (PID=53389) to work on /home/airflow/.local/lib/python3.8/site-packages/airflow/example_dags/tutorial_taskflow_api.py
[2024-05-22T22:46:50.263+0000] {processor.py:830} INFO - Processing file /home/airflow/.local/lib/python3.8/site-packages/airflow/example_dags/tutorial_taskflow_api.py for tasks to queue
[2024-05-22T22:46:50.265+0000] {logging_mixin.py:188} INFO - [2024-05-22T22:46:50.265+0000] {dagbag.py:538} INFO - Filling up the DagBag from /home/airflow/.local/lib/python3.8/site-packages/airflow/example_dags/tutorial_taskflow_api.py
[2024-05-22T22:46:50.274+0000] {processor.py:840} INFO - DAG(s) 'tutorial_taskflow_api' retrieved from /home/airflow/.local/lib/python3.8/site-packages/airflow/example_dags/tutorial_taskflow_api.py
[2024-05-22T22:46:50.302+0000] {logging_mixin.py:188} INFO - [2024-05-22T22:46:50.302+0000] {dag.py:3036} INFO - Sync 1 DAGs
[2024-05-22T22:46:50.320+0000] {logging_mixin.py:188} INFO - [2024-05-22T22:46:50.320+0000] {dag.py:3823} INFO - Setting next_dagrun for tutorial_taskflow_api to None, run_after=None
[2024-05-22T22:46:50.342+0000] {processor.py:183} INFO - Processing /home/airflow/.local/lib/python3.8/site-packages/airflow/example_dags/tutorial_taskflow_api.py took 0.084 seconds
[2024-05-22T22:47:20.767+0000] {processor.py:161} INFO - Started process (PID=53446) to work on /home/airflow/.local/lib/python3.8/site-packages/airflow/example_dags/tutorial_taskflow_api.py
[2024-05-22T22:47:20.768+0000] {processor.py:830} INFO - Processing file /home/airflow/.local/lib/python3.8/site-packages/airflow/example_dags/tutorial_taskflow_api.py for tasks to queue
[2024-05-22T22:47:20.770+0000] {logging_mixin.py:188} INFO - [2024-05-22T22:47:20.770+0000] {dagbag.py:538} INFO - Filling up the DagBag from /home/airflow/.local/lib/python3.8/site-packages/airflow/example_dags/tutorial_taskflow_api.py
[2024-05-22T22:47:20.778+0000] {processor.py:840} INFO - DAG(s) 'tutorial_taskflow_api' retrieved from /home/airflow/.local/lib/python3.8/site-packages/airflow/example_dags/tutorial_taskflow_api.py
[2024-05-22T22:47:20.801+0000] {logging_mixin.py:188} INFO - [2024-05-22T22:47:20.801+0000] {dag.py:3036} INFO - Sync 1 DAGs
[2024-05-22T22:47:20.817+0000] {logging_mixin.py:188} INFO - [2024-05-22T22:47:20.816+0000] {dag.py:3823} INFO - Setting next_dagrun for tutorial_taskflow_api to None, run_after=None
[2024-05-22T22:47:20.838+0000] {processor.py:183} INFO - Processing /home/airflow/.local/lib/python3.8/site-packages/airflow/example_dags/tutorial_taskflow_api.py took 0.076 seconds
[2024-05-22T22:47:51.156+0000] {processor.py:161} INFO - Started process (PID=53504) to work on /home/airflow/.local/lib/python3.8/site-packages/airflow/example_dags/tutorial_taskflow_api.py
[2024-05-22T22:47:51.157+0000] {processor.py:830} INFO - Processing file /home/airflow/.local/lib/python3.8/site-packages/airflow/example_dags/tutorial_taskflow_api.py for tasks to queue
[2024-05-22T22:47:51.158+0000] {logging_mixin.py:188} INFO - [2024-05-22T22:47:51.158+0000] {dagbag.py:538} INFO - Filling up the DagBag from /home/airflow/.local/lib/python3.8/site-packages/airflow/example_dags/tutorial_taskflow_api.py
[2024-05-22T22:47:51.164+0000] {processor.py:840} INFO - DAG(s) 'tutorial_taskflow_api' retrieved from /home/airflow/.local/lib/python3.8/site-packages/airflow/example_dags/tutorial_taskflow_api.py
[2024-05-22T22:47:51.187+0000] {logging_mixin.py:188} INFO - [2024-05-22T22:47:51.187+0000] {dag.py:3036} INFO - Sync 1 DAGs
[2024-05-22T22:47:51.203+0000] {logging_mixin.py:188} INFO - [2024-05-22T22:47:51.203+0000] {dag.py:3823} INFO - Setting next_dagrun for tutorial_taskflow_api to None, run_after=None
[2024-05-22T22:47:51.227+0000] {processor.py:183} INFO - Processing /home/airflow/.local/lib/python3.8/site-packages/airflow/example_dags/tutorial_taskflow_api.py took 0.075 seconds
[2024-05-22T22:48:21.767+0000] {processor.py:161} INFO - Started process (PID=53561) to work on /home/airflow/.local/lib/python3.8/site-packages/airflow/example_dags/tutorial_taskflow_api.py
[2024-05-22T22:48:21.768+0000] {processor.py:830} INFO - Processing file /home/airflow/.local/lib/python3.8/site-packages/airflow/example_dags/tutorial_taskflow_api.py for tasks to queue
[2024-05-22T22:48:21.770+0000] {logging_mixin.py:188} INFO - [2024-05-22T22:48:21.770+0000] {dagbag.py:538} INFO - Filling up the DagBag from /home/airflow/.local/lib/python3.8/site-packages/airflow/example_dags/tutorial_taskflow_api.py
[2024-05-22T22:48:21.776+0000] {processor.py:840} INFO - DAG(s) 'tutorial_taskflow_api' retrieved from /home/airflow/.local/lib/python3.8/site-packages/airflow/example_dags/tutorial_taskflow_api.py
[2024-05-22T22:48:21.795+0000] {logging_mixin.py:188} INFO - [2024-05-22T22:48:21.795+0000] {dag.py:3036} INFO - Sync 1 DAGs
[2024-05-22T22:48:21.808+0000] {logging_mixin.py:188} INFO - [2024-05-22T22:48:21.808+0000] {dag.py:3823} INFO - Setting next_dagrun for tutorial_taskflow_api to None, run_after=None
[2024-05-22T22:48:21.831+0000] {processor.py:183} INFO - Processing /home/airflow/.local/lib/python3.8/site-packages/airflow/example_dags/tutorial_taskflow_api.py took 0.067 seconds
[2024-05-22T22:48:52.223+0000] {processor.py:161} INFO - Started process (PID=53618) to work on /home/airflow/.local/lib/python3.8/site-packages/airflow/example_dags/tutorial_taskflow_api.py
[2024-05-22T22:48:52.223+0000] {processor.py:830} INFO - Processing file /home/airflow/.local/lib/python3.8/site-packages/airflow/example_dags/tutorial_taskflow_api.py for tasks to queue
[2024-05-22T22:48:52.225+0000] {logging_mixin.py:188} INFO - [2024-05-22T22:48:52.225+0000] {dagbag.py:538} INFO - Filling up the DagBag from /home/airflow/.local/lib/python3.8/site-packages/airflow/example_dags/tutorial_taskflow_api.py
[2024-05-22T22:48:52.232+0000] {processor.py:840} INFO - DAG(s) 'tutorial_taskflow_api' retrieved from /home/airflow/.local/lib/python3.8/site-packages/airflow/example_dags/tutorial_taskflow_api.py
[2024-05-22T22:48:52.254+0000] {logging_mixin.py:188} INFO - [2024-05-22T22:48:52.254+0000] {dag.py:3036} INFO - Sync 1 DAGs
[2024-05-22T22:48:52.267+0000] {logging_mixin.py:188} INFO - [2024-05-22T22:48:52.267+0000] {dag.py:3823} INFO - Setting next_dagrun for tutorial_taskflow_api to None, run_after=None
[2024-05-22T22:48:52.290+0000] {processor.py:183} INFO - Processing /home/airflow/.local/lib/python3.8/site-packages/airflow/example_dags/tutorial_taskflow_api.py took 0.070 seconds
[2024-05-22T22:49:22.616+0000] {processor.py:161} INFO - Started process (PID=53675) to work on /home/airflow/.local/lib/python3.8/site-packages/airflow/example_dags/tutorial_taskflow_api.py
[2024-05-22T22:49:22.617+0000] {processor.py:830} INFO - Processing file /home/airflow/.local/lib/python3.8/site-packages/airflow/example_dags/tutorial_taskflow_api.py for tasks to queue
[2024-05-22T22:49:22.619+0000] {logging_mixin.py:188} INFO - [2024-05-22T22:49:22.619+0000] {dagbag.py:538} INFO - Filling up the DagBag from /home/airflow/.local/lib/python3.8/site-packages/airflow/example_dags/tutorial_taskflow_api.py
[2024-05-22T22:49:22.626+0000] {processor.py:840} INFO - DAG(s) 'tutorial_taskflow_api' retrieved from /home/airflow/.local/lib/python3.8/site-packages/airflow/example_dags/tutorial_taskflow_api.py
[2024-05-22T22:49:22.649+0000] {logging_mixin.py:188} INFO - [2024-05-22T22:49:22.649+0000] {dag.py:3036} INFO - Sync 1 DAGs
[2024-05-22T22:49:22.663+0000] {logging_mixin.py:188} INFO - [2024-05-22T22:49:22.662+0000] {dag.py:3823} INFO - Setting next_dagrun for tutorial_taskflow_api to None, run_after=None
[2024-05-22T22:49:22.685+0000] {processor.py:183} INFO - Processing /home/airflow/.local/lib/python3.8/site-packages/airflow/example_dags/tutorial_taskflow_api.py took 0.072 seconds
[2024-05-22T22:49:53.020+0000] {processor.py:161} INFO - Started process (PID=53732) to work on /home/airflow/.local/lib/python3.8/site-packages/airflow/example_dags/tutorial_taskflow_api.py
[2024-05-22T22:49:53.021+0000] {processor.py:830} INFO - Processing file /home/airflow/.local/lib/python3.8/site-packages/airflow/example_dags/tutorial_taskflow_api.py for tasks to queue
[2024-05-22T22:49:53.023+0000] {logging_mixin.py:188} INFO - [2024-05-22T22:49:53.023+0000] {dagbag.py:538} INFO - Filling up the DagBag from /home/airflow/.local/lib/python3.8/site-packages/airflow/example_dags/tutorial_taskflow_api.py
[2024-05-22T22:49:53.030+0000] {processor.py:840} INFO - DAG(s) 'tutorial_taskflow_api' retrieved from /home/airflow/.local/lib/python3.8/site-packages/airflow/example_dags/tutorial_taskflow_api.py
[2024-05-22T22:49:53.053+0000] {logging_mixin.py:188} INFO - [2024-05-22T22:49:53.053+0000] {dag.py:3036} INFO - Sync 1 DAGs
[2024-05-22T22:49:53.070+0000] {logging_mixin.py:188} INFO - [2024-05-22T22:49:53.069+0000] {dag.py:3823} INFO - Setting next_dagrun for tutorial_taskflow_api to None, run_after=None
[2024-05-22T22:49:53.094+0000] {processor.py:183} INFO - Processing /home/airflow/.local/lib/python3.8/site-packages/airflow/example_dags/tutorial_taskflow_api.py took 0.078 seconds
[2024-05-22T22:50:23.406+0000] {processor.py:161} INFO - Started process (PID=53789) to work on /home/airflow/.local/lib/python3.8/site-packages/airflow/example_dags/tutorial_taskflow_api.py
[2024-05-22T22:50:23.407+0000] {processor.py:830} INFO - Processing file /home/airflow/.local/lib/python3.8/site-packages/airflow/example_dags/tutorial_taskflow_api.py for tasks to queue
[2024-05-22T22:50:23.409+0000] {logging_mixin.py:188} INFO - [2024-05-22T22:50:23.408+0000] {dagbag.py:538} INFO - Filling up the DagBag from /home/airflow/.local/lib/python3.8/site-packages/airflow/example_dags/tutorial_taskflow_api.py
[2024-05-22T22:50:23.416+0000] {processor.py:840} INFO - DAG(s) 'tutorial_taskflow_api' retrieved from /home/airflow/.local/lib/python3.8/site-packages/airflow/example_dags/tutorial_taskflow_api.py
[2024-05-22T22:50:23.441+0000] {logging_mixin.py:188} INFO - [2024-05-22T22:50:23.441+0000] {dag.py:3036} INFO - Sync 1 DAGs
[2024-05-22T22:50:23.456+0000] {logging_mixin.py:188} INFO - [2024-05-22T22:50:23.456+0000] {dag.py:3823} INFO - Setting next_dagrun for tutorial_taskflow_api to None, run_after=None
[2024-05-22T22:50:23.481+0000] {processor.py:183} INFO - Processing /home/airflow/.local/lib/python3.8/site-packages/airflow/example_dags/tutorial_taskflow_api.py took 0.078 seconds
[2024-05-22T22:50:53.871+0000] {processor.py:161} INFO - Started process (PID=53844) to work on /home/airflow/.local/lib/python3.8/site-packages/airflow/example_dags/tutorial_taskflow_api.py
[2024-05-22T22:50:53.872+0000] {processor.py:830} INFO - Processing file /home/airflow/.local/lib/python3.8/site-packages/airflow/example_dags/tutorial_taskflow_api.py for tasks to queue
[2024-05-22T22:50:53.874+0000] {logging_mixin.py:188} INFO - [2024-05-22T22:50:53.874+0000] {dagbag.py:538} INFO - Filling up the DagBag from /home/airflow/.local/lib/python3.8/site-packages/airflow/example_dags/tutorial_taskflow_api.py
[2024-05-22T22:50:53.881+0000] {processor.py:840} INFO - DAG(s) 'tutorial_taskflow_api' retrieved from /home/airflow/.local/lib/python3.8/site-packages/airflow/example_dags/tutorial_taskflow_api.py
[2024-05-22T22:50:53.904+0000] {logging_mixin.py:188} INFO - [2024-05-22T22:50:53.903+0000] {dag.py:3036} INFO - Sync 1 DAGs
[2024-05-22T22:50:53.917+0000] {logging_mixin.py:188} INFO - [2024-05-22T22:50:53.917+0000] {dag.py:3823} INFO - Setting next_dagrun for tutorial_taskflow_api to None, run_after=None
[2024-05-22T22:50:53.939+0000] {processor.py:183} INFO - Processing /home/airflow/.local/lib/python3.8/site-packages/airflow/example_dags/tutorial_taskflow_api.py took 0.071 seconds
[2024-05-22T22:51:24.345+0000] {processor.py:161} INFO - Started process (PID=53901) to work on /home/airflow/.local/lib/python3.8/site-packages/airflow/example_dags/tutorial_taskflow_api.py
[2024-05-22T22:51:24.347+0000] {processor.py:830} INFO - Processing file /home/airflow/.local/lib/python3.8/site-packages/airflow/example_dags/tutorial_taskflow_api.py for tasks to queue
[2024-05-22T22:51:24.349+0000] {logging_mixin.py:188} INFO - [2024-05-22T22:51:24.348+0000] {dagbag.py:538} INFO - Filling up the DagBag from /home/airflow/.local/lib/python3.8/site-packages/airflow/example_dags/tutorial_taskflow_api.py
[2024-05-22T22:51:24.355+0000] {processor.py:840} INFO - DAG(s) 'tutorial_taskflow_api' retrieved from /home/airflow/.local/lib/python3.8/site-packages/airflow/example_dags/tutorial_taskflow_api.py
[2024-05-22T22:51:24.378+0000] {logging_mixin.py:188} INFO - [2024-05-22T22:51:24.377+0000] {dag.py:3036} INFO - Sync 1 DAGs
[2024-05-22T22:51:24.391+0000] {logging_mixin.py:188} INFO - [2024-05-22T22:51:24.391+0000] {dag.py:3823} INFO - Setting next_dagrun for tutorial_taskflow_api to None, run_after=None
[2024-05-22T22:51:24.414+0000] {processor.py:183} INFO - Processing /home/airflow/.local/lib/python3.8/site-packages/airflow/example_dags/tutorial_taskflow_api.py took 0.073 seconds
[2024-05-22T22:51:54.615+0000] {processor.py:161} INFO - Started process (PID=53958) to work on /home/airflow/.local/lib/python3.8/site-packages/airflow/example_dags/tutorial_taskflow_api.py
[2024-05-22T22:51:54.616+0000] {processor.py:830} INFO - Processing file /home/airflow/.local/lib/python3.8/site-packages/airflow/example_dags/tutorial_taskflow_api.py for tasks to queue
[2024-05-22T22:51:54.617+0000] {logging_mixin.py:188} INFO - [2024-05-22T22:51:54.617+0000] {dagbag.py:538} INFO - Filling up the DagBag from /home/airflow/.local/lib/python3.8/site-packages/airflow/example_dags/tutorial_taskflow_api.py
[2024-05-22T22:51:54.623+0000] {processor.py:840} INFO - DAG(s) 'tutorial_taskflow_api' retrieved from /home/airflow/.local/lib/python3.8/site-packages/airflow/example_dags/tutorial_taskflow_api.py
[2024-05-22T22:51:54.645+0000] {logging_mixin.py:188} INFO - [2024-05-22T22:51:54.645+0000] {dag.py:3036} INFO - Sync 1 DAGs
[2024-05-22T22:51:54.662+0000] {logging_mixin.py:188} INFO - [2024-05-22T22:51:54.661+0000] {dag.py:3823} INFO - Setting next_dagrun for tutorial_taskflow_api to None, run_after=None
[2024-05-22T22:51:54.690+0000] {processor.py:183} INFO - Processing /home/airflow/.local/lib/python3.8/site-packages/airflow/example_dags/tutorial_taskflow_api.py took 0.078 seconds
[2024-05-22T22:52:24.982+0000] {processor.py:161} INFO - Started process (PID=54015) to work on /home/airflow/.local/lib/python3.8/site-packages/airflow/example_dags/tutorial_taskflow_api.py
[2024-05-22T22:52:24.983+0000] {processor.py:830} INFO - Processing file /home/airflow/.local/lib/python3.8/site-packages/airflow/example_dags/tutorial_taskflow_api.py for tasks to queue
[2024-05-22T22:52:24.985+0000] {logging_mixin.py:188} INFO - [2024-05-22T22:52:24.984+0000] {dagbag.py:538} INFO - Filling up the DagBag from /home/airflow/.local/lib/python3.8/site-packages/airflow/example_dags/tutorial_taskflow_api.py
[2024-05-22T22:52:24.992+0000] {processor.py:840} INFO - DAG(s) 'tutorial_taskflow_api' retrieved from /home/airflow/.local/lib/python3.8/site-packages/airflow/example_dags/tutorial_taskflow_api.py
[2024-05-22T22:52:25.011+0000] {logging_mixin.py:188} INFO - [2024-05-22T22:52:25.010+0000] {dag.py:3036} INFO - Sync 1 DAGs
[2024-05-22T22:52:25.025+0000] {logging_mixin.py:188} INFO - [2024-05-22T22:52:25.025+0000] {dag.py:3823} INFO - Setting next_dagrun for tutorial_taskflow_api to None, run_after=None
[2024-05-22T22:52:25.046+0000] {processor.py:183} INFO - Processing /home/airflow/.local/lib/python3.8/site-packages/airflow/example_dags/tutorial_taskflow_api.py took 0.067 seconds
[2024-05-22T22:52:55.294+0000] {processor.py:161} INFO - Started process (PID=54073) to work on /home/airflow/.local/lib/python3.8/site-packages/airflow/example_dags/tutorial_taskflow_api.py
[2024-05-22T22:52:55.295+0000] {processor.py:830} INFO - Processing file /home/airflow/.local/lib/python3.8/site-packages/airflow/example_dags/tutorial_taskflow_api.py for tasks to queue
[2024-05-22T22:52:55.296+0000] {logging_mixin.py:188} INFO - [2024-05-22T22:52:55.296+0000] {dagbag.py:538} INFO - Filling up the DagBag from /home/airflow/.local/lib/python3.8/site-packages/airflow/example_dags/tutorial_taskflow_api.py
[2024-05-22T22:52:55.303+0000] {processor.py:840} INFO - DAG(s) 'tutorial_taskflow_api' retrieved from /home/airflow/.local/lib/python3.8/site-packages/airflow/example_dags/tutorial_taskflow_api.py
[2024-05-22T22:52:55.324+0000] {logging_mixin.py:188} INFO - [2024-05-22T22:52:55.323+0000] {dag.py:3036} INFO - Sync 1 DAGs
[2024-05-22T22:52:55.338+0000] {logging_mixin.py:188} INFO - [2024-05-22T22:52:55.338+0000] {dag.py:3823} INFO - Setting next_dagrun for tutorial_taskflow_api to None, run_after=None
[2024-05-22T22:52:55.359+0000] {processor.py:183} INFO - Processing /home/airflow/.local/lib/python3.8/site-packages/airflow/example_dags/tutorial_taskflow_api.py took 0.068 seconds
[2024-05-22T22:53:25.710+0000] {processor.py:161} INFO - Started process (PID=54130) to work on /home/airflow/.local/lib/python3.8/site-packages/airflow/example_dags/tutorial_taskflow_api.py
[2024-05-22T22:53:25.712+0000] {processor.py:830} INFO - Processing file /home/airflow/.local/lib/python3.8/site-packages/airflow/example_dags/tutorial_taskflow_api.py for tasks to queue
[2024-05-22T22:53:25.714+0000] {logging_mixin.py:188} INFO - [2024-05-22T22:53:25.713+0000] {dagbag.py:538} INFO - Filling up the DagBag from /home/airflow/.local/lib/python3.8/site-packages/airflow/example_dags/tutorial_taskflow_api.py
[2024-05-22T22:53:25.721+0000] {processor.py:840} INFO - DAG(s) 'tutorial_taskflow_api' retrieved from /home/airflow/.local/lib/python3.8/site-packages/airflow/example_dags/tutorial_taskflow_api.py
[2024-05-22T22:53:25.748+0000] {logging_mixin.py:188} INFO - [2024-05-22T22:53:25.747+0000] {dag.py:3036} INFO - Sync 1 DAGs
[2024-05-22T22:53:25.766+0000] {logging_mixin.py:188} INFO - [2024-05-22T22:53:25.766+0000] {dag.py:3823} INFO - Setting next_dagrun for tutorial_taskflow_api to None, run_after=None
[2024-05-22T22:53:25.795+0000] {processor.py:183} INFO - Processing /home/airflow/.local/lib/python3.8/site-packages/airflow/example_dags/tutorial_taskflow_api.py took 0.089 seconds
[2024-05-22T22:53:56.082+0000] {processor.py:161} INFO - Started process (PID=54187) to work on /home/airflow/.local/lib/python3.8/site-packages/airflow/example_dags/tutorial_taskflow_api.py
[2024-05-22T22:53:56.083+0000] {processor.py:830} INFO - Processing file /home/airflow/.local/lib/python3.8/site-packages/airflow/example_dags/tutorial_taskflow_api.py for tasks to queue
[2024-05-22T22:53:56.085+0000] {logging_mixin.py:188} INFO - [2024-05-22T22:53:56.085+0000] {dagbag.py:538} INFO - Filling up the DagBag from /home/airflow/.local/lib/python3.8/site-packages/airflow/example_dags/tutorial_taskflow_api.py
[2024-05-22T22:53:56.094+0000] {processor.py:840} INFO - DAG(s) 'tutorial_taskflow_api' retrieved from /home/airflow/.local/lib/python3.8/site-packages/airflow/example_dags/tutorial_taskflow_api.py
[2024-05-22T22:53:56.117+0000] {logging_mixin.py:188} INFO - [2024-05-22T22:53:56.117+0000] {dag.py:3036} INFO - Sync 1 DAGs
[2024-05-22T22:53:56.130+0000] {logging_mixin.py:188} INFO - [2024-05-22T22:53:56.130+0000] {dag.py:3823} INFO - Setting next_dagrun for tutorial_taskflow_api to None, run_after=None
[2024-05-22T22:53:56.153+0000] {processor.py:183} INFO - Processing /home/airflow/.local/lib/python3.8/site-packages/airflow/example_dags/tutorial_taskflow_api.py took 0.074 seconds
[2024-05-22T22:54:26.561+0000] {processor.py:161} INFO - Started process (PID=54244) to work on /home/airflow/.local/lib/python3.8/site-packages/airflow/example_dags/tutorial_taskflow_api.py
[2024-05-22T22:54:26.562+0000] {processor.py:830} INFO - Processing file /home/airflow/.local/lib/python3.8/site-packages/airflow/example_dags/tutorial_taskflow_api.py for tasks to queue
[2024-05-22T22:54:26.565+0000] {logging_mixin.py:188} INFO - [2024-05-22T22:54:26.564+0000] {dagbag.py:538} INFO - Filling up the DagBag from /home/airflow/.local/lib/python3.8/site-packages/airflow/example_dags/tutorial_taskflow_api.py
[2024-05-22T22:54:26.572+0000] {processor.py:840} INFO - DAG(s) 'tutorial_taskflow_api' retrieved from /home/airflow/.local/lib/python3.8/site-packages/airflow/example_dags/tutorial_taskflow_api.py
[2024-05-22T22:54:26.600+0000] {logging_mixin.py:188} INFO - [2024-05-22T22:54:26.600+0000] {dag.py:3036} INFO - Sync 1 DAGs
[2024-05-22T22:54:26.614+0000] {logging_mixin.py:188} INFO - [2024-05-22T22:54:26.614+0000] {dag.py:3823} INFO - Setting next_dagrun for tutorial_taskflow_api to None, run_after=None
[2024-05-22T22:54:26.639+0000] {processor.py:183} INFO - Processing /home/airflow/.local/lib/python3.8/site-packages/airflow/example_dags/tutorial_taskflow_api.py took 0.081 seconds
[2024-05-22T22:54:56.807+0000] {processor.py:161} INFO - Started process (PID=54301) to work on /home/airflow/.local/lib/python3.8/site-packages/airflow/example_dags/tutorial_taskflow_api.py
[2024-05-22T22:54:56.808+0000] {processor.py:830} INFO - Processing file /home/airflow/.local/lib/python3.8/site-packages/airflow/example_dags/tutorial_taskflow_api.py for tasks to queue
[2024-05-22T22:54:56.810+0000] {logging_mixin.py:188} INFO - [2024-05-22T22:54:56.810+0000] {dagbag.py:538} INFO - Filling up the DagBag from /home/airflow/.local/lib/python3.8/site-packages/airflow/example_dags/tutorial_taskflow_api.py
[2024-05-22T22:54:56.817+0000] {processor.py:840} INFO - DAG(s) 'tutorial_taskflow_api' retrieved from /home/airflow/.local/lib/python3.8/site-packages/airflow/example_dags/tutorial_taskflow_api.py
[2024-05-22T22:54:56.842+0000] {logging_mixin.py:188} INFO - [2024-05-22T22:54:56.842+0000] {dag.py:3036} INFO - Sync 1 DAGs
[2024-05-22T22:54:56.859+0000] {logging_mixin.py:188} INFO - [2024-05-22T22:54:56.859+0000] {dag.py:3823} INFO - Setting next_dagrun for tutorial_taskflow_api to None, run_after=None
[2024-05-22T22:54:56.887+0000] {processor.py:183} INFO - Processing /home/airflow/.local/lib/python3.8/site-packages/airflow/example_dags/tutorial_taskflow_api.py took 0.083 seconds
[2024-05-22T22:55:27.030+0000] {processor.py:161} INFO - Started process (PID=54356) to work on /home/airflow/.local/lib/python3.8/site-packages/airflow/example_dags/tutorial_taskflow_api.py
[2024-05-22T22:55:27.031+0000] {processor.py:830} INFO - Processing file /home/airflow/.local/lib/python3.8/site-packages/airflow/example_dags/tutorial_taskflow_api.py for tasks to queue
[2024-05-22T22:55:27.033+0000] {logging_mixin.py:188} INFO - [2024-05-22T22:55:27.032+0000] {dagbag.py:538} INFO - Filling up the DagBag from /home/airflow/.local/lib/python3.8/site-packages/airflow/example_dags/tutorial_taskflow_api.py
[2024-05-22T22:55:27.038+0000] {processor.py:840} INFO - DAG(s) 'tutorial_taskflow_api' retrieved from /home/airflow/.local/lib/python3.8/site-packages/airflow/example_dags/tutorial_taskflow_api.py
[2024-05-22T22:55:27.061+0000] {logging_mixin.py:188} INFO - [2024-05-22T22:55:27.060+0000] {dag.py:3036} INFO - Sync 1 DAGs
[2024-05-22T22:55:27.077+0000] {logging_mixin.py:188} INFO - [2024-05-22T22:55:27.076+0000] {dag.py:3823} INFO - Setting next_dagrun for tutorial_taskflow_api to None, run_after=None
[2024-05-22T22:55:27.098+0000] {processor.py:183} INFO - Processing /home/airflow/.local/lib/python3.8/site-packages/airflow/example_dags/tutorial_taskflow_api.py took 0.071 seconds
[2024-05-22T22:55:58.180+0000] {processor.py:161} INFO - Started process (PID=54415) to work on /home/airflow/.local/lib/python3.8/site-packages/airflow/example_dags/tutorial_taskflow_api.py
[2024-05-22T22:55:58.182+0000] {processor.py:830} INFO - Processing file /home/airflow/.local/lib/python3.8/site-packages/airflow/example_dags/tutorial_taskflow_api.py for tasks to queue
[2024-05-22T22:55:58.184+0000] {logging_mixin.py:188} INFO - [2024-05-22T22:55:58.184+0000] {dagbag.py:538} INFO - Filling up the DagBag from /home/airflow/.local/lib/python3.8/site-packages/airflow/example_dags/tutorial_taskflow_api.py
[2024-05-22T22:55:58.191+0000] {processor.py:840} INFO - DAG(s) 'tutorial_taskflow_api' retrieved from /home/airflow/.local/lib/python3.8/site-packages/airflow/example_dags/tutorial_taskflow_api.py
[2024-05-22T22:55:58.219+0000] {logging_mixin.py:188} INFO - [2024-05-22T22:55:58.219+0000] {dag.py:3036} INFO - Sync 1 DAGs
[2024-05-22T22:55:58.237+0000] {logging_mixin.py:188} INFO - [2024-05-22T22:55:58.237+0000] {dag.py:3823} INFO - Setting next_dagrun for tutorial_taskflow_api to None, run_after=None
[2024-05-22T22:55:58.271+0000] {processor.py:183} INFO - Processing /home/airflow/.local/lib/python3.8/site-packages/airflow/example_dags/tutorial_taskflow_api.py took 0.094 seconds
[2024-05-22T22:56:28.696+0000] {processor.py:161} INFO - Started process (PID=54472) to work on /home/airflow/.local/lib/python3.8/site-packages/airflow/example_dags/tutorial_taskflow_api.py
[2024-05-22T22:56:28.697+0000] {processor.py:830} INFO - Processing file /home/airflow/.local/lib/python3.8/site-packages/airflow/example_dags/tutorial_taskflow_api.py for tasks to queue
[2024-05-22T22:56:28.699+0000] {logging_mixin.py:188} INFO - [2024-05-22T22:56:28.699+0000] {dagbag.py:538} INFO - Filling up the DagBag from /home/airflow/.local/lib/python3.8/site-packages/airflow/example_dags/tutorial_taskflow_api.py
[2024-05-22T22:56:28.705+0000] {processor.py:840} INFO - DAG(s) 'tutorial_taskflow_api' retrieved from /home/airflow/.local/lib/python3.8/site-packages/airflow/example_dags/tutorial_taskflow_api.py
[2024-05-22T22:56:28.724+0000] {logging_mixin.py:188} INFO - [2024-05-22T22:56:28.724+0000] {dag.py:3036} INFO - Sync 1 DAGs
[2024-05-22T22:56:28.738+0000] {logging_mixin.py:188} INFO - [2024-05-22T22:56:28.738+0000] {dag.py:3823} INFO - Setting next_dagrun for tutorial_taskflow_api to None, run_after=None
[2024-05-22T22:56:28.760+0000] {processor.py:183} INFO - Processing /home/airflow/.local/lib/python3.8/site-packages/airflow/example_dags/tutorial_taskflow_api.py took 0.067 seconds
[2024-05-22T22:56:59.165+0000] {processor.py:161} INFO - Started process (PID=54529) to work on /home/airflow/.local/lib/python3.8/site-packages/airflow/example_dags/tutorial_taskflow_api.py
[2024-05-22T22:56:59.166+0000] {processor.py:830} INFO - Processing file /home/airflow/.local/lib/python3.8/site-packages/airflow/example_dags/tutorial_taskflow_api.py for tasks to queue
[2024-05-22T22:56:59.168+0000] {logging_mixin.py:188} INFO - [2024-05-22T22:56:59.168+0000] {dagbag.py:538} INFO - Filling up the DagBag from /home/airflow/.local/lib/python3.8/site-packages/airflow/example_dags/tutorial_taskflow_api.py
[2024-05-22T22:56:59.175+0000] {processor.py:840} INFO - DAG(s) 'tutorial_taskflow_api' retrieved from /home/airflow/.local/lib/python3.8/site-packages/airflow/example_dags/tutorial_taskflow_api.py
[2024-05-22T22:56:59.197+0000] {logging_mixin.py:188} INFO - [2024-05-22T22:56:59.197+0000] {dag.py:3036} INFO - Sync 1 DAGs
[2024-05-22T22:56:59.212+0000] {logging_mixin.py:188} INFO - [2024-05-22T22:56:59.212+0000] {dag.py:3823} INFO - Setting next_dagrun for tutorial_taskflow_api to None, run_after=None
[2024-05-22T22:56:59.236+0000] {processor.py:183} INFO - Processing /home/airflow/.local/lib/python3.8/site-packages/airflow/example_dags/tutorial_taskflow_api.py took 0.073 seconds
[2024-05-22T22:57:29.386+0000] {processor.py:161} INFO - Started process (PID=54586) to work on /home/airflow/.local/lib/python3.8/site-packages/airflow/example_dags/tutorial_taskflow_api.py
[2024-05-22T22:57:29.387+0000] {processor.py:830} INFO - Processing file /home/airflow/.local/lib/python3.8/site-packages/airflow/example_dags/tutorial_taskflow_api.py for tasks to queue
[2024-05-22T22:57:29.388+0000] {logging_mixin.py:188} INFO - [2024-05-22T22:57:29.388+0000] {dagbag.py:538} INFO - Filling up the DagBag from /home/airflow/.local/lib/python3.8/site-packages/airflow/example_dags/tutorial_taskflow_api.py
[2024-05-22T22:57:29.395+0000] {processor.py:840} INFO - DAG(s) 'tutorial_taskflow_api' retrieved from /home/airflow/.local/lib/python3.8/site-packages/airflow/example_dags/tutorial_taskflow_api.py
[2024-05-22T22:57:29.419+0000] {logging_mixin.py:188} INFO - [2024-05-22T22:57:29.418+0000] {dag.py:3036} INFO - Sync 1 DAGs
[2024-05-22T22:57:29.436+0000] {logging_mixin.py:188} INFO - [2024-05-22T22:57:29.435+0000] {dag.py:3823} INFO - Setting next_dagrun for tutorial_taskflow_api to None, run_after=None
[2024-05-22T22:57:29.459+0000] {processor.py:183} INFO - Processing /home/airflow/.local/lib/python3.8/site-packages/airflow/example_dags/tutorial_taskflow_api.py took 0.076 seconds
[2024-05-22T22:57:59.536+0000] {processor.py:161} INFO - Started process (PID=54641) to work on /home/airflow/.local/lib/python3.8/site-packages/airflow/example_dags/tutorial_taskflow_api.py
[2024-05-22T22:57:59.537+0000] {processor.py:830} INFO - Processing file /home/airflow/.local/lib/python3.8/site-packages/airflow/example_dags/tutorial_taskflow_api.py for tasks to queue
[2024-05-22T22:57:59.539+0000] {logging_mixin.py:188} INFO - [2024-05-22T22:57:59.539+0000] {dagbag.py:538} INFO - Filling up the DagBag from /home/airflow/.local/lib/python3.8/site-packages/airflow/example_dags/tutorial_taskflow_api.py
[2024-05-22T22:57:59.546+0000] {processor.py:840} INFO - DAG(s) 'tutorial_taskflow_api' retrieved from /home/airflow/.local/lib/python3.8/site-packages/airflow/example_dags/tutorial_taskflow_api.py
[2024-05-22T22:57:59.567+0000] {logging_mixin.py:188} INFO - [2024-05-22T22:57:59.567+0000] {dag.py:3036} INFO - Sync 1 DAGs
[2024-05-22T22:57:59.580+0000] {logging_mixin.py:188} INFO - [2024-05-22T22:57:59.580+0000] {dag.py:3823} INFO - Setting next_dagrun for tutorial_taskflow_api to None, run_after=None
[2024-05-22T22:57:59.601+0000] {processor.py:183} INFO - Processing /home/airflow/.local/lib/python3.8/site-packages/airflow/example_dags/tutorial_taskflow_api.py took 0.068 seconds
[2024-05-22T22:58:30.068+0000] {processor.py:161} INFO - Started process (PID=54698) to work on /home/airflow/.local/lib/python3.8/site-packages/airflow/example_dags/tutorial_taskflow_api.py
[2024-05-22T22:58:30.069+0000] {processor.py:830} INFO - Processing file /home/airflow/.local/lib/python3.8/site-packages/airflow/example_dags/tutorial_taskflow_api.py for tasks to queue
[2024-05-22T22:58:30.071+0000] {logging_mixin.py:188} INFO - [2024-05-22T22:58:30.070+0000] {dagbag.py:538} INFO - Filling up the DagBag from /home/airflow/.local/lib/python3.8/site-packages/airflow/example_dags/tutorial_taskflow_api.py
[2024-05-22T22:58:30.077+0000] {processor.py:840} INFO - DAG(s) 'tutorial_taskflow_api' retrieved from /home/airflow/.local/lib/python3.8/site-packages/airflow/example_dags/tutorial_taskflow_api.py
[2024-05-22T22:58:30.096+0000] {logging_mixin.py:188} INFO - [2024-05-22T22:58:30.096+0000] {dag.py:3036} INFO - Sync 1 DAGs
[2024-05-22T22:58:30.111+0000] {logging_mixin.py:188} INFO - [2024-05-22T22:58:30.111+0000] {dag.py:3823} INFO - Setting next_dagrun for tutorial_taskflow_api to None, run_after=None
[2024-05-22T22:58:30.131+0000] {processor.py:183} INFO - Processing /home/airflow/.local/lib/python3.8/site-packages/airflow/example_dags/tutorial_taskflow_api.py took 0.066 seconds
[2024-05-22T22:59:00.420+0000] {processor.py:161} INFO - Started process (PID=54755) to work on /home/airflow/.local/lib/python3.8/site-packages/airflow/example_dags/tutorial_taskflow_api.py
[2024-05-22T22:59:00.421+0000] {processor.py:830} INFO - Processing file /home/airflow/.local/lib/python3.8/site-packages/airflow/example_dags/tutorial_taskflow_api.py for tasks to queue
[2024-05-22T22:59:00.423+0000] {logging_mixin.py:188} INFO - [2024-05-22T22:59:00.422+0000] {dagbag.py:538} INFO - Filling up the DagBag from /home/airflow/.local/lib/python3.8/site-packages/airflow/example_dags/tutorial_taskflow_api.py
[2024-05-22T22:59:00.430+0000] {processor.py:840} INFO - DAG(s) 'tutorial_taskflow_api' retrieved from /home/airflow/.local/lib/python3.8/site-packages/airflow/example_dags/tutorial_taskflow_api.py
[2024-05-22T22:59:00.454+0000] {logging_mixin.py:188} INFO - [2024-05-22T22:59:00.454+0000] {dag.py:3036} INFO - Sync 1 DAGs
[2024-05-22T22:59:00.469+0000] {logging_mixin.py:188} INFO - [2024-05-22T22:59:00.469+0000] {dag.py:3823} INFO - Setting next_dagrun for tutorial_taskflow_api to None, run_after=None
[2024-05-22T22:59:00.491+0000] {processor.py:183} INFO - Processing /home/airflow/.local/lib/python3.8/site-packages/airflow/example_dags/tutorial_taskflow_api.py took 0.074 seconds
[2024-05-22T22:59:30.800+0000] {processor.py:161} INFO - Started process (PID=54812) to work on /home/airflow/.local/lib/python3.8/site-packages/airflow/example_dags/tutorial_taskflow_api.py
[2024-05-22T22:59:30.802+0000] {processor.py:830} INFO - Processing file /home/airflow/.local/lib/python3.8/site-packages/airflow/example_dags/tutorial_taskflow_api.py for tasks to queue
[2024-05-22T22:59:30.804+0000] {logging_mixin.py:188} INFO - [2024-05-22T22:59:30.804+0000] {dagbag.py:538} INFO - Filling up the DagBag from /home/airflow/.local/lib/python3.8/site-packages/airflow/example_dags/tutorial_taskflow_api.py
[2024-05-22T22:59:30.812+0000] {processor.py:840} INFO - DAG(s) 'tutorial_taskflow_api' retrieved from /home/airflow/.local/lib/python3.8/site-packages/airflow/example_dags/tutorial_taskflow_api.py
[2024-05-22T22:59:30.836+0000] {logging_mixin.py:188} INFO - [2024-05-22T22:59:30.835+0000] {dag.py:3036} INFO - Sync 1 DAGs
[2024-05-22T22:59:30.849+0000] {logging_mixin.py:188} INFO - [2024-05-22T22:59:30.849+0000] {dag.py:3823} INFO - Setting next_dagrun for tutorial_taskflow_api to None, run_after=None
[2024-05-22T22:59:30.869+0000] {processor.py:183} INFO - Processing /home/airflow/.local/lib/python3.8/site-packages/airflow/example_dags/tutorial_taskflow_api.py took 0.072 seconds
[2024-05-22T23:00:01.314+0000] {processor.py:161} INFO - Started process (PID=54869) to work on /home/airflow/.local/lib/python3.8/site-packages/airflow/example_dags/tutorial_taskflow_api.py
[2024-05-22T23:00:01.315+0000] {processor.py:830} INFO - Processing file /home/airflow/.local/lib/python3.8/site-packages/airflow/example_dags/tutorial_taskflow_api.py for tasks to queue
[2024-05-22T23:00:01.317+0000] {logging_mixin.py:188} INFO - [2024-05-22T23:00:01.316+0000] {dagbag.py:538} INFO - Filling up the DagBag from /home/airflow/.local/lib/python3.8/site-packages/airflow/example_dags/tutorial_taskflow_api.py
[2024-05-22T23:00:01.322+0000] {processor.py:840} INFO - DAG(s) 'tutorial_taskflow_api' retrieved from /home/airflow/.local/lib/python3.8/site-packages/airflow/example_dags/tutorial_taskflow_api.py
[2024-05-22T23:00:01.344+0000] {logging_mixin.py:188} INFO - [2024-05-22T23:00:01.343+0000] {dag.py:3036} INFO - Sync 1 DAGs
[2024-05-22T23:00:01.358+0000] {logging_mixin.py:188} INFO - [2024-05-22T23:00:01.358+0000] {dag.py:3823} INFO - Setting next_dagrun for tutorial_taskflow_api to None, run_after=None
[2024-05-22T23:00:01.379+0000] {processor.py:183} INFO - Processing /home/airflow/.local/lib/python3.8/site-packages/airflow/example_dags/tutorial_taskflow_api.py took 0.068 seconds
[2024-05-22T23:00:32.185+0000] {processor.py:161} INFO - Started process (PID=54926) to work on /home/airflow/.local/lib/python3.8/site-packages/airflow/example_dags/tutorial_taskflow_api.py
[2024-05-22T23:00:32.186+0000] {processor.py:830} INFO - Processing file /home/airflow/.local/lib/python3.8/site-packages/airflow/example_dags/tutorial_taskflow_api.py for tasks to queue
[2024-05-22T23:00:32.187+0000] {logging_mixin.py:188} INFO - [2024-05-22T23:00:32.187+0000] {dagbag.py:538} INFO - Filling up the DagBag from /home/airflow/.local/lib/python3.8/site-packages/airflow/example_dags/tutorial_taskflow_api.py
[2024-05-22T23:00:32.194+0000] {processor.py:840} INFO - DAG(s) 'tutorial_taskflow_api' retrieved from /home/airflow/.local/lib/python3.8/site-packages/airflow/example_dags/tutorial_taskflow_api.py
[2024-05-22T23:00:32.215+0000] {logging_mixin.py:188} INFO - [2024-05-22T23:00:32.215+0000] {dag.py:3036} INFO - Sync 1 DAGs
[2024-05-22T23:00:32.232+0000] {logging_mixin.py:188} INFO - [2024-05-22T23:00:32.232+0000] {dag.py:3823} INFO - Setting next_dagrun for tutorial_taskflow_api to None, run_after=None
[2024-05-22T23:00:32.260+0000] {processor.py:183} INFO - Processing /home/airflow/.local/lib/python3.8/site-packages/airflow/example_dags/tutorial_taskflow_api.py took 0.078 seconds
[2024-05-22T23:01:03.169+0000] {processor.py:161} INFO - Started process (PID=54983) to work on /home/airflow/.local/lib/python3.8/site-packages/airflow/example_dags/tutorial_taskflow_api.py
[2024-05-22T23:01:03.170+0000] {processor.py:830} INFO - Processing file /home/airflow/.local/lib/python3.8/site-packages/airflow/example_dags/tutorial_taskflow_api.py for tasks to queue
[2024-05-22T23:01:03.172+0000] {logging_mixin.py:188} INFO - [2024-05-22T23:01:03.171+0000] {dagbag.py:538} INFO - Filling up the DagBag from /home/airflow/.local/lib/python3.8/site-packages/airflow/example_dags/tutorial_taskflow_api.py
[2024-05-22T23:01:03.177+0000] {processor.py:840} INFO - DAG(s) 'tutorial_taskflow_api' retrieved from /home/airflow/.local/lib/python3.8/site-packages/airflow/example_dags/tutorial_taskflow_api.py
[2024-05-22T23:01:03.197+0000] {logging_mixin.py:188} INFO - [2024-05-22T23:01:03.197+0000] {dag.py:3036} INFO - Sync 1 DAGs
[2024-05-22T23:01:03.209+0000] {logging_mixin.py:188} INFO - [2024-05-22T23:01:03.209+0000] {dag.py:3823} INFO - Setting next_dagrun for tutorial_taskflow_api to None, run_after=None
[2024-05-22T23:01:03.229+0000] {processor.py:183} INFO - Processing /home/airflow/.local/lib/python3.8/site-packages/airflow/example_dags/tutorial_taskflow_api.py took 0.063 seconds
[2024-05-22T23:01:33.580+0000] {processor.py:161} INFO - Started process (PID=55040) to work on /home/airflow/.local/lib/python3.8/site-packages/airflow/example_dags/tutorial_taskflow_api.py
[2024-05-22T23:01:33.581+0000] {processor.py:830} INFO - Processing file /home/airflow/.local/lib/python3.8/site-packages/airflow/example_dags/tutorial_taskflow_api.py for tasks to queue
[2024-05-22T23:01:33.583+0000] {logging_mixin.py:188} INFO - [2024-05-22T23:01:33.582+0000] {dagbag.py:538} INFO - Filling up the DagBag from /home/airflow/.local/lib/python3.8/site-packages/airflow/example_dags/tutorial_taskflow_api.py
[2024-05-22T23:01:33.589+0000] {processor.py:840} INFO - DAG(s) 'tutorial_taskflow_api' retrieved from /home/airflow/.local/lib/python3.8/site-packages/airflow/example_dags/tutorial_taskflow_api.py
[2024-05-22T23:01:33.610+0000] {logging_mixin.py:188} INFO - [2024-05-22T23:01:33.609+0000] {dag.py:3036} INFO - Sync 1 DAGs
[2024-05-22T23:01:33.628+0000] {logging_mixin.py:188} INFO - [2024-05-22T23:01:33.628+0000] {dag.py:3823} INFO - Setting next_dagrun for tutorial_taskflow_api to None, run_after=None
[2024-05-22T23:01:33.653+0000] {processor.py:183} INFO - Processing /home/airflow/.local/lib/python3.8/site-packages/airflow/example_dags/tutorial_taskflow_api.py took 0.076 seconds
[2024-05-22T23:02:03.906+0000] {processor.py:161} INFO - Started process (PID=55097) to work on /home/airflow/.local/lib/python3.8/site-packages/airflow/example_dags/tutorial_taskflow_api.py
[2024-05-22T23:02:03.907+0000] {processor.py:830} INFO - Processing file /home/airflow/.local/lib/python3.8/site-packages/airflow/example_dags/tutorial_taskflow_api.py for tasks to queue
[2024-05-22T23:02:03.909+0000] {logging_mixin.py:188} INFO - [2024-05-22T23:02:03.908+0000] {dagbag.py:538} INFO - Filling up the DagBag from /home/airflow/.local/lib/python3.8/site-packages/airflow/example_dags/tutorial_taskflow_api.py
[2024-05-22T23:02:03.916+0000] {processor.py:840} INFO - DAG(s) 'tutorial_taskflow_api' retrieved from /home/airflow/.local/lib/python3.8/site-packages/airflow/example_dags/tutorial_taskflow_api.py
[2024-05-22T23:02:03.943+0000] {logging_mixin.py:188} INFO - [2024-05-22T23:02:03.943+0000] {dag.py:3036} INFO - Sync 1 DAGs
[2024-05-22T23:02:03.960+0000] {logging_mixin.py:188} INFO - [2024-05-22T23:02:03.959+0000] {dag.py:3823} INFO - Setting next_dagrun for tutorial_taskflow_api to None, run_after=None
[2024-05-22T23:02:03.988+0000] {processor.py:183} INFO - Processing /home/airflow/.local/lib/python3.8/site-packages/airflow/example_dags/tutorial_taskflow_api.py took 0.085 seconds
[2024-05-22T23:02:34.095+0000] {processor.py:161} INFO - Started process (PID=55155) to work on /home/airflow/.local/lib/python3.8/site-packages/airflow/example_dags/tutorial_taskflow_api.py
[2024-05-22T23:02:34.095+0000] {processor.py:830} INFO - Processing file /home/airflow/.local/lib/python3.8/site-packages/airflow/example_dags/tutorial_taskflow_api.py for tasks to queue
[2024-05-22T23:02:34.097+0000] {logging_mixin.py:188} INFO - [2024-05-22T23:02:34.097+0000] {dagbag.py:538} INFO - Filling up the DagBag from /home/airflow/.local/lib/python3.8/site-packages/airflow/example_dags/tutorial_taskflow_api.py
[2024-05-22T23:02:34.103+0000] {processor.py:840} INFO - DAG(s) 'tutorial_taskflow_api' retrieved from /home/airflow/.local/lib/python3.8/site-packages/airflow/example_dags/tutorial_taskflow_api.py
[2024-05-22T23:02:34.128+0000] {logging_mixin.py:188} INFO - [2024-05-22T23:02:34.128+0000] {dag.py:3036} INFO - Sync 1 DAGs
[2024-05-22T23:02:34.143+0000] {logging_mixin.py:188} INFO - [2024-05-22T23:02:34.143+0000] {dag.py:3823} INFO - Setting next_dagrun for tutorial_taskflow_api to None, run_after=None
[2024-05-22T23:02:34.167+0000] {processor.py:183} INFO - Processing /home/airflow/.local/lib/python3.8/site-packages/airflow/example_dags/tutorial_taskflow_api.py took 0.075 seconds
[2024-05-22T23:03:04.329+0000] {processor.py:161} INFO - Started process (PID=55212) to work on /home/airflow/.local/lib/python3.8/site-packages/airflow/example_dags/tutorial_taskflow_api.py
[2024-05-22T23:03:04.330+0000] {processor.py:830} INFO - Processing file /home/airflow/.local/lib/python3.8/site-packages/airflow/example_dags/tutorial_taskflow_api.py for tasks to queue
[2024-05-22T23:03:04.332+0000] {logging_mixin.py:188} INFO - [2024-05-22T23:03:04.331+0000] {dagbag.py:538} INFO - Filling up the DagBag from /home/airflow/.local/lib/python3.8/site-packages/airflow/example_dags/tutorial_taskflow_api.py
[2024-05-22T23:03:04.339+0000] {processor.py:840} INFO - DAG(s) 'tutorial_taskflow_api' retrieved from /home/airflow/.local/lib/python3.8/site-packages/airflow/example_dags/tutorial_taskflow_api.py
[2024-05-22T23:03:04.364+0000] {logging_mixin.py:188} INFO - [2024-05-22T23:03:04.363+0000] {dag.py:3036} INFO - Sync 1 DAGs
[2024-05-22T23:03:04.377+0000] {logging_mixin.py:188} INFO - [2024-05-22T23:03:04.377+0000] {dag.py:3823} INFO - Setting next_dagrun for tutorial_taskflow_api to None, run_after=None
[2024-05-22T23:03:04.400+0000] {processor.py:183} INFO - Processing /home/airflow/.local/lib/python3.8/site-packages/airflow/example_dags/tutorial_taskflow_api.py took 0.074 seconds
[2024-05-22T23:03:35.077+0000] {processor.py:161} INFO - Started process (PID=55269) to work on /home/airflow/.local/lib/python3.8/site-packages/airflow/example_dags/tutorial_taskflow_api.py
[2024-05-22T23:03:35.078+0000] {processor.py:830} INFO - Processing file /home/airflow/.local/lib/python3.8/site-packages/airflow/example_dags/tutorial_taskflow_api.py for tasks to queue
[2024-05-22T23:03:35.080+0000] {logging_mixin.py:188} INFO - [2024-05-22T23:03:35.079+0000] {dagbag.py:538} INFO - Filling up the DagBag from /home/airflow/.local/lib/python3.8/site-packages/airflow/example_dags/tutorial_taskflow_api.py
[2024-05-22T23:03:35.087+0000] {processor.py:840} INFO - DAG(s) 'tutorial_taskflow_api' retrieved from /home/airflow/.local/lib/python3.8/site-packages/airflow/example_dags/tutorial_taskflow_api.py
[2024-05-22T23:03:35.112+0000] {logging_mixin.py:188} INFO - [2024-05-22T23:03:35.112+0000] {dag.py:3036} INFO - Sync 1 DAGs
[2024-05-22T23:03:35.128+0000] {logging_mixin.py:188} INFO - [2024-05-22T23:03:35.128+0000] {dag.py:3823} INFO - Setting next_dagrun for tutorial_taskflow_api to None, run_after=None
[2024-05-22T23:03:35.157+0000] {processor.py:183} INFO - Processing /home/airflow/.local/lib/python3.8/site-packages/airflow/example_dags/tutorial_taskflow_api.py took 0.084 seconds
[2024-05-22T23:04:05.569+0000] {processor.py:161} INFO - Started process (PID=55327) to work on /home/airflow/.local/lib/python3.8/site-packages/airflow/example_dags/tutorial_taskflow_api.py
[2024-05-22T23:04:05.570+0000] {processor.py:830} INFO - Processing file /home/airflow/.local/lib/python3.8/site-packages/airflow/example_dags/tutorial_taskflow_api.py for tasks to queue
[2024-05-22T23:04:05.572+0000] {logging_mixin.py:188} INFO - [2024-05-22T23:04:05.572+0000] {dagbag.py:538} INFO - Filling up the DagBag from /home/airflow/.local/lib/python3.8/site-packages/airflow/example_dags/tutorial_taskflow_api.py
[2024-05-22T23:04:05.579+0000] {processor.py:840} INFO - DAG(s) 'tutorial_taskflow_api' retrieved from /home/airflow/.local/lib/python3.8/site-packages/airflow/example_dags/tutorial_taskflow_api.py
[2024-05-22T23:04:05.606+0000] {logging_mixin.py:188} INFO - [2024-05-22T23:04:05.606+0000] {dag.py:3036} INFO - Sync 1 DAGs
[2024-05-22T23:04:05.626+0000] {logging_mixin.py:188} INFO - [2024-05-22T23:04:05.625+0000] {dag.py:3823} INFO - Setting next_dagrun for tutorial_taskflow_api to None, run_after=None
[2024-05-22T23:04:05.655+0000] {processor.py:183} INFO - Processing /home/airflow/.local/lib/python3.8/site-packages/airflow/example_dags/tutorial_taskflow_api.py took 0.090 seconds
[2024-05-22T23:04:36.185+0000] {processor.py:161} INFO - Started process (PID=55384) to work on /home/airflow/.local/lib/python3.8/site-packages/airflow/example_dags/tutorial_taskflow_api.py
[2024-05-22T23:04:36.186+0000] {processor.py:830} INFO - Processing file /home/airflow/.local/lib/python3.8/site-packages/airflow/example_dags/tutorial_taskflow_api.py for tasks to queue
[2024-05-22T23:04:36.188+0000] {logging_mixin.py:188} INFO - [2024-05-22T23:04:36.188+0000] {dagbag.py:538} INFO - Filling up the DagBag from /home/airflow/.local/lib/python3.8/site-packages/airflow/example_dags/tutorial_taskflow_api.py
[2024-05-22T23:04:36.197+0000] {processor.py:840} INFO - DAG(s) 'tutorial_taskflow_api' retrieved from /home/airflow/.local/lib/python3.8/site-packages/airflow/example_dags/tutorial_taskflow_api.py
[2024-05-22T23:04:36.222+0000] {logging_mixin.py:188} INFO - [2024-05-22T23:04:36.222+0000] {dag.py:3036} INFO - Sync 1 DAGs
[2024-05-22T23:04:36.237+0000] {logging_mixin.py:188} INFO - [2024-05-22T23:04:36.237+0000] {dag.py:3823} INFO - Setting next_dagrun for tutorial_taskflow_api to None, run_after=None
[2024-05-22T23:04:36.260+0000] {processor.py:183} INFO - Processing /home/airflow/.local/lib/python3.8/site-packages/airflow/example_dags/tutorial_taskflow_api.py took 0.079 seconds
[2024-05-22T23:05:06.750+0000] {processor.py:161} INFO - Started process (PID=55441) to work on /home/airflow/.local/lib/python3.8/site-packages/airflow/example_dags/tutorial_taskflow_api.py
[2024-05-22T23:05:06.752+0000] {processor.py:830} INFO - Processing file /home/airflow/.local/lib/python3.8/site-packages/airflow/example_dags/tutorial_taskflow_api.py for tasks to queue
[2024-05-22T23:05:06.754+0000] {logging_mixin.py:188} INFO - [2024-05-22T23:05:06.754+0000] {dagbag.py:538} INFO - Filling up the DagBag from /home/airflow/.local/lib/python3.8/site-packages/airflow/example_dags/tutorial_taskflow_api.py
[2024-05-22T23:05:06.761+0000] {processor.py:840} INFO - DAG(s) 'tutorial_taskflow_api' retrieved from /home/airflow/.local/lib/python3.8/site-packages/airflow/example_dags/tutorial_taskflow_api.py
[2024-05-22T23:05:06.789+0000] {logging_mixin.py:188} INFO - [2024-05-22T23:05:06.789+0000] {dag.py:3036} INFO - Sync 1 DAGs
[2024-05-22T23:05:06.805+0000] {logging_mixin.py:188} INFO - [2024-05-22T23:05:06.804+0000] {dag.py:3823} INFO - Setting next_dagrun for tutorial_taskflow_api to None, run_after=None
[2024-05-22T23:05:06.831+0000] {processor.py:183} INFO - Processing /home/airflow/.local/lib/python3.8/site-packages/airflow/example_dags/tutorial_taskflow_api.py took 0.083 seconds
[2024-05-22T23:05:36.936+0000] {processor.py:161} INFO - Started process (PID=55498) to work on /home/airflow/.local/lib/python3.8/site-packages/airflow/example_dags/tutorial_taskflow_api.py
[2024-05-22T23:05:36.937+0000] {processor.py:830} INFO - Processing file /home/airflow/.local/lib/python3.8/site-packages/airflow/example_dags/tutorial_taskflow_api.py for tasks to queue
[2024-05-22T23:05:36.938+0000] {logging_mixin.py:188} INFO - [2024-05-22T23:05:36.938+0000] {dagbag.py:538} INFO - Filling up the DagBag from /home/airflow/.local/lib/python3.8/site-packages/airflow/example_dags/tutorial_taskflow_api.py
[2024-05-22T23:05:36.946+0000] {processor.py:840} INFO - DAG(s) 'tutorial_taskflow_api' retrieved from /home/airflow/.local/lib/python3.8/site-packages/airflow/example_dags/tutorial_taskflow_api.py
[2024-05-22T23:05:36.970+0000] {logging_mixin.py:188} INFO - [2024-05-22T23:05:36.970+0000] {dag.py:3036} INFO - Sync 1 DAGs
[2024-05-22T23:05:36.983+0000] {logging_mixin.py:188} INFO - [2024-05-22T23:05:36.983+0000] {dag.py:3823} INFO - Setting next_dagrun for tutorial_taskflow_api to None, run_after=None
[2024-05-22T23:05:37.008+0000] {processor.py:183} INFO - Processing /home/airflow/.local/lib/python3.8/site-packages/airflow/example_dags/tutorial_taskflow_api.py took 0.076 seconds
[2024-05-22T23:06:07.578+0000] {processor.py:161} INFO - Started process (PID=55555) to work on /home/airflow/.local/lib/python3.8/site-packages/airflow/example_dags/tutorial_taskflow_api.py
[2024-05-22T23:06:07.579+0000] {processor.py:830} INFO - Processing file /home/airflow/.local/lib/python3.8/site-packages/airflow/example_dags/tutorial_taskflow_api.py for tasks to queue
[2024-05-22T23:06:07.581+0000] {logging_mixin.py:188} INFO - [2024-05-22T23:06:07.580+0000] {dagbag.py:538} INFO - Filling up the DagBag from /home/airflow/.local/lib/python3.8/site-packages/airflow/example_dags/tutorial_taskflow_api.py
[2024-05-22T23:06:07.588+0000] {processor.py:840} INFO - DAG(s) 'tutorial_taskflow_api' retrieved from /home/airflow/.local/lib/python3.8/site-packages/airflow/example_dags/tutorial_taskflow_api.py
[2024-05-22T23:06:07.614+0000] {logging_mixin.py:188} INFO - [2024-05-22T23:06:07.613+0000] {dag.py:3036} INFO - Sync 1 DAGs
[2024-05-22T23:06:07.629+0000] {logging_mixin.py:188} INFO - [2024-05-22T23:06:07.629+0000] {dag.py:3823} INFO - Setting next_dagrun for tutorial_taskflow_api to None, run_after=None
[2024-05-22T23:06:07.657+0000] {processor.py:183} INFO - Processing /home/airflow/.local/lib/python3.8/site-packages/airflow/example_dags/tutorial_taskflow_api.py took 0.083 seconds
[2024-05-22T23:06:38.280+0000] {processor.py:161} INFO - Started process (PID=55612) to work on /home/airflow/.local/lib/python3.8/site-packages/airflow/example_dags/tutorial_taskflow_api.py
[2024-05-22T23:06:38.283+0000] {processor.py:830} INFO - Processing file /home/airflow/.local/lib/python3.8/site-packages/airflow/example_dags/tutorial_taskflow_api.py for tasks to queue
[2024-05-22T23:06:38.286+0000] {logging_mixin.py:188} INFO - [2024-05-22T23:06:38.285+0000] {dagbag.py:538} INFO - Filling up the DagBag from /home/airflow/.local/lib/python3.8/site-packages/airflow/example_dags/tutorial_taskflow_api.py
[2024-05-22T23:06:38.295+0000] {processor.py:840} INFO - DAG(s) 'tutorial_taskflow_api' retrieved from /home/airflow/.local/lib/python3.8/site-packages/airflow/example_dags/tutorial_taskflow_api.py
[2024-05-22T23:06:38.325+0000] {logging_mixin.py:188} INFO - [2024-05-22T23:06:38.325+0000] {dag.py:3036} INFO - Sync 1 DAGs
[2024-05-22T23:06:38.344+0000] {logging_mixin.py:188} INFO - [2024-05-22T23:06:38.343+0000] {dag.py:3823} INFO - Setting next_dagrun for tutorial_taskflow_api to None, run_after=None
[2024-05-22T23:06:38.375+0000] {processor.py:183} INFO - Processing /home/airflow/.local/lib/python3.8/site-packages/airflow/example_dags/tutorial_taskflow_api.py took 0.099 seconds
[2024-05-22T23:07:08.566+0000] {processor.py:161} INFO - Started process (PID=55669) to work on /home/airflow/.local/lib/python3.8/site-packages/airflow/example_dags/tutorial_taskflow_api.py
[2024-05-22T23:07:08.567+0000] {processor.py:830} INFO - Processing file /home/airflow/.local/lib/python3.8/site-packages/airflow/example_dags/tutorial_taskflow_api.py for tasks to queue
[2024-05-22T23:07:08.569+0000] {logging_mixin.py:188} INFO - [2024-05-22T23:07:08.569+0000] {dagbag.py:538} INFO - Filling up the DagBag from /home/airflow/.local/lib/python3.8/site-packages/airflow/example_dags/tutorial_taskflow_api.py
[2024-05-22T23:07:08.577+0000] {processor.py:840} INFO - DAG(s) 'tutorial_taskflow_api' retrieved from /home/airflow/.local/lib/python3.8/site-packages/airflow/example_dags/tutorial_taskflow_api.py
[2024-05-22T23:07:08.604+0000] {logging_mixin.py:188} INFO - [2024-05-22T23:07:08.604+0000] {dag.py:3036} INFO - Sync 1 DAGs
[2024-05-22T23:07:08.622+0000] {logging_mixin.py:188} INFO - [2024-05-22T23:07:08.622+0000] {dag.py:3823} INFO - Setting next_dagrun for tutorial_taskflow_api to None, run_after=None
[2024-05-22T23:07:08.648+0000] {processor.py:183} INFO - Processing /home/airflow/.local/lib/python3.8/site-packages/airflow/example_dags/tutorial_taskflow_api.py took 0.087 seconds
[2024-05-22T23:07:38.721+0000] {processor.py:161} INFO - Started process (PID=55726) to work on /home/airflow/.local/lib/python3.8/site-packages/airflow/example_dags/tutorial_taskflow_api.py
[2024-05-22T23:07:38.722+0000] {processor.py:830} INFO - Processing file /home/airflow/.local/lib/python3.8/site-packages/airflow/example_dags/tutorial_taskflow_api.py for tasks to queue
[2024-05-22T23:07:38.724+0000] {logging_mixin.py:188} INFO - [2024-05-22T23:07:38.724+0000] {dagbag.py:538} INFO - Filling up the DagBag from /home/airflow/.local/lib/python3.8/site-packages/airflow/example_dags/tutorial_taskflow_api.py
[2024-05-22T23:07:38.733+0000] {processor.py:840} INFO - DAG(s) 'tutorial_taskflow_api' retrieved from /home/airflow/.local/lib/python3.8/site-packages/airflow/example_dags/tutorial_taskflow_api.py
[2024-05-22T23:07:38.754+0000] {logging_mixin.py:188} INFO - [2024-05-22T23:07:38.754+0000] {dag.py:3036} INFO - Sync 1 DAGs
[2024-05-22T23:07:38.769+0000] {logging_mixin.py:188} INFO - [2024-05-22T23:07:38.769+0000] {dag.py:3823} INFO - Setting next_dagrun for tutorial_taskflow_api to None, run_after=None
[2024-05-22T23:07:38.791+0000] {processor.py:183} INFO - Processing /home/airflow/.local/lib/python3.8/site-packages/airflow/example_dags/tutorial_taskflow_api.py took 0.073 seconds
[2024-05-22T23:08:09.384+0000] {processor.py:161} INFO - Started process (PID=55783) to work on /home/airflow/.local/lib/python3.8/site-packages/airflow/example_dags/tutorial_taskflow_api.py
[2024-05-22T23:08:09.385+0000] {processor.py:830} INFO - Processing file /home/airflow/.local/lib/python3.8/site-packages/airflow/example_dags/tutorial_taskflow_api.py for tasks to queue
[2024-05-22T23:08:09.388+0000] {logging_mixin.py:188} INFO - [2024-05-22T23:08:09.387+0000] {dagbag.py:538} INFO - Filling up the DagBag from /home/airflow/.local/lib/python3.8/site-packages/airflow/example_dags/tutorial_taskflow_api.py
[2024-05-22T23:08:09.395+0000] {processor.py:840} INFO - DAG(s) 'tutorial_taskflow_api' retrieved from /home/airflow/.local/lib/python3.8/site-packages/airflow/example_dags/tutorial_taskflow_api.py
[2024-05-22T23:08:09.423+0000] {logging_mixin.py:188} INFO - [2024-05-22T23:08:09.423+0000] {dag.py:3036} INFO - Sync 1 DAGs
[2024-05-22T23:08:09.438+0000] {logging_mixin.py:188} INFO - [2024-05-22T23:08:09.438+0000] {dag.py:3823} INFO - Setting next_dagrun for tutorial_taskflow_api to None, run_after=None
[2024-05-22T23:08:09.471+0000] {processor.py:183} INFO - Processing /home/airflow/.local/lib/python3.8/site-packages/airflow/example_dags/tutorial_taskflow_api.py took 0.090 seconds
[2024-05-22T23:08:40.215+0000] {processor.py:161} INFO - Started process (PID=55840) to work on /home/airflow/.local/lib/python3.8/site-packages/airflow/example_dags/tutorial_taskflow_api.py
[2024-05-22T23:08:40.216+0000] {processor.py:830} INFO - Processing file /home/airflow/.local/lib/python3.8/site-packages/airflow/example_dags/tutorial_taskflow_api.py for tasks to queue
[2024-05-22T23:08:40.218+0000] {logging_mixin.py:188} INFO - [2024-05-22T23:08:40.217+0000] {dagbag.py:538} INFO - Filling up the DagBag from /home/airflow/.local/lib/python3.8/site-packages/airflow/example_dags/tutorial_taskflow_api.py
[2024-05-22T23:08:40.224+0000] {processor.py:840} INFO - DAG(s) 'tutorial_taskflow_api' retrieved from /home/airflow/.local/lib/python3.8/site-packages/airflow/example_dags/tutorial_taskflow_api.py
[2024-05-22T23:08:40.250+0000] {logging_mixin.py:188} INFO - [2024-05-22T23:08:40.250+0000] {dag.py:3036} INFO - Sync 1 DAGs
[2024-05-22T23:08:40.263+0000] {logging_mixin.py:188} INFO - [2024-05-22T23:08:40.263+0000] {dag.py:3823} INFO - Setting next_dagrun for tutorial_taskflow_api to None, run_after=None
[2024-05-22T23:08:40.284+0000] {processor.py:183} INFO - Processing /home/airflow/.local/lib/python3.8/site-packages/airflow/example_dags/tutorial_taskflow_api.py took 0.073 seconds
[2024-05-22T23:09:11.088+0000] {processor.py:161} INFO - Started process (PID=55897) to work on /home/airflow/.local/lib/python3.8/site-packages/airflow/example_dags/tutorial_taskflow_api.py
[2024-05-22T23:09:11.089+0000] {processor.py:830} INFO - Processing file /home/airflow/.local/lib/python3.8/site-packages/airflow/example_dags/tutorial_taskflow_api.py for tasks to queue
[2024-05-22T23:09:11.091+0000] {logging_mixin.py:188} INFO - [2024-05-22T23:09:11.090+0000] {dagbag.py:538} INFO - Filling up the DagBag from /home/airflow/.local/lib/python3.8/site-packages/airflow/example_dags/tutorial_taskflow_api.py
[2024-05-22T23:09:11.097+0000] {processor.py:840} INFO - DAG(s) 'tutorial_taskflow_api' retrieved from /home/airflow/.local/lib/python3.8/site-packages/airflow/example_dags/tutorial_taskflow_api.py
[2024-05-22T23:09:11.117+0000] {logging_mixin.py:188} INFO - [2024-05-22T23:09:11.117+0000] {dag.py:3036} INFO - Sync 1 DAGs
[2024-05-22T23:09:11.130+0000] {logging_mixin.py:188} INFO - [2024-05-22T23:09:11.130+0000] {dag.py:3823} INFO - Setting next_dagrun for tutorial_taskflow_api to None, run_after=None
[2024-05-22T23:09:11.150+0000] {processor.py:183} INFO - Processing /home/airflow/.local/lib/python3.8/site-packages/airflow/example_dags/tutorial_taskflow_api.py took 0.065 seconds
[2024-05-22T23:09:41.504+0000] {processor.py:161} INFO - Started process (PID=55954) to work on /home/airflow/.local/lib/python3.8/site-packages/airflow/example_dags/tutorial_taskflow_api.py
[2024-05-22T23:09:41.505+0000] {processor.py:830} INFO - Processing file /home/airflow/.local/lib/python3.8/site-packages/airflow/example_dags/tutorial_taskflow_api.py for tasks to queue
[2024-05-22T23:09:41.506+0000] {logging_mixin.py:188} INFO - [2024-05-22T23:09:41.506+0000] {dagbag.py:538} INFO - Filling up the DagBag from /home/airflow/.local/lib/python3.8/site-packages/airflow/example_dags/tutorial_taskflow_api.py
[2024-05-22T23:09:41.512+0000] {processor.py:840} INFO - DAG(s) 'tutorial_taskflow_api' retrieved from /home/airflow/.local/lib/python3.8/site-packages/airflow/example_dags/tutorial_taskflow_api.py
[2024-05-22T23:09:41.535+0000] {logging_mixin.py:188} INFO - [2024-05-22T23:09:41.534+0000] {dag.py:3036} INFO - Sync 1 DAGs
[2024-05-22T23:09:41.548+0000] {logging_mixin.py:188} INFO - [2024-05-22T23:09:41.548+0000] {dag.py:3823} INFO - Setting next_dagrun for tutorial_taskflow_api to None, run_after=None
[2024-05-22T23:09:41.569+0000] {processor.py:183} INFO - Processing /home/airflow/.local/lib/python3.8/site-packages/airflow/example_dags/tutorial_taskflow_api.py took 0.068 seconds
[2024-05-22T23:10:11.841+0000] {processor.py:161} INFO - Started process (PID=56011) to work on /home/airflow/.local/lib/python3.8/site-packages/airflow/example_dags/tutorial_taskflow_api.py
[2024-05-22T23:10:11.842+0000] {processor.py:830} INFO - Processing file /home/airflow/.local/lib/python3.8/site-packages/airflow/example_dags/tutorial_taskflow_api.py for tasks to queue
[2024-05-22T23:10:11.844+0000] {logging_mixin.py:188} INFO - [2024-05-22T23:10:11.843+0000] {dagbag.py:538} INFO - Filling up the DagBag from /home/airflow/.local/lib/python3.8/site-packages/airflow/example_dags/tutorial_taskflow_api.py
[2024-05-22T23:10:11.851+0000] {processor.py:840} INFO - DAG(s) 'tutorial_taskflow_api' retrieved from /home/airflow/.local/lib/python3.8/site-packages/airflow/example_dags/tutorial_taskflow_api.py
[2024-05-22T23:10:11.869+0000] {logging_mixin.py:188} INFO - [2024-05-22T23:10:11.869+0000] {dag.py:3036} INFO - Sync 1 DAGs
[2024-05-22T23:10:11.884+0000] {logging_mixin.py:188} INFO - [2024-05-22T23:10:11.883+0000] {dag.py:3823} INFO - Setting next_dagrun for tutorial_taskflow_api to None, run_after=None
[2024-05-22T23:10:11.906+0000] {processor.py:183} INFO - Processing /home/airflow/.local/lib/python3.8/site-packages/airflow/example_dags/tutorial_taskflow_api.py took 0.069 seconds
