[2024-05-18T15:32:11.542+0000] {taskinstance.py:1956} INFO - Dependencies all met for dep_context=non-requeueable deps ti=<TaskInstance: our_first_dag_v2.wget manual__2024-05-18T15:28:03.593822+00:00 [queued]>
[2024-05-18T15:32:11.551+0000] {taskinstance.py:1956} INFO - Dependencies all met for dep_context=requeueable deps ti=<TaskInstance: our_first_dag_v2.wget manual__2024-05-18T15:28:03.593822+00:00 [queued]>
[2024-05-18T15:32:11.551+0000] {taskinstance.py:2170} INFO - Starting attempt 3 of 11
[2024-05-18T15:32:11.570+0000] {taskinstance.py:2191} INFO - Executing <Task(BashOperator): wget> on 2024-05-18 15:28:03.593822+00:00
[2024-05-18T15:32:11.577+0000] {standard_task_runner.py:60} INFO - Started process 2509 to run task
[2024-05-18T15:32:11.580+0000] {standard_task_runner.py:87} INFO - Running: ['***', 'tasks', 'run', 'our_first_dag_v2', 'wget', 'manual__2024-05-18T15:28:03.593822+00:00', '--job-id', '361', '--raw', '--subdir', 'DAGS_FOLDER/frist-dag.py', '--cfg-path', '/tmp/tmpgehmk8wl']
[2024-05-18T15:32:11.582+0000] {standard_task_runner.py:88} INFO - Job 361: Subtask wget
[2024-05-18T15:32:11.643+0000] {task_command.py:423} INFO - Running <TaskInstance: our_first_dag_v2.wget manual__2024-05-18T15:28:03.593822+00:00 [running]> on host 7b23a6949395
[2024-05-18T15:32:11.737+0000] {taskinstance.py:2480} INFO - Exporting env vars: AIRFLOW_CTX_DAG_OWNER='omar' AIRFLOW_CTX_DAG_ID='our_first_dag_v2' AIRFLOW_CTX_TASK_ID='wget' AIRFLOW_CTX_EXECUTION_DATE='2024-05-18T15:28:03.593822+00:00' AIRFLOW_CTX_TRY_NUMBER='3' AIRFLOW_CTX_DAG_RUN_ID='manual__2024-05-18T15:28:03.593822+00:00'
[2024-05-18T15:32:11.739+0000] {subprocess.py:63} INFO - Tmp dir root location: /tmp
[2024-05-18T15:32:11.741+0000] {subprocess.py:75} INFO - Running command: ['/usr/bin/bash', '-c', 'curl https://d37ci6vzurychx.cloudfront.net/misc/taxi_zone_lookup.csv -O /opt/***/output.csv']
[2024-05-18T15:32:11.761+0000] {subprocess.py:86} INFO - Output:
[2024-05-18T15:32:11.772+0000] {subprocess.py:93} INFO -   % Total    % Received % Xferd  Average Speed   Time    Time     Time  Current
[2024-05-18T15:32:11.773+0000] {subprocess.py:93} INFO -                                  Dload  Upload   Total   Spent    Left  Speed
[2024-05-18T15:32:12.208+0000] {subprocess.py:93} INFO -   0     0    0     0    0     0      0      0 --:--:-- --:--:-- --:--:--     0100 12331  100 12331    0     0  28250      0 --:--:-- --:--:-- --:--:-- 28282
[2024-05-18T15:32:12.209+0000] {subprocess.py:93} INFO - curl: (3) URL using bad/illegal format or missing URL
[2024-05-18T15:32:12.211+0000] {subprocess.py:97} INFO - Command exited with return code 3
[2024-05-18T15:32:12.223+0000] {taskinstance.py:2698} ERROR - Task failed with exception
Traceback (most recent call last):
  File "/home/airflow/.local/lib/python3.8/site-packages/airflow/models/taskinstance.py", line 433, in _execute_task
    result = execute_callable(context=context, **execute_callable_kwargs)
  File "/home/airflow/.local/lib/python3.8/site-packages/airflow/operators/bash.py", line 212, in execute
    raise AirflowException(
airflow.exceptions.AirflowException: Bash command failed. The command returned a non-zero exit code 3.
[2024-05-18T15:32:12.226+0000] {taskinstance.py:1138} INFO - Marking task as UP_FOR_RETRY. dag_id=our_first_dag_v2, task_id=wget, execution_date=20240518T152803, start_date=20240518T153211, end_date=20240518T153212
[2024-05-18T15:32:12.242+0000] {standard_task_runner.py:107} ERROR - Failed to execute job 361 for task wget (Bash command failed. The command returned a non-zero exit code 3.; 2509)
[2024-05-18T15:32:12.274+0000] {local_task_job_runner.py:234} INFO - Task exited with return code 1
[2024-05-18T15:32:12.301+0000] {taskinstance.py:3280} INFO - 0 downstream tasks scheduled from follow-on schedule check
