[2024-06-12T18:04:11.707+0000] {processor.py:161} INFO - Started process (PID=69) to work on /home/airflow/.local/lib/python3.8/site-packages/airflow/example_dags/example_kubernetes_executor.py
[2024-06-12T18:04:11.711+0000] {processor.py:830} INFO - Processing file /home/airflow/.local/lib/python3.8/site-packages/airflow/example_dags/example_kubernetes_executor.py for tasks to queue
[2024-06-12T18:04:11.723+0000] {logging_mixin.py:188} INFO - [2024-06-12T18:04:11.722+0000] {dagbag.py:538} INFO - Filling up the DagBag from /home/airflow/.local/lib/python3.8/site-packages/airflow/example_dags/example_kubernetes_executor.py
[2024-06-12T18:04:11.862+0000] {processor.py:840} INFO - DAG(s) 'example_kubernetes_executor' retrieved from /home/airflow/.local/lib/python3.8/site-packages/airflow/example_dags/example_kubernetes_executor.py
[2024-06-12T18:04:12.030+0000] {logging_mixin.py:188} INFO - [2024-06-12T18:04:12.030+0000] {dag.py:3036} INFO - Sync 1 DAGs
[2024-06-12T18:04:12.085+0000] {logging_mixin.py:188} INFO - [2024-06-12T18:04:12.084+0000] {dag.py:3823} INFO - Setting next_dagrun for example_kubernetes_executor to None, run_after=None
[2024-06-12T18:04:12.142+0000] {processor.py:183} INFO - Processing /home/airflow/.local/lib/python3.8/site-packages/airflow/example_dags/example_kubernetes_executor.py took 0.440 seconds
[2024-06-12T18:05:45.871+0000] {processor.py:161} INFO - Started process (PID=150) to work on /home/airflow/.local/lib/python3.8/site-packages/airflow/example_dags/example_kubernetes_executor.py
[2024-06-12T18:05:45.872+0000] {processor.py:830} INFO - Processing file /home/airflow/.local/lib/python3.8/site-packages/airflow/example_dags/example_kubernetes_executor.py for tasks to queue
[2024-06-12T18:05:45.877+0000] {logging_mixin.py:188} INFO - [2024-06-12T18:05:45.877+0000] {dagbag.py:538} INFO - Filling up the DagBag from /home/airflow/.local/lib/python3.8/site-packages/airflow/example_dags/example_kubernetes_executor.py
[2024-06-12T18:05:45.911+0000] {processor.py:840} INFO - DAG(s) 'example_kubernetes_executor' retrieved from /home/airflow/.local/lib/python3.8/site-packages/airflow/example_dags/example_kubernetes_executor.py
[2024-06-12T18:05:46.013+0000] {logging_mixin.py:188} INFO - [2024-06-12T18:05:46.012+0000] {dag.py:3036} INFO - Sync 1 DAGs
[2024-06-12T18:05:46.042+0000] {logging_mixin.py:188} INFO - [2024-06-12T18:05:46.042+0000] {dag.py:3823} INFO - Setting next_dagrun for example_kubernetes_executor to None, run_after=None
[2024-06-12T18:05:46.078+0000] {processor.py:183} INFO - Processing /home/airflow/.local/lib/python3.8/site-packages/airflow/example_dags/example_kubernetes_executor.py took 0.211 seconds
[2024-06-12T18:06:16.138+0000] {processor.py:161} INFO - Started process (PID=214) to work on /home/airflow/.local/lib/python3.8/site-packages/airflow/example_dags/example_kubernetes_executor.py
[2024-06-12T18:06:16.139+0000] {processor.py:830} INFO - Processing file /home/airflow/.local/lib/python3.8/site-packages/airflow/example_dags/example_kubernetes_executor.py for tasks to queue
[2024-06-12T18:06:16.145+0000] {logging_mixin.py:188} INFO - [2024-06-12T18:06:16.144+0000] {dagbag.py:538} INFO - Filling up the DagBag from /home/airflow/.local/lib/python3.8/site-packages/airflow/example_dags/example_kubernetes_executor.py
[2024-06-12T18:06:16.183+0000] {processor.py:840} INFO - DAG(s) 'example_kubernetes_executor' retrieved from /home/airflow/.local/lib/python3.8/site-packages/airflow/example_dags/example_kubernetes_executor.py
[2024-06-12T18:06:16.207+0000] {logging_mixin.py:188} INFO - [2024-06-12T18:06:16.207+0000] {dag.py:3036} INFO - Sync 1 DAGs
[2024-06-12T18:06:16.237+0000] {logging_mixin.py:188} INFO - [2024-06-12T18:06:16.236+0000] {dag.py:3823} INFO - Setting next_dagrun for example_kubernetes_executor to None, run_after=None
[2024-06-12T18:06:16.277+0000] {processor.py:183} INFO - Processing /home/airflow/.local/lib/python3.8/site-packages/airflow/example_dags/example_kubernetes_executor.py took 0.145 seconds
[2024-06-12T18:06:48.476+0000] {processor.py:161} INFO - Started process (PID=274) to work on /home/airflow/.local/lib/python3.8/site-packages/airflow/example_dags/example_kubernetes_executor.py
[2024-06-12T18:06:48.477+0000] {processor.py:830} INFO - Processing file /home/airflow/.local/lib/python3.8/site-packages/airflow/example_dags/example_kubernetes_executor.py for tasks to queue
[2024-06-12T18:06:48.479+0000] {logging_mixin.py:188} INFO - [2024-06-12T18:06:48.479+0000] {dagbag.py:538} INFO - Filling up the DagBag from /home/airflow/.local/lib/python3.8/site-packages/airflow/example_dags/example_kubernetes_executor.py
[2024-06-12T18:06:48.504+0000] {processor.py:840} INFO - DAG(s) 'example_kubernetes_executor' retrieved from /home/airflow/.local/lib/python3.8/site-packages/airflow/example_dags/example_kubernetes_executor.py
[2024-06-12T18:06:48.692+0000] {logging_mixin.py:188} INFO - [2024-06-12T18:06:48.691+0000] {dag.py:3036} INFO - Sync 1 DAGs
[2024-06-12T18:06:48.709+0000] {logging_mixin.py:188} INFO - [2024-06-12T18:06:48.709+0000] {dag.py:3823} INFO - Setting next_dagrun for example_kubernetes_executor to None, run_after=None
[2024-06-12T18:06:48.745+0000] {processor.py:183} INFO - Processing /home/airflow/.local/lib/python3.8/site-packages/airflow/example_dags/example_kubernetes_executor.py took 0.273 seconds
[2024-06-12T18:07:19.523+0000] {processor.py:161} INFO - Started process (PID=339) to work on /home/airflow/.local/lib/python3.8/site-packages/airflow/example_dags/example_kubernetes_executor.py
[2024-06-12T18:07:19.525+0000] {processor.py:830} INFO - Processing file /home/airflow/.local/lib/python3.8/site-packages/airflow/example_dags/example_kubernetes_executor.py for tasks to queue
[2024-06-12T18:07:19.526+0000] {logging_mixin.py:188} INFO - [2024-06-12T18:07:19.526+0000] {dagbag.py:538} INFO - Filling up the DagBag from /home/airflow/.local/lib/python3.8/site-packages/airflow/example_dags/example_kubernetes_executor.py
[2024-06-12T18:07:19.552+0000] {processor.py:840} INFO - DAG(s) 'example_kubernetes_executor' retrieved from /home/airflow/.local/lib/python3.8/site-packages/airflow/example_dags/example_kubernetes_executor.py
[2024-06-12T18:07:19.601+0000] {logging_mixin.py:188} INFO - [2024-06-12T18:07:19.601+0000] {dag.py:3036} INFO - Sync 1 DAGs
[2024-06-12T18:07:19.620+0000] {logging_mixin.py:188} INFO - [2024-06-12T18:07:19.619+0000] {dag.py:3823} INFO - Setting next_dagrun for example_kubernetes_executor to None, run_after=None
[2024-06-12T18:07:19.655+0000] {processor.py:183} INFO - Processing /home/airflow/.local/lib/python3.8/site-packages/airflow/example_dags/example_kubernetes_executor.py took 0.136 seconds
[2024-06-12T18:08:00.009+0000] {processor.py:161} INFO - Started process (PID=418) to work on /home/airflow/.local/lib/python3.8/site-packages/airflow/example_dags/example_kubernetes_executor.py
[2024-06-12T18:08:00.015+0000] {processor.py:830} INFO - Processing file /home/airflow/.local/lib/python3.8/site-packages/airflow/example_dags/example_kubernetes_executor.py for tasks to queue
[2024-06-12T18:08:00.021+0000] {logging_mixin.py:188} INFO - [2024-06-12T18:08:00.021+0000] {dagbag.py:538} INFO - Filling up the DagBag from /home/airflow/.local/lib/python3.8/site-packages/airflow/example_dags/example_kubernetes_executor.py
[2024-06-12T18:08:00.083+0000] {processor.py:840} INFO - DAG(s) 'example_kubernetes_executor' retrieved from /home/airflow/.local/lib/python3.8/site-packages/airflow/example_dags/example_kubernetes_executor.py
[2024-06-12T18:08:00.208+0000] {logging_mixin.py:188} INFO - [2024-06-12T18:08:00.208+0000] {dag.py:3036} INFO - Sync 1 DAGs
[2024-06-12T18:08:00.230+0000] {logging_mixin.py:188} INFO - [2024-06-12T18:08:00.229+0000] {dag.py:3823} INFO - Setting next_dagrun for example_kubernetes_executor to None, run_after=None
[2024-06-12T18:08:00.290+0000] {processor.py:183} INFO - Processing /home/airflow/.local/lib/python3.8/site-packages/airflow/example_dags/example_kubernetes_executor.py took 0.286 seconds
[2024-06-12T18:08:38.313+0000] {processor.py:161} INFO - Started process (PID=489) to work on /home/airflow/.local/lib/python3.8/site-packages/airflow/example_dags/example_kubernetes_executor.py
[2024-06-12T18:08:38.315+0000] {processor.py:830} INFO - Processing file /home/airflow/.local/lib/python3.8/site-packages/airflow/example_dags/example_kubernetes_executor.py for tasks to queue
[2024-06-12T18:08:38.317+0000] {logging_mixin.py:188} INFO - [2024-06-12T18:08:38.316+0000] {dagbag.py:538} INFO - Filling up the DagBag from /home/airflow/.local/lib/python3.8/site-packages/airflow/example_dags/example_kubernetes_executor.py
[2024-06-12T18:08:38.344+0000] {processor.py:840} INFO - DAG(s) 'example_kubernetes_executor' retrieved from /home/airflow/.local/lib/python3.8/site-packages/airflow/example_dags/example_kubernetes_executor.py
[2024-06-12T18:08:38.404+0000] {logging_mixin.py:188} INFO - [2024-06-12T18:08:38.404+0000] {dag.py:3036} INFO - Sync 1 DAGs
[2024-06-12T18:08:38.429+0000] {logging_mixin.py:188} INFO - [2024-06-12T18:08:38.429+0000] {dag.py:3823} INFO - Setting next_dagrun for example_kubernetes_executor to None, run_after=None
[2024-06-12T18:08:38.478+0000] {processor.py:183} INFO - Processing /home/airflow/.local/lib/python3.8/site-packages/airflow/example_dags/example_kubernetes_executor.py took 0.169 seconds
[2024-06-12T18:09:09.387+0000] {processor.py:161} INFO - Started process (PID=549) to work on /home/airflow/.local/lib/python3.8/site-packages/airflow/example_dags/example_kubernetes_executor.py
[2024-06-12T18:09:09.388+0000] {processor.py:830} INFO - Processing file /home/airflow/.local/lib/python3.8/site-packages/airflow/example_dags/example_kubernetes_executor.py for tasks to queue
[2024-06-12T18:09:09.389+0000] {logging_mixin.py:188} INFO - [2024-06-12T18:09:09.389+0000] {dagbag.py:538} INFO - Filling up the DagBag from /home/airflow/.local/lib/python3.8/site-packages/airflow/example_dags/example_kubernetes_executor.py
[2024-06-12T18:09:09.410+0000] {processor.py:840} INFO - DAG(s) 'example_kubernetes_executor' retrieved from /home/airflow/.local/lib/python3.8/site-packages/airflow/example_dags/example_kubernetes_executor.py
[2024-06-12T18:09:09.425+0000] {logging_mixin.py:188} INFO - [2024-06-12T18:09:09.424+0000] {dag.py:3036} INFO - Sync 1 DAGs
[2024-06-12T18:09:09.440+0000] {logging_mixin.py:188} INFO - [2024-06-12T18:09:09.439+0000] {dag.py:3823} INFO - Setting next_dagrun for example_kubernetes_executor to None, run_after=None
[2024-06-12T18:09:09.465+0000] {processor.py:183} INFO - Processing /home/airflow/.local/lib/python3.8/site-packages/airflow/example_dags/example_kubernetes_executor.py took 0.083 seconds
[2024-06-12T18:09:40.587+0000] {processor.py:161} INFO - Started process (PID=606) to work on /home/airflow/.local/lib/python3.8/site-packages/airflow/example_dags/example_kubernetes_executor.py
[2024-06-12T18:09:40.589+0000] {processor.py:830} INFO - Processing file /home/airflow/.local/lib/python3.8/site-packages/airflow/example_dags/example_kubernetes_executor.py for tasks to queue
[2024-06-12T18:09:40.590+0000] {logging_mixin.py:188} INFO - [2024-06-12T18:09:40.589+0000] {dagbag.py:538} INFO - Filling up the DagBag from /home/airflow/.local/lib/python3.8/site-packages/airflow/example_dags/example_kubernetes_executor.py
[2024-06-12T18:09:40.609+0000] {processor.py:840} INFO - DAG(s) 'example_kubernetes_executor' retrieved from /home/airflow/.local/lib/python3.8/site-packages/airflow/example_dags/example_kubernetes_executor.py
[2024-06-12T18:09:40.743+0000] {logging_mixin.py:188} INFO - [2024-06-12T18:09:40.742+0000] {dag.py:3036} INFO - Sync 1 DAGs
[2024-06-12T18:09:40.757+0000] {logging_mixin.py:188} INFO - [2024-06-12T18:09:40.757+0000] {dag.py:3823} INFO - Setting next_dagrun for example_kubernetes_executor to None, run_after=None
[2024-06-12T18:09:40.786+0000] {processor.py:183} INFO - Processing /home/airflow/.local/lib/python3.8/site-packages/airflow/example_dags/example_kubernetes_executor.py took 0.202 seconds
[2024-06-12T18:10:11.767+0000] {processor.py:161} INFO - Started process (PID=665) to work on /home/airflow/.local/lib/python3.8/site-packages/airflow/example_dags/example_kubernetes_executor.py
[2024-06-12T18:10:11.768+0000] {processor.py:830} INFO - Processing file /home/airflow/.local/lib/python3.8/site-packages/airflow/example_dags/example_kubernetes_executor.py for tasks to queue
[2024-06-12T18:10:11.769+0000] {logging_mixin.py:188} INFO - [2024-06-12T18:10:11.768+0000] {dagbag.py:538} INFO - Filling up the DagBag from /home/airflow/.local/lib/python3.8/site-packages/airflow/example_dags/example_kubernetes_executor.py
[2024-06-12T18:10:11.789+0000] {processor.py:840} INFO - DAG(s) 'example_kubernetes_executor' retrieved from /home/airflow/.local/lib/python3.8/site-packages/airflow/example_dags/example_kubernetes_executor.py
[2024-06-12T18:10:11.828+0000] {logging_mixin.py:188} INFO - [2024-06-12T18:10:11.828+0000] {dag.py:3036} INFO - Sync 1 DAGs
[2024-06-12T18:10:11.846+0000] {logging_mixin.py:188} INFO - [2024-06-12T18:10:11.846+0000] {dag.py:3823} INFO - Setting next_dagrun for example_kubernetes_executor to None, run_after=None
[2024-06-12T18:10:11.875+0000] {processor.py:183} INFO - Processing /home/airflow/.local/lib/python3.8/site-packages/airflow/example_dags/example_kubernetes_executor.py took 0.112 seconds
[2024-06-12T18:10:42.590+0000] {processor.py:161} INFO - Started process (PID=722) to work on /home/airflow/.local/lib/python3.8/site-packages/airflow/example_dags/example_kubernetes_executor.py
[2024-06-12T18:10:42.591+0000] {processor.py:830} INFO - Processing file /home/airflow/.local/lib/python3.8/site-packages/airflow/example_dags/example_kubernetes_executor.py for tasks to queue
[2024-06-12T18:10:42.592+0000] {logging_mixin.py:188} INFO - [2024-06-12T18:10:42.591+0000] {dagbag.py:538} INFO - Filling up the DagBag from /home/airflow/.local/lib/python3.8/site-packages/airflow/example_dags/example_kubernetes_executor.py
[2024-06-12T18:10:42.609+0000] {processor.py:840} INFO - DAG(s) 'example_kubernetes_executor' retrieved from /home/airflow/.local/lib/python3.8/site-packages/airflow/example_dags/example_kubernetes_executor.py
[2024-06-12T18:10:42.649+0000] {logging_mixin.py:188} INFO - [2024-06-12T18:10:42.649+0000] {dag.py:3036} INFO - Sync 1 DAGs
[2024-06-12T18:10:42.661+0000] {logging_mixin.py:188} INFO - [2024-06-12T18:10:42.661+0000] {dag.py:3823} INFO - Setting next_dagrun for example_kubernetes_executor to None, run_after=None
[2024-06-12T18:10:42.683+0000] {processor.py:183} INFO - Processing /home/airflow/.local/lib/python3.8/site-packages/airflow/example_dags/example_kubernetes_executor.py took 0.097 seconds
[2024-06-12T18:11:13.291+0000] {processor.py:161} INFO - Started process (PID=779) to work on /home/airflow/.local/lib/python3.8/site-packages/airflow/example_dags/example_kubernetes_executor.py
[2024-06-12T18:11:13.292+0000] {processor.py:830} INFO - Processing file /home/airflow/.local/lib/python3.8/site-packages/airflow/example_dags/example_kubernetes_executor.py for tasks to queue
[2024-06-12T18:11:13.293+0000] {logging_mixin.py:188} INFO - [2024-06-12T18:11:13.293+0000] {dagbag.py:538} INFO - Filling up the DagBag from /home/airflow/.local/lib/python3.8/site-packages/airflow/example_dags/example_kubernetes_executor.py
[2024-06-12T18:11:13.307+0000] {processor.py:840} INFO - DAG(s) 'example_kubernetes_executor' retrieved from /home/airflow/.local/lib/python3.8/site-packages/airflow/example_dags/example_kubernetes_executor.py
[2024-06-12T18:11:13.346+0000] {logging_mixin.py:188} INFO - [2024-06-12T18:11:13.346+0000] {dag.py:3036} INFO - Sync 1 DAGs
[2024-06-12T18:11:13.358+0000] {logging_mixin.py:188} INFO - [2024-06-12T18:11:13.358+0000] {dag.py:3823} INFO - Setting next_dagrun for example_kubernetes_executor to None, run_after=None
[2024-06-12T18:11:13.381+0000] {processor.py:183} INFO - Processing /home/airflow/.local/lib/python3.8/site-packages/airflow/example_dags/example_kubernetes_executor.py took 0.093 seconds
[2024-06-12T18:11:43.470+0000] {processor.py:161} INFO - Started process (PID=836) to work on /home/airflow/.local/lib/python3.8/site-packages/airflow/example_dags/example_kubernetes_executor.py
[2024-06-12T18:11:43.471+0000] {processor.py:830} INFO - Processing file /home/airflow/.local/lib/python3.8/site-packages/airflow/example_dags/example_kubernetes_executor.py for tasks to queue
[2024-06-12T18:11:43.472+0000] {logging_mixin.py:188} INFO - [2024-06-12T18:11:43.472+0000] {dagbag.py:538} INFO - Filling up the DagBag from /home/airflow/.local/lib/python3.8/site-packages/airflow/example_dags/example_kubernetes_executor.py
[2024-06-12T18:11:43.487+0000] {processor.py:840} INFO - DAG(s) 'example_kubernetes_executor' retrieved from /home/airflow/.local/lib/python3.8/site-packages/airflow/example_dags/example_kubernetes_executor.py
[2024-06-12T18:11:43.529+0000] {logging_mixin.py:188} INFO - [2024-06-12T18:11:43.528+0000] {dag.py:3036} INFO - Sync 1 DAGs
[2024-06-12T18:11:43.542+0000] {logging_mixin.py:188} INFO - [2024-06-12T18:11:43.542+0000] {dag.py:3823} INFO - Setting next_dagrun for example_kubernetes_executor to None, run_after=None
[2024-06-12T18:11:43.563+0000] {processor.py:183} INFO - Processing /home/airflow/.local/lib/python3.8/site-packages/airflow/example_dags/example_kubernetes_executor.py took 0.097 seconds
[2024-06-12T18:14:51.396+0000] {processor.py:161} INFO - Started process (PID=64) to work on /home/airflow/.local/lib/python3.8/site-packages/airflow/example_dags/example_kubernetes_executor.py
[2024-06-12T18:14:51.398+0000] {processor.py:830} INFO - Processing file /home/airflow/.local/lib/python3.8/site-packages/airflow/example_dags/example_kubernetes_executor.py for tasks to queue
[2024-06-12T18:14:51.402+0000] {logging_mixin.py:188} INFO - [2024-06-12T18:14:51.401+0000] {dagbag.py:538} INFO - Filling up the DagBag from /home/airflow/.local/lib/python3.8/site-packages/airflow/example_dags/example_kubernetes_executor.py
[2024-06-12T18:14:51.427+0000] {processor.py:840} INFO - DAG(s) 'example_kubernetes_executor' retrieved from /home/airflow/.local/lib/python3.8/site-packages/airflow/example_dags/example_kubernetes_executor.py
[2024-06-12T18:14:51.488+0000] {logging_mixin.py:188} INFO - [2024-06-12T18:14:51.488+0000] {dag.py:3036} INFO - Sync 1 DAGs
[2024-06-12T18:14:51.515+0000] {logging_mixin.py:188} INFO - [2024-06-12T18:14:51.514+0000] {dag.py:3823} INFO - Setting next_dagrun for example_kubernetes_executor to None, run_after=None
[2024-06-12T18:14:51.550+0000] {processor.py:183} INFO - Processing /home/airflow/.local/lib/python3.8/site-packages/airflow/example_dags/example_kubernetes_executor.py took 0.163 seconds
[2024-06-12T18:15:22.212+0000] {processor.py:161} INFO - Started process (PID=121) to work on /home/airflow/.local/lib/python3.8/site-packages/airflow/example_dags/example_kubernetes_executor.py
[2024-06-12T18:15:22.216+0000] {processor.py:830} INFO - Processing file /home/airflow/.local/lib/python3.8/site-packages/airflow/example_dags/example_kubernetes_executor.py for tasks to queue
[2024-06-12T18:15:22.218+0000] {logging_mixin.py:188} INFO - [2024-06-12T18:15:22.217+0000] {dagbag.py:538} INFO - Filling up the DagBag from /home/airflow/.local/lib/python3.8/site-packages/airflow/example_dags/example_kubernetes_executor.py
[2024-06-12T18:15:22.242+0000] {processor.py:840} INFO - DAG(s) 'example_kubernetes_executor' retrieved from /home/airflow/.local/lib/python3.8/site-packages/airflow/example_dags/example_kubernetes_executor.py
[2024-06-12T18:15:22.263+0000] {logging_mixin.py:188} INFO - [2024-06-12T18:15:22.263+0000] {dag.py:3036} INFO - Sync 1 DAGs
[2024-06-12T18:15:22.279+0000] {logging_mixin.py:188} INFO - [2024-06-12T18:15:22.279+0000] {dag.py:3823} INFO - Setting next_dagrun for example_kubernetes_executor to None, run_after=None
[2024-06-12T18:15:22.304+0000] {processor.py:183} INFO - Processing /home/airflow/.local/lib/python3.8/site-packages/airflow/example_dags/example_kubernetes_executor.py took 0.096 seconds
[2024-06-12T18:15:52.697+0000] {processor.py:161} INFO - Started process (PID=178) to work on /home/airflow/.local/lib/python3.8/site-packages/airflow/example_dags/example_kubernetes_executor.py
[2024-06-12T18:15:52.698+0000] {processor.py:830} INFO - Processing file /home/airflow/.local/lib/python3.8/site-packages/airflow/example_dags/example_kubernetes_executor.py for tasks to queue
[2024-06-12T18:15:52.699+0000] {logging_mixin.py:188} INFO - [2024-06-12T18:15:52.699+0000] {dagbag.py:538} INFO - Filling up the DagBag from /home/airflow/.local/lib/python3.8/site-packages/airflow/example_dags/example_kubernetes_executor.py
[2024-06-12T18:15:52.717+0000] {processor.py:840} INFO - DAG(s) 'example_kubernetes_executor' retrieved from /home/airflow/.local/lib/python3.8/site-packages/airflow/example_dags/example_kubernetes_executor.py
[2024-06-12T18:15:52.860+0000] {logging_mixin.py:188} INFO - [2024-06-12T18:15:52.860+0000] {dag.py:3036} INFO - Sync 1 DAGs
[2024-06-12T18:15:52.872+0000] {logging_mixin.py:188} INFO - [2024-06-12T18:15:52.871+0000] {dag.py:3823} INFO - Setting next_dagrun for example_kubernetes_executor to None, run_after=None
[2024-06-12T18:15:52.896+0000] {processor.py:183} INFO - Processing /home/airflow/.local/lib/python3.8/site-packages/airflow/example_dags/example_kubernetes_executor.py took 0.203 seconds
[2024-06-12T18:16:23.330+0000] {processor.py:161} INFO - Started process (PID=235) to work on /home/airflow/.local/lib/python3.8/site-packages/airflow/example_dags/example_kubernetes_executor.py
[2024-06-12T18:16:23.331+0000] {processor.py:830} INFO - Processing file /home/airflow/.local/lib/python3.8/site-packages/airflow/example_dags/example_kubernetes_executor.py for tasks to queue
[2024-06-12T18:16:23.333+0000] {logging_mixin.py:188} INFO - [2024-06-12T18:16:23.333+0000] {dagbag.py:538} INFO - Filling up the DagBag from /home/airflow/.local/lib/python3.8/site-packages/airflow/example_dags/example_kubernetes_executor.py
[2024-06-12T18:16:23.349+0000] {processor.py:840} INFO - DAG(s) 'example_kubernetes_executor' retrieved from /home/airflow/.local/lib/python3.8/site-packages/airflow/example_dags/example_kubernetes_executor.py
[2024-06-12T18:16:23.361+0000] {logging_mixin.py:188} INFO - [2024-06-12T18:16:23.360+0000] {dag.py:3036} INFO - Sync 1 DAGs
[2024-06-12T18:16:23.379+0000] {logging_mixin.py:188} INFO - [2024-06-12T18:16:23.378+0000] {dag.py:3823} INFO - Setting next_dagrun for example_kubernetes_executor to None, run_after=None
[2024-06-12T18:16:23.408+0000] {processor.py:183} INFO - Processing /home/airflow/.local/lib/python3.8/site-packages/airflow/example_dags/example_kubernetes_executor.py took 0.082 seconds
[2024-06-12T18:16:54.612+0000] {processor.py:161} INFO - Started process (PID=298) to work on /home/airflow/.local/lib/python3.8/site-packages/airflow/example_dags/example_kubernetes_executor.py
[2024-06-12T18:16:54.614+0000] {processor.py:830} INFO - Processing file /home/airflow/.local/lib/python3.8/site-packages/airflow/example_dags/example_kubernetes_executor.py for tasks to queue
[2024-06-12T18:16:54.616+0000] {logging_mixin.py:188} INFO - [2024-06-12T18:16:54.615+0000] {dagbag.py:538} INFO - Filling up the DagBag from /home/airflow/.local/lib/python3.8/site-packages/airflow/example_dags/example_kubernetes_executor.py
[2024-06-12T18:16:54.636+0000] {processor.py:840} INFO - DAG(s) 'example_kubernetes_executor' retrieved from /home/airflow/.local/lib/python3.8/site-packages/airflow/example_dags/example_kubernetes_executor.py
[2024-06-12T18:16:54.794+0000] {logging_mixin.py:188} INFO - [2024-06-12T18:16:54.793+0000] {dag.py:3036} INFO - Sync 1 DAGs
[2024-06-12T18:16:54.806+0000] {logging_mixin.py:188} INFO - [2024-06-12T18:16:54.806+0000] {dag.py:3823} INFO - Setting next_dagrun for example_kubernetes_executor to None, run_after=None
[2024-06-12T18:16:54.832+0000] {processor.py:183} INFO - Processing /home/airflow/.local/lib/python3.8/site-packages/airflow/example_dags/example_kubernetes_executor.py took 0.223 seconds
[2024-06-12T18:17:24.995+0000] {processor.py:161} INFO - Started process (PID=355) to work on /home/airflow/.local/lib/python3.8/site-packages/airflow/example_dags/example_kubernetes_executor.py
[2024-06-12T18:17:24.996+0000] {processor.py:830} INFO - Processing file /home/airflow/.local/lib/python3.8/site-packages/airflow/example_dags/example_kubernetes_executor.py for tasks to queue
[2024-06-12T18:17:24.998+0000] {logging_mixin.py:188} INFO - [2024-06-12T18:17:24.998+0000] {dagbag.py:538} INFO - Filling up the DagBag from /home/airflow/.local/lib/python3.8/site-packages/airflow/example_dags/example_kubernetes_executor.py
[2024-06-12T18:17:25.017+0000] {processor.py:840} INFO - DAG(s) 'example_kubernetes_executor' retrieved from /home/airflow/.local/lib/python3.8/site-packages/airflow/example_dags/example_kubernetes_executor.py
[2024-06-12T18:17:25.070+0000] {logging_mixin.py:188} INFO - [2024-06-12T18:17:25.069+0000] {dag.py:3036} INFO - Sync 1 DAGs
[2024-06-12T18:17:25.088+0000] {logging_mixin.py:188} INFO - [2024-06-12T18:17:25.087+0000] {dag.py:3823} INFO - Setting next_dagrun for example_kubernetes_executor to None, run_after=None
[2024-06-12T18:17:25.116+0000] {processor.py:183} INFO - Processing /home/airflow/.local/lib/python3.8/site-packages/airflow/example_dags/example_kubernetes_executor.py took 0.124 seconds
[2024-06-12T18:18:46.839+0000] {processor.py:161} INFO - Started process (PID=64) to work on /home/airflow/.local/lib/python3.8/site-packages/airflow/example_dags/example_kubernetes_executor.py
[2024-06-12T18:18:46.840+0000] {processor.py:830} INFO - Processing file /home/airflow/.local/lib/python3.8/site-packages/airflow/example_dags/example_kubernetes_executor.py for tasks to queue
[2024-06-12T18:18:46.842+0000] {logging_mixin.py:188} INFO - [2024-06-12T18:18:46.841+0000] {dagbag.py:538} INFO - Filling up the DagBag from /home/airflow/.local/lib/python3.8/site-packages/airflow/example_dags/example_kubernetes_executor.py
[2024-06-12T18:18:46.859+0000] {processor.py:840} INFO - DAG(s) 'example_kubernetes_executor' retrieved from /home/airflow/.local/lib/python3.8/site-packages/airflow/example_dags/example_kubernetes_executor.py
[2024-06-12T18:18:46.871+0000] {logging_mixin.py:188} INFO - [2024-06-12T18:18:46.870+0000] {dag.py:3036} INFO - Sync 1 DAGs
[2024-06-12T18:18:46.887+0000] {logging_mixin.py:188} INFO - [2024-06-12T18:18:46.887+0000] {dag.py:3823} INFO - Setting next_dagrun for example_kubernetes_executor to None, run_after=None
[2024-06-12T18:18:46.914+0000] {processor.py:183} INFO - Processing /home/airflow/.local/lib/python3.8/site-packages/airflow/example_dags/example_kubernetes_executor.py took 0.079 seconds
[2024-06-12T18:19:18.071+0000] {processor.py:161} INFO - Started process (PID=121) to work on /home/airflow/.local/lib/python3.8/site-packages/airflow/example_dags/example_kubernetes_executor.py
[2024-06-12T18:19:18.072+0000] {processor.py:830} INFO - Processing file /home/airflow/.local/lib/python3.8/site-packages/airflow/example_dags/example_kubernetes_executor.py for tasks to queue
[2024-06-12T18:19:18.074+0000] {logging_mixin.py:188} INFO - [2024-06-12T18:19:18.073+0000] {dagbag.py:538} INFO - Filling up the DagBag from /home/airflow/.local/lib/python3.8/site-packages/airflow/example_dags/example_kubernetes_executor.py
[2024-06-12T18:19:18.095+0000] {processor.py:840} INFO - DAG(s) 'example_kubernetes_executor' retrieved from /home/airflow/.local/lib/python3.8/site-packages/airflow/example_dags/example_kubernetes_executor.py
[2024-06-12T18:19:18.112+0000] {logging_mixin.py:188} INFO - [2024-06-12T18:19:18.111+0000] {dag.py:3036} INFO - Sync 1 DAGs
[2024-06-12T18:19:18.131+0000] {logging_mixin.py:188} INFO - [2024-06-12T18:19:18.130+0000] {dag.py:3823} INFO - Setting next_dagrun for example_kubernetes_executor to None, run_after=None
[2024-06-12T18:19:18.169+0000] {processor.py:183} INFO - Processing /home/airflow/.local/lib/python3.8/site-packages/airflow/example_dags/example_kubernetes_executor.py took 0.102 seconds
[2024-06-12T18:19:50.241+0000] {processor.py:161} INFO - Started process (PID=178) to work on /home/airflow/.local/lib/python3.8/site-packages/airflow/example_dags/example_kubernetes_executor.py
[2024-06-12T18:19:50.242+0000] {processor.py:830} INFO - Processing file /home/airflow/.local/lib/python3.8/site-packages/airflow/example_dags/example_kubernetes_executor.py for tasks to queue
[2024-06-12T18:19:50.245+0000] {logging_mixin.py:188} INFO - [2024-06-12T18:19:50.245+0000] {dagbag.py:538} INFO - Filling up the DagBag from /home/airflow/.local/lib/python3.8/site-packages/airflow/example_dags/example_kubernetes_executor.py
[2024-06-12T18:19:50.267+0000] {processor.py:840} INFO - DAG(s) 'example_kubernetes_executor' retrieved from /home/airflow/.local/lib/python3.8/site-packages/airflow/example_dags/example_kubernetes_executor.py
[2024-06-12T18:19:50.439+0000] {logging_mixin.py:188} INFO - [2024-06-12T18:19:50.438+0000] {dag.py:3036} INFO - Sync 1 DAGs
[2024-06-12T18:19:50.457+0000] {logging_mixin.py:188} INFO - [2024-06-12T18:19:50.457+0000] {dag.py:3823} INFO - Setting next_dagrun for example_kubernetes_executor to None, run_after=None
[2024-06-12T18:19:50.491+0000] {processor.py:183} INFO - Processing /home/airflow/.local/lib/python3.8/site-packages/airflow/example_dags/example_kubernetes_executor.py took 0.253 seconds
[2024-06-12T18:20:20.742+0000] {processor.py:161} INFO - Started process (PID=235) to work on /home/airflow/.local/lib/python3.8/site-packages/airflow/example_dags/example_kubernetes_executor.py
[2024-06-12T18:20:20.743+0000] {processor.py:830} INFO - Processing file /home/airflow/.local/lib/python3.8/site-packages/airflow/example_dags/example_kubernetes_executor.py for tasks to queue
[2024-06-12T18:20:20.746+0000] {logging_mixin.py:188} INFO - [2024-06-12T18:20:20.745+0000] {dagbag.py:538} INFO - Filling up the DagBag from /home/airflow/.local/lib/python3.8/site-packages/airflow/example_dags/example_kubernetes_executor.py
[2024-06-12T18:20:20.766+0000] {processor.py:840} INFO - DAG(s) 'example_kubernetes_executor' retrieved from /home/airflow/.local/lib/python3.8/site-packages/airflow/example_dags/example_kubernetes_executor.py
[2024-06-12T18:20:20.814+0000] {logging_mixin.py:188} INFO - [2024-06-12T18:20:20.813+0000] {dag.py:3036} INFO - Sync 1 DAGs
[2024-06-12T18:20:20.831+0000] {logging_mixin.py:188} INFO - [2024-06-12T18:20:20.830+0000] {dag.py:3823} INFO - Setting next_dagrun for example_kubernetes_executor to None, run_after=None
[2024-06-12T18:20:20.859+0000] {processor.py:183} INFO - Processing /home/airflow/.local/lib/python3.8/site-packages/airflow/example_dags/example_kubernetes_executor.py took 0.120 seconds
[2024-06-12T18:20:51.352+0000] {processor.py:161} INFO - Started process (PID=292) to work on /home/airflow/.local/lib/python3.8/site-packages/airflow/example_dags/example_kubernetes_executor.py
[2024-06-12T18:20:51.353+0000] {processor.py:830} INFO - Processing file /home/airflow/.local/lib/python3.8/site-packages/airflow/example_dags/example_kubernetes_executor.py for tasks to queue
[2024-06-12T18:20:51.356+0000] {logging_mixin.py:188} INFO - [2024-06-12T18:20:51.355+0000] {dagbag.py:538} INFO - Filling up the DagBag from /home/airflow/.local/lib/python3.8/site-packages/airflow/example_dags/example_kubernetes_executor.py
[2024-06-12T18:20:51.376+0000] {processor.py:840} INFO - DAG(s) 'example_kubernetes_executor' retrieved from /home/airflow/.local/lib/python3.8/site-packages/airflow/example_dags/example_kubernetes_executor.py
[2024-06-12T18:20:51.431+0000] {logging_mixin.py:188} INFO - [2024-06-12T18:20:51.430+0000] {dag.py:3036} INFO - Sync 1 DAGs
[2024-06-12T18:20:51.456+0000] {logging_mixin.py:188} INFO - [2024-06-12T18:20:51.450+0000] {dag.py:3823} INFO - Setting next_dagrun for example_kubernetes_executor to None, run_after=None
[2024-06-12T18:20:51.493+0000] {processor.py:183} INFO - Processing /home/airflow/.local/lib/python3.8/site-packages/airflow/example_dags/example_kubernetes_executor.py took 0.145 seconds
[2024-06-12T18:21:21.759+0000] {processor.py:161} INFO - Started process (PID=349) to work on /home/airflow/.local/lib/python3.8/site-packages/airflow/example_dags/example_kubernetes_executor.py
[2024-06-12T18:21:21.760+0000] {processor.py:830} INFO - Processing file /home/airflow/.local/lib/python3.8/site-packages/airflow/example_dags/example_kubernetes_executor.py for tasks to queue
[2024-06-12T18:21:21.762+0000] {logging_mixin.py:188} INFO - [2024-06-12T18:21:21.762+0000] {dagbag.py:538} INFO - Filling up the DagBag from /home/airflow/.local/lib/python3.8/site-packages/airflow/example_dags/example_kubernetes_executor.py
[2024-06-12T18:21:21.779+0000] {processor.py:840} INFO - DAG(s) 'example_kubernetes_executor' retrieved from /home/airflow/.local/lib/python3.8/site-packages/airflow/example_dags/example_kubernetes_executor.py
[2024-06-12T18:21:21.828+0000] {logging_mixin.py:188} INFO - [2024-06-12T18:21:21.828+0000] {dag.py:3036} INFO - Sync 1 DAGs
[2024-06-12T18:21:21.844+0000] {logging_mixin.py:188} INFO - [2024-06-12T18:21:21.844+0000] {dag.py:3823} INFO - Setting next_dagrun for example_kubernetes_executor to None, run_after=None
[2024-06-12T18:21:21.873+0000] {processor.py:183} INFO - Processing /home/airflow/.local/lib/python3.8/site-packages/airflow/example_dags/example_kubernetes_executor.py took 0.117 seconds
[2024-06-12T18:21:52.039+0000] {processor.py:161} INFO - Started process (PID=406) to work on /home/airflow/.local/lib/python3.8/site-packages/airflow/example_dags/example_kubernetes_executor.py
[2024-06-12T18:21:52.040+0000] {processor.py:830} INFO - Processing file /home/airflow/.local/lib/python3.8/site-packages/airflow/example_dags/example_kubernetes_executor.py for tasks to queue
[2024-06-12T18:21:52.042+0000] {logging_mixin.py:188} INFO - [2024-06-12T18:21:52.042+0000] {dagbag.py:538} INFO - Filling up the DagBag from /home/airflow/.local/lib/python3.8/site-packages/airflow/example_dags/example_kubernetes_executor.py
[2024-06-12T18:21:52.062+0000] {processor.py:840} INFO - DAG(s) 'example_kubernetes_executor' retrieved from /home/airflow/.local/lib/python3.8/site-packages/airflow/example_dags/example_kubernetes_executor.py
[2024-06-12T18:21:52.111+0000] {logging_mixin.py:188} INFO - [2024-06-12T18:21:52.111+0000] {dag.py:3036} INFO - Sync 1 DAGs
[2024-06-12T18:21:52.129+0000] {logging_mixin.py:188} INFO - [2024-06-12T18:21:52.128+0000] {dag.py:3823} INFO - Setting next_dagrun for example_kubernetes_executor to None, run_after=None
[2024-06-12T18:21:52.158+0000] {processor.py:183} INFO - Processing /home/airflow/.local/lib/python3.8/site-packages/airflow/example_dags/example_kubernetes_executor.py took 0.122 seconds
[2024-06-12T18:22:22.994+0000] {processor.py:161} INFO - Started process (PID=463) to work on /home/airflow/.local/lib/python3.8/site-packages/airflow/example_dags/example_kubernetes_executor.py
[2024-06-12T18:22:22.995+0000] {processor.py:830} INFO - Processing file /home/airflow/.local/lib/python3.8/site-packages/airflow/example_dags/example_kubernetes_executor.py for tasks to queue
[2024-06-12T18:22:22.997+0000] {logging_mixin.py:188} INFO - [2024-06-12T18:22:22.997+0000] {dagbag.py:538} INFO - Filling up the DagBag from /home/airflow/.local/lib/python3.8/site-packages/airflow/example_dags/example_kubernetes_executor.py
[2024-06-12T18:22:23.017+0000] {processor.py:840} INFO - DAG(s) 'example_kubernetes_executor' retrieved from /home/airflow/.local/lib/python3.8/site-packages/airflow/example_dags/example_kubernetes_executor.py
[2024-06-12T18:22:23.066+0000] {logging_mixin.py:188} INFO - [2024-06-12T18:22:23.066+0000] {dag.py:3036} INFO - Sync 1 DAGs
[2024-06-12T18:22:23.082+0000] {logging_mixin.py:188} INFO - [2024-06-12T18:22:23.082+0000] {dag.py:3823} INFO - Setting next_dagrun for example_kubernetes_executor to None, run_after=None
[2024-06-12T18:22:23.115+0000] {processor.py:183} INFO - Processing /home/airflow/.local/lib/python3.8/site-packages/airflow/example_dags/example_kubernetes_executor.py took 0.125 seconds
[2024-06-12T18:22:53.861+0000] {processor.py:161} INFO - Started process (PID=520) to work on /home/airflow/.local/lib/python3.8/site-packages/airflow/example_dags/example_kubernetes_executor.py
[2024-06-12T18:22:53.864+0000] {processor.py:830} INFO - Processing file /home/airflow/.local/lib/python3.8/site-packages/airflow/example_dags/example_kubernetes_executor.py for tasks to queue
[2024-06-12T18:22:53.867+0000] {logging_mixin.py:188} INFO - [2024-06-12T18:22:53.867+0000] {dagbag.py:538} INFO - Filling up the DagBag from /home/airflow/.local/lib/python3.8/site-packages/airflow/example_dags/example_kubernetes_executor.py
[2024-06-12T18:22:53.885+0000] {processor.py:840} INFO - DAG(s) 'example_kubernetes_executor' retrieved from /home/airflow/.local/lib/python3.8/site-packages/airflow/example_dags/example_kubernetes_executor.py
[2024-06-12T18:22:53.934+0000] {logging_mixin.py:188} INFO - [2024-06-12T18:22:53.934+0000] {dag.py:3036} INFO - Sync 1 DAGs
[2024-06-12T18:22:53.950+0000] {logging_mixin.py:188} INFO - [2024-06-12T18:22:53.950+0000] {dag.py:3823} INFO - Setting next_dagrun for example_kubernetes_executor to None, run_after=None
[2024-06-12T18:22:53.980+0000] {processor.py:183} INFO - Processing /home/airflow/.local/lib/python3.8/site-packages/airflow/example_dags/example_kubernetes_executor.py took 0.124 seconds
[2024-06-12T18:23:24.172+0000] {processor.py:161} INFO - Started process (PID=577) to work on /home/airflow/.local/lib/python3.8/site-packages/airflow/example_dags/example_kubernetes_executor.py
[2024-06-12T18:23:24.173+0000] {processor.py:830} INFO - Processing file /home/airflow/.local/lib/python3.8/site-packages/airflow/example_dags/example_kubernetes_executor.py for tasks to queue
[2024-06-12T18:23:24.175+0000] {logging_mixin.py:188} INFO - [2024-06-12T18:23:24.175+0000] {dagbag.py:538} INFO - Filling up the DagBag from /home/airflow/.local/lib/python3.8/site-packages/airflow/example_dags/example_kubernetes_executor.py
[2024-06-12T18:23:24.191+0000] {processor.py:840} INFO - DAG(s) 'example_kubernetes_executor' retrieved from /home/airflow/.local/lib/python3.8/site-packages/airflow/example_dags/example_kubernetes_executor.py
[2024-06-12T18:23:24.238+0000] {logging_mixin.py:188} INFO - [2024-06-12T18:23:24.238+0000] {dag.py:3036} INFO - Sync 1 DAGs
[2024-06-12T18:23:24.253+0000] {logging_mixin.py:188} INFO - [2024-06-12T18:23:24.253+0000] {dag.py:3823} INFO - Setting next_dagrun for example_kubernetes_executor to None, run_after=None
[2024-06-12T18:23:24.287+0000] {processor.py:183} INFO - Processing /home/airflow/.local/lib/python3.8/site-packages/airflow/example_dags/example_kubernetes_executor.py took 0.118 seconds
[2024-06-12T18:23:55.317+0000] {processor.py:161} INFO - Started process (PID=634) to work on /home/airflow/.local/lib/python3.8/site-packages/airflow/example_dags/example_kubernetes_executor.py
[2024-06-12T18:23:55.318+0000] {processor.py:830} INFO - Processing file /home/airflow/.local/lib/python3.8/site-packages/airflow/example_dags/example_kubernetes_executor.py for tasks to queue
[2024-06-12T18:23:55.321+0000] {logging_mixin.py:188} INFO - [2024-06-12T18:23:55.320+0000] {dagbag.py:538} INFO - Filling up the DagBag from /home/airflow/.local/lib/python3.8/site-packages/airflow/example_dags/example_kubernetes_executor.py
[2024-06-12T18:23:55.341+0000] {processor.py:840} INFO - DAG(s) 'example_kubernetes_executor' retrieved from /home/airflow/.local/lib/python3.8/site-packages/airflow/example_dags/example_kubernetes_executor.py
[2024-06-12T18:23:55.405+0000] {logging_mixin.py:188} INFO - [2024-06-12T18:23:55.404+0000] {dag.py:3036} INFO - Sync 1 DAGs
[2024-06-12T18:23:55.426+0000] {logging_mixin.py:188} INFO - [2024-06-12T18:23:55.425+0000] {dag.py:3823} INFO - Setting next_dagrun for example_kubernetes_executor to None, run_after=None
[2024-06-12T18:23:55.468+0000] {processor.py:183} INFO - Processing /home/airflow/.local/lib/python3.8/site-packages/airflow/example_dags/example_kubernetes_executor.py took 0.155 seconds
[2024-06-12T18:24:26.361+0000] {processor.py:161} INFO - Started process (PID=690) to work on /home/airflow/.local/lib/python3.8/site-packages/airflow/example_dags/example_kubernetes_executor.py
[2024-06-12T18:24:26.362+0000] {processor.py:830} INFO - Processing file /home/airflow/.local/lib/python3.8/site-packages/airflow/example_dags/example_kubernetes_executor.py for tasks to queue
[2024-06-12T18:24:26.365+0000] {logging_mixin.py:188} INFO - [2024-06-12T18:24:26.364+0000] {dagbag.py:538} INFO - Filling up the DagBag from /home/airflow/.local/lib/python3.8/site-packages/airflow/example_dags/example_kubernetes_executor.py
[2024-06-12T18:24:26.396+0000] {processor.py:840} INFO - DAG(s) 'example_kubernetes_executor' retrieved from /home/airflow/.local/lib/python3.8/site-packages/airflow/example_dags/example_kubernetes_executor.py
[2024-06-12T18:24:26.415+0000] {logging_mixin.py:188} INFO - [2024-06-12T18:24:26.415+0000] {dag.py:3036} INFO - Sync 1 DAGs
[2024-06-12T18:24:26.440+0000] {logging_mixin.py:188} INFO - [2024-06-12T18:24:26.440+0000] {dag.py:3823} INFO - Setting next_dagrun for example_kubernetes_executor to None, run_after=None
[2024-06-12T18:24:26.484+0000] {processor.py:183} INFO - Processing /home/airflow/.local/lib/python3.8/site-packages/airflow/example_dags/example_kubernetes_executor.py took 0.128 seconds
[2024-06-12T18:24:56.919+0000] {processor.py:161} INFO - Started process (PID=746) to work on /home/airflow/.local/lib/python3.8/site-packages/airflow/example_dags/example_kubernetes_executor.py
[2024-06-12T18:24:56.920+0000] {processor.py:830} INFO - Processing file /home/airflow/.local/lib/python3.8/site-packages/airflow/example_dags/example_kubernetes_executor.py for tasks to queue
[2024-06-12T18:24:56.922+0000] {logging_mixin.py:188} INFO - [2024-06-12T18:24:56.921+0000] {dagbag.py:538} INFO - Filling up the DagBag from /home/airflow/.local/lib/python3.8/site-packages/airflow/example_dags/example_kubernetes_executor.py
[2024-06-12T18:24:56.934+0000] {processor.py:840} INFO - DAG(s) 'example_kubernetes_executor' retrieved from /home/airflow/.local/lib/python3.8/site-packages/airflow/example_dags/example_kubernetes_executor.py
[2024-06-12T18:24:57.074+0000] {logging_mixin.py:188} INFO - [2024-06-12T18:24:57.074+0000] {dag.py:3036} INFO - Sync 1 DAGs
[2024-06-12T18:24:57.086+0000] {logging_mixin.py:188} INFO - [2024-06-12T18:24:57.086+0000] {dag.py:3823} INFO - Setting next_dagrun for example_kubernetes_executor to None, run_after=None
[2024-06-12T18:24:57.110+0000] {processor.py:183} INFO - Processing /home/airflow/.local/lib/python3.8/site-packages/airflow/example_dags/example_kubernetes_executor.py took 0.194 seconds
[2024-06-12T18:25:27.420+0000] {processor.py:161} INFO - Started process (PID=803) to work on /home/airflow/.local/lib/python3.8/site-packages/airflow/example_dags/example_kubernetes_executor.py
[2024-06-12T18:25:27.421+0000] {processor.py:830} INFO - Processing file /home/airflow/.local/lib/python3.8/site-packages/airflow/example_dags/example_kubernetes_executor.py for tasks to queue
[2024-06-12T18:25:27.424+0000] {logging_mixin.py:188} INFO - [2024-06-12T18:25:27.423+0000] {dagbag.py:538} INFO - Filling up the DagBag from /home/airflow/.local/lib/python3.8/site-packages/airflow/example_dags/example_kubernetes_executor.py
[2024-06-12T18:25:27.442+0000] {processor.py:840} INFO - DAG(s) 'example_kubernetes_executor' retrieved from /home/airflow/.local/lib/python3.8/site-packages/airflow/example_dags/example_kubernetes_executor.py
[2024-06-12T18:25:27.496+0000] {logging_mixin.py:188} INFO - [2024-06-12T18:25:27.496+0000] {dag.py:3036} INFO - Sync 1 DAGs
[2024-06-12T18:25:27.513+0000] {logging_mixin.py:188} INFO - [2024-06-12T18:25:27.513+0000] {dag.py:3823} INFO - Setting next_dagrun for example_kubernetes_executor to None, run_after=None
[2024-06-12T18:25:27.549+0000] {processor.py:183} INFO - Processing /home/airflow/.local/lib/python3.8/site-packages/airflow/example_dags/example_kubernetes_executor.py took 0.133 seconds
[2024-06-12T18:26:59.400+0000] {processor.py:161} INFO - Started process (PID=64) to work on /home/airflow/.local/lib/python3.8/site-packages/airflow/example_dags/example_kubernetes_executor.py
[2024-06-12T18:26:59.402+0000] {processor.py:830} INFO - Processing file /home/airflow/.local/lib/python3.8/site-packages/airflow/example_dags/example_kubernetes_executor.py for tasks to queue
[2024-06-12T18:26:59.405+0000] {logging_mixin.py:188} INFO - [2024-06-12T18:26:59.405+0000] {dagbag.py:538} INFO - Filling up the DagBag from /home/airflow/.local/lib/python3.8/site-packages/airflow/example_dags/example_kubernetes_executor.py
[2024-06-12T18:26:59.428+0000] {processor.py:840} INFO - DAG(s) 'example_kubernetes_executor' retrieved from /home/airflow/.local/lib/python3.8/site-packages/airflow/example_dags/example_kubernetes_executor.py
[2024-06-12T18:26:59.486+0000] {logging_mixin.py:188} INFO - [2024-06-12T18:26:59.486+0000] {dag.py:3036} INFO - Sync 1 DAGs
[2024-06-12T18:26:59.508+0000] {logging_mixin.py:188} INFO - [2024-06-12T18:26:59.507+0000] {dag.py:3823} INFO - Setting next_dagrun for example_kubernetes_executor to None, run_after=None
[2024-06-12T18:26:59.545+0000] {processor.py:183} INFO - Processing /home/airflow/.local/lib/python3.8/site-packages/airflow/example_dags/example_kubernetes_executor.py took 0.148 seconds
[2024-06-12T18:27:29.713+0000] {processor.py:161} INFO - Started process (PID=121) to work on /home/airflow/.local/lib/python3.8/site-packages/airflow/example_dags/example_kubernetes_executor.py
[2024-06-12T18:27:29.714+0000] {processor.py:830} INFO - Processing file /home/airflow/.local/lib/python3.8/site-packages/airflow/example_dags/example_kubernetes_executor.py for tasks to queue
[2024-06-12T18:27:29.716+0000] {logging_mixin.py:188} INFO - [2024-06-12T18:27:29.716+0000] {dagbag.py:538} INFO - Filling up the DagBag from /home/airflow/.local/lib/python3.8/site-packages/airflow/example_dags/example_kubernetes_executor.py
[2024-06-12T18:27:29.734+0000] {processor.py:840} INFO - DAG(s) 'example_kubernetes_executor' retrieved from /home/airflow/.local/lib/python3.8/site-packages/airflow/example_dags/example_kubernetes_executor.py
[2024-06-12T18:27:29.750+0000] {logging_mixin.py:188} INFO - [2024-06-12T18:27:29.750+0000] {dag.py:3036} INFO - Sync 1 DAGs
[2024-06-12T18:27:29.767+0000] {logging_mixin.py:188} INFO - [2024-06-12T18:27:29.767+0000] {dag.py:3823} INFO - Setting next_dagrun for example_kubernetes_executor to None, run_after=None
[2024-06-12T18:27:29.798+0000] {processor.py:183} INFO - Processing /home/airflow/.local/lib/python3.8/site-packages/airflow/example_dags/example_kubernetes_executor.py took 0.088 seconds
[2024-06-12T18:28:01.966+0000] {processor.py:161} INFO - Started process (PID=178) to work on /home/airflow/.local/lib/python3.8/site-packages/airflow/example_dags/example_kubernetes_executor.py
[2024-06-12T18:28:01.967+0000] {processor.py:830} INFO - Processing file /home/airflow/.local/lib/python3.8/site-packages/airflow/example_dags/example_kubernetes_executor.py for tasks to queue
[2024-06-12T18:28:01.970+0000] {logging_mixin.py:188} INFO - [2024-06-12T18:28:01.969+0000] {dagbag.py:538} INFO - Filling up the DagBag from /home/airflow/.local/lib/python3.8/site-packages/airflow/example_dags/example_kubernetes_executor.py
[2024-06-12T18:28:01.995+0000] {processor.py:840} INFO - DAG(s) 'example_kubernetes_executor' retrieved from /home/airflow/.local/lib/python3.8/site-packages/airflow/example_dags/example_kubernetes_executor.py
[2024-06-12T18:28:02.190+0000] {logging_mixin.py:188} INFO - [2024-06-12T18:28:02.190+0000] {dag.py:3036} INFO - Sync 1 DAGs
[2024-06-12T18:28:02.205+0000] {logging_mixin.py:188} INFO - [2024-06-12T18:28:02.204+0000] {dag.py:3823} INFO - Setting next_dagrun for example_kubernetes_executor to None, run_after=None
[2024-06-12T18:28:02.233+0000] {processor.py:183} INFO - Processing /home/airflow/.local/lib/python3.8/site-packages/airflow/example_dags/example_kubernetes_executor.py took 0.273 seconds
[2024-06-12T18:28:32.361+0000] {processor.py:161} INFO - Started process (PID=235) to work on /home/airflow/.local/lib/python3.8/site-packages/airflow/example_dags/example_kubernetes_executor.py
[2024-06-12T18:28:32.363+0000] {processor.py:830} INFO - Processing file /home/airflow/.local/lib/python3.8/site-packages/airflow/example_dags/example_kubernetes_executor.py for tasks to queue
[2024-06-12T18:28:32.366+0000] {logging_mixin.py:188} INFO - [2024-06-12T18:28:32.365+0000] {dagbag.py:538} INFO - Filling up the DagBag from /home/airflow/.local/lib/python3.8/site-packages/airflow/example_dags/example_kubernetes_executor.py
[2024-06-12T18:28:32.392+0000] {processor.py:840} INFO - DAG(s) 'example_kubernetes_executor' retrieved from /home/airflow/.local/lib/python3.8/site-packages/airflow/example_dags/example_kubernetes_executor.py
[2024-06-12T18:28:32.454+0000] {logging_mixin.py:188} INFO - [2024-06-12T18:28:32.454+0000] {dag.py:3036} INFO - Sync 1 DAGs
[2024-06-12T18:28:32.472+0000] {logging_mixin.py:188} INFO - [2024-06-12T18:28:32.471+0000] {dag.py:3823} INFO - Setting next_dagrun for example_kubernetes_executor to None, run_after=None
[2024-06-12T18:28:32.501+0000] {processor.py:183} INFO - Processing /home/airflow/.local/lib/python3.8/site-packages/airflow/example_dags/example_kubernetes_executor.py took 0.144 seconds
[2024-06-12T18:29:02.946+0000] {processor.py:161} INFO - Started process (PID=292) to work on /home/airflow/.local/lib/python3.8/site-packages/airflow/example_dags/example_kubernetes_executor.py
[2024-06-12T18:29:02.948+0000] {processor.py:830} INFO - Processing file /home/airflow/.local/lib/python3.8/site-packages/airflow/example_dags/example_kubernetes_executor.py for tasks to queue
[2024-06-12T18:29:02.951+0000] {logging_mixin.py:188} INFO - [2024-06-12T18:29:02.951+0000] {dagbag.py:538} INFO - Filling up the DagBag from /home/airflow/.local/lib/python3.8/site-packages/airflow/example_dags/example_kubernetes_executor.py
[2024-06-12T18:29:02.972+0000] {processor.py:840} INFO - DAG(s) 'example_kubernetes_executor' retrieved from /home/airflow/.local/lib/python3.8/site-packages/airflow/example_dags/example_kubernetes_executor.py
[2024-06-12T18:29:03.042+0000] {logging_mixin.py:188} INFO - [2024-06-12T18:29:03.041+0000] {dag.py:3036} INFO - Sync 1 DAGs
[2024-06-12T18:29:03.066+0000] {logging_mixin.py:188} INFO - [2024-06-12T18:29:03.066+0000] {dag.py:3823} INFO - Setting next_dagrun for example_kubernetes_executor to None, run_after=None
[2024-06-12T18:29:03.103+0000] {processor.py:183} INFO - Processing /home/airflow/.local/lib/python3.8/site-packages/airflow/example_dags/example_kubernetes_executor.py took 0.160 seconds
[2024-06-12T18:29:33.192+0000] {processor.py:161} INFO - Started process (PID=349) to work on /home/airflow/.local/lib/python3.8/site-packages/airflow/example_dags/example_kubernetes_executor.py
[2024-06-12T18:29:33.193+0000] {processor.py:830} INFO - Processing file /home/airflow/.local/lib/python3.8/site-packages/airflow/example_dags/example_kubernetes_executor.py for tasks to queue
[2024-06-12T18:29:33.194+0000] {logging_mixin.py:188} INFO - [2024-06-12T18:29:33.194+0000] {dagbag.py:538} INFO - Filling up the DagBag from /home/airflow/.local/lib/python3.8/site-packages/airflow/example_dags/example_kubernetes_executor.py
[2024-06-12T18:29:33.209+0000] {processor.py:840} INFO - DAG(s) 'example_kubernetes_executor' retrieved from /home/airflow/.local/lib/python3.8/site-packages/airflow/example_dags/example_kubernetes_executor.py
[2024-06-12T18:29:33.247+0000] {logging_mixin.py:188} INFO - [2024-06-12T18:29:33.247+0000] {dag.py:3036} INFO - Sync 1 DAGs
[2024-06-12T18:29:33.263+0000] {logging_mixin.py:188} INFO - [2024-06-12T18:29:33.263+0000] {dag.py:3823} INFO - Setting next_dagrun for example_kubernetes_executor to None, run_after=None
[2024-06-12T18:29:33.287+0000] {processor.py:183} INFO - Processing /home/airflow/.local/lib/python3.8/site-packages/airflow/example_dags/example_kubernetes_executor.py took 0.098 seconds
[2024-06-12T18:30:04.442+0000] {processor.py:161} INFO - Started process (PID=406) to work on /home/airflow/.local/lib/python3.8/site-packages/airflow/example_dags/example_kubernetes_executor.py
[2024-06-12T18:30:04.444+0000] {processor.py:830} INFO - Processing file /home/airflow/.local/lib/python3.8/site-packages/airflow/example_dags/example_kubernetes_executor.py for tasks to queue
[2024-06-12T18:30:04.446+0000] {logging_mixin.py:188} INFO - [2024-06-12T18:30:04.446+0000] {dagbag.py:538} INFO - Filling up the DagBag from /home/airflow/.local/lib/python3.8/site-packages/airflow/example_dags/example_kubernetes_executor.py
[2024-06-12T18:30:04.472+0000] {processor.py:840} INFO - DAG(s) 'example_kubernetes_executor' retrieved from /home/airflow/.local/lib/python3.8/site-packages/airflow/example_dags/example_kubernetes_executor.py
[2024-06-12T18:30:04.534+0000] {logging_mixin.py:188} INFO - [2024-06-12T18:30:04.534+0000] {dag.py:3036} INFO - Sync 1 DAGs
[2024-06-12T18:30:04.558+0000] {logging_mixin.py:188} INFO - [2024-06-12T18:30:04.558+0000] {dag.py:3823} INFO - Setting next_dagrun for example_kubernetes_executor to None, run_after=None
[2024-06-12T18:30:04.595+0000] {processor.py:183} INFO - Processing /home/airflow/.local/lib/python3.8/site-packages/airflow/example_dags/example_kubernetes_executor.py took 0.156 seconds
[2024-06-12T18:30:34.645+0000] {processor.py:161} INFO - Started process (PID=463) to work on /home/airflow/.local/lib/python3.8/site-packages/airflow/example_dags/example_kubernetes_executor.py
[2024-06-12T18:30:34.646+0000] {processor.py:830} INFO - Processing file /home/airflow/.local/lib/python3.8/site-packages/airflow/example_dags/example_kubernetes_executor.py for tasks to queue
[2024-06-12T18:30:34.648+0000] {logging_mixin.py:188} INFO - [2024-06-12T18:30:34.647+0000] {dagbag.py:538} INFO - Filling up the DagBag from /home/airflow/.local/lib/python3.8/site-packages/airflow/example_dags/example_kubernetes_executor.py
[2024-06-12T18:30:34.661+0000] {processor.py:840} INFO - DAG(s) 'example_kubernetes_executor' retrieved from /home/airflow/.local/lib/python3.8/site-packages/airflow/example_dags/example_kubernetes_executor.py
[2024-06-12T18:30:34.704+0000] {logging_mixin.py:188} INFO - [2024-06-12T18:30:34.703+0000] {dag.py:3036} INFO - Sync 1 DAGs
[2024-06-12T18:30:34.716+0000] {logging_mixin.py:188} INFO - [2024-06-12T18:30:34.716+0000] {dag.py:3823} INFO - Setting next_dagrun for example_kubernetes_executor to None, run_after=None
[2024-06-12T18:30:34.738+0000] {processor.py:183} INFO - Processing /home/airflow/.local/lib/python3.8/site-packages/airflow/example_dags/example_kubernetes_executor.py took 0.095 seconds
[2024-06-12T18:31:05.545+0000] {processor.py:161} INFO - Started process (PID=520) to work on /home/airflow/.local/lib/python3.8/site-packages/airflow/example_dags/example_kubernetes_executor.py
[2024-06-12T18:31:05.547+0000] {processor.py:830} INFO - Processing file /home/airflow/.local/lib/python3.8/site-packages/airflow/example_dags/example_kubernetes_executor.py for tasks to queue
[2024-06-12T18:31:05.549+0000] {logging_mixin.py:188} INFO - [2024-06-12T18:31:05.549+0000] {dagbag.py:538} INFO - Filling up the DagBag from /home/airflow/.local/lib/python3.8/site-packages/airflow/example_dags/example_kubernetes_executor.py
[2024-06-12T18:31:05.567+0000] {processor.py:840} INFO - DAG(s) 'example_kubernetes_executor' retrieved from /home/airflow/.local/lib/python3.8/site-packages/airflow/example_dags/example_kubernetes_executor.py
[2024-06-12T18:31:05.617+0000] {logging_mixin.py:188} INFO - [2024-06-12T18:31:05.616+0000] {dag.py:3036} INFO - Sync 1 DAGs
[2024-06-12T18:31:05.632+0000] {logging_mixin.py:188} INFO - [2024-06-12T18:31:05.632+0000] {dag.py:3823} INFO - Setting next_dagrun for example_kubernetes_executor to None, run_after=None
[2024-06-12T18:31:05.660+0000] {processor.py:183} INFO - Processing /home/airflow/.local/lib/python3.8/site-packages/airflow/example_dags/example_kubernetes_executor.py took 0.118 seconds
[2024-06-12T18:31:35.847+0000] {processor.py:161} INFO - Started process (PID=577) to work on /home/airflow/.local/lib/python3.8/site-packages/airflow/example_dags/example_kubernetes_executor.py
[2024-06-12T18:31:35.848+0000] {processor.py:830} INFO - Processing file /home/airflow/.local/lib/python3.8/site-packages/airflow/example_dags/example_kubernetes_executor.py for tasks to queue
[2024-06-12T18:31:35.850+0000] {logging_mixin.py:188} INFO - [2024-06-12T18:31:35.849+0000] {dagbag.py:538} INFO - Filling up the DagBag from /home/airflow/.local/lib/python3.8/site-packages/airflow/example_dags/example_kubernetes_executor.py
[2024-06-12T18:31:35.867+0000] {processor.py:840} INFO - DAG(s) 'example_kubernetes_executor' retrieved from /home/airflow/.local/lib/python3.8/site-packages/airflow/example_dags/example_kubernetes_executor.py
[2024-06-12T18:31:35.914+0000] {logging_mixin.py:188} INFO - [2024-06-12T18:31:35.914+0000] {dag.py:3036} INFO - Sync 1 DAGs
[2024-06-12T18:31:35.932+0000] {logging_mixin.py:188} INFO - [2024-06-12T18:31:35.931+0000] {dag.py:3823} INFO - Setting next_dagrun for example_kubernetes_executor to None, run_after=None
[2024-06-12T18:31:35.968+0000] {processor.py:183} INFO - Processing /home/airflow/.local/lib/python3.8/site-packages/airflow/example_dags/example_kubernetes_executor.py took 0.124 seconds
[2024-06-12T18:32:06.127+0000] {processor.py:161} INFO - Started process (PID=632) to work on /home/airflow/.local/lib/python3.8/site-packages/airflow/example_dags/example_kubernetes_executor.py
[2024-06-12T18:32:06.128+0000] {processor.py:830} INFO - Processing file /home/airflow/.local/lib/python3.8/site-packages/airflow/example_dags/example_kubernetes_executor.py for tasks to queue
[2024-06-12T18:32:06.130+0000] {logging_mixin.py:188} INFO - [2024-06-12T18:32:06.130+0000] {dagbag.py:538} INFO - Filling up the DagBag from /home/airflow/.local/lib/python3.8/site-packages/airflow/example_dags/example_kubernetes_executor.py
[2024-06-12T18:32:06.146+0000] {processor.py:840} INFO - DAG(s) 'example_kubernetes_executor' retrieved from /home/airflow/.local/lib/python3.8/site-packages/airflow/example_dags/example_kubernetes_executor.py
[2024-06-12T18:32:06.191+0000] {logging_mixin.py:188} INFO - [2024-06-12T18:32:06.191+0000] {dag.py:3036} INFO - Sync 1 DAGs
[2024-06-12T18:32:06.206+0000] {logging_mixin.py:188} INFO - [2024-06-12T18:32:06.205+0000] {dag.py:3823} INFO - Setting next_dagrun for example_kubernetes_executor to None, run_after=None
[2024-06-12T18:32:06.240+0000] {processor.py:183} INFO - Processing /home/airflow/.local/lib/python3.8/site-packages/airflow/example_dags/example_kubernetes_executor.py took 0.117 seconds
[2024-06-12T18:32:36.924+0000] {processor.py:161} INFO - Started process (PID=689) to work on /home/airflow/.local/lib/python3.8/site-packages/airflow/example_dags/example_kubernetes_executor.py
[2024-06-12T18:32:36.925+0000] {processor.py:830} INFO - Processing file /home/airflow/.local/lib/python3.8/site-packages/airflow/example_dags/example_kubernetes_executor.py for tasks to queue
[2024-06-12T18:32:36.927+0000] {logging_mixin.py:188} INFO - [2024-06-12T18:32:36.927+0000] {dagbag.py:538} INFO - Filling up the DagBag from /home/airflow/.local/lib/python3.8/site-packages/airflow/example_dags/example_kubernetes_executor.py
[2024-06-12T18:32:36.947+0000] {processor.py:840} INFO - DAG(s) 'example_kubernetes_executor' retrieved from /home/airflow/.local/lib/python3.8/site-packages/airflow/example_dags/example_kubernetes_executor.py
[2024-06-12T18:32:37.003+0000] {logging_mixin.py:188} INFO - [2024-06-12T18:32:37.002+0000] {dag.py:3036} INFO - Sync 1 DAGs
[2024-06-12T18:32:37.020+0000] {logging_mixin.py:188} INFO - [2024-06-12T18:32:37.020+0000] {dag.py:3823} INFO - Setting next_dagrun for example_kubernetes_executor to None, run_after=None
[2024-06-12T18:32:37.054+0000] {processor.py:183} INFO - Processing /home/airflow/.local/lib/python3.8/site-packages/airflow/example_dags/example_kubernetes_executor.py took 0.134 seconds
[2024-06-12T18:33:07.227+0000] {processor.py:161} INFO - Started process (PID=747) to work on /home/airflow/.local/lib/python3.8/site-packages/airflow/example_dags/example_kubernetes_executor.py
[2024-06-12T18:33:07.228+0000] {processor.py:830} INFO - Processing file /home/airflow/.local/lib/python3.8/site-packages/airflow/example_dags/example_kubernetes_executor.py for tasks to queue
[2024-06-12T18:33:07.230+0000] {logging_mixin.py:188} INFO - [2024-06-12T18:33:07.230+0000] {dagbag.py:538} INFO - Filling up the DagBag from /home/airflow/.local/lib/python3.8/site-packages/airflow/example_dags/example_kubernetes_executor.py
[2024-06-12T18:33:07.246+0000] {processor.py:840} INFO - DAG(s) 'example_kubernetes_executor' retrieved from /home/airflow/.local/lib/python3.8/site-packages/airflow/example_dags/example_kubernetes_executor.py
[2024-06-12T18:33:07.297+0000] {logging_mixin.py:188} INFO - [2024-06-12T18:33:07.297+0000] {dag.py:3036} INFO - Sync 1 DAGs
[2024-06-12T18:33:07.317+0000] {logging_mixin.py:188} INFO - [2024-06-12T18:33:07.317+0000] {dag.py:3823} INFO - Setting next_dagrun for example_kubernetes_executor to None, run_after=None
[2024-06-12T18:33:07.346+0000] {processor.py:183} INFO - Processing /home/airflow/.local/lib/python3.8/site-packages/airflow/example_dags/example_kubernetes_executor.py took 0.122 seconds
[2024-06-12T18:33:38.087+0000] {processor.py:161} INFO - Started process (PID=805) to work on /home/airflow/.local/lib/python3.8/site-packages/airflow/example_dags/example_kubernetes_executor.py
[2024-06-12T18:33:38.088+0000] {processor.py:830} INFO - Processing file /home/airflow/.local/lib/python3.8/site-packages/airflow/example_dags/example_kubernetes_executor.py for tasks to queue
[2024-06-12T18:33:38.090+0000] {logging_mixin.py:188} INFO - [2024-06-12T18:33:38.090+0000] {dagbag.py:538} INFO - Filling up the DagBag from /home/airflow/.local/lib/python3.8/site-packages/airflow/example_dags/example_kubernetes_executor.py
[2024-06-12T18:33:38.115+0000] {processor.py:840} INFO - DAG(s) 'example_kubernetes_executor' retrieved from /home/airflow/.local/lib/python3.8/site-packages/airflow/example_dags/example_kubernetes_executor.py
[2024-06-12T18:33:38.184+0000] {logging_mixin.py:188} INFO - [2024-06-12T18:33:38.183+0000] {dag.py:3036} INFO - Sync 1 DAGs
[2024-06-12T18:33:38.203+0000] {logging_mixin.py:188} INFO - [2024-06-12T18:33:38.202+0000] {dag.py:3823} INFO - Setting next_dagrun for example_kubernetes_executor to None, run_after=None
[2024-06-12T18:33:38.232+0000] {processor.py:183} INFO - Processing /home/airflow/.local/lib/python3.8/site-packages/airflow/example_dags/example_kubernetes_executor.py took 0.151 seconds
[2024-06-12T18:34:08.604+0000] {processor.py:161} INFO - Started process (PID=862) to work on /home/airflow/.local/lib/python3.8/site-packages/airflow/example_dags/example_kubernetes_executor.py
[2024-06-12T18:34:08.605+0000] {processor.py:830} INFO - Processing file /home/airflow/.local/lib/python3.8/site-packages/airflow/example_dags/example_kubernetes_executor.py for tasks to queue
[2024-06-12T18:34:08.607+0000] {logging_mixin.py:188} INFO - [2024-06-12T18:34:08.607+0000] {dagbag.py:538} INFO - Filling up the DagBag from /home/airflow/.local/lib/python3.8/site-packages/airflow/example_dags/example_kubernetes_executor.py
[2024-06-12T18:34:08.627+0000] {processor.py:840} INFO - DAG(s) 'example_kubernetes_executor' retrieved from /home/airflow/.local/lib/python3.8/site-packages/airflow/example_dags/example_kubernetes_executor.py
[2024-06-12T18:34:08.677+0000] {logging_mixin.py:188} INFO - [2024-06-12T18:34:08.676+0000] {dag.py:3036} INFO - Sync 1 DAGs
[2024-06-12T18:34:08.694+0000] {logging_mixin.py:188} INFO - [2024-06-12T18:34:08.694+0000] {dag.py:3823} INFO - Setting next_dagrun for example_kubernetes_executor to None, run_after=None
[2024-06-12T18:34:08.731+0000] {processor.py:183} INFO - Processing /home/airflow/.local/lib/python3.8/site-packages/airflow/example_dags/example_kubernetes_executor.py took 0.131 seconds
[2024-06-12T18:34:39.647+0000] {processor.py:161} INFO - Started process (PID=919) to work on /home/airflow/.local/lib/python3.8/site-packages/airflow/example_dags/example_kubernetes_executor.py
[2024-06-12T18:34:39.648+0000] {processor.py:830} INFO - Processing file /home/airflow/.local/lib/python3.8/site-packages/airflow/example_dags/example_kubernetes_executor.py for tasks to queue
[2024-06-12T18:34:39.651+0000] {logging_mixin.py:188} INFO - [2024-06-12T18:34:39.650+0000] {dagbag.py:538} INFO - Filling up the DagBag from /home/airflow/.local/lib/python3.8/site-packages/airflow/example_dags/example_kubernetes_executor.py
[2024-06-12T18:34:39.680+0000] {processor.py:840} INFO - DAG(s) 'example_kubernetes_executor' retrieved from /home/airflow/.local/lib/python3.8/site-packages/airflow/example_dags/example_kubernetes_executor.py
[2024-06-12T18:34:39.729+0000] {logging_mixin.py:188} INFO - [2024-06-12T18:34:39.729+0000] {dag.py:3036} INFO - Sync 1 DAGs
[2024-06-12T18:34:39.746+0000] {logging_mixin.py:188} INFO - [2024-06-12T18:34:39.746+0000] {dag.py:3823} INFO - Setting next_dagrun for example_kubernetes_executor to None, run_after=None
[2024-06-12T18:34:39.773+0000] {processor.py:183} INFO - Processing /home/airflow/.local/lib/python3.8/site-packages/airflow/example_dags/example_kubernetes_executor.py took 0.130 seconds
[2024-06-12T18:35:10.063+0000] {processor.py:161} INFO - Started process (PID=976) to work on /home/airflow/.local/lib/python3.8/site-packages/airflow/example_dags/example_kubernetes_executor.py
[2024-06-12T18:35:10.064+0000] {processor.py:830} INFO - Processing file /home/airflow/.local/lib/python3.8/site-packages/airflow/example_dags/example_kubernetes_executor.py for tasks to queue
[2024-06-12T18:35:10.067+0000] {logging_mixin.py:188} INFO - [2024-06-12T18:35:10.066+0000] {dagbag.py:538} INFO - Filling up the DagBag from /home/airflow/.local/lib/python3.8/site-packages/airflow/example_dags/example_kubernetes_executor.py
[2024-06-12T18:35:10.092+0000] {processor.py:840} INFO - DAG(s) 'example_kubernetes_executor' retrieved from /home/airflow/.local/lib/python3.8/site-packages/airflow/example_dags/example_kubernetes_executor.py
[2024-06-12T18:35:10.159+0000] {logging_mixin.py:188} INFO - [2024-06-12T18:35:10.159+0000] {dag.py:3036} INFO - Sync 1 DAGs
[2024-06-12T18:35:10.183+0000] {logging_mixin.py:188} INFO - [2024-06-12T18:35:10.183+0000] {dag.py:3823} INFO - Setting next_dagrun for example_kubernetes_executor to None, run_after=None
[2024-06-12T18:35:10.218+0000] {processor.py:183} INFO - Processing /home/airflow/.local/lib/python3.8/site-packages/airflow/example_dags/example_kubernetes_executor.py took 0.159 seconds
[2024-06-12T18:35:40.492+0000] {processor.py:161} INFO - Started process (PID=1033) to work on /home/airflow/.local/lib/python3.8/site-packages/airflow/example_dags/example_kubernetes_executor.py
[2024-06-12T18:35:40.494+0000] {processor.py:830} INFO - Processing file /home/airflow/.local/lib/python3.8/site-packages/airflow/example_dags/example_kubernetes_executor.py for tasks to queue
[2024-06-12T18:35:40.496+0000] {logging_mixin.py:188} INFO - [2024-06-12T18:35:40.496+0000] {dagbag.py:538} INFO - Filling up the DagBag from /home/airflow/.local/lib/python3.8/site-packages/airflow/example_dags/example_kubernetes_executor.py
[2024-06-12T18:35:40.528+0000] {processor.py:840} INFO - DAG(s) 'example_kubernetes_executor' retrieved from /home/airflow/.local/lib/python3.8/site-packages/airflow/example_dags/example_kubernetes_executor.py
[2024-06-12T18:35:40.592+0000] {logging_mixin.py:188} INFO - [2024-06-12T18:35:40.592+0000] {dag.py:3036} INFO - Sync 1 DAGs
[2024-06-12T18:35:40.615+0000] {logging_mixin.py:188} INFO - [2024-06-12T18:35:40.614+0000] {dag.py:3823} INFO - Setting next_dagrun for example_kubernetes_executor to None, run_after=None
[2024-06-12T18:35:40.643+0000] {processor.py:183} INFO - Processing /home/airflow/.local/lib/python3.8/site-packages/airflow/example_dags/example_kubernetes_executor.py took 0.155 seconds
