[2024-06-12T18:04:08.965+0000] {processor.py:161} INFO - Started process (PID=49) to work on /home/airflow/.local/lib/python3.8/site-packages/airflow/example_dags/example_external_task_marker_dag.py
[2024-06-12T18:04:08.969+0000] {processor.py:830} INFO - Processing file /home/airflow/.local/lib/python3.8/site-packages/airflow/example_dags/example_external_task_marker_dag.py for tasks to queue
[2024-06-12T18:04:08.974+0000] {logging_mixin.py:188} INFO - [2024-06-12T18:04:08.973+0000] {dagbag.py:538} INFO - Filling up the DagBag from /home/airflow/.local/lib/python3.8/site-packages/airflow/example_dags/example_external_task_marker_dag.py
[2024-06-12T18:04:09.001+0000] {processor.py:840} INFO - DAG(s) 'example_external_task_marker_child', 'example_external_task_marker_parent' retrieved from /home/airflow/.local/lib/python3.8/site-packages/airflow/example_dags/example_external_task_marker_dag.py
[2024-06-12T18:04:09.061+0000] {logging_mixin.py:188} INFO - [2024-06-12T18:04:09.061+0000] {dag.py:3036} INFO - Sync 2 DAGs
[2024-06-12T18:04:09.098+0000] {logging_mixin.py:188} INFO - [2024-06-12T18:04:09.097+0000] {dag.py:3823} INFO - Setting next_dagrun for example_external_task_marker_child to None, run_after=None
[2024-06-12T18:04:09.108+0000] {logging_mixin.py:188} INFO - [2024-06-12T18:04:09.107+0000] {dag.py:3823} INFO - Setting next_dagrun for example_external_task_marker_parent to None, run_after=None
[2024-06-12T18:04:09.157+0000] {processor.py:183} INFO - Processing /home/airflow/.local/lib/python3.8/site-packages/airflow/example_dags/example_external_task_marker_dag.py took 0.215 seconds
[2024-06-12T18:04:43.766+0000] {processor.py:161} INFO - Started process (PID=111) to work on /home/airflow/.local/lib/python3.8/site-packages/airflow/example_dags/example_external_task_marker_dag.py
[2024-06-12T18:04:43.771+0000] {processor.py:830} INFO - Processing file /home/airflow/.local/lib/python3.8/site-packages/airflow/example_dags/example_external_task_marker_dag.py for tasks to queue
[2024-06-12T18:04:43.792+0000] {logging_mixin.py:188} INFO - [2024-06-12T18:04:43.791+0000] {dagbag.py:538} INFO - Filling up the DagBag from /home/airflow/.local/lib/python3.8/site-packages/airflow/example_dags/example_external_task_marker_dag.py
[2024-06-12T18:04:43.825+0000] {processor.py:840} INFO - DAG(s) 'example_external_task_marker_parent', 'example_external_task_marker_child' retrieved from /home/airflow/.local/lib/python3.8/site-packages/airflow/example_dags/example_external_task_marker_dag.py
[2024-06-12T18:04:43.944+0000] {logging_mixin.py:188} INFO - [2024-06-12T18:04:43.941+0000] {dag.py:3036} INFO - Sync 2 DAGs
[2024-06-12T18:04:45.785+0000] {logging_mixin.py:188} INFO - [2024-06-12T18:04:44.051+0000] {dag.py:3823} INFO - Setting next_dagrun for example_external_task_marker_child to None, run_after=None
[2024-06-12T18:04:57.174+0000] {logging_mixin.py:188} INFO - [2024-06-12T18:04:57.126+0000] {dag.py:3823} INFO - Setting next_dagrun for example_external_task_marker_parent to None, run_after=None
[2024-06-12T18:04:57.515+0000] {processor.py:183} INFO - Processing /home/airflow/.local/lib/python3.8/site-packages/airflow/example_dags/example_external_task_marker_dag.py took 13.768 seconds
[2024-06-12T18:05:45.328+0000] {processor.py:161} INFO - Started process (PID=145) to work on /home/airflow/.local/lib/python3.8/site-packages/airflow/example_dags/example_external_task_marker_dag.py
[2024-06-12T18:05:45.330+0000] {processor.py:830} INFO - Processing file /home/airflow/.local/lib/python3.8/site-packages/airflow/example_dags/example_external_task_marker_dag.py for tasks to queue
[2024-06-12T18:05:45.333+0000] {logging_mixin.py:188} INFO - [2024-06-12T18:05:45.332+0000] {dagbag.py:538} INFO - Filling up the DagBag from /home/airflow/.local/lib/python3.8/site-packages/airflow/example_dags/example_external_task_marker_dag.py
[2024-06-12T18:05:45.344+0000] {processor.py:840} INFO - DAG(s) 'example_external_task_marker_child', 'example_external_task_marker_parent' retrieved from /home/airflow/.local/lib/python3.8/site-packages/airflow/example_dags/example_external_task_marker_dag.py
[2024-06-12T18:05:45.397+0000] {logging_mixin.py:188} INFO - [2024-06-12T18:05:45.397+0000] {dag.py:3036} INFO - Sync 2 DAGs
[2024-06-12T18:05:45.421+0000] {logging_mixin.py:188} INFO - [2024-06-12T18:05:45.420+0000] {dag.py:3823} INFO - Setting next_dagrun for example_external_task_marker_child to None, run_after=None
[2024-06-12T18:05:45.427+0000] {logging_mixin.py:188} INFO - [2024-06-12T18:05:45.427+0000] {dag.py:3823} INFO - Setting next_dagrun for example_external_task_marker_parent to None, run_after=None
[2024-06-12T18:05:45.463+0000] {processor.py:183} INFO - Processing /home/airflow/.local/lib/python3.8/site-packages/airflow/example_dags/example_external_task_marker_dag.py took 0.140 seconds
[2024-06-12T18:06:15.681+0000] {processor.py:161} INFO - Started process (PID=210) to work on /home/airflow/.local/lib/python3.8/site-packages/airflow/example_dags/example_external_task_marker_dag.py
[2024-06-12T18:06:15.684+0000] {processor.py:830} INFO - Processing file /home/airflow/.local/lib/python3.8/site-packages/airflow/example_dags/example_external_task_marker_dag.py for tasks to queue
[2024-06-12T18:06:15.686+0000] {logging_mixin.py:188} INFO - [2024-06-12T18:06:15.686+0000] {dagbag.py:538} INFO - Filling up the DagBag from /home/airflow/.local/lib/python3.8/site-packages/airflow/example_dags/example_external_task_marker_dag.py
[2024-06-12T18:06:15.717+0000] {processor.py:840} INFO - DAG(s) 'example_external_task_marker_parent', 'example_external_task_marker_child' retrieved from /home/airflow/.local/lib/python3.8/site-packages/airflow/example_dags/example_external_task_marker_dag.py
[2024-06-12T18:06:15.743+0000] {logging_mixin.py:188} INFO - [2024-06-12T18:06:15.743+0000] {dag.py:3036} INFO - Sync 2 DAGs
[2024-06-12T18:06:15.770+0000] {logging_mixin.py:188} INFO - [2024-06-12T18:06:15.769+0000] {dag.py:3823} INFO - Setting next_dagrun for example_external_task_marker_child to None, run_after=None
[2024-06-12T18:06:15.780+0000] {logging_mixin.py:188} INFO - [2024-06-12T18:06:15.779+0000] {dag.py:3823} INFO - Setting next_dagrun for example_external_task_marker_parent to None, run_after=None
[2024-06-12T18:06:15.825+0000] {processor.py:183} INFO - Processing /home/airflow/.local/lib/python3.8/site-packages/airflow/example_dags/example_external_task_marker_dag.py took 0.149 seconds
[2024-06-12T18:06:47.802+0000] {processor.py:161} INFO - Started process (PID=269) to work on /home/airflow/.local/lib/python3.8/site-packages/airflow/example_dags/example_external_task_marker_dag.py
[2024-06-12T18:06:47.803+0000] {processor.py:830} INFO - Processing file /home/airflow/.local/lib/python3.8/site-packages/airflow/example_dags/example_external_task_marker_dag.py for tasks to queue
[2024-06-12T18:06:47.804+0000] {logging_mixin.py:188} INFO - [2024-06-12T18:06:47.804+0000] {dagbag.py:538} INFO - Filling up the DagBag from /home/airflow/.local/lib/python3.8/site-packages/airflow/example_dags/example_external_task_marker_dag.py
[2024-06-12T18:06:47.813+0000] {processor.py:840} INFO - DAG(s) 'example_external_task_marker_child', 'example_external_task_marker_parent' retrieved from /home/airflow/.local/lib/python3.8/site-packages/airflow/example_dags/example_external_task_marker_dag.py
[2024-06-12T18:06:47.984+0000] {logging_mixin.py:188} INFO - [2024-06-12T18:06:47.984+0000] {dag.py:3036} INFO - Sync 2 DAGs
[2024-06-12T18:06:47.999+0000] {logging_mixin.py:188} INFO - [2024-06-12T18:06:47.999+0000] {dag.py:3823} INFO - Setting next_dagrun for example_external_task_marker_child to None, run_after=None
[2024-06-12T18:06:48.004+0000] {logging_mixin.py:188} INFO - [2024-06-12T18:06:48.003+0000] {dag.py:3823} INFO - Setting next_dagrun for example_external_task_marker_parent to None, run_after=None
[2024-06-12T18:06:48.035+0000] {processor.py:183} INFO - Processing /home/airflow/.local/lib/python3.8/site-packages/airflow/example_dags/example_external_task_marker_dag.py took 0.238 seconds
[2024-06-12T18:07:18.089+0000] {processor.py:161} INFO - Started process (PID=334) to work on /home/airflow/.local/lib/python3.8/site-packages/airflow/example_dags/example_external_task_marker_dag.py
[2024-06-12T18:07:18.091+0000] {processor.py:830} INFO - Processing file /home/airflow/.local/lib/python3.8/site-packages/airflow/example_dags/example_external_task_marker_dag.py for tasks to queue
[2024-06-12T18:07:18.092+0000] {logging_mixin.py:188} INFO - [2024-06-12T18:07:18.091+0000] {dagbag.py:538} INFO - Filling up the DagBag from /home/airflow/.local/lib/python3.8/site-packages/airflow/example_dags/example_external_task_marker_dag.py
[2024-06-12T18:07:18.098+0000] {processor.py:840} INFO - DAG(s) 'example_external_task_marker_parent', 'example_external_task_marker_child' retrieved from /home/airflow/.local/lib/python3.8/site-packages/airflow/example_dags/example_external_task_marker_dag.py
[2024-06-12T18:07:18.124+0000] {logging_mixin.py:188} INFO - [2024-06-12T18:07:18.123+0000] {dag.py:3036} INFO - Sync 2 DAGs
[2024-06-12T18:07:18.139+0000] {logging_mixin.py:188} INFO - [2024-06-12T18:07:18.138+0000] {dag.py:3823} INFO - Setting next_dagrun for example_external_task_marker_child to None, run_after=None
[2024-06-12T18:07:18.143+0000] {logging_mixin.py:188} INFO - [2024-06-12T18:07:18.142+0000] {dag.py:3823} INFO - Setting next_dagrun for example_external_task_marker_parent to None, run_after=None
[2024-06-12T18:07:18.162+0000] {processor.py:183} INFO - Processing /home/airflow/.local/lib/python3.8/site-packages/airflow/example_dags/example_external_task_marker_dag.py took 0.076 seconds
[2024-06-12T18:07:57.533+0000] {processor.py:161} INFO - Started process (PID=403) to work on /home/airflow/.local/lib/python3.8/site-packages/airflow/example_dags/example_external_task_marker_dag.py
[2024-06-12T18:07:57.537+0000] {processor.py:830} INFO - Processing file /home/airflow/.local/lib/python3.8/site-packages/airflow/example_dags/example_external_task_marker_dag.py for tasks to queue
[2024-06-12T18:07:57.539+0000] {logging_mixin.py:188} INFO - [2024-06-12T18:07:57.539+0000] {dagbag.py:538} INFO - Filling up the DagBag from /home/airflow/.local/lib/python3.8/site-packages/airflow/example_dags/example_external_task_marker_dag.py
[2024-06-12T18:07:57.551+0000] {processor.py:840} INFO - DAG(s) 'example_external_task_marker_parent', 'example_external_task_marker_child' retrieved from /home/airflow/.local/lib/python3.8/site-packages/airflow/example_dags/example_external_task_marker_dag.py
[2024-06-12T18:07:57.599+0000] {logging_mixin.py:188} INFO - [2024-06-12T18:07:57.598+0000] {dag.py:3036} INFO - Sync 2 DAGs
[2024-06-12T18:07:57.624+0000] {logging_mixin.py:188} INFO - [2024-06-12T18:07:57.624+0000] {dag.py:3823} INFO - Setting next_dagrun for example_external_task_marker_child to None, run_after=None
[2024-06-12T18:07:57.634+0000] {logging_mixin.py:188} INFO - [2024-06-12T18:07:57.633+0000] {dag.py:3823} INFO - Setting next_dagrun for example_external_task_marker_parent to None, run_after=None
[2024-06-12T18:07:57.679+0000] {processor.py:183} INFO - Processing /home/airflow/.local/lib/python3.8/site-packages/airflow/example_dags/example_external_task_marker_dag.py took 0.151 seconds
[2024-06-12T18:08:36.968+0000] {processor.py:161} INFO - Started process (PID=474) to work on /home/airflow/.local/lib/python3.8/site-packages/airflow/example_dags/example_external_task_marker_dag.py
[2024-06-12T18:08:36.969+0000] {processor.py:830} INFO - Processing file /home/airflow/.local/lib/python3.8/site-packages/airflow/example_dags/example_external_task_marker_dag.py for tasks to queue
[2024-06-12T18:08:36.971+0000] {logging_mixin.py:188} INFO - [2024-06-12T18:08:36.970+0000] {dagbag.py:538} INFO - Filling up the DagBag from /home/airflow/.local/lib/python3.8/site-packages/airflow/example_dags/example_external_task_marker_dag.py
[2024-06-12T18:08:36.980+0000] {processor.py:840} INFO - DAG(s) 'example_external_task_marker_parent', 'example_external_task_marker_child' retrieved from /home/airflow/.local/lib/python3.8/site-packages/airflow/example_dags/example_external_task_marker_dag.py
[2024-06-12T18:08:37.018+0000] {logging_mixin.py:188} INFO - [2024-06-12T18:08:37.017+0000] {dag.py:3036} INFO - Sync 2 DAGs
[2024-06-12T18:08:37.038+0000] {logging_mixin.py:188} INFO - [2024-06-12T18:08:37.038+0000] {dag.py:3823} INFO - Setting next_dagrun for example_external_task_marker_child to None, run_after=None
[2024-06-12T18:08:37.044+0000] {logging_mixin.py:188} INFO - [2024-06-12T18:08:37.044+0000] {dag.py:3823} INFO - Setting next_dagrun for example_external_task_marker_parent to None, run_after=None
[2024-06-12T18:08:37.080+0000] {processor.py:183} INFO - Processing /home/airflow/.local/lib/python3.8/site-packages/airflow/example_dags/example_external_task_marker_dag.py took 0.116 seconds
[2024-06-12T18:09:07.493+0000] {processor.py:161} INFO - Started process (PID=534) to work on /home/airflow/.local/lib/python3.8/site-packages/airflow/example_dags/example_external_task_marker_dag.py
[2024-06-12T18:09:07.494+0000] {processor.py:830} INFO - Processing file /home/airflow/.local/lib/python3.8/site-packages/airflow/example_dags/example_external_task_marker_dag.py for tasks to queue
[2024-06-12T18:09:07.495+0000] {logging_mixin.py:188} INFO - [2024-06-12T18:09:07.495+0000] {dagbag.py:538} INFO - Filling up the DagBag from /home/airflow/.local/lib/python3.8/site-packages/airflow/example_dags/example_external_task_marker_dag.py
[2024-06-12T18:09:07.501+0000] {processor.py:840} INFO - DAG(s) 'example_external_task_marker_parent', 'example_external_task_marker_child' retrieved from /home/airflow/.local/lib/python3.8/site-packages/airflow/example_dags/example_external_task_marker_dag.py
[2024-06-12T18:09:07.515+0000] {logging_mixin.py:188} INFO - [2024-06-12T18:09:07.514+0000] {dag.py:3036} INFO - Sync 2 DAGs
[2024-06-12T18:09:07.532+0000] {logging_mixin.py:188} INFO - [2024-06-12T18:09:07.531+0000] {dag.py:3823} INFO - Setting next_dagrun for example_external_task_marker_child to None, run_after=None
[2024-06-12T18:09:07.537+0000] {logging_mixin.py:188} INFO - [2024-06-12T18:09:07.536+0000] {dag.py:3823} INFO - Setting next_dagrun for example_external_task_marker_parent to None, run_after=None
[2024-06-12T18:09:07.556+0000] {processor.py:183} INFO - Processing /home/airflow/.local/lib/python3.8/site-packages/airflow/example_dags/example_external_task_marker_dag.py took 0.067 seconds
[2024-06-12T18:09:38.426+0000] {processor.py:161} INFO - Started process (PID=591) to work on /home/airflow/.local/lib/python3.8/site-packages/airflow/example_dags/example_external_task_marker_dag.py
[2024-06-12T18:09:38.427+0000] {processor.py:830} INFO - Processing file /home/airflow/.local/lib/python3.8/site-packages/airflow/example_dags/example_external_task_marker_dag.py for tasks to queue
[2024-06-12T18:09:38.428+0000] {logging_mixin.py:188} INFO - [2024-06-12T18:09:38.428+0000] {dagbag.py:538} INFO - Filling up the DagBag from /home/airflow/.local/lib/python3.8/site-packages/airflow/example_dags/example_external_task_marker_dag.py
[2024-06-12T18:09:38.436+0000] {processor.py:840} INFO - DAG(s) 'example_external_task_marker_parent', 'example_external_task_marker_child' retrieved from /home/airflow/.local/lib/python3.8/site-packages/airflow/example_dags/example_external_task_marker_dag.py
[2024-06-12T18:09:38.565+0000] {logging_mixin.py:188} INFO - [2024-06-12T18:09:38.565+0000] {dag.py:3036} INFO - Sync 2 DAGs
[2024-06-12T18:09:38.582+0000] {logging_mixin.py:188} INFO - [2024-06-12T18:09:38.582+0000] {dag.py:3823} INFO - Setting next_dagrun for example_external_task_marker_child to None, run_after=None
[2024-06-12T18:09:38.586+0000] {logging_mixin.py:188} INFO - [2024-06-12T18:09:38.586+0000] {dag.py:3823} INFO - Setting next_dagrun for example_external_task_marker_parent to None, run_after=None
[2024-06-12T18:09:38.613+0000] {processor.py:183} INFO - Processing /home/airflow/.local/lib/python3.8/site-packages/airflow/example_dags/example_external_task_marker_dag.py took 0.190 seconds
[2024-06-12T18:10:08.682+0000] {processor.py:161} INFO - Started process (PID=650) to work on /home/airflow/.local/lib/python3.8/site-packages/airflow/example_dags/example_external_task_marker_dag.py
[2024-06-12T18:10:08.683+0000] {processor.py:830} INFO - Processing file /home/airflow/.local/lib/python3.8/site-packages/airflow/example_dags/example_external_task_marker_dag.py for tasks to queue
[2024-06-12T18:10:08.684+0000] {logging_mixin.py:188} INFO - [2024-06-12T18:10:08.684+0000] {dagbag.py:538} INFO - Filling up the DagBag from /home/airflow/.local/lib/python3.8/site-packages/airflow/example_dags/example_external_task_marker_dag.py
[2024-06-12T18:10:08.692+0000] {processor.py:840} INFO - DAG(s) 'example_external_task_marker_child', 'example_external_task_marker_parent' retrieved from /home/airflow/.local/lib/python3.8/site-packages/airflow/example_dags/example_external_task_marker_dag.py
[2024-06-12T18:10:08.722+0000] {logging_mixin.py:188} INFO - [2024-06-12T18:10:08.722+0000] {dag.py:3036} INFO - Sync 2 DAGs
[2024-06-12T18:10:08.737+0000] {logging_mixin.py:188} INFO - [2024-06-12T18:10:08.737+0000] {dag.py:3823} INFO - Setting next_dagrun for example_external_task_marker_child to None, run_after=None
[2024-06-12T18:10:08.743+0000] {logging_mixin.py:188} INFO - [2024-06-12T18:10:08.742+0000] {dag.py:3823} INFO - Setting next_dagrun for example_external_task_marker_parent to None, run_after=None
[2024-06-12T18:10:08.763+0000] {processor.py:183} INFO - Processing /home/airflow/.local/lib/python3.8/site-packages/airflow/example_dags/example_external_task_marker_dag.py took 0.084 seconds
[2024-06-12T18:10:39.577+0000] {processor.py:161} INFO - Started process (PID=707) to work on /home/airflow/.local/lib/python3.8/site-packages/airflow/example_dags/example_external_task_marker_dag.py
[2024-06-12T18:10:39.578+0000] {processor.py:830} INFO - Processing file /home/airflow/.local/lib/python3.8/site-packages/airflow/example_dags/example_external_task_marker_dag.py for tasks to queue
[2024-06-12T18:10:39.580+0000] {logging_mixin.py:188} INFO - [2024-06-12T18:10:39.579+0000] {dagbag.py:538} INFO - Filling up the DagBag from /home/airflow/.local/lib/python3.8/site-packages/airflow/example_dags/example_external_task_marker_dag.py
[2024-06-12T18:10:39.586+0000] {processor.py:840} INFO - DAG(s) 'example_external_task_marker_parent', 'example_external_task_marker_child' retrieved from /home/airflow/.local/lib/python3.8/site-packages/airflow/example_dags/example_external_task_marker_dag.py
[2024-06-12T18:10:39.614+0000] {logging_mixin.py:188} INFO - [2024-06-12T18:10:39.614+0000] {dag.py:3036} INFO - Sync 2 DAGs
[2024-06-12T18:10:39.628+0000] {logging_mixin.py:188} INFO - [2024-06-12T18:10:39.628+0000] {dag.py:3823} INFO - Setting next_dagrun for example_external_task_marker_child to None, run_after=None
[2024-06-12T18:10:39.633+0000] {logging_mixin.py:188} INFO - [2024-06-12T18:10:39.633+0000] {dag.py:3823} INFO - Setting next_dagrun for example_external_task_marker_parent to None, run_after=None
[2024-06-12T18:10:39.656+0000] {processor.py:183} INFO - Processing /home/airflow/.local/lib/python3.8/site-packages/airflow/example_dags/example_external_task_marker_dag.py took 0.081 seconds
[2024-06-12T18:11:10.332+0000] {processor.py:161} INFO - Started process (PID=764) to work on /home/airflow/.local/lib/python3.8/site-packages/airflow/example_dags/example_external_task_marker_dag.py
[2024-06-12T18:11:10.333+0000] {processor.py:830} INFO - Processing file /home/airflow/.local/lib/python3.8/site-packages/airflow/example_dags/example_external_task_marker_dag.py for tasks to queue
[2024-06-12T18:11:10.335+0000] {logging_mixin.py:188} INFO - [2024-06-12T18:11:10.334+0000] {dagbag.py:538} INFO - Filling up the DagBag from /home/airflow/.local/lib/python3.8/site-packages/airflow/example_dags/example_external_task_marker_dag.py
[2024-06-12T18:11:10.343+0000] {processor.py:840} INFO - DAG(s) 'example_external_task_marker_child', 'example_external_task_marker_parent' retrieved from /home/airflow/.local/lib/python3.8/site-packages/airflow/example_dags/example_external_task_marker_dag.py
[2024-06-12T18:11:10.370+0000] {logging_mixin.py:188} INFO - [2024-06-12T18:11:10.369+0000] {dag.py:3036} INFO - Sync 2 DAGs
[2024-06-12T18:11:10.389+0000] {logging_mixin.py:188} INFO - [2024-06-12T18:11:10.388+0000] {dag.py:3823} INFO - Setting next_dagrun for example_external_task_marker_child to None, run_after=None
[2024-06-12T18:11:10.393+0000] {logging_mixin.py:188} INFO - [2024-06-12T18:11:10.393+0000] {dag.py:3823} INFO - Setting next_dagrun for example_external_task_marker_parent to None, run_after=None
[2024-06-12T18:11:10.416+0000] {processor.py:183} INFO - Processing /home/airflow/.local/lib/python3.8/site-packages/airflow/example_dags/example_external_task_marker_dag.py took 0.088 seconds
[2024-06-12T18:11:40.456+0000] {processor.py:161} INFO - Started process (PID=821) to work on /home/airflow/.local/lib/python3.8/site-packages/airflow/example_dags/example_external_task_marker_dag.py
[2024-06-12T18:11:40.457+0000] {processor.py:830} INFO - Processing file /home/airflow/.local/lib/python3.8/site-packages/airflow/example_dags/example_external_task_marker_dag.py for tasks to queue
[2024-06-12T18:11:40.459+0000] {logging_mixin.py:188} INFO - [2024-06-12T18:11:40.458+0000] {dagbag.py:538} INFO - Filling up the DagBag from /home/airflow/.local/lib/python3.8/site-packages/airflow/example_dags/example_external_task_marker_dag.py
[2024-06-12T18:11:40.465+0000] {processor.py:840} INFO - DAG(s) 'example_external_task_marker_parent', 'example_external_task_marker_child' retrieved from /home/airflow/.local/lib/python3.8/site-packages/airflow/example_dags/example_external_task_marker_dag.py
[2024-06-12T18:11:40.494+0000] {logging_mixin.py:188} INFO - [2024-06-12T18:11:40.493+0000] {dag.py:3036} INFO - Sync 2 DAGs
[2024-06-12T18:11:40.514+0000] {logging_mixin.py:188} INFO - [2024-06-12T18:11:40.513+0000] {dag.py:3823} INFO - Setting next_dagrun for example_external_task_marker_child to None, run_after=None
[2024-06-12T18:11:40.519+0000] {logging_mixin.py:188} INFO - [2024-06-12T18:11:40.518+0000] {dag.py:3823} INFO - Setting next_dagrun for example_external_task_marker_parent to None, run_after=None
[2024-06-12T18:11:40.543+0000] {processor.py:183} INFO - Processing /home/airflow/.local/lib/python3.8/site-packages/airflow/example_dags/example_external_task_marker_dag.py took 0.090 seconds
[2024-06-12T18:12:11.519+0000] {processor.py:161} INFO - Started process (PID=878) to work on /home/airflow/.local/lib/python3.8/site-packages/airflow/example_dags/example_external_task_marker_dag.py
[2024-06-12T18:12:11.520+0000] {processor.py:830} INFO - Processing file /home/airflow/.local/lib/python3.8/site-packages/airflow/example_dags/example_external_task_marker_dag.py for tasks to queue
[2024-06-12T18:12:11.521+0000] {logging_mixin.py:188} INFO - [2024-06-12T18:12:11.521+0000] {dagbag.py:538} INFO - Filling up the DagBag from /home/airflow/.local/lib/python3.8/site-packages/airflow/example_dags/example_external_task_marker_dag.py
[2024-06-12T18:12:11.530+0000] {processor.py:840} INFO - DAG(s) 'example_external_task_marker_parent', 'example_external_task_marker_child' retrieved from /home/airflow/.local/lib/python3.8/site-packages/airflow/example_dags/example_external_task_marker_dag.py
[2024-06-12T18:12:11.564+0000] {logging_mixin.py:188} INFO - [2024-06-12T18:12:11.564+0000] {dag.py:3036} INFO - Sync 2 DAGs
[2024-06-12T18:12:11.581+0000] {logging_mixin.py:188} INFO - [2024-06-12T18:12:11.581+0000] {dag.py:3823} INFO - Setting next_dagrun for example_external_task_marker_child to None, run_after=None
[2024-06-12T18:12:11.586+0000] {logging_mixin.py:188} INFO - [2024-06-12T18:12:11.586+0000] {dag.py:3823} INFO - Setting next_dagrun for example_external_task_marker_parent to None, run_after=None
[2024-06-12T18:12:11.611+0000] {processor.py:183} INFO - Processing /home/airflow/.local/lib/python3.8/site-packages/airflow/example_dags/example_external_task_marker_dag.py took 0.096 seconds
[2024-06-12T18:14:49.700+0000] {processor.py:161} INFO - Started process (PID=49) to work on /home/airflow/.local/lib/python3.8/site-packages/airflow/example_dags/example_external_task_marker_dag.py
[2024-06-12T18:14:49.702+0000] {processor.py:830} INFO - Processing file /home/airflow/.local/lib/python3.8/site-packages/airflow/example_dags/example_external_task_marker_dag.py for tasks to queue
[2024-06-12T18:14:49.706+0000] {logging_mixin.py:188} INFO - [2024-06-12T18:14:49.705+0000] {dagbag.py:538} INFO - Filling up the DagBag from /home/airflow/.local/lib/python3.8/site-packages/airflow/example_dags/example_external_task_marker_dag.py
[2024-06-12T18:14:49.720+0000] {processor.py:840} INFO - DAG(s) 'example_external_task_marker_child', 'example_external_task_marker_parent' retrieved from /home/airflow/.local/lib/python3.8/site-packages/airflow/example_dags/example_external_task_marker_dag.py
[2024-06-12T18:14:49.757+0000] {logging_mixin.py:188} INFO - [2024-06-12T18:14:49.757+0000] {dag.py:3036} INFO - Sync 2 DAGs
[2024-06-12T18:14:49.778+0000] {logging_mixin.py:188} INFO - [2024-06-12T18:14:49.778+0000] {dag.py:3823} INFO - Setting next_dagrun for example_external_task_marker_child to None, run_after=None
[2024-06-12T18:14:49.784+0000] {logging_mixin.py:188} INFO - [2024-06-12T18:14:49.784+0000] {dag.py:3823} INFO - Setting next_dagrun for example_external_task_marker_parent to None, run_after=None
[2024-06-12T18:14:49.831+0000] {processor.py:183} INFO - Processing /home/airflow/.local/lib/python3.8/site-packages/airflow/example_dags/example_external_task_marker_dag.py took 0.136 seconds
[2024-06-12T18:15:20.340+0000] {processor.py:161} INFO - Started process (PID=106) to work on /home/airflow/.local/lib/python3.8/site-packages/airflow/example_dags/example_external_task_marker_dag.py
[2024-06-12T18:15:20.341+0000] {processor.py:830} INFO - Processing file /home/airflow/.local/lib/python3.8/site-packages/airflow/example_dags/example_external_task_marker_dag.py for tasks to queue
[2024-06-12T18:15:20.343+0000] {logging_mixin.py:188} INFO - [2024-06-12T18:15:20.342+0000] {dagbag.py:538} INFO - Filling up the DagBag from /home/airflow/.local/lib/python3.8/site-packages/airflow/example_dags/example_external_task_marker_dag.py
[2024-06-12T18:15:20.350+0000] {processor.py:840} INFO - DAG(s) 'example_external_task_marker_parent', 'example_external_task_marker_child' retrieved from /home/airflow/.local/lib/python3.8/site-packages/airflow/example_dags/example_external_task_marker_dag.py
[2024-06-12T18:15:20.367+0000] {logging_mixin.py:188} INFO - [2024-06-12T18:15:20.367+0000] {dag.py:3036} INFO - Sync 2 DAGs
[2024-06-12T18:15:20.392+0000] {logging_mixin.py:188} INFO - [2024-06-12T18:15:20.391+0000] {dag.py:3823} INFO - Setting next_dagrun for example_external_task_marker_child to None, run_after=None
[2024-06-12T18:15:20.397+0000] {logging_mixin.py:188} INFO - [2024-06-12T18:15:20.397+0000] {dag.py:3823} INFO - Setting next_dagrun for example_external_task_marker_parent to None, run_after=None
[2024-06-12T18:15:20.424+0000] {processor.py:183} INFO - Processing /home/airflow/.local/lib/python3.8/site-packages/airflow/example_dags/example_external_task_marker_dag.py took 0.087 seconds
[2024-06-12T18:15:51.113+0000] {processor.py:161} INFO - Started process (PID=163) to work on /home/airflow/.local/lib/python3.8/site-packages/airflow/example_dags/example_external_task_marker_dag.py
[2024-06-12T18:15:51.114+0000] {processor.py:830} INFO - Processing file /home/airflow/.local/lib/python3.8/site-packages/airflow/example_dags/example_external_task_marker_dag.py for tasks to queue
[2024-06-12T18:15:51.116+0000] {logging_mixin.py:188} INFO - [2024-06-12T18:15:51.116+0000] {dagbag.py:538} INFO - Filling up the DagBag from /home/airflow/.local/lib/python3.8/site-packages/airflow/example_dags/example_external_task_marker_dag.py
[2024-06-12T18:15:51.122+0000] {processor.py:840} INFO - DAG(s) 'example_external_task_marker_child', 'example_external_task_marker_parent' retrieved from /home/airflow/.local/lib/python3.8/site-packages/airflow/example_dags/example_external_task_marker_dag.py
[2024-06-12T18:15:51.260+0000] {logging_mixin.py:188} INFO - [2024-06-12T18:15:51.260+0000] {dag.py:3036} INFO - Sync 2 DAGs
[2024-06-12T18:15:51.273+0000] {logging_mixin.py:188} INFO - [2024-06-12T18:15:51.272+0000] {dag.py:3823} INFO - Setting next_dagrun for example_external_task_marker_child to None, run_after=None
[2024-06-12T18:15:51.276+0000] {logging_mixin.py:188} INFO - [2024-06-12T18:15:51.276+0000] {dag.py:3823} INFO - Setting next_dagrun for example_external_task_marker_parent to None, run_after=None
[2024-06-12T18:15:51.297+0000] {processor.py:183} INFO - Processing /home/airflow/.local/lib/python3.8/site-packages/airflow/example_dags/example_external_task_marker_dag.py took 0.188 seconds
[2024-06-12T18:16:22.129+0000] {processor.py:161} INFO - Started process (PID=220) to work on /home/airflow/.local/lib/python3.8/site-packages/airflow/example_dags/example_external_task_marker_dag.py
[2024-06-12T18:16:22.131+0000] {processor.py:830} INFO - Processing file /home/airflow/.local/lib/python3.8/site-packages/airflow/example_dags/example_external_task_marker_dag.py for tasks to queue
[2024-06-12T18:16:22.135+0000] {logging_mixin.py:188} INFO - [2024-06-12T18:16:22.134+0000] {dagbag.py:538} INFO - Filling up the DagBag from /home/airflow/.local/lib/python3.8/site-packages/airflow/example_dags/example_external_task_marker_dag.py
[2024-06-12T18:16:22.144+0000] {processor.py:840} INFO - DAG(s) 'example_external_task_marker_child', 'example_external_task_marker_parent' retrieved from /home/airflow/.local/lib/python3.8/site-packages/airflow/example_dags/example_external_task_marker_dag.py
[2024-06-12T18:16:22.161+0000] {logging_mixin.py:188} INFO - [2024-06-12T18:16:22.161+0000] {dag.py:3036} INFO - Sync 2 DAGs
[2024-06-12T18:16:22.180+0000] {logging_mixin.py:188} INFO - [2024-06-12T18:16:22.180+0000] {dag.py:3823} INFO - Setting next_dagrun for example_external_task_marker_child to None, run_after=None
[2024-06-12T18:16:22.186+0000] {logging_mixin.py:188} INFO - [2024-06-12T18:16:22.185+0000] {dag.py:3823} INFO - Setting next_dagrun for example_external_task_marker_parent to None, run_after=None
[2024-06-12T18:16:22.215+0000] {processor.py:183} INFO - Processing /home/airflow/.local/lib/python3.8/site-packages/airflow/example_dags/example_external_task_marker_dag.py took 0.089 seconds
[2024-06-12T18:16:52.535+0000] {processor.py:161} INFO - Started process (PID=275) to work on /home/airflow/.local/lib/python3.8/site-packages/airflow/example_dags/example_external_task_marker_dag.py
[2024-06-12T18:16:52.536+0000] {processor.py:830} INFO - Processing file /home/airflow/.local/lib/python3.8/site-packages/airflow/example_dags/example_external_task_marker_dag.py for tasks to queue
[2024-06-12T18:16:52.538+0000] {logging_mixin.py:188} INFO - [2024-06-12T18:16:52.537+0000] {dagbag.py:538} INFO - Filling up the DagBag from /home/airflow/.local/lib/python3.8/site-packages/airflow/example_dags/example_external_task_marker_dag.py
[2024-06-12T18:16:52.545+0000] {processor.py:840} INFO - DAG(s) 'example_external_task_marker_parent', 'example_external_task_marker_child' retrieved from /home/airflow/.local/lib/python3.8/site-packages/airflow/example_dags/example_external_task_marker_dag.py
[2024-06-12T18:16:52.703+0000] {logging_mixin.py:188} INFO - [2024-06-12T18:16:52.703+0000] {dag.py:3036} INFO - Sync 2 DAGs
[2024-06-12T18:16:52.718+0000] {logging_mixin.py:188} INFO - [2024-06-12T18:16:52.717+0000] {dag.py:3823} INFO - Setting next_dagrun for example_external_task_marker_child to None, run_after=None
[2024-06-12T18:16:52.723+0000] {logging_mixin.py:188} INFO - [2024-06-12T18:16:52.723+0000] {dag.py:3823} INFO - Setting next_dagrun for example_external_task_marker_parent to None, run_after=None
[2024-06-12T18:16:52.753+0000] {processor.py:183} INFO - Processing /home/airflow/.local/lib/python3.8/site-packages/airflow/example_dags/example_external_task_marker_dag.py took 0.222 seconds
[2024-06-12T18:17:22.985+0000] {processor.py:161} INFO - Started process (PID=334) to work on /home/airflow/.local/lib/python3.8/site-packages/airflow/example_dags/example_external_task_marker_dag.py
[2024-06-12T18:17:22.986+0000] {processor.py:830} INFO - Processing file /home/airflow/.local/lib/python3.8/site-packages/airflow/example_dags/example_external_task_marker_dag.py for tasks to queue
[2024-06-12T18:17:22.988+0000] {logging_mixin.py:188} INFO - [2024-06-12T18:17:22.988+0000] {dagbag.py:538} INFO - Filling up the DagBag from /home/airflow/.local/lib/python3.8/site-packages/airflow/example_dags/example_external_task_marker_dag.py
[2024-06-12T18:17:22.996+0000] {processor.py:840} INFO - DAG(s) 'example_external_task_marker_child', 'example_external_task_marker_parent' retrieved from /home/airflow/.local/lib/python3.8/site-packages/airflow/example_dags/example_external_task_marker_dag.py
[2024-06-12T18:17:23.026+0000] {logging_mixin.py:188} INFO - [2024-06-12T18:17:23.026+0000] {dag.py:3036} INFO - Sync 2 DAGs
[2024-06-12T18:17:23.043+0000] {logging_mixin.py:188} INFO - [2024-06-12T18:17:23.043+0000] {dag.py:3823} INFO - Setting next_dagrun for example_external_task_marker_child to None, run_after=None
[2024-06-12T18:17:23.048+0000] {logging_mixin.py:188} INFO - [2024-06-12T18:17:23.047+0000] {dag.py:3823} INFO - Setting next_dagrun for example_external_task_marker_parent to None, run_after=None
[2024-06-12T18:17:23.072+0000] {processor.py:183} INFO - Processing /home/airflow/.local/lib/python3.8/site-packages/airflow/example_dags/example_external_task_marker_dag.py took 0.091 seconds
[2024-06-12T18:18:45.862+0000] {processor.py:161} INFO - Started process (PID=49) to work on /home/airflow/.local/lib/python3.8/site-packages/airflow/example_dags/example_external_task_marker_dag.py
[2024-06-12T18:18:45.863+0000] {processor.py:830} INFO - Processing file /home/airflow/.local/lib/python3.8/site-packages/airflow/example_dags/example_external_task_marker_dag.py for tasks to queue
[2024-06-12T18:18:45.865+0000] {logging_mixin.py:188} INFO - [2024-06-12T18:18:45.865+0000] {dagbag.py:538} INFO - Filling up the DagBag from /home/airflow/.local/lib/python3.8/site-packages/airflow/example_dags/example_external_task_marker_dag.py
[2024-06-12T18:18:45.873+0000] {processor.py:840} INFO - DAG(s) 'example_external_task_marker_parent', 'example_external_task_marker_child' retrieved from /home/airflow/.local/lib/python3.8/site-packages/airflow/example_dags/example_external_task_marker_dag.py
[2024-06-12T18:18:45.888+0000] {logging_mixin.py:188} INFO - [2024-06-12T18:18:45.888+0000] {dag.py:3036} INFO - Sync 2 DAGs
[2024-06-12T18:18:45.911+0000] {logging_mixin.py:188} INFO - [2024-06-12T18:18:45.910+0000] {dag.py:3823} INFO - Setting next_dagrun for example_external_task_marker_child to None, run_after=None
[2024-06-12T18:18:45.918+0000] {logging_mixin.py:188} INFO - [2024-06-12T18:18:45.917+0000] {dag.py:3823} INFO - Setting next_dagrun for example_external_task_marker_parent to None, run_after=None
[2024-06-12T18:18:45.952+0000] {processor.py:183} INFO - Processing /home/airflow/.local/lib/python3.8/site-packages/airflow/example_dags/example_external_task_marker_dag.py took 0.094 seconds
[2024-06-12T18:19:16.980+0000] {processor.py:161} INFO - Started process (PID=106) to work on /home/airflow/.local/lib/python3.8/site-packages/airflow/example_dags/example_external_task_marker_dag.py
[2024-06-12T18:19:16.981+0000] {processor.py:830} INFO - Processing file /home/airflow/.local/lib/python3.8/site-packages/airflow/example_dags/example_external_task_marker_dag.py for tasks to queue
[2024-06-12T18:19:16.984+0000] {logging_mixin.py:188} INFO - [2024-06-12T18:19:16.983+0000] {dagbag.py:538} INFO - Filling up the DagBag from /home/airflow/.local/lib/python3.8/site-packages/airflow/example_dags/example_external_task_marker_dag.py
[2024-06-12T18:19:16.992+0000] {processor.py:840} INFO - DAG(s) 'example_external_task_marker_child', 'example_external_task_marker_parent' retrieved from /home/airflow/.local/lib/python3.8/site-packages/airflow/example_dags/example_external_task_marker_dag.py
[2024-06-12T18:19:17.008+0000] {logging_mixin.py:188} INFO - [2024-06-12T18:19:17.008+0000] {dag.py:3036} INFO - Sync 2 DAGs
[2024-06-12T18:19:17.027+0000] {logging_mixin.py:188} INFO - [2024-06-12T18:19:17.027+0000] {dag.py:3823} INFO - Setting next_dagrun for example_external_task_marker_child to None, run_after=None
[2024-06-12T18:19:17.034+0000] {logging_mixin.py:188} INFO - [2024-06-12T18:19:17.033+0000] {dag.py:3823} INFO - Setting next_dagrun for example_external_task_marker_parent to None, run_after=None
[2024-06-12T18:19:17.060+0000] {processor.py:183} INFO - Processing /home/airflow/.local/lib/python3.8/site-packages/airflow/example_dags/example_external_task_marker_dag.py took 0.083 seconds
[2024-06-12T18:19:47.990+0000] {processor.py:161} INFO - Started process (PID=163) to work on /home/airflow/.local/lib/python3.8/site-packages/airflow/example_dags/example_external_task_marker_dag.py
[2024-06-12T18:19:47.991+0000] {processor.py:830} INFO - Processing file /home/airflow/.local/lib/python3.8/site-packages/airflow/example_dags/example_external_task_marker_dag.py for tasks to queue
[2024-06-12T18:19:47.993+0000] {logging_mixin.py:188} INFO - [2024-06-12T18:19:47.993+0000] {dagbag.py:538} INFO - Filling up the DagBag from /home/airflow/.local/lib/python3.8/site-packages/airflow/example_dags/example_external_task_marker_dag.py
[2024-06-12T18:19:48.000+0000] {processor.py:840} INFO - DAG(s) 'example_external_task_marker_child', 'example_external_task_marker_parent' retrieved from /home/airflow/.local/lib/python3.8/site-packages/airflow/example_dags/example_external_task_marker_dag.py
[2024-06-12T18:19:48.171+0000] {logging_mixin.py:188} INFO - [2024-06-12T18:19:48.171+0000] {dag.py:3036} INFO - Sync 2 DAGs
[2024-06-12T18:19:48.188+0000] {logging_mixin.py:188} INFO - [2024-06-12T18:19:48.187+0000] {dag.py:3823} INFO - Setting next_dagrun for example_external_task_marker_child to None, run_after=None
[2024-06-12T18:19:48.193+0000] {logging_mixin.py:188} INFO - [2024-06-12T18:19:48.192+0000] {dag.py:3823} INFO - Setting next_dagrun for example_external_task_marker_parent to None, run_after=None
[2024-06-12T18:19:48.226+0000] {processor.py:183} INFO - Processing /home/airflow/.local/lib/python3.8/site-packages/airflow/example_dags/example_external_task_marker_dag.py took 0.240 seconds
[2024-06-12T18:20:18.537+0000] {processor.py:161} INFO - Started process (PID=220) to work on /home/airflow/.local/lib/python3.8/site-packages/airflow/example_dags/example_external_task_marker_dag.py
[2024-06-12T18:20:18.538+0000] {processor.py:830} INFO - Processing file /home/airflow/.local/lib/python3.8/site-packages/airflow/example_dags/example_external_task_marker_dag.py for tasks to queue
[2024-06-12T18:20:18.540+0000] {logging_mixin.py:188} INFO - [2024-06-12T18:20:18.540+0000] {dagbag.py:538} INFO - Filling up the DagBag from /home/airflow/.local/lib/python3.8/site-packages/airflow/example_dags/example_external_task_marker_dag.py
[2024-06-12T18:20:18.548+0000] {processor.py:840} INFO - DAG(s) 'example_external_task_marker_child', 'example_external_task_marker_parent' retrieved from /home/airflow/.local/lib/python3.8/site-packages/airflow/example_dags/example_external_task_marker_dag.py
[2024-06-12T18:20:18.581+0000] {logging_mixin.py:188} INFO - [2024-06-12T18:20:18.581+0000] {dag.py:3036} INFO - Sync 2 DAGs
[2024-06-12T18:20:18.599+0000] {logging_mixin.py:188} INFO - [2024-06-12T18:20:18.599+0000] {dag.py:3823} INFO - Setting next_dagrun for example_external_task_marker_child to None, run_after=None
[2024-06-12T18:20:18.611+0000] {logging_mixin.py:188} INFO - [2024-06-12T18:20:18.610+0000] {dag.py:3823} INFO - Setting next_dagrun for example_external_task_marker_parent to None, run_after=None
[2024-06-12T18:20:18.645+0000] {processor.py:183} INFO - Processing /home/airflow/.local/lib/python3.8/site-packages/airflow/example_dags/example_external_task_marker_dag.py took 0.112 seconds
[2024-06-12T18:20:48.750+0000] {processor.py:161} INFO - Started process (PID=275) to work on /home/airflow/.local/lib/python3.8/site-packages/airflow/example_dags/example_external_task_marker_dag.py
[2024-06-12T18:20:48.751+0000] {processor.py:830} INFO - Processing file /home/airflow/.local/lib/python3.8/site-packages/airflow/example_dags/example_external_task_marker_dag.py for tasks to queue
[2024-06-12T18:20:48.754+0000] {logging_mixin.py:188} INFO - [2024-06-12T18:20:48.754+0000] {dagbag.py:538} INFO - Filling up the DagBag from /home/airflow/.local/lib/python3.8/site-packages/airflow/example_dags/example_external_task_marker_dag.py
[2024-06-12T18:20:48.762+0000] {processor.py:840} INFO - DAG(s) 'example_external_task_marker_parent', 'example_external_task_marker_child' retrieved from /home/airflow/.local/lib/python3.8/site-packages/airflow/example_dags/example_external_task_marker_dag.py
[2024-06-12T18:20:48.794+0000] {logging_mixin.py:188} INFO - [2024-06-12T18:20:48.794+0000] {dag.py:3036} INFO - Sync 2 DAGs
[2024-06-12T18:20:48.812+0000] {logging_mixin.py:188} INFO - [2024-06-12T18:20:48.812+0000] {dag.py:3823} INFO - Setting next_dagrun for example_external_task_marker_child to None, run_after=None
[2024-06-12T18:20:48.817+0000] {logging_mixin.py:188} INFO - [2024-06-12T18:20:48.817+0000] {dag.py:3823} INFO - Setting next_dagrun for example_external_task_marker_parent to None, run_after=None
[2024-06-12T18:20:48.853+0000] {processor.py:183} INFO - Processing /home/airflow/.local/lib/python3.8/site-packages/airflow/example_dags/example_external_task_marker_dag.py took 0.108 seconds
[2024-06-12T18:21:19.082+0000] {processor.py:161} INFO - Started process (PID=332) to work on /home/airflow/.local/lib/python3.8/site-packages/airflow/example_dags/example_external_task_marker_dag.py
[2024-06-12T18:21:19.083+0000] {processor.py:830} INFO - Processing file /home/airflow/.local/lib/python3.8/site-packages/airflow/example_dags/example_external_task_marker_dag.py for tasks to queue
[2024-06-12T18:21:19.085+0000] {logging_mixin.py:188} INFO - [2024-06-12T18:21:19.085+0000] {dagbag.py:538} INFO - Filling up the DagBag from /home/airflow/.local/lib/python3.8/site-packages/airflow/example_dags/example_external_task_marker_dag.py
[2024-06-12T18:21:19.094+0000] {processor.py:840} INFO - DAG(s) 'example_external_task_marker_child', 'example_external_task_marker_parent' retrieved from /home/airflow/.local/lib/python3.8/site-packages/airflow/example_dags/example_external_task_marker_dag.py
[2024-06-12T18:21:19.128+0000] {logging_mixin.py:188} INFO - [2024-06-12T18:21:19.128+0000] {dag.py:3036} INFO - Sync 2 DAGs
[2024-06-12T18:21:19.149+0000] {logging_mixin.py:188} INFO - [2024-06-12T18:21:19.149+0000] {dag.py:3823} INFO - Setting next_dagrun for example_external_task_marker_child to None, run_after=None
[2024-06-12T18:21:19.154+0000] {logging_mixin.py:188} INFO - [2024-06-12T18:21:19.154+0000] {dag.py:3823} INFO - Setting next_dagrun for example_external_task_marker_parent to None, run_after=None
[2024-06-12T18:21:19.182+0000] {processor.py:183} INFO - Processing /home/airflow/.local/lib/python3.8/site-packages/airflow/example_dags/example_external_task_marker_dag.py took 0.104 seconds
[2024-06-12T18:21:49.342+0000] {processor.py:161} INFO - Started process (PID=389) to work on /home/airflow/.local/lib/python3.8/site-packages/airflow/example_dags/example_external_task_marker_dag.py
[2024-06-12T18:21:49.343+0000] {processor.py:830} INFO - Processing file /home/airflow/.local/lib/python3.8/site-packages/airflow/example_dags/example_external_task_marker_dag.py for tasks to queue
[2024-06-12T18:21:49.345+0000] {logging_mixin.py:188} INFO - [2024-06-12T18:21:49.344+0000] {dagbag.py:538} INFO - Filling up the DagBag from /home/airflow/.local/lib/python3.8/site-packages/airflow/example_dags/example_external_task_marker_dag.py
[2024-06-12T18:21:49.352+0000] {processor.py:840} INFO - DAG(s) 'example_external_task_marker_child', 'example_external_task_marker_parent' retrieved from /home/airflow/.local/lib/python3.8/site-packages/airflow/example_dags/example_external_task_marker_dag.py
[2024-06-12T18:21:49.382+0000] {logging_mixin.py:188} INFO - [2024-06-12T18:21:49.381+0000] {dag.py:3036} INFO - Sync 2 DAGs
[2024-06-12T18:21:49.400+0000] {logging_mixin.py:188} INFO - [2024-06-12T18:21:49.400+0000] {dag.py:3823} INFO - Setting next_dagrun for example_external_task_marker_child to None, run_after=None
[2024-06-12T18:21:49.406+0000] {logging_mixin.py:188} INFO - [2024-06-12T18:21:49.406+0000] {dag.py:3823} INFO - Setting next_dagrun for example_external_task_marker_parent to None, run_after=None
[2024-06-12T18:21:49.436+0000] {processor.py:183} INFO - Processing /home/airflow/.local/lib/python3.8/site-packages/airflow/example_dags/example_external_task_marker_dag.py took 0.099 seconds
[2024-06-12T18:22:19.531+0000] {processor.py:161} INFO - Started process (PID=446) to work on /home/airflow/.local/lib/python3.8/site-packages/airflow/example_dags/example_external_task_marker_dag.py
[2024-06-12T18:22:19.532+0000] {processor.py:830} INFO - Processing file /home/airflow/.local/lib/python3.8/site-packages/airflow/example_dags/example_external_task_marker_dag.py for tasks to queue
[2024-06-12T18:22:19.534+0000] {logging_mixin.py:188} INFO - [2024-06-12T18:22:19.534+0000] {dagbag.py:538} INFO - Filling up the DagBag from /home/airflow/.local/lib/python3.8/site-packages/airflow/example_dags/example_external_task_marker_dag.py
[2024-06-12T18:22:19.539+0000] {processor.py:840} INFO - DAG(s) 'example_external_task_marker_child', 'example_external_task_marker_parent' retrieved from /home/airflow/.local/lib/python3.8/site-packages/airflow/example_dags/example_external_task_marker_dag.py
[2024-06-12T18:22:19.562+0000] {logging_mixin.py:188} INFO - [2024-06-12T18:22:19.562+0000] {dag.py:3036} INFO - Sync 2 DAGs
[2024-06-12T18:22:19.574+0000] {logging_mixin.py:188} INFO - [2024-06-12T18:22:19.574+0000] {dag.py:3823} INFO - Setting next_dagrun for example_external_task_marker_child to None, run_after=None
[2024-06-12T18:22:19.577+0000] {logging_mixin.py:188} INFO - [2024-06-12T18:22:19.577+0000] {dag.py:3823} INFO - Setting next_dagrun for example_external_task_marker_parent to None, run_after=None
[2024-06-12T18:22:19.596+0000] {processor.py:183} INFO - Processing /home/airflow/.local/lib/python3.8/site-packages/airflow/example_dags/example_external_task_marker_dag.py took 0.068 seconds
[2024-06-12T18:22:49.963+0000] {processor.py:161} INFO - Started process (PID=503) to work on /home/airflow/.local/lib/python3.8/site-packages/airflow/example_dags/example_external_task_marker_dag.py
[2024-06-12T18:22:49.964+0000] {processor.py:830} INFO - Processing file /home/airflow/.local/lib/python3.8/site-packages/airflow/example_dags/example_external_task_marker_dag.py for tasks to queue
[2024-06-12T18:22:49.966+0000] {logging_mixin.py:188} INFO - [2024-06-12T18:22:49.966+0000] {dagbag.py:538} INFO - Filling up the DagBag from /home/airflow/.local/lib/python3.8/site-packages/airflow/example_dags/example_external_task_marker_dag.py
[2024-06-12T18:22:49.974+0000] {processor.py:840} INFO - DAG(s) 'example_external_task_marker_parent', 'example_external_task_marker_child' retrieved from /home/airflow/.local/lib/python3.8/site-packages/airflow/example_dags/example_external_task_marker_dag.py
[2024-06-12T18:22:50.007+0000] {logging_mixin.py:188} INFO - [2024-06-12T18:22:50.007+0000] {dag.py:3036} INFO - Sync 2 DAGs
[2024-06-12T18:22:50.024+0000] {logging_mixin.py:188} INFO - [2024-06-12T18:22:50.023+0000] {dag.py:3823} INFO - Setting next_dagrun for example_external_task_marker_child to None, run_after=None
[2024-06-12T18:22:50.030+0000] {logging_mixin.py:188} INFO - [2024-06-12T18:22:50.029+0000] {dag.py:3823} INFO - Setting next_dagrun for example_external_task_marker_parent to None, run_after=None
[2024-06-12T18:22:50.055+0000] {processor.py:183} INFO - Processing /home/airflow/.local/lib/python3.8/site-packages/airflow/example_dags/example_external_task_marker_dag.py took 0.096 seconds
[2024-06-12T18:23:20.129+0000] {processor.py:161} INFO - Started process (PID=560) to work on /home/airflow/.local/lib/python3.8/site-packages/airflow/example_dags/example_external_task_marker_dag.py
[2024-06-12T18:23:20.131+0000] {processor.py:830} INFO - Processing file /home/airflow/.local/lib/python3.8/site-packages/airflow/example_dags/example_external_task_marker_dag.py for tasks to queue
[2024-06-12T18:23:20.133+0000] {logging_mixin.py:188} INFO - [2024-06-12T18:23:20.133+0000] {dagbag.py:538} INFO - Filling up the DagBag from /home/airflow/.local/lib/python3.8/site-packages/airflow/example_dags/example_external_task_marker_dag.py
[2024-06-12T18:23:20.142+0000] {processor.py:840} INFO - DAG(s) 'example_external_task_marker_child', 'example_external_task_marker_parent' retrieved from /home/airflow/.local/lib/python3.8/site-packages/airflow/example_dags/example_external_task_marker_dag.py
[2024-06-12T18:23:20.174+0000] {logging_mixin.py:188} INFO - [2024-06-12T18:23:20.174+0000] {dag.py:3036} INFO - Sync 2 DAGs
[2024-06-12T18:23:20.191+0000] {logging_mixin.py:188} INFO - [2024-06-12T18:23:20.191+0000] {dag.py:3823} INFO - Setting next_dagrun for example_external_task_marker_child to None, run_after=None
[2024-06-12T18:23:20.197+0000] {logging_mixin.py:188} INFO - [2024-06-12T18:23:20.197+0000] {dag.py:3823} INFO - Setting next_dagrun for example_external_task_marker_parent to None, run_after=None
[2024-06-12T18:23:20.223+0000] {processor.py:183} INFO - Processing /home/airflow/.local/lib/python3.8/site-packages/airflow/example_dags/example_external_task_marker_dag.py took 0.098 seconds
[2024-06-12T18:23:50.478+0000] {processor.py:161} INFO - Started process (PID=616) to work on /home/airflow/.local/lib/python3.8/site-packages/airflow/example_dags/example_external_task_marker_dag.py
[2024-06-12T18:23:50.479+0000] {processor.py:830} INFO - Processing file /home/airflow/.local/lib/python3.8/site-packages/airflow/example_dags/example_external_task_marker_dag.py for tasks to queue
[2024-06-12T18:23:50.482+0000] {logging_mixin.py:188} INFO - [2024-06-12T18:23:50.481+0000] {dagbag.py:538} INFO - Filling up the DagBag from /home/airflow/.local/lib/python3.8/site-packages/airflow/example_dags/example_external_task_marker_dag.py
[2024-06-12T18:23:50.489+0000] {processor.py:840} INFO - DAG(s) 'example_external_task_marker_child', 'example_external_task_marker_parent' retrieved from /home/airflow/.local/lib/python3.8/site-packages/airflow/example_dags/example_external_task_marker_dag.py
[2024-06-12T18:23:50.522+0000] {logging_mixin.py:188} INFO - [2024-06-12T18:23:50.521+0000] {dag.py:3036} INFO - Sync 2 DAGs
[2024-06-12T18:23:50.540+0000] {logging_mixin.py:188} INFO - [2024-06-12T18:23:50.540+0000] {dag.py:3823} INFO - Setting next_dagrun for example_external_task_marker_child to None, run_after=None
[2024-06-12T18:23:50.546+0000] {logging_mixin.py:188} INFO - [2024-06-12T18:23:50.546+0000] {dag.py:3823} INFO - Setting next_dagrun for example_external_task_marker_parent to None, run_after=None
[2024-06-12T18:23:50.582+0000] {processor.py:183} INFO - Processing /home/airflow/.local/lib/python3.8/site-packages/airflow/example_dags/example_external_task_marker_dag.py took 0.108 seconds
[2024-06-12T18:24:21.448+0000] {processor.py:161} INFO - Started process (PID=674) to work on /home/airflow/.local/lib/python3.8/site-packages/airflow/example_dags/example_external_task_marker_dag.py
[2024-06-12T18:24:21.449+0000] {processor.py:830} INFO - Processing file /home/airflow/.local/lib/python3.8/site-packages/airflow/example_dags/example_external_task_marker_dag.py for tasks to queue
[2024-06-12T18:24:21.451+0000] {logging_mixin.py:188} INFO - [2024-06-12T18:24:21.450+0000] {dagbag.py:538} INFO - Filling up the DagBag from /home/airflow/.local/lib/python3.8/site-packages/airflow/example_dags/example_external_task_marker_dag.py
[2024-06-12T18:24:21.458+0000] {processor.py:840} INFO - DAG(s) 'example_external_task_marker_child', 'example_external_task_marker_parent' retrieved from /home/airflow/.local/lib/python3.8/site-packages/airflow/example_dags/example_external_task_marker_dag.py
[2024-06-12T18:24:21.473+0000] {logging_mixin.py:188} INFO - [2024-06-12T18:24:21.473+0000] {dag.py:3036} INFO - Sync 2 DAGs
[2024-06-12T18:24:21.489+0000] {logging_mixin.py:188} INFO - [2024-06-12T18:24:21.489+0000] {dag.py:3823} INFO - Setting next_dagrun for example_external_task_marker_child to None, run_after=None
[2024-06-12T18:24:21.493+0000] {logging_mixin.py:188} INFO - [2024-06-12T18:24:21.493+0000] {dag.py:3823} INFO - Setting next_dagrun for example_external_task_marker_parent to None, run_after=None
[2024-06-12T18:24:21.514+0000] {processor.py:183} INFO - Processing /home/airflow/.local/lib/python3.8/site-packages/airflow/example_dags/example_external_task_marker_dag.py took 0.070 seconds
[2024-06-12T18:24:52.162+0000] {processor.py:161} INFO - Started process (PID=731) to work on /home/airflow/.local/lib/python3.8/site-packages/airflow/example_dags/example_external_task_marker_dag.py
[2024-06-12T18:24:52.164+0000] {processor.py:830} INFO - Processing file /home/airflow/.local/lib/python3.8/site-packages/airflow/example_dags/example_external_task_marker_dag.py for tasks to queue
[2024-06-12T18:24:52.166+0000] {logging_mixin.py:188} INFO - [2024-06-12T18:24:52.165+0000] {dagbag.py:538} INFO - Filling up the DagBag from /home/airflow/.local/lib/python3.8/site-packages/airflow/example_dags/example_external_task_marker_dag.py
[2024-06-12T18:24:52.173+0000] {processor.py:840} INFO - DAG(s) 'example_external_task_marker_parent', 'example_external_task_marker_child' retrieved from /home/airflow/.local/lib/python3.8/site-packages/airflow/example_dags/example_external_task_marker_dag.py
[2024-06-12T18:24:52.289+0000] {logging_mixin.py:188} INFO - [2024-06-12T18:24:52.289+0000] {dag.py:3036} INFO - Sync 2 DAGs
[2024-06-12T18:24:52.304+0000] {logging_mixin.py:188} INFO - [2024-06-12T18:24:52.304+0000] {dag.py:3823} INFO - Setting next_dagrun for example_external_task_marker_child to None, run_after=None
[2024-06-12T18:24:52.309+0000] {logging_mixin.py:188} INFO - [2024-06-12T18:24:52.309+0000] {dag.py:3823} INFO - Setting next_dagrun for example_external_task_marker_parent to None, run_after=None
[2024-06-12T18:24:52.329+0000] {processor.py:183} INFO - Processing /home/airflow/.local/lib/python3.8/site-packages/airflow/example_dags/example_external_task_marker_dag.py took 0.170 seconds
[2024-06-12T18:25:22.916+0000] {processor.py:161} INFO - Started process (PID=788) to work on /home/airflow/.local/lib/python3.8/site-packages/airflow/example_dags/example_external_task_marker_dag.py
[2024-06-12T18:25:22.918+0000] {processor.py:830} INFO - Processing file /home/airflow/.local/lib/python3.8/site-packages/airflow/example_dags/example_external_task_marker_dag.py for tasks to queue
[2024-06-12T18:25:22.921+0000] {logging_mixin.py:188} INFO - [2024-06-12T18:25:22.920+0000] {dagbag.py:538} INFO - Filling up the DagBag from /home/airflow/.local/lib/python3.8/site-packages/airflow/example_dags/example_external_task_marker_dag.py
[2024-06-12T18:25:22.931+0000] {processor.py:840} INFO - DAG(s) 'example_external_task_marker_parent', 'example_external_task_marker_child' retrieved from /home/airflow/.local/lib/python3.8/site-packages/airflow/example_dags/example_external_task_marker_dag.py
[2024-06-12T18:25:22.975+0000] {logging_mixin.py:188} INFO - [2024-06-12T18:25:22.974+0000] {dag.py:3036} INFO - Sync 2 DAGs
[2024-06-12T18:25:22.999+0000] {logging_mixin.py:188} INFO - [2024-06-12T18:25:22.999+0000] {dag.py:3823} INFO - Setting next_dagrun for example_external_task_marker_child to None, run_after=None
[2024-06-12T18:25:23.005+0000] {logging_mixin.py:188} INFO - [2024-06-12T18:25:23.005+0000] {dag.py:3823} INFO - Setting next_dagrun for example_external_task_marker_parent to None, run_after=None
[2024-06-12T18:25:23.036+0000] {processor.py:183} INFO - Processing /home/airflow/.local/lib/python3.8/site-packages/airflow/example_dags/example_external_task_marker_dag.py took 0.126 seconds
[2024-06-12T18:26:57.532+0000] {processor.py:161} INFO - Started process (PID=49) to work on /home/airflow/.local/lib/python3.8/site-packages/airflow/example_dags/example_external_task_marker_dag.py
[2024-06-12T18:26:57.534+0000] {processor.py:830} INFO - Processing file /home/airflow/.local/lib/python3.8/site-packages/airflow/example_dags/example_external_task_marker_dag.py for tasks to queue
[2024-06-12T18:26:57.536+0000] {logging_mixin.py:188} INFO - [2024-06-12T18:26:57.536+0000] {dagbag.py:538} INFO - Filling up the DagBag from /home/airflow/.local/lib/python3.8/site-packages/airflow/example_dags/example_external_task_marker_dag.py
[2024-06-12T18:26:57.554+0000] {processor.py:840} INFO - DAG(s) 'example_external_task_marker_child', 'example_external_task_marker_parent' retrieved from /home/airflow/.local/lib/python3.8/site-packages/airflow/example_dags/example_external_task_marker_dag.py
[2024-06-12T18:26:57.611+0000] {logging_mixin.py:188} INFO - [2024-06-12T18:26:57.611+0000] {dag.py:3036} INFO - Sync 2 DAGs
[2024-06-12T18:26:57.646+0000] {logging_mixin.py:188} INFO - [2024-06-12T18:26:57.645+0000] {dag.py:3823} INFO - Setting next_dagrun for example_external_task_marker_child to None, run_after=None
[2024-06-12T18:26:57.653+0000] {logging_mixin.py:188} INFO - [2024-06-12T18:26:57.652+0000] {dag.py:3823} INFO - Setting next_dagrun for example_external_task_marker_parent to None, run_after=None
[2024-06-12T18:26:57.692+0000] {processor.py:183} INFO - Processing /home/airflow/.local/lib/python3.8/site-packages/airflow/example_dags/example_external_task_marker_dag.py took 0.165 seconds
[2024-06-12T18:27:27.845+0000] {processor.py:161} INFO - Started process (PID=106) to work on /home/airflow/.local/lib/python3.8/site-packages/airflow/example_dags/example_external_task_marker_dag.py
[2024-06-12T18:27:27.846+0000] {processor.py:830} INFO - Processing file /home/airflow/.local/lib/python3.8/site-packages/airflow/example_dags/example_external_task_marker_dag.py for tasks to queue
[2024-06-12T18:27:27.848+0000] {logging_mixin.py:188} INFO - [2024-06-12T18:27:27.848+0000] {dagbag.py:538} INFO - Filling up the DagBag from /home/airflow/.local/lib/python3.8/site-packages/airflow/example_dags/example_external_task_marker_dag.py
[2024-06-12T18:27:27.857+0000] {processor.py:840} INFO - DAG(s) 'example_external_task_marker_parent', 'example_external_task_marker_child' retrieved from /home/airflow/.local/lib/python3.8/site-packages/airflow/example_dags/example_external_task_marker_dag.py
[2024-06-12T18:27:27.875+0000] {logging_mixin.py:188} INFO - [2024-06-12T18:27:27.874+0000] {dag.py:3036} INFO - Sync 2 DAGs
[2024-06-12T18:27:27.896+0000] {logging_mixin.py:188} INFO - [2024-06-12T18:27:27.896+0000] {dag.py:3823} INFO - Setting next_dagrun for example_external_task_marker_child to None, run_after=None
[2024-06-12T18:27:27.902+0000] {logging_mixin.py:188} INFO - [2024-06-12T18:27:27.902+0000] {dag.py:3823} INFO - Setting next_dagrun for example_external_task_marker_parent to None, run_after=None
[2024-06-12T18:27:27.928+0000] {processor.py:183} INFO - Processing /home/airflow/.local/lib/python3.8/site-packages/airflow/example_dags/example_external_task_marker_dag.py took 0.087 seconds
[2024-06-12T18:27:59.508+0000] {processor.py:161} INFO - Started process (PID=163) to work on /home/airflow/.local/lib/python3.8/site-packages/airflow/example_dags/example_external_task_marker_dag.py
[2024-06-12T18:27:59.509+0000] {processor.py:830} INFO - Processing file /home/airflow/.local/lib/python3.8/site-packages/airflow/example_dags/example_external_task_marker_dag.py for tasks to queue
[2024-06-12T18:27:59.512+0000] {logging_mixin.py:188} INFO - [2024-06-12T18:27:59.511+0000] {dagbag.py:538} INFO - Filling up the DagBag from /home/airflow/.local/lib/python3.8/site-packages/airflow/example_dags/example_external_task_marker_dag.py
[2024-06-12T18:27:59.518+0000] {processor.py:840} INFO - DAG(s) 'example_external_task_marker_child', 'example_external_task_marker_parent' retrieved from /home/airflow/.local/lib/python3.8/site-packages/airflow/example_dags/example_external_task_marker_dag.py
[2024-06-12T18:27:59.700+0000] {logging_mixin.py:188} INFO - [2024-06-12T18:27:59.700+0000] {dag.py:3036} INFO - Sync 2 DAGs
[2024-06-12T18:27:59.717+0000] {logging_mixin.py:188} INFO - [2024-06-12T18:27:59.717+0000] {dag.py:3823} INFO - Setting next_dagrun for example_external_task_marker_child to None, run_after=None
[2024-06-12T18:27:59.722+0000] {logging_mixin.py:188} INFO - [2024-06-12T18:27:59.722+0000] {dag.py:3823} INFO - Setting next_dagrun for example_external_task_marker_parent to None, run_after=None
[2024-06-12T18:27:59.757+0000] {processor.py:183} INFO - Processing /home/airflow/.local/lib/python3.8/site-packages/airflow/example_dags/example_external_task_marker_dag.py took 0.252 seconds
[2024-06-12T18:28:30.049+0000] {processor.py:161} INFO - Started process (PID=220) to work on /home/airflow/.local/lib/python3.8/site-packages/airflow/example_dags/example_external_task_marker_dag.py
[2024-06-12T18:28:30.050+0000] {processor.py:830} INFO - Processing file /home/airflow/.local/lib/python3.8/site-packages/airflow/example_dags/example_external_task_marker_dag.py for tasks to queue
[2024-06-12T18:28:30.053+0000] {logging_mixin.py:188} INFO - [2024-06-12T18:28:30.052+0000] {dagbag.py:538} INFO - Filling up the DagBag from /home/airflow/.local/lib/python3.8/site-packages/airflow/example_dags/example_external_task_marker_dag.py
[2024-06-12T18:28:30.062+0000] {processor.py:840} INFO - DAG(s) 'example_external_task_marker_parent', 'example_external_task_marker_child' retrieved from /home/airflow/.local/lib/python3.8/site-packages/airflow/example_dags/example_external_task_marker_dag.py
[2024-06-12T18:28:30.101+0000] {logging_mixin.py:188} INFO - [2024-06-12T18:28:30.101+0000] {dag.py:3036} INFO - Sync 2 DAGs
[2024-06-12T18:28:30.126+0000] {logging_mixin.py:188} INFO - [2024-06-12T18:28:30.126+0000] {dag.py:3823} INFO - Setting next_dagrun for example_external_task_marker_child to None, run_after=None
[2024-06-12T18:28:30.134+0000] {logging_mixin.py:188} INFO - [2024-06-12T18:28:30.133+0000] {dag.py:3823} INFO - Setting next_dagrun for example_external_task_marker_parent to None, run_after=None
[2024-06-12T18:28:30.182+0000] {processor.py:183} INFO - Processing /home/airflow/.local/lib/python3.8/site-packages/airflow/example_dags/example_external_task_marker_dag.py took 0.138 seconds
[2024-06-12T18:29:00.312+0000] {processor.py:161} INFO - Started process (PID=275) to work on /home/airflow/.local/lib/python3.8/site-packages/airflow/example_dags/example_external_task_marker_dag.py
[2024-06-12T18:29:00.313+0000] {processor.py:830} INFO - Processing file /home/airflow/.local/lib/python3.8/site-packages/airflow/example_dags/example_external_task_marker_dag.py for tasks to queue
[2024-06-12T18:29:00.316+0000] {logging_mixin.py:188} INFO - [2024-06-12T18:29:00.315+0000] {dagbag.py:538} INFO - Filling up the DagBag from /home/airflow/.local/lib/python3.8/site-packages/airflow/example_dags/example_external_task_marker_dag.py
[2024-06-12T18:29:00.327+0000] {processor.py:840} INFO - DAG(s) 'example_external_task_marker_child', 'example_external_task_marker_parent' retrieved from /home/airflow/.local/lib/python3.8/site-packages/airflow/example_dags/example_external_task_marker_dag.py
[2024-06-12T18:29:00.382+0000] {logging_mixin.py:188} INFO - [2024-06-12T18:29:00.381+0000] {dag.py:3036} INFO - Sync 2 DAGs
[2024-06-12T18:29:00.406+0000] {logging_mixin.py:188} INFO - [2024-06-12T18:29:00.406+0000] {dag.py:3823} INFO - Setting next_dagrun for example_external_task_marker_child to None, run_after=None
[2024-06-12T18:29:00.414+0000] {logging_mixin.py:188} INFO - [2024-06-12T18:29:00.414+0000] {dag.py:3823} INFO - Setting next_dagrun for example_external_task_marker_parent to None, run_after=None
[2024-06-12T18:29:00.448+0000] {processor.py:183} INFO - Processing /home/airflow/.local/lib/python3.8/site-packages/airflow/example_dags/example_external_task_marker_dag.py took 0.140 seconds
[2024-06-12T18:29:30.791+0000] {processor.py:161} INFO - Started process (PID=332) to work on /home/airflow/.local/lib/python3.8/site-packages/airflow/example_dags/example_external_task_marker_dag.py
[2024-06-12T18:29:30.793+0000] {processor.py:830} INFO - Processing file /home/airflow/.local/lib/python3.8/site-packages/airflow/example_dags/example_external_task_marker_dag.py for tasks to queue
[2024-06-12T18:29:30.796+0000] {logging_mixin.py:188} INFO - [2024-06-12T18:29:30.795+0000] {dagbag.py:538} INFO - Filling up the DagBag from /home/airflow/.local/lib/python3.8/site-packages/airflow/example_dags/example_external_task_marker_dag.py
[2024-06-12T18:29:30.804+0000] {processor.py:840} INFO - DAG(s) 'example_external_task_marker_child', 'example_external_task_marker_parent' retrieved from /home/airflow/.local/lib/python3.8/site-packages/airflow/example_dags/example_external_task_marker_dag.py
[2024-06-12T18:29:30.841+0000] {logging_mixin.py:188} INFO - [2024-06-12T18:29:30.840+0000] {dag.py:3036} INFO - Sync 2 DAGs
[2024-06-12T18:29:30.859+0000] {logging_mixin.py:188} INFO - [2024-06-12T18:29:30.859+0000] {dag.py:3823} INFO - Setting next_dagrun for example_external_task_marker_child to None, run_after=None
[2024-06-12T18:29:30.866+0000] {logging_mixin.py:188} INFO - [2024-06-12T18:29:30.865+0000] {dag.py:3823} INFO - Setting next_dagrun for example_external_task_marker_parent to None, run_after=None
[2024-06-12T18:29:30.892+0000] {processor.py:183} INFO - Processing /home/airflow/.local/lib/python3.8/site-packages/airflow/example_dags/example_external_task_marker_dag.py took 0.105 seconds
[2024-06-12T18:30:01.187+0000] {processor.py:161} INFO - Started process (PID=389) to work on /home/airflow/.local/lib/python3.8/site-packages/airflow/example_dags/example_external_task_marker_dag.py
[2024-06-12T18:30:01.188+0000] {processor.py:830} INFO - Processing file /home/airflow/.local/lib/python3.8/site-packages/airflow/example_dags/example_external_task_marker_dag.py for tasks to queue
[2024-06-12T18:30:01.190+0000] {logging_mixin.py:188} INFO - [2024-06-12T18:30:01.190+0000] {dagbag.py:538} INFO - Filling up the DagBag from /home/airflow/.local/lib/python3.8/site-packages/airflow/example_dags/example_external_task_marker_dag.py
[2024-06-12T18:30:01.197+0000] {processor.py:840} INFO - DAG(s) 'example_external_task_marker_parent', 'example_external_task_marker_child' retrieved from /home/airflow/.local/lib/python3.8/site-packages/airflow/example_dags/example_external_task_marker_dag.py
[2024-06-12T18:30:01.226+0000] {logging_mixin.py:188} INFO - [2024-06-12T18:30:01.226+0000] {dag.py:3036} INFO - Sync 2 DAGs
[2024-06-12T18:30:01.247+0000] {logging_mixin.py:188} INFO - [2024-06-12T18:30:01.247+0000] {dag.py:3823} INFO - Setting next_dagrun for example_external_task_marker_child to None, run_after=None
[2024-06-12T18:30:01.253+0000] {logging_mixin.py:188} INFO - [2024-06-12T18:30:01.252+0000] {dag.py:3823} INFO - Setting next_dagrun for example_external_task_marker_parent to None, run_after=None
[2024-06-12T18:30:01.286+0000] {processor.py:183} INFO - Processing /home/airflow/.local/lib/python3.8/site-packages/airflow/example_dags/example_external_task_marker_dag.py took 0.102 seconds
[2024-06-12T18:30:31.438+0000] {processor.py:161} INFO - Started process (PID=446) to work on /home/airflow/.local/lib/python3.8/site-packages/airflow/example_dags/example_external_task_marker_dag.py
[2024-06-12T18:30:31.440+0000] {processor.py:830} INFO - Processing file /home/airflow/.local/lib/python3.8/site-packages/airflow/example_dags/example_external_task_marker_dag.py for tasks to queue
[2024-06-12T18:30:31.442+0000] {logging_mixin.py:188} INFO - [2024-06-12T18:30:31.442+0000] {dagbag.py:538} INFO - Filling up the DagBag from /home/airflow/.local/lib/python3.8/site-packages/airflow/example_dags/example_external_task_marker_dag.py
[2024-06-12T18:30:31.447+0000] {processor.py:840} INFO - DAG(s) 'example_external_task_marker_child', 'example_external_task_marker_parent' retrieved from /home/airflow/.local/lib/python3.8/site-packages/airflow/example_dags/example_external_task_marker_dag.py
[2024-06-12T18:30:31.471+0000] {logging_mixin.py:188} INFO - [2024-06-12T18:30:31.471+0000] {dag.py:3036} INFO - Sync 2 DAGs
[2024-06-12T18:30:31.486+0000] {logging_mixin.py:188} INFO - [2024-06-12T18:30:31.486+0000] {dag.py:3823} INFO - Setting next_dagrun for example_external_task_marker_child to None, run_after=None
[2024-06-12T18:30:31.490+0000] {logging_mixin.py:188} INFO - [2024-06-12T18:30:31.490+0000] {dag.py:3823} INFO - Setting next_dagrun for example_external_task_marker_parent to None, run_after=None
[2024-06-12T18:30:31.510+0000] {processor.py:183} INFO - Processing /home/airflow/.local/lib/python3.8/site-packages/airflow/example_dags/example_external_task_marker_dag.py took 0.076 seconds
[2024-06-12T18:31:02.535+0000] {processor.py:161} INFO - Started process (PID=503) to work on /home/airflow/.local/lib/python3.8/site-packages/airflow/example_dags/example_external_task_marker_dag.py
[2024-06-12T18:31:02.537+0000] {processor.py:830} INFO - Processing file /home/airflow/.local/lib/python3.8/site-packages/airflow/example_dags/example_external_task_marker_dag.py for tasks to queue
[2024-06-12T18:31:02.540+0000] {logging_mixin.py:188} INFO - [2024-06-12T18:31:02.540+0000] {dagbag.py:538} INFO - Filling up the DagBag from /home/airflow/.local/lib/python3.8/site-packages/airflow/example_dags/example_external_task_marker_dag.py
[2024-06-12T18:31:02.552+0000] {processor.py:840} INFO - DAG(s) 'example_external_task_marker_child', 'example_external_task_marker_parent' retrieved from /home/airflow/.local/lib/python3.8/site-packages/airflow/example_dags/example_external_task_marker_dag.py
[2024-06-12T18:31:02.590+0000] {logging_mixin.py:188} INFO - [2024-06-12T18:31:02.590+0000] {dag.py:3036} INFO - Sync 2 DAGs
[2024-06-12T18:31:02.614+0000] {logging_mixin.py:188} INFO - [2024-06-12T18:31:02.614+0000] {dag.py:3823} INFO - Setting next_dagrun for example_external_task_marker_child to None, run_after=None
[2024-06-12T18:31:02.621+0000] {logging_mixin.py:188} INFO - [2024-06-12T18:31:02.620+0000] {dag.py:3823} INFO - Setting next_dagrun for example_external_task_marker_parent to None, run_after=None
[2024-06-12T18:31:02.649+0000] {processor.py:183} INFO - Processing /home/airflow/.local/lib/python3.8/site-packages/airflow/example_dags/example_external_task_marker_dag.py took 0.121 seconds
[2024-06-12T18:31:32.949+0000] {processor.py:161} INFO - Started process (PID=560) to work on /home/airflow/.local/lib/python3.8/site-packages/airflow/example_dags/example_external_task_marker_dag.py
[2024-06-12T18:31:32.950+0000] {processor.py:830} INFO - Processing file /home/airflow/.local/lib/python3.8/site-packages/airflow/example_dags/example_external_task_marker_dag.py for tasks to queue
[2024-06-12T18:31:32.953+0000] {logging_mixin.py:188} INFO - [2024-06-12T18:31:32.953+0000] {dagbag.py:538} INFO - Filling up the DagBag from /home/airflow/.local/lib/python3.8/site-packages/airflow/example_dags/example_external_task_marker_dag.py
[2024-06-12T18:31:32.962+0000] {processor.py:840} INFO - DAG(s) 'example_external_task_marker_child', 'example_external_task_marker_parent' retrieved from /home/airflow/.local/lib/python3.8/site-packages/airflow/example_dags/example_external_task_marker_dag.py
[2024-06-12T18:31:33.002+0000] {logging_mixin.py:188} INFO - [2024-06-12T18:31:33.002+0000] {dag.py:3036} INFO - Sync 2 DAGs
[2024-06-12T18:31:33.025+0000] {logging_mixin.py:188} INFO - [2024-06-12T18:31:33.024+0000] {dag.py:3823} INFO - Setting next_dagrun for example_external_task_marker_child to None, run_after=None
[2024-06-12T18:31:33.032+0000] {logging_mixin.py:188} INFO - [2024-06-12T18:31:33.032+0000] {dag.py:3823} INFO - Setting next_dagrun for example_external_task_marker_parent to None, run_after=None
[2024-06-12T18:31:33.066+0000] {processor.py:183} INFO - Processing /home/airflow/.local/lib/python3.8/site-packages/airflow/example_dags/example_external_task_marker_dag.py took 0.123 seconds
[2024-06-12T18:32:03.272+0000] {processor.py:161} INFO - Started process (PID=617) to work on /home/airflow/.local/lib/python3.8/site-packages/airflow/example_dags/example_external_task_marker_dag.py
[2024-06-12T18:32:03.273+0000] {processor.py:830} INFO - Processing file /home/airflow/.local/lib/python3.8/site-packages/airflow/example_dags/example_external_task_marker_dag.py for tasks to queue
[2024-06-12T18:32:03.275+0000] {logging_mixin.py:188} INFO - [2024-06-12T18:32:03.274+0000] {dagbag.py:538} INFO - Filling up the DagBag from /home/airflow/.local/lib/python3.8/site-packages/airflow/example_dags/example_external_task_marker_dag.py
[2024-06-12T18:32:03.283+0000] {processor.py:840} INFO - DAG(s) 'example_external_task_marker_parent', 'example_external_task_marker_child' retrieved from /home/airflow/.local/lib/python3.8/site-packages/airflow/example_dags/example_external_task_marker_dag.py
[2024-06-12T18:32:03.324+0000] {logging_mixin.py:188} INFO - [2024-06-12T18:32:03.323+0000] {dag.py:3036} INFO - Sync 2 DAGs
[2024-06-12T18:32:03.344+0000] {logging_mixin.py:188} INFO - [2024-06-12T18:32:03.344+0000] {dag.py:3823} INFO - Setting next_dagrun for example_external_task_marker_child to None, run_after=None
[2024-06-12T18:32:03.351+0000] {logging_mixin.py:188} INFO - [2024-06-12T18:32:03.351+0000] {dag.py:3823} INFO - Setting next_dagrun for example_external_task_marker_parent to None, run_after=None
[2024-06-12T18:32:03.380+0000] {processor.py:183} INFO - Processing /home/airflow/.local/lib/python3.8/site-packages/airflow/example_dags/example_external_task_marker_dag.py took 0.111 seconds
[2024-06-12T18:32:33.502+0000] {processor.py:161} INFO - Started process (PID=674) to work on /home/airflow/.local/lib/python3.8/site-packages/airflow/example_dags/example_external_task_marker_dag.py
[2024-06-12T18:32:33.504+0000] {processor.py:830} INFO - Processing file /home/airflow/.local/lib/python3.8/site-packages/airflow/example_dags/example_external_task_marker_dag.py for tasks to queue
[2024-06-12T18:32:33.506+0000] {logging_mixin.py:188} INFO - [2024-06-12T18:32:33.505+0000] {dagbag.py:538} INFO - Filling up the DagBag from /home/airflow/.local/lib/python3.8/site-packages/airflow/example_dags/example_external_task_marker_dag.py
[2024-06-12T18:32:33.515+0000] {processor.py:840} INFO - DAG(s) 'example_external_task_marker_child', 'example_external_task_marker_parent' retrieved from /home/airflow/.local/lib/python3.8/site-packages/airflow/example_dags/example_external_task_marker_dag.py
[2024-06-12T18:32:33.550+0000] {logging_mixin.py:188} INFO - [2024-06-12T18:32:33.550+0000] {dag.py:3036} INFO - Sync 2 DAGs
[2024-06-12T18:32:33.569+0000] {logging_mixin.py:188} INFO - [2024-06-12T18:32:33.568+0000] {dag.py:3823} INFO - Setting next_dagrun for example_external_task_marker_child to None, run_after=None
[2024-06-12T18:32:33.575+0000] {logging_mixin.py:188} INFO - [2024-06-12T18:32:33.575+0000] {dag.py:3823} INFO - Setting next_dagrun for example_external_task_marker_parent to None, run_after=None
[2024-06-12T18:32:33.602+0000] {processor.py:183} INFO - Processing /home/airflow/.local/lib/python3.8/site-packages/airflow/example_dags/example_external_task_marker_dag.py took 0.103 seconds
[2024-06-12T18:33:03.729+0000] {processor.py:161} INFO - Started process (PID=732) to work on /home/airflow/.local/lib/python3.8/site-packages/airflow/example_dags/example_external_task_marker_dag.py
[2024-06-12T18:33:03.730+0000] {processor.py:830} INFO - Processing file /home/airflow/.local/lib/python3.8/site-packages/airflow/example_dags/example_external_task_marker_dag.py for tasks to queue
[2024-06-12T18:33:03.732+0000] {logging_mixin.py:188} INFO - [2024-06-12T18:33:03.732+0000] {dagbag.py:538} INFO - Filling up the DagBag from /home/airflow/.local/lib/python3.8/site-packages/airflow/example_dags/example_external_task_marker_dag.py
[2024-06-12T18:33:03.741+0000] {processor.py:840} INFO - DAG(s) 'example_external_task_marker_parent', 'example_external_task_marker_child' retrieved from /home/airflow/.local/lib/python3.8/site-packages/airflow/example_dags/example_external_task_marker_dag.py
[2024-06-12T18:33:03.781+0000] {logging_mixin.py:188} INFO - [2024-06-12T18:33:03.780+0000] {dag.py:3036} INFO - Sync 2 DAGs
[2024-06-12T18:33:03.803+0000] {logging_mixin.py:188} INFO - [2024-06-12T18:33:03.803+0000] {dag.py:3823} INFO - Setting next_dagrun for example_external_task_marker_child to None, run_after=None
[2024-06-12T18:33:03.817+0000] {logging_mixin.py:188} INFO - [2024-06-12T18:33:03.816+0000] {dag.py:3823} INFO - Setting next_dagrun for example_external_task_marker_parent to None, run_after=None
[2024-06-12T18:33:03.861+0000] {processor.py:183} INFO - Processing /home/airflow/.local/lib/python3.8/site-packages/airflow/example_dags/example_external_task_marker_dag.py took 0.136 seconds
[2024-06-12T18:33:33.963+0000] {processor.py:161} INFO - Started process (PID=790) to work on /home/airflow/.local/lib/python3.8/site-packages/airflow/example_dags/example_external_task_marker_dag.py
[2024-06-12T18:33:33.964+0000] {processor.py:830} INFO - Processing file /home/airflow/.local/lib/python3.8/site-packages/airflow/example_dags/example_external_task_marker_dag.py for tasks to queue
[2024-06-12T18:33:33.966+0000] {logging_mixin.py:188} INFO - [2024-06-12T18:33:33.965+0000] {dagbag.py:538} INFO - Filling up the DagBag from /home/airflow/.local/lib/python3.8/site-packages/airflow/example_dags/example_external_task_marker_dag.py
[2024-06-12T18:33:33.976+0000] {processor.py:840} INFO - DAG(s) 'example_external_task_marker_parent', 'example_external_task_marker_child' retrieved from /home/airflow/.local/lib/python3.8/site-packages/airflow/example_dags/example_external_task_marker_dag.py
[2024-06-12T18:33:34.004+0000] {logging_mixin.py:188} INFO - [2024-06-12T18:33:34.004+0000] {dag.py:3036} INFO - Sync 2 DAGs
[2024-06-12T18:33:34.023+0000] {logging_mixin.py:188} INFO - [2024-06-12T18:33:34.022+0000] {dag.py:3823} INFO - Setting next_dagrun for example_external_task_marker_child to None, run_after=None
[2024-06-12T18:33:34.029+0000] {logging_mixin.py:188} INFO - [2024-06-12T18:33:34.029+0000] {dag.py:3823} INFO - Setting next_dagrun for example_external_task_marker_parent to None, run_after=None
[2024-06-12T18:33:34.060+0000] {processor.py:183} INFO - Processing /home/airflow/.local/lib/python3.8/site-packages/airflow/example_dags/example_external_task_marker_dag.py took 0.101 seconds
[2024-06-12T18:34:04.662+0000] {processor.py:161} INFO - Started process (PID=847) to work on /home/airflow/.local/lib/python3.8/site-packages/airflow/example_dags/example_external_task_marker_dag.py
[2024-06-12T18:34:04.664+0000] {processor.py:830} INFO - Processing file /home/airflow/.local/lib/python3.8/site-packages/airflow/example_dags/example_external_task_marker_dag.py for tasks to queue
[2024-06-12T18:34:04.666+0000] {logging_mixin.py:188} INFO - [2024-06-12T18:34:04.665+0000] {dagbag.py:538} INFO - Filling up the DagBag from /home/airflow/.local/lib/python3.8/site-packages/airflow/example_dags/example_external_task_marker_dag.py
[2024-06-12T18:34:04.671+0000] {processor.py:840} INFO - DAG(s) 'example_external_task_marker_parent', 'example_external_task_marker_child' retrieved from /home/airflow/.local/lib/python3.8/site-packages/airflow/example_dags/example_external_task_marker_dag.py
[2024-06-12T18:34:04.701+0000] {logging_mixin.py:188} INFO - [2024-06-12T18:34:04.701+0000] {dag.py:3036} INFO - Sync 2 DAGs
[2024-06-12T18:34:04.721+0000] {logging_mixin.py:188} INFO - [2024-06-12T18:34:04.721+0000] {dag.py:3823} INFO - Setting next_dagrun for example_external_task_marker_child to None, run_after=None
[2024-06-12T18:34:04.726+0000] {logging_mixin.py:188} INFO - [2024-06-12T18:34:04.726+0000] {dag.py:3823} INFO - Setting next_dagrun for example_external_task_marker_parent to None, run_after=None
[2024-06-12T18:34:04.750+0000] {processor.py:183} INFO - Processing /home/airflow/.local/lib/python3.8/site-packages/airflow/example_dags/example_external_task_marker_dag.py took 0.091 seconds
[2024-06-12T18:34:35.646+0000] {processor.py:161} INFO - Started process (PID=904) to work on /home/airflow/.local/lib/python3.8/site-packages/airflow/example_dags/example_external_task_marker_dag.py
[2024-06-12T18:34:35.647+0000] {processor.py:830} INFO - Processing file /home/airflow/.local/lib/python3.8/site-packages/airflow/example_dags/example_external_task_marker_dag.py for tasks to queue
[2024-06-12T18:34:35.649+0000] {logging_mixin.py:188} INFO - [2024-06-12T18:34:35.649+0000] {dagbag.py:538} INFO - Filling up the DagBag from /home/airflow/.local/lib/python3.8/site-packages/airflow/example_dags/example_external_task_marker_dag.py
[2024-06-12T18:34:35.658+0000] {processor.py:840} INFO - DAG(s) 'example_external_task_marker_child', 'example_external_task_marker_parent' retrieved from /home/airflow/.local/lib/python3.8/site-packages/airflow/example_dags/example_external_task_marker_dag.py
[2024-06-12T18:34:35.699+0000] {logging_mixin.py:188} INFO - [2024-06-12T18:34:35.698+0000] {dag.py:3036} INFO - Sync 2 DAGs
[2024-06-12T18:34:35.717+0000] {logging_mixin.py:188} INFO - [2024-06-12T18:34:35.716+0000] {dag.py:3823} INFO - Setting next_dagrun for example_external_task_marker_child to None, run_after=None
[2024-06-12T18:34:35.722+0000] {logging_mixin.py:188} INFO - [2024-06-12T18:34:35.722+0000] {dag.py:3823} INFO - Setting next_dagrun for example_external_task_marker_parent to None, run_after=None
[2024-06-12T18:34:35.746+0000] {processor.py:183} INFO - Processing /home/airflow/.local/lib/python3.8/site-packages/airflow/example_dags/example_external_task_marker_dag.py took 0.105 seconds
[2024-06-12T18:35:06.032+0000] {processor.py:161} INFO - Started process (PID=961) to work on /home/airflow/.local/lib/python3.8/site-packages/airflow/example_dags/example_external_task_marker_dag.py
[2024-06-12T18:35:06.033+0000] {processor.py:830} INFO - Processing file /home/airflow/.local/lib/python3.8/site-packages/airflow/example_dags/example_external_task_marker_dag.py for tasks to queue
[2024-06-12T18:35:06.035+0000] {logging_mixin.py:188} INFO - [2024-06-12T18:35:06.035+0000] {dagbag.py:538} INFO - Filling up the DagBag from /home/airflow/.local/lib/python3.8/site-packages/airflow/example_dags/example_external_task_marker_dag.py
[2024-06-12T18:35:06.044+0000] {processor.py:840} INFO - DAG(s) 'example_external_task_marker_child', 'example_external_task_marker_parent' retrieved from /home/airflow/.local/lib/python3.8/site-packages/airflow/example_dags/example_external_task_marker_dag.py
[2024-06-12T18:35:06.075+0000] {logging_mixin.py:188} INFO - [2024-06-12T18:35:06.074+0000] {dag.py:3036} INFO - Sync 2 DAGs
[2024-06-12T18:35:06.095+0000] {logging_mixin.py:188} INFO - [2024-06-12T18:35:06.095+0000] {dag.py:3823} INFO - Setting next_dagrun for example_external_task_marker_child to None, run_after=None
[2024-06-12T18:35:06.102+0000] {logging_mixin.py:188} INFO - [2024-06-12T18:35:06.101+0000] {dag.py:3823} INFO - Setting next_dagrun for example_external_task_marker_parent to None, run_after=None
[2024-06-12T18:35:06.133+0000] {processor.py:183} INFO - Processing /home/airflow/.local/lib/python3.8/site-packages/airflow/example_dags/example_external_task_marker_dag.py took 0.105 seconds
[2024-06-12T18:35:36.528+0000] {processor.py:161} INFO - Started process (PID=1018) to work on /home/airflow/.local/lib/python3.8/site-packages/airflow/example_dags/example_external_task_marker_dag.py
[2024-06-12T18:35:36.530+0000] {processor.py:830} INFO - Processing file /home/airflow/.local/lib/python3.8/site-packages/airflow/example_dags/example_external_task_marker_dag.py for tasks to queue
[2024-06-12T18:35:36.532+0000] {logging_mixin.py:188} INFO - [2024-06-12T18:35:36.532+0000] {dagbag.py:538} INFO - Filling up the DagBag from /home/airflow/.local/lib/python3.8/site-packages/airflow/example_dags/example_external_task_marker_dag.py
[2024-06-12T18:35:36.542+0000] {processor.py:840} INFO - DAG(s) 'example_external_task_marker_child', 'example_external_task_marker_parent' retrieved from /home/airflow/.local/lib/python3.8/site-packages/airflow/example_dags/example_external_task_marker_dag.py
[2024-06-12T18:35:36.583+0000] {logging_mixin.py:188} INFO - [2024-06-12T18:35:36.583+0000] {dag.py:3036} INFO - Sync 2 DAGs
[2024-06-12T18:35:36.600+0000] {logging_mixin.py:188} INFO - [2024-06-12T18:35:36.599+0000] {dag.py:3823} INFO - Setting next_dagrun for example_external_task_marker_child to None, run_after=None
[2024-06-12T18:35:36.606+0000] {logging_mixin.py:188} INFO - [2024-06-12T18:35:36.606+0000] {dag.py:3823} INFO - Setting next_dagrun for example_external_task_marker_parent to None, run_after=None
[2024-06-12T18:35:36.636+0000] {processor.py:183} INFO - Processing /home/airflow/.local/lib/python3.8/site-packages/airflow/example_dags/example_external_task_marker_dag.py took 0.112 seconds
