[2024-06-12T18:04:09.871+0000] {processor.py:161} INFO - Started process (PID=54) to work on /home/airflow/.local/lib/python3.8/site-packages/airflow/example_dags/example_task_group_decorator.py
[2024-06-12T18:04:09.878+0000] {processor.py:830} INFO - Processing file /home/airflow/.local/lib/python3.8/site-packages/airflow/example_dags/example_task_group_decorator.py for tasks to queue
[2024-06-12T18:04:09.900+0000] {logging_mixin.py:188} INFO - [2024-06-12T18:04:09.899+0000] {dagbag.py:538} INFO - Filling up the DagBag from /home/airflow/.local/lib/python3.8/site-packages/airflow/example_dags/example_task_group_decorator.py
[2024-06-12T18:04:09.984+0000] {processor.py:840} INFO - DAG(s) 'example_task_group_decorator' retrieved from /home/airflow/.local/lib/python3.8/site-packages/airflow/example_dags/example_task_group_decorator.py
[2024-06-12T18:04:10.063+0000] {logging_mixin.py:188} INFO - [2024-06-12T18:04:10.062+0000] {dag.py:3036} INFO - Sync 1 DAGs
[2024-06-12T18:04:10.109+0000] {logging_mixin.py:188} INFO - [2024-06-12T18:04:10.108+0000] {dag.py:3823} INFO - Setting next_dagrun for example_task_group_decorator to 2024-06-11 00:00:00+00:00, run_after=2024-06-12 00:00:00+00:00
[2024-06-12T18:04:10.158+0000] {processor.py:183} INFO - Processing /home/airflow/.local/lib/python3.8/site-packages/airflow/example_dags/example_task_group_decorator.py took 0.299 seconds
[2024-06-12T18:05:42.708+0000] {processor.py:161} INFO - Started process (PID=116) to work on /home/airflow/.local/lib/python3.8/site-packages/airflow/example_dags/example_task_group_decorator.py
[2024-06-12T18:05:42.716+0000] {processor.py:830} INFO - Processing file /home/airflow/.local/lib/python3.8/site-packages/airflow/example_dags/example_task_group_decorator.py for tasks to queue
[2024-06-12T18:05:42.720+0000] {logging_mixin.py:188} INFO - [2024-06-12T18:05:42.720+0000] {dagbag.py:538} INFO - Filling up the DagBag from /home/airflow/.local/lib/python3.8/site-packages/airflow/example_dags/example_task_group_decorator.py
[2024-06-12T18:05:42.766+0000] {processor.py:840} INFO - DAG(s) 'example_task_group_decorator' retrieved from /home/airflow/.local/lib/python3.8/site-packages/airflow/example_dags/example_task_group_decorator.py
[2024-06-12T18:05:42.920+0000] {logging_mixin.py:188} INFO - [2024-06-12T18:05:42.920+0000] {dag.py:3036} INFO - Sync 1 DAGs
[2024-06-12T18:05:42.970+0000] {logging_mixin.py:188} INFO - [2024-06-12T18:05:42.969+0000] {dag.py:3823} INFO - Setting next_dagrun for example_task_group_decorator to 2024-06-11 00:00:00+00:00, run_after=2024-06-12 00:00:00+00:00
[2024-06-12T18:05:43.031+0000] {processor.py:183} INFO - Processing /home/airflow/.local/lib/python3.8/site-packages/airflow/example_dags/example_task_group_decorator.py took 0.329 seconds
[2024-06-12T18:06:14.193+0000] {processor.py:161} INFO - Started process (PID=194) to work on /home/airflow/.local/lib/python3.8/site-packages/airflow/example_dags/example_task_group_decorator.py
[2024-06-12T18:06:14.194+0000] {processor.py:830} INFO - Processing file /home/airflow/.local/lib/python3.8/site-packages/airflow/example_dags/example_task_group_decorator.py for tasks to queue
[2024-06-12T18:06:14.196+0000] {logging_mixin.py:188} INFO - [2024-06-12T18:06:14.195+0000] {dagbag.py:538} INFO - Filling up the DagBag from /home/airflow/.local/lib/python3.8/site-packages/airflow/example_dags/example_task_group_decorator.py
[2024-06-12T18:06:14.216+0000] {processor.py:840} INFO - DAG(s) 'example_task_group_decorator' retrieved from /home/airflow/.local/lib/python3.8/site-packages/airflow/example_dags/example_task_group_decorator.py
[2024-06-12T18:06:14.236+0000] {logging_mixin.py:188} INFO - [2024-06-12T18:06:14.235+0000] {dag.py:3036} INFO - Sync 1 DAGs
[2024-06-12T18:06:14.289+0000] {logging_mixin.py:188} INFO - [2024-06-12T18:06:14.288+0000] {dag.py:3823} INFO - Setting next_dagrun for example_task_group_decorator to 2024-06-11 00:00:00+00:00, run_after=2024-06-12 00:00:00+00:00
[2024-06-12T18:06:14.337+0000] {processor.py:183} INFO - Processing /home/airflow/.local/lib/python3.8/site-packages/airflow/example_dags/example_task_group_decorator.py took 0.148 seconds
[2024-06-12T18:06:44.742+0000] {processor.py:161} INFO - Started process (PID=251) to work on /home/airflow/.local/lib/python3.8/site-packages/airflow/example_dags/example_task_group_decorator.py
[2024-06-12T18:06:44.743+0000] {processor.py:830} INFO - Processing file /home/airflow/.local/lib/python3.8/site-packages/airflow/example_dags/example_task_group_decorator.py for tasks to queue
[2024-06-12T18:06:44.744+0000] {logging_mixin.py:188} INFO - [2024-06-12T18:06:44.744+0000] {dagbag.py:538} INFO - Filling up the DagBag from /home/airflow/.local/lib/python3.8/site-packages/airflow/example_dags/example_task_group_decorator.py
[2024-06-12T18:06:44.766+0000] {processor.py:840} INFO - DAG(s) 'example_task_group_decorator' retrieved from /home/airflow/.local/lib/python3.8/site-packages/airflow/example_dags/example_task_group_decorator.py
[2024-06-12T18:06:44.893+0000] {logging_mixin.py:188} INFO - [2024-06-12T18:06:44.893+0000] {dag.py:3036} INFO - Sync 1 DAGs
[2024-06-12T18:06:44.923+0000] {logging_mixin.py:188} INFO - [2024-06-12T18:06:44.923+0000] {dag.py:3823} INFO - Setting next_dagrun for example_task_group_decorator to 2024-06-11 00:00:00+00:00, run_after=2024-06-12 00:00:00+00:00
[2024-06-12T18:06:44.952+0000] {processor.py:183} INFO - Processing /home/airflow/.local/lib/python3.8/site-packages/airflow/example_dags/example_task_group_decorator.py took 0.215 seconds
[2024-06-12T18:07:15.120+0000] {processor.py:161} INFO - Started process (PID=316) to work on /home/airflow/.local/lib/python3.8/site-packages/airflow/example_dags/example_task_group_decorator.py
[2024-06-12T18:07:15.121+0000] {processor.py:830} INFO - Processing file /home/airflow/.local/lib/python3.8/site-packages/airflow/example_dags/example_task_group_decorator.py for tasks to queue
[2024-06-12T18:07:15.123+0000] {logging_mixin.py:188} INFO - [2024-06-12T18:07:15.122+0000] {dagbag.py:538} INFO - Filling up the DagBag from /home/airflow/.local/lib/python3.8/site-packages/airflow/example_dags/example_task_group_decorator.py
[2024-06-12T18:07:15.141+0000] {processor.py:840} INFO - DAG(s) 'example_task_group_decorator' retrieved from /home/airflow/.local/lib/python3.8/site-packages/airflow/example_dags/example_task_group_decorator.py
[2024-06-12T18:07:15.172+0000] {logging_mixin.py:188} INFO - [2024-06-12T18:07:15.172+0000] {dag.py:3036} INFO - Sync 1 DAGs
[2024-06-12T18:07:15.199+0000] {logging_mixin.py:188} INFO - [2024-06-12T18:07:15.199+0000] {dag.py:3823} INFO - Setting next_dagrun for example_task_group_decorator to 2024-06-11 00:00:00+00:00, run_after=2024-06-12 00:00:00+00:00
[2024-06-12T18:07:15.223+0000] {processor.py:183} INFO - Processing /home/airflow/.local/lib/python3.8/site-packages/airflow/example_dags/example_task_group_decorator.py took 0.106 seconds
[2024-06-12T18:07:58.185+0000] {processor.py:161} INFO - Started process (PID=408) to work on /home/airflow/.local/lib/python3.8/site-packages/airflow/example_dags/example_task_group_decorator.py
[2024-06-12T18:07:58.187+0000] {processor.py:830} INFO - Processing file /home/airflow/.local/lib/python3.8/site-packages/airflow/example_dags/example_task_group_decorator.py for tasks to queue
[2024-06-12T18:07:58.192+0000] {logging_mixin.py:188} INFO - [2024-06-12T18:07:58.191+0000] {dagbag.py:538} INFO - Filling up the DagBag from /home/airflow/.local/lib/python3.8/site-packages/airflow/example_dags/example_task_group_decorator.py
[2024-06-12T18:07:58.230+0000] {processor.py:840} INFO - DAG(s) 'example_task_group_decorator' retrieved from /home/airflow/.local/lib/python3.8/site-packages/airflow/example_dags/example_task_group_decorator.py
[2024-06-12T18:07:58.290+0000] {logging_mixin.py:188} INFO - [2024-06-12T18:07:58.289+0000] {dag.py:3036} INFO - Sync 1 DAGs
[2024-06-12T18:07:58.327+0000] {logging_mixin.py:188} INFO - [2024-06-12T18:07:58.326+0000] {dag.py:3823} INFO - Setting next_dagrun for example_task_group_decorator to 2024-06-11 00:00:00+00:00, run_after=2024-06-12 00:00:00+00:00
[2024-06-12T18:07:58.366+0000] {processor.py:183} INFO - Processing /home/airflow/.local/lib/python3.8/site-packages/airflow/example_dags/example_task_group_decorator.py took 0.186 seconds
[2024-06-12T18:08:37.443+0000] {processor.py:161} INFO - Started process (PID=479) to work on /home/airflow/.local/lib/python3.8/site-packages/airflow/example_dags/example_task_group_decorator.py
[2024-06-12T18:08:37.444+0000] {processor.py:830} INFO - Processing file /home/airflow/.local/lib/python3.8/site-packages/airflow/example_dags/example_task_group_decorator.py for tasks to queue
[2024-06-12T18:08:37.446+0000] {logging_mixin.py:188} INFO - [2024-06-12T18:08:37.445+0000] {dagbag.py:538} INFO - Filling up the DagBag from /home/airflow/.local/lib/python3.8/site-packages/airflow/example_dags/example_task_group_decorator.py
[2024-06-12T18:08:37.467+0000] {processor.py:840} INFO - DAG(s) 'example_task_group_decorator' retrieved from /home/airflow/.local/lib/python3.8/site-packages/airflow/example_dags/example_task_group_decorator.py
[2024-06-12T18:08:37.504+0000] {logging_mixin.py:188} INFO - [2024-06-12T18:08:37.503+0000] {dag.py:3036} INFO - Sync 1 DAGs
[2024-06-12T18:08:37.539+0000] {logging_mixin.py:188} INFO - [2024-06-12T18:08:37.538+0000] {dag.py:3823} INFO - Setting next_dagrun for example_task_group_decorator to 2024-06-11 00:00:00+00:00, run_after=2024-06-12 00:00:00+00:00
[2024-06-12T18:08:37.577+0000] {processor.py:183} INFO - Processing /home/airflow/.local/lib/python3.8/site-packages/airflow/example_dags/example_task_group_decorator.py took 0.138 seconds
[2024-06-12T18:09:07.774+0000] {processor.py:161} INFO - Started process (PID=539) to work on /home/airflow/.local/lib/python3.8/site-packages/airflow/example_dags/example_task_group_decorator.py
[2024-06-12T18:09:07.775+0000] {processor.py:830} INFO - Processing file /home/airflow/.local/lib/python3.8/site-packages/airflow/example_dags/example_task_group_decorator.py for tasks to queue
[2024-06-12T18:09:07.776+0000] {logging_mixin.py:188} INFO - [2024-06-12T18:09:07.776+0000] {dagbag.py:538} INFO - Filling up the DagBag from /home/airflow/.local/lib/python3.8/site-packages/airflow/example_dags/example_task_group_decorator.py
[2024-06-12T18:09:07.795+0000] {processor.py:840} INFO - DAG(s) 'example_task_group_decorator' retrieved from /home/airflow/.local/lib/python3.8/site-packages/airflow/example_dags/example_task_group_decorator.py
[2024-06-12T18:09:07.807+0000] {logging_mixin.py:188} INFO - [2024-06-12T18:09:07.807+0000] {dag.py:3036} INFO - Sync 1 DAGs
[2024-06-12T18:09:07.834+0000] {logging_mixin.py:188} INFO - [2024-06-12T18:09:07.834+0000] {dag.py:3823} INFO - Setting next_dagrun for example_task_group_decorator to 2024-06-11 00:00:00+00:00, run_after=2024-06-12 00:00:00+00:00
[2024-06-12T18:09:07.858+0000] {processor.py:183} INFO - Processing /home/airflow/.local/lib/python3.8/site-packages/airflow/example_dags/example_task_group_decorator.py took 0.087 seconds
[2024-06-12T18:09:39.171+0000] {processor.py:161} INFO - Started process (PID=596) to work on /home/airflow/.local/lib/python3.8/site-packages/airflow/example_dags/example_task_group_decorator.py
[2024-06-12T18:09:39.172+0000] {processor.py:830} INFO - Processing file /home/airflow/.local/lib/python3.8/site-packages/airflow/example_dags/example_task_group_decorator.py for tasks to queue
[2024-06-12T18:09:39.174+0000] {logging_mixin.py:188} INFO - [2024-06-12T18:09:39.173+0000] {dagbag.py:538} INFO - Filling up the DagBag from /home/airflow/.local/lib/python3.8/site-packages/airflow/example_dags/example_task_group_decorator.py
[2024-06-12T18:09:39.195+0000] {processor.py:840} INFO - DAG(s) 'example_task_group_decorator' retrieved from /home/airflow/.local/lib/python3.8/site-packages/airflow/example_dags/example_task_group_decorator.py
[2024-06-12T18:09:39.393+0000] {logging_mixin.py:188} INFO - [2024-06-12T18:09:39.392+0000] {dag.py:3036} INFO - Sync 1 DAGs
[2024-06-12T18:09:39.425+0000] {logging_mixin.py:188} INFO - [2024-06-12T18:09:39.424+0000] {dag.py:3823} INFO - Setting next_dagrun for example_task_group_decorator to 2024-06-11 00:00:00+00:00, run_after=2024-06-12 00:00:00+00:00
[2024-06-12T18:09:39.457+0000] {processor.py:183} INFO - Processing /home/airflow/.local/lib/python3.8/site-packages/airflow/example_dags/example_task_group_decorator.py took 0.290 seconds
[2024-06-12T18:10:09.937+0000] {processor.py:161} INFO - Started process (PID=655) to work on /home/airflow/.local/lib/python3.8/site-packages/airflow/example_dags/example_task_group_decorator.py
[2024-06-12T18:10:09.939+0000] {processor.py:830} INFO - Processing file /home/airflow/.local/lib/python3.8/site-packages/airflow/example_dags/example_task_group_decorator.py for tasks to queue
[2024-06-12T18:10:09.940+0000] {logging_mixin.py:188} INFO - [2024-06-12T18:10:09.939+0000] {dagbag.py:538} INFO - Filling up the DagBag from /home/airflow/.local/lib/python3.8/site-packages/airflow/example_dags/example_task_group_decorator.py
[2024-06-12T18:10:09.958+0000] {processor.py:840} INFO - DAG(s) 'example_task_group_decorator' retrieved from /home/airflow/.local/lib/python3.8/site-packages/airflow/example_dags/example_task_group_decorator.py
[2024-06-12T18:10:09.988+0000] {logging_mixin.py:188} INFO - [2024-06-12T18:10:09.987+0000] {dag.py:3036} INFO - Sync 1 DAGs
[2024-06-12T18:10:10.017+0000] {logging_mixin.py:188} INFO - [2024-06-12T18:10:10.017+0000] {dag.py:3823} INFO - Setting next_dagrun for example_task_group_decorator to 2024-06-11 00:00:00+00:00, run_after=2024-06-12 00:00:00+00:00
[2024-06-12T18:10:10.042+0000] {processor.py:183} INFO - Processing /home/airflow/.local/lib/python3.8/site-packages/airflow/example_dags/example_task_group_decorator.py took 0.108 seconds
[2024-06-12T18:10:40.846+0000] {processor.py:161} INFO - Started process (PID=712) to work on /home/airflow/.local/lib/python3.8/site-packages/airflow/example_dags/example_task_group_decorator.py
[2024-06-12T18:10:40.847+0000] {processor.py:830} INFO - Processing file /home/airflow/.local/lib/python3.8/site-packages/airflow/example_dags/example_task_group_decorator.py for tasks to queue
[2024-06-12T18:10:40.849+0000] {logging_mixin.py:188} INFO - [2024-06-12T18:10:40.848+0000] {dagbag.py:538} INFO - Filling up the DagBag from /home/airflow/.local/lib/python3.8/site-packages/airflow/example_dags/example_task_group_decorator.py
[2024-06-12T18:10:40.868+0000] {processor.py:840} INFO - DAG(s) 'example_task_group_decorator' retrieved from /home/airflow/.local/lib/python3.8/site-packages/airflow/example_dags/example_task_group_decorator.py
[2024-06-12T18:10:40.897+0000] {logging_mixin.py:188} INFO - [2024-06-12T18:10:40.897+0000] {dag.py:3036} INFO - Sync 1 DAGs
[2024-06-12T18:10:40.924+0000] {logging_mixin.py:188} INFO - [2024-06-12T18:10:40.923+0000] {dag.py:3823} INFO - Setting next_dagrun for example_task_group_decorator to 2024-06-11 00:00:00+00:00, run_after=2024-06-12 00:00:00+00:00
[2024-06-12T18:10:40.952+0000] {processor.py:183} INFO - Processing /home/airflow/.local/lib/python3.8/site-packages/airflow/example_dags/example_task_group_decorator.py took 0.109 seconds
[2024-06-12T18:11:11.566+0000] {processor.py:161} INFO - Started process (PID=769) to work on /home/airflow/.local/lib/python3.8/site-packages/airflow/example_dags/example_task_group_decorator.py
[2024-06-12T18:11:11.567+0000] {processor.py:830} INFO - Processing file /home/airflow/.local/lib/python3.8/site-packages/airflow/example_dags/example_task_group_decorator.py for tasks to queue
[2024-06-12T18:11:11.568+0000] {logging_mixin.py:188} INFO - [2024-06-12T18:11:11.568+0000] {dagbag.py:538} INFO - Filling up the DagBag from /home/airflow/.local/lib/python3.8/site-packages/airflow/example_dags/example_task_group_decorator.py
[2024-06-12T18:11:11.583+0000] {processor.py:840} INFO - DAG(s) 'example_task_group_decorator' retrieved from /home/airflow/.local/lib/python3.8/site-packages/airflow/example_dags/example_task_group_decorator.py
[2024-06-12T18:11:11.609+0000] {logging_mixin.py:188} INFO - [2024-06-12T18:11:11.609+0000] {dag.py:3036} INFO - Sync 1 DAGs
[2024-06-12T18:11:11.637+0000] {logging_mixin.py:188} INFO - [2024-06-12T18:11:11.637+0000] {dag.py:3823} INFO - Setting next_dagrun for example_task_group_decorator to 2024-06-11 00:00:00+00:00, run_after=2024-06-12 00:00:00+00:00
[2024-06-12T18:11:11.660+0000] {processor.py:183} INFO - Processing /home/airflow/.local/lib/python3.8/site-packages/airflow/example_dags/example_task_group_decorator.py took 0.097 seconds
[2024-06-12T18:11:41.716+0000] {processor.py:161} INFO - Started process (PID=826) to work on /home/airflow/.local/lib/python3.8/site-packages/airflow/example_dags/example_task_group_decorator.py
[2024-06-12T18:11:41.717+0000] {processor.py:830} INFO - Processing file /home/airflow/.local/lib/python3.8/site-packages/airflow/example_dags/example_task_group_decorator.py for tasks to queue
[2024-06-12T18:11:41.718+0000] {logging_mixin.py:188} INFO - [2024-06-12T18:11:41.717+0000] {dagbag.py:538} INFO - Filling up the DagBag from /home/airflow/.local/lib/python3.8/site-packages/airflow/example_dags/example_task_group_decorator.py
[2024-06-12T18:11:41.733+0000] {processor.py:840} INFO - DAG(s) 'example_task_group_decorator' retrieved from /home/airflow/.local/lib/python3.8/site-packages/airflow/example_dags/example_task_group_decorator.py
[2024-06-12T18:11:41.761+0000] {logging_mixin.py:188} INFO - [2024-06-12T18:11:41.760+0000] {dag.py:3036} INFO - Sync 1 DAGs
[2024-06-12T18:11:41.784+0000] {logging_mixin.py:188} INFO - [2024-06-12T18:11:41.784+0000] {dag.py:3823} INFO - Setting next_dagrun for example_task_group_decorator to 2024-06-11 00:00:00+00:00, run_after=2024-06-12 00:00:00+00:00
[2024-06-12T18:11:41.807+0000] {processor.py:183} INFO - Processing /home/airflow/.local/lib/python3.8/site-packages/airflow/example_dags/example_task_group_decorator.py took 0.094 seconds
[2024-06-12T18:12:12.772+0000] {processor.py:161} INFO - Started process (PID=883) to work on /home/airflow/.local/lib/python3.8/site-packages/airflow/example_dags/example_task_group_decorator.py
[2024-06-12T18:12:12.773+0000] {processor.py:830} INFO - Processing file /home/airflow/.local/lib/python3.8/site-packages/airflow/example_dags/example_task_group_decorator.py for tasks to queue
[2024-06-12T18:12:12.774+0000] {logging_mixin.py:188} INFO - [2024-06-12T18:12:12.774+0000] {dagbag.py:538} INFO - Filling up the DagBag from /home/airflow/.local/lib/python3.8/site-packages/airflow/example_dags/example_task_group_decorator.py
[2024-06-12T18:12:12.792+0000] {processor.py:840} INFO - DAG(s) 'example_task_group_decorator' retrieved from /home/airflow/.local/lib/python3.8/site-packages/airflow/example_dags/example_task_group_decorator.py
[2024-06-12T18:12:12.820+0000] {logging_mixin.py:188} INFO - [2024-06-12T18:12:12.820+0000] {dag.py:3036} INFO - Sync 1 DAGs
[2024-06-12T18:12:12.844+0000] {logging_mixin.py:188} INFO - [2024-06-12T18:12:12.844+0000] {dag.py:3823} INFO - Setting next_dagrun for example_task_group_decorator to 2024-06-11 00:00:00+00:00, run_after=2024-06-12 00:00:00+00:00
[2024-06-12T18:12:12.868+0000] {processor.py:183} INFO - Processing /home/airflow/.local/lib/python3.8/site-packages/airflow/example_dags/example_task_group_decorator.py took 0.100 seconds
[2024-06-12T18:14:50.258+0000] {processor.py:161} INFO - Started process (PID=54) to work on /home/airflow/.local/lib/python3.8/site-packages/airflow/example_dags/example_task_group_decorator.py
[2024-06-12T18:14:50.262+0000] {processor.py:830} INFO - Processing file /home/airflow/.local/lib/python3.8/site-packages/airflow/example_dags/example_task_group_decorator.py for tasks to queue
[2024-06-12T18:14:50.264+0000] {logging_mixin.py:188} INFO - [2024-06-12T18:14:50.264+0000] {dagbag.py:538} INFO - Filling up the DagBag from /home/airflow/.local/lib/python3.8/site-packages/airflow/example_dags/example_task_group_decorator.py
[2024-06-12T18:14:50.296+0000] {processor.py:840} INFO - DAG(s) 'example_task_group_decorator' retrieved from /home/airflow/.local/lib/python3.8/site-packages/airflow/example_dags/example_task_group_decorator.py
[2024-06-12T18:14:50.340+0000] {logging_mixin.py:188} INFO - [2024-06-12T18:14:50.340+0000] {dag.py:3036} INFO - Sync 1 DAGs
[2024-06-12T18:14:50.386+0000] {logging_mixin.py:188} INFO - [2024-06-12T18:14:50.386+0000] {dag.py:3823} INFO - Setting next_dagrun for example_task_group_decorator to 2024-06-11 00:00:00+00:00, run_after=2024-06-12 00:00:00+00:00
[2024-06-12T18:14:50.421+0000] {processor.py:183} INFO - Processing /home/airflow/.local/lib/python3.8/site-packages/airflow/example_dags/example_task_group_decorator.py took 0.169 seconds
[2024-06-12T18:15:20.584+0000] {processor.py:161} INFO - Started process (PID=111) to work on /home/airflow/.local/lib/python3.8/site-packages/airflow/example_dags/example_task_group_decorator.py
[2024-06-12T18:15:20.585+0000] {processor.py:830} INFO - Processing file /home/airflow/.local/lib/python3.8/site-packages/airflow/example_dags/example_task_group_decorator.py for tasks to queue
[2024-06-12T18:15:20.587+0000] {logging_mixin.py:188} INFO - [2024-06-12T18:15:20.587+0000] {dagbag.py:538} INFO - Filling up the DagBag from /home/airflow/.local/lib/python3.8/site-packages/airflow/example_dags/example_task_group_decorator.py
[2024-06-12T18:15:20.603+0000] {processor.py:840} INFO - DAG(s) 'example_task_group_decorator' retrieved from /home/airflow/.local/lib/python3.8/site-packages/airflow/example_dags/example_task_group_decorator.py
[2024-06-12T18:15:20.618+0000] {logging_mixin.py:188} INFO - [2024-06-12T18:15:20.617+0000] {dag.py:3036} INFO - Sync 1 DAGs
[2024-06-12T18:15:20.649+0000] {logging_mixin.py:188} INFO - [2024-06-12T18:15:20.649+0000] {dag.py:3823} INFO - Setting next_dagrun for example_task_group_decorator to 2024-06-11 00:00:00+00:00, run_after=2024-06-12 00:00:00+00:00
[2024-06-12T18:15:20.676+0000] {processor.py:183} INFO - Processing /home/airflow/.local/lib/python3.8/site-packages/airflow/example_dags/example_task_group_decorator.py took 0.094 seconds
[2024-06-12T18:15:51.627+0000] {processor.py:161} INFO - Started process (PID=168) to work on /home/airflow/.local/lib/python3.8/site-packages/airflow/example_dags/example_task_group_decorator.py
[2024-06-12T18:15:51.628+0000] {processor.py:830} INFO - Processing file /home/airflow/.local/lib/python3.8/site-packages/airflow/example_dags/example_task_group_decorator.py for tasks to queue
[2024-06-12T18:15:51.630+0000] {logging_mixin.py:188} INFO - [2024-06-12T18:15:51.629+0000] {dagbag.py:538} INFO - Filling up the DagBag from /home/airflow/.local/lib/python3.8/site-packages/airflow/example_dags/example_task_group_decorator.py
[2024-06-12T18:15:51.644+0000] {processor.py:840} INFO - DAG(s) 'example_task_group_decorator' retrieved from /home/airflow/.local/lib/python3.8/site-packages/airflow/example_dags/example_task_group_decorator.py
[2024-06-12T18:15:51.772+0000] {logging_mixin.py:188} INFO - [2024-06-12T18:15:51.771+0000] {dag.py:3036} INFO - Sync 1 DAGs
[2024-06-12T18:15:51.797+0000] {logging_mixin.py:188} INFO - [2024-06-12T18:15:51.796+0000] {dag.py:3823} INFO - Setting next_dagrun for example_task_group_decorator to 2024-06-11 00:00:00+00:00, run_after=2024-06-12 00:00:00+00:00
[2024-06-12T18:15:51.820+0000] {processor.py:183} INFO - Processing /home/airflow/.local/lib/python3.8/site-packages/airflow/example_dags/example_task_group_decorator.py took 0.196 seconds
[2024-06-12T18:16:22.629+0000] {processor.py:161} INFO - Started process (PID=225) to work on /home/airflow/.local/lib/python3.8/site-packages/airflow/example_dags/example_task_group_decorator.py
[2024-06-12T18:16:22.631+0000] {processor.py:830} INFO - Processing file /home/airflow/.local/lib/python3.8/site-packages/airflow/example_dags/example_task_group_decorator.py for tasks to queue
[2024-06-12T18:16:22.633+0000] {logging_mixin.py:188} INFO - [2024-06-12T18:16:22.632+0000] {dagbag.py:538} INFO - Filling up the DagBag from /home/airflow/.local/lib/python3.8/site-packages/airflow/example_dags/example_task_group_decorator.py
[2024-06-12T18:16:22.655+0000] {processor.py:840} INFO - DAG(s) 'example_task_group_decorator' retrieved from /home/airflow/.local/lib/python3.8/site-packages/airflow/example_dags/example_task_group_decorator.py
[2024-06-12T18:16:22.681+0000] {logging_mixin.py:188} INFO - [2024-06-12T18:16:22.680+0000] {dag.py:3036} INFO - Sync 1 DAGs
[2024-06-12T18:16:22.726+0000] {logging_mixin.py:188} INFO - [2024-06-12T18:16:22.726+0000] {dag.py:3823} INFO - Setting next_dagrun for example_task_group_decorator to 2024-06-11 00:00:00+00:00, run_after=2024-06-12 00:00:00+00:00
[2024-06-12T18:16:22.763+0000] {processor.py:183} INFO - Processing /home/airflow/.local/lib/python3.8/site-packages/airflow/example_dags/example_task_group_decorator.py took 0.138 seconds
[2024-06-12T18:16:53.542+0000] {processor.py:161} INFO - Started process (PID=282) to work on /home/airflow/.local/lib/python3.8/site-packages/airflow/example_dags/example_task_group_decorator.py
[2024-06-12T18:16:53.543+0000] {processor.py:830} INFO - Processing file /home/airflow/.local/lib/python3.8/site-packages/airflow/example_dags/example_task_group_decorator.py for tasks to queue
[2024-06-12T18:16:53.545+0000] {logging_mixin.py:188} INFO - [2024-06-12T18:16:53.544+0000] {dagbag.py:538} INFO - Filling up the DagBag from /home/airflow/.local/lib/python3.8/site-packages/airflow/example_dags/example_task_group_decorator.py
[2024-06-12T18:16:53.562+0000] {processor.py:840} INFO - DAG(s) 'example_task_group_decorator' retrieved from /home/airflow/.local/lib/python3.8/site-packages/airflow/example_dags/example_task_group_decorator.py
[2024-06-12T18:16:53.708+0000] {logging_mixin.py:188} INFO - [2024-06-12T18:16:53.708+0000] {dag.py:3036} INFO - Sync 1 DAGs
[2024-06-12T18:16:53.740+0000] {logging_mixin.py:188} INFO - [2024-06-12T18:16:53.740+0000] {dag.py:3823} INFO - Setting next_dagrun for example_task_group_decorator to 2024-06-11 00:00:00+00:00, run_after=2024-06-12 00:00:00+00:00
[2024-06-12T18:16:53.768+0000] {processor.py:183} INFO - Processing /home/airflow/.local/lib/python3.8/site-packages/airflow/example_dags/example_task_group_decorator.py took 0.230 seconds
[2024-06-12T18:17:24.226+0000] {processor.py:161} INFO - Started process (PID=345) to work on /home/airflow/.local/lib/python3.8/site-packages/airflow/example_dags/example_task_group_decorator.py
[2024-06-12T18:17:24.227+0000] {processor.py:830} INFO - Processing file /home/airflow/.local/lib/python3.8/site-packages/airflow/example_dags/example_task_group_decorator.py for tasks to queue
[2024-06-12T18:17:24.228+0000] {logging_mixin.py:188} INFO - [2024-06-12T18:17:24.228+0000] {dagbag.py:538} INFO - Filling up the DagBag from /home/airflow/.local/lib/python3.8/site-packages/airflow/example_dags/example_task_group_decorator.py
[2024-06-12T18:17:24.247+0000] {processor.py:840} INFO - DAG(s) 'example_task_group_decorator' retrieved from /home/airflow/.local/lib/python3.8/site-packages/airflow/example_dags/example_task_group_decorator.py
[2024-06-12T18:17:24.274+0000] {logging_mixin.py:188} INFO - [2024-06-12T18:17:24.274+0000] {dag.py:3036} INFO - Sync 1 DAGs
[2024-06-12T18:17:24.302+0000] {logging_mixin.py:188} INFO - [2024-06-12T18:17:24.302+0000] {dag.py:3823} INFO - Setting next_dagrun for example_task_group_decorator to 2024-06-11 00:00:00+00:00, run_after=2024-06-12 00:00:00+00:00
[2024-06-12T18:17:24.327+0000] {processor.py:183} INFO - Processing /home/airflow/.local/lib/python3.8/site-packages/airflow/example_dags/example_task_group_decorator.py took 0.105 seconds
[2024-06-12T18:18:46.227+0000] {processor.py:161} INFO - Started process (PID=54) to work on /home/airflow/.local/lib/python3.8/site-packages/airflow/example_dags/example_task_group_decorator.py
[2024-06-12T18:18:46.228+0000] {processor.py:830} INFO - Processing file /home/airflow/.local/lib/python3.8/site-packages/airflow/example_dags/example_task_group_decorator.py for tasks to queue
[2024-06-12T18:18:46.232+0000] {logging_mixin.py:188} INFO - [2024-06-12T18:18:46.231+0000] {dagbag.py:538} INFO - Filling up the DagBag from /home/airflow/.local/lib/python3.8/site-packages/airflow/example_dags/example_task_group_decorator.py
[2024-06-12T18:18:46.256+0000] {processor.py:840} INFO - DAG(s) 'example_task_group_decorator' retrieved from /home/airflow/.local/lib/python3.8/site-packages/airflow/example_dags/example_task_group_decorator.py
[2024-06-12T18:18:46.268+0000] {logging_mixin.py:188} INFO - [2024-06-12T18:18:46.267+0000] {dag.py:3036} INFO - Sync 1 DAGs
[2024-06-12T18:18:46.301+0000] {logging_mixin.py:188} INFO - [2024-06-12T18:18:46.301+0000] {dag.py:3823} INFO - Setting next_dagrun for example_task_group_decorator to 2024-06-11 00:00:00+00:00, run_after=2024-06-12 00:00:00+00:00
[2024-06-12T18:18:46.329+0000] {processor.py:183} INFO - Processing /home/airflow/.local/lib/python3.8/site-packages/airflow/example_dags/example_task_group_decorator.py took 0.105 seconds
[2024-06-12T18:19:17.335+0000] {processor.py:161} INFO - Started process (PID=111) to work on /home/airflow/.local/lib/python3.8/site-packages/airflow/example_dags/example_task_group_decorator.py
[2024-06-12T18:19:17.336+0000] {processor.py:830} INFO - Processing file /home/airflow/.local/lib/python3.8/site-packages/airflow/example_dags/example_task_group_decorator.py for tasks to queue
[2024-06-12T18:19:17.338+0000] {logging_mixin.py:188} INFO - [2024-06-12T18:19:17.338+0000] {dagbag.py:538} INFO - Filling up the DagBag from /home/airflow/.local/lib/python3.8/site-packages/airflow/example_dags/example_task_group_decorator.py
[2024-06-12T18:19:17.360+0000] {processor.py:840} INFO - DAG(s) 'example_task_group_decorator' retrieved from /home/airflow/.local/lib/python3.8/site-packages/airflow/example_dags/example_task_group_decorator.py
[2024-06-12T18:19:17.375+0000] {logging_mixin.py:188} INFO - [2024-06-12T18:19:17.374+0000] {dag.py:3036} INFO - Sync 1 DAGs
[2024-06-12T18:19:17.406+0000] {logging_mixin.py:188} INFO - [2024-06-12T18:19:17.406+0000] {dag.py:3823} INFO - Setting next_dagrun for example_task_group_decorator to 2024-06-11 00:00:00+00:00, run_after=2024-06-12 00:00:00+00:00
[2024-06-12T18:19:17.436+0000] {processor.py:183} INFO - Processing /home/airflow/.local/lib/python3.8/site-packages/airflow/example_dags/example_task_group_decorator.py took 0.104 seconds
[2024-06-12T18:19:48.864+0000] {processor.py:161} INFO - Started process (PID=168) to work on /home/airflow/.local/lib/python3.8/site-packages/airflow/example_dags/example_task_group_decorator.py
[2024-06-12T18:19:48.866+0000] {processor.py:830} INFO - Processing file /home/airflow/.local/lib/python3.8/site-packages/airflow/example_dags/example_task_group_decorator.py for tasks to queue
[2024-06-12T18:19:48.868+0000] {logging_mixin.py:188} INFO - [2024-06-12T18:19:48.867+0000] {dagbag.py:538} INFO - Filling up the DagBag from /home/airflow/.local/lib/python3.8/site-packages/airflow/example_dags/example_task_group_decorator.py
[2024-06-12T18:19:48.887+0000] {processor.py:840} INFO - DAG(s) 'example_task_group_decorator' retrieved from /home/airflow/.local/lib/python3.8/site-packages/airflow/example_dags/example_task_group_decorator.py
[2024-06-12T18:19:49.047+0000] {logging_mixin.py:188} INFO - [2024-06-12T18:19:49.047+0000] {dag.py:3036} INFO - Sync 1 DAGs
[2024-06-12T18:19:49.074+0000] {logging_mixin.py:188} INFO - [2024-06-12T18:19:49.073+0000] {dag.py:3823} INFO - Setting next_dagrun for example_task_group_decorator to 2024-06-11 00:00:00+00:00, run_after=2024-06-12 00:00:00+00:00
[2024-06-12T18:19:49.108+0000] {processor.py:183} INFO - Processing /home/airflow/.local/lib/python3.8/site-packages/airflow/example_dags/example_task_group_decorator.py took 0.247 seconds
[2024-06-12T18:20:19.997+0000] {processor.py:161} INFO - Started process (PID=225) to work on /home/airflow/.local/lib/python3.8/site-packages/airflow/example_dags/example_task_group_decorator.py
[2024-06-12T18:20:19.999+0000] {processor.py:830} INFO - Processing file /home/airflow/.local/lib/python3.8/site-packages/airflow/example_dags/example_task_group_decorator.py for tasks to queue
[2024-06-12T18:20:20.001+0000] {logging_mixin.py:188} INFO - [2024-06-12T18:20:20.001+0000] {dagbag.py:538} INFO - Filling up the DagBag from /home/airflow/.local/lib/python3.8/site-packages/airflow/example_dags/example_task_group_decorator.py
[2024-06-12T18:20:20.029+0000] {processor.py:840} INFO - DAG(s) 'example_task_group_decorator' retrieved from /home/airflow/.local/lib/python3.8/site-packages/airflow/example_dags/example_task_group_decorator.py
[2024-06-12T18:20:20.073+0000] {logging_mixin.py:188} INFO - [2024-06-12T18:20:20.073+0000] {dag.py:3036} INFO - Sync 1 DAGs
[2024-06-12T18:20:20.108+0000] {logging_mixin.py:188} INFO - [2024-06-12T18:20:20.108+0000] {dag.py:3823} INFO - Setting next_dagrun for example_task_group_decorator to 2024-06-11 00:00:00+00:00, run_after=2024-06-12 00:00:00+00:00
[2024-06-12T18:20:20.145+0000] {processor.py:183} INFO - Processing /home/airflow/.local/lib/python3.8/site-packages/airflow/example_dags/example_task_group_decorator.py took 0.154 seconds
[2024-06-12T18:20:50.517+0000] {processor.py:161} INFO - Started process (PID=282) to work on /home/airflow/.local/lib/python3.8/site-packages/airflow/example_dags/example_task_group_decorator.py
[2024-06-12T18:20:50.518+0000] {processor.py:830} INFO - Processing file /home/airflow/.local/lib/python3.8/site-packages/airflow/example_dags/example_task_group_decorator.py for tasks to queue
[2024-06-12T18:20:50.521+0000] {logging_mixin.py:188} INFO - [2024-06-12T18:20:50.521+0000] {dagbag.py:538} INFO - Filling up the DagBag from /home/airflow/.local/lib/python3.8/site-packages/airflow/example_dags/example_task_group_decorator.py
[2024-06-12T18:20:50.547+0000] {processor.py:840} INFO - DAG(s) 'example_task_group_decorator' retrieved from /home/airflow/.local/lib/python3.8/site-packages/airflow/example_dags/example_task_group_decorator.py
[2024-06-12T18:20:50.581+0000] {logging_mixin.py:188} INFO - [2024-06-12T18:20:50.580+0000] {dag.py:3036} INFO - Sync 1 DAGs
[2024-06-12T18:20:50.611+0000] {logging_mixin.py:188} INFO - [2024-06-12T18:20:50.611+0000] {dag.py:3823} INFO - Setting next_dagrun for example_task_group_decorator to 2024-06-11 00:00:00+00:00, run_after=2024-06-12 00:00:00+00:00
[2024-06-12T18:20:50.648+0000] {processor.py:183} INFO - Processing /home/airflow/.local/lib/python3.8/site-packages/airflow/example_dags/example_task_group_decorator.py took 0.135 seconds
[2024-06-12T18:21:20.844+0000] {processor.py:161} INFO - Started process (PID=340) to work on /home/airflow/.local/lib/python3.8/site-packages/airflow/example_dags/example_task_group_decorator.py
[2024-06-12T18:21:20.845+0000] {processor.py:830} INFO - Processing file /home/airflow/.local/lib/python3.8/site-packages/airflow/example_dags/example_task_group_decorator.py for tasks to queue
[2024-06-12T18:21:20.848+0000] {logging_mixin.py:188} INFO - [2024-06-12T18:21:20.847+0000] {dagbag.py:538} INFO - Filling up the DagBag from /home/airflow/.local/lib/python3.8/site-packages/airflow/example_dags/example_task_group_decorator.py
[2024-06-12T18:21:20.865+0000] {processor.py:840} INFO - DAG(s) 'example_task_group_decorator' retrieved from /home/airflow/.local/lib/python3.8/site-packages/airflow/example_dags/example_task_group_decorator.py
[2024-06-12T18:21:20.899+0000] {logging_mixin.py:188} INFO - [2024-06-12T18:21:20.899+0000] {dag.py:3036} INFO - Sync 1 DAGs
[2024-06-12T18:21:20.931+0000] {logging_mixin.py:188} INFO - [2024-06-12T18:21:20.931+0000] {dag.py:3823} INFO - Setting next_dagrun for example_task_group_decorator to 2024-06-11 00:00:00+00:00, run_after=2024-06-12 00:00:00+00:00
[2024-06-12T18:21:20.971+0000] {processor.py:183} INFO - Processing /home/airflow/.local/lib/python3.8/site-packages/airflow/example_dags/example_task_group_decorator.py took 0.129 seconds
[2024-06-12T18:21:51.033+0000] {processor.py:161} INFO - Started process (PID=397) to work on /home/airflow/.local/lib/python3.8/site-packages/airflow/example_dags/example_task_group_decorator.py
[2024-06-12T18:21:51.034+0000] {processor.py:830} INFO - Processing file /home/airflow/.local/lib/python3.8/site-packages/airflow/example_dags/example_task_group_decorator.py for tasks to queue
[2024-06-12T18:21:51.035+0000] {logging_mixin.py:188} INFO - [2024-06-12T18:21:51.035+0000] {dagbag.py:538} INFO - Filling up the DagBag from /home/airflow/.local/lib/python3.8/site-packages/airflow/example_dags/example_task_group_decorator.py
[2024-06-12T18:21:51.059+0000] {processor.py:840} INFO - DAG(s) 'example_task_group_decorator' retrieved from /home/airflow/.local/lib/python3.8/site-packages/airflow/example_dags/example_task_group_decorator.py
[2024-06-12T18:21:51.101+0000] {logging_mixin.py:188} INFO - [2024-06-12T18:21:51.100+0000] {dag.py:3036} INFO - Sync 1 DAGs
[2024-06-12T18:21:51.137+0000] {logging_mixin.py:188} INFO - [2024-06-12T18:21:51.137+0000] {dag.py:3823} INFO - Setting next_dagrun for example_task_group_decorator to 2024-06-11 00:00:00+00:00, run_after=2024-06-12 00:00:00+00:00
[2024-06-12T18:21:51.176+0000] {processor.py:183} INFO - Processing /home/airflow/.local/lib/python3.8/site-packages/airflow/example_dags/example_task_group_decorator.py took 0.146 seconds
[2024-06-12T18:22:21.842+0000] {processor.py:161} INFO - Started process (PID=452) to work on /home/airflow/.local/lib/python3.8/site-packages/airflow/example_dags/example_task_group_decorator.py
[2024-06-12T18:22:21.844+0000] {processor.py:830} INFO - Processing file /home/airflow/.local/lib/python3.8/site-packages/airflow/example_dags/example_task_group_decorator.py for tasks to queue
[2024-06-12T18:22:21.847+0000] {logging_mixin.py:188} INFO - [2024-06-12T18:22:21.846+0000] {dagbag.py:538} INFO - Filling up the DagBag from /home/airflow/.local/lib/python3.8/site-packages/airflow/example_dags/example_task_group_decorator.py
[2024-06-12T18:22:21.868+0000] {processor.py:840} INFO - DAG(s) 'example_task_group_decorator' retrieved from /home/airflow/.local/lib/python3.8/site-packages/airflow/example_dags/example_task_group_decorator.py
[2024-06-12T18:22:21.908+0000] {logging_mixin.py:188} INFO - [2024-06-12T18:22:21.907+0000] {dag.py:3036} INFO - Sync 1 DAGs
[2024-06-12T18:22:21.941+0000] {logging_mixin.py:188} INFO - [2024-06-12T18:22:21.940+0000] {dag.py:3823} INFO - Setting next_dagrun for example_task_group_decorator to 2024-06-11 00:00:00+00:00, run_after=2024-06-12 00:00:00+00:00
[2024-06-12T18:22:21.978+0000] {processor.py:183} INFO - Processing /home/airflow/.local/lib/python3.8/site-packages/airflow/example_dags/example_task_group_decorator.py took 0.140 seconds
[2024-06-12T18:22:52.270+0000] {processor.py:161} INFO - Started process (PID=508) to work on /home/airflow/.local/lib/python3.8/site-packages/airflow/example_dags/example_task_group_decorator.py
[2024-06-12T18:22:52.272+0000] {processor.py:830} INFO - Processing file /home/airflow/.local/lib/python3.8/site-packages/airflow/example_dags/example_task_group_decorator.py for tasks to queue
[2024-06-12T18:22:52.274+0000] {logging_mixin.py:188} INFO - [2024-06-12T18:22:52.274+0000] {dagbag.py:538} INFO - Filling up the DagBag from /home/airflow/.local/lib/python3.8/site-packages/airflow/example_dags/example_task_group_decorator.py
[2024-06-12T18:22:52.301+0000] {processor.py:840} INFO - DAG(s) 'example_task_group_decorator' retrieved from /home/airflow/.local/lib/python3.8/site-packages/airflow/example_dags/example_task_group_decorator.py
[2024-06-12T18:22:52.340+0000] {logging_mixin.py:188} INFO - [2024-06-12T18:22:52.340+0000] {dag.py:3036} INFO - Sync 1 DAGs
[2024-06-12T18:22:52.382+0000] {logging_mixin.py:188} INFO - [2024-06-12T18:22:52.382+0000] {dag.py:3823} INFO - Setting next_dagrun for example_task_group_decorator to 2024-06-11 00:00:00+00:00, run_after=2024-06-12 00:00:00+00:00
[2024-06-12T18:22:52.418+0000] {processor.py:183} INFO - Processing /home/airflow/.local/lib/python3.8/site-packages/airflow/example_dags/example_task_group_decorator.py took 0.152 seconds
[2024-06-12T18:23:22.678+0000] {processor.py:161} INFO - Started process (PID=565) to work on /home/airflow/.local/lib/python3.8/site-packages/airflow/example_dags/example_task_group_decorator.py
[2024-06-12T18:23:22.679+0000] {processor.py:830} INFO - Processing file /home/airflow/.local/lib/python3.8/site-packages/airflow/example_dags/example_task_group_decorator.py for tasks to queue
[2024-06-12T18:23:22.682+0000] {logging_mixin.py:188} INFO - [2024-06-12T18:23:22.681+0000] {dagbag.py:538} INFO - Filling up the DagBag from /home/airflow/.local/lib/python3.8/site-packages/airflow/example_dags/example_task_group_decorator.py
[2024-06-12T18:23:22.703+0000] {processor.py:840} INFO - DAG(s) 'example_task_group_decorator' retrieved from /home/airflow/.local/lib/python3.8/site-packages/airflow/example_dags/example_task_group_decorator.py
[2024-06-12T18:23:22.740+0000] {logging_mixin.py:188} INFO - [2024-06-12T18:23:22.740+0000] {dag.py:3036} INFO - Sync 1 DAGs
[2024-06-12T18:23:22.777+0000] {logging_mixin.py:188} INFO - [2024-06-12T18:23:22.777+0000] {dag.py:3823} INFO - Setting next_dagrun for example_task_group_decorator to 2024-06-11 00:00:00+00:00, run_after=2024-06-12 00:00:00+00:00
[2024-06-12T18:23:22.815+0000] {processor.py:183} INFO - Processing /home/airflow/.local/lib/python3.8/site-packages/airflow/example_dags/example_task_group_decorator.py took 0.140 seconds
[2024-06-12T18:23:53.354+0000] {processor.py:161} INFO - Started process (PID=622) to work on /home/airflow/.local/lib/python3.8/site-packages/airflow/example_dags/example_task_group_decorator.py
[2024-06-12T18:23:53.358+0000] {processor.py:830} INFO - Processing file /home/airflow/.local/lib/python3.8/site-packages/airflow/example_dags/example_task_group_decorator.py for tasks to queue
[2024-06-12T18:23:53.361+0000] {logging_mixin.py:188} INFO - [2024-06-12T18:23:53.361+0000] {dagbag.py:538} INFO - Filling up the DagBag from /home/airflow/.local/lib/python3.8/site-packages/airflow/example_dags/example_task_group_decorator.py
[2024-06-12T18:23:53.386+0000] {processor.py:840} INFO - DAG(s) 'example_task_group_decorator' retrieved from /home/airflow/.local/lib/python3.8/site-packages/airflow/example_dags/example_task_group_decorator.py
[2024-06-12T18:23:53.426+0000] {logging_mixin.py:188} INFO - [2024-06-12T18:23:53.426+0000] {dag.py:3036} INFO - Sync 1 DAGs
[2024-06-12T18:23:53.455+0000] {logging_mixin.py:188} INFO - [2024-06-12T18:23:53.455+0000] {dag.py:3823} INFO - Setting next_dagrun for example_task_group_decorator to 2024-06-11 00:00:00+00:00, run_after=2024-06-12 00:00:00+00:00
[2024-06-12T18:23:53.480+0000] {processor.py:183} INFO - Processing /home/airflow/.local/lib/python3.8/site-packages/airflow/example_dags/example_task_group_decorator.py took 0.131 seconds
[2024-06-12T18:24:23.667+0000] {processor.py:161} INFO - Started process (PID=679) to work on /home/airflow/.local/lib/python3.8/site-packages/airflow/example_dags/example_task_group_decorator.py
[2024-06-12T18:24:23.668+0000] {processor.py:830} INFO - Processing file /home/airflow/.local/lib/python3.8/site-packages/airflow/example_dags/example_task_group_decorator.py for tasks to queue
[2024-06-12T18:24:23.670+0000] {logging_mixin.py:188} INFO - [2024-06-12T18:24:23.670+0000] {dagbag.py:538} INFO - Filling up the DagBag from /home/airflow/.local/lib/python3.8/site-packages/airflow/example_dags/example_task_group_decorator.py
[2024-06-12T18:24:23.685+0000] {processor.py:840} INFO - DAG(s) 'example_task_group_decorator' retrieved from /home/airflow/.local/lib/python3.8/site-packages/airflow/example_dags/example_task_group_decorator.py
[2024-06-12T18:24:23.697+0000] {logging_mixin.py:188} INFO - [2024-06-12T18:24:23.697+0000] {dag.py:3036} INFO - Sync 1 DAGs
[2024-06-12T18:24:23.723+0000] {logging_mixin.py:188} INFO - [2024-06-12T18:24:23.722+0000] {dag.py:3823} INFO - Setting next_dagrun for example_task_group_decorator to 2024-06-11 00:00:00+00:00, run_after=2024-06-12 00:00:00+00:00
[2024-06-12T18:24:23.748+0000] {processor.py:183} INFO - Processing /home/airflow/.local/lib/python3.8/site-packages/airflow/example_dags/example_task_group_decorator.py took 0.083 seconds
[2024-06-12T18:24:53.802+0000] {processor.py:161} INFO - Started process (PID=736) to work on /home/airflow/.local/lib/python3.8/site-packages/airflow/example_dags/example_task_group_decorator.py
[2024-06-12T18:24:53.803+0000] {processor.py:830} INFO - Processing file /home/airflow/.local/lib/python3.8/site-packages/airflow/example_dags/example_task_group_decorator.py for tasks to queue
[2024-06-12T18:24:53.804+0000] {logging_mixin.py:188} INFO - [2024-06-12T18:24:53.804+0000] {dagbag.py:538} INFO - Filling up the DagBag from /home/airflow/.local/lib/python3.8/site-packages/airflow/example_dags/example_task_group_decorator.py
[2024-06-12T18:24:53.821+0000] {processor.py:840} INFO - DAG(s) 'example_task_group_decorator' retrieved from /home/airflow/.local/lib/python3.8/site-packages/airflow/example_dags/example_task_group_decorator.py
[2024-06-12T18:24:53.946+0000] {logging_mixin.py:188} INFO - [2024-06-12T18:24:53.946+0000] {dag.py:3036} INFO - Sync 1 DAGs
[2024-06-12T18:24:53.972+0000] {logging_mixin.py:188} INFO - [2024-06-12T18:24:53.972+0000] {dag.py:3823} INFO - Setting next_dagrun for example_task_group_decorator to 2024-06-11 00:00:00+00:00, run_after=2024-06-12 00:00:00+00:00
[2024-06-12T18:24:54.004+0000] {processor.py:183} INFO - Processing /home/airflow/.local/lib/python3.8/site-packages/airflow/example_dags/example_task_group_decorator.py took 0.206 seconds
[2024-06-12T18:25:24.476+0000] {processor.py:161} INFO - Started process (PID=793) to work on /home/airflow/.local/lib/python3.8/site-packages/airflow/example_dags/example_task_group_decorator.py
[2024-06-12T18:25:24.477+0000] {processor.py:830} INFO - Processing file /home/airflow/.local/lib/python3.8/site-packages/airflow/example_dags/example_task_group_decorator.py for tasks to queue
[2024-06-12T18:25:24.480+0000] {logging_mixin.py:188} INFO - [2024-06-12T18:25:24.479+0000] {dagbag.py:538} INFO - Filling up the DagBag from /home/airflow/.local/lib/python3.8/site-packages/airflow/example_dags/example_task_group_decorator.py
[2024-06-12T18:25:24.504+0000] {processor.py:840} INFO - DAG(s) 'example_task_group_decorator' retrieved from /home/airflow/.local/lib/python3.8/site-packages/airflow/example_dags/example_task_group_decorator.py
[2024-06-12T18:25:24.538+0000] {logging_mixin.py:188} INFO - [2024-06-12T18:25:24.537+0000] {dag.py:3036} INFO - Sync 1 DAGs
[2024-06-12T18:25:24.565+0000] {logging_mixin.py:188} INFO - [2024-06-12T18:25:24.565+0000] {dag.py:3823} INFO - Setting next_dagrun for example_task_group_decorator to 2024-06-11 00:00:00+00:00, run_after=2024-06-12 00:00:00+00:00
[2024-06-12T18:25:24.594+0000] {processor.py:183} INFO - Processing /home/airflow/.local/lib/python3.8/site-packages/airflow/example_dags/example_task_group_decorator.py took 0.122 seconds
[2024-06-12T18:26:58.192+0000] {processor.py:161} INFO - Started process (PID=54) to work on /home/airflow/.local/lib/python3.8/site-packages/airflow/example_dags/example_task_group_decorator.py
[2024-06-12T18:26:58.195+0000] {processor.py:830} INFO - Processing file /home/airflow/.local/lib/python3.8/site-packages/airflow/example_dags/example_task_group_decorator.py for tasks to queue
[2024-06-12T18:26:58.198+0000] {logging_mixin.py:188} INFO - [2024-06-12T18:26:58.197+0000] {dagbag.py:538} INFO - Filling up the DagBag from /home/airflow/.local/lib/python3.8/site-packages/airflow/example_dags/example_task_group_decorator.py
[2024-06-12T18:26:58.245+0000] {processor.py:840} INFO - DAG(s) 'example_task_group_decorator' retrieved from /home/airflow/.local/lib/python3.8/site-packages/airflow/example_dags/example_task_group_decorator.py
[2024-06-12T18:26:58.296+0000] {logging_mixin.py:188} INFO - [2024-06-12T18:26:58.295+0000] {dag.py:3036} INFO - Sync 1 DAGs
[2024-06-12T18:26:58.352+0000] {logging_mixin.py:188} INFO - [2024-06-12T18:26:58.352+0000] {dag.py:3823} INFO - Setting next_dagrun for example_task_group_decorator to 2024-06-11 00:00:00+00:00, run_after=2024-06-12 00:00:00+00:00
[2024-06-12T18:26:58.403+0000] {processor.py:183} INFO - Processing /home/airflow/.local/lib/python3.8/site-packages/airflow/example_dags/example_task_group_decorator.py took 0.218 seconds
[2024-06-12T18:27:29.100+0000] {processor.py:161} INFO - Started process (PID=111) to work on /home/airflow/.local/lib/python3.8/site-packages/airflow/example_dags/example_task_group_decorator.py
[2024-06-12T18:27:29.101+0000] {processor.py:830} INFO - Processing file /home/airflow/.local/lib/python3.8/site-packages/airflow/example_dags/example_task_group_decorator.py for tasks to queue
[2024-06-12T18:27:29.103+0000] {logging_mixin.py:188} INFO - [2024-06-12T18:27:29.103+0000] {dagbag.py:538} INFO - Filling up the DagBag from /home/airflow/.local/lib/python3.8/site-packages/airflow/example_dags/example_task_group_decorator.py
[2024-06-12T18:27:29.123+0000] {processor.py:840} INFO - DAG(s) 'example_task_group_decorator' retrieved from /home/airflow/.local/lib/python3.8/site-packages/airflow/example_dags/example_task_group_decorator.py
[2024-06-12T18:27:29.139+0000] {logging_mixin.py:188} INFO - [2024-06-12T18:27:29.139+0000] {dag.py:3036} INFO - Sync 1 DAGs
[2024-06-12T18:27:29.168+0000] {logging_mixin.py:188} INFO - [2024-06-12T18:27:29.168+0000] {dag.py:3823} INFO - Setting next_dagrun for example_task_group_decorator to 2024-06-11 00:00:00+00:00, run_after=2024-06-12 00:00:00+00:00
[2024-06-12T18:27:29.196+0000] {processor.py:183} INFO - Processing /home/airflow/.local/lib/python3.8/site-packages/airflow/example_dags/example_task_group_decorator.py took 0.099 seconds
[2024-06-12T18:28:00.370+0000] {processor.py:161} INFO - Started process (PID=168) to work on /home/airflow/.local/lib/python3.8/site-packages/airflow/example_dags/example_task_group_decorator.py
[2024-06-12T18:28:00.371+0000] {processor.py:830} INFO - Processing file /home/airflow/.local/lib/python3.8/site-packages/airflow/example_dags/example_task_group_decorator.py for tasks to queue
[2024-06-12T18:28:00.385+0000] {logging_mixin.py:188} INFO - [2024-06-12T18:28:00.385+0000] {dagbag.py:538} INFO - Filling up the DagBag from /home/airflow/.local/lib/python3.8/site-packages/airflow/example_dags/example_task_group_decorator.py
[2024-06-12T18:28:00.419+0000] {processor.py:840} INFO - DAG(s) 'example_task_group_decorator' retrieved from /home/airflow/.local/lib/python3.8/site-packages/airflow/example_dags/example_task_group_decorator.py
[2024-06-12T18:28:00.615+0000] {logging_mixin.py:188} INFO - [2024-06-12T18:28:00.614+0000] {dag.py:3036} INFO - Sync 1 DAGs
[2024-06-12T18:28:00.653+0000] {logging_mixin.py:188} INFO - [2024-06-12T18:28:00.652+0000] {dag.py:3823} INFO - Setting next_dagrun for example_task_group_decorator to 2024-06-11 00:00:00+00:00, run_after=2024-06-12 00:00:00+00:00
[2024-06-12T18:28:00.712+0000] {processor.py:183} INFO - Processing /home/airflow/.local/lib/python3.8/site-packages/airflow/example_dags/example_task_group_decorator.py took 0.347 seconds
[2024-06-12T18:28:31.591+0000] {processor.py:161} INFO - Started process (PID=225) to work on /home/airflow/.local/lib/python3.8/site-packages/airflow/example_dags/example_task_group_decorator.py
[2024-06-12T18:28:31.592+0000] {processor.py:830} INFO - Processing file /home/airflow/.local/lib/python3.8/site-packages/airflow/example_dags/example_task_group_decorator.py for tasks to queue
[2024-06-12T18:28:31.595+0000] {logging_mixin.py:188} INFO - [2024-06-12T18:28:31.594+0000] {dagbag.py:538} INFO - Filling up the DagBag from /home/airflow/.local/lib/python3.8/site-packages/airflow/example_dags/example_task_group_decorator.py
[2024-06-12T18:28:31.617+0000] {processor.py:840} INFO - DAG(s) 'example_task_group_decorator' retrieved from /home/airflow/.local/lib/python3.8/site-packages/airflow/example_dags/example_task_group_decorator.py
[2024-06-12T18:28:31.651+0000] {logging_mixin.py:188} INFO - [2024-06-12T18:28:31.650+0000] {dag.py:3036} INFO - Sync 1 DAGs
[2024-06-12T18:28:31.687+0000] {logging_mixin.py:188} INFO - [2024-06-12T18:28:31.686+0000] {dag.py:3823} INFO - Setting next_dagrun for example_task_group_decorator to 2024-06-11 00:00:00+00:00, run_after=2024-06-12 00:00:00+00:00
[2024-06-12T18:28:31.721+0000] {processor.py:183} INFO - Processing /home/airflow/.local/lib/python3.8/site-packages/airflow/example_dags/example_task_group_decorator.py took 0.134 seconds
[2024-06-12T18:29:02.026+0000] {processor.py:161} INFO - Started process (PID=282) to work on /home/airflow/.local/lib/python3.8/site-packages/airflow/example_dags/example_task_group_decorator.py
[2024-06-12T18:29:02.028+0000] {processor.py:830} INFO - Processing file /home/airflow/.local/lib/python3.8/site-packages/airflow/example_dags/example_task_group_decorator.py for tasks to queue
[2024-06-12T18:29:02.030+0000] {logging_mixin.py:188} INFO - [2024-06-12T18:29:02.030+0000] {dagbag.py:538} INFO - Filling up the DagBag from /home/airflow/.local/lib/python3.8/site-packages/airflow/example_dags/example_task_group_decorator.py
[2024-06-12T18:29:02.060+0000] {processor.py:840} INFO - DAG(s) 'example_task_group_decorator' retrieved from /home/airflow/.local/lib/python3.8/site-packages/airflow/example_dags/example_task_group_decorator.py
[2024-06-12T18:29:02.106+0000] {logging_mixin.py:188} INFO - [2024-06-12T18:29:02.106+0000] {dag.py:3036} INFO - Sync 1 DAGs
[2024-06-12T18:29:02.139+0000] {logging_mixin.py:188} INFO - [2024-06-12T18:29:02.138+0000] {dag.py:3823} INFO - Setting next_dagrun for example_task_group_decorator to 2024-06-11 00:00:00+00:00, run_after=2024-06-12 00:00:00+00:00
[2024-06-12T18:29:02.171+0000] {processor.py:183} INFO - Processing /home/airflow/.local/lib/python3.8/site-packages/airflow/example_dags/example_task_group_decorator.py took 0.149 seconds
[2024-06-12T18:29:32.354+0000] {processor.py:161} INFO - Started process (PID=339) to work on /home/airflow/.local/lib/python3.8/site-packages/airflow/example_dags/example_task_group_decorator.py
[2024-06-12T18:29:32.356+0000] {processor.py:830} INFO - Processing file /home/airflow/.local/lib/python3.8/site-packages/airflow/example_dags/example_task_group_decorator.py for tasks to queue
[2024-06-12T18:29:32.368+0000] {logging_mixin.py:188} INFO - [2024-06-12T18:29:32.367+0000] {dagbag.py:538} INFO - Filling up the DagBag from /home/airflow/.local/lib/python3.8/site-packages/airflow/example_dags/example_task_group_decorator.py
[2024-06-12T18:29:32.387+0000] {processor.py:840} INFO - DAG(s) 'example_task_group_decorator' retrieved from /home/airflow/.local/lib/python3.8/site-packages/airflow/example_dags/example_task_group_decorator.py
[2024-06-12T18:29:32.421+0000] {logging_mixin.py:188} INFO - [2024-06-12T18:29:32.421+0000] {dag.py:3036} INFO - Sync 1 DAGs
[2024-06-12T18:29:32.447+0000] {logging_mixin.py:188} INFO - [2024-06-12T18:29:32.447+0000] {dag.py:3823} INFO - Setting next_dagrun for example_task_group_decorator to 2024-06-11 00:00:00+00:00, run_after=2024-06-12 00:00:00+00:00
[2024-06-12T18:29:32.474+0000] {processor.py:183} INFO - Processing /home/airflow/.local/lib/python3.8/site-packages/airflow/example_dags/example_task_group_decorator.py took 0.123 seconds
[2024-06-12T18:30:02.536+0000] {processor.py:161} INFO - Started process (PID=394) to work on /home/airflow/.local/lib/python3.8/site-packages/airflow/example_dags/example_task_group_decorator.py
[2024-06-12T18:30:02.537+0000] {processor.py:830} INFO - Processing file /home/airflow/.local/lib/python3.8/site-packages/airflow/example_dags/example_task_group_decorator.py for tasks to queue
[2024-06-12T18:30:02.540+0000] {logging_mixin.py:188} INFO - [2024-06-12T18:30:02.540+0000] {dagbag.py:538} INFO - Filling up the DagBag from /home/airflow/.local/lib/python3.8/site-packages/airflow/example_dags/example_task_group_decorator.py
[2024-06-12T18:30:02.573+0000] {processor.py:840} INFO - DAG(s) 'example_task_group_decorator' retrieved from /home/airflow/.local/lib/python3.8/site-packages/airflow/example_dags/example_task_group_decorator.py
[2024-06-12T18:30:02.627+0000] {logging_mixin.py:188} INFO - [2024-06-12T18:30:02.627+0000] {dag.py:3036} INFO - Sync 1 DAGs
[2024-06-12T18:30:02.674+0000] {logging_mixin.py:188} INFO - [2024-06-12T18:30:02.673+0000] {dag.py:3823} INFO - Setting next_dagrun for example_task_group_decorator to 2024-06-11 00:00:00+00:00, run_after=2024-06-12 00:00:00+00:00
[2024-06-12T18:30:02.715+0000] {processor.py:183} INFO - Processing /home/airflow/.local/lib/python3.8/site-packages/airflow/example_dags/example_task_group_decorator.py took 0.184 seconds
[2024-06-12T18:30:32.760+0000] {processor.py:161} INFO - Started process (PID=451) to work on /home/airflow/.local/lib/python3.8/site-packages/airflow/example_dags/example_task_group_decorator.py
[2024-06-12T18:30:32.761+0000] {processor.py:830} INFO - Processing file /home/airflow/.local/lib/python3.8/site-packages/airflow/example_dags/example_task_group_decorator.py for tasks to queue
[2024-06-12T18:30:32.762+0000] {logging_mixin.py:188} INFO - [2024-06-12T18:30:32.762+0000] {dagbag.py:538} INFO - Filling up the DagBag from /home/airflow/.local/lib/python3.8/site-packages/airflow/example_dags/example_task_group_decorator.py
[2024-06-12T18:30:32.783+0000] {processor.py:840} INFO - DAG(s) 'example_task_group_decorator' retrieved from /home/airflow/.local/lib/python3.8/site-packages/airflow/example_dags/example_task_group_decorator.py
[2024-06-12T18:30:32.809+0000] {logging_mixin.py:188} INFO - [2024-06-12T18:30:32.809+0000] {dag.py:3036} INFO - Sync 1 DAGs
[2024-06-12T18:30:32.835+0000] {logging_mixin.py:188} INFO - [2024-06-12T18:30:32.834+0000] {dag.py:3823} INFO - Setting next_dagrun for example_task_group_decorator to 2024-06-11 00:00:00+00:00, run_after=2024-06-12 00:00:00+00:00
[2024-06-12T18:30:32.857+0000] {processor.py:183} INFO - Processing /home/airflow/.local/lib/python3.8/site-packages/airflow/example_dags/example_task_group_decorator.py took 0.101 seconds
[2024-06-12T18:31:03.021+0000] {processor.py:161} INFO - Started process (PID=508) to work on /home/airflow/.local/lib/python3.8/site-packages/airflow/example_dags/example_task_group_decorator.py
[2024-06-12T18:31:03.023+0000] {processor.py:830} INFO - Processing file /home/airflow/.local/lib/python3.8/site-packages/airflow/example_dags/example_task_group_decorator.py for tasks to queue
[2024-06-12T18:31:03.026+0000] {logging_mixin.py:188} INFO - [2024-06-12T18:31:03.025+0000] {dagbag.py:538} INFO - Filling up the DagBag from /home/airflow/.local/lib/python3.8/site-packages/airflow/example_dags/example_task_group_decorator.py
[2024-06-12T18:31:03.047+0000] {processor.py:840} INFO - DAG(s) 'example_task_group_decorator' retrieved from /home/airflow/.local/lib/python3.8/site-packages/airflow/example_dags/example_task_group_decorator.py
[2024-06-12T18:31:03.091+0000] {logging_mixin.py:188} INFO - [2024-06-12T18:31:03.091+0000] {dag.py:3036} INFO - Sync 1 DAGs
[2024-06-12T18:31:03.127+0000] {logging_mixin.py:188} INFO - [2024-06-12T18:31:03.127+0000] {dag.py:3823} INFO - Setting next_dagrun for example_task_group_decorator to 2024-06-11 00:00:00+00:00, run_after=2024-06-12 00:00:00+00:00
[2024-06-12T18:31:03.158+0000] {processor.py:183} INFO - Processing /home/airflow/.local/lib/python3.8/site-packages/airflow/example_dags/example_task_group_decorator.py took 0.141 seconds
[2024-06-12T18:31:33.419+0000] {processor.py:161} INFO - Started process (PID=565) to work on /home/airflow/.local/lib/python3.8/site-packages/airflow/example_dags/example_task_group_decorator.py
[2024-06-12T18:31:33.420+0000] {processor.py:830} INFO - Processing file /home/airflow/.local/lib/python3.8/site-packages/airflow/example_dags/example_task_group_decorator.py for tasks to queue
[2024-06-12T18:31:33.423+0000] {logging_mixin.py:188} INFO - [2024-06-12T18:31:33.422+0000] {dagbag.py:538} INFO - Filling up the DagBag from /home/airflow/.local/lib/python3.8/site-packages/airflow/example_dags/example_task_group_decorator.py
[2024-06-12T18:31:33.449+0000] {processor.py:840} INFO - DAG(s) 'example_task_group_decorator' retrieved from /home/airflow/.local/lib/python3.8/site-packages/airflow/example_dags/example_task_group_decorator.py
[2024-06-12T18:31:33.485+0000] {logging_mixin.py:188} INFO - [2024-06-12T18:31:33.485+0000] {dag.py:3036} INFO - Sync 1 DAGs
[2024-06-12T18:31:33.523+0000] {logging_mixin.py:188} INFO - [2024-06-12T18:31:33.522+0000] {dag.py:3823} INFO - Setting next_dagrun for example_task_group_decorator to 2024-06-11 00:00:00+00:00, run_after=2024-06-12 00:00:00+00:00
[2024-06-12T18:31:33.555+0000] {processor.py:183} INFO - Processing /home/airflow/.local/lib/python3.8/site-packages/airflow/example_dags/example_task_group_decorator.py took 0.139 seconds
[2024-06-12T18:32:03.701+0000] {processor.py:161} INFO - Started process (PID=622) to work on /home/airflow/.local/lib/python3.8/site-packages/airflow/example_dags/example_task_group_decorator.py
[2024-06-12T18:32:03.702+0000] {processor.py:830} INFO - Processing file /home/airflow/.local/lib/python3.8/site-packages/airflow/example_dags/example_task_group_decorator.py for tasks to queue
[2024-06-12T18:32:03.705+0000] {logging_mixin.py:188} INFO - [2024-06-12T18:32:03.705+0000] {dagbag.py:538} INFO - Filling up the DagBag from /home/airflow/.local/lib/python3.8/site-packages/airflow/example_dags/example_task_group_decorator.py
[2024-06-12T18:32:03.730+0000] {processor.py:840} INFO - DAG(s) 'example_task_group_decorator' retrieved from /home/airflow/.local/lib/python3.8/site-packages/airflow/example_dags/example_task_group_decorator.py
[2024-06-12T18:32:03.775+0000] {logging_mixin.py:188} INFO - [2024-06-12T18:32:03.774+0000] {dag.py:3036} INFO - Sync 1 DAGs
[2024-06-12T18:32:03.819+0000] {logging_mixin.py:188} INFO - [2024-06-12T18:32:03.819+0000] {dag.py:3823} INFO - Setting next_dagrun for example_task_group_decorator to 2024-06-11 00:00:00+00:00, run_after=2024-06-12 00:00:00+00:00
[2024-06-12T18:32:03.859+0000] {processor.py:183} INFO - Processing /home/airflow/.local/lib/python3.8/site-packages/airflow/example_dags/example_task_group_decorator.py took 0.162 seconds
[2024-06-12T18:32:33.927+0000] {processor.py:161} INFO - Started process (PID=679) to work on /home/airflow/.local/lib/python3.8/site-packages/airflow/example_dags/example_task_group_decorator.py
[2024-06-12T18:32:33.929+0000] {processor.py:830} INFO - Processing file /home/airflow/.local/lib/python3.8/site-packages/airflow/example_dags/example_task_group_decorator.py for tasks to queue
[2024-06-12T18:32:33.932+0000] {logging_mixin.py:188} INFO - [2024-06-12T18:32:33.932+0000] {dagbag.py:538} INFO - Filling up the DagBag from /home/airflow/.local/lib/python3.8/site-packages/airflow/example_dags/example_task_group_decorator.py
[2024-06-12T18:32:33.956+0000] {processor.py:840} INFO - DAG(s) 'example_task_group_decorator' retrieved from /home/airflow/.local/lib/python3.8/site-packages/airflow/example_dags/example_task_group_decorator.py
[2024-06-12T18:32:33.992+0000] {logging_mixin.py:188} INFO - [2024-06-12T18:32:33.992+0000] {dag.py:3036} INFO - Sync 1 DAGs
[2024-06-12T18:32:34.025+0000] {logging_mixin.py:188} INFO - [2024-06-12T18:32:34.024+0000] {dag.py:3823} INFO - Setting next_dagrun for example_task_group_decorator to 2024-06-11 00:00:00+00:00, run_after=2024-06-12 00:00:00+00:00
[2024-06-12T18:32:34.055+0000] {processor.py:183} INFO - Processing /home/airflow/.local/lib/python3.8/site-packages/airflow/example_dags/example_task_group_decorator.py took 0.133 seconds
[2024-06-12T18:33:04.268+0000] {processor.py:161} INFO - Started process (PID=737) to work on /home/airflow/.local/lib/python3.8/site-packages/airflow/example_dags/example_task_group_decorator.py
[2024-06-12T18:33:04.269+0000] {processor.py:830} INFO - Processing file /home/airflow/.local/lib/python3.8/site-packages/airflow/example_dags/example_task_group_decorator.py for tasks to queue
[2024-06-12T18:33:04.272+0000] {logging_mixin.py:188} INFO - [2024-06-12T18:33:04.272+0000] {dagbag.py:538} INFO - Filling up the DagBag from /home/airflow/.local/lib/python3.8/site-packages/airflow/example_dags/example_task_group_decorator.py
[2024-06-12T18:33:04.300+0000] {processor.py:840} INFO - DAG(s) 'example_task_group_decorator' retrieved from /home/airflow/.local/lib/python3.8/site-packages/airflow/example_dags/example_task_group_decorator.py
[2024-06-12T18:33:04.343+0000] {logging_mixin.py:188} INFO - [2024-06-12T18:33:04.343+0000] {dag.py:3036} INFO - Sync 1 DAGs
[2024-06-12T18:33:04.389+0000] {logging_mixin.py:188} INFO - [2024-06-12T18:33:04.389+0000] {dag.py:3823} INFO - Setting next_dagrun for example_task_group_decorator to 2024-06-11 00:00:00+00:00, run_after=2024-06-12 00:00:00+00:00
[2024-06-12T18:33:04.435+0000] {processor.py:183} INFO - Processing /home/airflow/.local/lib/python3.8/site-packages/airflow/example_dags/example_task_group_decorator.py took 0.172 seconds
[2024-06-12T18:33:34.527+0000] {processor.py:161} INFO - Started process (PID=795) to work on /home/airflow/.local/lib/python3.8/site-packages/airflow/example_dags/example_task_group_decorator.py
[2024-06-12T18:33:34.528+0000] {processor.py:830} INFO - Processing file /home/airflow/.local/lib/python3.8/site-packages/airflow/example_dags/example_task_group_decorator.py for tasks to queue
[2024-06-12T18:33:34.532+0000] {logging_mixin.py:188} INFO - [2024-06-12T18:33:34.531+0000] {dagbag.py:538} INFO - Filling up the DagBag from /home/airflow/.local/lib/python3.8/site-packages/airflow/example_dags/example_task_group_decorator.py
[2024-06-12T18:33:34.554+0000] {processor.py:840} INFO - DAG(s) 'example_task_group_decorator' retrieved from /home/airflow/.local/lib/python3.8/site-packages/airflow/example_dags/example_task_group_decorator.py
[2024-06-12T18:33:34.587+0000] {logging_mixin.py:188} INFO - [2024-06-12T18:33:34.587+0000] {dag.py:3036} INFO - Sync 1 DAGs
[2024-06-12T18:33:34.617+0000] {logging_mixin.py:188} INFO - [2024-06-12T18:33:34.617+0000] {dag.py:3823} INFO - Setting next_dagrun for example_task_group_decorator to 2024-06-11 00:00:00+00:00, run_after=2024-06-12 00:00:00+00:00
[2024-06-12T18:33:34.645+0000] {processor.py:183} INFO - Processing /home/airflow/.local/lib/python3.8/site-packages/airflow/example_dags/example_task_group_decorator.py took 0.121 seconds
[2024-06-12T18:34:04.967+0000] {processor.py:161} INFO - Started process (PID=852) to work on /home/airflow/.local/lib/python3.8/site-packages/airflow/example_dags/example_task_group_decorator.py
[2024-06-12T18:34:04.968+0000] {processor.py:830} INFO - Processing file /home/airflow/.local/lib/python3.8/site-packages/airflow/example_dags/example_task_group_decorator.py for tasks to queue
[2024-06-12T18:34:04.970+0000] {logging_mixin.py:188} INFO - [2024-06-12T18:34:04.970+0000] {dagbag.py:538} INFO - Filling up the DagBag from /home/airflow/.local/lib/python3.8/site-packages/airflow/example_dags/example_task_group_decorator.py
[2024-06-12T18:34:04.989+0000] {processor.py:840} INFO - DAG(s) 'example_task_group_decorator' retrieved from /home/airflow/.local/lib/python3.8/site-packages/airflow/example_dags/example_task_group_decorator.py
[2024-06-12T18:34:05.020+0000] {logging_mixin.py:188} INFO - [2024-06-12T18:34:05.020+0000] {dag.py:3036} INFO - Sync 1 DAGs
[2024-06-12T18:34:05.049+0000] {logging_mixin.py:188} INFO - [2024-06-12T18:34:05.048+0000] {dag.py:3823} INFO - Setting next_dagrun for example_task_group_decorator to 2024-06-11 00:00:00+00:00, run_after=2024-06-12 00:00:00+00:00
[2024-06-12T18:34:05.070+0000] {processor.py:183} INFO - Processing /home/airflow/.local/lib/python3.8/site-packages/airflow/example_dags/example_task_group_decorator.py took 0.107 seconds
[2024-06-12T18:34:35.965+0000] {processor.py:161} INFO - Started process (PID=909) to work on /home/airflow/.local/lib/python3.8/site-packages/airflow/example_dags/example_task_group_decorator.py
[2024-06-12T18:34:35.966+0000] {processor.py:830} INFO - Processing file /home/airflow/.local/lib/python3.8/site-packages/airflow/example_dags/example_task_group_decorator.py for tasks to queue
[2024-06-12T18:34:35.969+0000] {logging_mixin.py:188} INFO - [2024-06-12T18:34:35.968+0000] {dagbag.py:538} INFO - Filling up the DagBag from /home/airflow/.local/lib/python3.8/site-packages/airflow/example_dags/example_task_group_decorator.py
[2024-06-12T18:34:35.990+0000] {processor.py:840} INFO - DAG(s) 'example_task_group_decorator' retrieved from /home/airflow/.local/lib/python3.8/site-packages/airflow/example_dags/example_task_group_decorator.py
[2024-06-12T18:34:36.024+0000] {logging_mixin.py:188} INFO - [2024-06-12T18:34:36.023+0000] {dag.py:3036} INFO - Sync 1 DAGs
[2024-06-12T18:34:36.061+0000] {logging_mixin.py:188} INFO - [2024-06-12T18:34:36.061+0000] {dag.py:3823} INFO - Setting next_dagrun for example_task_group_decorator to 2024-06-11 00:00:00+00:00, run_after=2024-06-12 00:00:00+00:00
[2024-06-12T18:34:36.097+0000] {processor.py:183} INFO - Processing /home/airflow/.local/lib/python3.8/site-packages/airflow/example_dags/example_task_group_decorator.py took 0.135 seconds
[2024-06-12T18:35:06.408+0000] {processor.py:161} INFO - Started process (PID=966) to work on /home/airflow/.local/lib/python3.8/site-packages/airflow/example_dags/example_task_group_decorator.py
[2024-06-12T18:35:06.409+0000] {processor.py:830} INFO - Processing file /home/airflow/.local/lib/python3.8/site-packages/airflow/example_dags/example_task_group_decorator.py for tasks to queue
[2024-06-12T18:35:06.412+0000] {logging_mixin.py:188} INFO - [2024-06-12T18:35:06.412+0000] {dagbag.py:538} INFO - Filling up the DagBag from /home/airflow/.local/lib/python3.8/site-packages/airflow/example_dags/example_task_group_decorator.py
[2024-06-12T18:35:06.433+0000] {processor.py:840} INFO - DAG(s) 'example_task_group_decorator' retrieved from /home/airflow/.local/lib/python3.8/site-packages/airflow/example_dags/example_task_group_decorator.py
[2024-06-12T18:35:06.469+0000] {logging_mixin.py:188} INFO - [2024-06-12T18:35:06.468+0000] {dag.py:3036} INFO - Sync 1 DAGs
[2024-06-12T18:35:06.500+0000] {logging_mixin.py:188} INFO - [2024-06-12T18:35:06.500+0000] {dag.py:3823} INFO - Setting next_dagrun for example_task_group_decorator to 2024-06-11 00:00:00+00:00, run_after=2024-06-12 00:00:00+00:00
[2024-06-12T18:35:06.530+0000] {processor.py:183} INFO - Processing /home/airflow/.local/lib/python3.8/site-packages/airflow/example_dags/example_task_group_decorator.py took 0.125 seconds
[2024-06-12T18:35:36.915+0000] {processor.py:161} INFO - Started process (PID=1023) to work on /home/airflow/.local/lib/python3.8/site-packages/airflow/example_dags/example_task_group_decorator.py
[2024-06-12T18:35:36.916+0000] {processor.py:830} INFO - Processing file /home/airflow/.local/lib/python3.8/site-packages/airflow/example_dags/example_task_group_decorator.py for tasks to queue
[2024-06-12T18:35:36.918+0000] {logging_mixin.py:188} INFO - [2024-06-12T18:35:36.918+0000] {dagbag.py:538} INFO - Filling up the DagBag from /home/airflow/.local/lib/python3.8/site-packages/airflow/example_dags/example_task_group_decorator.py
[2024-06-12T18:35:36.941+0000] {processor.py:840} INFO - DAG(s) 'example_task_group_decorator' retrieved from /home/airflow/.local/lib/python3.8/site-packages/airflow/example_dags/example_task_group_decorator.py
[2024-06-12T18:35:36.975+0000] {logging_mixin.py:188} INFO - [2024-06-12T18:35:36.975+0000] {dag.py:3036} INFO - Sync 1 DAGs
[2024-06-12T18:35:37.005+0000] {logging_mixin.py:188} INFO - [2024-06-12T18:35:37.005+0000] {dag.py:3823} INFO - Setting next_dagrun for example_task_group_decorator to 2024-06-11 00:00:00+00:00, run_after=2024-06-12 00:00:00+00:00
[2024-06-12T18:35:37.034+0000] {processor.py:183} INFO - Processing /home/airflow/.local/lib/python3.8/site-packages/airflow/example_dags/example_task_group_decorator.py took 0.123 seconds
