[2024-06-12T18:04:06.841+0000] {processor.py:161} INFO - Started process (PID=42) to work on /home/airflow/.local/lib/python3.8/site-packages/airflow/example_dags/example_params_ui_tutorial.py
[2024-06-12T18:04:06.843+0000] {processor.py:830} INFO - Processing file /home/airflow/.local/lib/python3.8/site-packages/airflow/example_dags/example_params_ui_tutorial.py for tasks to queue
[2024-06-12T18:04:06.846+0000] {logging_mixin.py:188} INFO - [2024-06-12T18:04:06.845+0000] {dagbag.py:538} INFO - Filling up the DagBag from /home/airflow/.local/lib/python3.8/site-packages/airflow/example_dags/example_params_ui_tutorial.py
[2024-06-12T18:04:06.873+0000] {processor.py:840} INFO - DAG(s) 'example_params_ui_tutorial' retrieved from /home/airflow/.local/lib/python3.8/site-packages/airflow/example_dags/example_params_ui_tutorial.py
[2024-06-12T18:04:07.261+0000] {logging_mixin.py:188} INFO - [2024-06-12T18:04:07.261+0000] {dag.py:3036} INFO - Sync 1 DAGs
[2024-06-12T18:04:07.285+0000] {logging_mixin.py:188} INFO - [2024-06-12T18:04:07.285+0000] {dag.py:3823} INFO - Setting next_dagrun for example_params_ui_tutorial to None, run_after=None
[2024-06-12T18:04:07.334+0000] {processor.py:183} INFO - Processing /home/airflow/.local/lib/python3.8/site-packages/airflow/example_dags/example_params_ui_tutorial.py took 0.499 seconds
[2024-06-12T18:04:37.427+0000] {processor.py:161} INFO - Started process (PID=96) to work on /home/airflow/.local/lib/python3.8/site-packages/airflow/example_dags/example_params_ui_tutorial.py
[2024-06-12T18:04:37.429+0000] {processor.py:830} INFO - Processing file /home/airflow/.local/lib/python3.8/site-packages/airflow/example_dags/example_params_ui_tutorial.py for tasks to queue
[2024-06-12T18:04:37.431+0000] {logging_mixin.py:188} INFO - [2024-06-12T18:04:37.431+0000] {dagbag.py:538} INFO - Filling up the DagBag from /home/airflow/.local/lib/python3.8/site-packages/airflow/example_dags/example_params_ui_tutorial.py
[2024-06-12T18:04:37.458+0000] {processor.py:840} INFO - DAG(s) 'example_params_ui_tutorial' retrieved from /home/airflow/.local/lib/python3.8/site-packages/airflow/example_dags/example_params_ui_tutorial.py
[2024-06-12T18:04:37.843+0000] {logging_mixin.py:188} INFO - [2024-06-12T18:04:37.843+0000] {dag.py:3036} INFO - Sync 1 DAGs
[2024-06-12T18:04:37.882+0000] {logging_mixin.py:188} INFO - [2024-06-12T18:04:37.882+0000] {dag.py:3823} INFO - Setting next_dagrun for example_params_ui_tutorial to None, run_after=None
[2024-06-12T18:04:37.991+0000] {processor.py:183} INFO - Processing /home/airflow/.local/lib/python3.8/site-packages/airflow/example_dags/example_params_ui_tutorial.py took 0.568 seconds
[2024-06-12T18:05:44.231+0000] {processor.py:161} INFO - Started process (PID=131) to work on /home/airflow/.local/lib/python3.8/site-packages/airflow/example_dags/example_params_ui_tutorial.py
[2024-06-12T18:05:44.233+0000] {processor.py:830} INFO - Processing file /home/airflow/.local/lib/python3.8/site-packages/airflow/example_dags/example_params_ui_tutorial.py for tasks to queue
[2024-06-12T18:05:44.237+0000] {logging_mixin.py:188} INFO - [2024-06-12T18:05:44.236+0000] {dagbag.py:538} INFO - Filling up the DagBag from /home/airflow/.local/lib/python3.8/site-packages/airflow/example_dags/example_params_ui_tutorial.py
[2024-06-12T18:05:44.268+0000] {processor.py:840} INFO - DAG(s) 'example_params_ui_tutorial' retrieved from /home/airflow/.local/lib/python3.8/site-packages/airflow/example_dags/example_params_ui_tutorial.py
[2024-06-12T18:05:44.398+0000] {logging_mixin.py:188} INFO - [2024-06-12T18:05:44.398+0000] {dag.py:3036} INFO - Sync 1 DAGs
[2024-06-12T18:05:44.418+0000] {logging_mixin.py:188} INFO - [2024-06-12T18:05:44.417+0000] {dag.py:3823} INFO - Setting next_dagrun for example_params_ui_tutorial to None, run_after=None
[2024-06-12T18:05:44.447+0000] {processor.py:183} INFO - Processing /home/airflow/.local/lib/python3.8/site-packages/airflow/example_dags/example_params_ui_tutorial.py took 0.224 seconds
[2024-06-12T18:06:14.531+0000] {processor.py:161} INFO - Started process (PID=198) to work on /home/airflow/.local/lib/python3.8/site-packages/airflow/example_dags/example_params_ui_tutorial.py
[2024-06-12T18:06:14.533+0000] {processor.py:830} INFO - Processing file /home/airflow/.local/lib/python3.8/site-packages/airflow/example_dags/example_params_ui_tutorial.py for tasks to queue
[2024-06-12T18:06:14.534+0000] {logging_mixin.py:188} INFO - [2024-06-12T18:06:14.534+0000] {dagbag.py:538} INFO - Filling up the DagBag from /home/airflow/.local/lib/python3.8/site-packages/airflow/example_dags/example_params_ui_tutorial.py
[2024-06-12T18:06:14.554+0000] {processor.py:840} INFO - DAG(s) 'example_params_ui_tutorial' retrieved from /home/airflow/.local/lib/python3.8/site-packages/airflow/example_dags/example_params_ui_tutorial.py
[2024-06-12T18:06:14.573+0000] {logging_mixin.py:188} INFO - [2024-06-12T18:06:14.572+0000] {dag.py:3036} INFO - Sync 1 DAGs
[2024-06-12T18:06:14.595+0000] {logging_mixin.py:188} INFO - [2024-06-12T18:06:14.594+0000] {dag.py:3823} INFO - Setting next_dagrun for example_params_ui_tutorial to None, run_after=None
[2024-06-12T18:06:14.626+0000] {processor.py:183} INFO - Processing /home/airflow/.local/lib/python3.8/site-packages/airflow/example_dags/example_params_ui_tutorial.py took 0.100 seconds
[2024-06-12T18:06:45.576+0000] {processor.py:161} INFO - Started process (PID=256) to work on /home/airflow/.local/lib/python3.8/site-packages/airflow/example_dags/example_params_ui_tutorial.py
[2024-06-12T18:06:45.577+0000] {processor.py:830} INFO - Processing file /home/airflow/.local/lib/python3.8/site-packages/airflow/example_dags/example_params_ui_tutorial.py for tasks to queue
[2024-06-12T18:06:45.578+0000] {logging_mixin.py:188} INFO - [2024-06-12T18:06:45.578+0000] {dagbag.py:538} INFO - Filling up the DagBag from /home/airflow/.local/lib/python3.8/site-packages/airflow/example_dags/example_params_ui_tutorial.py
[2024-06-12T18:06:45.598+0000] {processor.py:840} INFO - DAG(s) 'example_params_ui_tutorial' retrieved from /home/airflow/.local/lib/python3.8/site-packages/airflow/example_dags/example_params_ui_tutorial.py
[2024-06-12T18:06:45.835+0000] {logging_mixin.py:188} INFO - [2024-06-12T18:06:45.835+0000] {dag.py:3036} INFO - Sync 1 DAGs
[2024-06-12T18:06:45.856+0000] {logging_mixin.py:188} INFO - [2024-06-12T18:06:45.855+0000] {dag.py:3823} INFO - Setting next_dagrun for example_params_ui_tutorial to None, run_after=None
[2024-06-12T18:06:45.893+0000] {processor.py:183} INFO - Processing /home/airflow/.local/lib/python3.8/site-packages/airflow/example_dags/example_params_ui_tutorial.py took 0.321 seconds
[2024-06-12T18:07:16.231+0000] {processor.py:161} INFO - Started process (PID=318) to work on /home/airflow/.local/lib/python3.8/site-packages/airflow/example_dags/example_params_ui_tutorial.py
[2024-06-12T18:07:16.232+0000] {processor.py:830} INFO - Processing file /home/airflow/.local/lib/python3.8/site-packages/airflow/example_dags/example_params_ui_tutorial.py for tasks to queue
[2024-06-12T18:07:16.234+0000] {logging_mixin.py:188} INFO - [2024-06-12T18:07:16.233+0000] {dagbag.py:538} INFO - Filling up the DagBag from /home/airflow/.local/lib/python3.8/site-packages/airflow/example_dags/example_params_ui_tutorial.py
[2024-06-12T18:07:16.262+0000] {processor.py:840} INFO - DAG(s) 'example_params_ui_tutorial' retrieved from /home/airflow/.local/lib/python3.8/site-packages/airflow/example_dags/example_params_ui_tutorial.py
[2024-06-12T18:07:16.369+0000] {logging_mixin.py:188} INFO - [2024-06-12T18:07:16.368+0000] {dag.py:3036} INFO - Sync 1 DAGs
[2024-06-12T18:07:16.386+0000] {logging_mixin.py:188} INFO - [2024-06-12T18:07:16.385+0000] {dag.py:3823} INFO - Setting next_dagrun for example_params_ui_tutorial to None, run_after=None
[2024-06-12T18:07:16.411+0000] {processor.py:183} INFO - Processing /home/airflow/.local/lib/python3.8/site-packages/airflow/example_dags/example_params_ui_tutorial.py took 0.187 seconds
[2024-06-12T18:07:54.131+0000] {processor.py:161} INFO - Started process (PID=396) to work on /home/airflow/.local/lib/python3.8/site-packages/airflow/example_dags/example_params_ui_tutorial.py
[2024-06-12T18:07:54.136+0000] {processor.py:830} INFO - Processing file /home/airflow/.local/lib/python3.8/site-packages/airflow/example_dags/example_params_ui_tutorial.py for tasks to queue
[2024-06-12T18:07:54.138+0000] {logging_mixin.py:188} INFO - [2024-06-12T18:07:54.137+0000] {dagbag.py:538} INFO - Filling up the DagBag from /home/airflow/.local/lib/python3.8/site-packages/airflow/example_dags/example_params_ui_tutorial.py
[2024-06-12T18:07:54.170+0000] {processor.py:840} INFO - DAG(s) 'example_params_ui_tutorial' retrieved from /home/airflow/.local/lib/python3.8/site-packages/airflow/example_dags/example_params_ui_tutorial.py
[2024-06-12T18:07:54.429+0000] {logging_mixin.py:188} INFO - [2024-06-12T18:07:54.415+0000] {dag.py:3036} INFO - Sync 1 DAGs
[2024-06-12T18:07:54.471+0000] {logging_mixin.py:188} INFO - [2024-06-12T18:07:54.471+0000] {dag.py:3823} INFO - Setting next_dagrun for example_params_ui_tutorial to None, run_after=None
[2024-06-12T18:07:54.561+0000] {processor.py:183} INFO - Processing /home/airflow/.local/lib/python3.8/site-packages/airflow/example_dags/example_params_ui_tutorial.py took 0.436 seconds
[2024-06-12T18:08:35.667+0000] {processor.py:161} INFO - Started process (PID=466) to work on /home/airflow/.local/lib/python3.8/site-packages/airflow/example_dags/example_params_ui_tutorial.py
[2024-06-12T18:08:35.669+0000] {processor.py:830} INFO - Processing file /home/airflow/.local/lib/python3.8/site-packages/airflow/example_dags/example_params_ui_tutorial.py for tasks to queue
[2024-06-12T18:08:35.671+0000] {logging_mixin.py:188} INFO - [2024-06-12T18:08:35.670+0000] {dagbag.py:538} INFO - Filling up the DagBag from /home/airflow/.local/lib/python3.8/site-packages/airflow/example_dags/example_params_ui_tutorial.py
[2024-06-12T18:08:35.700+0000] {processor.py:840} INFO - DAG(s) 'example_params_ui_tutorial' retrieved from /home/airflow/.local/lib/python3.8/site-packages/airflow/example_dags/example_params_ui_tutorial.py
[2024-06-12T18:08:35.832+0000] {logging_mixin.py:188} INFO - [2024-06-12T18:08:35.831+0000] {dag.py:3036} INFO - Sync 1 DAGs
[2024-06-12T18:08:35.859+0000] {logging_mixin.py:188} INFO - [2024-06-12T18:08:35.859+0000] {dag.py:3823} INFO - Setting next_dagrun for example_params_ui_tutorial to None, run_after=None
[2024-06-12T18:08:35.903+0000] {processor.py:183} INFO - Processing /home/airflow/.local/lib/python3.8/site-packages/airflow/example_dags/example_params_ui_tutorial.py took 0.240 seconds
[2024-06-12T18:09:06.063+0000] {processor.py:161} INFO - Started process (PID=527) to work on /home/airflow/.local/lib/python3.8/site-packages/airflow/example_dags/example_params_ui_tutorial.py
[2024-06-12T18:09:06.064+0000] {processor.py:830} INFO - Processing file /home/airflow/.local/lib/python3.8/site-packages/airflow/example_dags/example_params_ui_tutorial.py for tasks to queue
[2024-06-12T18:09:06.066+0000] {logging_mixin.py:188} INFO - [2024-06-12T18:09:06.065+0000] {dagbag.py:538} INFO - Filling up the DagBag from /home/airflow/.local/lib/python3.8/site-packages/airflow/example_dags/example_params_ui_tutorial.py
[2024-06-12T18:09:06.081+0000] {processor.py:840} INFO - DAG(s) 'example_params_ui_tutorial' retrieved from /home/airflow/.local/lib/python3.8/site-packages/airflow/example_dags/example_params_ui_tutorial.py
[2024-06-12T18:09:06.097+0000] {logging_mixin.py:188} INFO - [2024-06-12T18:09:06.096+0000] {dag.py:3036} INFO - Sync 1 DAGs
[2024-06-12T18:09:06.116+0000] {logging_mixin.py:188} INFO - [2024-06-12T18:09:06.116+0000] {dag.py:3823} INFO - Setting next_dagrun for example_params_ui_tutorial to None, run_after=None
[2024-06-12T18:09:06.149+0000] {processor.py:183} INFO - Processing /home/airflow/.local/lib/python3.8/site-packages/airflow/example_dags/example_params_ui_tutorial.py took 0.090 seconds
[2024-06-12T18:09:36.556+0000] {processor.py:161} INFO - Started process (PID=584) to work on /home/airflow/.local/lib/python3.8/site-packages/airflow/example_dags/example_params_ui_tutorial.py
[2024-06-12T18:09:36.557+0000] {processor.py:830} INFO - Processing file /home/airflow/.local/lib/python3.8/site-packages/airflow/example_dags/example_params_ui_tutorial.py for tasks to queue
[2024-06-12T18:09:36.558+0000] {logging_mixin.py:188} INFO - [2024-06-12T18:09:36.558+0000] {dagbag.py:538} INFO - Filling up the DagBag from /home/airflow/.local/lib/python3.8/site-packages/airflow/example_dags/example_params_ui_tutorial.py
[2024-06-12T18:09:36.572+0000] {processor.py:840} INFO - DAG(s) 'example_params_ui_tutorial' retrieved from /home/airflow/.local/lib/python3.8/site-packages/airflow/example_dags/example_params_ui_tutorial.py
[2024-06-12T18:09:36.766+0000] {logging_mixin.py:188} INFO - [2024-06-12T18:09:36.766+0000] {dag.py:3036} INFO - Sync 1 DAGs
[2024-06-12T18:09:36.779+0000] {logging_mixin.py:188} INFO - [2024-06-12T18:09:36.779+0000] {dag.py:3823} INFO - Setting next_dagrun for example_params_ui_tutorial to None, run_after=None
[2024-06-12T18:09:36.807+0000] {processor.py:183} INFO - Processing /home/airflow/.local/lib/python3.8/site-packages/airflow/example_dags/example_params_ui_tutorial.py took 0.253 seconds
[2024-06-12T18:10:07.151+0000] {processor.py:161} INFO - Started process (PID=643) to work on /home/airflow/.local/lib/python3.8/site-packages/airflow/example_dags/example_params_ui_tutorial.py
[2024-06-12T18:10:07.152+0000] {processor.py:830} INFO - Processing file /home/airflow/.local/lib/python3.8/site-packages/airflow/example_dags/example_params_ui_tutorial.py for tasks to queue
[2024-06-12T18:10:07.153+0000] {logging_mixin.py:188} INFO - [2024-06-12T18:10:07.153+0000] {dagbag.py:538} INFO - Filling up the DagBag from /home/airflow/.local/lib/python3.8/site-packages/airflow/example_dags/example_params_ui_tutorial.py
[2024-06-12T18:10:07.168+0000] {processor.py:840} INFO - DAG(s) 'example_params_ui_tutorial' retrieved from /home/airflow/.local/lib/python3.8/site-packages/airflow/example_dags/example_params_ui_tutorial.py
[2024-06-12T18:10:07.251+0000] {logging_mixin.py:188} INFO - [2024-06-12T18:10:07.251+0000] {dag.py:3036} INFO - Sync 1 DAGs
[2024-06-12T18:10:07.265+0000] {logging_mixin.py:188} INFO - [2024-06-12T18:10:07.265+0000] {dag.py:3823} INFO - Setting next_dagrun for example_params_ui_tutorial to None, run_after=None
[2024-06-12T18:10:07.289+0000] {processor.py:183} INFO - Processing /home/airflow/.local/lib/python3.8/site-packages/airflow/example_dags/example_params_ui_tutorial.py took 0.141 seconds
[2024-06-12T18:10:38.015+0000] {processor.py:161} INFO - Started process (PID=700) to work on /home/airflow/.local/lib/python3.8/site-packages/airflow/example_dags/example_params_ui_tutorial.py
[2024-06-12T18:10:38.016+0000] {processor.py:830} INFO - Processing file /home/airflow/.local/lib/python3.8/site-packages/airflow/example_dags/example_params_ui_tutorial.py for tasks to queue
[2024-06-12T18:10:38.017+0000] {logging_mixin.py:188} INFO - [2024-06-12T18:10:38.016+0000] {dagbag.py:538} INFO - Filling up the DagBag from /home/airflow/.local/lib/python3.8/site-packages/airflow/example_dags/example_params_ui_tutorial.py
[2024-06-12T18:10:38.030+0000] {processor.py:840} INFO - DAG(s) 'example_params_ui_tutorial' retrieved from /home/airflow/.local/lib/python3.8/site-packages/airflow/example_dags/example_params_ui_tutorial.py
[2024-06-12T18:10:38.105+0000] {logging_mixin.py:188} INFO - [2024-06-12T18:10:38.104+0000] {dag.py:3036} INFO - Sync 1 DAGs
[2024-06-12T18:10:38.119+0000] {logging_mixin.py:188} INFO - [2024-06-12T18:10:38.119+0000] {dag.py:3823} INFO - Setting next_dagrun for example_params_ui_tutorial to None, run_after=None
[2024-06-12T18:10:38.146+0000] {processor.py:183} INFO - Processing /home/airflow/.local/lib/python3.8/site-packages/airflow/example_dags/example_params_ui_tutorial.py took 0.135 seconds
[2024-06-12T18:11:08.601+0000] {processor.py:161} INFO - Started process (PID=757) to work on /home/airflow/.local/lib/python3.8/site-packages/airflow/example_dags/example_params_ui_tutorial.py
[2024-06-12T18:11:08.602+0000] {processor.py:830} INFO - Processing file /home/airflow/.local/lib/python3.8/site-packages/airflow/example_dags/example_params_ui_tutorial.py for tasks to queue
[2024-06-12T18:11:08.604+0000] {logging_mixin.py:188} INFO - [2024-06-12T18:11:08.603+0000] {dagbag.py:538} INFO - Filling up the DagBag from /home/airflow/.local/lib/python3.8/site-packages/airflow/example_dags/example_params_ui_tutorial.py
[2024-06-12T18:11:08.622+0000] {processor.py:840} INFO - DAG(s) 'example_params_ui_tutorial' retrieved from /home/airflow/.local/lib/python3.8/site-packages/airflow/example_dags/example_params_ui_tutorial.py
[2024-06-12T18:11:08.726+0000] {logging_mixin.py:188} INFO - [2024-06-12T18:11:08.726+0000] {dag.py:3036} INFO - Sync 1 DAGs
[2024-06-12T18:11:08.746+0000] {logging_mixin.py:188} INFO - [2024-06-12T18:11:08.745+0000] {dag.py:3823} INFO - Setting next_dagrun for example_params_ui_tutorial to None, run_after=None
[2024-06-12T18:11:08.773+0000] {processor.py:183} INFO - Processing /home/airflow/.local/lib/python3.8/site-packages/airflow/example_dags/example_params_ui_tutorial.py took 0.176 seconds
[2024-06-12T18:11:39.839+0000] {processor.py:161} INFO - Started process (PID=814) to work on /home/airflow/.local/lib/python3.8/site-packages/airflow/example_dags/example_params_ui_tutorial.py
[2024-06-12T18:11:39.840+0000] {processor.py:830} INFO - Processing file /home/airflow/.local/lib/python3.8/site-packages/airflow/example_dags/example_params_ui_tutorial.py for tasks to queue
[2024-06-12T18:11:39.841+0000] {logging_mixin.py:188} INFO - [2024-06-12T18:11:39.841+0000] {dagbag.py:538} INFO - Filling up the DagBag from /home/airflow/.local/lib/python3.8/site-packages/airflow/example_dags/example_params_ui_tutorial.py
[2024-06-12T18:11:39.854+0000] {processor.py:840} INFO - DAG(s) 'example_params_ui_tutorial' retrieved from /home/airflow/.local/lib/python3.8/site-packages/airflow/example_dags/example_params_ui_tutorial.py
[2024-06-12T18:11:39.943+0000] {logging_mixin.py:188} INFO - [2024-06-12T18:11:39.943+0000] {dag.py:3036} INFO - Sync 1 DAGs
[2024-06-12T18:11:39.960+0000] {logging_mixin.py:188} INFO - [2024-06-12T18:11:39.960+0000] {dag.py:3823} INFO - Setting next_dagrun for example_params_ui_tutorial to None, run_after=None
[2024-06-12T18:11:39.993+0000] {processor.py:183} INFO - Processing /home/airflow/.local/lib/python3.8/site-packages/airflow/example_dags/example_params_ui_tutorial.py took 0.158 seconds
[2024-06-12T18:12:10.912+0000] {processor.py:161} INFO - Started process (PID=871) to work on /home/airflow/.local/lib/python3.8/site-packages/airflow/example_dags/example_params_ui_tutorial.py
[2024-06-12T18:12:10.913+0000] {processor.py:830} INFO - Processing file /home/airflow/.local/lib/python3.8/site-packages/airflow/example_dags/example_params_ui_tutorial.py for tasks to queue
[2024-06-12T18:12:10.915+0000] {logging_mixin.py:188} INFO - [2024-06-12T18:12:10.914+0000] {dagbag.py:538} INFO - Filling up the DagBag from /home/airflow/.local/lib/python3.8/site-packages/airflow/example_dags/example_params_ui_tutorial.py
[2024-06-12T18:12:10.930+0000] {processor.py:840} INFO - DAG(s) 'example_params_ui_tutorial' retrieved from /home/airflow/.local/lib/python3.8/site-packages/airflow/example_dags/example_params_ui_tutorial.py
[2024-06-12T18:12:11.000+0000] {logging_mixin.py:188} INFO - [2024-06-12T18:12:10.999+0000] {dag.py:3036} INFO - Sync 1 DAGs
[2024-06-12T18:12:11.014+0000] {logging_mixin.py:188} INFO - [2024-06-12T18:12:11.014+0000] {dag.py:3823} INFO - Setting next_dagrun for example_params_ui_tutorial to None, run_after=None
[2024-06-12T18:12:11.038+0000] {processor.py:183} INFO - Processing /home/airflow/.local/lib/python3.8/site-packages/airflow/example_dags/example_params_ui_tutorial.py took 0.130 seconds
[2024-06-12T18:14:48.548+0000] {processor.py:161} INFO - Started process (PID=42) to work on /home/airflow/.local/lib/python3.8/site-packages/airflow/example_dags/example_params_ui_tutorial.py
[2024-06-12T18:14:48.550+0000] {processor.py:830} INFO - Processing file /home/airflow/.local/lib/python3.8/site-packages/airflow/example_dags/example_params_ui_tutorial.py for tasks to queue
[2024-06-12T18:14:48.552+0000] {logging_mixin.py:188} INFO - [2024-06-12T18:14:48.552+0000] {dagbag.py:538} INFO - Filling up the DagBag from /home/airflow/.local/lib/python3.8/site-packages/airflow/example_dags/example_params_ui_tutorial.py
[2024-06-12T18:14:48.573+0000] {processor.py:840} INFO - DAG(s) 'example_params_ui_tutorial' retrieved from /home/airflow/.local/lib/python3.8/site-packages/airflow/example_dags/example_params_ui_tutorial.py
[2024-06-12T18:14:48.687+0000] {logging_mixin.py:188} INFO - [2024-06-12T18:14:48.686+0000] {dag.py:3036} INFO - Sync 1 DAGs
[2024-06-12T18:14:48.706+0000] {logging_mixin.py:188} INFO - [2024-06-12T18:14:48.706+0000] {dag.py:3823} INFO - Setting next_dagrun for example_params_ui_tutorial to None, run_after=None
[2024-06-12T18:14:48.743+0000] {processor.py:183} INFO - Processing /home/airflow/.local/lib/python3.8/site-packages/airflow/example_dags/example_params_ui_tutorial.py took 0.198 seconds
[2024-06-12T18:15:19.658+0000] {processor.py:161} INFO - Started process (PID=99) to work on /home/airflow/.local/lib/python3.8/site-packages/airflow/example_dags/example_params_ui_tutorial.py
[2024-06-12T18:15:19.659+0000] {processor.py:830} INFO - Processing file /home/airflow/.local/lib/python3.8/site-packages/airflow/example_dags/example_params_ui_tutorial.py for tasks to queue
[2024-06-12T18:15:19.661+0000] {logging_mixin.py:188} INFO - [2024-06-12T18:15:19.661+0000] {dagbag.py:538} INFO - Filling up the DagBag from /home/airflow/.local/lib/python3.8/site-packages/airflow/example_dags/example_params_ui_tutorial.py
[2024-06-12T18:15:19.675+0000] {processor.py:840} INFO - DAG(s) 'example_params_ui_tutorial' retrieved from /home/airflow/.local/lib/python3.8/site-packages/airflow/example_dags/example_params_ui_tutorial.py
[2024-06-12T18:15:19.689+0000] {logging_mixin.py:188} INFO - [2024-06-12T18:15:19.688+0000] {dag.py:3036} INFO - Sync 1 DAGs
[2024-06-12T18:15:19.709+0000] {logging_mixin.py:188} INFO - [2024-06-12T18:15:19.709+0000] {dag.py:3823} INFO - Setting next_dagrun for example_params_ui_tutorial to None, run_after=None
[2024-06-12T18:15:19.740+0000] {processor.py:183} INFO - Processing /home/airflow/.local/lib/python3.8/site-packages/airflow/example_dags/example_params_ui_tutorial.py took 0.086 seconds
[2024-06-12T18:15:49.941+0000] {processor.py:161} INFO - Started process (PID=154) to work on /home/airflow/.local/lib/python3.8/site-packages/airflow/example_dags/example_params_ui_tutorial.py
[2024-06-12T18:15:49.942+0000] {processor.py:830} INFO - Processing file /home/airflow/.local/lib/python3.8/site-packages/airflow/example_dags/example_params_ui_tutorial.py for tasks to queue
[2024-06-12T18:15:49.944+0000] {logging_mixin.py:188} INFO - [2024-06-12T18:15:49.944+0000] {dagbag.py:538} INFO - Filling up the DagBag from /home/airflow/.local/lib/python3.8/site-packages/airflow/example_dags/example_params_ui_tutorial.py
[2024-06-12T18:15:49.958+0000] {processor.py:840} INFO - DAG(s) 'example_params_ui_tutorial' retrieved from /home/airflow/.local/lib/python3.8/site-packages/airflow/example_dags/example_params_ui_tutorial.py
[2024-06-12T18:15:50.173+0000] {logging_mixin.py:188} INFO - [2024-06-12T18:15:50.172+0000] {dag.py:3036} INFO - Sync 1 DAGs
[2024-06-12T18:15:50.188+0000] {logging_mixin.py:188} INFO - [2024-06-12T18:15:50.187+0000] {dag.py:3823} INFO - Setting next_dagrun for example_params_ui_tutorial to None, run_after=None
[2024-06-12T18:15:50.219+0000] {processor.py:183} INFO - Processing /home/airflow/.local/lib/python3.8/site-packages/airflow/example_dags/example_params_ui_tutorial.py took 0.283 seconds
[2024-06-12T18:16:20.432+0000] {processor.py:161} INFO - Started process (PID=211) to work on /home/airflow/.local/lib/python3.8/site-packages/airflow/example_dags/example_params_ui_tutorial.py
[2024-06-12T18:16:20.433+0000] {processor.py:830} INFO - Processing file /home/airflow/.local/lib/python3.8/site-packages/airflow/example_dags/example_params_ui_tutorial.py for tasks to queue
[2024-06-12T18:16:20.435+0000] {logging_mixin.py:188} INFO - [2024-06-12T18:16:20.435+0000] {dagbag.py:538} INFO - Filling up the DagBag from /home/airflow/.local/lib/python3.8/site-packages/airflow/example_dags/example_params_ui_tutorial.py
[2024-06-12T18:16:20.458+0000] {processor.py:840} INFO - DAG(s) 'example_params_ui_tutorial' retrieved from /home/airflow/.local/lib/python3.8/site-packages/airflow/example_dags/example_params_ui_tutorial.py
[2024-06-12T18:16:20.474+0000] {logging_mixin.py:188} INFO - [2024-06-12T18:16:20.473+0000] {dag.py:3036} INFO - Sync 1 DAGs
[2024-06-12T18:16:20.500+0000] {logging_mixin.py:188} INFO - [2024-06-12T18:16:20.499+0000] {dag.py:3823} INFO - Setting next_dagrun for example_params_ui_tutorial to None, run_after=None
[2024-06-12T18:16:20.539+0000] {processor.py:183} INFO - Processing /home/airflow/.local/lib/python3.8/site-packages/airflow/example_dags/example_params_ui_tutorial.py took 0.111 seconds
[2024-06-12T18:16:50.744+0000] {processor.py:161} INFO - Started process (PID=268) to work on /home/airflow/.local/lib/python3.8/site-packages/airflow/example_dags/example_params_ui_tutorial.py
[2024-06-12T18:16:50.745+0000] {processor.py:830} INFO - Processing file /home/airflow/.local/lib/python3.8/site-packages/airflow/example_dags/example_params_ui_tutorial.py for tasks to queue
[2024-06-12T18:16:50.747+0000] {logging_mixin.py:188} INFO - [2024-06-12T18:16:50.747+0000] {dagbag.py:538} INFO - Filling up the DagBag from /home/airflow/.local/lib/python3.8/site-packages/airflow/example_dags/example_params_ui_tutorial.py
[2024-06-12T18:16:50.763+0000] {processor.py:840} INFO - DAG(s) 'example_params_ui_tutorial' retrieved from /home/airflow/.local/lib/python3.8/site-packages/airflow/example_dags/example_params_ui_tutorial.py
[2024-06-12T18:16:50.970+0000] {logging_mixin.py:188} INFO - [2024-06-12T18:16:50.969+0000] {dag.py:3036} INFO - Sync 1 DAGs
[2024-06-12T18:16:50.983+0000] {logging_mixin.py:188} INFO - [2024-06-12T18:16:50.983+0000] {dag.py:3823} INFO - Setting next_dagrun for example_params_ui_tutorial to None, run_after=None
[2024-06-12T18:16:51.013+0000] {processor.py:183} INFO - Processing /home/airflow/.local/lib/python3.8/site-packages/airflow/example_dags/example_params_ui_tutorial.py took 0.272 seconds
[2024-06-12T18:17:21.323+0000] {processor.py:161} INFO - Started process (PID=327) to work on /home/airflow/.local/lib/python3.8/site-packages/airflow/example_dags/example_params_ui_tutorial.py
[2024-06-12T18:17:21.323+0000] {processor.py:830} INFO - Processing file /home/airflow/.local/lib/python3.8/site-packages/airflow/example_dags/example_params_ui_tutorial.py for tasks to queue
[2024-06-12T18:17:21.325+0000] {logging_mixin.py:188} INFO - [2024-06-12T18:17:21.325+0000] {dagbag.py:538} INFO - Filling up the DagBag from /home/airflow/.local/lib/python3.8/site-packages/airflow/example_dags/example_params_ui_tutorial.py
[2024-06-12T18:17:21.340+0000] {processor.py:840} INFO - DAG(s) 'example_params_ui_tutorial' retrieved from /home/airflow/.local/lib/python3.8/site-packages/airflow/example_dags/example_params_ui_tutorial.py
[2024-06-12T18:17:21.420+0000] {logging_mixin.py:188} INFO - [2024-06-12T18:17:21.419+0000] {dag.py:3036} INFO - Sync 1 DAGs
[2024-06-12T18:17:21.433+0000] {logging_mixin.py:188} INFO - [2024-06-12T18:17:21.433+0000] {dag.py:3823} INFO - Setting next_dagrun for example_params_ui_tutorial to None, run_after=None
[2024-06-12T18:17:21.463+0000] {processor.py:183} INFO - Processing /home/airflow/.local/lib/python3.8/site-packages/airflow/example_dags/example_params_ui_tutorial.py took 0.144 seconds
[2024-06-12T18:18:45.224+0000] {processor.py:161} INFO - Started process (PID=42) to work on /home/airflow/.local/lib/python3.8/site-packages/airflow/example_dags/example_params_ui_tutorial.py
[2024-06-12T18:18:45.225+0000] {processor.py:830} INFO - Processing file /home/airflow/.local/lib/python3.8/site-packages/airflow/example_dags/example_params_ui_tutorial.py for tasks to queue
[2024-06-12T18:18:45.227+0000] {logging_mixin.py:188} INFO - [2024-06-12T18:18:45.226+0000] {dagbag.py:538} INFO - Filling up the DagBag from /home/airflow/.local/lib/python3.8/site-packages/airflow/example_dags/example_params_ui_tutorial.py
[2024-06-12T18:18:45.240+0000] {processor.py:840} INFO - DAG(s) 'example_params_ui_tutorial' retrieved from /home/airflow/.local/lib/python3.8/site-packages/airflow/example_dags/example_params_ui_tutorial.py
[2024-06-12T18:18:45.252+0000] {logging_mixin.py:188} INFO - [2024-06-12T18:18:45.252+0000] {dag.py:3036} INFO - Sync 1 DAGs
[2024-06-12T18:18:45.268+0000] {logging_mixin.py:188} INFO - [2024-06-12T18:18:45.268+0000] {dag.py:3823} INFO - Setting next_dagrun for example_params_ui_tutorial to None, run_after=None
[2024-06-12T18:18:45.294+0000] {processor.py:183} INFO - Processing /home/airflow/.local/lib/python3.8/site-packages/airflow/example_dags/example_params_ui_tutorial.py took 0.073 seconds
[2024-06-12T18:19:16.205+0000] {processor.py:161} INFO - Started process (PID=99) to work on /home/airflow/.local/lib/python3.8/site-packages/airflow/example_dags/example_params_ui_tutorial.py
[2024-06-12T18:19:16.207+0000] {processor.py:830} INFO - Processing file /home/airflow/.local/lib/python3.8/site-packages/airflow/example_dags/example_params_ui_tutorial.py for tasks to queue
[2024-06-12T18:19:16.210+0000] {logging_mixin.py:188} INFO - [2024-06-12T18:19:16.209+0000] {dagbag.py:538} INFO - Filling up the DagBag from /home/airflow/.local/lib/python3.8/site-packages/airflow/example_dags/example_params_ui_tutorial.py
[2024-06-12T18:19:16.226+0000] {processor.py:840} INFO - DAG(s) 'example_params_ui_tutorial' retrieved from /home/airflow/.local/lib/python3.8/site-packages/airflow/example_dags/example_params_ui_tutorial.py
[2024-06-12T18:19:16.248+0000] {logging_mixin.py:188} INFO - [2024-06-12T18:19:16.247+0000] {dag.py:3036} INFO - Sync 1 DAGs
[2024-06-12T18:19:16.269+0000] {logging_mixin.py:188} INFO - [2024-06-12T18:19:16.268+0000] {dag.py:3823} INFO - Setting next_dagrun for example_params_ui_tutorial to None, run_after=None
[2024-06-12T18:19:16.305+0000] {processor.py:183} INFO - Processing /home/airflow/.local/lib/python3.8/site-packages/airflow/example_dags/example_params_ui_tutorial.py took 0.104 seconds
[2024-06-12T18:19:46.725+0000] {processor.py:161} INFO - Started process (PID=154) to work on /home/airflow/.local/lib/python3.8/site-packages/airflow/example_dags/example_params_ui_tutorial.py
[2024-06-12T18:19:46.727+0000] {processor.py:830} INFO - Processing file /home/airflow/.local/lib/python3.8/site-packages/airflow/example_dags/example_params_ui_tutorial.py for tasks to queue
[2024-06-12T18:19:46.730+0000] {logging_mixin.py:188} INFO - [2024-06-12T18:19:46.729+0000] {dagbag.py:538} INFO - Filling up the DagBag from /home/airflow/.local/lib/python3.8/site-packages/airflow/example_dags/example_params_ui_tutorial.py
[2024-06-12T18:19:46.745+0000] {processor.py:840} INFO - DAG(s) 'example_params_ui_tutorial' retrieved from /home/airflow/.local/lib/python3.8/site-packages/airflow/example_dags/example_params_ui_tutorial.py
[2024-06-12T18:19:46.964+0000] {logging_mixin.py:188} INFO - [2024-06-12T18:19:46.963+0000] {dag.py:3036} INFO - Sync 1 DAGs
[2024-06-12T18:19:46.982+0000] {logging_mixin.py:188} INFO - [2024-06-12T18:19:46.982+0000] {dag.py:3823} INFO - Setting next_dagrun for example_params_ui_tutorial to None, run_after=None
[2024-06-12T18:19:47.019+0000] {processor.py:183} INFO - Processing /home/airflow/.local/lib/python3.8/site-packages/airflow/example_dags/example_params_ui_tutorial.py took 0.299 seconds
[2024-06-12T18:20:17.538+0000] {processor.py:161} INFO - Started process (PID=211) to work on /home/airflow/.local/lib/python3.8/site-packages/airflow/example_dags/example_params_ui_tutorial.py
[2024-06-12T18:20:17.540+0000] {processor.py:830} INFO - Processing file /home/airflow/.local/lib/python3.8/site-packages/airflow/example_dags/example_params_ui_tutorial.py for tasks to queue
[2024-06-12T18:20:17.542+0000] {logging_mixin.py:188} INFO - [2024-06-12T18:20:17.541+0000] {dagbag.py:538} INFO - Filling up the DagBag from /home/airflow/.local/lib/python3.8/site-packages/airflow/example_dags/example_params_ui_tutorial.py
[2024-06-12T18:20:17.560+0000] {processor.py:840} INFO - DAG(s) 'example_params_ui_tutorial' retrieved from /home/airflow/.local/lib/python3.8/site-packages/airflow/example_dags/example_params_ui_tutorial.py
[2024-06-12T18:20:17.655+0000] {logging_mixin.py:188} INFO - [2024-06-12T18:20:17.655+0000] {dag.py:3036} INFO - Sync 1 DAGs
[2024-06-12T18:20:17.675+0000] {logging_mixin.py:188} INFO - [2024-06-12T18:20:17.675+0000] {dag.py:3823} INFO - Setting next_dagrun for example_params_ui_tutorial to None, run_after=None
[2024-06-12T18:20:17.711+0000] {processor.py:183} INFO - Processing /home/airflow/.local/lib/python3.8/site-packages/airflow/example_dags/example_params_ui_tutorial.py took 0.176 seconds
[2024-06-12T18:20:47.967+0000] {processor.py:161} INFO - Started process (PID=268) to work on /home/airflow/.local/lib/python3.8/site-packages/airflow/example_dags/example_params_ui_tutorial.py
[2024-06-12T18:20:47.968+0000] {processor.py:830} INFO - Processing file /home/airflow/.local/lib/python3.8/site-packages/airflow/example_dags/example_params_ui_tutorial.py for tasks to queue
[2024-06-12T18:20:47.970+0000] {logging_mixin.py:188} INFO - [2024-06-12T18:20:47.970+0000] {dagbag.py:538} INFO - Filling up the DagBag from /home/airflow/.local/lib/python3.8/site-packages/airflow/example_dags/example_params_ui_tutorial.py
[2024-06-12T18:20:47.986+0000] {processor.py:840} INFO - DAG(s) 'example_params_ui_tutorial' retrieved from /home/airflow/.local/lib/python3.8/site-packages/airflow/example_dags/example_params_ui_tutorial.py
[2024-06-12T18:20:48.092+0000] {logging_mixin.py:188} INFO - [2024-06-12T18:20:48.092+0000] {dag.py:3036} INFO - Sync 1 DAGs
[2024-06-12T18:20:48.110+0000] {logging_mixin.py:188} INFO - [2024-06-12T18:20:48.109+0000] {dag.py:3823} INFO - Setting next_dagrun for example_params_ui_tutorial to None, run_after=None
[2024-06-12T18:20:48.148+0000] {processor.py:183} INFO - Processing /home/airflow/.local/lib/python3.8/site-packages/airflow/example_dags/example_params_ui_tutorial.py took 0.186 seconds
[2024-06-12T18:21:18.216+0000] {processor.py:161} INFO - Started process (PID=324) to work on /home/airflow/.local/lib/python3.8/site-packages/airflow/example_dags/example_params_ui_tutorial.py
[2024-06-12T18:21:18.217+0000] {processor.py:830} INFO - Processing file /home/airflow/.local/lib/python3.8/site-packages/airflow/example_dags/example_params_ui_tutorial.py for tasks to queue
[2024-06-12T18:21:18.220+0000] {logging_mixin.py:188} INFO - [2024-06-12T18:21:18.219+0000] {dagbag.py:538} INFO - Filling up the DagBag from /home/airflow/.local/lib/python3.8/site-packages/airflow/example_dags/example_params_ui_tutorial.py
[2024-06-12T18:21:18.237+0000] {processor.py:840} INFO - DAG(s) 'example_params_ui_tutorial' retrieved from /home/airflow/.local/lib/python3.8/site-packages/airflow/example_dags/example_params_ui_tutorial.py
[2024-06-12T18:21:18.330+0000] {logging_mixin.py:188} INFO - [2024-06-12T18:21:18.330+0000] {dag.py:3036} INFO - Sync 1 DAGs
[2024-06-12T18:21:18.346+0000] {logging_mixin.py:188} INFO - [2024-06-12T18:21:18.346+0000] {dag.py:3823} INFO - Setting next_dagrun for example_params_ui_tutorial to None, run_after=None
[2024-06-12T18:21:18.385+0000] {processor.py:183} INFO - Processing /home/airflow/.local/lib/python3.8/site-packages/airflow/example_dags/example_params_ui_tutorial.py took 0.174 seconds
[2024-06-12T18:21:48.705+0000] {processor.py:161} INFO - Started process (PID=381) to work on /home/airflow/.local/lib/python3.8/site-packages/airflow/example_dags/example_params_ui_tutorial.py
[2024-06-12T18:21:48.707+0000] {processor.py:830} INFO - Processing file /home/airflow/.local/lib/python3.8/site-packages/airflow/example_dags/example_params_ui_tutorial.py for tasks to queue
[2024-06-12T18:21:48.709+0000] {logging_mixin.py:188} INFO - [2024-06-12T18:21:48.709+0000] {dagbag.py:538} INFO - Filling up the DagBag from /home/airflow/.local/lib/python3.8/site-packages/airflow/example_dags/example_params_ui_tutorial.py
[2024-06-12T18:21:48.725+0000] {processor.py:840} INFO - DAG(s) 'example_params_ui_tutorial' retrieved from /home/airflow/.local/lib/python3.8/site-packages/airflow/example_dags/example_params_ui_tutorial.py
[2024-06-12T18:21:48.829+0000] {logging_mixin.py:188} INFO - [2024-06-12T18:21:48.828+0000] {dag.py:3036} INFO - Sync 1 DAGs
[2024-06-12T18:21:48.850+0000] {logging_mixin.py:188} INFO - [2024-06-12T18:21:48.850+0000] {dag.py:3823} INFO - Setting next_dagrun for example_params_ui_tutorial to None, run_after=None
[2024-06-12T18:21:48.879+0000] {processor.py:183} INFO - Processing /home/airflow/.local/lib/python3.8/site-packages/airflow/example_dags/example_params_ui_tutorial.py took 0.176 seconds
[2024-06-12T18:22:18.936+0000] {processor.py:161} INFO - Started process (PID=439) to work on /home/airflow/.local/lib/python3.8/site-packages/airflow/example_dags/example_params_ui_tutorial.py
[2024-06-12T18:22:18.937+0000] {processor.py:830} INFO - Processing file /home/airflow/.local/lib/python3.8/site-packages/airflow/example_dags/example_params_ui_tutorial.py for tasks to queue
[2024-06-12T18:22:18.938+0000] {logging_mixin.py:188} INFO - [2024-06-12T18:22:18.938+0000] {dagbag.py:538} INFO - Filling up the DagBag from /home/airflow/.local/lib/python3.8/site-packages/airflow/example_dags/example_params_ui_tutorial.py
[2024-06-12T18:22:18.949+0000] {processor.py:840} INFO - DAG(s) 'example_params_ui_tutorial' retrieved from /home/airflow/.local/lib/python3.8/site-packages/airflow/example_dags/example_params_ui_tutorial.py
[2024-06-12T18:22:19.013+0000] {logging_mixin.py:188} INFO - [2024-06-12T18:22:19.013+0000] {dag.py:3036} INFO - Sync 1 DAGs
[2024-06-12T18:22:19.024+0000] {logging_mixin.py:188} INFO - [2024-06-12T18:22:19.024+0000] {dag.py:3823} INFO - Setting next_dagrun for example_params_ui_tutorial to None, run_after=None
[2024-06-12T18:22:19.044+0000] {processor.py:183} INFO - Processing /home/airflow/.local/lib/python3.8/site-packages/airflow/example_dags/example_params_ui_tutorial.py took 0.111 seconds
[2024-06-12T18:22:49.149+0000] {processor.py:161} INFO - Started process (PID=496) to work on /home/airflow/.local/lib/python3.8/site-packages/airflow/example_dags/example_params_ui_tutorial.py
[2024-06-12T18:22:49.151+0000] {processor.py:830} INFO - Processing file /home/airflow/.local/lib/python3.8/site-packages/airflow/example_dags/example_params_ui_tutorial.py for tasks to queue
[2024-06-12T18:22:49.152+0000] {logging_mixin.py:188} INFO - [2024-06-12T18:22:49.152+0000] {dagbag.py:538} INFO - Filling up the DagBag from /home/airflow/.local/lib/python3.8/site-packages/airflow/example_dags/example_params_ui_tutorial.py
[2024-06-12T18:22:49.165+0000] {processor.py:840} INFO - DAG(s) 'example_params_ui_tutorial' retrieved from /home/airflow/.local/lib/python3.8/site-packages/airflow/example_dags/example_params_ui_tutorial.py
[2024-06-12T18:22:49.264+0000] {logging_mixin.py:188} INFO - [2024-06-12T18:22:49.263+0000] {dag.py:3036} INFO - Sync 1 DAGs
[2024-06-12T18:22:49.304+0000] {logging_mixin.py:188} INFO - [2024-06-12T18:22:49.304+0000] {dag.py:3823} INFO - Setting next_dagrun for example_params_ui_tutorial to None, run_after=None
[2024-06-12T18:22:49.340+0000] {processor.py:183} INFO - Processing /home/airflow/.local/lib/python3.8/site-packages/airflow/example_dags/example_params_ui_tutorial.py took 0.194 seconds
[2024-06-12T18:23:19.451+0000] {processor.py:161} INFO - Started process (PID=554) to work on /home/airflow/.local/lib/python3.8/site-packages/airflow/example_dags/example_params_ui_tutorial.py
[2024-06-12T18:23:19.452+0000] {processor.py:830} INFO - Processing file /home/airflow/.local/lib/python3.8/site-packages/airflow/example_dags/example_params_ui_tutorial.py for tasks to queue
[2024-06-12T18:23:19.455+0000] {logging_mixin.py:188} INFO - [2024-06-12T18:23:19.454+0000] {dagbag.py:538} INFO - Filling up the DagBag from /home/airflow/.local/lib/python3.8/site-packages/airflow/example_dags/example_params_ui_tutorial.py
[2024-06-12T18:23:19.469+0000] {processor.py:840} INFO - DAG(s) 'example_params_ui_tutorial' retrieved from /home/airflow/.local/lib/python3.8/site-packages/airflow/example_dags/example_params_ui_tutorial.py
[2024-06-12T18:23:19.564+0000] {logging_mixin.py:188} INFO - [2024-06-12T18:23:19.564+0000] {dag.py:3036} INFO - Sync 1 DAGs
[2024-06-12T18:23:19.587+0000] {logging_mixin.py:188} INFO - [2024-06-12T18:23:19.587+0000] {dag.py:3823} INFO - Setting next_dagrun for example_params_ui_tutorial to None, run_after=None
[2024-06-12T18:23:19.624+0000] {processor.py:183} INFO - Processing /home/airflow/.local/lib/python3.8/site-packages/airflow/example_dags/example_params_ui_tutorial.py took 0.177 seconds
[2024-06-12T18:23:49.771+0000] {processor.py:161} INFO - Started process (PID=611) to work on /home/airflow/.local/lib/python3.8/site-packages/airflow/example_dags/example_params_ui_tutorial.py
[2024-06-12T18:23:49.773+0000] {processor.py:830} INFO - Processing file /home/airflow/.local/lib/python3.8/site-packages/airflow/example_dags/example_params_ui_tutorial.py for tasks to queue
[2024-06-12T18:23:49.775+0000] {logging_mixin.py:188} INFO - [2024-06-12T18:23:49.775+0000] {dagbag.py:538} INFO - Filling up the DagBag from /home/airflow/.local/lib/python3.8/site-packages/airflow/example_dags/example_params_ui_tutorial.py
[2024-06-12T18:23:49.790+0000] {processor.py:840} INFO - DAG(s) 'example_params_ui_tutorial' retrieved from /home/airflow/.local/lib/python3.8/site-packages/airflow/example_dags/example_params_ui_tutorial.py
[2024-06-12T18:23:49.905+0000] {logging_mixin.py:188} INFO - [2024-06-12T18:23:49.905+0000] {dag.py:3036} INFO - Sync 1 DAGs
[2024-06-12T18:23:49.922+0000] {logging_mixin.py:188} INFO - [2024-06-12T18:23:49.922+0000] {dag.py:3823} INFO - Setting next_dagrun for example_params_ui_tutorial to None, run_after=None
[2024-06-12T18:23:49.951+0000] {processor.py:183} INFO - Processing /home/airflow/.local/lib/python3.8/site-packages/airflow/example_dags/example_params_ui_tutorial.py took 0.184 seconds
[2024-06-12T18:24:20.008+0000] {processor.py:161} INFO - Started process (PID=666) to work on /home/airflow/.local/lib/python3.8/site-packages/airflow/example_dags/example_params_ui_tutorial.py
[2024-06-12T18:24:20.009+0000] {processor.py:830} INFO - Processing file /home/airflow/.local/lib/python3.8/site-packages/airflow/example_dags/example_params_ui_tutorial.py for tasks to queue
[2024-06-12T18:24:20.011+0000] {logging_mixin.py:188} INFO - [2024-06-12T18:24:20.011+0000] {dagbag.py:538} INFO - Filling up the DagBag from /home/airflow/.local/lib/python3.8/site-packages/airflow/example_dags/example_params_ui_tutorial.py
[2024-06-12T18:24:20.022+0000] {processor.py:840} INFO - DAG(s) 'example_params_ui_tutorial' retrieved from /home/airflow/.local/lib/python3.8/site-packages/airflow/example_dags/example_params_ui_tutorial.py
[2024-06-12T18:24:20.033+0000] {logging_mixin.py:188} INFO - [2024-06-12T18:24:20.032+0000] {dag.py:3036} INFO - Sync 1 DAGs
[2024-06-12T18:24:20.048+0000] {logging_mixin.py:188} INFO - [2024-06-12T18:24:20.047+0000] {dag.py:3823} INFO - Setting next_dagrun for example_params_ui_tutorial to None, run_after=None
[2024-06-12T18:24:20.072+0000] {processor.py:183} INFO - Processing /home/airflow/.local/lib/python3.8/site-packages/airflow/example_dags/example_params_ui_tutorial.py took 0.067 seconds
[2024-06-12T18:24:50.408+0000] {processor.py:161} INFO - Started process (PID=723) to work on /home/airflow/.local/lib/python3.8/site-packages/airflow/example_dags/example_params_ui_tutorial.py
[2024-06-12T18:24:50.408+0000] {processor.py:830} INFO - Processing file /home/airflow/.local/lib/python3.8/site-packages/airflow/example_dags/example_params_ui_tutorial.py for tasks to queue
[2024-06-12T18:24:50.410+0000] {logging_mixin.py:188} INFO - [2024-06-12T18:24:50.410+0000] {dagbag.py:538} INFO - Filling up the DagBag from /home/airflow/.local/lib/python3.8/site-packages/airflow/example_dags/example_params_ui_tutorial.py
[2024-06-12T18:24:50.421+0000] {processor.py:840} INFO - DAG(s) 'example_params_ui_tutorial' retrieved from /home/airflow/.local/lib/python3.8/site-packages/airflow/example_dags/example_params_ui_tutorial.py
[2024-06-12T18:24:50.597+0000] {logging_mixin.py:188} INFO - [2024-06-12T18:24:50.596+0000] {dag.py:3036} INFO - Sync 1 DAGs
[2024-06-12T18:24:50.611+0000] {logging_mixin.py:188} INFO - [2024-06-12T18:24:50.611+0000] {dag.py:3823} INFO - Setting next_dagrun for example_params_ui_tutorial to None, run_after=None
[2024-06-12T18:24:50.638+0000] {processor.py:183} INFO - Processing /home/airflow/.local/lib/python3.8/site-packages/airflow/example_dags/example_params_ui_tutorial.py took 0.233 seconds
[2024-06-12T18:25:21.226+0000] {processor.py:161} INFO - Started process (PID=780) to work on /home/airflow/.local/lib/python3.8/site-packages/airflow/example_dags/example_params_ui_tutorial.py
[2024-06-12T18:25:21.227+0000] {processor.py:830} INFO - Processing file /home/airflow/.local/lib/python3.8/site-packages/airflow/example_dags/example_params_ui_tutorial.py for tasks to queue
[2024-06-12T18:25:21.230+0000] {logging_mixin.py:188} INFO - [2024-06-12T18:25:21.229+0000] {dagbag.py:538} INFO - Filling up the DagBag from /home/airflow/.local/lib/python3.8/site-packages/airflow/example_dags/example_params_ui_tutorial.py
[2024-06-12T18:25:21.245+0000] {processor.py:840} INFO - DAG(s) 'example_params_ui_tutorial' retrieved from /home/airflow/.local/lib/python3.8/site-packages/airflow/example_dags/example_params_ui_tutorial.py
[2024-06-12T18:25:21.350+0000] {logging_mixin.py:188} INFO - [2024-06-12T18:25:21.350+0000] {dag.py:3036} INFO - Sync 1 DAGs
[2024-06-12T18:25:21.377+0000] {logging_mixin.py:188} INFO - [2024-06-12T18:25:21.377+0000] {dag.py:3823} INFO - Setting next_dagrun for example_params_ui_tutorial to None, run_after=None
[2024-06-12T18:25:21.412+0000] {processor.py:183} INFO - Processing /home/airflow/.local/lib/python3.8/site-packages/airflow/example_dags/example_params_ui_tutorial.py took 0.190 seconds
[2024-06-12T18:26:56.344+0000] {processor.py:161} INFO - Started process (PID=42) to work on /home/airflow/.local/lib/python3.8/site-packages/airflow/example_dags/example_params_ui_tutorial.py
[2024-06-12T18:26:56.346+0000] {processor.py:830} INFO - Processing file /home/airflow/.local/lib/python3.8/site-packages/airflow/example_dags/example_params_ui_tutorial.py for tasks to queue
[2024-06-12T18:26:56.349+0000] {logging_mixin.py:188} INFO - [2024-06-12T18:26:56.348+0000] {dagbag.py:538} INFO - Filling up the DagBag from /home/airflow/.local/lib/python3.8/site-packages/airflow/example_dags/example_params_ui_tutorial.py
[2024-06-12T18:26:56.374+0000] {processor.py:840} INFO - DAG(s) 'example_params_ui_tutorial' retrieved from /home/airflow/.local/lib/python3.8/site-packages/airflow/example_dags/example_params_ui_tutorial.py
[2024-06-12T18:26:56.509+0000] {logging_mixin.py:188} INFO - [2024-06-12T18:26:56.509+0000] {dag.py:3036} INFO - Sync 1 DAGs
[2024-06-12T18:26:56.636+0000] {logging_mixin.py:188} INFO - [2024-06-12T18:26:56.636+0000] {dag.py:3823} INFO - Setting next_dagrun for example_params_ui_tutorial to None, run_after=None
[2024-06-12T18:26:56.681+0000] {processor.py:183} INFO - Processing /home/airflow/.local/lib/python3.8/site-packages/airflow/example_dags/example_params_ui_tutorial.py took 0.345 seconds
[2024-06-12T18:27:26.817+0000] {processor.py:161} INFO - Started process (PID=98) to work on /home/airflow/.local/lib/python3.8/site-packages/airflow/example_dags/example_params_ui_tutorial.py
[2024-06-12T18:27:26.818+0000] {processor.py:830} INFO - Processing file /home/airflow/.local/lib/python3.8/site-packages/airflow/example_dags/example_params_ui_tutorial.py for tasks to queue
[2024-06-12T18:27:26.820+0000] {logging_mixin.py:188} INFO - [2024-06-12T18:27:26.820+0000] {dagbag.py:538} INFO - Filling up the DagBag from /home/airflow/.local/lib/python3.8/site-packages/airflow/example_dags/example_params_ui_tutorial.py
[2024-06-12T18:27:26.837+0000] {processor.py:840} INFO - DAG(s) 'example_params_ui_tutorial' retrieved from /home/airflow/.local/lib/python3.8/site-packages/airflow/example_dags/example_params_ui_tutorial.py
[2024-06-12T18:27:26.858+0000] {logging_mixin.py:188} INFO - [2024-06-12T18:27:26.857+0000] {dag.py:3036} INFO - Sync 1 DAGs
[2024-06-12T18:27:26.882+0000] {logging_mixin.py:188} INFO - [2024-06-12T18:27:26.882+0000] {dag.py:3823} INFO - Setting next_dagrun for example_params_ui_tutorial to None, run_after=None
[2024-06-12T18:27:26.915+0000] {processor.py:183} INFO - Processing /home/airflow/.local/lib/python3.8/site-packages/airflow/example_dags/example_params_ui_tutorial.py took 0.103 seconds
[2024-06-12T18:27:57.535+0000] {processor.py:161} INFO - Started process (PID=154) to work on /home/airflow/.local/lib/python3.8/site-packages/airflow/example_dags/example_params_ui_tutorial.py
[2024-06-12T18:27:57.537+0000] {processor.py:830} INFO - Processing file /home/airflow/.local/lib/python3.8/site-packages/airflow/example_dags/example_params_ui_tutorial.py for tasks to queue
[2024-06-12T18:27:57.540+0000] {logging_mixin.py:188} INFO - [2024-06-12T18:27:57.539+0000] {dagbag.py:538} INFO - Filling up the DagBag from /home/airflow/.local/lib/python3.8/site-packages/airflow/example_dags/example_params_ui_tutorial.py
[2024-06-12T18:27:57.556+0000] {processor.py:840} INFO - DAG(s) 'example_params_ui_tutorial' retrieved from /home/airflow/.local/lib/python3.8/site-packages/airflow/example_dags/example_params_ui_tutorial.py
[2024-06-12T18:27:57.780+0000] {logging_mixin.py:188} INFO - [2024-06-12T18:27:57.780+0000] {dag.py:3036} INFO - Sync 1 DAGs
[2024-06-12T18:27:57.796+0000] {logging_mixin.py:188} INFO - [2024-06-12T18:27:57.795+0000] {dag.py:3823} INFO - Setting next_dagrun for example_params_ui_tutorial to None, run_after=None
[2024-06-12T18:27:57.830+0000] {processor.py:183} INFO - Processing /home/airflow/.local/lib/python3.8/site-packages/airflow/example_dags/example_params_ui_tutorial.py took 0.300 seconds
[2024-06-12T18:28:27.992+0000] {processor.py:161} INFO - Started process (PID=211) to work on /home/airflow/.local/lib/python3.8/site-packages/airflow/example_dags/example_params_ui_tutorial.py
[2024-06-12T18:28:27.993+0000] {processor.py:830} INFO - Processing file /home/airflow/.local/lib/python3.8/site-packages/airflow/example_dags/example_params_ui_tutorial.py for tasks to queue
[2024-06-12T18:28:27.995+0000] {logging_mixin.py:188} INFO - [2024-06-12T18:28:27.995+0000] {dagbag.py:538} INFO - Filling up the DagBag from /home/airflow/.local/lib/python3.8/site-packages/airflow/example_dags/example_params_ui_tutorial.py
[2024-06-12T18:28:28.015+0000] {processor.py:840} INFO - DAG(s) 'example_params_ui_tutorial' retrieved from /home/airflow/.local/lib/python3.8/site-packages/airflow/example_dags/example_params_ui_tutorial.py
[2024-06-12T18:28:28.131+0000] {logging_mixin.py:188} INFO - [2024-06-12T18:28:28.130+0000] {dag.py:3036} INFO - Sync 1 DAGs
[2024-06-12T18:28:28.148+0000] {logging_mixin.py:188} INFO - [2024-06-12T18:28:28.147+0000] {dag.py:3823} INFO - Setting next_dagrun for example_params_ui_tutorial to None, run_after=None
[2024-06-12T18:28:28.180+0000] {processor.py:183} INFO - Processing /home/airflow/.local/lib/python3.8/site-packages/airflow/example_dags/example_params_ui_tutorial.py took 0.192 seconds
[2024-06-12T18:28:58.537+0000] {processor.py:161} INFO - Started process (PID=268) to work on /home/airflow/.local/lib/python3.8/site-packages/airflow/example_dags/example_params_ui_tutorial.py
[2024-06-12T18:28:58.538+0000] {processor.py:830} INFO - Processing file /home/airflow/.local/lib/python3.8/site-packages/airflow/example_dags/example_params_ui_tutorial.py for tasks to queue
[2024-06-12T18:28:58.541+0000] {logging_mixin.py:188} INFO - [2024-06-12T18:28:58.540+0000] {dagbag.py:538} INFO - Filling up the DagBag from /home/airflow/.local/lib/python3.8/site-packages/airflow/example_dags/example_params_ui_tutorial.py
[2024-06-12T18:28:58.553+0000] {processor.py:840} INFO - DAG(s) 'example_params_ui_tutorial' retrieved from /home/airflow/.local/lib/python3.8/site-packages/airflow/example_dags/example_params_ui_tutorial.py
[2024-06-12T18:28:58.665+0000] {logging_mixin.py:188} INFO - [2024-06-12T18:28:58.665+0000] {dag.py:3036} INFO - Sync 1 DAGs
[2024-06-12T18:28:58.681+0000] {logging_mixin.py:188} INFO - [2024-06-12T18:28:58.681+0000] {dag.py:3823} INFO - Setting next_dagrun for example_params_ui_tutorial to None, run_after=None
[2024-06-12T18:28:58.708+0000] {processor.py:183} INFO - Processing /home/airflow/.local/lib/python3.8/site-packages/airflow/example_dags/example_params_ui_tutorial.py took 0.173 seconds
[2024-06-12T18:29:29.041+0000] {processor.py:161} INFO - Started process (PID=325) to work on /home/airflow/.local/lib/python3.8/site-packages/airflow/example_dags/example_params_ui_tutorial.py
[2024-06-12T18:29:29.043+0000] {processor.py:830} INFO - Processing file /home/airflow/.local/lib/python3.8/site-packages/airflow/example_dags/example_params_ui_tutorial.py for tasks to queue
[2024-06-12T18:29:29.047+0000] {logging_mixin.py:188} INFO - [2024-06-12T18:29:29.046+0000] {dagbag.py:538} INFO - Filling up the DagBag from /home/airflow/.local/lib/python3.8/site-packages/airflow/example_dags/example_params_ui_tutorial.py
[2024-06-12T18:29:29.068+0000] {processor.py:840} INFO - DAG(s) 'example_params_ui_tutorial' retrieved from /home/airflow/.local/lib/python3.8/site-packages/airflow/example_dags/example_params_ui_tutorial.py
[2024-06-12T18:29:29.217+0000] {logging_mixin.py:188} INFO - [2024-06-12T18:29:29.217+0000] {dag.py:3036} INFO - Sync 1 DAGs
[2024-06-12T18:29:29.244+0000] {logging_mixin.py:188} INFO - [2024-06-12T18:29:29.243+0000] {dag.py:3823} INFO - Setting next_dagrun for example_params_ui_tutorial to None, run_after=None
[2024-06-12T18:29:29.279+0000] {processor.py:183} INFO - Processing /home/airflow/.local/lib/python3.8/site-packages/airflow/example_dags/example_params_ui_tutorial.py took 0.244 seconds
[2024-06-12T18:29:59.483+0000] {processor.py:161} INFO - Started process (PID=381) to work on /home/airflow/.local/lib/python3.8/site-packages/airflow/example_dags/example_params_ui_tutorial.py
[2024-06-12T18:29:59.484+0000] {processor.py:830} INFO - Processing file /home/airflow/.local/lib/python3.8/site-packages/airflow/example_dags/example_params_ui_tutorial.py for tasks to queue
[2024-06-12T18:29:59.487+0000] {logging_mixin.py:188} INFO - [2024-06-12T18:29:59.486+0000] {dagbag.py:538} INFO - Filling up the DagBag from /home/airflow/.local/lib/python3.8/site-packages/airflow/example_dags/example_params_ui_tutorial.py
[2024-06-12T18:29:59.504+0000] {processor.py:840} INFO - DAG(s) 'example_params_ui_tutorial' retrieved from /home/airflow/.local/lib/python3.8/site-packages/airflow/example_dags/example_params_ui_tutorial.py
[2024-06-12T18:29:59.654+0000] {logging_mixin.py:188} INFO - [2024-06-12T18:29:59.654+0000] {dag.py:3036} INFO - Sync 1 DAGs
[2024-06-12T18:29:59.676+0000] {logging_mixin.py:188} INFO - [2024-06-12T18:29:59.675+0000] {dag.py:3823} INFO - Setting next_dagrun for example_params_ui_tutorial to None, run_after=None
[2024-06-12T18:29:59.702+0000] {processor.py:183} INFO - Processing /home/airflow/.local/lib/python3.8/site-packages/airflow/example_dags/example_params_ui_tutorial.py took 0.223 seconds
[2024-06-12T18:30:29.913+0000] {processor.py:161} INFO - Started process (PID=438) to work on /home/airflow/.local/lib/python3.8/site-packages/airflow/example_dags/example_params_ui_tutorial.py
[2024-06-12T18:30:29.914+0000] {processor.py:830} INFO - Processing file /home/airflow/.local/lib/python3.8/site-packages/airflow/example_dags/example_params_ui_tutorial.py for tasks to queue
[2024-06-12T18:30:29.916+0000] {logging_mixin.py:188} INFO - [2024-06-12T18:30:29.916+0000] {dagbag.py:538} INFO - Filling up the DagBag from /home/airflow/.local/lib/python3.8/site-packages/airflow/example_dags/example_params_ui_tutorial.py
[2024-06-12T18:30:29.928+0000] {processor.py:840} INFO - DAG(s) 'example_params_ui_tutorial' retrieved from /home/airflow/.local/lib/python3.8/site-packages/airflow/example_dags/example_params_ui_tutorial.py
[2024-06-12T18:30:30.025+0000] {logging_mixin.py:188} INFO - [2024-06-12T18:30:30.025+0000] {dag.py:3036} INFO - Sync 1 DAGs
[2024-06-12T18:30:30.040+0000] {logging_mixin.py:188} INFO - [2024-06-12T18:30:30.040+0000] {dag.py:3823} INFO - Setting next_dagrun for example_params_ui_tutorial to None, run_after=None
[2024-06-12T18:30:30.064+0000] {processor.py:183} INFO - Processing /home/airflow/.local/lib/python3.8/site-packages/airflow/example_dags/example_params_ui_tutorial.py took 0.154 seconds
[2024-06-12T18:31:00.722+0000] {processor.py:161} INFO - Started process (PID=496) to work on /home/airflow/.local/lib/python3.8/site-packages/airflow/example_dags/example_params_ui_tutorial.py
[2024-06-12T18:31:00.724+0000] {processor.py:830} INFO - Processing file /home/airflow/.local/lib/python3.8/site-packages/airflow/example_dags/example_params_ui_tutorial.py for tasks to queue
[2024-06-12T18:31:00.727+0000] {logging_mixin.py:188} INFO - [2024-06-12T18:31:00.726+0000] {dagbag.py:538} INFO - Filling up the DagBag from /home/airflow/.local/lib/python3.8/site-packages/airflow/example_dags/example_params_ui_tutorial.py
[2024-06-12T18:31:00.750+0000] {processor.py:840} INFO - DAG(s) 'example_params_ui_tutorial' retrieved from /home/airflow/.local/lib/python3.8/site-packages/airflow/example_dags/example_params_ui_tutorial.py
[2024-06-12T18:31:00.850+0000] {logging_mixin.py:188} INFO - [2024-06-12T18:31:00.849+0000] {dag.py:3036} INFO - Sync 1 DAGs
[2024-06-12T18:31:00.869+0000] {logging_mixin.py:188} INFO - [2024-06-12T18:31:00.869+0000] {dag.py:3823} INFO - Setting next_dagrun for example_params_ui_tutorial to None, run_after=None
[2024-06-12T18:31:00.904+0000] {processor.py:183} INFO - Processing /home/airflow/.local/lib/python3.8/site-packages/airflow/example_dags/example_params_ui_tutorial.py took 0.187 seconds
[2024-06-12T18:31:31.035+0000] {processor.py:161} INFO - Started process (PID=552) to work on /home/airflow/.local/lib/python3.8/site-packages/airflow/example_dags/example_params_ui_tutorial.py
[2024-06-12T18:31:31.037+0000] {processor.py:830} INFO - Processing file /home/airflow/.local/lib/python3.8/site-packages/airflow/example_dags/example_params_ui_tutorial.py for tasks to queue
[2024-06-12T18:31:31.039+0000] {logging_mixin.py:188} INFO - [2024-06-12T18:31:31.039+0000] {dagbag.py:538} INFO - Filling up the DagBag from /home/airflow/.local/lib/python3.8/site-packages/airflow/example_dags/example_params_ui_tutorial.py
[2024-06-12T18:31:31.054+0000] {processor.py:840} INFO - DAG(s) 'example_params_ui_tutorial' retrieved from /home/airflow/.local/lib/python3.8/site-packages/airflow/example_dags/example_params_ui_tutorial.py
[2024-06-12T18:31:31.154+0000] {logging_mixin.py:188} INFO - [2024-06-12T18:31:31.153+0000] {dag.py:3036} INFO - Sync 1 DAGs
[2024-06-12T18:31:31.172+0000] {logging_mixin.py:188} INFO - [2024-06-12T18:31:31.172+0000] {dag.py:3823} INFO - Setting next_dagrun for example_params_ui_tutorial to None, run_after=None
[2024-06-12T18:31:31.208+0000] {processor.py:183} INFO - Processing /home/airflow/.local/lib/python3.8/site-packages/airflow/example_dags/example_params_ui_tutorial.py took 0.177 seconds
[2024-06-12T18:32:01.587+0000] {processor.py:161} INFO - Started process (PID=609) to work on /home/airflow/.local/lib/python3.8/site-packages/airflow/example_dags/example_params_ui_tutorial.py
[2024-06-12T18:32:01.590+0000] {processor.py:830} INFO - Processing file /home/airflow/.local/lib/python3.8/site-packages/airflow/example_dags/example_params_ui_tutorial.py for tasks to queue
[2024-06-12T18:32:01.593+0000] {logging_mixin.py:188} INFO - [2024-06-12T18:32:01.592+0000] {dagbag.py:538} INFO - Filling up the DagBag from /home/airflow/.local/lib/python3.8/site-packages/airflow/example_dags/example_params_ui_tutorial.py
[2024-06-12T18:32:01.611+0000] {processor.py:840} INFO - DAG(s) 'example_params_ui_tutorial' retrieved from /home/airflow/.local/lib/python3.8/site-packages/airflow/example_dags/example_params_ui_tutorial.py
[2024-06-12T18:32:01.712+0000] {logging_mixin.py:188} INFO - [2024-06-12T18:32:01.712+0000] {dag.py:3036} INFO - Sync 1 DAGs
[2024-06-12T18:32:01.730+0000] {logging_mixin.py:188} INFO - [2024-06-12T18:32:01.730+0000] {dag.py:3823} INFO - Setting next_dagrun for example_params_ui_tutorial to None, run_after=None
[2024-06-12T18:32:01.760+0000] {processor.py:183} INFO - Processing /home/airflow/.local/lib/python3.8/site-packages/airflow/example_dags/example_params_ui_tutorial.py took 0.178 seconds
[2024-06-12T18:32:31.882+0000] {processor.py:161} INFO - Started process (PID=666) to work on /home/airflow/.local/lib/python3.8/site-packages/airflow/example_dags/example_params_ui_tutorial.py
[2024-06-12T18:32:31.883+0000] {processor.py:830} INFO - Processing file /home/airflow/.local/lib/python3.8/site-packages/airflow/example_dags/example_params_ui_tutorial.py for tasks to queue
[2024-06-12T18:32:31.886+0000] {logging_mixin.py:188} INFO - [2024-06-12T18:32:31.885+0000] {dagbag.py:538} INFO - Filling up the DagBag from /home/airflow/.local/lib/python3.8/site-packages/airflow/example_dags/example_params_ui_tutorial.py
[2024-06-12T18:32:31.905+0000] {processor.py:840} INFO - DAG(s) 'example_params_ui_tutorial' retrieved from /home/airflow/.local/lib/python3.8/site-packages/airflow/example_dags/example_params_ui_tutorial.py
[2024-06-12T18:32:32.016+0000] {logging_mixin.py:188} INFO - [2024-06-12T18:32:32.016+0000] {dag.py:3036} INFO - Sync 1 DAGs
[2024-06-12T18:32:32.037+0000] {logging_mixin.py:188} INFO - [2024-06-12T18:32:32.036+0000] {dag.py:3823} INFO - Setting next_dagrun for example_params_ui_tutorial to None, run_after=None
[2024-06-12T18:32:32.067+0000] {processor.py:183} INFO - Processing /home/airflow/.local/lib/python3.8/site-packages/airflow/example_dags/example_params_ui_tutorial.py took 0.190 seconds
[2024-06-12T18:33:02.748+0000] {processor.py:161} INFO - Started process (PID=725) to work on /home/airflow/.local/lib/python3.8/site-packages/airflow/example_dags/example_params_ui_tutorial.py
[2024-06-12T18:33:02.751+0000] {processor.py:830} INFO - Processing file /home/airflow/.local/lib/python3.8/site-packages/airflow/example_dags/example_params_ui_tutorial.py for tasks to queue
[2024-06-12T18:33:02.755+0000] {logging_mixin.py:188} INFO - [2024-06-12T18:33:02.754+0000] {dagbag.py:538} INFO - Filling up the DagBag from /home/airflow/.local/lib/python3.8/site-packages/airflow/example_dags/example_params_ui_tutorial.py
[2024-06-12T18:33:02.773+0000] {processor.py:840} INFO - DAG(s) 'example_params_ui_tutorial' retrieved from /home/airflow/.local/lib/python3.8/site-packages/airflow/example_dags/example_params_ui_tutorial.py
[2024-06-12T18:33:02.892+0000] {logging_mixin.py:188} INFO - [2024-06-12T18:33:02.891+0000] {dag.py:3036} INFO - Sync 1 DAGs
[2024-06-12T18:33:02.918+0000] {logging_mixin.py:188} INFO - [2024-06-12T18:33:02.917+0000] {dag.py:3823} INFO - Setting next_dagrun for example_params_ui_tutorial to None, run_after=None
[2024-06-12T18:33:02.969+0000] {processor.py:183} INFO - Processing /home/airflow/.local/lib/python3.8/site-packages/airflow/example_dags/example_params_ui_tutorial.py took 0.227 seconds
[2024-06-12T18:33:33.440+0000] {processor.py:161} INFO - Started process (PID=783) to work on /home/airflow/.local/lib/python3.8/site-packages/airflow/example_dags/example_params_ui_tutorial.py
[2024-06-12T18:33:33.442+0000] {processor.py:830} INFO - Processing file /home/airflow/.local/lib/python3.8/site-packages/airflow/example_dags/example_params_ui_tutorial.py for tasks to queue
[2024-06-12T18:33:33.444+0000] {logging_mixin.py:188} INFO - [2024-06-12T18:33:33.443+0000] {dagbag.py:538} INFO - Filling up the DagBag from /home/airflow/.local/lib/python3.8/site-packages/airflow/example_dags/example_params_ui_tutorial.py
[2024-06-12T18:33:33.459+0000] {processor.py:840} INFO - DAG(s) 'example_params_ui_tutorial' retrieved from /home/airflow/.local/lib/python3.8/site-packages/airflow/example_dags/example_params_ui_tutorial.py
[2024-06-12T18:33:33.537+0000] {logging_mixin.py:188} INFO - [2024-06-12T18:33:33.536+0000] {dag.py:3036} INFO - Sync 1 DAGs
[2024-06-12T18:33:33.549+0000] {logging_mixin.py:188} INFO - [2024-06-12T18:33:33.549+0000] {dag.py:3823} INFO - Setting next_dagrun for example_params_ui_tutorial to None, run_after=None
[2024-06-12T18:33:33.572+0000] {processor.py:183} INFO - Processing /home/airflow/.local/lib/python3.8/site-packages/airflow/example_dags/example_params_ui_tutorial.py took 0.135 seconds
[2024-06-12T18:34:04.177+0000] {processor.py:161} INFO - Started process (PID=840) to work on /home/airflow/.local/lib/python3.8/site-packages/airflow/example_dags/example_params_ui_tutorial.py
[2024-06-12T18:34:04.178+0000] {processor.py:830} INFO - Processing file /home/airflow/.local/lib/python3.8/site-packages/airflow/example_dags/example_params_ui_tutorial.py for tasks to queue
[2024-06-12T18:34:04.183+0000] {logging_mixin.py:188} INFO - [2024-06-12T18:34:04.182+0000] {dagbag.py:538} INFO - Filling up the DagBag from /home/airflow/.local/lib/python3.8/site-packages/airflow/example_dags/example_params_ui_tutorial.py
[2024-06-12T18:34:04.197+0000] {processor.py:840} INFO - DAG(s) 'example_params_ui_tutorial' retrieved from /home/airflow/.local/lib/python3.8/site-packages/airflow/example_dags/example_params_ui_tutorial.py
[2024-06-12T18:34:04.276+0000] {logging_mixin.py:188} INFO - [2024-06-12T18:34:04.275+0000] {dag.py:3036} INFO - Sync 1 DAGs
[2024-06-12T18:34:04.288+0000] {logging_mixin.py:188} INFO - [2024-06-12T18:34:04.288+0000] {dag.py:3823} INFO - Setting next_dagrun for example_params_ui_tutorial to None, run_after=None
[2024-06-12T18:34:04.313+0000] {processor.py:183} INFO - Processing /home/airflow/.local/lib/python3.8/site-packages/airflow/example_dags/example_params_ui_tutorial.py took 0.139 seconds
[2024-06-12T18:34:34.885+0000] {processor.py:161} INFO - Started process (PID=897) to work on /home/airflow/.local/lib/python3.8/site-packages/airflow/example_dags/example_params_ui_tutorial.py
[2024-06-12T18:34:34.886+0000] {processor.py:830} INFO - Processing file /home/airflow/.local/lib/python3.8/site-packages/airflow/example_dags/example_params_ui_tutorial.py for tasks to queue
[2024-06-12T18:34:34.888+0000] {logging_mixin.py:188} INFO - [2024-06-12T18:34:34.888+0000] {dagbag.py:538} INFO - Filling up the DagBag from /home/airflow/.local/lib/python3.8/site-packages/airflow/example_dags/example_params_ui_tutorial.py
[2024-06-12T18:34:34.906+0000] {processor.py:840} INFO - DAG(s) 'example_params_ui_tutorial' retrieved from /home/airflow/.local/lib/python3.8/site-packages/airflow/example_dags/example_params_ui_tutorial.py
[2024-06-12T18:34:35.011+0000] {logging_mixin.py:188} INFO - [2024-06-12T18:34:35.010+0000] {dag.py:3036} INFO - Sync 1 DAGs
[2024-06-12T18:34:35.033+0000] {logging_mixin.py:188} INFO - [2024-06-12T18:34:35.033+0000] {dag.py:3823} INFO - Setting next_dagrun for example_params_ui_tutorial to None, run_after=None
[2024-06-12T18:34:35.062+0000] {processor.py:183} INFO - Processing /home/airflow/.local/lib/python3.8/site-packages/airflow/example_dags/example_params_ui_tutorial.py took 0.182 seconds
[2024-06-12T18:35:05.205+0000] {processor.py:161} INFO - Started process (PID=953) to work on /home/airflow/.local/lib/python3.8/site-packages/airflow/example_dags/example_params_ui_tutorial.py
[2024-06-12T18:35:05.206+0000] {processor.py:830} INFO - Processing file /home/airflow/.local/lib/python3.8/site-packages/airflow/example_dags/example_params_ui_tutorial.py for tasks to queue
[2024-06-12T18:35:05.208+0000] {logging_mixin.py:188} INFO - [2024-06-12T18:35:05.208+0000] {dagbag.py:538} INFO - Filling up the DagBag from /home/airflow/.local/lib/python3.8/site-packages/airflow/example_dags/example_params_ui_tutorial.py
[2024-06-12T18:35:05.225+0000] {processor.py:840} INFO - DAG(s) 'example_params_ui_tutorial' retrieved from /home/airflow/.local/lib/python3.8/site-packages/airflow/example_dags/example_params_ui_tutorial.py
[2024-06-12T18:35:05.319+0000] {logging_mixin.py:188} INFO - [2024-06-12T18:35:05.318+0000] {dag.py:3036} INFO - Sync 1 DAGs
[2024-06-12T18:35:05.338+0000] {logging_mixin.py:188} INFO - [2024-06-12T18:35:05.337+0000] {dag.py:3823} INFO - Setting next_dagrun for example_params_ui_tutorial to None, run_after=None
[2024-06-12T18:35:05.393+0000] {processor.py:183} INFO - Processing /home/airflow/.local/lib/python3.8/site-packages/airflow/example_dags/example_params_ui_tutorial.py took 0.192 seconds
[2024-06-12T18:35:35.736+0000] {processor.py:161} INFO - Started process (PID=1010) to work on /home/airflow/.local/lib/python3.8/site-packages/airflow/example_dags/example_params_ui_tutorial.py
[2024-06-12T18:35:35.738+0000] {processor.py:830} INFO - Processing file /home/airflow/.local/lib/python3.8/site-packages/airflow/example_dags/example_params_ui_tutorial.py for tasks to queue
[2024-06-12T18:35:35.740+0000] {logging_mixin.py:188} INFO - [2024-06-12T18:35:35.740+0000] {dagbag.py:538} INFO - Filling up the DagBag from /home/airflow/.local/lib/python3.8/site-packages/airflow/example_dags/example_params_ui_tutorial.py
[2024-06-12T18:35:35.759+0000] {processor.py:840} INFO - DAG(s) 'example_params_ui_tutorial' retrieved from /home/airflow/.local/lib/python3.8/site-packages/airflow/example_dags/example_params_ui_tutorial.py
[2024-06-12T18:35:35.851+0000] {logging_mixin.py:188} INFO - [2024-06-12T18:35:35.850+0000] {dag.py:3036} INFO - Sync 1 DAGs
[2024-06-12T18:35:35.879+0000] {logging_mixin.py:188} INFO - [2024-06-12T18:35:35.878+0000] {dag.py:3823} INFO - Setting next_dagrun for example_params_ui_tutorial to None, run_after=None
[2024-06-12T18:35:35.912+0000] {processor.py:183} INFO - Processing /home/airflow/.local/lib/python3.8/site-packages/airflow/example_dags/example_params_ui_tutorial.py took 0.180 seconds
