[2024-06-12T18:04:14.458+0000] {processor.py:161} INFO - Started process (PID=81) to work on /home/airflow/.local/lib/python3.8/site-packages/airflow/example_dags/example_sensor_decorator.py
[2024-06-12T18:04:14.464+0000] {processor.py:830} INFO - Processing file /home/airflow/.local/lib/python3.8/site-packages/airflow/example_dags/example_sensor_decorator.py for tasks to queue
[2024-06-12T18:04:14.469+0000] {logging_mixin.py:188} INFO - [2024-06-12T18:04:14.468+0000] {dagbag.py:538} INFO - Filling up the DagBag from /home/airflow/.local/lib/python3.8/site-packages/airflow/example_dags/example_sensor_decorator.py
[2024-06-12T18:04:14.489+0000] {processor.py:840} INFO - DAG(s) 'example_sensor_decorator' retrieved from /home/airflow/.local/lib/python3.8/site-packages/airflow/example_dags/example_sensor_decorator.py
[2024-06-12T18:04:14.548+0000] {logging_mixin.py:188} INFO - [2024-06-12T18:04:14.548+0000] {dag.py:3036} INFO - Sync 1 DAGs
[2024-06-12T18:04:14.574+0000] {logging_mixin.py:188} INFO - [2024-06-12T18:04:14.573+0000] {dag.py:3823} INFO - Setting next_dagrun for example_sensor_decorator to None, run_after=None
[2024-06-12T18:04:14.612+0000] {processor.py:183} INFO - Processing /home/airflow/.local/lib/python3.8/site-packages/airflow/example_dags/example_sensor_decorator.py took 0.159 seconds
[2024-06-12T18:05:47.604+0000] {processor.py:161} INFO - Started process (PID=162) to work on /home/airflow/.local/lib/python3.8/site-packages/airflow/example_dags/example_sensor_decorator.py
[2024-06-12T18:05:47.615+0000] {processor.py:830} INFO - Processing file /home/airflow/.local/lib/python3.8/site-packages/airflow/example_dags/example_sensor_decorator.py for tasks to queue
[2024-06-12T18:05:47.618+0000] {logging_mixin.py:188} INFO - [2024-06-12T18:05:47.617+0000] {dagbag.py:538} INFO - Filling up the DagBag from /home/airflow/.local/lib/python3.8/site-packages/airflow/example_dags/example_sensor_decorator.py
[2024-06-12T18:05:47.634+0000] {processor.py:840} INFO - DAG(s) 'example_sensor_decorator' retrieved from /home/airflow/.local/lib/python3.8/site-packages/airflow/example_dags/example_sensor_decorator.py
[2024-06-12T18:05:47.676+0000] {logging_mixin.py:188} INFO - [2024-06-12T18:05:47.676+0000] {dag.py:3036} INFO - Sync 1 DAGs
[2024-06-12T18:05:47.700+0000] {logging_mixin.py:188} INFO - [2024-06-12T18:05:47.700+0000] {dag.py:3823} INFO - Setting next_dagrun for example_sensor_decorator to None, run_after=None
[2024-06-12T18:05:47.736+0000] {processor.py:183} INFO - Processing /home/airflow/.local/lib/python3.8/site-packages/airflow/example_dags/example_sensor_decorator.py took 0.137 seconds
[2024-06-12T18:06:18.015+0000] {processor.py:161} INFO - Started process (PID=227) to work on /home/airflow/.local/lib/python3.8/site-packages/airflow/example_dags/example_sensor_decorator.py
[2024-06-12T18:06:18.018+0000] {processor.py:830} INFO - Processing file /home/airflow/.local/lib/python3.8/site-packages/airflow/example_dags/example_sensor_decorator.py for tasks to queue
[2024-06-12T18:06:18.022+0000] {logging_mixin.py:188} INFO - [2024-06-12T18:06:18.022+0000] {dagbag.py:538} INFO - Filling up the DagBag from /home/airflow/.local/lib/python3.8/site-packages/airflow/example_dags/example_sensor_decorator.py
[2024-06-12T18:06:18.036+0000] {processor.py:840} INFO - DAG(s) 'example_sensor_decorator' retrieved from /home/airflow/.local/lib/python3.8/site-packages/airflow/example_dags/example_sensor_decorator.py
[2024-06-12T18:06:18.065+0000] {logging_mixin.py:188} INFO - [2024-06-12T18:06:18.064+0000] {dag.py:3036} INFO - Sync 1 DAGs
[2024-06-12T18:06:18.099+0000] {logging_mixin.py:188} INFO - [2024-06-12T18:06:18.098+0000] {dag.py:3823} INFO - Setting next_dagrun for example_sensor_decorator to None, run_after=None
[2024-06-12T18:06:18.142+0000] {processor.py:183} INFO - Processing /home/airflow/.local/lib/python3.8/site-packages/airflow/example_dags/example_sensor_decorator.py took 0.133 seconds
[2024-06-12T18:06:50.495+0000] {processor.py:161} INFO - Started process (PID=286) to work on /home/airflow/.local/lib/python3.8/site-packages/airflow/example_dags/example_sensor_decorator.py
[2024-06-12T18:06:50.496+0000] {processor.py:830} INFO - Processing file /home/airflow/.local/lib/python3.8/site-packages/airflow/example_dags/example_sensor_decorator.py for tasks to queue
[2024-06-12T18:06:50.497+0000] {logging_mixin.py:188} INFO - [2024-06-12T18:06:50.497+0000] {dagbag.py:538} INFO - Filling up the DagBag from /home/airflow/.local/lib/python3.8/site-packages/airflow/example_dags/example_sensor_decorator.py
[2024-06-12T18:06:50.505+0000] {processor.py:840} INFO - DAG(s) 'example_sensor_decorator' retrieved from /home/airflow/.local/lib/python3.8/site-packages/airflow/example_dags/example_sensor_decorator.py
[2024-06-12T18:06:50.645+0000] {logging_mixin.py:188} INFO - [2024-06-12T18:06:50.645+0000] {dag.py:3036} INFO - Sync 1 DAGs
[2024-06-12T18:06:50.658+0000] {logging_mixin.py:188} INFO - [2024-06-12T18:06:50.658+0000] {dag.py:3823} INFO - Setting next_dagrun for example_sensor_decorator to None, run_after=None
[2024-06-12T18:06:50.686+0000] {processor.py:183} INFO - Processing /home/airflow/.local/lib/python3.8/site-packages/airflow/example_dags/example_sensor_decorator.py took 0.194 seconds
[2024-06-12T18:07:20.742+0000] {processor.py:161} INFO - Started process (PID=351) to work on /home/airflow/.local/lib/python3.8/site-packages/airflow/example_dags/example_sensor_decorator.py
[2024-06-12T18:07:20.743+0000] {processor.py:830} INFO - Processing file /home/airflow/.local/lib/python3.8/site-packages/airflow/example_dags/example_sensor_decorator.py for tasks to queue
[2024-06-12T18:07:20.744+0000] {logging_mixin.py:188} INFO - [2024-06-12T18:07:20.744+0000] {dagbag.py:538} INFO - Filling up the DagBag from /home/airflow/.local/lib/python3.8/site-packages/airflow/example_dags/example_sensor_decorator.py
[2024-06-12T18:07:20.752+0000] {processor.py:840} INFO - DAG(s) 'example_sensor_decorator' retrieved from /home/airflow/.local/lib/python3.8/site-packages/airflow/example_dags/example_sensor_decorator.py
[2024-06-12T18:07:20.781+0000] {logging_mixin.py:188} INFO - [2024-06-12T18:07:20.781+0000] {dag.py:3036} INFO - Sync 1 DAGs
[2024-06-12T18:07:20.801+0000] {logging_mixin.py:188} INFO - [2024-06-12T18:07:20.801+0000] {dag.py:3823} INFO - Setting next_dagrun for example_sensor_decorator to None, run_after=None
[2024-06-12T18:07:20.829+0000] {processor.py:183} INFO - Processing /home/airflow/.local/lib/python3.8/site-packages/airflow/example_dags/example_sensor_decorator.py took 0.090 seconds
[2024-06-12T18:08:01.954+0000] {processor.py:161} INFO - Started process (PID=430) to work on /home/airflow/.local/lib/python3.8/site-packages/airflow/example_dags/example_sensor_decorator.py
[2024-06-12T18:08:01.955+0000] {processor.py:830} INFO - Processing file /home/airflow/.local/lib/python3.8/site-packages/airflow/example_dags/example_sensor_decorator.py for tasks to queue
[2024-06-12T18:08:01.957+0000] {logging_mixin.py:188} INFO - [2024-06-12T18:08:01.956+0000] {dagbag.py:538} INFO - Filling up the DagBag from /home/airflow/.local/lib/python3.8/site-packages/airflow/example_dags/example_sensor_decorator.py
[2024-06-12T18:08:01.968+0000] {processor.py:840} INFO - DAG(s) 'example_sensor_decorator' retrieved from /home/airflow/.local/lib/python3.8/site-packages/airflow/example_dags/example_sensor_decorator.py
[2024-06-12T18:08:02.012+0000] {logging_mixin.py:188} INFO - [2024-06-12T18:08:02.011+0000] {dag.py:3036} INFO - Sync 1 DAGs
[2024-06-12T18:08:02.038+0000] {logging_mixin.py:188} INFO - [2024-06-12T18:08:02.038+0000] {dag.py:3823} INFO - Setting next_dagrun for example_sensor_decorator to None, run_after=None
[2024-06-12T18:08:02.077+0000] {processor.py:183} INFO - Processing /home/airflow/.local/lib/python3.8/site-packages/airflow/example_dags/example_sensor_decorator.py took 0.128 seconds
[2024-06-12T18:08:39.676+0000] {processor.py:161} INFO - Started process (PID=501) to work on /home/airflow/.local/lib/python3.8/site-packages/airflow/example_dags/example_sensor_decorator.py
[2024-06-12T18:08:39.677+0000] {processor.py:830} INFO - Processing file /home/airflow/.local/lib/python3.8/site-packages/airflow/example_dags/example_sensor_decorator.py for tasks to queue
[2024-06-12T18:08:39.678+0000] {logging_mixin.py:188} INFO - [2024-06-12T18:08:39.678+0000] {dagbag.py:538} INFO - Filling up the DagBag from /home/airflow/.local/lib/python3.8/site-packages/airflow/example_dags/example_sensor_decorator.py
[2024-06-12T18:08:39.688+0000] {processor.py:840} INFO - DAG(s) 'example_sensor_decorator' retrieved from /home/airflow/.local/lib/python3.8/site-packages/airflow/example_dags/example_sensor_decorator.py
[2024-06-12T18:08:39.717+0000] {logging_mixin.py:188} INFO - [2024-06-12T18:08:39.717+0000] {dag.py:3036} INFO - Sync 1 DAGs
[2024-06-12T18:08:39.737+0000] {logging_mixin.py:188} INFO - [2024-06-12T18:08:39.737+0000] {dag.py:3823} INFO - Setting next_dagrun for example_sensor_decorator to None, run_after=None
[2024-06-12T18:08:39.769+0000] {processor.py:183} INFO - Processing /home/airflow/.local/lib/python3.8/site-packages/airflow/example_dags/example_sensor_decorator.py took 0.098 seconds
[2024-06-12T18:09:10.090+0000] {processor.py:161} INFO - Started process (PID=561) to work on /home/airflow/.local/lib/python3.8/site-packages/airflow/example_dags/example_sensor_decorator.py
[2024-06-12T18:09:10.091+0000] {processor.py:830} INFO - Processing file /home/airflow/.local/lib/python3.8/site-packages/airflow/example_dags/example_sensor_decorator.py for tasks to queue
[2024-06-12T18:09:10.092+0000] {logging_mixin.py:188} INFO - [2024-06-12T18:09:10.092+0000] {dagbag.py:538} INFO - Filling up the DagBag from /home/airflow/.local/lib/python3.8/site-packages/airflow/example_dags/example_sensor_decorator.py
[2024-06-12T18:09:10.098+0000] {processor.py:840} INFO - DAG(s) 'example_sensor_decorator' retrieved from /home/airflow/.local/lib/python3.8/site-packages/airflow/example_dags/example_sensor_decorator.py
[2024-06-12T18:09:10.109+0000] {logging_mixin.py:188} INFO - [2024-06-12T18:09:10.108+0000] {dag.py:3036} INFO - Sync 1 DAGs
[2024-06-12T18:09:10.122+0000] {logging_mixin.py:188} INFO - [2024-06-12T18:09:10.122+0000] {dag.py:3823} INFO - Setting next_dagrun for example_sensor_decorator to None, run_after=None
[2024-06-12T18:09:10.144+0000] {processor.py:183} INFO - Processing /home/airflow/.local/lib/python3.8/site-packages/airflow/example_dags/example_sensor_decorator.py took 0.057 seconds
[2024-06-12T18:09:42.335+0000] {processor.py:161} INFO - Started process (PID=618) to work on /home/airflow/.local/lib/python3.8/site-packages/airflow/example_dags/example_sensor_decorator.py
[2024-06-12T18:09:42.336+0000] {processor.py:830} INFO - Processing file /home/airflow/.local/lib/python3.8/site-packages/airflow/example_dags/example_sensor_decorator.py for tasks to queue
[2024-06-12T18:09:42.337+0000] {logging_mixin.py:188} INFO - [2024-06-12T18:09:42.337+0000] {dagbag.py:538} INFO - Filling up the DagBag from /home/airflow/.local/lib/python3.8/site-packages/airflow/example_dags/example_sensor_decorator.py
[2024-06-12T18:09:42.343+0000] {processor.py:840} INFO - DAG(s) 'example_sensor_decorator' retrieved from /home/airflow/.local/lib/python3.8/site-packages/airflow/example_dags/example_sensor_decorator.py
[2024-06-12T18:09:42.458+0000] {logging_mixin.py:188} INFO - [2024-06-12T18:09:42.458+0000] {dag.py:3036} INFO - Sync 1 DAGs
[2024-06-12T18:09:42.471+0000] {logging_mixin.py:188} INFO - [2024-06-12T18:09:42.470+0000] {dag.py:3823} INFO - Setting next_dagrun for example_sensor_decorator to None, run_after=None
[2024-06-12T18:09:42.496+0000] {processor.py:183} INFO - Processing /home/airflow/.local/lib/python3.8/site-packages/airflow/example_dags/example_sensor_decorator.py took 0.165 seconds
[2024-06-12T18:10:12.558+0000] {processor.py:161} INFO - Started process (PID=677) to work on /home/airflow/.local/lib/python3.8/site-packages/airflow/example_dags/example_sensor_decorator.py
[2024-06-12T18:10:12.559+0000] {processor.py:830} INFO - Processing file /home/airflow/.local/lib/python3.8/site-packages/airflow/example_dags/example_sensor_decorator.py for tasks to queue
[2024-06-12T18:10:12.560+0000] {logging_mixin.py:188} INFO - [2024-06-12T18:10:12.560+0000] {dagbag.py:538} INFO - Filling up the DagBag from /home/airflow/.local/lib/python3.8/site-packages/airflow/example_dags/example_sensor_decorator.py
[2024-06-12T18:10:12.566+0000] {processor.py:840} INFO - DAG(s) 'example_sensor_decorator' retrieved from /home/airflow/.local/lib/python3.8/site-packages/airflow/example_dags/example_sensor_decorator.py
[2024-06-12T18:10:12.586+0000] {logging_mixin.py:188} INFO - [2024-06-12T18:10:12.586+0000] {dag.py:3036} INFO - Sync 1 DAGs
[2024-06-12T18:10:12.598+0000] {logging_mixin.py:188} INFO - [2024-06-12T18:10:12.598+0000] {dag.py:3823} INFO - Setting next_dagrun for example_sensor_decorator to None, run_after=None
[2024-06-12T18:10:12.620+0000] {processor.py:183} INFO - Processing /home/airflow/.local/lib/python3.8/site-packages/airflow/example_dags/example_sensor_decorator.py took 0.065 seconds
[2024-06-12T18:10:43.402+0000] {processor.py:161} INFO - Started process (PID=734) to work on /home/airflow/.local/lib/python3.8/site-packages/airflow/example_dags/example_sensor_decorator.py
[2024-06-12T18:10:43.403+0000] {processor.py:830} INFO - Processing file /home/airflow/.local/lib/python3.8/site-packages/airflow/example_dags/example_sensor_decorator.py for tasks to queue
[2024-06-12T18:10:43.404+0000] {logging_mixin.py:188} INFO - [2024-06-12T18:10:43.404+0000] {dagbag.py:538} INFO - Filling up the DagBag from /home/airflow/.local/lib/python3.8/site-packages/airflow/example_dags/example_sensor_decorator.py
[2024-06-12T18:10:43.410+0000] {processor.py:840} INFO - DAG(s) 'example_sensor_decorator' retrieved from /home/airflow/.local/lib/python3.8/site-packages/airflow/example_dags/example_sensor_decorator.py
[2024-06-12T18:10:43.433+0000] {logging_mixin.py:188} INFO - [2024-06-12T18:10:43.433+0000] {dag.py:3036} INFO - Sync 1 DAGs
[2024-06-12T18:10:43.449+0000] {logging_mixin.py:188} INFO - [2024-06-12T18:10:43.448+0000] {dag.py:3823} INFO - Setting next_dagrun for example_sensor_decorator to None, run_after=None
[2024-06-12T18:10:43.472+0000] {processor.py:183} INFO - Processing /home/airflow/.local/lib/python3.8/site-packages/airflow/example_dags/example_sensor_decorator.py took 0.073 seconds
[2024-06-12T18:11:14.053+0000] {processor.py:161} INFO - Started process (PID=791) to work on /home/airflow/.local/lib/python3.8/site-packages/airflow/example_dags/example_sensor_decorator.py
[2024-06-12T18:11:14.054+0000] {processor.py:830} INFO - Processing file /home/airflow/.local/lib/python3.8/site-packages/airflow/example_dags/example_sensor_decorator.py for tasks to queue
[2024-06-12T18:11:14.055+0000] {logging_mixin.py:188} INFO - [2024-06-12T18:11:14.055+0000] {dagbag.py:538} INFO - Filling up the DagBag from /home/airflow/.local/lib/python3.8/site-packages/airflow/example_dags/example_sensor_decorator.py
[2024-06-12T18:11:14.061+0000] {processor.py:840} INFO - DAG(s) 'example_sensor_decorator' retrieved from /home/airflow/.local/lib/python3.8/site-packages/airflow/example_dags/example_sensor_decorator.py
[2024-06-12T18:11:14.082+0000] {logging_mixin.py:188} INFO - [2024-06-12T18:11:14.082+0000] {dag.py:3036} INFO - Sync 1 DAGs
[2024-06-12T18:11:14.097+0000] {logging_mixin.py:188} INFO - [2024-06-12T18:11:14.097+0000] {dag.py:3823} INFO - Setting next_dagrun for example_sensor_decorator to None, run_after=None
[2024-06-12T18:11:14.121+0000] {processor.py:183} INFO - Processing /home/airflow/.local/lib/python3.8/site-packages/airflow/example_dags/example_sensor_decorator.py took 0.072 seconds
[2024-06-12T18:11:44.261+0000] {processor.py:161} INFO - Started process (PID=848) to work on /home/airflow/.local/lib/python3.8/site-packages/airflow/example_dags/example_sensor_decorator.py
[2024-06-12T18:11:44.262+0000] {processor.py:830} INFO - Processing file /home/airflow/.local/lib/python3.8/site-packages/airflow/example_dags/example_sensor_decorator.py for tasks to queue
[2024-06-12T18:11:44.263+0000] {logging_mixin.py:188} INFO - [2024-06-12T18:11:44.263+0000] {dagbag.py:538} INFO - Filling up the DagBag from /home/airflow/.local/lib/python3.8/site-packages/airflow/example_dags/example_sensor_decorator.py
[2024-06-12T18:11:44.270+0000] {processor.py:840} INFO - DAG(s) 'example_sensor_decorator' retrieved from /home/airflow/.local/lib/python3.8/site-packages/airflow/example_dags/example_sensor_decorator.py
[2024-06-12T18:11:44.295+0000] {logging_mixin.py:188} INFO - [2024-06-12T18:11:44.295+0000] {dag.py:3036} INFO - Sync 1 DAGs
[2024-06-12T18:11:44.312+0000] {logging_mixin.py:188} INFO - [2024-06-12T18:11:44.312+0000] {dag.py:3823} INFO - Setting next_dagrun for example_sensor_decorator to None, run_after=None
[2024-06-12T18:11:44.337+0000] {processor.py:183} INFO - Processing /home/airflow/.local/lib/python3.8/site-packages/airflow/example_dags/example_sensor_decorator.py took 0.080 seconds
[2024-06-12T18:14:52.855+0000] {processor.py:161} INFO - Started process (PID=76) to work on /home/airflow/.local/lib/python3.8/site-packages/airflow/example_dags/example_sensor_decorator.py
[2024-06-12T18:14:52.857+0000] {processor.py:830} INFO - Processing file /home/airflow/.local/lib/python3.8/site-packages/airflow/example_dags/example_sensor_decorator.py for tasks to queue
[2024-06-12T18:14:52.861+0000] {logging_mixin.py:188} INFO - [2024-06-12T18:14:52.860+0000] {dagbag.py:538} INFO - Filling up the DagBag from /home/airflow/.local/lib/python3.8/site-packages/airflow/example_dags/example_sensor_decorator.py
[2024-06-12T18:14:52.873+0000] {processor.py:840} INFO - DAG(s) 'example_sensor_decorator' retrieved from /home/airflow/.local/lib/python3.8/site-packages/airflow/example_dags/example_sensor_decorator.py
[2024-06-12T18:14:52.910+0000] {logging_mixin.py:188} INFO - [2024-06-12T18:14:52.909+0000] {dag.py:3036} INFO - Sync 1 DAGs
[2024-06-12T18:14:52.933+0000] {logging_mixin.py:188} INFO - [2024-06-12T18:14:52.932+0000] {dag.py:3823} INFO - Setting next_dagrun for example_sensor_decorator to None, run_after=None
[2024-06-12T18:14:52.968+0000] {processor.py:183} INFO - Processing /home/airflow/.local/lib/python3.8/site-packages/airflow/example_dags/example_sensor_decorator.py took 0.116 seconds
[2024-06-12T18:15:23.036+0000] {processor.py:161} INFO - Started process (PID=133) to work on /home/airflow/.local/lib/python3.8/site-packages/airflow/example_dags/example_sensor_decorator.py
[2024-06-12T18:15:23.037+0000] {processor.py:830} INFO - Processing file /home/airflow/.local/lib/python3.8/site-packages/airflow/example_dags/example_sensor_decorator.py for tasks to queue
[2024-06-12T18:15:23.039+0000] {logging_mixin.py:188} INFO - [2024-06-12T18:15:23.039+0000] {dagbag.py:538} INFO - Filling up the DagBag from /home/airflow/.local/lib/python3.8/site-packages/airflow/example_dags/example_sensor_decorator.py
[2024-06-12T18:15:23.046+0000] {processor.py:840} INFO - DAG(s) 'example_sensor_decorator' retrieved from /home/airflow/.local/lib/python3.8/site-packages/airflow/example_dags/example_sensor_decorator.py
[2024-06-12T18:15:23.059+0000] {logging_mixin.py:188} INFO - [2024-06-12T18:15:23.059+0000] {dag.py:3036} INFO - Sync 1 DAGs
[2024-06-12T18:15:23.072+0000] {logging_mixin.py:188} INFO - [2024-06-12T18:15:23.071+0000] {dag.py:3823} INFO - Setting next_dagrun for example_sensor_decorator to None, run_after=None
[2024-06-12T18:15:23.095+0000] {processor.py:183} INFO - Processing /home/airflow/.local/lib/python3.8/site-packages/airflow/example_dags/example_sensor_decorator.py took 0.062 seconds
[2024-06-12T18:15:54.207+0000] {processor.py:161} INFO - Started process (PID=196) to work on /home/airflow/.local/lib/python3.8/site-packages/airflow/example_dags/example_sensor_decorator.py
[2024-06-12T18:15:54.208+0000] {processor.py:830} INFO - Processing file /home/airflow/.local/lib/python3.8/site-packages/airflow/example_dags/example_sensor_decorator.py for tasks to queue
[2024-06-12T18:15:54.211+0000] {logging_mixin.py:188} INFO - [2024-06-12T18:15:54.210+0000] {dagbag.py:538} INFO - Filling up the DagBag from /home/airflow/.local/lib/python3.8/site-packages/airflow/example_dags/example_sensor_decorator.py
[2024-06-12T18:15:54.219+0000] {processor.py:840} INFO - DAG(s) 'example_sensor_decorator' retrieved from /home/airflow/.local/lib/python3.8/site-packages/airflow/example_dags/example_sensor_decorator.py
[2024-06-12T18:15:54.336+0000] {logging_mixin.py:188} INFO - [2024-06-12T18:15:54.336+0000] {dag.py:3036} INFO - Sync 1 DAGs
[2024-06-12T18:15:54.350+0000] {logging_mixin.py:188} INFO - [2024-06-12T18:15:54.350+0000] {dag.py:3823} INFO - Setting next_dagrun for example_sensor_decorator to None, run_after=None
[2024-06-12T18:15:54.381+0000] {processor.py:183} INFO - Processing /home/airflow/.local/lib/python3.8/site-packages/airflow/example_dags/example_sensor_decorator.py took 0.179 seconds
[2024-06-12T18:16:25.210+0000] {processor.py:161} INFO - Started process (PID=253) to work on /home/airflow/.local/lib/python3.8/site-packages/airflow/example_dags/example_sensor_decorator.py
[2024-06-12T18:16:25.212+0000] {processor.py:830} INFO - Processing file /home/airflow/.local/lib/python3.8/site-packages/airflow/example_dags/example_sensor_decorator.py for tasks to queue
[2024-06-12T18:16:25.215+0000] {logging_mixin.py:188} INFO - [2024-06-12T18:16:25.214+0000] {dagbag.py:538} INFO - Filling up the DagBag from /home/airflow/.local/lib/python3.8/site-packages/airflow/example_dags/example_sensor_decorator.py
[2024-06-12T18:16:25.221+0000] {processor.py:840} INFO - DAG(s) 'example_sensor_decorator' retrieved from /home/airflow/.local/lib/python3.8/site-packages/airflow/example_dags/example_sensor_decorator.py
[2024-06-12T18:16:25.236+0000] {logging_mixin.py:188} INFO - [2024-06-12T18:16:25.235+0000] {dag.py:3036} INFO - Sync 1 DAGs
[2024-06-12T18:16:25.255+0000] {logging_mixin.py:188} INFO - [2024-06-12T18:16:25.254+0000] {dag.py:3823} INFO - Setting next_dagrun for example_sensor_decorator to None, run_after=None
[2024-06-12T18:16:25.282+0000] {processor.py:183} INFO - Processing /home/airflow/.local/lib/python3.8/site-packages/airflow/example_dags/example_sensor_decorator.py took 0.075 seconds
[2024-06-12T18:16:55.961+0000] {processor.py:161} INFO - Started process (PID=310) to work on /home/airflow/.local/lib/python3.8/site-packages/airflow/example_dags/example_sensor_decorator.py
[2024-06-12T18:16:55.962+0000] {processor.py:830} INFO - Processing file /home/airflow/.local/lib/python3.8/site-packages/airflow/example_dags/example_sensor_decorator.py for tasks to queue
[2024-06-12T18:16:55.963+0000] {logging_mixin.py:188} INFO - [2024-06-12T18:16:55.963+0000] {dagbag.py:538} INFO - Filling up the DagBag from /home/airflow/.local/lib/python3.8/site-packages/airflow/example_dags/example_sensor_decorator.py
[2024-06-12T18:16:55.969+0000] {processor.py:840} INFO - DAG(s) 'example_sensor_decorator' retrieved from /home/airflow/.local/lib/python3.8/site-packages/airflow/example_dags/example_sensor_decorator.py
[2024-06-12T18:16:56.081+0000] {logging_mixin.py:188} INFO - [2024-06-12T18:16:56.080+0000] {dag.py:3036} INFO - Sync 1 DAGs
[2024-06-12T18:16:56.094+0000] {logging_mixin.py:188} INFO - [2024-06-12T18:16:56.094+0000] {dag.py:3823} INFO - Setting next_dagrun for example_sensor_decorator to None, run_after=None
[2024-06-12T18:16:56.120+0000] {processor.py:183} INFO - Processing /home/airflow/.local/lib/python3.8/site-packages/airflow/example_dags/example_sensor_decorator.py took 0.163 seconds
[2024-06-12T18:17:26.948+0000] {processor.py:161} INFO - Started process (PID=367) to work on /home/airflow/.local/lib/python3.8/site-packages/airflow/example_dags/example_sensor_decorator.py
[2024-06-12T18:17:26.949+0000] {processor.py:830} INFO - Processing file /home/airflow/.local/lib/python3.8/site-packages/airflow/example_dags/example_sensor_decorator.py for tasks to queue
[2024-06-12T18:17:26.951+0000] {logging_mixin.py:188} INFO - [2024-06-12T18:17:26.951+0000] {dagbag.py:538} INFO - Filling up the DagBag from /home/airflow/.local/lib/python3.8/site-packages/airflow/example_dags/example_sensor_decorator.py
[2024-06-12T18:17:26.957+0000] {processor.py:840} INFO - DAG(s) 'example_sensor_decorator' retrieved from /home/airflow/.local/lib/python3.8/site-packages/airflow/example_dags/example_sensor_decorator.py
[2024-06-12T18:17:26.979+0000] {logging_mixin.py:188} INFO - [2024-06-12T18:17:26.978+0000] {dag.py:3036} INFO - Sync 1 DAGs
[2024-06-12T18:17:26.993+0000] {logging_mixin.py:188} INFO - [2024-06-12T18:17:26.993+0000] {dag.py:3823} INFO - Setting next_dagrun for example_sensor_decorator to None, run_after=None
[2024-06-12T18:17:27.017+0000] {processor.py:183} INFO - Processing /home/airflow/.local/lib/python3.8/site-packages/airflow/example_dags/example_sensor_decorator.py took 0.071 seconds
[2024-06-12T18:18:47.457+0000] {processor.py:161} INFO - Started process (PID=76) to work on /home/airflow/.local/lib/python3.8/site-packages/airflow/example_dags/example_sensor_decorator.py
[2024-06-12T18:18:47.457+0000] {processor.py:830} INFO - Processing file /home/airflow/.local/lib/python3.8/site-packages/airflow/example_dags/example_sensor_decorator.py for tasks to queue
[2024-06-12T18:18:47.459+0000] {logging_mixin.py:188} INFO - [2024-06-12T18:18:47.459+0000] {dagbag.py:538} INFO - Filling up the DagBag from /home/airflow/.local/lib/python3.8/site-packages/airflow/example_dags/example_sensor_decorator.py
[2024-06-12T18:18:47.466+0000] {processor.py:840} INFO - DAG(s) 'example_sensor_decorator' retrieved from /home/airflow/.local/lib/python3.8/site-packages/airflow/example_dags/example_sensor_decorator.py
[2024-06-12T18:18:47.478+0000] {logging_mixin.py:188} INFO - [2024-06-12T18:18:47.478+0000] {dag.py:3036} INFO - Sync 1 DAGs
[2024-06-12T18:18:47.493+0000] {logging_mixin.py:188} INFO - [2024-06-12T18:18:47.493+0000] {dag.py:3823} INFO - Setting next_dagrun for example_sensor_decorator to None, run_after=None
[2024-06-12T18:18:47.528+0000] {processor.py:183} INFO - Processing /home/airflow/.local/lib/python3.8/site-packages/airflow/example_dags/example_sensor_decorator.py took 0.074 seconds
[2024-06-12T18:19:19.032+0000] {processor.py:161} INFO - Started process (PID=133) to work on /home/airflow/.local/lib/python3.8/site-packages/airflow/example_dags/example_sensor_decorator.py
[2024-06-12T18:19:19.033+0000] {processor.py:830} INFO - Processing file /home/airflow/.local/lib/python3.8/site-packages/airflow/example_dags/example_sensor_decorator.py for tasks to queue
[2024-06-12T18:19:19.035+0000] {logging_mixin.py:188} INFO - [2024-06-12T18:19:19.035+0000] {dagbag.py:538} INFO - Filling up the DagBag from /home/airflow/.local/lib/python3.8/site-packages/airflow/example_dags/example_sensor_decorator.py
[2024-06-12T18:19:19.042+0000] {processor.py:840} INFO - DAG(s) 'example_sensor_decorator' retrieved from /home/airflow/.local/lib/python3.8/site-packages/airflow/example_dags/example_sensor_decorator.py
[2024-06-12T18:19:19.056+0000] {logging_mixin.py:188} INFO - [2024-06-12T18:19:19.056+0000] {dag.py:3036} INFO - Sync 1 DAGs
[2024-06-12T18:19:19.076+0000] {logging_mixin.py:188} INFO - [2024-06-12T18:19:19.075+0000] {dag.py:3823} INFO - Setting next_dagrun for example_sensor_decorator to None, run_after=None
[2024-06-12T18:19:19.105+0000] {processor.py:183} INFO - Processing /home/airflow/.local/lib/python3.8/site-packages/airflow/example_dags/example_sensor_decorator.py took 0.077 seconds
[2024-06-12T18:19:51.991+0000] {processor.py:161} INFO - Started process (PID=190) to work on /home/airflow/.local/lib/python3.8/site-packages/airflow/example_dags/example_sensor_decorator.py
[2024-06-12T18:19:51.992+0000] {processor.py:830} INFO - Processing file /home/airflow/.local/lib/python3.8/site-packages/airflow/example_dags/example_sensor_decorator.py for tasks to queue
[2024-06-12T18:19:51.994+0000] {logging_mixin.py:188} INFO - [2024-06-12T18:19:51.994+0000] {dagbag.py:538} INFO - Filling up the DagBag from /home/airflow/.local/lib/python3.8/site-packages/airflow/example_dags/example_sensor_decorator.py
[2024-06-12T18:19:52.003+0000] {processor.py:840} INFO - DAG(s) 'example_sensor_decorator' retrieved from /home/airflow/.local/lib/python3.8/site-packages/airflow/example_dags/example_sensor_decorator.py
[2024-06-12T18:19:52.142+0000] {logging_mixin.py:188} INFO - [2024-06-12T18:19:52.141+0000] {dag.py:3036} INFO - Sync 1 DAGs
[2024-06-12T18:19:52.157+0000] {logging_mixin.py:188} INFO - [2024-06-12T18:19:52.157+0000] {dag.py:3823} INFO - Setting next_dagrun for example_sensor_decorator to None, run_after=None
[2024-06-12T18:19:52.189+0000] {processor.py:183} INFO - Processing /home/airflow/.local/lib/python3.8/site-packages/airflow/example_dags/example_sensor_decorator.py took 0.203 seconds
[2024-06-12T18:20:23.047+0000] {processor.py:161} INFO - Started process (PID=247) to work on /home/airflow/.local/lib/python3.8/site-packages/airflow/example_dags/example_sensor_decorator.py
[2024-06-12T18:20:23.049+0000] {processor.py:830} INFO - Processing file /home/airflow/.local/lib/python3.8/site-packages/airflow/example_dags/example_sensor_decorator.py for tasks to queue
[2024-06-12T18:20:23.051+0000] {logging_mixin.py:188} INFO - [2024-06-12T18:20:23.051+0000] {dagbag.py:538} INFO - Filling up the DagBag from /home/airflow/.local/lib/python3.8/site-packages/airflow/example_dags/example_sensor_decorator.py
[2024-06-12T18:20:23.061+0000] {processor.py:840} INFO - DAG(s) 'example_sensor_decorator' retrieved from /home/airflow/.local/lib/python3.8/site-packages/airflow/example_dags/example_sensor_decorator.py
[2024-06-12T18:20:23.088+0000] {logging_mixin.py:188} INFO - [2024-06-12T18:20:23.088+0000] {dag.py:3036} INFO - Sync 1 DAGs
[2024-06-12T18:20:23.105+0000] {logging_mixin.py:188} INFO - [2024-06-12T18:20:23.105+0000] {dag.py:3823} INFO - Setting next_dagrun for example_sensor_decorator to None, run_after=None
[2024-06-12T18:20:23.133+0000] {processor.py:183} INFO - Processing /home/airflow/.local/lib/python3.8/site-packages/airflow/example_dags/example_sensor_decorator.py took 0.090 seconds
[2024-06-12T18:20:53.413+0000] {processor.py:161} INFO - Started process (PID=304) to work on /home/airflow/.local/lib/python3.8/site-packages/airflow/example_dags/example_sensor_decorator.py
[2024-06-12T18:20:53.415+0000] {processor.py:830} INFO - Processing file /home/airflow/.local/lib/python3.8/site-packages/airflow/example_dags/example_sensor_decorator.py for tasks to queue
[2024-06-12T18:20:53.417+0000] {logging_mixin.py:188} INFO - [2024-06-12T18:20:53.417+0000] {dagbag.py:538} INFO - Filling up the DagBag from /home/airflow/.local/lib/python3.8/site-packages/airflow/example_dags/example_sensor_decorator.py
[2024-06-12T18:20:53.425+0000] {processor.py:840} INFO - DAG(s) 'example_sensor_decorator' retrieved from /home/airflow/.local/lib/python3.8/site-packages/airflow/example_dags/example_sensor_decorator.py
[2024-06-12T18:20:53.456+0000] {logging_mixin.py:188} INFO - [2024-06-12T18:20:53.455+0000] {dag.py:3036} INFO - Sync 1 DAGs
[2024-06-12T18:20:53.487+0000] {logging_mixin.py:188} INFO - [2024-06-12T18:20:53.486+0000] {dag.py:3823} INFO - Setting next_dagrun for example_sensor_decorator to None, run_after=None
[2024-06-12T18:20:53.523+0000] {processor.py:183} INFO - Processing /home/airflow/.local/lib/python3.8/site-packages/airflow/example_dags/example_sensor_decorator.py took 0.114 seconds
[2024-06-12T18:21:23.900+0000] {processor.py:161} INFO - Started process (PID=361) to work on /home/airflow/.local/lib/python3.8/site-packages/airflow/example_dags/example_sensor_decorator.py
[2024-06-12T18:21:23.902+0000] {processor.py:830} INFO - Processing file /home/airflow/.local/lib/python3.8/site-packages/airflow/example_dags/example_sensor_decorator.py for tasks to queue
[2024-06-12T18:21:23.904+0000] {logging_mixin.py:188} INFO - [2024-06-12T18:21:23.904+0000] {dagbag.py:538} INFO - Filling up the DagBag from /home/airflow/.local/lib/python3.8/site-packages/airflow/example_dags/example_sensor_decorator.py
[2024-06-12T18:21:23.911+0000] {processor.py:840} INFO - DAG(s) 'example_sensor_decorator' retrieved from /home/airflow/.local/lib/python3.8/site-packages/airflow/example_dags/example_sensor_decorator.py
[2024-06-12T18:21:23.936+0000] {logging_mixin.py:188} INFO - [2024-06-12T18:21:23.935+0000] {dag.py:3036} INFO - Sync 1 DAGs
[2024-06-12T18:21:23.952+0000] {logging_mixin.py:188} INFO - [2024-06-12T18:21:23.952+0000] {dag.py:3823} INFO - Setting next_dagrun for example_sensor_decorator to None, run_after=None
[2024-06-12T18:21:23.980+0000] {processor.py:183} INFO - Processing /home/airflow/.local/lib/python3.8/site-packages/airflow/example_dags/example_sensor_decorator.py took 0.083 seconds
[2024-06-12T18:21:54.039+0000] {processor.py:161} INFO - Started process (PID=418) to work on /home/airflow/.local/lib/python3.8/site-packages/airflow/example_dags/example_sensor_decorator.py
[2024-06-12T18:21:54.040+0000] {processor.py:830} INFO - Processing file /home/airflow/.local/lib/python3.8/site-packages/airflow/example_dags/example_sensor_decorator.py for tasks to queue
[2024-06-12T18:21:54.041+0000] {logging_mixin.py:188} INFO - [2024-06-12T18:21:54.041+0000] {dagbag.py:538} INFO - Filling up the DagBag from /home/airflow/.local/lib/python3.8/site-packages/airflow/example_dags/example_sensor_decorator.py
[2024-06-12T18:21:54.047+0000] {processor.py:840} INFO - DAG(s) 'example_sensor_decorator' retrieved from /home/airflow/.local/lib/python3.8/site-packages/airflow/example_dags/example_sensor_decorator.py
[2024-06-12T18:21:54.067+0000] {logging_mixin.py:188} INFO - [2024-06-12T18:21:54.067+0000] {dag.py:3036} INFO - Sync 1 DAGs
[2024-06-12T18:21:54.082+0000] {logging_mixin.py:188} INFO - [2024-06-12T18:21:54.082+0000] {dag.py:3823} INFO - Setting next_dagrun for example_sensor_decorator to None, run_after=None
[2024-06-12T18:21:54.104+0000] {processor.py:183} INFO - Processing /home/airflow/.local/lib/python3.8/site-packages/airflow/example_dags/example_sensor_decorator.py took 0.068 seconds
[2024-06-12T18:22:24.307+0000] {processor.py:161} INFO - Started process (PID=475) to work on /home/airflow/.local/lib/python3.8/site-packages/airflow/example_dags/example_sensor_decorator.py
[2024-06-12T18:22:24.309+0000] {processor.py:830} INFO - Processing file /home/airflow/.local/lib/python3.8/site-packages/airflow/example_dags/example_sensor_decorator.py for tasks to queue
[2024-06-12T18:22:24.311+0000] {logging_mixin.py:188} INFO - [2024-06-12T18:22:24.310+0000] {dagbag.py:538} INFO - Filling up the DagBag from /home/airflow/.local/lib/python3.8/site-packages/airflow/example_dags/example_sensor_decorator.py
[2024-06-12T18:22:24.319+0000] {processor.py:840} INFO - DAG(s) 'example_sensor_decorator' retrieved from /home/airflow/.local/lib/python3.8/site-packages/airflow/example_dags/example_sensor_decorator.py
[2024-06-12T18:22:24.348+0000] {logging_mixin.py:188} INFO - [2024-06-12T18:22:24.347+0000] {dag.py:3036} INFO - Sync 1 DAGs
[2024-06-12T18:22:24.369+0000] {logging_mixin.py:188} INFO - [2024-06-12T18:22:24.368+0000] {dag.py:3823} INFO - Setting next_dagrun for example_sensor_decorator to None, run_after=None
[2024-06-12T18:22:24.399+0000] {processor.py:183} INFO - Processing /home/airflow/.local/lib/python3.8/site-packages/airflow/example_dags/example_sensor_decorator.py took 0.095 seconds
[2024-06-12T18:22:54.938+0000] {processor.py:161} INFO - Started process (PID=532) to work on /home/airflow/.local/lib/python3.8/site-packages/airflow/example_dags/example_sensor_decorator.py
[2024-06-12T18:22:54.939+0000] {processor.py:830} INFO - Processing file /home/airflow/.local/lib/python3.8/site-packages/airflow/example_dags/example_sensor_decorator.py for tasks to queue
[2024-06-12T18:22:54.942+0000] {logging_mixin.py:188} INFO - [2024-06-12T18:22:54.941+0000] {dagbag.py:538} INFO - Filling up the DagBag from /home/airflow/.local/lib/python3.8/site-packages/airflow/example_dags/example_sensor_decorator.py
[2024-06-12T18:22:54.948+0000] {processor.py:840} INFO - DAG(s) 'example_sensor_decorator' retrieved from /home/airflow/.local/lib/python3.8/site-packages/airflow/example_dags/example_sensor_decorator.py
[2024-06-12T18:22:54.973+0000] {logging_mixin.py:188} INFO - [2024-06-12T18:22:54.972+0000] {dag.py:3036} INFO - Sync 1 DAGs
[2024-06-12T18:22:54.988+0000] {logging_mixin.py:188} INFO - [2024-06-12T18:22:54.988+0000] {dag.py:3823} INFO - Setting next_dagrun for example_sensor_decorator to None, run_after=None
[2024-06-12T18:22:55.016+0000] {processor.py:183} INFO - Processing /home/airflow/.local/lib/python3.8/site-packages/airflow/example_dags/example_sensor_decorator.py took 0.081 seconds
[2024-06-12T18:23:25.174+0000] {processor.py:161} INFO - Started process (PID=589) to work on /home/airflow/.local/lib/python3.8/site-packages/airflow/example_dags/example_sensor_decorator.py
[2024-06-12T18:23:25.175+0000] {processor.py:830} INFO - Processing file /home/airflow/.local/lib/python3.8/site-packages/airflow/example_dags/example_sensor_decorator.py for tasks to queue
[2024-06-12T18:23:25.177+0000] {logging_mixin.py:188} INFO - [2024-06-12T18:23:25.177+0000] {dagbag.py:538} INFO - Filling up the DagBag from /home/airflow/.local/lib/python3.8/site-packages/airflow/example_dags/example_sensor_decorator.py
[2024-06-12T18:23:25.183+0000] {processor.py:840} INFO - DAG(s) 'example_sensor_decorator' retrieved from /home/airflow/.local/lib/python3.8/site-packages/airflow/example_dags/example_sensor_decorator.py
[2024-06-12T18:23:25.207+0000] {logging_mixin.py:188} INFO - [2024-06-12T18:23:25.207+0000] {dag.py:3036} INFO - Sync 1 DAGs
[2024-06-12T18:23:25.223+0000] {logging_mixin.py:188} INFO - [2024-06-12T18:23:25.223+0000] {dag.py:3823} INFO - Setting next_dagrun for example_sensor_decorator to None, run_after=None
[2024-06-12T18:23:25.254+0000] {processor.py:183} INFO - Processing /home/airflow/.local/lib/python3.8/site-packages/airflow/example_dags/example_sensor_decorator.py took 0.083 seconds
[2024-06-12T18:23:56.550+0000] {processor.py:161} INFO - Started process (PID=646) to work on /home/airflow/.local/lib/python3.8/site-packages/airflow/example_dags/example_sensor_decorator.py
[2024-06-12T18:23:56.552+0000] {processor.py:830} INFO - Processing file /home/airflow/.local/lib/python3.8/site-packages/airflow/example_dags/example_sensor_decorator.py for tasks to queue
[2024-06-12T18:23:56.555+0000] {logging_mixin.py:188} INFO - [2024-06-12T18:23:56.555+0000] {dagbag.py:538} INFO - Filling up the DagBag from /home/airflow/.local/lib/python3.8/site-packages/airflow/example_dags/example_sensor_decorator.py
[2024-06-12T18:23:56.562+0000] {processor.py:840} INFO - DAG(s) 'example_sensor_decorator' retrieved from /home/airflow/.local/lib/python3.8/site-packages/airflow/example_dags/example_sensor_decorator.py
[2024-06-12T18:23:56.589+0000] {logging_mixin.py:188} INFO - [2024-06-12T18:23:56.589+0000] {dag.py:3036} INFO - Sync 1 DAGs
[2024-06-12T18:23:56.611+0000] {logging_mixin.py:188} INFO - [2024-06-12T18:23:56.611+0000] {dag.py:3823} INFO - Setting next_dagrun for example_sensor_decorator to None, run_after=None
[2024-06-12T18:23:56.642+0000] {processor.py:183} INFO - Processing /home/airflow/.local/lib/python3.8/site-packages/airflow/example_dags/example_sensor_decorator.py took 0.096 seconds
[2024-06-12T18:24:27.619+0000] {processor.py:161} INFO - Started process (PID=703) to work on /home/airflow/.local/lib/python3.8/site-packages/airflow/example_dags/example_sensor_decorator.py
[2024-06-12T18:24:27.620+0000] {processor.py:830} INFO - Processing file /home/airflow/.local/lib/python3.8/site-packages/airflow/example_dags/example_sensor_decorator.py for tasks to queue
[2024-06-12T18:24:27.622+0000] {logging_mixin.py:188} INFO - [2024-06-12T18:24:27.622+0000] {dagbag.py:538} INFO - Filling up the DagBag from /home/airflow/.local/lib/python3.8/site-packages/airflow/example_dags/example_sensor_decorator.py
[2024-06-12T18:24:27.629+0000] {processor.py:840} INFO - DAG(s) 'example_sensor_decorator' retrieved from /home/airflow/.local/lib/python3.8/site-packages/airflow/example_dags/example_sensor_decorator.py
[2024-06-12T18:24:27.645+0000] {logging_mixin.py:188} INFO - [2024-06-12T18:24:27.644+0000] {dag.py:3036} INFO - Sync 1 DAGs
[2024-06-12T18:24:27.666+0000] {logging_mixin.py:188} INFO - [2024-06-12T18:24:27.666+0000] {dag.py:3823} INFO - Setting next_dagrun for example_sensor_decorator to None, run_after=None
[2024-06-12T18:24:27.696+0000] {processor.py:183} INFO - Processing /home/airflow/.local/lib/python3.8/site-packages/airflow/example_dags/example_sensor_decorator.py took 0.080 seconds
[2024-06-12T18:24:58.435+0000] {processor.py:161} INFO - Started process (PID=760) to work on /home/airflow/.local/lib/python3.8/site-packages/airflow/example_dags/example_sensor_decorator.py
[2024-06-12T18:24:58.436+0000] {processor.py:830} INFO - Processing file /home/airflow/.local/lib/python3.8/site-packages/airflow/example_dags/example_sensor_decorator.py for tasks to queue
[2024-06-12T18:24:58.438+0000] {logging_mixin.py:188} INFO - [2024-06-12T18:24:58.438+0000] {dagbag.py:538} INFO - Filling up the DagBag from /home/airflow/.local/lib/python3.8/site-packages/airflow/example_dags/example_sensor_decorator.py
[2024-06-12T18:24:58.443+0000] {processor.py:840} INFO - DAG(s) 'example_sensor_decorator' retrieved from /home/airflow/.local/lib/python3.8/site-packages/airflow/example_dags/example_sensor_decorator.py
[2024-06-12T18:24:58.547+0000] {logging_mixin.py:188} INFO - [2024-06-12T18:24:58.547+0000] {dag.py:3036} INFO - Sync 1 DAGs
[2024-06-12T18:24:58.561+0000] {logging_mixin.py:188} INFO - [2024-06-12T18:24:58.561+0000] {dag.py:3823} INFO - Setting next_dagrun for example_sensor_decorator to None, run_after=None
[2024-06-12T18:24:58.585+0000] {processor.py:183} INFO - Processing /home/airflow/.local/lib/python3.8/site-packages/airflow/example_dags/example_sensor_decorator.py took 0.152 seconds
[2024-06-12T18:25:28.802+0000] {processor.py:161} INFO - Started process (PID=817) to work on /home/airflow/.local/lib/python3.8/site-packages/airflow/example_dags/example_sensor_decorator.py
[2024-06-12T18:25:28.803+0000] {processor.py:830} INFO - Processing file /home/airflow/.local/lib/python3.8/site-packages/airflow/example_dags/example_sensor_decorator.py for tasks to queue
[2024-06-12T18:25:28.806+0000] {logging_mixin.py:188} INFO - [2024-06-12T18:25:28.805+0000] {dagbag.py:538} INFO - Filling up the DagBag from /home/airflow/.local/lib/python3.8/site-packages/airflow/example_dags/example_sensor_decorator.py
[2024-06-12T18:25:28.812+0000] {processor.py:840} INFO - DAG(s) 'example_sensor_decorator' retrieved from /home/airflow/.local/lib/python3.8/site-packages/airflow/example_dags/example_sensor_decorator.py
[2024-06-12T18:25:28.836+0000] {logging_mixin.py:188} INFO - [2024-06-12T18:25:28.835+0000] {dag.py:3036} INFO - Sync 1 DAGs
[2024-06-12T18:25:28.859+0000] {logging_mixin.py:188} INFO - [2024-06-12T18:25:28.858+0000] {dag.py:3823} INFO - Setting next_dagrun for example_sensor_decorator to None, run_after=None
[2024-06-12T18:25:28.889+0000] {processor.py:183} INFO - Processing /home/airflow/.local/lib/python3.8/site-packages/airflow/example_dags/example_sensor_decorator.py took 0.090 seconds
[2024-06-12T18:27:00.594+0000] {processor.py:161} INFO - Started process (PID=76) to work on /home/airflow/.local/lib/python3.8/site-packages/airflow/example_dags/example_sensor_decorator.py
[2024-06-12T18:27:00.596+0000] {processor.py:830} INFO - Processing file /home/airflow/.local/lib/python3.8/site-packages/airflow/example_dags/example_sensor_decorator.py for tasks to queue
[2024-06-12T18:27:00.597+0000] {logging_mixin.py:188} INFO - [2024-06-12T18:27:00.597+0000] {dagbag.py:538} INFO - Filling up the DagBag from /home/airflow/.local/lib/python3.8/site-packages/airflow/example_dags/example_sensor_decorator.py
[2024-06-12T18:27:00.604+0000] {processor.py:840} INFO - DAG(s) 'example_sensor_decorator' retrieved from /home/airflow/.local/lib/python3.8/site-packages/airflow/example_dags/example_sensor_decorator.py
[2024-06-12T18:27:00.628+0000] {logging_mixin.py:188} INFO - [2024-06-12T18:27:00.627+0000] {dag.py:3036} INFO - Sync 1 DAGs
[2024-06-12T18:27:00.641+0000] {logging_mixin.py:188} INFO - [2024-06-12T18:27:00.641+0000] {dag.py:3823} INFO - Setting next_dagrun for example_sensor_decorator to None, run_after=None
[2024-06-12T18:27:00.667+0000] {processor.py:183} INFO - Processing /home/airflow/.local/lib/python3.8/site-packages/airflow/example_dags/example_sensor_decorator.py took 0.076 seconds
[2024-06-12T18:27:30.828+0000] {processor.py:161} INFO - Started process (PID=133) to work on /home/airflow/.local/lib/python3.8/site-packages/airflow/example_dags/example_sensor_decorator.py
[2024-06-12T18:27:30.830+0000] {processor.py:830} INFO - Processing file /home/airflow/.local/lib/python3.8/site-packages/airflow/example_dags/example_sensor_decorator.py for tasks to queue
[2024-06-12T18:27:30.832+0000] {logging_mixin.py:188} INFO - [2024-06-12T18:27:30.832+0000] {dagbag.py:538} INFO - Filling up the DagBag from /home/airflow/.local/lib/python3.8/site-packages/airflow/example_dags/example_sensor_decorator.py
[2024-06-12T18:27:30.838+0000] {processor.py:840} INFO - DAG(s) 'example_sensor_decorator' retrieved from /home/airflow/.local/lib/python3.8/site-packages/airflow/example_dags/example_sensor_decorator.py
[2024-06-12T18:27:30.855+0000] {logging_mixin.py:188} INFO - [2024-06-12T18:27:30.855+0000] {dag.py:3036} INFO - Sync 1 DAGs
[2024-06-12T18:27:30.879+0000] {logging_mixin.py:188} INFO - [2024-06-12T18:27:30.878+0000] {dag.py:3823} INFO - Setting next_dagrun for example_sensor_decorator to None, run_after=None
[2024-06-12T18:27:30.911+0000] {processor.py:183} INFO - Processing /home/airflow/.local/lib/python3.8/site-packages/airflow/example_dags/example_sensor_decorator.py took 0.086 seconds
[2024-06-12T18:28:04.254+0000] {processor.py:161} INFO - Started process (PID=190) to work on /home/airflow/.local/lib/python3.8/site-packages/airflow/example_dags/example_sensor_decorator.py
[2024-06-12T18:28:04.255+0000] {processor.py:830} INFO - Processing file /home/airflow/.local/lib/python3.8/site-packages/airflow/example_dags/example_sensor_decorator.py for tasks to queue
[2024-06-12T18:28:04.258+0000] {logging_mixin.py:188} INFO - [2024-06-12T18:28:04.258+0000] {dagbag.py:538} INFO - Filling up the DagBag from /home/airflow/.local/lib/python3.8/site-packages/airflow/example_dags/example_sensor_decorator.py
[2024-06-12T18:28:04.266+0000] {processor.py:840} INFO - DAG(s) 'example_sensor_decorator' retrieved from /home/airflow/.local/lib/python3.8/site-packages/airflow/example_dags/example_sensor_decorator.py
[2024-06-12T18:28:04.433+0000] {logging_mixin.py:188} INFO - [2024-06-12T18:28:04.433+0000] {dag.py:3036} INFO - Sync 1 DAGs
[2024-06-12T18:28:04.449+0000] {logging_mixin.py:188} INFO - [2024-06-12T18:28:04.449+0000] {dag.py:3823} INFO - Setting next_dagrun for example_sensor_decorator to None, run_after=None
[2024-06-12T18:28:04.477+0000] {processor.py:183} INFO - Processing /home/airflow/.local/lib/python3.8/site-packages/airflow/example_dags/example_sensor_decorator.py took 0.228 seconds
[2024-06-12T18:28:34.655+0000] {processor.py:161} INFO - Started process (PID=247) to work on /home/airflow/.local/lib/python3.8/site-packages/airflow/example_dags/example_sensor_decorator.py
[2024-06-12T18:28:34.657+0000] {processor.py:830} INFO - Processing file /home/airflow/.local/lib/python3.8/site-packages/airflow/example_dags/example_sensor_decorator.py for tasks to queue
[2024-06-12T18:28:34.660+0000] {logging_mixin.py:188} INFO - [2024-06-12T18:28:34.660+0000] {dagbag.py:538} INFO - Filling up the DagBag from /home/airflow/.local/lib/python3.8/site-packages/airflow/example_dags/example_sensor_decorator.py
[2024-06-12T18:28:34.674+0000] {processor.py:840} INFO - DAG(s) 'example_sensor_decorator' retrieved from /home/airflow/.local/lib/python3.8/site-packages/airflow/example_dags/example_sensor_decorator.py
[2024-06-12T18:28:34.704+0000] {logging_mixin.py:188} INFO - [2024-06-12T18:28:34.704+0000] {dag.py:3036} INFO - Sync 1 DAGs
[2024-06-12T18:28:34.730+0000] {logging_mixin.py:188} INFO - [2024-06-12T18:28:34.730+0000] {dag.py:3823} INFO - Setting next_dagrun for example_sensor_decorator to None, run_after=None
[2024-06-12T18:28:34.765+0000] {processor.py:183} INFO - Processing /home/airflow/.local/lib/python3.8/site-packages/airflow/example_dags/example_sensor_decorator.py took 0.115 seconds
[2024-06-12T18:29:05.043+0000] {processor.py:161} INFO - Started process (PID=304) to work on /home/airflow/.local/lib/python3.8/site-packages/airflow/example_dags/example_sensor_decorator.py
[2024-06-12T18:29:05.044+0000] {processor.py:830} INFO - Processing file /home/airflow/.local/lib/python3.8/site-packages/airflow/example_dags/example_sensor_decorator.py for tasks to queue
[2024-06-12T18:29:05.046+0000] {logging_mixin.py:188} INFO - [2024-06-12T18:29:05.046+0000] {dagbag.py:538} INFO - Filling up the DagBag from /home/airflow/.local/lib/python3.8/site-packages/airflow/example_dags/example_sensor_decorator.py
[2024-06-12T18:29:05.052+0000] {processor.py:840} INFO - DAG(s) 'example_sensor_decorator' retrieved from /home/airflow/.local/lib/python3.8/site-packages/airflow/example_dags/example_sensor_decorator.py
[2024-06-12T18:29:05.071+0000] {logging_mixin.py:188} INFO - [2024-06-12T18:29:05.071+0000] {dag.py:3036} INFO - Sync 1 DAGs
[2024-06-12T18:29:05.087+0000] {logging_mixin.py:188} INFO - [2024-06-12T18:29:05.086+0000] {dag.py:3823} INFO - Setting next_dagrun for example_sensor_decorator to None, run_after=None
[2024-06-12T18:29:05.109+0000] {processor.py:183} INFO - Processing /home/airflow/.local/lib/python3.8/site-packages/airflow/example_dags/example_sensor_decorator.py took 0.069 seconds
[2024-06-12T18:29:35.965+0000] {processor.py:161} INFO - Started process (PID=361) to work on /home/airflow/.local/lib/python3.8/site-packages/airflow/example_dags/example_sensor_decorator.py
[2024-06-12T18:29:35.966+0000] {processor.py:830} INFO - Processing file /home/airflow/.local/lib/python3.8/site-packages/airflow/example_dags/example_sensor_decorator.py for tasks to queue
[2024-06-12T18:29:35.968+0000] {logging_mixin.py:188} INFO - [2024-06-12T18:29:35.967+0000] {dagbag.py:538} INFO - Filling up the DagBag from /home/airflow/.local/lib/python3.8/site-packages/airflow/example_dags/example_sensor_decorator.py
[2024-06-12T18:29:35.972+0000] {processor.py:840} INFO - DAG(s) 'example_sensor_decorator' retrieved from /home/airflow/.local/lib/python3.8/site-packages/airflow/example_dags/example_sensor_decorator.py
[2024-06-12T18:29:35.989+0000] {logging_mixin.py:188} INFO - [2024-06-12T18:29:35.988+0000] {dag.py:3036} INFO - Sync 1 DAGs
[2024-06-12T18:29:36.000+0000] {logging_mixin.py:188} INFO - [2024-06-12T18:29:36.000+0000] {dag.py:3823} INFO - Setting next_dagrun for example_sensor_decorator to None, run_after=None
[2024-06-12T18:29:36.021+0000] {processor.py:183} INFO - Processing /home/airflow/.local/lib/python3.8/site-packages/airflow/example_dags/example_sensor_decorator.py took 0.059 seconds
[2024-06-12T18:30:06.501+0000] {processor.py:161} INFO - Started process (PID=418) to work on /home/airflow/.local/lib/python3.8/site-packages/airflow/example_dags/example_sensor_decorator.py
[2024-06-12T18:30:06.502+0000] {processor.py:830} INFO - Processing file /home/airflow/.local/lib/python3.8/site-packages/airflow/example_dags/example_sensor_decorator.py for tasks to queue
[2024-06-12T18:30:06.504+0000] {logging_mixin.py:188} INFO - [2024-06-12T18:30:06.504+0000] {dagbag.py:538} INFO - Filling up the DagBag from /home/airflow/.local/lib/python3.8/site-packages/airflow/example_dags/example_sensor_decorator.py
[2024-06-12T18:30:06.510+0000] {processor.py:840} INFO - DAG(s) 'example_sensor_decorator' retrieved from /home/airflow/.local/lib/python3.8/site-packages/airflow/example_dags/example_sensor_decorator.py
[2024-06-12T18:30:06.537+0000] {logging_mixin.py:188} INFO - [2024-06-12T18:30:06.537+0000] {dag.py:3036} INFO - Sync 1 DAGs
[2024-06-12T18:30:06.560+0000] {logging_mixin.py:188} INFO - [2024-06-12T18:30:06.560+0000] {dag.py:3823} INFO - Setting next_dagrun for example_sensor_decorator to None, run_after=None
[2024-06-12T18:30:06.593+0000] {processor.py:183} INFO - Processing /home/airflow/.local/lib/python3.8/site-packages/airflow/example_dags/example_sensor_decorator.py took 0.096 seconds
[2024-06-12T18:30:36.758+0000] {processor.py:161} INFO - Started process (PID=475) to work on /home/airflow/.local/lib/python3.8/site-packages/airflow/example_dags/example_sensor_decorator.py
[2024-06-12T18:30:36.759+0000] {processor.py:830} INFO - Processing file /home/airflow/.local/lib/python3.8/site-packages/airflow/example_dags/example_sensor_decorator.py for tasks to queue
[2024-06-12T18:30:36.761+0000] {logging_mixin.py:188} INFO - [2024-06-12T18:30:36.760+0000] {dagbag.py:538} INFO - Filling up the DagBag from /home/airflow/.local/lib/python3.8/site-packages/airflow/example_dags/example_sensor_decorator.py
[2024-06-12T18:30:36.766+0000] {processor.py:840} INFO - DAG(s) 'example_sensor_decorator' retrieved from /home/airflow/.local/lib/python3.8/site-packages/airflow/example_dags/example_sensor_decorator.py
[2024-06-12T18:30:36.790+0000] {logging_mixin.py:188} INFO - [2024-06-12T18:30:36.790+0000] {dag.py:3036} INFO - Sync 1 DAGs
[2024-06-12T18:30:36.806+0000] {logging_mixin.py:188} INFO - [2024-06-12T18:30:36.806+0000] {dag.py:3823} INFO - Setting next_dagrun for example_sensor_decorator to None, run_after=None
[2024-06-12T18:30:36.834+0000] {processor.py:183} INFO - Processing /home/airflow/.local/lib/python3.8/site-packages/airflow/example_dags/example_sensor_decorator.py took 0.078 seconds
[2024-06-12T18:31:07.558+0000] {processor.py:161} INFO - Started process (PID=532) to work on /home/airflow/.local/lib/python3.8/site-packages/airflow/example_dags/example_sensor_decorator.py
[2024-06-12T18:31:07.559+0000] {processor.py:830} INFO - Processing file /home/airflow/.local/lib/python3.8/site-packages/airflow/example_dags/example_sensor_decorator.py for tasks to queue
[2024-06-12T18:31:07.561+0000] {logging_mixin.py:188} INFO - [2024-06-12T18:31:07.560+0000] {dagbag.py:538} INFO - Filling up the DagBag from /home/airflow/.local/lib/python3.8/site-packages/airflow/example_dags/example_sensor_decorator.py
[2024-06-12T18:31:07.569+0000] {processor.py:840} INFO - DAG(s) 'example_sensor_decorator' retrieved from /home/airflow/.local/lib/python3.8/site-packages/airflow/example_dags/example_sensor_decorator.py
[2024-06-12T18:31:07.599+0000] {logging_mixin.py:188} INFO - [2024-06-12T18:31:07.599+0000] {dag.py:3036} INFO - Sync 1 DAGs
[2024-06-12T18:31:07.622+0000] {logging_mixin.py:188} INFO - [2024-06-12T18:31:07.622+0000] {dag.py:3823} INFO - Setting next_dagrun for example_sensor_decorator to None, run_after=None
[2024-06-12T18:31:07.655+0000] {processor.py:183} INFO - Processing /home/airflow/.local/lib/python3.8/site-packages/airflow/example_dags/example_sensor_decorator.py took 0.101 seconds
[2024-06-12T18:31:38.031+0000] {processor.py:161} INFO - Started process (PID=589) to work on /home/airflow/.local/lib/python3.8/site-packages/airflow/example_dags/example_sensor_decorator.py
[2024-06-12T18:31:38.032+0000] {processor.py:830} INFO - Processing file /home/airflow/.local/lib/python3.8/site-packages/airflow/example_dags/example_sensor_decorator.py for tasks to queue
[2024-06-12T18:31:38.034+0000] {logging_mixin.py:188} INFO - [2024-06-12T18:31:38.034+0000] {dagbag.py:538} INFO - Filling up the DagBag from /home/airflow/.local/lib/python3.8/site-packages/airflow/example_dags/example_sensor_decorator.py
[2024-06-12T18:31:38.042+0000] {processor.py:840} INFO - DAG(s) 'example_sensor_decorator' retrieved from /home/airflow/.local/lib/python3.8/site-packages/airflow/example_dags/example_sensor_decorator.py
[2024-06-12T18:31:38.074+0000] {logging_mixin.py:188} INFO - [2024-06-12T18:31:38.073+0000] {dag.py:3036} INFO - Sync 1 DAGs
[2024-06-12T18:31:38.096+0000] {logging_mixin.py:188} INFO - [2024-06-12T18:31:38.095+0000] {dag.py:3823} INFO - Setting next_dagrun for example_sensor_decorator to None, run_after=None
[2024-06-12T18:31:38.128+0000] {processor.py:183} INFO - Processing /home/airflow/.local/lib/python3.8/site-packages/airflow/example_dags/example_sensor_decorator.py took 0.100 seconds
[2024-06-12T18:32:08.389+0000] {processor.py:161} INFO - Started process (PID=646) to work on /home/airflow/.local/lib/python3.8/site-packages/airflow/example_dags/example_sensor_decorator.py
[2024-06-12T18:32:08.390+0000] {processor.py:830} INFO - Processing file /home/airflow/.local/lib/python3.8/site-packages/airflow/example_dags/example_sensor_decorator.py for tasks to queue
[2024-06-12T18:32:08.392+0000] {logging_mixin.py:188} INFO - [2024-06-12T18:32:08.392+0000] {dagbag.py:538} INFO - Filling up the DagBag from /home/airflow/.local/lib/python3.8/site-packages/airflow/example_dags/example_sensor_decorator.py
[2024-06-12T18:32:08.400+0000] {processor.py:840} INFO - DAG(s) 'example_sensor_decorator' retrieved from /home/airflow/.local/lib/python3.8/site-packages/airflow/example_dags/example_sensor_decorator.py
[2024-06-12T18:32:08.421+0000] {logging_mixin.py:188} INFO - [2024-06-12T18:32:08.421+0000] {dag.py:3036} INFO - Sync 1 DAGs
[2024-06-12T18:32:08.436+0000] {logging_mixin.py:188} INFO - [2024-06-12T18:32:08.435+0000] {dag.py:3823} INFO - Setting next_dagrun for example_sensor_decorator to None, run_after=None
[2024-06-12T18:32:08.461+0000] {processor.py:183} INFO - Processing /home/airflow/.local/lib/python3.8/site-packages/airflow/example_dags/example_sensor_decorator.py took 0.074 seconds
[2024-06-12T18:32:38.725+0000] {processor.py:161} INFO - Started process (PID=703) to work on /home/airflow/.local/lib/python3.8/site-packages/airflow/example_dags/example_sensor_decorator.py
[2024-06-12T18:32:38.727+0000] {processor.py:830} INFO - Processing file /home/airflow/.local/lib/python3.8/site-packages/airflow/example_dags/example_sensor_decorator.py for tasks to queue
[2024-06-12T18:32:38.730+0000] {logging_mixin.py:188} INFO - [2024-06-12T18:32:38.729+0000] {dagbag.py:538} INFO - Filling up the DagBag from /home/airflow/.local/lib/python3.8/site-packages/airflow/example_dags/example_sensor_decorator.py
[2024-06-12T18:32:38.743+0000] {processor.py:840} INFO - DAG(s) 'example_sensor_decorator' retrieved from /home/airflow/.local/lib/python3.8/site-packages/airflow/example_dags/example_sensor_decorator.py
[2024-06-12T18:32:38.778+0000] {logging_mixin.py:188} INFO - [2024-06-12T18:32:38.778+0000] {dag.py:3036} INFO - Sync 1 DAGs
[2024-06-12T18:32:38.804+0000] {logging_mixin.py:188} INFO - [2024-06-12T18:32:38.803+0000] {dag.py:3823} INFO - Setting next_dagrun for example_sensor_decorator to None, run_after=None
[2024-06-12T18:32:38.843+0000] {processor.py:183} INFO - Processing /home/airflow/.local/lib/python3.8/site-packages/airflow/example_dags/example_sensor_decorator.py took 0.123 seconds
[2024-06-12T18:33:09.642+0000] {processor.py:161} INFO - Started process (PID=761) to work on /home/airflow/.local/lib/python3.8/site-packages/airflow/example_dags/example_sensor_decorator.py
[2024-06-12T18:33:09.643+0000] {processor.py:830} INFO - Processing file /home/airflow/.local/lib/python3.8/site-packages/airflow/example_dags/example_sensor_decorator.py for tasks to queue
[2024-06-12T18:33:09.646+0000] {logging_mixin.py:188} INFO - [2024-06-12T18:33:09.645+0000] {dagbag.py:538} INFO - Filling up the DagBag from /home/airflow/.local/lib/python3.8/site-packages/airflow/example_dags/example_sensor_decorator.py
[2024-06-12T18:33:09.654+0000] {processor.py:840} INFO - DAG(s) 'example_sensor_decorator' retrieved from /home/airflow/.local/lib/python3.8/site-packages/airflow/example_dags/example_sensor_decorator.py
[2024-06-12T18:33:09.680+0000] {logging_mixin.py:188} INFO - [2024-06-12T18:33:09.680+0000] {dag.py:3036} INFO - Sync 1 DAGs
[2024-06-12T18:33:09.700+0000] {logging_mixin.py:188} INFO - [2024-06-12T18:33:09.699+0000] {dag.py:3823} INFO - Setting next_dagrun for example_sensor_decorator to None, run_after=None
[2024-06-12T18:33:09.738+0000] {processor.py:183} INFO - Processing /home/airflow/.local/lib/python3.8/site-packages/airflow/example_dags/example_sensor_decorator.py took 0.101 seconds
[2024-06-12T18:33:40.487+0000] {processor.py:161} INFO - Started process (PID=819) to work on /home/airflow/.local/lib/python3.8/site-packages/airflow/example_dags/example_sensor_decorator.py
[2024-06-12T18:33:40.489+0000] {processor.py:830} INFO - Processing file /home/airflow/.local/lib/python3.8/site-packages/airflow/example_dags/example_sensor_decorator.py for tasks to queue
[2024-06-12T18:33:40.492+0000] {logging_mixin.py:188} INFO - [2024-06-12T18:33:40.491+0000] {dagbag.py:538} INFO - Filling up the DagBag from /home/airflow/.local/lib/python3.8/site-packages/airflow/example_dags/example_sensor_decorator.py
[2024-06-12T18:33:40.500+0000] {processor.py:840} INFO - DAG(s) 'example_sensor_decorator' retrieved from /home/airflow/.local/lib/python3.8/site-packages/airflow/example_dags/example_sensor_decorator.py
[2024-06-12T18:33:40.530+0000] {logging_mixin.py:188} INFO - [2024-06-12T18:33:40.529+0000] {dag.py:3036} INFO - Sync 1 DAGs
[2024-06-12T18:33:40.550+0000] {logging_mixin.py:188} INFO - [2024-06-12T18:33:40.549+0000] {dag.py:3823} INFO - Setting next_dagrun for example_sensor_decorator to None, run_after=None
[2024-06-12T18:33:40.581+0000] {processor.py:183} INFO - Processing /home/airflow/.local/lib/python3.8/site-packages/airflow/example_dags/example_sensor_decorator.py took 0.098 seconds
[2024-06-12T18:34:10.893+0000] {processor.py:161} INFO - Started process (PID=875) to work on /home/airflow/.local/lib/python3.8/site-packages/airflow/example_dags/example_sensor_decorator.py
[2024-06-12T18:34:10.894+0000] {processor.py:830} INFO - Processing file /home/airflow/.local/lib/python3.8/site-packages/airflow/example_dags/example_sensor_decorator.py for tasks to queue
[2024-06-12T18:34:10.897+0000] {logging_mixin.py:188} INFO - [2024-06-12T18:34:10.896+0000] {dagbag.py:538} INFO - Filling up the DagBag from /home/airflow/.local/lib/python3.8/site-packages/airflow/example_dags/example_sensor_decorator.py
[2024-06-12T18:34:10.904+0000] {processor.py:840} INFO - DAG(s) 'example_sensor_decorator' retrieved from /home/airflow/.local/lib/python3.8/site-packages/airflow/example_dags/example_sensor_decorator.py
[2024-06-12T18:34:10.934+0000] {logging_mixin.py:188} INFO - [2024-06-12T18:34:10.933+0000] {dag.py:3036} INFO - Sync 1 DAGs
[2024-06-12T18:34:10.955+0000] {logging_mixin.py:188} INFO - [2024-06-12T18:34:10.954+0000] {dag.py:3823} INFO - Setting next_dagrun for example_sensor_decorator to None, run_after=None
[2024-06-12T18:34:10.986+0000] {processor.py:183} INFO - Processing /home/airflow/.local/lib/python3.8/site-packages/airflow/example_dags/example_sensor_decorator.py took 0.098 seconds
[2024-06-12T18:34:41.751+0000] {processor.py:161} INFO - Started process (PID=937) to work on /home/airflow/.local/lib/python3.8/site-packages/airflow/example_dags/example_sensor_decorator.py
[2024-06-12T18:34:41.753+0000] {processor.py:830} INFO - Processing file /home/airflow/.local/lib/python3.8/site-packages/airflow/example_dags/example_sensor_decorator.py for tasks to queue
[2024-06-12T18:34:41.755+0000] {logging_mixin.py:188} INFO - [2024-06-12T18:34:41.755+0000] {dagbag.py:538} INFO - Filling up the DagBag from /home/airflow/.local/lib/python3.8/site-packages/airflow/example_dags/example_sensor_decorator.py
[2024-06-12T18:34:41.763+0000] {processor.py:840} INFO - DAG(s) 'example_sensor_decorator' retrieved from /home/airflow/.local/lib/python3.8/site-packages/airflow/example_dags/example_sensor_decorator.py
[2024-06-12T18:34:41.796+0000] {logging_mixin.py:188} INFO - [2024-06-12T18:34:41.796+0000] {dag.py:3036} INFO - Sync 1 DAGs
[2024-06-12T18:34:41.818+0000] {logging_mixin.py:188} INFO - [2024-06-12T18:34:41.817+0000] {dag.py:3823} INFO - Setting next_dagrun for example_sensor_decorator to None, run_after=None
[2024-06-12T18:34:41.858+0000] {processor.py:183} INFO - Processing /home/airflow/.local/lib/python3.8/site-packages/airflow/example_dags/example_sensor_decorator.py took 0.112 seconds
[2024-06-12T18:35:12.159+0000] {processor.py:161} INFO - Started process (PID=994) to work on /home/airflow/.local/lib/python3.8/site-packages/airflow/example_dags/example_sensor_decorator.py
[2024-06-12T18:35:12.160+0000] {processor.py:830} INFO - Processing file /home/airflow/.local/lib/python3.8/site-packages/airflow/example_dags/example_sensor_decorator.py for tasks to queue
[2024-06-12T18:35:12.162+0000] {logging_mixin.py:188} INFO - [2024-06-12T18:35:12.162+0000] {dagbag.py:538} INFO - Filling up the DagBag from /home/airflow/.local/lib/python3.8/site-packages/airflow/example_dags/example_sensor_decorator.py
[2024-06-12T18:35:12.169+0000] {processor.py:840} INFO - DAG(s) 'example_sensor_decorator' retrieved from /home/airflow/.local/lib/python3.8/site-packages/airflow/example_dags/example_sensor_decorator.py
[2024-06-12T18:35:12.198+0000] {logging_mixin.py:188} INFO - [2024-06-12T18:35:12.197+0000] {dag.py:3036} INFO - Sync 1 DAGs
[2024-06-12T18:35:12.213+0000] {logging_mixin.py:188} INFO - [2024-06-12T18:35:12.213+0000] {dag.py:3823} INFO - Setting next_dagrun for example_sensor_decorator to None, run_after=None
[2024-06-12T18:35:12.242+0000] {processor.py:183} INFO - Processing /home/airflow/.local/lib/python3.8/site-packages/airflow/example_dags/example_sensor_decorator.py took 0.086 seconds
[2024-06-12T18:35:42.629+0000] {processor.py:161} INFO - Started process (PID=1051) to work on /home/airflow/.local/lib/python3.8/site-packages/airflow/example_dags/example_sensor_decorator.py
[2024-06-12T18:35:42.631+0000] {processor.py:830} INFO - Processing file /home/airflow/.local/lib/python3.8/site-packages/airflow/example_dags/example_sensor_decorator.py for tasks to queue
[2024-06-12T18:35:42.633+0000] {logging_mixin.py:188} INFO - [2024-06-12T18:35:42.633+0000] {dagbag.py:538} INFO - Filling up the DagBag from /home/airflow/.local/lib/python3.8/site-packages/airflow/example_dags/example_sensor_decorator.py
[2024-06-12T18:35:42.642+0000] {processor.py:840} INFO - DAG(s) 'example_sensor_decorator' retrieved from /home/airflow/.local/lib/python3.8/site-packages/airflow/example_dags/example_sensor_decorator.py
[2024-06-12T18:35:42.674+0000] {logging_mixin.py:188} INFO - [2024-06-12T18:35:42.673+0000] {dag.py:3036} INFO - Sync 1 DAGs
[2024-06-12T18:35:42.700+0000] {logging_mixin.py:188} INFO - [2024-06-12T18:35:42.699+0000] {dag.py:3823} INFO - Setting next_dagrun for example_sensor_decorator to None, run_after=None
[2024-06-12T18:35:42.737+0000] {processor.py:183} INFO - Processing /home/airflow/.local/lib/python3.8/site-packages/airflow/example_dags/example_sensor_decorator.py took 0.112 seconds
