[2024-06-12T18:04:07.647+0000] {processor.py:161} INFO - Started process (PID=45) to work on /home/airflow/.local/lib/python3.8/site-packages/airflow/example_dags/example_xcomargs.py
[2024-06-12T18:04:07.650+0000] {processor.py:830} INFO - Processing file /home/airflow/.local/lib/python3.8/site-packages/airflow/example_dags/example_xcomargs.py for tasks to queue
[2024-06-12T18:04:07.654+0000] {logging_mixin.py:188} INFO - [2024-06-12T18:04:07.653+0000] {dagbag.py:538} INFO - Filling up the DagBag from /home/airflow/.local/lib/python3.8/site-packages/airflow/example_dags/example_xcomargs.py
[2024-06-12T18:04:07.679+0000] {processor.py:840} INFO - DAG(s) 'example_xcom_args', 'example_xcom_args_with_operators' retrieved from /home/airflow/.local/lib/python3.8/site-packages/airflow/example_dags/example_xcomargs.py
[2024-06-12T18:04:07.737+0000] {logging_mixin.py:188} INFO - [2024-06-12T18:04:07.736+0000] {dag.py:3036} INFO - Sync 2 DAGs
[2024-06-12T18:04:07.796+0000] {logging_mixin.py:188} INFO - [2024-06-12T18:04:07.796+0000] {dag.py:3823} INFO - Setting next_dagrun for example_xcom_args to None, run_after=None
[2024-06-12T18:04:07.809+0000] {logging_mixin.py:188} INFO - [2024-06-12T18:04:07.808+0000] {dag.py:3823} INFO - Setting next_dagrun for example_xcom_args_with_operators to None, run_after=None
[2024-06-12T18:04:07.851+0000] {processor.py:183} INFO - Processing /home/airflow/.local/lib/python3.8/site-packages/airflow/example_dags/example_xcomargs.py took 0.210 seconds
[2024-06-12T18:04:40.766+0000] {processor.py:161} INFO - Started process (PID=101) to work on /home/airflow/.local/lib/python3.8/site-packages/airflow/example_dags/example_xcomargs.py
[2024-06-12T18:04:40.783+0000] {processor.py:830} INFO - Processing file /home/airflow/.local/lib/python3.8/site-packages/airflow/example_dags/example_xcomargs.py for tasks to queue
[2024-06-12T18:04:40.791+0000] {logging_mixin.py:188} INFO - [2024-06-12T18:04:40.791+0000] {dagbag.py:538} INFO - Filling up the DagBag from /home/airflow/.local/lib/python3.8/site-packages/airflow/example_dags/example_xcomargs.py
[2024-06-12T18:04:40.888+0000] {processor.py:840} INFO - DAG(s) 'example_xcom_args_with_operators', 'example_xcom_args' retrieved from /home/airflow/.local/lib/python3.8/site-packages/airflow/example_dags/example_xcomargs.py
[2024-06-12T18:04:41.194+0000] {logging_mixin.py:188} INFO - [2024-06-12T18:04:41.193+0000] {dag.py:3036} INFO - Sync 2 DAGs
[2024-06-12T18:04:41.709+0000] {logging_mixin.py:188} INFO - [2024-06-12T18:04:41.709+0000] {dag.py:3823} INFO - Setting next_dagrun for example_xcom_args to None, run_after=None
[2024-06-12T18:04:41.726+0000] {logging_mixin.py:188} INFO - [2024-06-12T18:04:41.725+0000] {dag.py:3823} INFO - Setting next_dagrun for example_xcom_args_with_operators to None, run_after=None
[2024-06-12T18:04:42.137+0000] {processor.py:183} INFO - Processing /home/airflow/.local/lib/python3.8/site-packages/airflow/example_dags/example_xcomargs.py took 1.384 seconds
[2024-06-12T18:05:44.745+0000] {processor.py:161} INFO - Started process (PID=141) to work on /home/airflow/.local/lib/python3.8/site-packages/airflow/example_dags/example_xcomargs.py
[2024-06-12T18:05:44.747+0000] {processor.py:830} INFO - Processing file /home/airflow/.local/lib/python3.8/site-packages/airflow/example_dags/example_xcomargs.py for tasks to queue
[2024-06-12T18:05:44.750+0000] {logging_mixin.py:188} INFO - [2024-06-12T18:05:44.749+0000] {dagbag.py:538} INFO - Filling up the DagBag from /home/airflow/.local/lib/python3.8/site-packages/airflow/example_dags/example_xcomargs.py
[2024-06-12T18:05:44.767+0000] {processor.py:840} INFO - DAG(s) 'example_xcom_args', 'example_xcom_args_with_operators' retrieved from /home/airflow/.local/lib/python3.8/site-packages/airflow/example_dags/example_xcomargs.py
[2024-06-12T18:05:44.817+0000] {logging_mixin.py:188} INFO - [2024-06-12T18:05:44.816+0000] {dag.py:3036} INFO - Sync 2 DAGs
[2024-06-12T18:05:44.840+0000] {logging_mixin.py:188} INFO - [2024-06-12T18:05:44.839+0000] {dag.py:3823} INFO - Setting next_dagrun for example_xcom_args to None, run_after=None
[2024-06-12T18:05:44.847+0000] {logging_mixin.py:188} INFO - [2024-06-12T18:05:44.847+0000] {dag.py:3823} INFO - Setting next_dagrun for example_xcom_args_with_operators to None, run_after=None
[2024-06-12T18:05:44.890+0000] {processor.py:183} INFO - Processing /home/airflow/.local/lib/python3.8/site-packages/airflow/example_dags/example_xcomargs.py took 0.149 seconds
[2024-06-12T18:06:15.417+0000] {processor.py:161} INFO - Started process (PID=206) to work on /home/airflow/.local/lib/python3.8/site-packages/airflow/example_dags/example_xcomargs.py
[2024-06-12T18:06:15.419+0000] {processor.py:830} INFO - Processing file /home/airflow/.local/lib/python3.8/site-packages/airflow/example_dags/example_xcomargs.py for tasks to queue
[2024-06-12T18:06:15.420+0000] {logging_mixin.py:188} INFO - [2024-06-12T18:06:15.420+0000] {dagbag.py:538} INFO - Filling up the DagBag from /home/airflow/.local/lib/python3.8/site-packages/airflow/example_dags/example_xcomargs.py
[2024-06-12T18:06:15.435+0000] {processor.py:840} INFO - DAG(s) 'example_xcom_args_with_operators', 'example_xcom_args' retrieved from /home/airflow/.local/lib/python3.8/site-packages/airflow/example_dags/example_xcomargs.py
[2024-06-12T18:06:15.452+0000] {logging_mixin.py:188} INFO - [2024-06-12T18:06:15.452+0000] {dag.py:3036} INFO - Sync 2 DAGs
[2024-06-12T18:06:15.478+0000] {logging_mixin.py:188} INFO - [2024-06-12T18:06:15.477+0000] {dag.py:3823} INFO - Setting next_dagrun for example_xcom_args to None, run_after=None
[2024-06-12T18:06:15.484+0000] {logging_mixin.py:188} INFO - [2024-06-12T18:06:15.483+0000] {dag.py:3823} INFO - Setting next_dagrun for example_xcom_args_with_operators to None, run_after=None
[2024-06-12T18:06:15.512+0000] {processor.py:183} INFO - Processing /home/airflow/.local/lib/python3.8/site-packages/airflow/example_dags/example_xcomargs.py took 0.099 seconds
[2024-06-12T18:06:47.176+0000] {processor.py:161} INFO - Started process (PID=265) to work on /home/airflow/.local/lib/python3.8/site-packages/airflow/example_dags/example_xcomargs.py
[2024-06-12T18:06:47.177+0000] {processor.py:830} INFO - Processing file /home/airflow/.local/lib/python3.8/site-packages/airflow/example_dags/example_xcomargs.py for tasks to queue
[2024-06-12T18:06:47.178+0000] {logging_mixin.py:188} INFO - [2024-06-12T18:06:47.178+0000] {dagbag.py:538} INFO - Filling up the DagBag from /home/airflow/.local/lib/python3.8/site-packages/airflow/example_dags/example_xcomargs.py
[2024-06-12T18:06:47.191+0000] {processor.py:840} INFO - DAG(s) 'example_xcom_args', 'example_xcom_args_with_operators' retrieved from /home/airflow/.local/lib/python3.8/site-packages/airflow/example_dags/example_xcomargs.py
[2024-06-12T18:06:47.367+0000] {logging_mixin.py:188} INFO - [2024-06-12T18:06:47.367+0000] {dag.py:3036} INFO - Sync 2 DAGs
[2024-06-12T18:06:47.383+0000] {logging_mixin.py:188} INFO - [2024-06-12T18:06:47.383+0000] {dag.py:3823} INFO - Setting next_dagrun for example_xcom_args to None, run_after=None
[2024-06-12T18:06:47.388+0000] {logging_mixin.py:188} INFO - [2024-06-12T18:06:47.388+0000] {dag.py:3823} INFO - Setting next_dagrun for example_xcom_args_with_operators to None, run_after=None
[2024-06-12T18:06:47.422+0000] {processor.py:183} INFO - Processing /home/airflow/.local/lib/python3.8/site-packages/airflow/example_dags/example_xcomargs.py took 0.250 seconds
[2024-06-12T18:07:17.561+0000] {processor.py:161} INFO - Started process (PID=330) to work on /home/airflow/.local/lib/python3.8/site-packages/airflow/example_dags/example_xcomargs.py
[2024-06-12T18:07:17.563+0000] {processor.py:830} INFO - Processing file /home/airflow/.local/lib/python3.8/site-packages/airflow/example_dags/example_xcomargs.py for tasks to queue
[2024-06-12T18:07:17.564+0000] {logging_mixin.py:188} INFO - [2024-06-12T18:07:17.564+0000] {dagbag.py:538} INFO - Filling up the DagBag from /home/airflow/.local/lib/python3.8/site-packages/airflow/example_dags/example_xcomargs.py
[2024-06-12T18:07:17.577+0000] {processor.py:840} INFO - DAG(s) 'example_xcom_args', 'example_xcom_args_with_operators' retrieved from /home/airflow/.local/lib/python3.8/site-packages/airflow/example_dags/example_xcomargs.py
[2024-06-12T18:07:17.619+0000] {logging_mixin.py:188} INFO - [2024-06-12T18:07:17.619+0000] {dag.py:3036} INFO - Sync 2 DAGs
[2024-06-12T18:07:17.642+0000] {logging_mixin.py:188} INFO - [2024-06-12T18:07:17.642+0000] {dag.py:3823} INFO - Setting next_dagrun for example_xcom_args to None, run_after=None
[2024-06-12T18:07:17.649+0000] {logging_mixin.py:188} INFO - [2024-06-12T18:07:17.648+0000] {dag.py:3823} INFO - Setting next_dagrun for example_xcom_args_with_operators to None, run_after=None
[2024-06-12T18:07:17.678+0000] {processor.py:183} INFO - Processing /home/airflow/.local/lib/python3.8/site-packages/airflow/example_dags/example_xcomargs.py took 0.120 seconds
[2024-06-12T18:07:56.965+0000] {processor.py:161} INFO - Started process (PID=399) to work on /home/airflow/.local/lib/python3.8/site-packages/airflow/example_dags/example_xcomargs.py
[2024-06-12T18:07:56.967+0000] {processor.py:830} INFO - Processing file /home/airflow/.local/lib/python3.8/site-packages/airflow/example_dags/example_xcomargs.py for tasks to queue
[2024-06-12T18:07:56.968+0000] {logging_mixin.py:188} INFO - [2024-06-12T18:07:56.968+0000] {dagbag.py:538} INFO - Filling up the DagBag from /home/airflow/.local/lib/python3.8/site-packages/airflow/example_dags/example_xcomargs.py
[2024-06-12T18:07:57.002+0000] {processor.py:840} INFO - DAG(s) 'example_xcom_args', 'example_xcom_args_with_operators' retrieved from /home/airflow/.local/lib/python3.8/site-packages/airflow/example_dags/example_xcomargs.py
[2024-06-12T18:07:57.054+0000] {logging_mixin.py:188} INFO - [2024-06-12T18:07:57.054+0000] {dag.py:3036} INFO - Sync 2 DAGs
[2024-06-12T18:07:57.072+0000] {logging_mixin.py:188} INFO - [2024-06-12T18:07:57.072+0000] {dag.py:3823} INFO - Setting next_dagrun for example_xcom_args to None, run_after=None
[2024-06-12T18:07:57.079+0000] {logging_mixin.py:188} INFO - [2024-06-12T18:07:57.079+0000] {dag.py:3823} INFO - Setting next_dagrun for example_xcom_args_with_operators to None, run_after=None
[2024-06-12T18:07:57.110+0000] {processor.py:183} INFO - Processing /home/airflow/.local/lib/python3.8/site-packages/airflow/example_dags/example_xcomargs.py took 0.150 seconds
[2024-06-12T18:08:36.309+0000] {processor.py:161} INFO - Started process (PID=470) to work on /home/airflow/.local/lib/python3.8/site-packages/airflow/example_dags/example_xcomargs.py
[2024-06-12T18:08:36.311+0000] {processor.py:830} INFO - Processing file /home/airflow/.local/lib/python3.8/site-packages/airflow/example_dags/example_xcomargs.py for tasks to queue
[2024-06-12T18:08:36.312+0000] {logging_mixin.py:188} INFO - [2024-06-12T18:08:36.312+0000] {dagbag.py:538} INFO - Filling up the DagBag from /home/airflow/.local/lib/python3.8/site-packages/airflow/example_dags/example_xcomargs.py
[2024-06-12T18:08:36.327+0000] {processor.py:840} INFO - DAG(s) 'example_xcom_args', 'example_xcom_args_with_operators' retrieved from /home/airflow/.local/lib/python3.8/site-packages/airflow/example_dags/example_xcomargs.py
[2024-06-12T18:08:36.378+0000] {logging_mixin.py:188} INFO - [2024-06-12T18:08:36.377+0000] {dag.py:3036} INFO - Sync 2 DAGs
[2024-06-12T18:08:36.405+0000] {logging_mixin.py:188} INFO - [2024-06-12T18:08:36.404+0000] {dag.py:3823} INFO - Setting next_dagrun for example_xcom_args to None, run_after=None
[2024-06-12T18:08:36.412+0000] {logging_mixin.py:188} INFO - [2024-06-12T18:08:36.411+0000] {dag.py:3823} INFO - Setting next_dagrun for example_xcom_args_with_operators to None, run_after=None
[2024-06-12T18:08:36.449+0000] {processor.py:183} INFO - Processing /home/airflow/.local/lib/python3.8/site-packages/airflow/example_dags/example_xcomargs.py took 0.144 seconds
[2024-06-12T18:09:07.200+0000] {processor.py:161} INFO - Started process (PID=530) to work on /home/airflow/.local/lib/python3.8/site-packages/airflow/example_dags/example_xcomargs.py
[2024-06-12T18:09:07.201+0000] {processor.py:830} INFO - Processing file /home/airflow/.local/lib/python3.8/site-packages/airflow/example_dags/example_xcomargs.py for tasks to queue
[2024-06-12T18:09:07.202+0000] {logging_mixin.py:188} INFO - [2024-06-12T18:09:07.202+0000] {dagbag.py:538} INFO - Filling up the DagBag from /home/airflow/.local/lib/python3.8/site-packages/airflow/example_dags/example_xcomargs.py
[2024-06-12T18:09:07.211+0000] {processor.py:840} INFO - DAG(s) 'example_xcom_args_with_operators', 'example_xcom_args' retrieved from /home/airflow/.local/lib/python3.8/site-packages/airflow/example_dags/example_xcomargs.py
[2024-06-12T18:09:07.225+0000] {logging_mixin.py:188} INFO - [2024-06-12T18:09:07.224+0000] {dag.py:3036} INFO - Sync 2 DAGs
[2024-06-12T18:09:07.242+0000] {logging_mixin.py:188} INFO - [2024-06-12T18:09:07.242+0000] {dag.py:3823} INFO - Setting next_dagrun for example_xcom_args to None, run_after=None
[2024-06-12T18:09:07.246+0000] {logging_mixin.py:188} INFO - [2024-06-12T18:09:07.246+0000] {dag.py:3823} INFO - Setting next_dagrun for example_xcom_args_with_operators to None, run_after=None
[2024-06-12T18:09:07.270+0000] {processor.py:183} INFO - Processing /home/airflow/.local/lib/python3.8/site-packages/airflow/example_dags/example_xcomargs.py took 0.074 seconds
[2024-06-12T18:09:37.850+0000] {processor.py:161} INFO - Started process (PID=587) to work on /home/airflow/.local/lib/python3.8/site-packages/airflow/example_dags/example_xcomargs.py
[2024-06-12T18:09:37.851+0000] {processor.py:830} INFO - Processing file /home/airflow/.local/lib/python3.8/site-packages/airflow/example_dags/example_xcomargs.py for tasks to queue
[2024-06-12T18:09:37.853+0000] {logging_mixin.py:188} INFO - [2024-06-12T18:09:37.852+0000] {dagbag.py:538} INFO - Filling up the DagBag from /home/airflow/.local/lib/python3.8/site-packages/airflow/example_dags/example_xcomargs.py
[2024-06-12T18:09:37.861+0000] {processor.py:840} INFO - DAG(s) 'example_xcom_args_with_operators', 'example_xcom_args' retrieved from /home/airflow/.local/lib/python3.8/site-packages/airflow/example_dags/example_xcomargs.py
[2024-06-12T18:09:37.984+0000] {logging_mixin.py:188} INFO - [2024-06-12T18:09:37.984+0000] {dag.py:3036} INFO - Sync 2 DAGs
[2024-06-12T18:09:37.997+0000] {logging_mixin.py:188} INFO - [2024-06-12T18:09:37.997+0000] {dag.py:3823} INFO - Setting next_dagrun for example_xcom_args to None, run_after=None
[2024-06-12T18:09:38.000+0000] {logging_mixin.py:188} INFO - [2024-06-12T18:09:38.000+0000] {dag.py:3823} INFO - Setting next_dagrun for example_xcom_args_with_operators to None, run_after=None
[2024-06-12T18:09:38.023+0000] {processor.py:183} INFO - Processing /home/airflow/.local/lib/python3.8/site-packages/airflow/example_dags/example_xcomargs.py took 0.176 seconds
[2024-06-12T18:10:08.371+0000] {processor.py:161} INFO - Started process (PID=646) to work on /home/airflow/.local/lib/python3.8/site-packages/airflow/example_dags/example_xcomargs.py
[2024-06-12T18:10:08.372+0000] {processor.py:830} INFO - Processing file /home/airflow/.local/lib/python3.8/site-packages/airflow/example_dags/example_xcomargs.py for tasks to queue
[2024-06-12T18:10:08.373+0000] {logging_mixin.py:188} INFO - [2024-06-12T18:10:08.372+0000] {dagbag.py:538} INFO - Filling up the DagBag from /home/airflow/.local/lib/python3.8/site-packages/airflow/example_dags/example_xcomargs.py
[2024-06-12T18:10:08.382+0000] {processor.py:840} INFO - DAG(s) 'example_xcom_args', 'example_xcom_args_with_operators' retrieved from /home/airflow/.local/lib/python3.8/site-packages/airflow/example_dags/example_xcomargs.py
[2024-06-12T18:10:08.410+0000] {logging_mixin.py:188} INFO - [2024-06-12T18:10:08.409+0000] {dag.py:3036} INFO - Sync 2 DAGs
[2024-06-12T18:10:08.425+0000] {logging_mixin.py:188} INFO - [2024-06-12T18:10:08.424+0000] {dag.py:3823} INFO - Setting next_dagrun for example_xcom_args to None, run_after=None
[2024-06-12T18:10:08.429+0000] {logging_mixin.py:188} INFO - [2024-06-12T18:10:08.428+0000] {dag.py:3823} INFO - Setting next_dagrun for example_xcom_args_with_operators to None, run_after=None
[2024-06-12T18:10:08.446+0000] {processor.py:183} INFO - Processing /home/airflow/.local/lib/python3.8/site-packages/airflow/example_dags/example_xcomargs.py took 0.079 seconds
[2024-06-12T18:10:39.216+0000] {processor.py:161} INFO - Started process (PID=703) to work on /home/airflow/.local/lib/python3.8/site-packages/airflow/example_dags/example_xcomargs.py
[2024-06-12T18:10:39.217+0000] {processor.py:830} INFO - Processing file /home/airflow/.local/lib/python3.8/site-packages/airflow/example_dags/example_xcomargs.py for tasks to queue
[2024-06-12T18:10:39.218+0000] {logging_mixin.py:188} INFO - [2024-06-12T18:10:39.218+0000] {dagbag.py:538} INFO - Filling up the DagBag from /home/airflow/.local/lib/python3.8/site-packages/airflow/example_dags/example_xcomargs.py
[2024-06-12T18:10:39.229+0000] {processor.py:840} INFO - DAG(s) 'example_xcom_args_with_operators', 'example_xcom_args' retrieved from /home/airflow/.local/lib/python3.8/site-packages/airflow/example_dags/example_xcomargs.py
[2024-06-12T18:10:39.262+0000] {logging_mixin.py:188} INFO - [2024-06-12T18:10:39.262+0000] {dag.py:3036} INFO - Sync 2 DAGs
[2024-06-12T18:10:39.282+0000] {logging_mixin.py:188} INFO - [2024-06-12T18:10:39.282+0000] {dag.py:3823} INFO - Setting next_dagrun for example_xcom_args to None, run_after=None
[2024-06-12T18:10:39.288+0000] {logging_mixin.py:188} INFO - [2024-06-12T18:10:39.287+0000] {dag.py:3823} INFO - Setting next_dagrun for example_xcom_args_with_operators to None, run_after=None
[2024-06-12T18:10:39.313+0000] {processor.py:183} INFO - Processing /home/airflow/.local/lib/python3.8/site-packages/airflow/example_dags/example_xcomargs.py took 0.101 seconds
[2024-06-12T18:11:09.927+0000] {processor.py:161} INFO - Started process (PID=760) to work on /home/airflow/.local/lib/python3.8/site-packages/airflow/example_dags/example_xcomargs.py
[2024-06-12T18:11:09.929+0000] {processor.py:830} INFO - Processing file /home/airflow/.local/lib/python3.8/site-packages/airflow/example_dags/example_xcomargs.py for tasks to queue
[2024-06-12T18:11:09.930+0000] {logging_mixin.py:188} INFO - [2024-06-12T18:11:09.930+0000] {dagbag.py:538} INFO - Filling up the DagBag from /home/airflow/.local/lib/python3.8/site-packages/airflow/example_dags/example_xcomargs.py
[2024-06-12T18:11:09.943+0000] {processor.py:840} INFO - DAG(s) 'example_xcom_args', 'example_xcom_args_with_operators' retrieved from /home/airflow/.local/lib/python3.8/site-packages/airflow/example_dags/example_xcomargs.py
[2024-06-12T18:11:09.977+0000] {logging_mixin.py:188} INFO - [2024-06-12T18:11:09.977+0000] {dag.py:3036} INFO - Sync 2 DAGs
[2024-06-12T18:11:09.995+0000] {logging_mixin.py:188} INFO - [2024-06-12T18:11:09.994+0000] {dag.py:3823} INFO - Setting next_dagrun for example_xcom_args to None, run_after=None
[2024-06-12T18:11:10.001+0000] {logging_mixin.py:188} INFO - [2024-06-12T18:11:10.001+0000] {dag.py:3823} INFO - Setting next_dagrun for example_xcom_args_with_operators to None, run_after=None
[2024-06-12T18:11:10.026+0000] {processor.py:183} INFO - Processing /home/airflow/.local/lib/python3.8/site-packages/airflow/example_dags/example_xcomargs.py took 0.102 seconds
[2024-06-12T18:11:40.226+0000] {processor.py:161} INFO - Started process (PID=817) to work on /home/airflow/.local/lib/python3.8/site-packages/airflow/example_dags/example_xcomargs.py
[2024-06-12T18:11:40.228+0000] {processor.py:830} INFO - Processing file /home/airflow/.local/lib/python3.8/site-packages/airflow/example_dags/example_xcomargs.py for tasks to queue
[2024-06-12T18:11:40.229+0000] {logging_mixin.py:188} INFO - [2024-06-12T18:11:40.229+0000] {dagbag.py:538} INFO - Filling up the DagBag from /home/airflow/.local/lib/python3.8/site-packages/airflow/example_dags/example_xcomargs.py
[2024-06-12T18:11:40.242+0000] {processor.py:840} INFO - DAG(s) 'example_xcom_args_with_operators', 'example_xcom_args' retrieved from /home/airflow/.local/lib/python3.8/site-packages/airflow/example_dags/example_xcomargs.py
[2024-06-12T18:11:40.270+0000] {logging_mixin.py:188} INFO - [2024-06-12T18:11:40.270+0000] {dag.py:3036} INFO - Sync 2 DAGs
[2024-06-12T18:11:40.285+0000] {logging_mixin.py:188} INFO - [2024-06-12T18:11:40.285+0000] {dag.py:3823} INFO - Setting next_dagrun for example_xcom_args to None, run_after=None
[2024-06-12T18:11:40.289+0000] {logging_mixin.py:188} INFO - [2024-06-12T18:11:40.289+0000] {dag.py:3823} INFO - Setting next_dagrun for example_xcom_args_with_operators to None, run_after=None
[2024-06-12T18:11:40.312+0000] {processor.py:183} INFO - Processing /home/airflow/.local/lib/python3.8/site-packages/airflow/example_dags/example_xcomargs.py took 0.088 seconds
[2024-06-12T18:12:11.287+0000] {processor.py:161} INFO - Started process (PID=874) to work on /home/airflow/.local/lib/python3.8/site-packages/airflow/example_dags/example_xcomargs.py
[2024-06-12T18:12:11.288+0000] {processor.py:830} INFO - Processing file /home/airflow/.local/lib/python3.8/site-packages/airflow/example_dags/example_xcomargs.py for tasks to queue
[2024-06-12T18:12:11.290+0000] {logging_mixin.py:188} INFO - [2024-06-12T18:12:11.289+0000] {dagbag.py:538} INFO - Filling up the DagBag from /home/airflow/.local/lib/python3.8/site-packages/airflow/example_dags/example_xcomargs.py
[2024-06-12T18:12:11.301+0000] {processor.py:840} INFO - DAG(s) 'example_xcom_args_with_operators', 'example_xcom_args' retrieved from /home/airflow/.local/lib/python3.8/site-packages/airflow/example_dags/example_xcomargs.py
[2024-06-12T18:12:11.335+0000] {logging_mixin.py:188} INFO - [2024-06-12T18:12:11.334+0000] {dag.py:3036} INFO - Sync 2 DAGs
[2024-06-12T18:12:11.352+0000] {logging_mixin.py:188} INFO - [2024-06-12T18:12:11.351+0000] {dag.py:3823} INFO - Setting next_dagrun for example_xcom_args to None, run_after=None
[2024-06-12T18:12:11.357+0000] {logging_mixin.py:188} INFO - [2024-06-12T18:12:11.357+0000] {dag.py:3823} INFO - Setting next_dagrun for example_xcom_args_with_operators to None, run_after=None
[2024-06-12T18:12:11.378+0000] {processor.py:183} INFO - Processing /home/airflow/.local/lib/python3.8/site-packages/airflow/example_dags/example_xcomargs.py took 0.094 seconds
[2024-06-12T18:14:49.119+0000] {processor.py:161} INFO - Started process (PID=45) to work on /home/airflow/.local/lib/python3.8/site-packages/airflow/example_dags/example_xcomargs.py
[2024-06-12T18:14:49.120+0000] {processor.py:830} INFO - Processing file /home/airflow/.local/lib/python3.8/site-packages/airflow/example_dags/example_xcomargs.py for tasks to queue
[2024-06-12T18:14:49.123+0000] {logging_mixin.py:188} INFO - [2024-06-12T18:14:49.122+0000] {dagbag.py:538} INFO - Filling up the DagBag from /home/airflow/.local/lib/python3.8/site-packages/airflow/example_dags/example_xcomargs.py
[2024-06-12T18:14:49.138+0000] {processor.py:840} INFO - DAG(s) 'example_xcom_args', 'example_xcom_args_with_operators' retrieved from /home/airflow/.local/lib/python3.8/site-packages/airflow/example_dags/example_xcomargs.py
[2024-06-12T18:14:49.186+0000] {logging_mixin.py:188} INFO - [2024-06-12T18:14:49.186+0000] {dag.py:3036} INFO - Sync 2 DAGs
[2024-06-12T18:14:49.203+0000] {logging_mixin.py:188} INFO - [2024-06-12T18:14:49.203+0000] {dag.py:3823} INFO - Setting next_dagrun for example_xcom_args to None, run_after=None
[2024-06-12T18:14:49.209+0000] {logging_mixin.py:188} INFO - [2024-06-12T18:14:49.209+0000] {dag.py:3823} INFO - Setting next_dagrun for example_xcom_args_with_operators to None, run_after=None
[2024-06-12T18:14:49.242+0000] {processor.py:183} INFO - Processing /home/airflow/.local/lib/python3.8/site-packages/airflow/example_dags/example_xcomargs.py took 0.128 seconds
[2024-06-12T18:15:20.042+0000] {processor.py:161} INFO - Started process (PID=102) to work on /home/airflow/.local/lib/python3.8/site-packages/airflow/example_dags/example_xcomargs.py
[2024-06-12T18:15:20.043+0000] {processor.py:830} INFO - Processing file /home/airflow/.local/lib/python3.8/site-packages/airflow/example_dags/example_xcomargs.py for tasks to queue
[2024-06-12T18:15:20.045+0000] {logging_mixin.py:188} INFO - [2024-06-12T18:15:20.045+0000] {dagbag.py:538} INFO - Filling up the DagBag from /home/airflow/.local/lib/python3.8/site-packages/airflow/example_dags/example_xcomargs.py
[2024-06-12T18:15:20.053+0000] {processor.py:840} INFO - DAG(s) 'example_xcom_args', 'example_xcom_args_with_operators' retrieved from /home/airflow/.local/lib/python3.8/site-packages/airflow/example_dags/example_xcomargs.py
[2024-06-12T18:15:20.066+0000] {logging_mixin.py:188} INFO - [2024-06-12T18:15:20.066+0000] {dag.py:3036} INFO - Sync 2 DAGs
[2024-06-12T18:15:20.082+0000] {logging_mixin.py:188} INFO - [2024-06-12T18:15:20.082+0000] {dag.py:3823} INFO - Setting next_dagrun for example_xcom_args to None, run_after=None
[2024-06-12T18:15:20.088+0000] {logging_mixin.py:188} INFO - [2024-06-12T18:15:20.088+0000] {dag.py:3823} INFO - Setting next_dagrun for example_xcom_args_with_operators to None, run_after=None
[2024-06-12T18:15:20.119+0000] {processor.py:183} INFO - Processing /home/airflow/.local/lib/python3.8/site-packages/airflow/example_dags/example_xcomargs.py took 0.081 seconds
[2024-06-12T18:15:50.554+0000] {processor.py:161} INFO - Started process (PID=159) to work on /home/airflow/.local/lib/python3.8/site-packages/airflow/example_dags/example_xcomargs.py
[2024-06-12T18:15:50.555+0000] {processor.py:830} INFO - Processing file /home/airflow/.local/lib/python3.8/site-packages/airflow/example_dags/example_xcomargs.py for tasks to queue
[2024-06-12T18:15:50.557+0000] {logging_mixin.py:188} INFO - [2024-06-12T18:15:50.557+0000] {dagbag.py:538} INFO - Filling up the DagBag from /home/airflow/.local/lib/python3.8/site-packages/airflow/example_dags/example_xcomargs.py
[2024-06-12T18:15:50.566+0000] {processor.py:840} INFO - DAG(s) 'example_xcom_args_with_operators', 'example_xcom_args' retrieved from /home/airflow/.local/lib/python3.8/site-packages/airflow/example_dags/example_xcomargs.py
[2024-06-12T18:15:50.704+0000] {logging_mixin.py:188} INFO - [2024-06-12T18:15:50.704+0000] {dag.py:3036} INFO - Sync 2 DAGs
[2024-06-12T18:15:50.718+0000] {logging_mixin.py:188} INFO - [2024-06-12T18:15:50.718+0000] {dag.py:3823} INFO - Setting next_dagrun for example_xcom_args to None, run_after=None
[2024-06-12T18:15:50.722+0000] {logging_mixin.py:188} INFO - [2024-06-12T18:15:50.722+0000] {dag.py:3823} INFO - Setting next_dagrun for example_xcom_args_with_operators to None, run_after=None
[2024-06-12T18:15:50.749+0000] {processor.py:183} INFO - Processing /home/airflow/.local/lib/python3.8/site-packages/airflow/example_dags/example_xcomargs.py took 0.198 seconds
[2024-06-12T18:16:21.612+0000] {processor.py:161} INFO - Started process (PID=215) to work on /home/airflow/.local/lib/python3.8/site-packages/airflow/example_dags/example_xcomargs.py
[2024-06-12T18:16:21.614+0000] {processor.py:830} INFO - Processing file /home/airflow/.local/lib/python3.8/site-packages/airflow/example_dags/example_xcomargs.py for tasks to queue
[2024-06-12T18:16:21.616+0000] {logging_mixin.py:188} INFO - [2024-06-12T18:16:21.616+0000] {dagbag.py:538} INFO - Filling up the DagBag from /home/airflow/.local/lib/python3.8/site-packages/airflow/example_dags/example_xcomargs.py
[2024-06-12T18:16:21.630+0000] {processor.py:840} INFO - DAG(s) 'example_xcom_args_with_operators', 'example_xcom_args' retrieved from /home/airflow/.local/lib/python3.8/site-packages/airflow/example_dags/example_xcomargs.py
[2024-06-12T18:16:21.652+0000] {logging_mixin.py:188} INFO - [2024-06-12T18:16:21.651+0000] {dag.py:3036} INFO - Sync 2 DAGs
[2024-06-12T18:16:21.675+0000] {logging_mixin.py:188} INFO - [2024-06-12T18:16:21.675+0000] {dag.py:3823} INFO - Setting next_dagrun for example_xcom_args to None, run_after=None
[2024-06-12T18:16:21.684+0000] {logging_mixin.py:188} INFO - [2024-06-12T18:16:21.683+0000] {dag.py:3823} INFO - Setting next_dagrun for example_xcom_args_with_operators to None, run_after=None
[2024-06-12T18:16:21.716+0000] {processor.py:183} INFO - Processing /home/airflow/.local/lib/python3.8/site-packages/airflow/example_dags/example_xcomargs.py took 0.108 seconds
[2024-06-12T18:16:52.098+0000] {processor.py:161} INFO - Started process (PID=271) to work on /home/airflow/.local/lib/python3.8/site-packages/airflow/example_dags/example_xcomargs.py
[2024-06-12T18:16:52.099+0000] {processor.py:830} INFO - Processing file /home/airflow/.local/lib/python3.8/site-packages/airflow/example_dags/example_xcomargs.py for tasks to queue
[2024-06-12T18:16:52.101+0000] {logging_mixin.py:188} INFO - [2024-06-12T18:16:52.101+0000] {dagbag.py:538} INFO - Filling up the DagBag from /home/airflow/.local/lib/python3.8/site-packages/airflow/example_dags/example_xcomargs.py
[2024-06-12T18:16:52.110+0000] {processor.py:840} INFO - DAG(s) 'example_xcom_args', 'example_xcom_args_with_operators' retrieved from /home/airflow/.local/lib/python3.8/site-packages/airflow/example_dags/example_xcomargs.py
[2024-06-12T18:16:52.260+0000] {logging_mixin.py:188} INFO - [2024-06-12T18:16:52.260+0000] {dag.py:3036} INFO - Sync 2 DAGs
[2024-06-12T18:16:52.274+0000] {logging_mixin.py:188} INFO - [2024-06-12T18:16:52.274+0000] {dag.py:3823} INFO - Setting next_dagrun for example_xcom_args to None, run_after=None
[2024-06-12T18:16:52.278+0000] {logging_mixin.py:188} INFO - [2024-06-12T18:16:52.278+0000] {dag.py:3823} INFO - Setting next_dagrun for example_xcom_args_with_operators to None, run_after=None
[2024-06-12T18:16:52.310+0000] {processor.py:183} INFO - Processing /home/airflow/.local/lib/python3.8/site-packages/airflow/example_dags/example_xcomargs.py took 0.216 seconds
[2024-06-12T18:17:22.648+0000] {processor.py:161} INFO - Started process (PID=330) to work on /home/airflow/.local/lib/python3.8/site-packages/airflow/example_dags/example_xcomargs.py
[2024-06-12T18:17:22.649+0000] {processor.py:830} INFO - Processing file /home/airflow/.local/lib/python3.8/site-packages/airflow/example_dags/example_xcomargs.py for tasks to queue
[2024-06-12T18:17:22.651+0000] {logging_mixin.py:188} INFO - [2024-06-12T18:17:22.650+0000] {dagbag.py:538} INFO - Filling up the DagBag from /home/airflow/.local/lib/python3.8/site-packages/airflow/example_dags/example_xcomargs.py
[2024-06-12T18:17:22.660+0000] {processor.py:840} INFO - DAG(s) 'example_xcom_args_with_operators', 'example_xcom_args' retrieved from /home/airflow/.local/lib/python3.8/site-packages/airflow/example_dags/example_xcomargs.py
[2024-06-12T18:17:22.689+0000] {logging_mixin.py:188} INFO - [2024-06-12T18:17:22.688+0000] {dag.py:3036} INFO - Sync 2 DAGs
[2024-06-12T18:17:22.705+0000] {logging_mixin.py:188} INFO - [2024-06-12T18:17:22.705+0000] {dag.py:3823} INFO - Setting next_dagrun for example_xcom_args to None, run_after=None
[2024-06-12T18:17:22.711+0000] {logging_mixin.py:188} INFO - [2024-06-12T18:17:22.711+0000] {dag.py:3823} INFO - Setting next_dagrun for example_xcom_args_with_operators to None, run_after=None
[2024-06-12T18:17:22.737+0000] {processor.py:183} INFO - Processing /home/airflow/.local/lib/python3.8/site-packages/airflow/example_dags/example_xcomargs.py took 0.091 seconds
[2024-06-12T18:18:45.558+0000] {processor.py:161} INFO - Started process (PID=45) to work on /home/airflow/.local/lib/python3.8/site-packages/airflow/example_dags/example_xcomargs.py
[2024-06-12T18:18:45.559+0000] {processor.py:830} INFO - Processing file /home/airflow/.local/lib/python3.8/site-packages/airflow/example_dags/example_xcomargs.py for tasks to queue
[2024-06-12T18:18:45.561+0000] {logging_mixin.py:188} INFO - [2024-06-12T18:18:45.560+0000] {dagbag.py:538} INFO - Filling up the DagBag from /home/airflow/.local/lib/python3.8/site-packages/airflow/example_dags/example_xcomargs.py
[2024-06-12T18:18:45.572+0000] {processor.py:840} INFO - DAG(s) 'example_xcom_args_with_operators', 'example_xcom_args' retrieved from /home/airflow/.local/lib/python3.8/site-packages/airflow/example_dags/example_xcomargs.py
[2024-06-12T18:18:45.585+0000] {logging_mixin.py:188} INFO - [2024-06-12T18:18:45.585+0000] {dag.py:3036} INFO - Sync 2 DAGs
[2024-06-12T18:18:45.600+0000] {logging_mixin.py:188} INFO - [2024-06-12T18:18:45.600+0000] {dag.py:3823} INFO - Setting next_dagrun for example_xcom_args to None, run_after=None
[2024-06-12T18:18:45.605+0000] {logging_mixin.py:188} INFO - [2024-06-12T18:18:45.605+0000] {dag.py:3823} INFO - Setting next_dagrun for example_xcom_args_with_operators to None, run_after=None
[2024-06-12T18:18:45.628+0000] {processor.py:183} INFO - Processing /home/airflow/.local/lib/python3.8/site-packages/airflow/example_dags/example_xcomargs.py took 0.073 seconds
[2024-06-12T18:19:16.593+0000] {processor.py:161} INFO - Started process (PID=102) to work on /home/airflow/.local/lib/python3.8/site-packages/airflow/example_dags/example_xcomargs.py
[2024-06-12T18:19:16.594+0000] {processor.py:830} INFO - Processing file /home/airflow/.local/lib/python3.8/site-packages/airflow/example_dags/example_xcomargs.py for tasks to queue
[2024-06-12T18:19:16.597+0000] {logging_mixin.py:188} INFO - [2024-06-12T18:19:16.597+0000] {dagbag.py:538} INFO - Filling up the DagBag from /home/airflow/.local/lib/python3.8/site-packages/airflow/example_dags/example_xcomargs.py
[2024-06-12T18:19:16.608+0000] {processor.py:840} INFO - DAG(s) 'example_xcom_args_with_operators', 'example_xcom_args' retrieved from /home/airflow/.local/lib/python3.8/site-packages/airflow/example_dags/example_xcomargs.py
[2024-06-12T18:19:16.628+0000] {logging_mixin.py:188} INFO - [2024-06-12T18:19:16.628+0000] {dag.py:3036} INFO - Sync 2 DAGs
[2024-06-12T18:19:16.652+0000] {logging_mixin.py:188} INFO - [2024-06-12T18:19:16.651+0000] {dag.py:3823} INFO - Setting next_dagrun for example_xcom_args to None, run_after=None
[2024-06-12T18:19:16.661+0000] {logging_mixin.py:188} INFO - [2024-06-12T18:19:16.661+0000] {dag.py:3823} INFO - Setting next_dagrun for example_xcom_args_with_operators to None, run_after=None
[2024-06-12T18:19:16.699+0000] {processor.py:183} INFO - Processing /home/airflow/.local/lib/python3.8/site-packages/airflow/example_dags/example_xcomargs.py took 0.110 seconds
[2024-06-12T18:19:47.259+0000] {processor.py:161} INFO - Started process (PID=159) to work on /home/airflow/.local/lib/python3.8/site-packages/airflow/example_dags/example_xcomargs.py
[2024-06-12T18:19:47.260+0000] {processor.py:830} INFO - Processing file /home/airflow/.local/lib/python3.8/site-packages/airflow/example_dags/example_xcomargs.py for tasks to queue
[2024-06-12T18:19:47.262+0000] {logging_mixin.py:188} INFO - [2024-06-12T18:19:47.262+0000] {dagbag.py:538} INFO - Filling up the DagBag from /home/airflow/.local/lib/python3.8/site-packages/airflow/example_dags/example_xcomargs.py
[2024-06-12T18:19:47.270+0000] {processor.py:840} INFO - DAG(s) 'example_xcom_args_with_operators', 'example_xcom_args' retrieved from /home/airflow/.local/lib/python3.8/site-packages/airflow/example_dags/example_xcomargs.py
[2024-06-12T18:19:47.436+0000] {logging_mixin.py:188} INFO - [2024-06-12T18:19:47.436+0000] {dag.py:3036} INFO - Sync 2 DAGs
[2024-06-12T18:19:47.451+0000] {logging_mixin.py:188} INFO - [2024-06-12T18:19:47.451+0000] {dag.py:3823} INFO - Setting next_dagrun for example_xcom_args to None, run_after=None
[2024-06-12T18:19:47.456+0000] {logging_mixin.py:188} INFO - [2024-06-12T18:19:47.456+0000] {dag.py:3823} INFO - Setting next_dagrun for example_xcom_args_with_operators to None, run_after=None
[2024-06-12T18:19:47.490+0000] {processor.py:183} INFO - Processing /home/airflow/.local/lib/python3.8/site-packages/airflow/example_dags/example_xcomargs.py took 0.234 seconds
[2024-06-12T18:20:17.938+0000] {processor.py:161} INFO - Started process (PID=214) to work on /home/airflow/.local/lib/python3.8/site-packages/airflow/example_dags/example_xcomargs.py
[2024-06-12T18:20:17.939+0000] {processor.py:830} INFO - Processing file /home/airflow/.local/lib/python3.8/site-packages/airflow/example_dags/example_xcomargs.py for tasks to queue
[2024-06-12T18:20:17.942+0000] {logging_mixin.py:188} INFO - [2024-06-12T18:20:17.941+0000] {dagbag.py:538} INFO - Filling up the DagBag from /home/airflow/.local/lib/python3.8/site-packages/airflow/example_dags/example_xcomargs.py
[2024-06-12T18:20:17.955+0000] {processor.py:840} INFO - DAG(s) 'example_xcom_args', 'example_xcom_args_with_operators' retrieved from /home/airflow/.local/lib/python3.8/site-packages/airflow/example_dags/example_xcomargs.py
[2024-06-12T18:20:17.987+0000] {logging_mixin.py:188} INFO - [2024-06-12T18:20:17.987+0000] {dag.py:3036} INFO - Sync 2 DAGs
[2024-06-12T18:20:18.009+0000] {logging_mixin.py:188} INFO - [2024-06-12T18:20:18.009+0000] {dag.py:3823} INFO - Setting next_dagrun for example_xcom_args to None, run_after=None
[2024-06-12T18:20:18.016+0000] {logging_mixin.py:188} INFO - [2024-06-12T18:20:18.016+0000] {dag.py:3823} INFO - Setting next_dagrun for example_xcom_args_with_operators to None, run_after=None
[2024-06-12T18:20:18.045+0000] {processor.py:183} INFO - Processing /home/airflow/.local/lib/python3.8/site-packages/airflow/example_dags/example_xcomargs.py took 0.111 seconds
[2024-06-12T18:20:48.369+0000] {processor.py:161} INFO - Started process (PID=271) to work on /home/airflow/.local/lib/python3.8/site-packages/airflow/example_dags/example_xcomargs.py
[2024-06-12T18:20:48.370+0000] {processor.py:830} INFO - Processing file /home/airflow/.local/lib/python3.8/site-packages/airflow/example_dags/example_xcomargs.py for tasks to queue
[2024-06-12T18:20:48.373+0000] {logging_mixin.py:188} INFO - [2024-06-12T18:20:48.372+0000] {dagbag.py:538} INFO - Filling up the DagBag from /home/airflow/.local/lib/python3.8/site-packages/airflow/example_dags/example_xcomargs.py
[2024-06-12T18:20:48.383+0000] {processor.py:840} INFO - DAG(s) 'example_xcom_args', 'example_xcom_args_with_operators' retrieved from /home/airflow/.local/lib/python3.8/site-packages/airflow/example_dags/example_xcomargs.py
[2024-06-12T18:20:48.417+0000] {logging_mixin.py:188} INFO - [2024-06-12T18:20:48.416+0000] {dag.py:3036} INFO - Sync 2 DAGs
[2024-06-12T18:20:48.436+0000] {logging_mixin.py:188} INFO - [2024-06-12T18:20:48.435+0000] {dag.py:3823} INFO - Setting next_dagrun for example_xcom_args to None, run_after=None
[2024-06-12T18:20:48.443+0000] {logging_mixin.py:188} INFO - [2024-06-12T18:20:48.442+0000] {dag.py:3823} INFO - Setting next_dagrun for example_xcom_args_with_operators to None, run_after=None
[2024-06-12T18:20:48.475+0000] {processor.py:183} INFO - Processing /home/airflow/.local/lib/python3.8/site-packages/airflow/example_dags/example_xcomargs.py took 0.111 seconds
[2024-06-12T18:21:18.695+0000] {processor.py:161} INFO - Started process (PID=328) to work on /home/airflow/.local/lib/python3.8/site-packages/airflow/example_dags/example_xcomargs.py
[2024-06-12T18:21:18.696+0000] {processor.py:830} INFO - Processing file /home/airflow/.local/lib/python3.8/site-packages/airflow/example_dags/example_xcomargs.py for tasks to queue
[2024-06-12T18:21:18.698+0000] {logging_mixin.py:188} INFO - [2024-06-12T18:21:18.698+0000] {dagbag.py:538} INFO - Filling up the DagBag from /home/airflow/.local/lib/python3.8/site-packages/airflow/example_dags/example_xcomargs.py
[2024-06-12T18:21:18.708+0000] {processor.py:840} INFO - DAG(s) 'example_xcom_args', 'example_xcom_args_with_operators' retrieved from /home/airflow/.local/lib/python3.8/site-packages/airflow/example_dags/example_xcomargs.py
[2024-06-12T18:21:18.738+0000] {logging_mixin.py:188} INFO - [2024-06-12T18:21:18.738+0000] {dag.py:3036} INFO - Sync 2 DAGs
[2024-06-12T18:21:18.757+0000] {logging_mixin.py:188} INFO - [2024-06-12T18:21:18.757+0000] {dag.py:3823} INFO - Setting next_dagrun for example_xcom_args to None, run_after=None
[2024-06-12T18:21:18.763+0000] {logging_mixin.py:188} INFO - [2024-06-12T18:21:18.762+0000] {dag.py:3823} INFO - Setting next_dagrun for example_xcom_args_with_operators to None, run_after=None
[2024-06-12T18:21:18.788+0000] {processor.py:183} INFO - Processing /home/airflow/.local/lib/python3.8/site-packages/airflow/example_dags/example_xcomargs.py took 0.097 seconds
[2024-06-12T18:21:48.959+0000] {processor.py:161} INFO - Started process (PID=385) to work on /home/airflow/.local/lib/python3.8/site-packages/airflow/example_dags/example_xcomargs.py
[2024-06-12T18:21:48.960+0000] {processor.py:830} INFO - Processing file /home/airflow/.local/lib/python3.8/site-packages/airflow/example_dags/example_xcomargs.py for tasks to queue
[2024-06-12T18:21:48.963+0000] {logging_mixin.py:188} INFO - [2024-06-12T18:21:48.962+0000] {dagbag.py:538} INFO - Filling up the DagBag from /home/airflow/.local/lib/python3.8/site-packages/airflow/example_dags/example_xcomargs.py
[2024-06-12T18:21:48.974+0000] {processor.py:840} INFO - DAG(s) 'example_xcom_args', 'example_xcom_args_with_operators' retrieved from /home/airflow/.local/lib/python3.8/site-packages/airflow/example_dags/example_xcomargs.py
[2024-06-12T18:21:49.009+0000] {logging_mixin.py:188} INFO - [2024-06-12T18:21:49.009+0000] {dag.py:3036} INFO - Sync 2 DAGs
[2024-06-12T18:21:49.029+0000] {logging_mixin.py:188} INFO - [2024-06-12T18:21:49.028+0000] {dag.py:3823} INFO - Setting next_dagrun for example_xcom_args to None, run_after=None
[2024-06-12T18:21:49.034+0000] {logging_mixin.py:188} INFO - [2024-06-12T18:21:49.034+0000] {dag.py:3823} INFO - Setting next_dagrun for example_xcom_args_with_operators to None, run_after=None
[2024-06-12T18:21:49.060+0000] {processor.py:183} INFO - Processing /home/airflow/.local/lib/python3.8/site-packages/airflow/example_dags/example_xcomargs.py took 0.105 seconds
[2024-06-12T18:22:19.159+0000] {processor.py:161} INFO - Started process (PID=441) to work on /home/airflow/.local/lib/python3.8/site-packages/airflow/example_dags/example_xcomargs.py
[2024-06-12T18:22:19.160+0000] {processor.py:830} INFO - Processing file /home/airflow/.local/lib/python3.8/site-packages/airflow/example_dags/example_xcomargs.py for tasks to queue
[2024-06-12T18:22:19.162+0000] {logging_mixin.py:188} INFO - [2024-06-12T18:22:19.162+0000] {dagbag.py:538} INFO - Filling up the DagBag from /home/airflow/.local/lib/python3.8/site-packages/airflow/example_dags/example_xcomargs.py
[2024-06-12T18:22:19.169+0000] {processor.py:840} INFO - DAG(s) 'example_xcom_args_with_operators', 'example_xcom_args' retrieved from /home/airflow/.local/lib/python3.8/site-packages/airflow/example_dags/example_xcomargs.py
[2024-06-12T18:22:19.192+0000] {logging_mixin.py:188} INFO - [2024-06-12T18:22:19.192+0000] {dag.py:3036} INFO - Sync 2 DAGs
[2024-06-12T18:22:19.204+0000] {logging_mixin.py:188} INFO - [2024-06-12T18:22:19.204+0000] {dag.py:3823} INFO - Setting next_dagrun for example_xcom_args to None, run_after=None
[2024-06-12T18:22:19.209+0000] {logging_mixin.py:188} INFO - [2024-06-12T18:22:19.209+0000] {dag.py:3823} INFO - Setting next_dagrun for example_xcom_args_with_operators to None, run_after=None
[2024-06-12T18:22:19.226+0000] {processor.py:183} INFO - Processing /home/airflow/.local/lib/python3.8/site-packages/airflow/example_dags/example_xcomargs.py took 0.069 seconds
[2024-06-12T18:22:49.455+0000] {processor.py:161} INFO - Started process (PID=498) to work on /home/airflow/.local/lib/python3.8/site-packages/airflow/example_dags/example_xcomargs.py
[2024-06-12T18:22:49.456+0000] {processor.py:830} INFO - Processing file /home/airflow/.local/lib/python3.8/site-packages/airflow/example_dags/example_xcomargs.py for tasks to queue
[2024-06-12T18:22:49.458+0000] {logging_mixin.py:188} INFO - [2024-06-12T18:22:49.458+0000] {dagbag.py:538} INFO - Filling up the DagBag from /home/airflow/.local/lib/python3.8/site-packages/airflow/example_dags/example_xcomargs.py
[2024-06-12T18:22:49.482+0000] {processor.py:840} INFO - DAG(s) 'example_xcom_args', 'example_xcom_args_with_operators' retrieved from /home/airflow/.local/lib/python3.8/site-packages/airflow/example_dags/example_xcomargs.py
[2024-06-12T18:22:49.518+0000] {logging_mixin.py:188} INFO - [2024-06-12T18:22:49.518+0000] {dag.py:3036} INFO - Sync 2 DAGs
[2024-06-12T18:22:49.536+0000] {logging_mixin.py:188} INFO - [2024-06-12T18:22:49.535+0000] {dag.py:3823} INFO - Setting next_dagrun for example_xcom_args to None, run_after=None
[2024-06-12T18:22:49.546+0000] {logging_mixin.py:188} INFO - [2024-06-12T18:22:49.546+0000] {dag.py:3823} INFO - Setting next_dagrun for example_xcom_args_with_operators to None, run_after=None
[2024-06-12T18:22:49.574+0000] {processor.py:183} INFO - Processing /home/airflow/.local/lib/python3.8/site-packages/airflow/example_dags/example_xcomargs.py took 0.123 seconds
[2024-06-12T18:23:19.673+0000] {processor.py:161} INFO - Started process (PID=555) to work on /home/airflow/.local/lib/python3.8/site-packages/airflow/example_dags/example_xcomargs.py
[2024-06-12T18:23:19.674+0000] {processor.py:830} INFO - Processing file /home/airflow/.local/lib/python3.8/site-packages/airflow/example_dags/example_xcomargs.py for tasks to queue
[2024-06-12T18:23:19.677+0000] {logging_mixin.py:188} INFO - [2024-06-12T18:23:19.676+0000] {dagbag.py:538} INFO - Filling up the DagBag from /home/airflow/.local/lib/python3.8/site-packages/airflow/example_dags/example_xcomargs.py
[2024-06-12T18:23:19.687+0000] {processor.py:840} INFO - DAG(s) 'example_xcom_args', 'example_xcom_args_with_operators' retrieved from /home/airflow/.local/lib/python3.8/site-packages/airflow/example_dags/example_xcomargs.py
[2024-06-12T18:23:19.722+0000] {logging_mixin.py:188} INFO - [2024-06-12T18:23:19.721+0000] {dag.py:3036} INFO - Sync 2 DAGs
[2024-06-12T18:23:19.740+0000] {logging_mixin.py:188} INFO - [2024-06-12T18:23:19.739+0000] {dag.py:3823} INFO - Setting next_dagrun for example_xcom_args to None, run_after=None
[2024-06-12T18:23:19.745+0000] {logging_mixin.py:188} INFO - [2024-06-12T18:23:19.745+0000] {dag.py:3823} INFO - Setting next_dagrun for example_xcom_args_with_operators to None, run_after=None
[2024-06-12T18:23:19.780+0000] {processor.py:183} INFO - Processing /home/airflow/.local/lib/python3.8/site-packages/airflow/example_dags/example_xcomargs.py took 0.111 seconds
[2024-06-12T18:23:50.001+0000] {processor.py:161} INFO - Started process (PID=612) to work on /home/airflow/.local/lib/python3.8/site-packages/airflow/example_dags/example_xcomargs.py
[2024-06-12T18:23:50.002+0000] {processor.py:830} INFO - Processing file /home/airflow/.local/lib/python3.8/site-packages/airflow/example_dags/example_xcomargs.py for tasks to queue
[2024-06-12T18:23:50.005+0000] {logging_mixin.py:188} INFO - [2024-06-12T18:23:50.004+0000] {dagbag.py:538} INFO - Filling up the DagBag from /home/airflow/.local/lib/python3.8/site-packages/airflow/example_dags/example_xcomargs.py
[2024-06-12T18:23:50.016+0000] {processor.py:840} INFO - DAG(s) 'example_xcom_args_with_operators', 'example_xcom_args' retrieved from /home/airflow/.local/lib/python3.8/site-packages/airflow/example_dags/example_xcomargs.py
[2024-06-12T18:23:50.049+0000] {logging_mixin.py:188} INFO - [2024-06-12T18:23:50.048+0000] {dag.py:3036} INFO - Sync 2 DAGs
[2024-06-12T18:23:50.067+0000] {logging_mixin.py:188} INFO - [2024-06-12T18:23:50.067+0000] {dag.py:3823} INFO - Setting next_dagrun for example_xcom_args to None, run_after=None
[2024-06-12T18:23:50.075+0000] {logging_mixin.py:188} INFO - [2024-06-12T18:23:50.074+0000] {dag.py:3823} INFO - Setting next_dagrun for example_xcom_args_with_operators to None, run_after=None
[2024-06-12T18:23:50.113+0000] {processor.py:183} INFO - Processing /home/airflow/.local/lib/python3.8/site-packages/airflow/example_dags/example_xcomargs.py took 0.117 seconds
[2024-06-12T18:24:20.181+0000] {processor.py:161} INFO - Started process (PID=669) to work on /home/airflow/.local/lib/python3.8/site-packages/airflow/example_dags/example_xcomargs.py
[2024-06-12T18:24:20.182+0000] {processor.py:830} INFO - Processing file /home/airflow/.local/lib/python3.8/site-packages/airflow/example_dags/example_xcomargs.py for tasks to queue
[2024-06-12T18:24:20.184+0000] {logging_mixin.py:188} INFO - [2024-06-12T18:24:20.183+0000] {dagbag.py:538} INFO - Filling up the DagBag from /home/airflow/.local/lib/python3.8/site-packages/airflow/example_dags/example_xcomargs.py
[2024-06-12T18:24:20.191+0000] {processor.py:840} INFO - DAG(s) 'example_xcom_args_with_operators', 'example_xcom_args' retrieved from /home/airflow/.local/lib/python3.8/site-packages/airflow/example_dags/example_xcomargs.py
[2024-06-12T18:24:20.202+0000] {logging_mixin.py:188} INFO - [2024-06-12T18:24:20.202+0000] {dag.py:3036} INFO - Sync 2 DAGs
[2024-06-12T18:24:20.217+0000] {logging_mixin.py:188} INFO - [2024-06-12T18:24:20.217+0000] {dag.py:3823} INFO - Setting next_dagrun for example_xcom_args to None, run_after=None
[2024-06-12T18:24:20.221+0000] {logging_mixin.py:188} INFO - [2024-06-12T18:24:20.221+0000] {dag.py:3823} INFO - Setting next_dagrun for example_xcom_args_with_operators to None, run_after=None
[2024-06-12T18:24:20.241+0000] {processor.py:183} INFO - Processing /home/airflow/.local/lib/python3.8/site-packages/airflow/example_dags/example_xcomargs.py took 0.063 seconds
[2024-06-12T18:24:50.663+0000] {processor.py:161} INFO - Started process (PID=726) to work on /home/airflow/.local/lib/python3.8/site-packages/airflow/example_dags/example_xcomargs.py
[2024-06-12T18:24:50.664+0000] {processor.py:830} INFO - Processing file /home/airflow/.local/lib/python3.8/site-packages/airflow/example_dags/example_xcomargs.py for tasks to queue
[2024-06-12T18:24:50.666+0000] {logging_mixin.py:188} INFO - [2024-06-12T18:24:50.665+0000] {dagbag.py:538} INFO - Filling up the DagBag from /home/airflow/.local/lib/python3.8/site-packages/airflow/example_dags/example_xcomargs.py
[2024-06-12T18:24:50.674+0000] {processor.py:840} INFO - DAG(s) 'example_xcom_args', 'example_xcom_args_with_operators' retrieved from /home/airflow/.local/lib/python3.8/site-packages/airflow/example_dags/example_xcomargs.py
[2024-06-12T18:24:50.792+0000] {logging_mixin.py:188} INFO - [2024-06-12T18:24:50.792+0000] {dag.py:3036} INFO - Sync 2 DAGs
[2024-06-12T18:24:50.805+0000] {logging_mixin.py:188} INFO - [2024-06-12T18:24:50.804+0000] {dag.py:3823} INFO - Setting next_dagrun for example_xcom_args to None, run_after=None
[2024-06-12T18:24:50.808+0000] {logging_mixin.py:188} INFO - [2024-06-12T18:24:50.808+0000] {dag.py:3823} INFO - Setting next_dagrun for example_xcom_args_with_operators to None, run_after=None
[2024-06-12T18:24:50.830+0000] {processor.py:183} INFO - Processing /home/airflow/.local/lib/python3.8/site-packages/airflow/example_dags/example_xcomargs.py took 0.171 seconds
[2024-06-12T18:25:21.450+0000] {processor.py:161} INFO - Started process (PID=783) to work on /home/airflow/.local/lib/python3.8/site-packages/airflow/example_dags/example_xcomargs.py
[2024-06-12T18:25:21.452+0000] {processor.py:830} INFO - Processing file /home/airflow/.local/lib/python3.8/site-packages/airflow/example_dags/example_xcomargs.py for tasks to queue
[2024-06-12T18:25:21.454+0000] {logging_mixin.py:188} INFO - [2024-06-12T18:25:21.454+0000] {dagbag.py:538} INFO - Filling up the DagBag from /home/airflow/.local/lib/python3.8/site-packages/airflow/example_dags/example_xcomargs.py
[2024-06-12T18:25:21.468+0000] {processor.py:840} INFO - DAG(s) 'example_xcom_args_with_operators', 'example_xcom_args' retrieved from /home/airflow/.local/lib/python3.8/site-packages/airflow/example_dags/example_xcomargs.py
[2024-06-12T18:25:21.511+0000] {logging_mixin.py:188} INFO - [2024-06-12T18:25:21.511+0000] {dag.py:3036} INFO - Sync 2 DAGs
[2024-06-12T18:25:21.534+0000] {logging_mixin.py:188} INFO - [2024-06-12T18:25:21.533+0000] {dag.py:3823} INFO - Setting next_dagrun for example_xcom_args to None, run_after=None
[2024-06-12T18:25:21.541+0000] {logging_mixin.py:188} INFO - [2024-06-12T18:25:21.540+0000] {dag.py:3823} INFO - Setting next_dagrun for example_xcom_args_with_operators to None, run_after=None
[2024-06-12T18:25:21.567+0000] {processor.py:183} INFO - Processing /home/airflow/.local/lib/python3.8/site-packages/airflow/example_dags/example_xcomargs.py took 0.122 seconds
[2024-06-12T18:26:56.867+0000] {processor.py:161} INFO - Started process (PID=45) to work on /home/airflow/.local/lib/python3.8/site-packages/airflow/example_dags/example_xcomargs.py
[2024-06-12T18:26:56.868+0000] {processor.py:830} INFO - Processing file /home/airflow/.local/lib/python3.8/site-packages/airflow/example_dags/example_xcomargs.py for tasks to queue
[2024-06-12T18:26:56.870+0000] {logging_mixin.py:188} INFO - [2024-06-12T18:26:56.869+0000] {dagbag.py:538} INFO - Filling up the DagBag from /home/airflow/.local/lib/python3.8/site-packages/airflow/example_dags/example_xcomargs.py
[2024-06-12T18:26:56.881+0000] {processor.py:840} INFO - DAG(s) 'example_xcom_args', 'example_xcom_args_with_operators' retrieved from /home/airflow/.local/lib/python3.8/site-packages/airflow/example_dags/example_xcomargs.py
[2024-06-12T18:26:56.919+0000] {logging_mixin.py:188} INFO - [2024-06-12T18:26:56.918+0000] {dag.py:3036} INFO - Sync 2 DAGs
[2024-06-12T18:26:56.936+0000] {logging_mixin.py:188} INFO - [2024-06-12T18:26:56.936+0000] {dag.py:3823} INFO - Setting next_dagrun for example_xcom_args to None, run_after=None
[2024-06-12T18:26:56.942+0000] {logging_mixin.py:188} INFO - [2024-06-12T18:26:56.942+0000] {dag.py:3823} INFO - Setting next_dagrun for example_xcom_args_with_operators to None, run_after=None
[2024-06-12T18:26:56.984+0000] {processor.py:183} INFO - Processing /home/airflow/.local/lib/python3.8/site-packages/airflow/example_dags/example_xcomargs.py took 0.121 seconds
[2024-06-12T18:27:27.220+0000] {processor.py:161} INFO - Started process (PID=102) to work on /home/airflow/.local/lib/python3.8/site-packages/airflow/example_dags/example_xcomargs.py
[2024-06-12T18:27:27.221+0000] {processor.py:830} INFO - Processing file /home/airflow/.local/lib/python3.8/site-packages/airflow/example_dags/example_xcomargs.py for tasks to queue
[2024-06-12T18:27:27.224+0000] {logging_mixin.py:188} INFO - [2024-06-12T18:27:27.223+0000] {dagbag.py:538} INFO - Filling up the DagBag from /home/airflow/.local/lib/python3.8/site-packages/airflow/example_dags/example_xcomargs.py
[2024-06-12T18:27:27.234+0000] {processor.py:840} INFO - DAG(s) 'example_xcom_args_with_operators', 'example_xcom_args' retrieved from /home/airflow/.local/lib/python3.8/site-packages/airflow/example_dags/example_xcomargs.py
[2024-06-12T18:27:27.251+0000] {logging_mixin.py:188} INFO - [2024-06-12T18:27:27.251+0000] {dag.py:3036} INFO - Sync 2 DAGs
[2024-06-12T18:27:27.268+0000] {logging_mixin.py:188} INFO - [2024-06-12T18:27:27.268+0000] {dag.py:3823} INFO - Setting next_dagrun for example_xcom_args to None, run_after=None
[2024-06-12T18:27:27.273+0000] {logging_mixin.py:188} INFO - [2024-06-12T18:27:27.273+0000] {dag.py:3823} INFO - Setting next_dagrun for example_xcom_args_with_operators to None, run_after=None
[2024-06-12T18:27:27.297+0000] {processor.py:183} INFO - Processing /home/airflow/.local/lib/python3.8/site-packages/airflow/example_dags/example_xcomargs.py took 0.081 seconds
[2024-06-12T18:27:58.146+0000] {processor.py:161} INFO - Started process (PID=157) to work on /home/airflow/.local/lib/python3.8/site-packages/airflow/example_dags/example_xcomargs.py
[2024-06-12T18:27:58.148+0000] {processor.py:830} INFO - Processing file /home/airflow/.local/lib/python3.8/site-packages/airflow/example_dags/example_xcomargs.py for tasks to queue
[2024-06-12T18:27:58.152+0000] {logging_mixin.py:188} INFO - [2024-06-12T18:27:58.151+0000] {dagbag.py:538} INFO - Filling up the DagBag from /home/airflow/.local/lib/python3.8/site-packages/airflow/example_dags/example_xcomargs.py
[2024-06-12T18:27:58.168+0000] {processor.py:840} INFO - DAG(s) 'example_xcom_args', 'example_xcom_args_with_operators' retrieved from /home/airflow/.local/lib/python3.8/site-packages/airflow/example_dags/example_xcomargs.py
[2024-06-12T18:27:58.365+0000] {logging_mixin.py:188} INFO - [2024-06-12T18:27:58.365+0000] {dag.py:3036} INFO - Sync 2 DAGs
[2024-06-12T18:27:58.380+0000] {logging_mixin.py:188} INFO - [2024-06-12T18:27:58.380+0000] {dag.py:3823} INFO - Setting next_dagrun for example_xcom_args to None, run_after=None
[2024-06-12T18:27:58.385+0000] {logging_mixin.py:188} INFO - [2024-06-12T18:27:58.384+0000] {dag.py:3823} INFO - Setting next_dagrun for example_xcom_args_with_operators to None, run_after=None
[2024-06-12T18:27:58.416+0000] {processor.py:183} INFO - Processing /home/airflow/.local/lib/python3.8/site-packages/airflow/example_dags/example_xcomargs.py took 0.276 seconds
[2024-06-12T18:28:28.537+0000] {processor.py:161} INFO - Started process (PID=214) to work on /home/airflow/.local/lib/python3.8/site-packages/airflow/example_dags/example_xcomargs.py
[2024-06-12T18:28:28.539+0000] {processor.py:830} INFO - Processing file /home/airflow/.local/lib/python3.8/site-packages/airflow/example_dags/example_xcomargs.py for tasks to queue
[2024-06-12T18:28:28.542+0000] {logging_mixin.py:188} INFO - [2024-06-12T18:28:28.541+0000] {dagbag.py:538} INFO - Filling up the DagBag from /home/airflow/.local/lib/python3.8/site-packages/airflow/example_dags/example_xcomargs.py
[2024-06-12T18:28:28.555+0000] {processor.py:840} INFO - DAG(s) 'example_xcom_args_with_operators', 'example_xcom_args' retrieved from /home/airflow/.local/lib/python3.8/site-packages/airflow/example_dags/example_xcomargs.py
[2024-06-12T18:28:28.598+0000] {logging_mixin.py:188} INFO - [2024-06-12T18:28:28.596+0000] {dag.py:3036} INFO - Sync 2 DAGs
[2024-06-12T18:28:28.638+0000] {logging_mixin.py:188} INFO - [2024-06-12T18:28:28.638+0000] {dag.py:3823} INFO - Setting next_dagrun for example_xcom_args to None, run_after=None
[2024-06-12T18:28:28.647+0000] {logging_mixin.py:188} INFO - [2024-06-12T18:28:28.646+0000] {dag.py:3823} INFO - Setting next_dagrun for example_xcom_args_with_operators to None, run_after=None
[2024-06-12T18:28:28.682+0000] {processor.py:183} INFO - Processing /home/airflow/.local/lib/python3.8/site-packages/airflow/example_dags/example_xcomargs.py took 0.149 seconds
[2024-06-12T18:28:58.969+0000] {processor.py:161} INFO - Started process (PID=271) to work on /home/airflow/.local/lib/python3.8/site-packages/airflow/example_dags/example_xcomargs.py
[2024-06-12T18:28:58.970+0000] {processor.py:830} INFO - Processing file /home/airflow/.local/lib/python3.8/site-packages/airflow/example_dags/example_xcomargs.py for tasks to queue
[2024-06-12T18:28:58.973+0000] {logging_mixin.py:188} INFO - [2024-06-12T18:28:58.972+0000] {dagbag.py:538} INFO - Filling up the DagBag from /home/airflow/.local/lib/python3.8/site-packages/airflow/example_dags/example_xcomargs.py
[2024-06-12T18:28:58.984+0000] {processor.py:840} INFO - DAG(s) 'example_xcom_args', 'example_xcom_args_with_operators' retrieved from /home/airflow/.local/lib/python3.8/site-packages/airflow/example_dags/example_xcomargs.py
[2024-06-12T18:28:59.018+0000] {logging_mixin.py:188} INFO - [2024-06-12T18:28:59.017+0000] {dag.py:3036} INFO - Sync 2 DAGs
[2024-06-12T18:28:59.037+0000] {logging_mixin.py:188} INFO - [2024-06-12T18:28:59.037+0000] {dag.py:3823} INFO - Setting next_dagrun for example_xcom_args to None, run_after=None
[2024-06-12T18:28:59.043+0000] {logging_mixin.py:188} INFO - [2024-06-12T18:28:59.043+0000] {dag.py:3823} INFO - Setting next_dagrun for example_xcom_args_with_operators to None, run_after=None
[2024-06-12T18:28:59.069+0000] {processor.py:183} INFO - Processing /home/airflow/.local/lib/python3.8/site-packages/airflow/example_dags/example_xcomargs.py took 0.103 seconds
[2024-06-12T18:29:29.499+0000] {processor.py:161} INFO - Started process (PID=328) to work on /home/airflow/.local/lib/python3.8/site-packages/airflow/example_dags/example_xcomargs.py
[2024-06-12T18:29:29.500+0000] {processor.py:830} INFO - Processing file /home/airflow/.local/lib/python3.8/site-packages/airflow/example_dags/example_xcomargs.py for tasks to queue
[2024-06-12T18:29:29.503+0000] {logging_mixin.py:188} INFO - [2024-06-12T18:29:29.502+0000] {dagbag.py:538} INFO - Filling up the DagBag from /home/airflow/.local/lib/python3.8/site-packages/airflow/example_dags/example_xcomargs.py
[2024-06-12T18:29:29.512+0000] {processor.py:840} INFO - DAG(s) 'example_xcom_args_with_operators', 'example_xcom_args' retrieved from /home/airflow/.local/lib/python3.8/site-packages/airflow/example_dags/example_xcomargs.py
[2024-06-12T18:29:29.549+0000] {logging_mixin.py:188} INFO - [2024-06-12T18:29:29.548+0000] {dag.py:3036} INFO - Sync 2 DAGs
[2024-06-12T18:29:29.571+0000] {logging_mixin.py:188} INFO - [2024-06-12T18:29:29.571+0000] {dag.py:3823} INFO - Setting next_dagrun for example_xcom_args to None, run_after=None
[2024-06-12T18:29:29.578+0000] {logging_mixin.py:188} INFO - [2024-06-12T18:29:29.578+0000] {dag.py:3823} INFO - Setting next_dagrun for example_xcom_args_with_operators to None, run_after=None
[2024-06-12T18:29:29.604+0000] {processor.py:183} INFO - Processing /home/airflow/.local/lib/python3.8/site-packages/airflow/example_dags/example_xcomargs.py took 0.110 seconds
[2024-06-12T18:29:59.862+0000] {processor.py:161} INFO - Started process (PID=385) to work on /home/airflow/.local/lib/python3.8/site-packages/airflow/example_dags/example_xcomargs.py
[2024-06-12T18:29:59.863+0000] {processor.py:830} INFO - Processing file /home/airflow/.local/lib/python3.8/site-packages/airflow/example_dags/example_xcomargs.py for tasks to queue
[2024-06-12T18:29:59.865+0000] {logging_mixin.py:188} INFO - [2024-06-12T18:29:59.865+0000] {dagbag.py:538} INFO - Filling up the DagBag from /home/airflow/.local/lib/python3.8/site-packages/airflow/example_dags/example_xcomargs.py
[2024-06-12T18:29:59.874+0000] {processor.py:840} INFO - DAG(s) 'example_xcom_args_with_operators', 'example_xcom_args' retrieved from /home/airflow/.local/lib/python3.8/site-packages/airflow/example_dags/example_xcomargs.py
[2024-06-12T18:29:59.904+0000] {logging_mixin.py:188} INFO - [2024-06-12T18:29:59.904+0000] {dag.py:3036} INFO - Sync 2 DAGs
[2024-06-12T18:29:59.922+0000] {logging_mixin.py:188} INFO - [2024-06-12T18:29:59.921+0000] {dag.py:3823} INFO - Setting next_dagrun for example_xcom_args to None, run_after=None
[2024-06-12T18:29:59.927+0000] {logging_mixin.py:188} INFO - [2024-06-12T18:29:59.927+0000] {dag.py:3823} INFO - Setting next_dagrun for example_xcom_args_with_operators to None, run_after=None
[2024-06-12T18:29:59.951+0000] {processor.py:183} INFO - Processing /home/airflow/.local/lib/python3.8/site-packages/airflow/example_dags/example_xcomargs.py took 0.092 seconds
[2024-06-12T18:30:30.131+0000] {processor.py:161} INFO - Started process (PID=442) to work on /home/airflow/.local/lib/python3.8/site-packages/airflow/example_dags/example_xcomargs.py
[2024-06-12T18:30:30.133+0000] {processor.py:830} INFO - Processing file /home/airflow/.local/lib/python3.8/site-packages/airflow/example_dags/example_xcomargs.py for tasks to queue
[2024-06-12T18:30:30.134+0000] {logging_mixin.py:188} INFO - [2024-06-12T18:30:30.134+0000] {dagbag.py:538} INFO - Filling up the DagBag from /home/airflow/.local/lib/python3.8/site-packages/airflow/example_dags/example_xcomargs.py
[2024-06-12T18:30:30.143+0000] {processor.py:840} INFO - DAG(s) 'example_xcom_args_with_operators', 'example_xcom_args' retrieved from /home/airflow/.local/lib/python3.8/site-packages/airflow/example_dags/example_xcomargs.py
[2024-06-12T18:30:30.166+0000] {logging_mixin.py:188} INFO - [2024-06-12T18:30:30.166+0000] {dag.py:3036} INFO - Sync 2 DAGs
[2024-06-12T18:30:30.179+0000] {logging_mixin.py:188} INFO - [2024-06-12T18:30:30.179+0000] {dag.py:3823} INFO - Setting next_dagrun for example_xcom_args to None, run_after=None
[2024-06-12T18:30:30.183+0000] {logging_mixin.py:188} INFO - [2024-06-12T18:30:30.183+0000] {dag.py:3823} INFO - Setting next_dagrun for example_xcom_args_with_operators to None, run_after=None
[2024-06-12T18:30:30.203+0000] {processor.py:183} INFO - Processing /home/airflow/.local/lib/python3.8/site-packages/airflow/example_dags/example_xcomargs.py took 0.074 seconds
[2024-06-12T18:31:01.156+0000] {processor.py:161} INFO - Started process (PID=499) to work on /home/airflow/.local/lib/python3.8/site-packages/airflow/example_dags/example_xcomargs.py
[2024-06-12T18:31:01.157+0000] {processor.py:830} INFO - Processing file /home/airflow/.local/lib/python3.8/site-packages/airflow/example_dags/example_xcomargs.py for tasks to queue
[2024-06-12T18:31:01.159+0000] {logging_mixin.py:188} INFO - [2024-06-12T18:31:01.159+0000] {dagbag.py:538} INFO - Filling up the DagBag from /home/airflow/.local/lib/python3.8/site-packages/airflow/example_dags/example_xcomargs.py
[2024-06-12T18:31:01.170+0000] {processor.py:840} INFO - DAG(s) 'example_xcom_args_with_operators', 'example_xcom_args' retrieved from /home/airflow/.local/lib/python3.8/site-packages/airflow/example_dags/example_xcomargs.py
[2024-06-12T18:31:01.204+0000] {logging_mixin.py:188} INFO - [2024-06-12T18:31:01.204+0000] {dag.py:3036} INFO - Sync 2 DAGs
[2024-06-12T18:31:01.227+0000] {logging_mixin.py:188} INFO - [2024-06-12T18:31:01.226+0000] {dag.py:3823} INFO - Setting next_dagrun for example_xcom_args to None, run_after=None
[2024-06-12T18:31:01.235+0000] {logging_mixin.py:188} INFO - [2024-06-12T18:31:01.235+0000] {dag.py:3823} INFO - Setting next_dagrun for example_xcom_args_with_operators to None, run_after=None
[2024-06-12T18:31:01.263+0000] {processor.py:183} INFO - Processing /home/airflow/.local/lib/python3.8/site-packages/airflow/example_dags/example_xcomargs.py took 0.111 seconds
[2024-06-12T18:31:31.483+0000] {processor.py:161} INFO - Started process (PID=556) to work on /home/airflow/.local/lib/python3.8/site-packages/airflow/example_dags/example_xcomargs.py
[2024-06-12T18:31:31.484+0000] {processor.py:830} INFO - Processing file /home/airflow/.local/lib/python3.8/site-packages/airflow/example_dags/example_xcomargs.py for tasks to queue
[2024-06-12T18:31:31.487+0000] {logging_mixin.py:188} INFO - [2024-06-12T18:31:31.487+0000] {dagbag.py:538} INFO - Filling up the DagBag from /home/airflow/.local/lib/python3.8/site-packages/airflow/example_dags/example_xcomargs.py
[2024-06-12T18:31:31.500+0000] {processor.py:840} INFO - DAG(s) 'example_xcom_args_with_operators', 'example_xcom_args' retrieved from /home/airflow/.local/lib/python3.8/site-packages/airflow/example_dags/example_xcomargs.py
[2024-06-12T18:31:31.548+0000] {logging_mixin.py:188} INFO - [2024-06-12T18:31:31.547+0000] {dag.py:3036} INFO - Sync 2 DAGs
[2024-06-12T18:31:31.570+0000] {logging_mixin.py:188} INFO - [2024-06-12T18:31:31.569+0000] {dag.py:3823} INFO - Setting next_dagrun for example_xcom_args to None, run_after=None
[2024-06-12T18:31:31.577+0000] {logging_mixin.py:188} INFO - [2024-06-12T18:31:31.576+0000] {dag.py:3823} INFO - Setting next_dagrun for example_xcom_args_with_operators to None, run_after=None
[2024-06-12T18:31:31.614+0000] {processor.py:183} INFO - Processing /home/airflow/.local/lib/python3.8/site-packages/airflow/example_dags/example_xcomargs.py took 0.135 seconds
[2024-06-12T18:32:01.871+0000] {processor.py:161} INFO - Started process (PID=613) to work on /home/airflow/.local/lib/python3.8/site-packages/airflow/example_dags/example_xcomargs.py
[2024-06-12T18:32:01.872+0000] {processor.py:830} INFO - Processing file /home/airflow/.local/lib/python3.8/site-packages/airflow/example_dags/example_xcomargs.py for tasks to queue
[2024-06-12T18:32:01.875+0000] {logging_mixin.py:188} INFO - [2024-06-12T18:32:01.874+0000] {dagbag.py:538} INFO - Filling up the DagBag from /home/airflow/.local/lib/python3.8/site-packages/airflow/example_dags/example_xcomargs.py
[2024-06-12T18:32:01.885+0000] {processor.py:840} INFO - DAG(s) 'example_xcom_args', 'example_xcom_args_with_operators' retrieved from /home/airflow/.local/lib/python3.8/site-packages/airflow/example_dags/example_xcomargs.py
[2024-06-12T18:32:01.918+0000] {logging_mixin.py:188} INFO - [2024-06-12T18:32:01.918+0000] {dag.py:3036} INFO - Sync 2 DAGs
[2024-06-12T18:32:01.943+0000] {logging_mixin.py:188} INFO - [2024-06-12T18:32:01.942+0000] {dag.py:3823} INFO - Setting next_dagrun for example_xcom_args to None, run_after=None
[2024-06-12T18:32:01.949+0000] {logging_mixin.py:188} INFO - [2024-06-12T18:32:01.949+0000] {dag.py:3823} INFO - Setting next_dagrun for example_xcom_args_with_operators to None, run_after=None
[2024-06-12T18:32:01.975+0000] {processor.py:183} INFO - Processing /home/airflow/.local/lib/python3.8/site-packages/airflow/example_dags/example_xcomargs.py took 0.107 seconds
[2024-06-12T18:32:32.104+0000] {processor.py:161} INFO - Started process (PID=669) to work on /home/airflow/.local/lib/python3.8/site-packages/airflow/example_dags/example_xcomargs.py
[2024-06-12T18:32:32.106+0000] {processor.py:830} INFO - Processing file /home/airflow/.local/lib/python3.8/site-packages/airflow/example_dags/example_xcomargs.py for tasks to queue
[2024-06-12T18:32:32.108+0000] {logging_mixin.py:188} INFO - [2024-06-12T18:32:32.107+0000] {dagbag.py:538} INFO - Filling up the DagBag from /home/airflow/.local/lib/python3.8/site-packages/airflow/example_dags/example_xcomargs.py
[2024-06-12T18:32:32.119+0000] {processor.py:840} INFO - DAG(s) 'example_xcom_args', 'example_xcom_args_with_operators' retrieved from /home/airflow/.local/lib/python3.8/site-packages/airflow/example_dags/example_xcomargs.py
[2024-06-12T18:32:32.154+0000] {logging_mixin.py:188} INFO - [2024-06-12T18:32:32.154+0000] {dag.py:3036} INFO - Sync 2 DAGs
[2024-06-12T18:32:32.172+0000] {logging_mixin.py:188} INFO - [2024-06-12T18:32:32.172+0000] {dag.py:3823} INFO - Setting next_dagrun for example_xcom_args to None, run_after=None
[2024-06-12T18:32:32.179+0000] {logging_mixin.py:188} INFO - [2024-06-12T18:32:32.179+0000] {dag.py:3823} INFO - Setting next_dagrun for example_xcom_args_with_operators to None, run_after=None
[2024-06-12T18:32:32.207+0000] {processor.py:183} INFO - Processing /home/airflow/.local/lib/python3.8/site-packages/airflow/example_dags/example_xcomargs.py took 0.108 seconds
[2024-06-12T18:33:03.264+0000] {processor.py:161} INFO - Started process (PID=728) to work on /home/airflow/.local/lib/python3.8/site-packages/airflow/example_dags/example_xcomargs.py
[2024-06-12T18:33:03.266+0000] {processor.py:830} INFO - Processing file /home/airflow/.local/lib/python3.8/site-packages/airflow/example_dags/example_xcomargs.py for tasks to queue
[2024-06-12T18:33:03.269+0000] {logging_mixin.py:188} INFO - [2024-06-12T18:33:03.268+0000] {dagbag.py:538} INFO - Filling up the DagBag from /home/airflow/.local/lib/python3.8/site-packages/airflow/example_dags/example_xcomargs.py
[2024-06-12T18:33:03.281+0000] {processor.py:840} INFO - DAG(s) 'example_xcom_args_with_operators', 'example_xcom_args' retrieved from /home/airflow/.local/lib/python3.8/site-packages/airflow/example_dags/example_xcomargs.py
[2024-06-12T18:33:03.328+0000] {logging_mixin.py:188} INFO - [2024-06-12T18:33:03.327+0000] {dag.py:3036} INFO - Sync 2 DAGs
[2024-06-12T18:33:03.348+0000] {logging_mixin.py:188} INFO - [2024-06-12T18:33:03.347+0000] {dag.py:3823} INFO - Setting next_dagrun for example_xcom_args to None, run_after=None
[2024-06-12T18:33:03.355+0000] {logging_mixin.py:188} INFO - [2024-06-12T18:33:03.355+0000] {dag.py:3823} INFO - Setting next_dagrun for example_xcom_args_with_operators to None, run_after=None
[2024-06-12T18:33:03.394+0000] {processor.py:183} INFO - Processing /home/airflow/.local/lib/python3.8/site-packages/airflow/example_dags/example_xcomargs.py took 0.135 seconds
[2024-06-12T18:33:33.742+0000] {processor.py:161} INFO - Started process (PID=786) to work on /home/airflow/.local/lib/python3.8/site-packages/airflow/example_dags/example_xcomargs.py
[2024-06-12T18:33:33.743+0000] {processor.py:830} INFO - Processing file /home/airflow/.local/lib/python3.8/site-packages/airflow/example_dags/example_xcomargs.py for tasks to queue
[2024-06-12T18:33:33.744+0000] {logging_mixin.py:188} INFO - [2024-06-12T18:33:33.744+0000] {dagbag.py:538} INFO - Filling up the DagBag from /home/airflow/.local/lib/python3.8/site-packages/airflow/example_dags/example_xcomargs.py
[2024-06-12T18:33:33.752+0000] {processor.py:840} INFO - DAG(s) 'example_xcom_args', 'example_xcom_args_with_operators' retrieved from /home/airflow/.local/lib/python3.8/site-packages/airflow/example_dags/example_xcomargs.py
[2024-06-12T18:33:33.776+0000] {logging_mixin.py:188} INFO - [2024-06-12T18:33:33.775+0000] {dag.py:3036} INFO - Sync 2 DAGs
[2024-06-12T18:33:33.791+0000] {logging_mixin.py:188} INFO - [2024-06-12T18:33:33.791+0000] {dag.py:3823} INFO - Setting next_dagrun for example_xcom_args to None, run_after=None
[2024-06-12T18:33:33.797+0000] {logging_mixin.py:188} INFO - [2024-06-12T18:33:33.797+0000] {dag.py:3823} INFO - Setting next_dagrun for example_xcom_args_with_operators to None, run_after=None
[2024-06-12T18:33:33.819+0000] {processor.py:183} INFO - Processing /home/airflow/.local/lib/python3.8/site-packages/airflow/example_dags/example_xcomargs.py took 0.079 seconds
[2024-06-12T18:34:04.470+0000] {processor.py:161} INFO - Started process (PID=843) to work on /home/airflow/.local/lib/python3.8/site-packages/airflow/example_dags/example_xcomargs.py
[2024-06-12T18:34:04.471+0000] {processor.py:830} INFO - Processing file /home/airflow/.local/lib/python3.8/site-packages/airflow/example_dags/example_xcomargs.py for tasks to queue
[2024-06-12T18:34:04.473+0000] {logging_mixin.py:188} INFO - [2024-06-12T18:34:04.473+0000] {dagbag.py:538} INFO - Filling up the DagBag from /home/airflow/.local/lib/python3.8/site-packages/airflow/example_dags/example_xcomargs.py
[2024-06-12T18:34:04.480+0000] {processor.py:840} INFO - DAG(s) 'example_xcom_args', 'example_xcom_args_with_operators' retrieved from /home/airflow/.local/lib/python3.8/site-packages/airflow/example_dags/example_xcomargs.py
[2024-06-12T18:34:04.504+0000] {logging_mixin.py:188} INFO - [2024-06-12T18:34:04.504+0000] {dag.py:3036} INFO - Sync 2 DAGs
[2024-06-12T18:34:04.517+0000] {logging_mixin.py:188} INFO - [2024-06-12T18:34:04.517+0000] {dag.py:3823} INFO - Setting next_dagrun for example_xcom_args to None, run_after=None
[2024-06-12T18:34:04.522+0000] {logging_mixin.py:188} INFO - [2024-06-12T18:34:04.522+0000] {dag.py:3823} INFO - Setting next_dagrun for example_xcom_args_with_operators to None, run_after=None
[2024-06-12T18:34:04.545+0000] {processor.py:183} INFO - Processing /home/airflow/.local/lib/python3.8/site-packages/airflow/example_dags/example_xcomargs.py took 0.077 seconds
[2024-06-12T18:34:35.355+0000] {processor.py:161} INFO - Started process (PID=900) to work on /home/airflow/.local/lib/python3.8/site-packages/airflow/example_dags/example_xcomargs.py
[2024-06-12T18:34:35.357+0000] {processor.py:830} INFO - Processing file /home/airflow/.local/lib/python3.8/site-packages/airflow/example_dags/example_xcomargs.py for tasks to queue
[2024-06-12T18:34:35.360+0000] {logging_mixin.py:188} INFO - [2024-06-12T18:34:35.359+0000] {dagbag.py:538} INFO - Filling up the DagBag from /home/airflow/.local/lib/python3.8/site-packages/airflow/example_dags/example_xcomargs.py
[2024-06-12T18:34:35.374+0000] {processor.py:840} INFO - DAG(s) 'example_xcom_args', 'example_xcom_args_with_operators' retrieved from /home/airflow/.local/lib/python3.8/site-packages/airflow/example_dags/example_xcomargs.py
[2024-06-12T18:34:35.412+0000] {logging_mixin.py:188} INFO - [2024-06-12T18:34:35.412+0000] {dag.py:3036} INFO - Sync 2 DAGs
[2024-06-12T18:34:35.438+0000] {logging_mixin.py:188} INFO - [2024-06-12T18:34:35.437+0000] {dag.py:3823} INFO - Setting next_dagrun for example_xcom_args to None, run_after=None
[2024-06-12T18:34:35.445+0000] {logging_mixin.py:188} INFO - [2024-06-12T18:34:35.444+0000] {dag.py:3823} INFO - Setting next_dagrun for example_xcom_args_with_operators to None, run_after=None
[2024-06-12T18:34:35.471+0000] {processor.py:183} INFO - Processing /home/airflow/.local/lib/python3.8/site-packages/airflow/example_dags/example_xcomargs.py took 0.120 seconds
[2024-06-12T18:35:05.721+0000] {processor.py:161} INFO - Started process (PID=957) to work on /home/airflow/.local/lib/python3.8/site-packages/airflow/example_dags/example_xcomargs.py
[2024-06-12T18:35:05.722+0000] {processor.py:830} INFO - Processing file /home/airflow/.local/lib/python3.8/site-packages/airflow/example_dags/example_xcomargs.py for tasks to queue
[2024-06-12T18:35:05.725+0000] {logging_mixin.py:188} INFO - [2024-06-12T18:35:05.724+0000] {dagbag.py:538} INFO - Filling up the DagBag from /home/airflow/.local/lib/python3.8/site-packages/airflow/example_dags/example_xcomargs.py
[2024-06-12T18:35:05.737+0000] {processor.py:840} INFO - DAG(s) 'example_xcom_args_with_operators', 'example_xcom_args' retrieved from /home/airflow/.local/lib/python3.8/site-packages/airflow/example_dags/example_xcomargs.py
[2024-06-12T18:35:05.770+0000] {logging_mixin.py:188} INFO - [2024-06-12T18:35:05.770+0000] {dag.py:3036} INFO - Sync 2 DAGs
[2024-06-12T18:35:05.787+0000] {logging_mixin.py:188} INFO - [2024-06-12T18:35:05.787+0000] {dag.py:3823} INFO - Setting next_dagrun for example_xcom_args to None, run_after=None
[2024-06-12T18:35:05.793+0000] {logging_mixin.py:188} INFO - [2024-06-12T18:35:05.793+0000] {dag.py:3823} INFO - Setting next_dagrun for example_xcom_args_with_operators to None, run_after=None
[2024-06-12T18:35:05.819+0000] {processor.py:183} INFO - Processing /home/airflow/.local/lib/python3.8/site-packages/airflow/example_dags/example_xcomargs.py took 0.103 seconds
[2024-06-12T18:35:36.096+0000] {processor.py:161} INFO - Started process (PID=1014) to work on /home/airflow/.local/lib/python3.8/site-packages/airflow/example_dags/example_xcomargs.py
[2024-06-12T18:35:36.098+0000] {processor.py:830} INFO - Processing file /home/airflow/.local/lib/python3.8/site-packages/airflow/example_dags/example_xcomargs.py for tasks to queue
[2024-06-12T18:35:36.100+0000] {logging_mixin.py:188} INFO - [2024-06-12T18:35:36.099+0000] {dagbag.py:538} INFO - Filling up the DagBag from /home/airflow/.local/lib/python3.8/site-packages/airflow/example_dags/example_xcomargs.py
[2024-06-12T18:35:36.111+0000] {processor.py:840} INFO - DAG(s) 'example_xcom_args', 'example_xcom_args_with_operators' retrieved from /home/airflow/.local/lib/python3.8/site-packages/airflow/example_dags/example_xcomargs.py
[2024-06-12T18:35:36.150+0000] {logging_mixin.py:188} INFO - [2024-06-12T18:35:36.150+0000] {dag.py:3036} INFO - Sync 2 DAGs
[2024-06-12T18:35:36.174+0000] {logging_mixin.py:188} INFO - [2024-06-12T18:35:36.173+0000] {dag.py:3823} INFO - Setting next_dagrun for example_xcom_args to None, run_after=None
[2024-06-12T18:35:36.182+0000] {logging_mixin.py:188} INFO - [2024-06-12T18:35:36.181+0000] {dag.py:3823} INFO - Setting next_dagrun for example_xcom_args_with_operators to None, run_after=None
[2024-06-12T18:35:36.213+0000] {processor.py:183} INFO - Processing /home/airflow/.local/lib/python3.8/site-packages/airflow/example_dags/example_xcomargs.py took 0.120 seconds
