[2024-06-12T18:04:09.203+0000] {processor.py:161} INFO - Started process (PID=51) to work on /home/airflow/.local/lib/python3.8/site-packages/airflow/example_dags/example_nested_branch_dag.py
[2024-06-12T18:04:09.205+0000] {processor.py:830} INFO - Processing file /home/airflow/.local/lib/python3.8/site-packages/airflow/example_dags/example_nested_branch_dag.py for tasks to queue
[2024-06-12T18:04:09.209+0000] {logging_mixin.py:188} INFO - [2024-06-12T18:04:09.208+0000] {dagbag.py:538} INFO - Filling up the DagBag from /home/airflow/.local/lib/python3.8/site-packages/airflow/example_dags/example_nested_branch_dag.py
[2024-06-12T18:04:09.247+0000] {processor.py:840} INFO - DAG(s) 'example_nested_branch_dag' retrieved from /home/airflow/.local/lib/python3.8/site-packages/airflow/example_dags/example_nested_branch_dag.py
[2024-06-12T18:04:09.412+0000] {logging_mixin.py:188} INFO - [2024-06-12T18:04:09.411+0000] {dag.py:3036} INFO - Sync 1 DAGs
[2024-06-12T18:04:09.507+0000] {logging_mixin.py:188} INFO - [2024-06-12T18:04:09.507+0000] {dag.py:3823} INFO - Setting next_dagrun for example_nested_branch_dag to 2024-06-11 00:00:00+00:00, run_after=2024-06-12 00:00:00+00:00
[2024-06-12T18:04:09.539+0000] {processor.py:183} INFO - Processing /home/airflow/.local/lib/python3.8/site-packages/airflow/example_dags/example_nested_branch_dag.py took 0.341 seconds
[2024-06-12T18:05:00.460+0000] {processor.py:161} INFO - Started process (PID=113) to work on /home/airflow/.local/lib/python3.8/site-packages/airflow/example_dags/example_nested_branch_dag.py
[2024-06-12T18:05:00.465+0000] {processor.py:830} INFO - Processing file /home/airflow/.local/lib/python3.8/site-packages/airflow/example_dags/example_nested_branch_dag.py for tasks to queue
[2024-06-12T18:05:00.471+0000] {logging_mixin.py:188} INFO - [2024-06-12T18:05:00.469+0000] {dagbag.py:538} INFO - Filling up the DagBag from /home/airflow/.local/lib/python3.8/site-packages/airflow/example_dags/example_nested_branch_dag.py
[2024-06-12T18:05:00.553+0000] {processor.py:840} INFO - DAG(s) 'example_nested_branch_dag' retrieved from /home/airflow/.local/lib/python3.8/site-packages/airflow/example_dags/example_nested_branch_dag.py
[2024-06-12T18:05:42.430+0000] {logging_mixin.py:188} INFO - [2024-06-12T18:05:42.430+0000] {dag.py:3036} INFO - Sync 1 DAGs
[2024-06-12T18:05:42.504+0000] {logging_mixin.py:188} INFO - [2024-06-12T18:05:42.504+0000] {dag.py:3823} INFO - Setting next_dagrun for example_nested_branch_dag to 2024-06-11 00:00:00+00:00, run_after=2024-06-12 00:00:00+00:00
[2024-06-12T18:05:42.565+0000] {processor.py:183} INFO - Processing /home/airflow/.local/lib/python3.8/site-packages/airflow/example_dags/example_nested_branch_dag.py took 42.125 seconds
[2024-06-12T18:06:13.564+0000] {processor.py:161} INFO - Started process (PID=191) to work on /home/airflow/.local/lib/python3.8/site-packages/airflow/example_dags/example_nested_branch_dag.py
[2024-06-12T18:06:13.567+0000] {processor.py:830} INFO - Processing file /home/airflow/.local/lib/python3.8/site-packages/airflow/example_dags/example_nested_branch_dag.py for tasks to queue
[2024-06-12T18:06:13.569+0000] {logging_mixin.py:188} INFO - [2024-06-12T18:06:13.568+0000] {dagbag.py:538} INFO - Filling up the DagBag from /home/airflow/.local/lib/python3.8/site-packages/airflow/example_dags/example_nested_branch_dag.py
[2024-06-12T18:06:13.601+0000] {processor.py:840} INFO - DAG(s) 'example_nested_branch_dag' retrieved from /home/airflow/.local/lib/python3.8/site-packages/airflow/example_dags/example_nested_branch_dag.py
[2024-06-12T18:06:13.634+0000] {logging_mixin.py:188} INFO - [2024-06-12T18:06:13.634+0000] {dag.py:3036} INFO - Sync 1 DAGs
[2024-06-12T18:06:13.713+0000] {logging_mixin.py:188} INFO - [2024-06-12T18:06:13.713+0000] {dag.py:3823} INFO - Setting next_dagrun for example_nested_branch_dag to 2024-06-11 00:00:00+00:00, run_after=2024-06-12 00:00:00+00:00
[2024-06-12T18:06:13.774+0000] {processor.py:183} INFO - Processing /home/airflow/.local/lib/python3.8/site-packages/airflow/example_dags/example_nested_branch_dag.py took 0.214 seconds
[2024-06-12T18:06:44.428+0000] {processor.py:161} INFO - Started process (PID=248) to work on /home/airflow/.local/lib/python3.8/site-packages/airflow/example_dags/example_nested_branch_dag.py
[2024-06-12T18:06:44.429+0000] {processor.py:830} INFO - Processing file /home/airflow/.local/lib/python3.8/site-packages/airflow/example_dags/example_nested_branch_dag.py for tasks to queue
[2024-06-12T18:06:44.431+0000] {logging_mixin.py:188} INFO - [2024-06-12T18:06:44.430+0000] {dagbag.py:538} INFO - Filling up the DagBag from /home/airflow/.local/lib/python3.8/site-packages/airflow/example_dags/example_nested_branch_dag.py
[2024-06-12T18:06:44.454+0000] {processor.py:840} INFO - DAG(s) 'example_nested_branch_dag' retrieved from /home/airflow/.local/lib/python3.8/site-packages/airflow/example_dags/example_nested_branch_dag.py
[2024-06-12T18:06:44.657+0000] {logging_mixin.py:188} INFO - [2024-06-12T18:06:44.657+0000] {dag.py:3036} INFO - Sync 1 DAGs
[2024-06-12T18:06:44.684+0000] {logging_mixin.py:188} INFO - [2024-06-12T18:06:44.684+0000] {dag.py:3823} INFO - Setting next_dagrun for example_nested_branch_dag to 2024-06-11 00:00:00+00:00, run_after=2024-06-12 00:00:00+00:00
[2024-06-12T18:06:44.710+0000] {processor.py:183} INFO - Processing /home/airflow/.local/lib/python3.8/site-packages/airflow/example_dags/example_nested_branch_dag.py took 0.286 seconds
[2024-06-12T18:07:14.978+0000] {processor.py:161} INFO - Started process (PID=313) to work on /home/airflow/.local/lib/python3.8/site-packages/airflow/example_dags/example_nested_branch_dag.py
[2024-06-12T18:07:14.979+0000] {processor.py:830} INFO - Processing file /home/airflow/.local/lib/python3.8/site-packages/airflow/example_dags/example_nested_branch_dag.py for tasks to queue
[2024-06-12T18:07:14.980+0000] {logging_mixin.py:188} INFO - [2024-06-12T18:07:14.980+0000] {dagbag.py:538} INFO - Filling up the DagBag from /home/airflow/.local/lib/python3.8/site-packages/airflow/example_dags/example_nested_branch_dag.py
[2024-06-12T18:07:14.995+0000] {processor.py:840} INFO - DAG(s) 'example_nested_branch_dag' retrieved from /home/airflow/.local/lib/python3.8/site-packages/airflow/example_dags/example_nested_branch_dag.py
[2024-06-12T18:07:15.027+0000] {logging_mixin.py:188} INFO - [2024-06-12T18:07:15.026+0000] {dag.py:3036} INFO - Sync 1 DAGs
[2024-06-12T18:07:15.060+0000] {logging_mixin.py:188} INFO - [2024-06-12T18:07:15.059+0000] {dag.py:3823} INFO - Setting next_dagrun for example_nested_branch_dag to 2024-06-11 00:00:00+00:00, run_after=2024-06-12 00:00:00+00:00
[2024-06-12T18:07:15.087+0000] {processor.py:183} INFO - Processing /home/airflow/.local/lib/python3.8/site-packages/airflow/example_dags/example_nested_branch_dag.py took 0.113 seconds
[2024-06-12T18:07:57.767+0000] {processor.py:161} INFO - Started process (PID=405) to work on /home/airflow/.local/lib/python3.8/site-packages/airflow/example_dags/example_nested_branch_dag.py
[2024-06-12T18:07:57.768+0000] {processor.py:830} INFO - Processing file /home/airflow/.local/lib/python3.8/site-packages/airflow/example_dags/example_nested_branch_dag.py for tasks to queue
[2024-06-12T18:07:57.770+0000] {logging_mixin.py:188} INFO - [2024-06-12T18:07:57.770+0000] {dagbag.py:538} INFO - Filling up the DagBag from /home/airflow/.local/lib/python3.8/site-packages/airflow/example_dags/example_nested_branch_dag.py
[2024-06-12T18:07:57.792+0000] {processor.py:840} INFO - DAG(s) 'example_nested_branch_dag' retrieved from /home/airflow/.local/lib/python3.8/site-packages/airflow/example_dags/example_nested_branch_dag.py
[2024-06-12T18:07:57.841+0000] {logging_mixin.py:188} INFO - [2024-06-12T18:07:57.841+0000] {dag.py:3036} INFO - Sync 1 DAGs
[2024-06-12T18:07:57.888+0000] {logging_mixin.py:188} INFO - [2024-06-12T18:07:57.888+0000] {dag.py:3823} INFO - Setting next_dagrun for example_nested_branch_dag to 2024-06-11 00:00:00+00:00, run_after=2024-06-12 00:00:00+00:00
[2024-06-12T18:07:57.931+0000] {processor.py:183} INFO - Processing /home/airflow/.local/lib/python3.8/site-packages/airflow/example_dags/example_nested_branch_dag.py took 0.170 seconds
[2024-06-12T18:08:37.126+0000] {processor.py:161} INFO - Started process (PID=476) to work on /home/airflow/.local/lib/python3.8/site-packages/airflow/example_dags/example_nested_branch_dag.py
[2024-06-12T18:08:37.127+0000] {processor.py:830} INFO - Processing file /home/airflow/.local/lib/python3.8/site-packages/airflow/example_dags/example_nested_branch_dag.py for tasks to queue
[2024-06-12T18:08:37.128+0000] {logging_mixin.py:188} INFO - [2024-06-12T18:08:37.128+0000] {dagbag.py:538} INFO - Filling up the DagBag from /home/airflow/.local/lib/python3.8/site-packages/airflow/example_dags/example_nested_branch_dag.py
[2024-06-12T18:08:37.142+0000] {processor.py:840} INFO - DAG(s) 'example_nested_branch_dag' retrieved from /home/airflow/.local/lib/python3.8/site-packages/airflow/example_dags/example_nested_branch_dag.py
[2024-06-12T18:08:37.177+0000] {logging_mixin.py:188} INFO - [2024-06-12T18:08:37.177+0000] {dag.py:3036} INFO - Sync 1 DAGs
[2024-06-12T18:08:37.228+0000] {logging_mixin.py:188} INFO - [2024-06-12T18:08:37.227+0000] {dag.py:3823} INFO - Setting next_dagrun for example_nested_branch_dag to 2024-06-11 00:00:00+00:00, run_after=2024-06-12 00:00:00+00:00
[2024-06-12T18:08:37.267+0000] {processor.py:183} INFO - Processing /home/airflow/.local/lib/python3.8/site-packages/airflow/example_dags/example_nested_branch_dag.py took 0.148 seconds
[2024-06-12T18:09:07.591+0000] {processor.py:161} INFO - Started process (PID=536) to work on /home/airflow/.local/lib/python3.8/site-packages/airflow/example_dags/example_nested_branch_dag.py
[2024-06-12T18:09:07.592+0000] {processor.py:830} INFO - Processing file /home/airflow/.local/lib/python3.8/site-packages/airflow/example_dags/example_nested_branch_dag.py for tasks to queue
[2024-06-12T18:09:07.593+0000] {logging_mixin.py:188} INFO - [2024-06-12T18:09:07.592+0000] {dagbag.py:538} INFO - Filling up the DagBag from /home/airflow/.local/lib/python3.8/site-packages/airflow/example_dags/example_nested_branch_dag.py
[2024-06-12T18:09:07.606+0000] {processor.py:840} INFO - DAG(s) 'example_nested_branch_dag' retrieved from /home/airflow/.local/lib/python3.8/site-packages/airflow/example_dags/example_nested_branch_dag.py
[2024-06-12T18:09:07.620+0000] {logging_mixin.py:188} INFO - [2024-06-12T18:09:07.619+0000] {dag.py:3036} INFO - Sync 1 DAGs
[2024-06-12T18:09:07.647+0000] {logging_mixin.py:188} INFO - [2024-06-12T18:09:07.647+0000] {dag.py:3823} INFO - Setting next_dagrun for example_nested_branch_dag to 2024-06-11 00:00:00+00:00, run_after=2024-06-12 00:00:00+00:00
[2024-06-12T18:09:07.671+0000] {processor.py:183} INFO - Processing /home/airflow/.local/lib/python3.8/site-packages/airflow/example_dags/example_nested_branch_dag.py took 0.084 seconds
[2024-06-12T18:09:38.648+0000] {processor.py:161} INFO - Started process (PID=593) to work on /home/airflow/.local/lib/python3.8/site-packages/airflow/example_dags/example_nested_branch_dag.py
[2024-06-12T18:09:38.649+0000] {processor.py:830} INFO - Processing file /home/airflow/.local/lib/python3.8/site-packages/airflow/example_dags/example_nested_branch_dag.py for tasks to queue
[2024-06-12T18:09:38.650+0000] {logging_mixin.py:188} INFO - [2024-06-12T18:09:38.649+0000] {dagbag.py:538} INFO - Filling up the DagBag from /home/airflow/.local/lib/python3.8/site-packages/airflow/example_dags/example_nested_branch_dag.py
[2024-06-12T18:09:38.661+0000] {processor.py:840} INFO - DAG(s) 'example_nested_branch_dag' retrieved from /home/airflow/.local/lib/python3.8/site-packages/airflow/example_dags/example_nested_branch_dag.py
[2024-06-12T18:09:38.802+0000] {logging_mixin.py:188} INFO - [2024-06-12T18:09:38.802+0000] {dag.py:3036} INFO - Sync 1 DAGs
[2024-06-12T18:09:38.837+0000] {logging_mixin.py:188} INFO - [2024-06-12T18:09:38.837+0000] {dag.py:3823} INFO - Setting next_dagrun for example_nested_branch_dag to 2024-06-11 00:00:00+00:00, run_after=2024-06-12 00:00:00+00:00
[2024-06-12T18:09:38.868+0000] {processor.py:183} INFO - Processing /home/airflow/.local/lib/python3.8/site-packages/airflow/example_dags/example_nested_branch_dag.py took 0.223 seconds
[2024-06-12T18:10:09.800+0000] {processor.py:161} INFO - Started process (PID=652) to work on /home/airflow/.local/lib/python3.8/site-packages/airflow/example_dags/example_nested_branch_dag.py
[2024-06-12T18:10:09.801+0000] {processor.py:830} INFO - Processing file /home/airflow/.local/lib/python3.8/site-packages/airflow/example_dags/example_nested_branch_dag.py for tasks to queue
[2024-06-12T18:10:09.803+0000] {logging_mixin.py:188} INFO - [2024-06-12T18:10:09.802+0000] {dagbag.py:538} INFO - Filling up the DagBag from /home/airflow/.local/lib/python3.8/site-packages/airflow/example_dags/example_nested_branch_dag.py
[2024-06-12T18:10:09.818+0000] {processor.py:840} INFO - DAG(s) 'example_nested_branch_dag' retrieved from /home/airflow/.local/lib/python3.8/site-packages/airflow/example_dags/example_nested_branch_dag.py
[2024-06-12T18:10:09.847+0000] {logging_mixin.py:188} INFO - [2024-06-12T18:10:09.847+0000] {dag.py:3036} INFO - Sync 1 DAGs
[2024-06-12T18:10:09.878+0000] {logging_mixin.py:188} INFO - [2024-06-12T18:10:09.877+0000] {dag.py:3823} INFO - Setting next_dagrun for example_nested_branch_dag to 2024-06-11 00:00:00+00:00, run_after=2024-06-12 00:00:00+00:00
[2024-06-12T18:10:09.907+0000] {processor.py:183} INFO - Processing /home/airflow/.local/lib/python3.8/site-packages/airflow/example_dags/example_nested_branch_dag.py took 0.110 seconds
[2024-06-12T18:10:40.700+0000] {processor.py:161} INFO - Started process (PID=709) to work on /home/airflow/.local/lib/python3.8/site-packages/airflow/example_dags/example_nested_branch_dag.py
[2024-06-12T18:10:40.701+0000] {processor.py:830} INFO - Processing file /home/airflow/.local/lib/python3.8/site-packages/airflow/example_dags/example_nested_branch_dag.py for tasks to queue
[2024-06-12T18:10:40.702+0000] {logging_mixin.py:188} INFO - [2024-06-12T18:10:40.702+0000] {dagbag.py:538} INFO - Filling up the DagBag from /home/airflow/.local/lib/python3.8/site-packages/airflow/example_dags/example_nested_branch_dag.py
[2024-06-12T18:10:40.715+0000] {processor.py:840} INFO - DAG(s) 'example_nested_branch_dag' retrieved from /home/airflow/.local/lib/python3.8/site-packages/airflow/example_dags/example_nested_branch_dag.py
[2024-06-12T18:10:40.747+0000] {logging_mixin.py:188} INFO - [2024-06-12T18:10:40.746+0000] {dag.py:3036} INFO - Sync 1 DAGs
[2024-06-12T18:10:40.782+0000] {logging_mixin.py:188} INFO - [2024-06-12T18:10:40.782+0000] {dag.py:3823} INFO - Setting next_dagrun for example_nested_branch_dag to 2024-06-11 00:00:00+00:00, run_after=2024-06-12 00:00:00+00:00
[2024-06-12T18:10:40.813+0000] {processor.py:183} INFO - Processing /home/airflow/.local/lib/python3.8/site-packages/airflow/example_dags/example_nested_branch_dag.py took 0.117 seconds
[2024-06-12T18:11:11.455+0000] {processor.py:161} INFO - Started process (PID=766) to work on /home/airflow/.local/lib/python3.8/site-packages/airflow/example_dags/example_nested_branch_dag.py
[2024-06-12T18:11:11.456+0000] {processor.py:830} INFO - Processing file /home/airflow/.local/lib/python3.8/site-packages/airflow/example_dags/example_nested_branch_dag.py for tasks to queue
[2024-06-12T18:11:11.458+0000] {logging_mixin.py:188} INFO - [2024-06-12T18:11:11.457+0000] {dagbag.py:538} INFO - Filling up the DagBag from /home/airflow/.local/lib/python3.8/site-packages/airflow/example_dags/example_nested_branch_dag.py
[2024-06-12T18:11:11.469+0000] {processor.py:840} INFO - DAG(s) 'example_nested_branch_dag' retrieved from /home/airflow/.local/lib/python3.8/site-packages/airflow/example_dags/example_nested_branch_dag.py
[2024-06-12T18:11:11.491+0000] {logging_mixin.py:188} INFO - [2024-06-12T18:11:11.491+0000] {dag.py:3036} INFO - Sync 1 DAGs
[2024-06-12T18:11:11.516+0000] {logging_mixin.py:188} INFO - [2024-06-12T18:11:11.516+0000] {dag.py:3823} INFO - Setting next_dagrun for example_nested_branch_dag to 2024-06-11 00:00:00+00:00, run_after=2024-06-12 00:00:00+00:00
[2024-06-12T18:11:11.540+0000] {processor.py:183} INFO - Processing /home/airflow/.local/lib/python3.8/site-packages/airflow/example_dags/example_nested_branch_dag.py took 0.088 seconds
[2024-06-12T18:11:41.584+0000] {processor.py:161} INFO - Started process (PID=823) to work on /home/airflow/.local/lib/python3.8/site-packages/airflow/example_dags/example_nested_branch_dag.py
[2024-06-12T18:11:41.591+0000] {processor.py:830} INFO - Processing file /home/airflow/.local/lib/python3.8/site-packages/airflow/example_dags/example_nested_branch_dag.py for tasks to queue
[2024-06-12T18:11:41.592+0000] {logging_mixin.py:188} INFO - [2024-06-12T18:11:41.592+0000] {dagbag.py:538} INFO - Filling up the DagBag from /home/airflow/.local/lib/python3.8/site-packages/airflow/example_dags/example_nested_branch_dag.py
[2024-06-12T18:11:41.605+0000] {processor.py:840} INFO - DAG(s) 'example_nested_branch_dag' retrieved from /home/airflow/.local/lib/python3.8/site-packages/airflow/example_dags/example_nested_branch_dag.py
[2024-06-12T18:11:41.633+0000] {logging_mixin.py:188} INFO - [2024-06-12T18:11:41.632+0000] {dag.py:3036} INFO - Sync 1 DAGs
[2024-06-12T18:11:41.665+0000] {logging_mixin.py:188} INFO - [2024-06-12T18:11:41.665+0000] {dag.py:3823} INFO - Setting next_dagrun for example_nested_branch_dag to 2024-06-11 00:00:00+00:00, run_after=2024-06-12 00:00:00+00:00
[2024-06-12T18:11:41.690+0000] {processor.py:183} INFO - Processing /home/airflow/.local/lib/python3.8/site-packages/airflow/example_dags/example_nested_branch_dag.py took 0.109 seconds
[2024-06-12T18:12:12.648+0000] {processor.py:161} INFO - Started process (PID=880) to work on /home/airflow/.local/lib/python3.8/site-packages/airflow/example_dags/example_nested_branch_dag.py
[2024-06-12T18:12:12.649+0000] {processor.py:830} INFO - Processing file /home/airflow/.local/lib/python3.8/site-packages/airflow/example_dags/example_nested_branch_dag.py for tasks to queue
[2024-06-12T18:12:12.650+0000] {logging_mixin.py:188} INFO - [2024-06-12T18:12:12.649+0000] {dagbag.py:538} INFO - Filling up the DagBag from /home/airflow/.local/lib/python3.8/site-packages/airflow/example_dags/example_nested_branch_dag.py
[2024-06-12T18:12:12.660+0000] {processor.py:840} INFO - DAG(s) 'example_nested_branch_dag' retrieved from /home/airflow/.local/lib/python3.8/site-packages/airflow/example_dags/example_nested_branch_dag.py
[2024-06-12T18:12:12.688+0000] {logging_mixin.py:188} INFO - [2024-06-12T18:12:12.688+0000] {dag.py:3036} INFO - Sync 1 DAGs
[2024-06-12T18:12:12.716+0000] {logging_mixin.py:188} INFO - [2024-06-12T18:12:12.716+0000] {dag.py:3823} INFO - Setting next_dagrun for example_nested_branch_dag to 2024-06-11 00:00:00+00:00, run_after=2024-06-12 00:00:00+00:00
[2024-06-12T18:12:12.742+0000] {processor.py:183} INFO - Processing /home/airflow/.local/lib/python3.8/site-packages/airflow/example_dags/example_nested_branch_dag.py took 0.097 seconds
[2024-06-12T18:14:49.888+0000] {processor.py:161} INFO - Started process (PID=51) to work on /home/airflow/.local/lib/python3.8/site-packages/airflow/example_dags/example_nested_branch_dag.py
[2024-06-12T18:14:49.893+0000] {processor.py:830} INFO - Processing file /home/airflow/.local/lib/python3.8/site-packages/airflow/example_dags/example_nested_branch_dag.py for tasks to queue
[2024-06-12T18:14:49.899+0000] {logging_mixin.py:188} INFO - [2024-06-12T18:14:49.897+0000] {dagbag.py:538} INFO - Filling up the DagBag from /home/airflow/.local/lib/python3.8/site-packages/airflow/example_dags/example_nested_branch_dag.py
[2024-06-12T18:14:49.918+0000] {processor.py:840} INFO - DAG(s) 'example_nested_branch_dag' retrieved from /home/airflow/.local/lib/python3.8/site-packages/airflow/example_dags/example_nested_branch_dag.py
[2024-06-12T18:14:49.959+0000] {logging_mixin.py:188} INFO - [2024-06-12T18:14:49.959+0000] {dag.py:3036} INFO - Sync 1 DAGs
[2024-06-12T18:14:50.012+0000] {logging_mixin.py:188} INFO - [2024-06-12T18:14:50.011+0000] {dag.py:3823} INFO - Setting next_dagrun for example_nested_branch_dag to 2024-06-11 00:00:00+00:00, run_after=2024-06-12 00:00:00+00:00
[2024-06-12T18:14:50.064+0000] {processor.py:183} INFO - Processing /home/airflow/.local/lib/python3.8/site-packages/airflow/example_dags/example_nested_branch_dag.py took 0.184 seconds
[2024-06-12T18:15:20.452+0000] {processor.py:161} INFO - Started process (PID=108) to work on /home/airflow/.local/lib/python3.8/site-packages/airflow/example_dags/example_nested_branch_dag.py
[2024-06-12T18:15:20.454+0000] {processor.py:830} INFO - Processing file /home/airflow/.local/lib/python3.8/site-packages/airflow/example_dags/example_nested_branch_dag.py for tasks to queue
[2024-06-12T18:15:20.456+0000] {logging_mixin.py:188} INFO - [2024-06-12T18:15:20.456+0000] {dagbag.py:538} INFO - Filling up the DagBag from /home/airflow/.local/lib/python3.8/site-packages/airflow/example_dags/example_nested_branch_dag.py
[2024-06-12T18:15:20.470+0000] {processor.py:840} INFO - DAG(s) 'example_nested_branch_dag' retrieved from /home/airflow/.local/lib/python3.8/site-packages/airflow/example_dags/example_nested_branch_dag.py
[2024-06-12T18:15:20.483+0000] {logging_mixin.py:188} INFO - [2024-06-12T18:15:20.483+0000] {dag.py:3036} INFO - Sync 1 DAGs
[2024-06-12T18:15:20.515+0000] {logging_mixin.py:188} INFO - [2024-06-12T18:15:20.514+0000] {dag.py:3823} INFO - Setting next_dagrun for example_nested_branch_dag to 2024-06-11 00:00:00+00:00, run_after=2024-06-12 00:00:00+00:00
[2024-06-12T18:15:20.545+0000] {processor.py:183} INFO - Processing /home/airflow/.local/lib/python3.8/site-packages/airflow/example_dags/example_nested_branch_dag.py took 0.096 seconds
[2024-06-12T18:15:51.325+0000] {processor.py:161} INFO - Started process (PID=165) to work on /home/airflow/.local/lib/python3.8/site-packages/airflow/example_dags/example_nested_branch_dag.py
[2024-06-12T18:15:51.326+0000] {processor.py:830} INFO - Processing file /home/airflow/.local/lib/python3.8/site-packages/airflow/example_dags/example_nested_branch_dag.py for tasks to queue
[2024-06-12T18:15:51.329+0000] {logging_mixin.py:188} INFO - [2024-06-12T18:15:51.328+0000] {dagbag.py:538} INFO - Filling up the DagBag from /home/airflow/.local/lib/python3.8/site-packages/airflow/example_dags/example_nested_branch_dag.py
[2024-06-12T18:15:51.342+0000] {processor.py:840} INFO - DAG(s) 'example_nested_branch_dag' retrieved from /home/airflow/.local/lib/python3.8/site-packages/airflow/example_dags/example_nested_branch_dag.py
[2024-06-12T18:15:51.471+0000] {logging_mixin.py:188} INFO - [2024-06-12T18:15:51.471+0000] {dag.py:3036} INFO - Sync 1 DAGs
[2024-06-12T18:15:51.498+0000] {logging_mixin.py:188} INFO - [2024-06-12T18:15:51.497+0000] {dag.py:3823} INFO - Setting next_dagrun for example_nested_branch_dag to 2024-06-11 00:00:00+00:00, run_after=2024-06-12 00:00:00+00:00
[2024-06-12T18:15:51.528+0000] {processor.py:183} INFO - Processing /home/airflow/.local/lib/python3.8/site-packages/airflow/example_dags/example_nested_branch_dag.py took 0.207 seconds
[2024-06-12T18:16:22.377+0000] {processor.py:161} INFO - Started process (PID=222) to work on /home/airflow/.local/lib/python3.8/site-packages/airflow/example_dags/example_nested_branch_dag.py
[2024-06-12T18:16:22.379+0000] {processor.py:830} INFO - Processing file /home/airflow/.local/lib/python3.8/site-packages/airflow/example_dags/example_nested_branch_dag.py for tasks to queue
[2024-06-12T18:16:22.381+0000] {logging_mixin.py:188} INFO - [2024-06-12T18:16:22.380+0000] {dagbag.py:538} INFO - Filling up the DagBag from /home/airflow/.local/lib/python3.8/site-packages/airflow/example_dags/example_nested_branch_dag.py
[2024-06-12T18:16:22.396+0000] {processor.py:840} INFO - DAG(s) 'example_nested_branch_dag' retrieved from /home/airflow/.local/lib/python3.8/site-packages/airflow/example_dags/example_nested_branch_dag.py
[2024-06-12T18:16:22.412+0000] {logging_mixin.py:188} INFO - [2024-06-12T18:16:22.412+0000] {dag.py:3036} INFO - Sync 1 DAGs
[2024-06-12T18:16:22.448+0000] {logging_mixin.py:188} INFO - [2024-06-12T18:16:22.447+0000] {dag.py:3823} INFO - Setting next_dagrun for example_nested_branch_dag to 2024-06-11 00:00:00+00:00, run_after=2024-06-12 00:00:00+00:00
[2024-06-12T18:16:22.476+0000] {processor.py:183} INFO - Processing /home/airflow/.local/lib/python3.8/site-packages/airflow/example_dags/example_nested_branch_dag.py took 0.103 seconds
[2024-06-12T18:16:53.058+0000] {processor.py:161} INFO - Started process (PID=279) to work on /home/airflow/.local/lib/python3.8/site-packages/airflow/example_dags/example_nested_branch_dag.py
[2024-06-12T18:16:53.059+0000] {processor.py:830} INFO - Processing file /home/airflow/.local/lib/python3.8/site-packages/airflow/example_dags/example_nested_branch_dag.py for tasks to queue
[2024-06-12T18:16:53.061+0000] {logging_mixin.py:188} INFO - [2024-06-12T18:16:53.061+0000] {dagbag.py:538} INFO - Filling up the DagBag from /home/airflow/.local/lib/python3.8/site-packages/airflow/example_dags/example_nested_branch_dag.py
[2024-06-12T18:16:53.074+0000] {processor.py:840} INFO - DAG(s) 'example_nested_branch_dag' retrieved from /home/airflow/.local/lib/python3.8/site-packages/airflow/example_dags/example_nested_branch_dag.py
[2024-06-12T18:16:53.216+0000] {logging_mixin.py:188} INFO - [2024-06-12T18:16:53.216+0000] {dag.py:3036} INFO - Sync 1 DAGs
[2024-06-12T18:16:53.246+0000] {logging_mixin.py:188} INFO - [2024-06-12T18:16:53.246+0000] {dag.py:3823} INFO - Setting next_dagrun for example_nested_branch_dag to 2024-06-11 00:00:00+00:00, run_after=2024-06-12 00:00:00+00:00
[2024-06-12T18:16:53.274+0000] {processor.py:183} INFO - Processing /home/airflow/.local/lib/python3.8/site-packages/airflow/example_dags/example_nested_branch_dag.py took 0.219 seconds
[2024-06-12T18:17:24.119+0000] {processor.py:161} INFO - Started process (PID=342) to work on /home/airflow/.local/lib/python3.8/site-packages/airflow/example_dags/example_nested_branch_dag.py
[2024-06-12T18:17:24.120+0000] {processor.py:830} INFO - Processing file /home/airflow/.local/lib/python3.8/site-packages/airflow/example_dags/example_nested_branch_dag.py for tasks to queue
[2024-06-12T18:17:24.121+0000] {logging_mixin.py:188} INFO - [2024-06-12T18:17:24.121+0000] {dagbag.py:538} INFO - Filling up the DagBag from /home/airflow/.local/lib/python3.8/site-packages/airflow/example_dags/example_nested_branch_dag.py
[2024-06-12T18:17:24.130+0000] {processor.py:840} INFO - DAG(s) 'example_nested_branch_dag' retrieved from /home/airflow/.local/lib/python3.8/site-packages/airflow/example_dags/example_nested_branch_dag.py
[2024-06-12T18:17:24.150+0000] {logging_mixin.py:188} INFO - [2024-06-12T18:17:24.149+0000] {dag.py:3036} INFO - Sync 1 DAGs
[2024-06-12T18:17:24.175+0000] {logging_mixin.py:188} INFO - [2024-06-12T18:17:24.174+0000] {dag.py:3823} INFO - Setting next_dagrun for example_nested_branch_dag to 2024-06-11 00:00:00+00:00, run_after=2024-06-12 00:00:00+00:00
[2024-06-12T18:17:24.199+0000] {processor.py:183} INFO - Processing /home/airflow/.local/lib/python3.8/site-packages/airflow/example_dags/example_nested_branch_dag.py took 0.084 seconds
[2024-06-12T18:18:45.991+0000] {processor.py:161} INFO - Started process (PID=51) to work on /home/airflow/.local/lib/python3.8/site-packages/airflow/example_dags/example_nested_branch_dag.py
[2024-06-12T18:18:45.993+0000] {processor.py:830} INFO - Processing file /home/airflow/.local/lib/python3.8/site-packages/airflow/example_dags/example_nested_branch_dag.py for tasks to queue
[2024-06-12T18:18:45.995+0000] {logging_mixin.py:188} INFO - [2024-06-12T18:18:45.994+0000] {dagbag.py:538} INFO - Filling up the DagBag from /home/airflow/.local/lib/python3.8/site-packages/airflow/example_dags/example_nested_branch_dag.py
[2024-06-12T18:18:46.014+0000] {processor.py:840} INFO - DAG(s) 'example_nested_branch_dag' retrieved from /home/airflow/.local/lib/python3.8/site-packages/airflow/example_dags/example_nested_branch_dag.py
[2024-06-12T18:18:46.032+0000] {logging_mixin.py:188} INFO - [2024-06-12T18:18:46.032+0000] {dag.py:3036} INFO - Sync 1 DAGs
[2024-06-12T18:18:46.067+0000] {logging_mixin.py:188} INFO - [2024-06-12T18:18:46.067+0000] {dag.py:3823} INFO - Setting next_dagrun for example_nested_branch_dag to 2024-06-11 00:00:00+00:00, run_after=2024-06-12 00:00:00+00:00
[2024-06-12T18:18:46.097+0000] {processor.py:183} INFO - Processing /home/airflow/.local/lib/python3.8/site-packages/airflow/example_dags/example_nested_branch_dag.py took 0.108 seconds
[2024-06-12T18:19:17.099+0000] {processor.py:161} INFO - Started process (PID=108) to work on /home/airflow/.local/lib/python3.8/site-packages/airflow/example_dags/example_nested_branch_dag.py
[2024-06-12T18:19:17.100+0000] {processor.py:830} INFO - Processing file /home/airflow/.local/lib/python3.8/site-packages/airflow/example_dags/example_nested_branch_dag.py for tasks to queue
[2024-06-12T18:19:17.103+0000] {logging_mixin.py:188} INFO - [2024-06-12T18:19:17.102+0000] {dagbag.py:538} INFO - Filling up the DagBag from /home/airflow/.local/lib/python3.8/site-packages/airflow/example_dags/example_nested_branch_dag.py
[2024-06-12T18:19:17.116+0000] {processor.py:840} INFO - DAG(s) 'example_nested_branch_dag' retrieved from /home/airflow/.local/lib/python3.8/site-packages/airflow/example_dags/example_nested_branch_dag.py
[2024-06-12T18:19:17.130+0000] {logging_mixin.py:188} INFO - [2024-06-12T18:19:17.130+0000] {dag.py:3036} INFO - Sync 1 DAGs
[2024-06-12T18:19:17.164+0000] {logging_mixin.py:188} INFO - [2024-06-12T18:19:17.163+0000] {dag.py:3823} INFO - Setting next_dagrun for example_nested_branch_dag to 2024-06-11 00:00:00+00:00, run_after=2024-06-12 00:00:00+00:00
[2024-06-12T18:19:17.198+0000] {processor.py:183} INFO - Processing /home/airflow/.local/lib/python3.8/site-packages/airflow/example_dags/example_nested_branch_dag.py took 0.103 seconds
[2024-06-12T18:19:48.280+0000] {processor.py:161} INFO - Started process (PID=165) to work on /home/airflow/.local/lib/python3.8/site-packages/airflow/example_dags/example_nested_branch_dag.py
[2024-06-12T18:19:48.281+0000] {processor.py:830} INFO - Processing file /home/airflow/.local/lib/python3.8/site-packages/airflow/example_dags/example_nested_branch_dag.py for tasks to queue
[2024-06-12T18:19:48.283+0000] {logging_mixin.py:188} INFO - [2024-06-12T18:19:48.283+0000] {dagbag.py:538} INFO - Filling up the DagBag from /home/airflow/.local/lib/python3.8/site-packages/airflow/example_dags/example_nested_branch_dag.py
[2024-06-12T18:19:48.307+0000] {processor.py:840} INFO - DAG(s) 'example_nested_branch_dag' retrieved from /home/airflow/.local/lib/python3.8/site-packages/airflow/example_dags/example_nested_branch_dag.py
[2024-06-12T18:19:48.481+0000] {logging_mixin.py:188} INFO - [2024-06-12T18:19:48.481+0000] {dag.py:3036} INFO - Sync 1 DAGs
[2024-06-12T18:19:48.511+0000] {logging_mixin.py:188} INFO - [2024-06-12T18:19:48.511+0000] {dag.py:3823} INFO - Setting next_dagrun for example_nested_branch_dag to 2024-06-11 00:00:00+00:00, run_after=2024-06-12 00:00:00+00:00
[2024-06-12T18:19:48.541+0000] {processor.py:183} INFO - Processing /home/airflow/.local/lib/python3.8/site-packages/airflow/example_dags/example_nested_branch_dag.py took 0.266 seconds
[2024-06-12T18:20:18.828+0000] {processor.py:161} INFO - Started process (PID=222) to work on /home/airflow/.local/lib/python3.8/site-packages/airflow/example_dags/example_nested_branch_dag.py
[2024-06-12T18:20:18.829+0000] {processor.py:830} INFO - Processing file /home/airflow/.local/lib/python3.8/site-packages/airflow/example_dags/example_nested_branch_dag.py for tasks to queue
[2024-06-12T18:20:18.832+0000] {logging_mixin.py:188} INFO - [2024-06-12T18:20:18.831+0000] {dagbag.py:538} INFO - Filling up the DagBag from /home/airflow/.local/lib/python3.8/site-packages/airflow/example_dags/example_nested_branch_dag.py
[2024-06-12T18:20:18.845+0000] {processor.py:840} INFO - DAG(s) 'example_nested_branch_dag' retrieved from /home/airflow/.local/lib/python3.8/site-packages/airflow/example_dags/example_nested_branch_dag.py
[2024-06-12T18:20:18.873+0000] {logging_mixin.py:188} INFO - [2024-06-12T18:20:18.872+0000] {dag.py:3036} INFO - Sync 1 DAGs
[2024-06-12T18:20:18.905+0000] {logging_mixin.py:188} INFO - [2024-06-12T18:20:18.905+0000] {dag.py:3823} INFO - Setting next_dagrun for example_nested_branch_dag to 2024-06-11 00:00:00+00:00, run_after=2024-06-12 00:00:00+00:00
[2024-06-12T18:20:18.944+0000] {processor.py:183} INFO - Processing /home/airflow/.local/lib/python3.8/site-packages/airflow/example_dags/example_nested_branch_dag.py took 0.118 seconds
[2024-06-12T18:20:49.059+0000] {processor.py:161} INFO - Started process (PID=279) to work on /home/airflow/.local/lib/python3.8/site-packages/airflow/example_dags/example_nested_branch_dag.py
[2024-06-12T18:20:49.061+0000] {processor.py:830} INFO - Processing file /home/airflow/.local/lib/python3.8/site-packages/airflow/example_dags/example_nested_branch_dag.py for tasks to queue
[2024-06-12T18:20:49.063+0000] {logging_mixin.py:188} INFO - [2024-06-12T18:20:49.063+0000] {dagbag.py:538} INFO - Filling up the DagBag from /home/airflow/.local/lib/python3.8/site-packages/airflow/example_dags/example_nested_branch_dag.py
[2024-06-12T18:20:49.077+0000] {processor.py:840} INFO - DAG(s) 'example_nested_branch_dag' retrieved from /home/airflow/.local/lib/python3.8/site-packages/airflow/example_dags/example_nested_branch_dag.py
[2024-06-12T18:20:49.107+0000] {logging_mixin.py:188} INFO - [2024-06-12T18:20:49.106+0000] {dag.py:3036} INFO - Sync 1 DAGs
[2024-06-12T18:20:49.140+0000] {logging_mixin.py:188} INFO - [2024-06-12T18:20:49.139+0000] {dag.py:3823} INFO - Setting next_dagrun for example_nested_branch_dag to 2024-06-11 00:00:00+00:00, run_after=2024-06-12 00:00:00+00:00
[2024-06-12T18:20:49.176+0000] {processor.py:183} INFO - Processing /home/airflow/.local/lib/python3.8/site-packages/airflow/example_dags/example_nested_branch_dag.py took 0.121 seconds
[2024-06-12T18:21:19.223+0000] {processor.py:161} INFO - Started process (PID=334) to work on /home/airflow/.local/lib/python3.8/site-packages/airflow/example_dags/example_nested_branch_dag.py
[2024-06-12T18:21:19.224+0000] {processor.py:830} INFO - Processing file /home/airflow/.local/lib/python3.8/site-packages/airflow/example_dags/example_nested_branch_dag.py for tasks to queue
[2024-06-12T18:21:19.227+0000] {logging_mixin.py:188} INFO - [2024-06-12T18:21:19.226+0000] {dagbag.py:538} INFO - Filling up the DagBag from /home/airflow/.local/lib/python3.8/site-packages/airflow/example_dags/example_nested_branch_dag.py
[2024-06-12T18:21:19.239+0000] {processor.py:840} INFO - DAG(s) 'example_nested_branch_dag' retrieved from /home/airflow/.local/lib/python3.8/site-packages/airflow/example_dags/example_nested_branch_dag.py
[2024-06-12T18:21:19.266+0000] {logging_mixin.py:188} INFO - [2024-06-12T18:21:19.265+0000] {dag.py:3036} INFO - Sync 1 DAGs
[2024-06-12T18:21:19.294+0000] {logging_mixin.py:188} INFO - [2024-06-12T18:21:19.294+0000] {dag.py:3823} INFO - Setting next_dagrun for example_nested_branch_dag to 2024-06-11 00:00:00+00:00, run_after=2024-06-12 00:00:00+00:00
[2024-06-12T18:21:19.344+0000] {processor.py:183} INFO - Processing /home/airflow/.local/lib/python3.8/site-packages/airflow/example_dags/example_nested_branch_dag.py took 0.124 seconds
[2024-06-12T18:21:49.469+0000] {processor.py:161} INFO - Started process (PID=391) to work on /home/airflow/.local/lib/python3.8/site-packages/airflow/example_dags/example_nested_branch_dag.py
[2024-06-12T18:21:49.470+0000] {processor.py:830} INFO - Processing file /home/airflow/.local/lib/python3.8/site-packages/airflow/example_dags/example_nested_branch_dag.py for tasks to queue
[2024-06-12T18:21:49.473+0000] {logging_mixin.py:188} INFO - [2024-06-12T18:21:49.472+0000] {dagbag.py:538} INFO - Filling up the DagBag from /home/airflow/.local/lib/python3.8/site-packages/airflow/example_dags/example_nested_branch_dag.py
[2024-06-12T18:21:49.492+0000] {processor.py:840} INFO - DAG(s) 'example_nested_branch_dag' retrieved from /home/airflow/.local/lib/python3.8/site-packages/airflow/example_dags/example_nested_branch_dag.py
[2024-06-12T18:21:49.523+0000] {logging_mixin.py:188} INFO - [2024-06-12T18:21:49.522+0000] {dag.py:3036} INFO - Sync 1 DAGs
[2024-06-12T18:21:49.560+0000] {logging_mixin.py:188} INFO - [2024-06-12T18:21:49.560+0000] {dag.py:3823} INFO - Setting next_dagrun for example_nested_branch_dag to 2024-06-11 00:00:00+00:00, run_after=2024-06-12 00:00:00+00:00
[2024-06-12T18:21:49.596+0000] {processor.py:183} INFO - Processing /home/airflow/.local/lib/python3.8/site-packages/airflow/example_dags/example_nested_branch_dag.py took 0.130 seconds
[2024-06-12T18:22:19.632+0000] {processor.py:161} INFO - Started process (PID=448) to work on /home/airflow/.local/lib/python3.8/site-packages/airflow/example_dags/example_nested_branch_dag.py
[2024-06-12T18:22:19.633+0000] {processor.py:830} INFO - Processing file /home/airflow/.local/lib/python3.8/site-packages/airflow/example_dags/example_nested_branch_dag.py for tasks to queue
[2024-06-12T18:22:19.634+0000] {logging_mixin.py:188} INFO - [2024-06-12T18:22:19.634+0000] {dagbag.py:538} INFO - Filling up the DagBag from /home/airflow/.local/lib/python3.8/site-packages/airflow/example_dags/example_nested_branch_dag.py
[2024-06-12T18:22:19.643+0000] {processor.py:840} INFO - DAG(s) 'example_nested_branch_dag' retrieved from /home/airflow/.local/lib/python3.8/site-packages/airflow/example_dags/example_nested_branch_dag.py
[2024-06-12T18:22:19.662+0000] {logging_mixin.py:188} INFO - [2024-06-12T18:22:19.662+0000] {dag.py:3036} INFO - Sync 1 DAGs
[2024-06-12T18:22:19.685+0000] {logging_mixin.py:188} INFO - [2024-06-12T18:22:19.685+0000] {dag.py:3823} INFO - Setting next_dagrun for example_nested_branch_dag to 2024-06-11 00:00:00+00:00, run_after=2024-06-12 00:00:00+00:00
[2024-06-12T18:22:19.707+0000] {processor.py:183} INFO - Processing /home/airflow/.local/lib/python3.8/site-packages/airflow/example_dags/example_nested_branch_dag.py took 0.077 seconds
[2024-06-12T18:22:50.085+0000] {processor.py:161} INFO - Started process (PID=505) to work on /home/airflow/.local/lib/python3.8/site-packages/airflow/example_dags/example_nested_branch_dag.py
[2024-06-12T18:22:50.086+0000] {processor.py:830} INFO - Processing file /home/airflow/.local/lib/python3.8/site-packages/airflow/example_dags/example_nested_branch_dag.py for tasks to queue
[2024-06-12T18:22:50.088+0000] {logging_mixin.py:188} INFO - [2024-06-12T18:22:50.087+0000] {dagbag.py:538} INFO - Filling up the DagBag from /home/airflow/.local/lib/python3.8/site-packages/airflow/example_dags/example_nested_branch_dag.py
[2024-06-12T18:22:50.100+0000] {processor.py:840} INFO - DAG(s) 'example_nested_branch_dag' retrieved from /home/airflow/.local/lib/python3.8/site-packages/airflow/example_dags/example_nested_branch_dag.py
[2024-06-12T18:22:50.133+0000] {logging_mixin.py:188} INFO - [2024-06-12T18:22:50.133+0000] {dag.py:3036} INFO - Sync 1 DAGs
[2024-06-12T18:22:50.166+0000] {logging_mixin.py:188} INFO - [2024-06-12T18:22:50.166+0000] {dag.py:3823} INFO - Setting next_dagrun for example_nested_branch_dag to 2024-06-11 00:00:00+00:00, run_after=2024-06-12 00:00:00+00:00
[2024-06-12T18:22:50.194+0000] {processor.py:183} INFO - Processing /home/airflow/.local/lib/python3.8/site-packages/airflow/example_dags/example_nested_branch_dag.py took 0.112 seconds
[2024-06-12T18:23:20.444+0000] {processor.py:161} INFO - Started process (PID=562) to work on /home/airflow/.local/lib/python3.8/site-packages/airflow/example_dags/example_nested_branch_dag.py
[2024-06-12T18:23:20.445+0000] {processor.py:830} INFO - Processing file /home/airflow/.local/lib/python3.8/site-packages/airflow/example_dags/example_nested_branch_dag.py for tasks to queue
[2024-06-12T18:23:20.447+0000] {logging_mixin.py:188} INFO - [2024-06-12T18:23:20.447+0000] {dagbag.py:538} INFO - Filling up the DagBag from /home/airflow/.local/lib/python3.8/site-packages/airflow/example_dags/example_nested_branch_dag.py
[2024-06-12T18:23:20.459+0000] {processor.py:840} INFO - DAG(s) 'example_nested_branch_dag' retrieved from /home/airflow/.local/lib/python3.8/site-packages/airflow/example_dags/example_nested_branch_dag.py
[2024-06-12T18:23:20.488+0000] {logging_mixin.py:188} INFO - [2024-06-12T18:23:20.487+0000] {dag.py:3036} INFO - Sync 1 DAGs
[2024-06-12T18:23:20.519+0000] {logging_mixin.py:188} INFO - [2024-06-12T18:23:20.518+0000] {dag.py:3823} INFO - Setting next_dagrun for example_nested_branch_dag to 2024-06-11 00:00:00+00:00, run_after=2024-06-12 00:00:00+00:00
[2024-06-12T18:23:20.548+0000] {processor.py:183} INFO - Processing /home/airflow/.local/lib/python3.8/site-packages/airflow/example_dags/example_nested_branch_dag.py took 0.108 seconds
[2024-06-12T18:23:51.052+0000] {processor.py:161} INFO - Started process (PID=619) to work on /home/airflow/.local/lib/python3.8/site-packages/airflow/example_dags/example_nested_branch_dag.py
[2024-06-12T18:23:51.053+0000] {processor.py:830} INFO - Processing file /home/airflow/.local/lib/python3.8/site-packages/airflow/example_dags/example_nested_branch_dag.py for tasks to queue
[2024-06-12T18:23:51.055+0000] {logging_mixin.py:188} INFO - [2024-06-12T18:23:51.055+0000] {dagbag.py:538} INFO - Filling up the DagBag from /home/airflow/.local/lib/python3.8/site-packages/airflow/example_dags/example_nested_branch_dag.py
[2024-06-12T18:23:51.068+0000] {processor.py:840} INFO - DAG(s) 'example_nested_branch_dag' retrieved from /home/airflow/.local/lib/python3.8/site-packages/airflow/example_dags/example_nested_branch_dag.py
[2024-06-12T18:23:51.097+0000] {logging_mixin.py:188} INFO - [2024-06-12T18:23:51.097+0000] {dag.py:3036} INFO - Sync 1 DAGs
[2024-06-12T18:23:51.129+0000] {logging_mixin.py:188} INFO - [2024-06-12T18:23:51.129+0000] {dag.py:3823} INFO - Setting next_dagrun for example_nested_branch_dag to 2024-06-11 00:00:00+00:00, run_after=2024-06-12 00:00:00+00:00
[2024-06-12T18:23:51.166+0000] {processor.py:183} INFO - Processing /home/airflow/.local/lib/python3.8/site-packages/airflow/example_dags/example_nested_branch_dag.py took 0.117 seconds
[2024-06-12T18:24:21.539+0000] {processor.py:161} INFO - Started process (PID=676) to work on /home/airflow/.local/lib/python3.8/site-packages/airflow/example_dags/example_nested_branch_dag.py
[2024-06-12T18:24:21.540+0000] {processor.py:830} INFO - Processing file /home/airflow/.local/lib/python3.8/site-packages/airflow/example_dags/example_nested_branch_dag.py for tasks to queue
[2024-06-12T18:24:21.542+0000] {logging_mixin.py:188} INFO - [2024-06-12T18:24:21.541+0000] {dagbag.py:538} INFO - Filling up the DagBag from /home/airflow/.local/lib/python3.8/site-packages/airflow/example_dags/example_nested_branch_dag.py
[2024-06-12T18:24:21.555+0000] {processor.py:840} INFO - DAG(s) 'example_nested_branch_dag' retrieved from /home/airflow/.local/lib/python3.8/site-packages/airflow/example_dags/example_nested_branch_dag.py
[2024-06-12T18:24:21.567+0000] {logging_mixin.py:188} INFO - [2024-06-12T18:24:21.566+0000] {dag.py:3036} INFO - Sync 1 DAGs
[2024-06-12T18:24:21.591+0000] {logging_mixin.py:188} INFO - [2024-06-12T18:24:21.591+0000] {dag.py:3823} INFO - Setting next_dagrun for example_nested_branch_dag to 2024-06-11 00:00:00+00:00, run_after=2024-06-12 00:00:00+00:00
[2024-06-12T18:24:21.616+0000] {processor.py:183} INFO - Processing /home/airflow/.local/lib/python3.8/site-packages/airflow/example_dags/example_nested_branch_dag.py took 0.080 seconds
[2024-06-12T18:24:52.353+0000] {processor.py:161} INFO - Started process (PID=733) to work on /home/airflow/.local/lib/python3.8/site-packages/airflow/example_dags/example_nested_branch_dag.py
[2024-06-12T18:24:52.354+0000] {processor.py:830} INFO - Processing file /home/airflow/.local/lib/python3.8/site-packages/airflow/example_dags/example_nested_branch_dag.py for tasks to queue
[2024-06-12T18:24:52.356+0000] {logging_mixin.py:188} INFO - [2024-06-12T18:24:52.356+0000] {dagbag.py:538} INFO - Filling up the DagBag from /home/airflow/.local/lib/python3.8/site-packages/airflow/example_dags/example_nested_branch_dag.py
[2024-06-12T18:24:52.365+0000] {processor.py:840} INFO - DAG(s) 'example_nested_branch_dag' retrieved from /home/airflow/.local/lib/python3.8/site-packages/airflow/example_dags/example_nested_branch_dag.py
[2024-06-12T18:24:52.470+0000] {logging_mixin.py:188} INFO - [2024-06-12T18:24:52.470+0000] {dag.py:3036} INFO - Sync 1 DAGs
[2024-06-12T18:24:52.508+0000] {logging_mixin.py:188} INFO - [2024-06-12T18:24:52.508+0000] {dag.py:3823} INFO - Setting next_dagrun for example_nested_branch_dag to 2024-06-11 00:00:00+00:00, run_after=2024-06-12 00:00:00+00:00
[2024-06-12T18:24:52.533+0000] {processor.py:183} INFO - Processing /home/airflow/.local/lib/python3.8/site-packages/airflow/example_dags/example_nested_branch_dag.py took 0.183 seconds
[2024-06-12T18:25:23.280+0000] {processor.py:161} INFO - Started process (PID=790) to work on /home/airflow/.local/lib/python3.8/site-packages/airflow/example_dags/example_nested_branch_dag.py
[2024-06-12T18:25:23.281+0000] {processor.py:830} INFO - Processing file /home/airflow/.local/lib/python3.8/site-packages/airflow/example_dags/example_nested_branch_dag.py for tasks to queue
[2024-06-12T18:25:23.283+0000] {logging_mixin.py:188} INFO - [2024-06-12T18:25:23.283+0000] {dagbag.py:538} INFO - Filling up the DagBag from /home/airflow/.local/lib/python3.8/site-packages/airflow/example_dags/example_nested_branch_dag.py
[2024-06-12T18:25:23.296+0000] {processor.py:840} INFO - DAG(s) 'example_nested_branch_dag' retrieved from /home/airflow/.local/lib/python3.8/site-packages/airflow/example_dags/example_nested_branch_dag.py
[2024-06-12T18:25:23.330+0000] {logging_mixin.py:188} INFO - [2024-06-12T18:25:23.329+0000] {dag.py:3036} INFO - Sync 1 DAGs
[2024-06-12T18:25:23.366+0000] {logging_mixin.py:188} INFO - [2024-06-12T18:25:23.366+0000] {dag.py:3823} INFO - Setting next_dagrun for example_nested_branch_dag to 2024-06-11 00:00:00+00:00, run_after=2024-06-12 00:00:00+00:00
[2024-06-12T18:25:23.407+0000] {processor.py:183} INFO - Processing /home/airflow/.local/lib/python3.8/site-packages/airflow/example_dags/example_nested_branch_dag.py took 0.131 seconds
[2024-06-12T18:26:57.729+0000] {processor.py:161} INFO - Started process (PID=51) to work on /home/airflow/.local/lib/python3.8/site-packages/airflow/example_dags/example_nested_branch_dag.py
[2024-06-12T18:26:57.731+0000] {processor.py:830} INFO - Processing file /home/airflow/.local/lib/python3.8/site-packages/airflow/example_dags/example_nested_branch_dag.py for tasks to queue
[2024-06-12T18:26:57.733+0000] {logging_mixin.py:188} INFO - [2024-06-12T18:26:57.733+0000] {dagbag.py:538} INFO - Filling up the DagBag from /home/airflow/.local/lib/python3.8/site-packages/airflow/example_dags/example_nested_branch_dag.py
[2024-06-12T18:26:57.754+0000] {processor.py:840} INFO - DAG(s) 'example_nested_branch_dag' retrieved from /home/airflow/.local/lib/python3.8/site-packages/airflow/example_dags/example_nested_branch_dag.py
[2024-06-12T18:26:57.817+0000] {logging_mixin.py:188} INFO - [2024-06-12T18:26:57.817+0000] {dag.py:3036} INFO - Sync 1 DAGs
[2024-06-12T18:26:57.904+0000] {logging_mixin.py:188} INFO - [2024-06-12T18:26:57.903+0000] {dag.py:3823} INFO - Setting next_dagrun for example_nested_branch_dag to 2024-06-11 00:00:00+00:00, run_after=2024-06-12 00:00:00+00:00
[2024-06-12T18:26:57.949+0000] {processor.py:183} INFO - Processing /home/airflow/.local/lib/python3.8/site-packages/airflow/example_dags/example_nested_branch_dag.py took 0.224 seconds
[2024-06-12T18:27:28.867+0000] {processor.py:161} INFO - Started process (PID=108) to work on /home/airflow/.local/lib/python3.8/site-packages/airflow/example_dags/example_nested_branch_dag.py
[2024-06-12T18:27:28.868+0000] {processor.py:830} INFO - Processing file /home/airflow/.local/lib/python3.8/site-packages/airflow/example_dags/example_nested_branch_dag.py for tasks to queue
[2024-06-12T18:27:28.871+0000] {logging_mixin.py:188} INFO - [2024-06-12T18:27:28.870+0000] {dagbag.py:538} INFO - Filling up the DagBag from /home/airflow/.local/lib/python3.8/site-packages/airflow/example_dags/example_nested_branch_dag.py
[2024-06-12T18:27:28.884+0000] {processor.py:840} INFO - DAG(s) 'example_nested_branch_dag' retrieved from /home/airflow/.local/lib/python3.8/site-packages/airflow/example_dags/example_nested_branch_dag.py
[2024-06-12T18:27:28.901+0000] {logging_mixin.py:188} INFO - [2024-06-12T18:27:28.900+0000] {dag.py:3036} INFO - Sync 1 DAGs
[2024-06-12T18:27:28.955+0000] {logging_mixin.py:188} INFO - [2024-06-12T18:27:28.955+0000] {dag.py:3823} INFO - Setting next_dagrun for example_nested_branch_dag to 2024-06-11 00:00:00+00:00, run_after=2024-06-12 00:00:00+00:00
[2024-06-12T18:27:28.985+0000] {processor.py:183} INFO - Processing /home/airflow/.local/lib/python3.8/site-packages/airflow/example_dags/example_nested_branch_dag.py took 0.121 seconds
[2024-06-12T18:27:59.798+0000] {processor.py:161} INFO - Started process (PID=165) to work on /home/airflow/.local/lib/python3.8/site-packages/airflow/example_dags/example_nested_branch_dag.py
[2024-06-12T18:27:59.799+0000] {processor.py:830} INFO - Processing file /home/airflow/.local/lib/python3.8/site-packages/airflow/example_dags/example_nested_branch_dag.py for tasks to queue
[2024-06-12T18:27:59.801+0000] {logging_mixin.py:188} INFO - [2024-06-12T18:27:59.801+0000] {dagbag.py:538} INFO - Filling up the DagBag from /home/airflow/.local/lib/python3.8/site-packages/airflow/example_dags/example_nested_branch_dag.py
[2024-06-12T18:27:59.816+0000] {processor.py:840} INFO - DAG(s) 'example_nested_branch_dag' retrieved from /home/airflow/.local/lib/python3.8/site-packages/airflow/example_dags/example_nested_branch_dag.py
[2024-06-12T18:27:59.963+0000] {logging_mixin.py:188} INFO - [2024-06-12T18:27:59.962+0000] {dag.py:3036} INFO - Sync 1 DAGs
[2024-06-12T18:27:59.993+0000] {logging_mixin.py:188} INFO - [2024-06-12T18:27:59.993+0000] {dag.py:3823} INFO - Setting next_dagrun for example_nested_branch_dag to 2024-06-11 00:00:00+00:00, run_after=2024-06-12 00:00:00+00:00
[2024-06-12T18:28:00.029+0000] {processor.py:183} INFO - Processing /home/airflow/.local/lib/python3.8/site-packages/airflow/example_dags/example_nested_branch_dag.py took 0.236 seconds
[2024-06-12T18:28:30.375+0000] {processor.py:161} INFO - Started process (PID=222) to work on /home/airflow/.local/lib/python3.8/site-packages/airflow/example_dags/example_nested_branch_dag.py
[2024-06-12T18:28:30.376+0000] {processor.py:830} INFO - Processing file /home/airflow/.local/lib/python3.8/site-packages/airflow/example_dags/example_nested_branch_dag.py for tasks to queue
[2024-06-12T18:28:30.379+0000] {logging_mixin.py:188} INFO - [2024-06-12T18:28:30.378+0000] {dagbag.py:538} INFO - Filling up the DagBag from /home/airflow/.local/lib/python3.8/site-packages/airflow/example_dags/example_nested_branch_dag.py
[2024-06-12T18:28:30.394+0000] {processor.py:840} INFO - DAG(s) 'example_nested_branch_dag' retrieved from /home/airflow/.local/lib/python3.8/site-packages/airflow/example_dags/example_nested_branch_dag.py
[2024-06-12T18:28:30.426+0000] {logging_mixin.py:188} INFO - [2024-06-12T18:28:30.425+0000] {dag.py:3036} INFO - Sync 1 DAGs
[2024-06-12T18:28:30.461+0000] {logging_mixin.py:188} INFO - [2024-06-12T18:28:30.461+0000] {dag.py:3823} INFO - Setting next_dagrun for example_nested_branch_dag to 2024-06-11 00:00:00+00:00, run_after=2024-06-12 00:00:00+00:00
[2024-06-12T18:28:30.496+0000] {processor.py:183} INFO - Processing /home/airflow/.local/lib/python3.8/site-packages/airflow/example_dags/example_nested_branch_dag.py took 0.125 seconds
[2024-06-12T18:29:00.690+0000] {processor.py:161} INFO - Started process (PID=278) to work on /home/airflow/.local/lib/python3.8/site-packages/airflow/example_dags/example_nested_branch_dag.py
[2024-06-12T18:29:00.691+0000] {processor.py:830} INFO - Processing file /home/airflow/.local/lib/python3.8/site-packages/airflow/example_dags/example_nested_branch_dag.py for tasks to queue
[2024-06-12T18:29:00.695+0000] {logging_mixin.py:188} INFO - [2024-06-12T18:29:00.694+0000] {dagbag.py:538} INFO - Filling up the DagBag from /home/airflow/.local/lib/python3.8/site-packages/airflow/example_dags/example_nested_branch_dag.py
[2024-06-12T18:29:00.711+0000] {processor.py:840} INFO - DAG(s) 'example_nested_branch_dag' retrieved from /home/airflow/.local/lib/python3.8/site-packages/airflow/example_dags/example_nested_branch_dag.py
[2024-06-12T18:29:00.744+0000] {logging_mixin.py:188} INFO - [2024-06-12T18:29:00.743+0000] {dag.py:3036} INFO - Sync 1 DAGs
[2024-06-12T18:29:00.782+0000] {logging_mixin.py:188} INFO - [2024-06-12T18:29:00.781+0000] {dag.py:3823} INFO - Setting next_dagrun for example_nested_branch_dag to 2024-06-11 00:00:00+00:00, run_after=2024-06-12 00:00:00+00:00
[2024-06-12T18:29:00.820+0000] {processor.py:183} INFO - Processing /home/airflow/.local/lib/python3.8/site-packages/airflow/example_dags/example_nested_branch_dag.py took 0.133 seconds
[2024-06-12T18:29:30.933+0000] {processor.py:161} INFO - Started process (PID=334) to work on /home/airflow/.local/lib/python3.8/site-packages/airflow/example_dags/example_nested_branch_dag.py
[2024-06-12T18:29:30.934+0000] {processor.py:830} INFO - Processing file /home/airflow/.local/lib/python3.8/site-packages/airflow/example_dags/example_nested_branch_dag.py for tasks to queue
[2024-06-12T18:29:30.936+0000] {logging_mixin.py:188} INFO - [2024-06-12T18:29:30.936+0000] {dagbag.py:538} INFO - Filling up the DagBag from /home/airflow/.local/lib/python3.8/site-packages/airflow/example_dags/example_nested_branch_dag.py
[2024-06-12T18:29:30.948+0000] {processor.py:840} INFO - DAG(s) 'example_nested_branch_dag' retrieved from /home/airflow/.local/lib/python3.8/site-packages/airflow/example_dags/example_nested_branch_dag.py
[2024-06-12T18:29:30.982+0000] {logging_mixin.py:188} INFO - [2024-06-12T18:29:30.982+0000] {dag.py:3036} INFO - Sync 1 DAGs
[2024-06-12T18:29:31.020+0000] {logging_mixin.py:188} INFO - [2024-06-12T18:29:31.019+0000] {dag.py:3823} INFO - Setting next_dagrun for example_nested_branch_dag to 2024-06-11 00:00:00+00:00, run_after=2024-06-12 00:00:00+00:00
[2024-06-12T18:29:31.056+0000] {processor.py:183} INFO - Processing /home/airflow/.local/lib/python3.8/site-packages/airflow/example_dags/example_nested_branch_dag.py took 0.127 seconds
[2024-06-12T18:30:01.331+0000] {processor.py:161} INFO - Started process (PID=391) to work on /home/airflow/.local/lib/python3.8/site-packages/airflow/example_dags/example_nested_branch_dag.py
[2024-06-12T18:30:01.333+0000] {processor.py:830} INFO - Processing file /home/airflow/.local/lib/python3.8/site-packages/airflow/example_dags/example_nested_branch_dag.py for tasks to queue
[2024-06-12T18:30:01.335+0000] {logging_mixin.py:188} INFO - [2024-06-12T18:30:01.335+0000] {dagbag.py:538} INFO - Filling up the DagBag from /home/airflow/.local/lib/python3.8/site-packages/airflow/example_dags/example_nested_branch_dag.py
[2024-06-12T18:30:01.347+0000] {processor.py:840} INFO - DAG(s) 'example_nested_branch_dag' retrieved from /home/airflow/.local/lib/python3.8/site-packages/airflow/example_dags/example_nested_branch_dag.py
[2024-06-12T18:30:01.382+0000] {logging_mixin.py:188} INFO - [2024-06-12T18:30:01.382+0000] {dag.py:3036} INFO - Sync 1 DAGs
[2024-06-12T18:30:01.427+0000] {logging_mixin.py:188} INFO - [2024-06-12T18:30:01.427+0000] {dag.py:3823} INFO - Setting next_dagrun for example_nested_branch_dag to 2024-06-11 00:00:00+00:00, run_after=2024-06-12 00:00:00+00:00
[2024-06-12T18:30:01.475+0000] {processor.py:183} INFO - Processing /home/airflow/.local/lib/python3.8/site-packages/airflow/example_dags/example_nested_branch_dag.py took 0.147 seconds
[2024-06-12T18:30:31.544+0000] {processor.py:161} INFO - Started process (PID=448) to work on /home/airflow/.local/lib/python3.8/site-packages/airflow/example_dags/example_nested_branch_dag.py
[2024-06-12T18:30:31.545+0000] {processor.py:830} INFO - Processing file /home/airflow/.local/lib/python3.8/site-packages/airflow/example_dags/example_nested_branch_dag.py for tasks to queue
[2024-06-12T18:30:31.547+0000] {logging_mixin.py:188} INFO - [2024-06-12T18:30:31.546+0000] {dagbag.py:538} INFO - Filling up the DagBag from /home/airflow/.local/lib/python3.8/site-packages/airflow/example_dags/example_nested_branch_dag.py
[2024-06-12T18:30:31.559+0000] {processor.py:840} INFO - DAG(s) 'example_nested_branch_dag' retrieved from /home/airflow/.local/lib/python3.8/site-packages/airflow/example_dags/example_nested_branch_dag.py
[2024-06-12T18:30:31.582+0000] {logging_mixin.py:188} INFO - [2024-06-12T18:30:31.581+0000] {dag.py:3036} INFO - Sync 1 DAGs
[2024-06-12T18:30:31.607+0000] {logging_mixin.py:188} INFO - [2024-06-12T18:30:31.607+0000] {dag.py:3823} INFO - Setting next_dagrun for example_nested_branch_dag to 2024-06-11 00:00:00+00:00, run_after=2024-06-12 00:00:00+00:00
[2024-06-12T18:30:31.632+0000] {processor.py:183} INFO - Processing /home/airflow/.local/lib/python3.8/site-packages/airflow/example_dags/example_nested_branch_dag.py took 0.092 seconds
[2024-06-12T18:31:02.700+0000] {processor.py:161} INFO - Started process (PID=505) to work on /home/airflow/.local/lib/python3.8/site-packages/airflow/example_dags/example_nested_branch_dag.py
[2024-06-12T18:31:02.701+0000] {processor.py:830} INFO - Processing file /home/airflow/.local/lib/python3.8/site-packages/airflow/example_dags/example_nested_branch_dag.py for tasks to queue
[2024-06-12T18:31:02.704+0000] {logging_mixin.py:188} INFO - [2024-06-12T18:31:02.704+0000] {dagbag.py:538} INFO - Filling up the DagBag from /home/airflow/.local/lib/python3.8/site-packages/airflow/example_dags/example_nested_branch_dag.py
[2024-06-12T18:31:02.720+0000] {processor.py:840} INFO - DAG(s) 'example_nested_branch_dag' retrieved from /home/airflow/.local/lib/python3.8/site-packages/airflow/example_dags/example_nested_branch_dag.py
[2024-06-12T18:31:02.765+0000] {logging_mixin.py:188} INFO - [2024-06-12T18:31:02.765+0000] {dag.py:3036} INFO - Sync 1 DAGs
[2024-06-12T18:31:02.801+0000] {logging_mixin.py:188} INFO - [2024-06-12T18:31:02.801+0000] {dag.py:3823} INFO - Setting next_dagrun for example_nested_branch_dag to 2024-06-11 00:00:00+00:00, run_after=2024-06-12 00:00:00+00:00
[2024-06-12T18:31:02.835+0000] {processor.py:183} INFO - Processing /home/airflow/.local/lib/python3.8/site-packages/airflow/example_dags/example_nested_branch_dag.py took 0.138 seconds
[2024-06-12T18:31:33.122+0000] {processor.py:161} INFO - Started process (PID=562) to work on /home/airflow/.local/lib/python3.8/site-packages/airflow/example_dags/example_nested_branch_dag.py
[2024-06-12T18:31:33.123+0000] {processor.py:830} INFO - Processing file /home/airflow/.local/lib/python3.8/site-packages/airflow/example_dags/example_nested_branch_dag.py for tasks to queue
[2024-06-12T18:31:33.126+0000] {logging_mixin.py:188} INFO - [2024-06-12T18:31:33.125+0000] {dagbag.py:538} INFO - Filling up the DagBag from /home/airflow/.local/lib/python3.8/site-packages/airflow/example_dags/example_nested_branch_dag.py
[2024-06-12T18:31:33.143+0000] {processor.py:840} INFO - DAG(s) 'example_nested_branch_dag' retrieved from /home/airflow/.local/lib/python3.8/site-packages/airflow/example_dags/example_nested_branch_dag.py
[2024-06-12T18:31:33.180+0000] {logging_mixin.py:188} INFO - [2024-06-12T18:31:33.179+0000] {dag.py:3036} INFO - Sync 1 DAGs
[2024-06-12T18:31:33.222+0000] {logging_mixin.py:188} INFO - [2024-06-12T18:31:33.221+0000] {dag.py:3823} INFO - Setting next_dagrun for example_nested_branch_dag to 2024-06-11 00:00:00+00:00, run_after=2024-06-12 00:00:00+00:00
[2024-06-12T18:31:33.259+0000] {processor.py:183} INFO - Processing /home/airflow/.local/lib/python3.8/site-packages/airflow/example_dags/example_nested_branch_dag.py took 0.142 seconds
[2024-06-12T18:32:03.424+0000] {processor.py:161} INFO - Started process (PID=619) to work on /home/airflow/.local/lib/python3.8/site-packages/airflow/example_dags/example_nested_branch_dag.py
[2024-06-12T18:32:03.425+0000] {processor.py:830} INFO - Processing file /home/airflow/.local/lib/python3.8/site-packages/airflow/example_dags/example_nested_branch_dag.py for tasks to queue
[2024-06-12T18:32:03.427+0000] {logging_mixin.py:188} INFO - [2024-06-12T18:32:03.427+0000] {dagbag.py:538} INFO - Filling up the DagBag from /home/airflow/.local/lib/python3.8/site-packages/airflow/example_dags/example_nested_branch_dag.py
[2024-06-12T18:32:03.443+0000] {processor.py:840} INFO - DAG(s) 'example_nested_branch_dag' retrieved from /home/airflow/.local/lib/python3.8/site-packages/airflow/example_dags/example_nested_branch_dag.py
[2024-06-12T18:32:03.478+0000] {logging_mixin.py:188} INFO - [2024-06-12T18:32:03.478+0000] {dag.py:3036} INFO - Sync 1 DAGs
[2024-06-12T18:32:03.517+0000] {logging_mixin.py:188} INFO - [2024-06-12T18:32:03.517+0000] {dag.py:3823} INFO - Setting next_dagrun for example_nested_branch_dag to 2024-06-11 00:00:00+00:00, run_after=2024-06-12 00:00:00+00:00
[2024-06-12T18:32:03.550+0000] {processor.py:183} INFO - Processing /home/airflow/.local/lib/python3.8/site-packages/airflow/example_dags/example_nested_branch_dag.py took 0.130 seconds
[2024-06-12T18:32:33.646+0000] {processor.py:161} INFO - Started process (PID=676) to work on /home/airflow/.local/lib/python3.8/site-packages/airflow/example_dags/example_nested_branch_dag.py
[2024-06-12T18:32:33.647+0000] {processor.py:830} INFO - Processing file /home/airflow/.local/lib/python3.8/site-packages/airflow/example_dags/example_nested_branch_dag.py for tasks to queue
[2024-06-12T18:32:33.650+0000] {logging_mixin.py:188} INFO - [2024-06-12T18:32:33.649+0000] {dagbag.py:538} INFO - Filling up the DagBag from /home/airflow/.local/lib/python3.8/site-packages/airflow/example_dags/example_nested_branch_dag.py
[2024-06-12T18:32:33.675+0000] {processor.py:840} INFO - DAG(s) 'example_nested_branch_dag' retrieved from /home/airflow/.local/lib/python3.8/site-packages/airflow/example_dags/example_nested_branch_dag.py
[2024-06-12T18:32:33.707+0000] {logging_mixin.py:188} INFO - [2024-06-12T18:32:33.706+0000] {dag.py:3036} INFO - Sync 1 DAGs
[2024-06-12T18:32:33.744+0000] {logging_mixin.py:188} INFO - [2024-06-12T18:32:33.744+0000] {dag.py:3823} INFO - Setting next_dagrun for example_nested_branch_dag to 2024-06-11 00:00:00+00:00, run_after=2024-06-12 00:00:00+00:00
[2024-06-12T18:32:33.778+0000] {processor.py:183} INFO - Processing /home/airflow/.local/lib/python3.8/site-packages/airflow/example_dags/example_nested_branch_dag.py took 0.136 seconds
[2024-06-12T18:33:03.915+0000] {processor.py:161} INFO - Started process (PID=734) to work on /home/airflow/.local/lib/python3.8/site-packages/airflow/example_dags/example_nested_branch_dag.py
[2024-06-12T18:33:03.917+0000] {processor.py:830} INFO - Processing file /home/airflow/.local/lib/python3.8/site-packages/airflow/example_dags/example_nested_branch_dag.py for tasks to queue
[2024-06-12T18:33:03.920+0000] {logging_mixin.py:188} INFO - [2024-06-12T18:33:03.919+0000] {dagbag.py:538} INFO - Filling up the DagBag from /home/airflow/.local/lib/python3.8/site-packages/airflow/example_dags/example_nested_branch_dag.py
[2024-06-12T18:33:03.937+0000] {processor.py:840} INFO - DAG(s) 'example_nested_branch_dag' retrieved from /home/airflow/.local/lib/python3.8/site-packages/airflow/example_dags/example_nested_branch_dag.py
[2024-06-12T18:33:03.978+0000] {logging_mixin.py:188} INFO - [2024-06-12T18:33:03.977+0000] {dag.py:3036} INFO - Sync 1 DAGs
[2024-06-12T18:33:04.018+0000] {logging_mixin.py:188} INFO - [2024-06-12T18:33:04.017+0000] {dag.py:3823} INFO - Setting next_dagrun for example_nested_branch_dag to 2024-06-11 00:00:00+00:00, run_after=2024-06-12 00:00:00+00:00
[2024-06-12T18:33:04.054+0000] {processor.py:183} INFO - Processing /home/airflow/.local/lib/python3.8/site-packages/airflow/example_dags/example_nested_branch_dag.py took 0.142 seconds
[2024-06-12T18:33:34.255+0000] {processor.py:161} INFO - Started process (PID=792) to work on /home/airflow/.local/lib/python3.8/site-packages/airflow/example_dags/example_nested_branch_dag.py
[2024-06-12T18:33:34.256+0000] {processor.py:830} INFO - Processing file /home/airflow/.local/lib/python3.8/site-packages/airflow/example_dags/example_nested_branch_dag.py for tasks to queue
[2024-06-12T18:33:34.258+0000] {logging_mixin.py:188} INFO - [2024-06-12T18:33:34.258+0000] {dagbag.py:538} INFO - Filling up the DagBag from /home/airflow/.local/lib/python3.8/site-packages/airflow/example_dags/example_nested_branch_dag.py
[2024-06-12T18:33:34.269+0000] {processor.py:840} INFO - DAG(s) 'example_nested_branch_dag' retrieved from /home/airflow/.local/lib/python3.8/site-packages/airflow/example_dags/example_nested_branch_dag.py
[2024-06-12T18:33:34.295+0000] {logging_mixin.py:188} INFO - [2024-06-12T18:33:34.294+0000] {dag.py:3036} INFO - Sync 1 DAGs
[2024-06-12T18:33:34.330+0000] {logging_mixin.py:188} INFO - [2024-06-12T18:33:34.330+0000] {dag.py:3823} INFO - Setting next_dagrun for example_nested_branch_dag to 2024-06-11 00:00:00+00:00, run_after=2024-06-12 00:00:00+00:00
[2024-06-12T18:33:34.357+0000] {processor.py:183} INFO - Processing /home/airflow/.local/lib/python3.8/site-packages/airflow/example_dags/example_nested_branch_dag.py took 0.108 seconds
[2024-06-12T18:34:04.779+0000] {processor.py:161} INFO - Started process (PID=849) to work on /home/airflow/.local/lib/python3.8/site-packages/airflow/example_dags/example_nested_branch_dag.py
[2024-06-12T18:34:04.780+0000] {processor.py:830} INFO - Processing file /home/airflow/.local/lib/python3.8/site-packages/airflow/example_dags/example_nested_branch_dag.py for tasks to queue
[2024-06-12T18:34:04.782+0000] {logging_mixin.py:188} INFO - [2024-06-12T18:34:04.782+0000] {dagbag.py:538} INFO - Filling up the DagBag from /home/airflow/.local/lib/python3.8/site-packages/airflow/example_dags/example_nested_branch_dag.py
[2024-06-12T18:34:04.798+0000] {processor.py:840} INFO - DAG(s) 'example_nested_branch_dag' retrieved from /home/airflow/.local/lib/python3.8/site-packages/airflow/example_dags/example_nested_branch_dag.py
[2024-06-12T18:34:04.831+0000] {logging_mixin.py:188} INFO - [2024-06-12T18:34:04.831+0000] {dag.py:3036} INFO - Sync 1 DAGs
[2024-06-12T18:34:04.860+0000] {logging_mixin.py:188} INFO - [2024-06-12T18:34:04.860+0000] {dag.py:3823} INFO - Setting next_dagrun for example_nested_branch_dag to 2024-06-11 00:00:00+00:00, run_after=2024-06-12 00:00:00+00:00
[2024-06-12T18:34:04.887+0000] {processor.py:183} INFO - Processing /home/airflow/.local/lib/python3.8/site-packages/airflow/example_dags/example_nested_branch_dag.py took 0.111 seconds
[2024-06-12T18:34:35.780+0000] {processor.py:161} INFO - Started process (PID=906) to work on /home/airflow/.local/lib/python3.8/site-packages/airflow/example_dags/example_nested_branch_dag.py
[2024-06-12T18:34:35.781+0000] {processor.py:830} INFO - Processing file /home/airflow/.local/lib/python3.8/site-packages/airflow/example_dags/example_nested_branch_dag.py for tasks to queue
[2024-06-12T18:34:35.783+0000] {logging_mixin.py:188} INFO - [2024-06-12T18:34:35.783+0000] {dagbag.py:538} INFO - Filling up the DagBag from /home/airflow/.local/lib/python3.8/site-packages/airflow/example_dags/example_nested_branch_dag.py
[2024-06-12T18:34:35.795+0000] {processor.py:840} INFO - DAG(s) 'example_nested_branch_dag' retrieved from /home/airflow/.local/lib/python3.8/site-packages/airflow/example_dags/example_nested_branch_dag.py
[2024-06-12T18:34:35.821+0000] {logging_mixin.py:188} INFO - [2024-06-12T18:34:35.821+0000] {dag.py:3036} INFO - Sync 1 DAGs
[2024-06-12T18:34:35.867+0000] {logging_mixin.py:188} INFO - [2024-06-12T18:34:35.867+0000] {dag.py:3823} INFO - Setting next_dagrun for example_nested_branch_dag to 2024-06-11 00:00:00+00:00, run_after=2024-06-12 00:00:00+00:00
[2024-06-12T18:34:35.898+0000] {processor.py:183} INFO - Processing /home/airflow/.local/lib/python3.8/site-packages/airflow/example_dags/example_nested_branch_dag.py took 0.122 seconds
[2024-06-12T18:35:06.168+0000] {processor.py:161} INFO - Started process (PID=963) to work on /home/airflow/.local/lib/python3.8/site-packages/airflow/example_dags/example_nested_branch_dag.py
[2024-06-12T18:35:06.169+0000] {processor.py:830} INFO - Processing file /home/airflow/.local/lib/python3.8/site-packages/airflow/example_dags/example_nested_branch_dag.py for tasks to queue
[2024-06-12T18:35:06.172+0000] {logging_mixin.py:188} INFO - [2024-06-12T18:35:06.172+0000] {dagbag.py:538} INFO - Filling up the DagBag from /home/airflow/.local/lib/python3.8/site-packages/airflow/example_dags/example_nested_branch_dag.py
[2024-06-12T18:35:06.184+0000] {processor.py:840} INFO - DAG(s) 'example_nested_branch_dag' retrieved from /home/airflow/.local/lib/python3.8/site-packages/airflow/example_dags/example_nested_branch_dag.py
[2024-06-12T18:35:06.217+0000] {logging_mixin.py:188} INFO - [2024-06-12T18:35:06.217+0000] {dag.py:3036} INFO - Sync 1 DAGs
[2024-06-12T18:35:06.254+0000] {logging_mixin.py:188} INFO - [2024-06-12T18:35:06.253+0000] {dag.py:3823} INFO - Setting next_dagrun for example_nested_branch_dag to 2024-06-11 00:00:00+00:00, run_after=2024-06-12 00:00:00+00:00
[2024-06-12T18:35:06.291+0000] {processor.py:183} INFO - Processing /home/airflow/.local/lib/python3.8/site-packages/airflow/example_dags/example_nested_branch_dag.py took 0.127 seconds
[2024-06-12T18:35:36.672+0000] {processor.py:161} INFO - Started process (PID=1020) to work on /home/airflow/.local/lib/python3.8/site-packages/airflow/example_dags/example_nested_branch_dag.py
[2024-06-12T18:35:36.673+0000] {processor.py:830} INFO - Processing file /home/airflow/.local/lib/python3.8/site-packages/airflow/example_dags/example_nested_branch_dag.py for tasks to queue
[2024-06-12T18:35:36.675+0000] {logging_mixin.py:188} INFO - [2024-06-12T18:35:36.674+0000] {dagbag.py:538} INFO - Filling up the DagBag from /home/airflow/.local/lib/python3.8/site-packages/airflow/example_dags/example_nested_branch_dag.py
[2024-06-12T18:35:36.688+0000] {processor.py:840} INFO - DAG(s) 'example_nested_branch_dag' retrieved from /home/airflow/.local/lib/python3.8/site-packages/airflow/example_dags/example_nested_branch_dag.py
[2024-06-12T18:35:36.718+0000] {logging_mixin.py:188} INFO - [2024-06-12T18:35:36.718+0000] {dag.py:3036} INFO - Sync 1 DAGs
[2024-06-12T18:35:36.753+0000] {logging_mixin.py:188} INFO - [2024-06-12T18:35:36.752+0000] {dag.py:3823} INFO - Setting next_dagrun for example_nested_branch_dag to 2024-06-11 00:00:00+00:00, run_after=2024-06-12 00:00:00+00:00
[2024-06-12T18:35:36.783+0000] {processor.py:183} INFO - Processing /home/airflow/.local/lib/python3.8/site-packages/airflow/example_dags/example_nested_branch_dag.py took 0.115 seconds
