[2024-06-12T18:04:13.451+0000] {processor.py:161} INFO - Started process (PID=77) to work on /home/airflow/.local/lib/python3.8/site-packages/airflow/example_dags/example_branch_labels.py
[2024-06-12T18:04:13.457+0000] {processor.py:830} INFO - Processing file /home/airflow/.local/lib/python3.8/site-packages/airflow/example_dags/example_branch_labels.py for tasks to queue
[2024-06-12T18:04:13.462+0000] {logging_mixin.py:188} INFO - [2024-06-12T18:04:13.461+0000] {dagbag.py:538} INFO - Filling up the DagBag from /home/airflow/.local/lib/python3.8/site-packages/airflow/example_dags/example_branch_labels.py
[2024-06-12T18:04:13.519+0000] {processor.py:840} INFO - DAG(s) 'example_branch_labels' retrieved from /home/airflow/.local/lib/python3.8/site-packages/airflow/example_dags/example_branch_labels.py
[2024-06-12T18:04:13.620+0000] {logging_mixin.py:188} INFO - [2024-06-12T18:04:13.620+0000] {dag.py:3036} INFO - Sync 1 DAGs
[2024-06-12T18:04:13.734+0000] {logging_mixin.py:188} INFO - [2024-06-12T18:04:13.733+0000] {dag.py:3823} INFO - Setting next_dagrun for example_branch_labels to 2024-06-11 00:00:00+00:00, run_after=2024-06-12 00:00:00+00:00
[2024-06-12T18:04:13.790+0000] {processor.py:183} INFO - Processing /home/airflow/.local/lib/python3.8/site-packages/airflow/example_dags/example_branch_labels.py took 0.344 seconds
[2024-06-12T18:05:46.979+0000] {processor.py:161} INFO - Started process (PID=158) to work on /home/airflow/.local/lib/python3.8/site-packages/airflow/example_dags/example_branch_labels.py
[2024-06-12T18:05:46.981+0000] {processor.py:830} INFO - Processing file /home/airflow/.local/lib/python3.8/site-packages/airflow/example_dags/example_branch_labels.py for tasks to queue
[2024-06-12T18:05:46.984+0000] {logging_mixin.py:188} INFO - [2024-06-12T18:05:46.983+0000] {dagbag.py:538} INFO - Filling up the DagBag from /home/airflow/.local/lib/python3.8/site-packages/airflow/example_dags/example_branch_labels.py
[2024-06-12T18:05:47.009+0000] {processor.py:840} INFO - DAG(s) 'example_branch_labels' retrieved from /home/airflow/.local/lib/python3.8/site-packages/airflow/example_dags/example_branch_labels.py
[2024-06-12T18:05:47.048+0000] {logging_mixin.py:188} INFO - [2024-06-12T18:05:47.048+0000] {dag.py:3036} INFO - Sync 1 DAGs
[2024-06-12T18:05:47.133+0000] {logging_mixin.py:188} INFO - [2024-06-12T18:05:47.132+0000] {dag.py:3823} INFO - Setting next_dagrun for example_branch_labels to 2024-06-11 00:00:00+00:00, run_after=2024-06-12 00:00:00+00:00
[2024-06-12T18:05:47.232+0000] {processor.py:183} INFO - Processing /home/airflow/.local/lib/python3.8/site-packages/airflow/example_dags/example_branch_labels.py took 0.259 seconds
[2024-06-12T18:06:17.393+0000] {processor.py:161} INFO - Started process (PID=223) to work on /home/airflow/.local/lib/python3.8/site-packages/airflow/example_dags/example_branch_labels.py
[2024-06-12T18:06:17.394+0000] {processor.py:830} INFO - Processing file /home/airflow/.local/lib/python3.8/site-packages/airflow/example_dags/example_branch_labels.py for tasks to queue
[2024-06-12T18:06:17.396+0000] {logging_mixin.py:188} INFO - [2024-06-12T18:06:17.395+0000] {dagbag.py:538} INFO - Filling up the DagBag from /home/airflow/.local/lib/python3.8/site-packages/airflow/example_dags/example_branch_labels.py
[2024-06-12T18:06:17.416+0000] {processor.py:840} INFO - DAG(s) 'example_branch_labels' retrieved from /home/airflow/.local/lib/python3.8/site-packages/airflow/example_dags/example_branch_labels.py
[2024-06-12T18:06:17.448+0000] {logging_mixin.py:188} INFO - [2024-06-12T18:06:17.448+0000] {dag.py:3036} INFO - Sync 1 DAGs
[2024-06-12T18:06:17.542+0000] {logging_mixin.py:188} INFO - [2024-06-12T18:06:17.541+0000] {dag.py:3823} INFO - Setting next_dagrun for example_branch_labels to 2024-06-11 00:00:00+00:00, run_after=2024-06-12 00:00:00+00:00
[2024-06-12T18:06:17.598+0000] {processor.py:183} INFO - Processing /home/airflow/.local/lib/python3.8/site-packages/airflow/example_dags/example_branch_labels.py took 0.213 seconds
[2024-06-12T18:06:49.951+0000] {processor.py:161} INFO - Started process (PID=282) to work on /home/airflow/.local/lib/python3.8/site-packages/airflow/example_dags/example_branch_labels.py
[2024-06-12T18:06:49.952+0000] {processor.py:830} INFO - Processing file /home/airflow/.local/lib/python3.8/site-packages/airflow/example_dags/example_branch_labels.py for tasks to queue
[2024-06-12T18:06:49.953+0000] {logging_mixin.py:188} INFO - [2024-06-12T18:06:49.953+0000] {dagbag.py:538} INFO - Filling up the DagBag from /home/airflow/.local/lib/python3.8/site-packages/airflow/example_dags/example_branch_labels.py
[2024-06-12T18:06:49.967+0000] {processor.py:840} INFO - DAG(s) 'example_branch_labels' retrieved from /home/airflow/.local/lib/python3.8/site-packages/airflow/example_dags/example_branch_labels.py
[2024-06-12T18:06:50.125+0000] {logging_mixin.py:188} INFO - [2024-06-12T18:06:50.125+0000] {dag.py:3036} INFO - Sync 1 DAGs
[2024-06-12T18:06:50.153+0000] {logging_mixin.py:188} INFO - [2024-06-12T18:06:50.153+0000] {dag.py:3823} INFO - Setting next_dagrun for example_branch_labels to 2024-06-11 00:00:00+00:00, run_after=2024-06-12 00:00:00+00:00
[2024-06-12T18:06:50.185+0000] {processor.py:183} INFO - Processing /home/airflow/.local/lib/python3.8/site-packages/airflow/example_dags/example_branch_labels.py took 0.240 seconds
[2024-06-12T18:07:20.272+0000] {processor.py:161} INFO - Started process (PID=347) to work on /home/airflow/.local/lib/python3.8/site-packages/airflow/example_dags/example_branch_labels.py
[2024-06-12T18:07:20.273+0000] {processor.py:830} INFO - Processing file /home/airflow/.local/lib/python3.8/site-packages/airflow/example_dags/example_branch_labels.py for tasks to queue
[2024-06-12T18:07:20.275+0000] {logging_mixin.py:188} INFO - [2024-06-12T18:07:20.274+0000] {dagbag.py:538} INFO - Filling up the DagBag from /home/airflow/.local/lib/python3.8/site-packages/airflow/example_dags/example_branch_labels.py
[2024-06-12T18:07:20.288+0000] {processor.py:840} INFO - DAG(s) 'example_branch_labels' retrieved from /home/airflow/.local/lib/python3.8/site-packages/airflow/example_dags/example_branch_labels.py
[2024-06-12T18:07:20.318+0000] {logging_mixin.py:188} INFO - [2024-06-12T18:07:20.317+0000] {dag.py:3036} INFO - Sync 1 DAGs
[2024-06-12T18:07:20.353+0000] {logging_mixin.py:188} INFO - [2024-06-12T18:07:20.353+0000] {dag.py:3823} INFO - Setting next_dagrun for example_branch_labels to 2024-06-11 00:00:00+00:00, run_after=2024-06-12 00:00:00+00:00
[2024-06-12T18:07:20.378+0000] {processor.py:183} INFO - Processing /home/airflow/.local/lib/python3.8/site-packages/airflow/example_dags/example_branch_labels.py took 0.110 seconds
[2024-06-12T18:08:01.300+0000] {processor.py:161} INFO - Started process (PID=426) to work on /home/airflow/.local/lib/python3.8/site-packages/airflow/example_dags/example_branch_labels.py
[2024-06-12T18:08:01.301+0000] {processor.py:830} INFO - Processing file /home/airflow/.local/lib/python3.8/site-packages/airflow/example_dags/example_branch_labels.py for tasks to queue
[2024-06-12T18:08:01.303+0000] {logging_mixin.py:188} INFO - [2024-06-12T18:08:01.303+0000] {dagbag.py:538} INFO - Filling up the DagBag from /home/airflow/.local/lib/python3.8/site-packages/airflow/example_dags/example_branch_labels.py
[2024-06-12T18:08:01.323+0000] {processor.py:840} INFO - DAG(s) 'example_branch_labels' retrieved from /home/airflow/.local/lib/python3.8/site-packages/airflow/example_dags/example_branch_labels.py
[2024-06-12T18:08:01.357+0000] {logging_mixin.py:188} INFO - [2024-06-12T18:08:01.357+0000] {dag.py:3036} INFO - Sync 1 DAGs
[2024-06-12T18:08:01.399+0000] {logging_mixin.py:188} INFO - [2024-06-12T18:08:01.398+0000] {dag.py:3823} INFO - Setting next_dagrun for example_branch_labels to 2024-06-11 00:00:00+00:00, run_after=2024-06-12 00:00:00+00:00
[2024-06-12T18:08:01.435+0000] {processor.py:183} INFO - Processing /home/airflow/.local/lib/python3.8/site-packages/airflow/example_dags/example_branch_labels.py took 0.139 seconds
[2024-06-12T18:08:39.132+0000] {processor.py:161} INFO - Started process (PID=497) to work on /home/airflow/.local/lib/python3.8/site-packages/airflow/example_dags/example_branch_labels.py
[2024-06-12T18:08:39.134+0000] {processor.py:830} INFO - Processing file /home/airflow/.local/lib/python3.8/site-packages/airflow/example_dags/example_branch_labels.py for tasks to queue
[2024-06-12T18:08:39.136+0000] {logging_mixin.py:188} INFO - [2024-06-12T18:08:39.135+0000] {dagbag.py:538} INFO - Filling up the DagBag from /home/airflow/.local/lib/python3.8/site-packages/airflow/example_dags/example_branch_labels.py
[2024-06-12T18:08:39.147+0000] {processor.py:840} INFO - DAG(s) 'example_branch_labels' retrieved from /home/airflow/.local/lib/python3.8/site-packages/airflow/example_dags/example_branch_labels.py
[2024-06-12T18:08:39.181+0000] {logging_mixin.py:188} INFO - [2024-06-12T18:08:39.181+0000] {dag.py:3036} INFO - Sync 1 DAGs
[2024-06-12T18:08:39.220+0000] {logging_mixin.py:188} INFO - [2024-06-12T18:08:39.220+0000] {dag.py:3823} INFO - Setting next_dagrun for example_branch_labels to 2024-06-11 00:00:00+00:00, run_after=2024-06-12 00:00:00+00:00
[2024-06-12T18:08:39.250+0000] {processor.py:183} INFO - Processing /home/airflow/.local/lib/python3.8/site-packages/airflow/example_dags/example_branch_labels.py took 0.122 seconds
[2024-06-12T18:09:09.870+0000] {processor.py:161} INFO - Started process (PID=557) to work on /home/airflow/.local/lib/python3.8/site-packages/airflow/example_dags/example_branch_labels.py
[2024-06-12T18:09:09.871+0000] {processor.py:830} INFO - Processing file /home/airflow/.local/lib/python3.8/site-packages/airflow/example_dags/example_branch_labels.py for tasks to queue
[2024-06-12T18:09:09.872+0000] {logging_mixin.py:188} INFO - [2024-06-12T18:09:09.871+0000] {dagbag.py:538} INFO - Filling up the DagBag from /home/airflow/.local/lib/python3.8/site-packages/airflow/example_dags/example_branch_labels.py
[2024-06-12T18:09:09.880+0000] {processor.py:840} INFO - DAG(s) 'example_branch_labels' retrieved from /home/airflow/.local/lib/python3.8/site-packages/airflow/example_dags/example_branch_labels.py
[2024-06-12T18:09:09.892+0000] {logging_mixin.py:188} INFO - [2024-06-12T18:09:09.891+0000] {dag.py:3036} INFO - Sync 1 DAGs
[2024-06-12T18:09:09.924+0000] {logging_mixin.py:188} INFO - [2024-06-12T18:09:09.924+0000] {dag.py:3823} INFO - Setting next_dagrun for example_branch_labels to 2024-06-11 00:00:00+00:00, run_after=2024-06-12 00:00:00+00:00
[2024-06-12T18:09:09.950+0000] {processor.py:183} INFO - Processing /home/airflow/.local/lib/python3.8/site-packages/airflow/example_dags/example_branch_labels.py took 0.084 seconds
[2024-06-12T18:09:41.759+0000] {processor.py:161} INFO - Started process (PID=614) to work on /home/airflow/.local/lib/python3.8/site-packages/airflow/example_dags/example_branch_labels.py
[2024-06-12T18:09:41.761+0000] {processor.py:830} INFO - Processing file /home/airflow/.local/lib/python3.8/site-packages/airflow/example_dags/example_branch_labels.py for tasks to queue
[2024-06-12T18:09:41.762+0000] {logging_mixin.py:188} INFO - [2024-06-12T18:09:41.761+0000] {dagbag.py:538} INFO - Filling up the DagBag from /home/airflow/.local/lib/python3.8/site-packages/airflow/example_dags/example_branch_labels.py
[2024-06-12T18:09:41.772+0000] {processor.py:840} INFO - DAG(s) 'example_branch_labels' retrieved from /home/airflow/.local/lib/python3.8/site-packages/airflow/example_dags/example_branch_labels.py
[2024-06-12T18:09:41.907+0000] {logging_mixin.py:188} INFO - [2024-06-12T18:09:41.906+0000] {dag.py:3036} INFO - Sync 1 DAGs
[2024-06-12T18:09:41.933+0000] {logging_mixin.py:188} INFO - [2024-06-12T18:09:41.932+0000] {dag.py:3823} INFO - Setting next_dagrun for example_branch_labels to 2024-06-11 00:00:00+00:00, run_after=2024-06-12 00:00:00+00:00
[2024-06-12T18:09:41.960+0000] {processor.py:183} INFO - Processing /home/airflow/.local/lib/python3.8/site-packages/airflow/example_dags/example_branch_labels.py took 0.205 seconds
[2024-06-12T18:10:12.284+0000] {processor.py:161} INFO - Started process (PID=673) to work on /home/airflow/.local/lib/python3.8/site-packages/airflow/example_dags/example_branch_labels.py
[2024-06-12T18:10:12.284+0000] {processor.py:830} INFO - Processing file /home/airflow/.local/lib/python3.8/site-packages/airflow/example_dags/example_branch_labels.py for tasks to queue
[2024-06-12T18:10:12.285+0000] {logging_mixin.py:188} INFO - [2024-06-12T18:10:12.285+0000] {dagbag.py:538} INFO - Filling up the DagBag from /home/airflow/.local/lib/python3.8/site-packages/airflow/example_dags/example_branch_labels.py
[2024-06-12T18:10:12.294+0000] {processor.py:840} INFO - DAG(s) 'example_branch_labels' retrieved from /home/airflow/.local/lib/python3.8/site-packages/airflow/example_dags/example_branch_labels.py
[2024-06-12T18:10:12.318+0000] {logging_mixin.py:188} INFO - [2024-06-12T18:10:12.318+0000] {dag.py:3036} INFO - Sync 1 DAGs
[2024-06-12T18:10:12.349+0000] {logging_mixin.py:188} INFO - [2024-06-12T18:10:12.348+0000] {dag.py:3823} INFO - Setting next_dagrun for example_branch_labels to 2024-06-11 00:00:00+00:00, run_after=2024-06-12 00:00:00+00:00
[2024-06-12T18:10:12.372+0000] {processor.py:183} INFO - Processing /home/airflow/.local/lib/python3.8/site-packages/airflow/example_dags/example_branch_labels.py took 0.092 seconds
[2024-06-12T18:10:43.123+0000] {processor.py:161} INFO - Started process (PID=730) to work on /home/airflow/.local/lib/python3.8/site-packages/airflow/example_dags/example_branch_labels.py
[2024-06-12T18:10:43.124+0000] {processor.py:830} INFO - Processing file /home/airflow/.local/lib/python3.8/site-packages/airflow/example_dags/example_branch_labels.py for tasks to queue
[2024-06-12T18:10:43.125+0000] {logging_mixin.py:188} INFO - [2024-06-12T18:10:43.124+0000] {dagbag.py:538} INFO - Filling up the DagBag from /home/airflow/.local/lib/python3.8/site-packages/airflow/example_dags/example_branch_labels.py
[2024-06-12T18:10:43.133+0000] {processor.py:840} INFO - DAG(s) 'example_branch_labels' retrieved from /home/airflow/.local/lib/python3.8/site-packages/airflow/example_dags/example_branch_labels.py
[2024-06-12T18:10:43.156+0000] {logging_mixin.py:188} INFO - [2024-06-12T18:10:43.156+0000] {dag.py:3036} INFO - Sync 1 DAGs
[2024-06-12T18:10:43.191+0000] {logging_mixin.py:188} INFO - [2024-06-12T18:10:43.191+0000] {dag.py:3823} INFO - Setting next_dagrun for example_branch_labels to 2024-06-11 00:00:00+00:00, run_after=2024-06-12 00:00:00+00:00
[2024-06-12T18:10:43.218+0000] {processor.py:183} INFO - Processing /home/airflow/.local/lib/python3.8/site-packages/airflow/example_dags/example_branch_labels.py took 0.099 seconds
[2024-06-12T18:11:13.798+0000] {processor.py:161} INFO - Started process (PID=787) to work on /home/airflow/.local/lib/python3.8/site-packages/airflow/example_dags/example_branch_labels.py
[2024-06-12T18:11:13.800+0000] {processor.py:830} INFO - Processing file /home/airflow/.local/lib/python3.8/site-packages/airflow/example_dags/example_branch_labels.py for tasks to queue
[2024-06-12T18:11:13.802+0000] {logging_mixin.py:188} INFO - [2024-06-12T18:11:13.801+0000] {dagbag.py:538} INFO - Filling up the DagBag from /home/airflow/.local/lib/python3.8/site-packages/airflow/example_dags/example_branch_labels.py
[2024-06-12T18:11:13.811+0000] {processor.py:840} INFO - DAG(s) 'example_branch_labels' retrieved from /home/airflow/.local/lib/python3.8/site-packages/airflow/example_dags/example_branch_labels.py
[2024-06-12T18:11:13.835+0000] {logging_mixin.py:188} INFO - [2024-06-12T18:11:13.834+0000] {dag.py:3036} INFO - Sync 1 DAGs
[2024-06-12T18:11:13.861+0000] {logging_mixin.py:188} INFO - [2024-06-12T18:11:13.861+0000] {dag.py:3823} INFO - Setting next_dagrun for example_branch_labels to 2024-06-11 00:00:00+00:00, run_after=2024-06-12 00:00:00+00:00
[2024-06-12T18:11:13.883+0000] {processor.py:183} INFO - Processing /home/airflow/.local/lib/python3.8/site-packages/airflow/example_dags/example_branch_labels.py took 0.088 seconds
[2024-06-12T18:11:43.983+0000] {processor.py:161} INFO - Started process (PID=844) to work on /home/airflow/.local/lib/python3.8/site-packages/airflow/example_dags/example_branch_labels.py
[2024-06-12T18:11:43.984+0000] {processor.py:830} INFO - Processing file /home/airflow/.local/lib/python3.8/site-packages/airflow/example_dags/example_branch_labels.py for tasks to queue
[2024-06-12T18:11:43.985+0000] {logging_mixin.py:188} INFO - [2024-06-12T18:11:43.985+0000] {dagbag.py:538} INFO - Filling up the DagBag from /home/airflow/.local/lib/python3.8/site-packages/airflow/example_dags/example_branch_labels.py
[2024-06-12T18:11:43.994+0000] {processor.py:840} INFO - DAG(s) 'example_branch_labels' retrieved from /home/airflow/.local/lib/python3.8/site-packages/airflow/example_dags/example_branch_labels.py
[2024-06-12T18:11:44.016+0000] {logging_mixin.py:188} INFO - [2024-06-12T18:11:44.015+0000] {dag.py:3036} INFO - Sync 1 DAGs
[2024-06-12T18:11:44.041+0000] {logging_mixin.py:188} INFO - [2024-06-12T18:11:44.041+0000] {dag.py:3823} INFO - Setting next_dagrun for example_branch_labels to 2024-06-11 00:00:00+00:00, run_after=2024-06-12 00:00:00+00:00
[2024-06-12T18:11:44.065+0000] {processor.py:183} INFO - Processing /home/airflow/.local/lib/python3.8/site-packages/airflow/example_dags/example_branch_labels.py took 0.086 seconds
[2024-06-12T18:14:52.214+0000] {processor.py:161} INFO - Started process (PID=72) to work on /home/airflow/.local/lib/python3.8/site-packages/airflow/example_dags/example_branch_labels.py
[2024-06-12T18:14:52.216+0000] {processor.py:830} INFO - Processing file /home/airflow/.local/lib/python3.8/site-packages/airflow/example_dags/example_branch_labels.py for tasks to queue
[2024-06-12T18:14:52.219+0000] {logging_mixin.py:188} INFO - [2024-06-12T18:14:52.218+0000] {dagbag.py:538} INFO - Filling up the DagBag from /home/airflow/.local/lib/python3.8/site-packages/airflow/example_dags/example_branch_labels.py
[2024-06-12T18:14:52.231+0000] {processor.py:840} INFO - DAG(s) 'example_branch_labels' retrieved from /home/airflow/.local/lib/python3.8/site-packages/airflow/example_dags/example_branch_labels.py
[2024-06-12T18:14:52.259+0000] {logging_mixin.py:188} INFO - [2024-06-12T18:14:52.259+0000] {dag.py:3036} INFO - Sync 1 DAGs
[2024-06-12T18:14:52.300+0000] {logging_mixin.py:188} INFO - [2024-06-12T18:14:52.299+0000] {dag.py:3823} INFO - Setting next_dagrun for example_branch_labels to 2024-06-11 00:00:00+00:00, run_after=2024-06-12 00:00:00+00:00
[2024-06-12T18:14:52.358+0000] {processor.py:183} INFO - Processing /home/airflow/.local/lib/python3.8/site-packages/airflow/example_dags/example_branch_labels.py took 0.148 seconds
[2024-06-12T18:15:22.651+0000] {processor.py:161} INFO - Started process (PID=129) to work on /home/airflow/.local/lib/python3.8/site-packages/airflow/example_dags/example_branch_labels.py
[2024-06-12T18:15:22.652+0000] {processor.py:830} INFO - Processing file /home/airflow/.local/lib/python3.8/site-packages/airflow/example_dags/example_branch_labels.py for tasks to queue
[2024-06-12T18:15:22.654+0000] {logging_mixin.py:188} INFO - [2024-06-12T18:15:22.654+0000] {dagbag.py:538} INFO - Filling up the DagBag from /home/airflow/.local/lib/python3.8/site-packages/airflow/example_dags/example_branch_labels.py
[2024-06-12T18:15:22.665+0000] {processor.py:840} INFO - DAG(s) 'example_branch_labels' retrieved from /home/airflow/.local/lib/python3.8/site-packages/airflow/example_dags/example_branch_labels.py
[2024-06-12T18:15:22.679+0000] {logging_mixin.py:188} INFO - [2024-06-12T18:15:22.679+0000] {dag.py:3036} INFO - Sync 1 DAGs
[2024-06-12T18:15:22.712+0000] {logging_mixin.py:188} INFO - [2024-06-12T18:15:22.711+0000] {dag.py:3823} INFO - Setting next_dagrun for example_branch_labels to 2024-06-11 00:00:00+00:00, run_after=2024-06-12 00:00:00+00:00
[2024-06-12T18:15:22.735+0000] {processor.py:183} INFO - Processing /home/airflow/.local/lib/python3.8/site-packages/airflow/example_dags/example_branch_labels.py took 0.087 seconds
[2024-06-12T18:15:53.696+0000] {processor.py:161} INFO - Started process (PID=186) to work on /home/airflow/.local/lib/python3.8/site-packages/airflow/example_dags/example_branch_labels.py
[2024-06-12T18:15:53.697+0000] {processor.py:830} INFO - Processing file /home/airflow/.local/lib/python3.8/site-packages/airflow/example_dags/example_branch_labels.py for tasks to queue
[2024-06-12T18:15:53.699+0000] {logging_mixin.py:188} INFO - [2024-06-12T18:15:53.699+0000] {dagbag.py:538} INFO - Filling up the DagBag from /home/airflow/.local/lib/python3.8/site-packages/airflow/example_dags/example_branch_labels.py
[2024-06-12T18:15:53.714+0000] {processor.py:840} INFO - DAG(s) 'example_branch_labels' retrieved from /home/airflow/.local/lib/python3.8/site-packages/airflow/example_dags/example_branch_labels.py
[2024-06-12T18:15:53.854+0000] {logging_mixin.py:188} INFO - [2024-06-12T18:15:53.854+0000] {dag.py:3036} INFO - Sync 1 DAGs
[2024-06-12T18:15:53.882+0000] {logging_mixin.py:188} INFO - [2024-06-12T18:15:53.882+0000] {dag.py:3823} INFO - Setting next_dagrun for example_branch_labels to 2024-06-11 00:00:00+00:00, run_after=2024-06-12 00:00:00+00:00
[2024-06-12T18:15:53.905+0000] {processor.py:183} INFO - Processing /home/airflow/.local/lib/python3.8/site-packages/airflow/example_dags/example_branch_labels.py took 0.213 seconds
[2024-06-12T18:16:24.025+0000] {processor.py:161} INFO - Started process (PID=249) to work on /home/airflow/.local/lib/python3.8/site-packages/airflow/example_dags/example_branch_labels.py
[2024-06-12T18:16:24.027+0000] {processor.py:830} INFO - Processing file /home/airflow/.local/lib/python3.8/site-packages/airflow/example_dags/example_branch_labels.py for tasks to queue
[2024-06-12T18:16:24.029+0000] {logging_mixin.py:188} INFO - [2024-06-12T18:16:24.028+0000] {dagbag.py:538} INFO - Filling up the DagBag from /home/airflow/.local/lib/python3.8/site-packages/airflow/example_dags/example_branch_labels.py
[2024-06-12T18:16:24.041+0000] {processor.py:840} INFO - DAG(s) 'example_branch_labels' retrieved from /home/airflow/.local/lib/python3.8/site-packages/airflow/example_dags/example_branch_labels.py
[2024-06-12T18:16:24.056+0000] {logging_mixin.py:188} INFO - [2024-06-12T18:16:24.056+0000] {dag.py:3036} INFO - Sync 1 DAGs
[2024-06-12T18:16:24.086+0000] {logging_mixin.py:188} INFO - [2024-06-12T18:16:24.086+0000] {dag.py:3823} INFO - Setting next_dagrun for example_branch_labels to 2024-06-11 00:00:00+00:00, run_after=2024-06-12 00:00:00+00:00
[2024-06-12T18:16:24.108+0000] {processor.py:183} INFO - Processing /home/airflow/.local/lib/python3.8/site-packages/airflow/example_dags/example_branch_labels.py took 0.087 seconds
[2024-06-12T18:16:55.516+0000] {processor.py:161} INFO - Started process (PID=306) to work on /home/airflow/.local/lib/python3.8/site-packages/airflow/example_dags/example_branch_labels.py
[2024-06-12T18:16:55.517+0000] {processor.py:830} INFO - Processing file /home/airflow/.local/lib/python3.8/site-packages/airflow/example_dags/example_branch_labels.py for tasks to queue
[2024-06-12T18:16:55.519+0000] {logging_mixin.py:188} INFO - [2024-06-12T18:16:55.519+0000] {dagbag.py:538} INFO - Filling up the DagBag from /home/airflow/.local/lib/python3.8/site-packages/airflow/example_dags/example_branch_labels.py
[2024-06-12T18:16:55.527+0000] {processor.py:840} INFO - DAG(s) 'example_branch_labels' retrieved from /home/airflow/.local/lib/python3.8/site-packages/airflow/example_dags/example_branch_labels.py
[2024-06-12T18:16:55.654+0000] {logging_mixin.py:188} INFO - [2024-06-12T18:16:55.654+0000] {dag.py:3036} INFO - Sync 1 DAGs
[2024-06-12T18:16:55.682+0000] {logging_mixin.py:188} INFO - [2024-06-12T18:16:55.681+0000] {dag.py:3823} INFO - Setting next_dagrun for example_branch_labels to 2024-06-11 00:00:00+00:00, run_after=2024-06-12 00:00:00+00:00
[2024-06-12T18:16:55.706+0000] {processor.py:183} INFO - Processing /home/airflow/.local/lib/python3.8/site-packages/airflow/example_dags/example_branch_labels.py took 0.192 seconds
[2024-06-12T18:17:25.774+0000] {processor.py:161} INFO - Started process (PID=363) to work on /home/airflow/.local/lib/python3.8/site-packages/airflow/example_dags/example_branch_labels.py
[2024-06-12T18:17:25.775+0000] {processor.py:830} INFO - Processing file /home/airflow/.local/lib/python3.8/site-packages/airflow/example_dags/example_branch_labels.py for tasks to queue
[2024-06-12T18:17:25.777+0000] {logging_mixin.py:188} INFO - [2024-06-12T18:17:25.776+0000] {dagbag.py:538} INFO - Filling up the DagBag from /home/airflow/.local/lib/python3.8/site-packages/airflow/example_dags/example_branch_labels.py
[2024-06-12T18:17:25.785+0000] {processor.py:840} INFO - DAG(s) 'example_branch_labels' retrieved from /home/airflow/.local/lib/python3.8/site-packages/airflow/example_dags/example_branch_labels.py
[2024-06-12T18:17:25.808+0000] {logging_mixin.py:188} INFO - [2024-06-12T18:17:25.808+0000] {dag.py:3036} INFO - Sync 1 DAGs
[2024-06-12T18:17:25.838+0000] {logging_mixin.py:188} INFO - [2024-06-12T18:17:25.838+0000] {dag.py:3823} INFO - Setting next_dagrun for example_branch_labels to 2024-06-11 00:00:00+00:00, run_after=2024-06-12 00:00:00+00:00
[2024-06-12T18:17:25.863+0000] {processor.py:183} INFO - Processing /home/airflow/.local/lib/python3.8/site-packages/airflow/example_dags/example_branch_labels.py took 0.092 seconds
[2024-06-12T18:18:47.233+0000] {processor.py:161} INFO - Started process (PID=72) to work on /home/airflow/.local/lib/python3.8/site-packages/airflow/example_dags/example_branch_labels.py
[2024-06-12T18:18:47.234+0000] {processor.py:830} INFO - Processing file /home/airflow/.local/lib/python3.8/site-packages/airflow/example_dags/example_branch_labels.py for tasks to queue
[2024-06-12T18:18:47.236+0000] {logging_mixin.py:188} INFO - [2024-06-12T18:18:47.235+0000] {dagbag.py:538} INFO - Filling up the DagBag from /home/airflow/.local/lib/python3.8/site-packages/airflow/example_dags/example_branch_labels.py
[2024-06-12T18:18:47.246+0000] {processor.py:840} INFO - DAG(s) 'example_branch_labels' retrieved from /home/airflow/.local/lib/python3.8/site-packages/airflow/example_dags/example_branch_labels.py
[2024-06-12T18:18:47.257+0000] {logging_mixin.py:188} INFO - [2024-06-12T18:18:47.257+0000] {dag.py:3036} INFO - Sync 1 DAGs
[2024-06-12T18:18:47.286+0000] {logging_mixin.py:188} INFO - [2024-06-12T18:18:47.285+0000] {dag.py:3823} INFO - Setting next_dagrun for example_branch_labels to 2024-06-11 00:00:00+00:00, run_after=2024-06-12 00:00:00+00:00
[2024-06-12T18:18:47.310+0000] {processor.py:183} INFO - Processing /home/airflow/.local/lib/python3.8/site-packages/airflow/example_dags/example_branch_labels.py took 0.080 seconds
[2024-06-12T18:19:18.734+0000] {processor.py:161} INFO - Started process (PID=129) to work on /home/airflow/.local/lib/python3.8/site-packages/airflow/example_dags/example_branch_labels.py
[2024-06-12T18:19:18.735+0000] {processor.py:830} INFO - Processing file /home/airflow/.local/lib/python3.8/site-packages/airflow/example_dags/example_branch_labels.py for tasks to queue
[2024-06-12T18:19:18.737+0000] {logging_mixin.py:188} INFO - [2024-06-12T18:19:18.737+0000] {dagbag.py:538} INFO - Filling up the DagBag from /home/airflow/.local/lib/python3.8/site-packages/airflow/example_dags/example_branch_labels.py
[2024-06-12T18:19:18.747+0000] {processor.py:840} INFO - DAG(s) 'example_branch_labels' retrieved from /home/airflow/.local/lib/python3.8/site-packages/airflow/example_dags/example_branch_labels.py
[2024-06-12T18:19:18.761+0000] {logging_mixin.py:188} INFO - [2024-06-12T18:19:18.761+0000] {dag.py:3036} INFO - Sync 1 DAGs
[2024-06-12T18:19:18.794+0000] {logging_mixin.py:188} INFO - [2024-06-12T18:19:18.794+0000] {dag.py:3823} INFO - Setting next_dagrun for example_branch_labels to 2024-06-11 00:00:00+00:00, run_after=2024-06-12 00:00:00+00:00
[2024-06-12T18:19:18.831+0000] {processor.py:183} INFO - Processing /home/airflow/.local/lib/python3.8/site-packages/airflow/example_dags/example_branch_labels.py took 0.101 seconds
[2024-06-12T18:19:51.305+0000] {processor.py:161} INFO - Started process (PID=186) to work on /home/airflow/.local/lib/python3.8/site-packages/airflow/example_dags/example_branch_labels.py
[2024-06-12T18:19:51.306+0000] {processor.py:830} INFO - Processing file /home/airflow/.local/lib/python3.8/site-packages/airflow/example_dags/example_branch_labels.py for tasks to queue
[2024-06-12T18:19:51.309+0000] {logging_mixin.py:188} INFO - [2024-06-12T18:19:51.308+0000] {dagbag.py:538} INFO - Filling up the DagBag from /home/airflow/.local/lib/python3.8/site-packages/airflow/example_dags/example_branch_labels.py
[2024-06-12T18:19:51.323+0000] {processor.py:840} INFO - DAG(s) 'example_branch_labels' retrieved from /home/airflow/.local/lib/python3.8/site-packages/airflow/example_dags/example_branch_labels.py
[2024-06-12T18:19:51.502+0000] {logging_mixin.py:188} INFO - [2024-06-12T18:19:51.501+0000] {dag.py:3036} INFO - Sync 1 DAGs
[2024-06-12T18:19:51.537+0000] {logging_mixin.py:188} INFO - [2024-06-12T18:19:51.536+0000] {dag.py:3823} INFO - Setting next_dagrun for example_branch_labels to 2024-06-11 00:00:00+00:00, run_after=2024-06-12 00:00:00+00:00
[2024-06-12T18:19:51.572+0000] {processor.py:183} INFO - Processing /home/airflow/.local/lib/python3.8/site-packages/airflow/example_dags/example_branch_labels.py took 0.271 seconds
[2024-06-12T18:20:22.484+0000] {processor.py:161} INFO - Started process (PID=243) to work on /home/airflow/.local/lib/python3.8/site-packages/airflow/example_dags/example_branch_labels.py
[2024-06-12T18:20:22.486+0000] {processor.py:830} INFO - Processing file /home/airflow/.local/lib/python3.8/site-packages/airflow/example_dags/example_branch_labels.py for tasks to queue
[2024-06-12T18:20:22.488+0000] {logging_mixin.py:188} INFO - [2024-06-12T18:20:22.488+0000] {dagbag.py:538} INFO - Filling up the DagBag from /home/airflow/.local/lib/python3.8/site-packages/airflow/example_dags/example_branch_labels.py
[2024-06-12T18:20:22.501+0000] {processor.py:840} INFO - DAG(s) 'example_branch_labels' retrieved from /home/airflow/.local/lib/python3.8/site-packages/airflow/example_dags/example_branch_labels.py
[2024-06-12T18:20:22.529+0000] {logging_mixin.py:188} INFO - [2024-06-12T18:20:22.529+0000] {dag.py:3036} INFO - Sync 1 DAGs
[2024-06-12T18:20:22.560+0000] {logging_mixin.py:188} INFO - [2024-06-12T18:20:22.560+0000] {dag.py:3823} INFO - Setting next_dagrun for example_branch_labels to 2024-06-11 00:00:00+00:00, run_after=2024-06-12 00:00:00+00:00
[2024-06-12T18:20:22.592+0000] {processor.py:183} INFO - Processing /home/airflow/.local/lib/python3.8/site-packages/airflow/example_dags/example_branch_labels.py took 0.112 seconds
[2024-06-12T18:20:52.915+0000] {processor.py:161} INFO - Started process (PID=300) to work on /home/airflow/.local/lib/python3.8/site-packages/airflow/example_dags/example_branch_labels.py
[2024-06-12T18:20:52.916+0000] {processor.py:830} INFO - Processing file /home/airflow/.local/lib/python3.8/site-packages/airflow/example_dags/example_branch_labels.py for tasks to queue
[2024-06-12T18:20:52.919+0000] {logging_mixin.py:188} INFO - [2024-06-12T18:20:52.918+0000] {dagbag.py:538} INFO - Filling up the DagBag from /home/airflow/.local/lib/python3.8/site-packages/airflow/example_dags/example_branch_labels.py
[2024-06-12T18:20:52.929+0000] {processor.py:840} INFO - DAG(s) 'example_branch_labels' retrieved from /home/airflow/.local/lib/python3.8/site-packages/airflow/example_dags/example_branch_labels.py
[2024-06-12T18:20:52.956+0000] {logging_mixin.py:188} INFO - [2024-06-12T18:20:52.956+0000] {dag.py:3036} INFO - Sync 1 DAGs
[2024-06-12T18:20:52.993+0000] {logging_mixin.py:188} INFO - [2024-06-12T18:20:52.993+0000] {dag.py:3823} INFO - Setting next_dagrun for example_branch_labels to 2024-06-11 00:00:00+00:00, run_after=2024-06-12 00:00:00+00:00
[2024-06-12T18:20:53.022+0000] {processor.py:183} INFO - Processing /home/airflow/.local/lib/python3.8/site-packages/airflow/example_dags/example_branch_labels.py took 0.112 seconds
[2024-06-12T18:21:23.376+0000] {processor.py:161} INFO - Started process (PID=357) to work on /home/airflow/.local/lib/python3.8/site-packages/airflow/example_dags/example_branch_labels.py
[2024-06-12T18:21:23.377+0000] {processor.py:830} INFO - Processing file /home/airflow/.local/lib/python3.8/site-packages/airflow/example_dags/example_branch_labels.py for tasks to queue
[2024-06-12T18:21:23.380+0000] {logging_mixin.py:188} INFO - [2024-06-12T18:21:23.379+0000] {dagbag.py:538} INFO - Filling up the DagBag from /home/airflow/.local/lib/python3.8/site-packages/airflow/example_dags/example_branch_labels.py
[2024-06-12T18:21:23.392+0000] {processor.py:840} INFO - DAG(s) 'example_branch_labels' retrieved from /home/airflow/.local/lib/python3.8/site-packages/airflow/example_dags/example_branch_labels.py
[2024-06-12T18:21:23.420+0000] {logging_mixin.py:188} INFO - [2024-06-12T18:21:23.420+0000] {dag.py:3036} INFO - Sync 1 DAGs
[2024-06-12T18:21:23.455+0000] {logging_mixin.py:188} INFO - [2024-06-12T18:21:23.455+0000] {dag.py:3823} INFO - Setting next_dagrun for example_branch_labels to 2024-06-11 00:00:00+00:00, run_after=2024-06-12 00:00:00+00:00
[2024-06-12T18:21:23.493+0000] {processor.py:183} INFO - Processing /home/airflow/.local/lib/python3.8/site-packages/airflow/example_dags/example_branch_labels.py took 0.120 seconds
[2024-06-12T18:21:53.604+0000] {processor.py:161} INFO - Started process (PID=414) to work on /home/airflow/.local/lib/python3.8/site-packages/airflow/example_dags/example_branch_labels.py
[2024-06-12T18:21:53.605+0000] {processor.py:830} INFO - Processing file /home/airflow/.local/lib/python3.8/site-packages/airflow/example_dags/example_branch_labels.py for tasks to queue
[2024-06-12T18:21:53.607+0000] {logging_mixin.py:188} INFO - [2024-06-12T18:21:53.606+0000] {dagbag.py:538} INFO - Filling up the DagBag from /home/airflow/.local/lib/python3.8/site-packages/airflow/example_dags/example_branch_labels.py
[2024-06-12T18:21:53.615+0000] {processor.py:840} INFO - DAG(s) 'example_branch_labels' retrieved from /home/airflow/.local/lib/python3.8/site-packages/airflow/example_dags/example_branch_labels.py
[2024-06-12T18:21:53.639+0000] {logging_mixin.py:188} INFO - [2024-06-12T18:21:53.638+0000] {dag.py:3036} INFO - Sync 1 DAGs
[2024-06-12T18:21:53.671+0000] {logging_mixin.py:188} INFO - [2024-06-12T18:21:53.671+0000] {dag.py:3823} INFO - Setting next_dagrun for example_branch_labels to 2024-06-11 00:00:00+00:00, run_after=2024-06-12 00:00:00+00:00
[2024-06-12T18:21:53.701+0000] {processor.py:183} INFO - Processing /home/airflow/.local/lib/python3.8/site-packages/airflow/example_dags/example_branch_labels.py took 0.100 seconds
[2024-06-12T18:22:23.752+0000] {processor.py:161} INFO - Started process (PID=471) to work on /home/airflow/.local/lib/python3.8/site-packages/airflow/example_dags/example_branch_labels.py
[2024-06-12T18:22:23.754+0000] {processor.py:830} INFO - Processing file /home/airflow/.local/lib/python3.8/site-packages/airflow/example_dags/example_branch_labels.py for tasks to queue
[2024-06-12T18:22:23.756+0000] {logging_mixin.py:188} INFO - [2024-06-12T18:22:23.755+0000] {dagbag.py:538} INFO - Filling up the DagBag from /home/airflow/.local/lib/python3.8/site-packages/airflow/example_dags/example_branch_labels.py
[2024-06-12T18:22:23.770+0000] {processor.py:840} INFO - DAG(s) 'example_branch_labels' retrieved from /home/airflow/.local/lib/python3.8/site-packages/airflow/example_dags/example_branch_labels.py
[2024-06-12T18:22:23.798+0000] {logging_mixin.py:188} INFO - [2024-06-12T18:22:23.797+0000] {dag.py:3036} INFO - Sync 1 DAGs
[2024-06-12T18:22:23.833+0000] {logging_mixin.py:188} INFO - [2024-06-12T18:22:23.832+0000] {dag.py:3823} INFO - Setting next_dagrun for example_branch_labels to 2024-06-11 00:00:00+00:00, run_after=2024-06-12 00:00:00+00:00
[2024-06-12T18:22:23.861+0000] {processor.py:183} INFO - Processing /home/airflow/.local/lib/python3.8/site-packages/airflow/example_dags/example_branch_labels.py took 0.112 seconds
[2024-06-12T18:22:54.471+0000] {processor.py:161} INFO - Started process (PID=528) to work on /home/airflow/.local/lib/python3.8/site-packages/airflow/example_dags/example_branch_labels.py
[2024-06-12T18:22:54.473+0000] {processor.py:830} INFO - Processing file /home/airflow/.local/lib/python3.8/site-packages/airflow/example_dags/example_branch_labels.py for tasks to queue
[2024-06-12T18:22:54.475+0000] {logging_mixin.py:188} INFO - [2024-06-12T18:22:54.474+0000] {dagbag.py:538} INFO - Filling up the DagBag from /home/airflow/.local/lib/python3.8/site-packages/airflow/example_dags/example_branch_labels.py
[2024-06-12T18:22:54.486+0000] {processor.py:840} INFO - DAG(s) 'example_branch_labels' retrieved from /home/airflow/.local/lib/python3.8/site-packages/airflow/example_dags/example_branch_labels.py
[2024-06-12T18:22:54.517+0000] {logging_mixin.py:188} INFO - [2024-06-12T18:22:54.517+0000] {dag.py:3036} INFO - Sync 1 DAGs
[2024-06-12T18:22:54.559+0000] {logging_mixin.py:188} INFO - [2024-06-12T18:22:54.559+0000] {dag.py:3823} INFO - Setting next_dagrun for example_branch_labels to 2024-06-11 00:00:00+00:00, run_after=2024-06-12 00:00:00+00:00
[2024-06-12T18:22:54.590+0000] {processor.py:183} INFO - Processing /home/airflow/.local/lib/python3.8/site-packages/airflow/example_dags/example_branch_labels.py took 0.121 seconds
[2024-06-12T18:23:24.879+0000] {processor.py:161} INFO - Started process (PID=585) to work on /home/airflow/.local/lib/python3.8/site-packages/airflow/example_dags/example_branch_labels.py
[2024-06-12T18:23:24.880+0000] {processor.py:830} INFO - Processing file /home/airflow/.local/lib/python3.8/site-packages/airflow/example_dags/example_branch_labels.py for tasks to queue
[2024-06-12T18:23:24.882+0000] {logging_mixin.py:188} INFO - [2024-06-12T18:23:24.881+0000] {dagbag.py:538} INFO - Filling up the DagBag from /home/airflow/.local/lib/python3.8/site-packages/airflow/example_dags/example_branch_labels.py
[2024-06-12T18:23:24.896+0000] {processor.py:840} INFO - DAG(s) 'example_branch_labels' retrieved from /home/airflow/.local/lib/python3.8/site-packages/airflow/example_dags/example_branch_labels.py
[2024-06-12T18:23:24.923+0000] {logging_mixin.py:188} INFO - [2024-06-12T18:23:24.923+0000] {dag.py:3036} INFO - Sync 1 DAGs
[2024-06-12T18:23:24.952+0000] {logging_mixin.py:188} INFO - [2024-06-12T18:23:24.952+0000] {dag.py:3823} INFO - Setting next_dagrun for example_branch_labels to 2024-06-11 00:00:00+00:00, run_after=2024-06-12 00:00:00+00:00
[2024-06-12T18:23:24.980+0000] {processor.py:183} INFO - Processing /home/airflow/.local/lib/python3.8/site-packages/airflow/example_dags/example_branch_labels.py took 0.105 seconds
[2024-06-12T18:23:56.211+0000] {processor.py:161} INFO - Started process (PID=642) to work on /home/airflow/.local/lib/python3.8/site-packages/airflow/example_dags/example_branch_labels.py
[2024-06-12T18:23:56.213+0000] {processor.py:830} INFO - Processing file /home/airflow/.local/lib/python3.8/site-packages/airflow/example_dags/example_branch_labels.py for tasks to queue
[2024-06-12T18:23:56.215+0000] {logging_mixin.py:188} INFO - [2024-06-12T18:23:56.214+0000] {dagbag.py:538} INFO - Filling up the DagBag from /home/airflow/.local/lib/python3.8/site-packages/airflow/example_dags/example_branch_labels.py
[2024-06-12T18:23:56.225+0000] {processor.py:840} INFO - DAG(s) 'example_branch_labels' retrieved from /home/airflow/.local/lib/python3.8/site-packages/airflow/example_dags/example_branch_labels.py
[2024-06-12T18:23:56.252+0000] {logging_mixin.py:188} INFO - [2024-06-12T18:23:56.252+0000] {dag.py:3036} INFO - Sync 1 DAGs
[2024-06-12T18:23:56.287+0000] {logging_mixin.py:188} INFO - [2024-06-12T18:23:56.287+0000] {dag.py:3823} INFO - Setting next_dagrun for example_branch_labels to 2024-06-11 00:00:00+00:00, run_after=2024-06-12 00:00:00+00:00
[2024-06-12T18:23:56.315+0000] {processor.py:183} INFO - Processing /home/airflow/.local/lib/python3.8/site-packages/airflow/example_dags/example_branch_labels.py took 0.107 seconds
[2024-06-12T18:24:27.350+0000] {processor.py:161} INFO - Started process (PID=699) to work on /home/airflow/.local/lib/python3.8/site-packages/airflow/example_dags/example_branch_labels.py
[2024-06-12T18:24:27.351+0000] {processor.py:830} INFO - Processing file /home/airflow/.local/lib/python3.8/site-packages/airflow/example_dags/example_branch_labels.py for tasks to queue
[2024-06-12T18:24:27.354+0000] {logging_mixin.py:188} INFO - [2024-06-12T18:24:27.353+0000] {dagbag.py:538} INFO - Filling up the DagBag from /home/airflow/.local/lib/python3.8/site-packages/airflow/example_dags/example_branch_labels.py
[2024-06-12T18:24:27.363+0000] {processor.py:840} INFO - DAG(s) 'example_branch_labels' retrieved from /home/airflow/.local/lib/python3.8/site-packages/airflow/example_dags/example_branch_labels.py
[2024-06-12T18:24:27.379+0000] {logging_mixin.py:188} INFO - [2024-06-12T18:24:27.379+0000] {dag.py:3036} INFO - Sync 1 DAGs
[2024-06-12T18:24:27.411+0000] {logging_mixin.py:188} INFO - [2024-06-12T18:24:27.411+0000] {dag.py:3823} INFO - Setting next_dagrun for example_branch_labels to 2024-06-11 00:00:00+00:00, run_after=2024-06-12 00:00:00+00:00
[2024-06-12T18:24:27.438+0000] {processor.py:183} INFO - Processing /home/airflow/.local/lib/python3.8/site-packages/airflow/example_dags/example_branch_labels.py took 0.091 seconds
[2024-06-12T18:24:57.931+0000] {processor.py:161} INFO - Started process (PID=756) to work on /home/airflow/.local/lib/python3.8/site-packages/airflow/example_dags/example_branch_labels.py
[2024-06-12T18:24:57.932+0000] {processor.py:830} INFO - Processing file /home/airflow/.local/lib/python3.8/site-packages/airflow/example_dags/example_branch_labels.py for tasks to queue
[2024-06-12T18:24:57.934+0000] {logging_mixin.py:188} INFO - [2024-06-12T18:24:57.934+0000] {dagbag.py:538} INFO - Filling up the DagBag from /home/airflow/.local/lib/python3.8/site-packages/airflow/example_dags/example_branch_labels.py
[2024-06-12T18:24:57.943+0000] {processor.py:840} INFO - DAG(s) 'example_branch_labels' retrieved from /home/airflow/.local/lib/python3.8/site-packages/airflow/example_dags/example_branch_labels.py
[2024-06-12T18:24:58.060+0000] {logging_mixin.py:188} INFO - [2024-06-12T18:24:58.060+0000] {dag.py:3036} INFO - Sync 1 DAGs
[2024-06-12T18:24:58.084+0000] {logging_mixin.py:188} INFO - [2024-06-12T18:24:58.084+0000] {dag.py:3823} INFO - Setting next_dagrun for example_branch_labels to 2024-06-11 00:00:00+00:00, run_after=2024-06-12 00:00:00+00:00
[2024-06-12T18:24:58.111+0000] {processor.py:183} INFO - Processing /home/airflow/.local/lib/python3.8/site-packages/airflow/example_dags/example_branch_labels.py took 0.183 seconds
[2024-06-12T18:25:28.285+0000] {processor.py:161} INFO - Started process (PID=813) to work on /home/airflow/.local/lib/python3.8/site-packages/airflow/example_dags/example_branch_labels.py
[2024-06-12T18:25:28.286+0000] {processor.py:830} INFO - Processing file /home/airflow/.local/lib/python3.8/site-packages/airflow/example_dags/example_branch_labels.py for tasks to queue
[2024-06-12T18:25:28.288+0000] {logging_mixin.py:188} INFO - [2024-06-12T18:25:28.287+0000] {dagbag.py:538} INFO - Filling up the DagBag from /home/airflow/.local/lib/python3.8/site-packages/airflow/example_dags/example_branch_labels.py
[2024-06-12T18:25:28.297+0000] {processor.py:840} INFO - DAG(s) 'example_branch_labels' retrieved from /home/airflow/.local/lib/python3.8/site-packages/airflow/example_dags/example_branch_labels.py
[2024-06-12T18:25:28.324+0000] {logging_mixin.py:188} INFO - [2024-06-12T18:25:28.324+0000] {dag.py:3036} INFO - Sync 1 DAGs
[2024-06-12T18:25:28.361+0000] {logging_mixin.py:188} INFO - [2024-06-12T18:25:28.360+0000] {dag.py:3823} INFO - Setting next_dagrun for example_branch_labels to 2024-06-11 00:00:00+00:00, run_after=2024-06-12 00:00:00+00:00
[2024-06-12T18:25:28.396+0000] {processor.py:183} INFO - Processing /home/airflow/.local/lib/python3.8/site-packages/airflow/example_dags/example_branch_labels.py took 0.115 seconds
[2024-06-12T18:27:00.198+0000] {processor.py:161} INFO - Started process (PID=72) to work on /home/airflow/.local/lib/python3.8/site-packages/airflow/example_dags/example_branch_labels.py
[2024-06-12T18:27:00.200+0000] {processor.py:830} INFO - Processing file /home/airflow/.local/lib/python3.8/site-packages/airflow/example_dags/example_branch_labels.py for tasks to queue
[2024-06-12T18:27:00.204+0000] {logging_mixin.py:188} INFO - [2024-06-12T18:27:00.203+0000] {dagbag.py:538} INFO - Filling up the DagBag from /home/airflow/.local/lib/python3.8/site-packages/airflow/example_dags/example_branch_labels.py
[2024-06-12T18:27:00.217+0000] {processor.py:840} INFO - DAG(s) 'example_branch_labels' retrieved from /home/airflow/.local/lib/python3.8/site-packages/airflow/example_dags/example_branch_labels.py
[2024-06-12T18:27:00.257+0000] {logging_mixin.py:188} INFO - [2024-06-12T18:27:00.257+0000] {dag.py:3036} INFO - Sync 1 DAGs
[2024-06-12T18:27:00.296+0000] {logging_mixin.py:188} INFO - [2024-06-12T18:27:00.296+0000] {dag.py:3823} INFO - Setting next_dagrun for example_branch_labels to 2024-06-11 00:00:00+00:00, run_after=2024-06-12 00:00:00+00:00
[2024-06-12T18:27:00.323+0000] {processor.py:183} INFO - Processing /home/airflow/.local/lib/python3.8/site-packages/airflow/example_dags/example_branch_labels.py took 0.129 seconds
[2024-06-12T18:27:30.366+0000] {processor.py:161} INFO - Started process (PID=129) to work on /home/airflow/.local/lib/python3.8/site-packages/airflow/example_dags/example_branch_labels.py
[2024-06-12T18:27:30.367+0000] {processor.py:830} INFO - Processing file /home/airflow/.local/lib/python3.8/site-packages/airflow/example_dags/example_branch_labels.py for tasks to queue
[2024-06-12T18:27:30.370+0000] {logging_mixin.py:188} INFO - [2024-06-12T18:27:30.370+0000] {dagbag.py:538} INFO - Filling up the DagBag from /home/airflow/.local/lib/python3.8/site-packages/airflow/example_dags/example_branch_labels.py
[2024-06-12T18:27:30.381+0000] {processor.py:840} INFO - DAG(s) 'example_branch_labels' retrieved from /home/airflow/.local/lib/python3.8/site-packages/airflow/example_dags/example_branch_labels.py
[2024-06-12T18:27:30.398+0000] {logging_mixin.py:188} INFO - [2024-06-12T18:27:30.398+0000] {dag.py:3036} INFO - Sync 1 DAGs
[2024-06-12T18:27:30.430+0000] {logging_mixin.py:188} INFO - [2024-06-12T18:27:30.430+0000] {dag.py:3823} INFO - Setting next_dagrun for example_branch_labels to 2024-06-11 00:00:00+00:00, run_after=2024-06-12 00:00:00+00:00
[2024-06-12T18:27:30.458+0000] {processor.py:183} INFO - Processing /home/airflow/.local/lib/python3.8/site-packages/airflow/example_dags/example_branch_labels.py took 0.095 seconds
[2024-06-12T18:28:03.506+0000] {processor.py:161} INFO - Started process (PID=186) to work on /home/airflow/.local/lib/python3.8/site-packages/airflow/example_dags/example_branch_labels.py
[2024-06-12T18:28:03.507+0000] {processor.py:830} INFO - Processing file /home/airflow/.local/lib/python3.8/site-packages/airflow/example_dags/example_branch_labels.py for tasks to queue
[2024-06-12T18:28:03.509+0000] {logging_mixin.py:188} INFO - [2024-06-12T18:28:03.509+0000] {dagbag.py:538} INFO - Filling up the DagBag from /home/airflow/.local/lib/python3.8/site-packages/airflow/example_dags/example_branch_labels.py
[2024-06-12T18:28:03.521+0000] {processor.py:840} INFO - DAG(s) 'example_branch_labels' retrieved from /home/airflow/.local/lib/python3.8/site-packages/airflow/example_dags/example_branch_labels.py
[2024-06-12T18:28:03.669+0000] {logging_mixin.py:188} INFO - [2024-06-12T18:28:03.669+0000] {dag.py:3036} INFO - Sync 1 DAGs
[2024-06-12T18:28:03.699+0000] {logging_mixin.py:188} INFO - [2024-06-12T18:28:03.698+0000] {dag.py:3823} INFO - Setting next_dagrun for example_branch_labels to 2024-06-11 00:00:00+00:00, run_after=2024-06-12 00:00:00+00:00
[2024-06-12T18:28:03.728+0000] {processor.py:183} INFO - Processing /home/airflow/.local/lib/python3.8/site-packages/airflow/example_dags/example_branch_labels.py took 0.226 seconds
[2024-06-12T18:28:34.165+0000] {processor.py:161} INFO - Started process (PID=243) to work on /home/airflow/.local/lib/python3.8/site-packages/airflow/example_dags/example_branch_labels.py
[2024-06-12T18:28:34.166+0000] {processor.py:830} INFO - Processing file /home/airflow/.local/lib/python3.8/site-packages/airflow/example_dags/example_branch_labels.py for tasks to queue
[2024-06-12T18:28:34.168+0000] {logging_mixin.py:188} INFO - [2024-06-12T18:28:34.167+0000] {dagbag.py:538} INFO - Filling up the DagBag from /home/airflow/.local/lib/python3.8/site-packages/airflow/example_dags/example_branch_labels.py
[2024-06-12T18:28:34.177+0000] {processor.py:840} INFO - DAG(s) 'example_branch_labels' retrieved from /home/airflow/.local/lib/python3.8/site-packages/airflow/example_dags/example_branch_labels.py
[2024-06-12T18:28:34.203+0000] {logging_mixin.py:188} INFO - [2024-06-12T18:28:34.203+0000] {dag.py:3036} INFO - Sync 1 DAGs
[2024-06-12T18:28:34.233+0000] {logging_mixin.py:188} INFO - [2024-06-12T18:28:34.233+0000] {dag.py:3823} INFO - Setting next_dagrun for example_branch_labels to 2024-06-11 00:00:00+00:00, run_after=2024-06-12 00:00:00+00:00
[2024-06-12T18:28:34.262+0000] {processor.py:183} INFO - Processing /home/airflow/.local/lib/python3.8/site-packages/airflow/example_dags/example_branch_labels.py took 0.101 seconds
[2024-06-12T18:29:04.613+0000] {processor.py:161} INFO - Started process (PID=300) to work on /home/airflow/.local/lib/python3.8/site-packages/airflow/example_dags/example_branch_labels.py
[2024-06-12T18:29:04.615+0000] {processor.py:830} INFO - Processing file /home/airflow/.local/lib/python3.8/site-packages/airflow/example_dags/example_branch_labels.py for tasks to queue
[2024-06-12T18:29:04.617+0000] {logging_mixin.py:188} INFO - [2024-06-12T18:29:04.616+0000] {dagbag.py:538} INFO - Filling up the DagBag from /home/airflow/.local/lib/python3.8/site-packages/airflow/example_dags/example_branch_labels.py
[2024-06-12T18:29:04.626+0000] {processor.py:840} INFO - DAG(s) 'example_branch_labels' retrieved from /home/airflow/.local/lib/python3.8/site-packages/airflow/example_dags/example_branch_labels.py
[2024-06-12T18:29:04.650+0000] {logging_mixin.py:188} INFO - [2024-06-12T18:29:04.649+0000] {dag.py:3036} INFO - Sync 1 DAGs
[2024-06-12T18:29:04.695+0000] {logging_mixin.py:188} INFO - [2024-06-12T18:29:04.695+0000] {dag.py:3823} INFO - Setting next_dagrun for example_branch_labels to 2024-06-11 00:00:00+00:00, run_after=2024-06-12 00:00:00+00:00
[2024-06-12T18:29:04.727+0000] {processor.py:183} INFO - Processing /home/airflow/.local/lib/python3.8/site-packages/airflow/example_dags/example_branch_labels.py took 0.117 seconds
[2024-06-12T18:29:34.822+0000] {processor.py:161} INFO - Started process (PID=357) to work on /home/airflow/.local/lib/python3.8/site-packages/airflow/example_dags/example_branch_labels.py
[2024-06-12T18:29:34.823+0000] {processor.py:830} INFO - Processing file /home/airflow/.local/lib/python3.8/site-packages/airflow/example_dags/example_branch_labels.py for tasks to queue
[2024-06-12T18:29:34.825+0000] {logging_mixin.py:188} INFO - [2024-06-12T18:29:34.825+0000] {dagbag.py:538} INFO - Filling up the DagBag from /home/airflow/.local/lib/python3.8/site-packages/airflow/example_dags/example_branch_labels.py
[2024-06-12T18:29:34.834+0000] {processor.py:840} INFO - DAG(s) 'example_branch_labels' retrieved from /home/airflow/.local/lib/python3.8/site-packages/airflow/example_dags/example_branch_labels.py
[2024-06-12T18:29:34.859+0000] {logging_mixin.py:188} INFO - [2024-06-12T18:29:34.859+0000] {dag.py:3036} INFO - Sync 1 DAGs
[2024-06-12T18:29:34.883+0000] {logging_mixin.py:188} INFO - [2024-06-12T18:29:34.883+0000] {dag.py:3823} INFO - Setting next_dagrun for example_branch_labels to 2024-06-11 00:00:00+00:00, run_after=2024-06-12 00:00:00+00:00
[2024-06-12T18:29:34.905+0000] {processor.py:183} INFO - Processing /home/airflow/.local/lib/python3.8/site-packages/airflow/example_dags/example_branch_labels.py took 0.085 seconds
[2024-06-12T18:30:05.128+0000] {processor.py:161} INFO - Started process (PID=414) to work on /home/airflow/.local/lib/python3.8/site-packages/airflow/example_dags/example_branch_labels.py
[2024-06-12T18:30:05.130+0000] {processor.py:830} INFO - Processing file /home/airflow/.local/lib/python3.8/site-packages/airflow/example_dags/example_branch_labels.py for tasks to queue
[2024-06-12T18:30:05.133+0000] {logging_mixin.py:188} INFO - [2024-06-12T18:30:05.132+0000] {dagbag.py:538} INFO - Filling up the DagBag from /home/airflow/.local/lib/python3.8/site-packages/airflow/example_dags/example_branch_labels.py
[2024-06-12T18:30:05.148+0000] {processor.py:840} INFO - DAG(s) 'example_branch_labels' retrieved from /home/airflow/.local/lib/python3.8/site-packages/airflow/example_dags/example_branch_labels.py
[2024-06-12T18:30:05.184+0000] {logging_mixin.py:188} INFO - [2024-06-12T18:30:05.183+0000] {dag.py:3036} INFO - Sync 1 DAGs
[2024-06-12T18:30:05.228+0000] {logging_mixin.py:188} INFO - [2024-06-12T18:30:05.228+0000] {dag.py:3823} INFO - Setting next_dagrun for example_branch_labels to 2024-06-11 00:00:00+00:00, run_after=2024-06-12 00:00:00+00:00
[2024-06-12T18:30:05.262+0000] {processor.py:183} INFO - Processing /home/airflow/.local/lib/python3.8/site-packages/airflow/example_dags/example_branch_labels.py took 0.138 seconds
[2024-06-12T18:30:35.360+0000] {processor.py:161} INFO - Started process (PID=471) to work on /home/airflow/.local/lib/python3.8/site-packages/airflow/example_dags/example_branch_labels.py
[2024-06-12T18:30:35.361+0000] {processor.py:830} INFO - Processing file /home/airflow/.local/lib/python3.8/site-packages/airflow/example_dags/example_branch_labels.py for tasks to queue
[2024-06-12T18:30:35.363+0000] {logging_mixin.py:188} INFO - [2024-06-12T18:30:35.363+0000] {dagbag.py:538} INFO - Filling up the DagBag from /home/airflow/.local/lib/python3.8/site-packages/airflow/example_dags/example_branch_labels.py
[2024-06-12T18:30:35.371+0000] {processor.py:840} INFO - DAG(s) 'example_branch_labels' retrieved from /home/airflow/.local/lib/python3.8/site-packages/airflow/example_dags/example_branch_labels.py
[2024-06-12T18:30:35.397+0000] {logging_mixin.py:188} INFO - [2024-06-12T18:30:35.396+0000] {dag.py:3036} INFO - Sync 1 DAGs
[2024-06-12T18:30:35.425+0000] {logging_mixin.py:188} INFO - [2024-06-12T18:30:35.425+0000] {dag.py:3823} INFO - Setting next_dagrun for example_branch_labels to 2024-06-11 00:00:00+00:00, run_after=2024-06-12 00:00:00+00:00
[2024-06-12T18:30:35.453+0000] {processor.py:183} INFO - Processing /home/airflow/.local/lib/python3.8/site-packages/airflow/example_dags/example_branch_labels.py took 0.096 seconds
[2024-06-12T18:31:06.317+0000] {processor.py:161} INFO - Started process (PID=528) to work on /home/airflow/.local/lib/python3.8/site-packages/airflow/example_dags/example_branch_labels.py
[2024-06-12T18:31:06.318+0000] {processor.py:830} INFO - Processing file /home/airflow/.local/lib/python3.8/site-packages/airflow/example_dags/example_branch_labels.py for tasks to queue
[2024-06-12T18:31:06.320+0000] {logging_mixin.py:188} INFO - [2024-06-12T18:31:06.320+0000] {dagbag.py:538} INFO - Filling up the DagBag from /home/airflow/.local/lib/python3.8/site-packages/airflow/example_dags/example_branch_labels.py
[2024-06-12T18:31:06.330+0000] {processor.py:840} INFO - DAG(s) 'example_branch_labels' retrieved from /home/airflow/.local/lib/python3.8/site-packages/airflow/example_dags/example_branch_labels.py
[2024-06-12T18:31:06.359+0000] {logging_mixin.py:188} INFO - [2024-06-12T18:31:06.358+0000] {dag.py:3036} INFO - Sync 1 DAGs
[2024-06-12T18:31:06.398+0000] {logging_mixin.py:188} INFO - [2024-06-12T18:31:06.398+0000] {dag.py:3823} INFO - Setting next_dagrun for example_branch_labels to 2024-06-11 00:00:00+00:00, run_after=2024-06-12 00:00:00+00:00
[2024-06-12T18:31:06.428+0000] {processor.py:183} INFO - Processing /home/airflow/.local/lib/python3.8/site-packages/airflow/example_dags/example_branch_labels.py took 0.114 seconds
[2024-06-12T18:31:36.683+0000] {processor.py:161} INFO - Started process (PID=585) to work on /home/airflow/.local/lib/python3.8/site-packages/airflow/example_dags/example_branch_labels.py
[2024-06-12T18:31:36.685+0000] {processor.py:830} INFO - Processing file /home/airflow/.local/lib/python3.8/site-packages/airflow/example_dags/example_branch_labels.py for tasks to queue
[2024-06-12T18:31:36.687+0000] {logging_mixin.py:188} INFO - [2024-06-12T18:31:36.687+0000] {dagbag.py:538} INFO - Filling up the DagBag from /home/airflow/.local/lib/python3.8/site-packages/airflow/example_dags/example_branch_labels.py
[2024-06-12T18:31:36.700+0000] {processor.py:840} INFO - DAG(s) 'example_branch_labels' retrieved from /home/airflow/.local/lib/python3.8/site-packages/airflow/example_dags/example_branch_labels.py
[2024-06-12T18:31:36.735+0000] {logging_mixin.py:188} INFO - [2024-06-12T18:31:36.734+0000] {dag.py:3036} INFO - Sync 1 DAGs
[2024-06-12T18:31:36.776+0000] {logging_mixin.py:188} INFO - [2024-06-12T18:31:36.776+0000] {dag.py:3823} INFO - Setting next_dagrun for example_branch_labels to 2024-06-11 00:00:00+00:00, run_after=2024-06-12 00:00:00+00:00
[2024-06-12T18:31:36.805+0000] {processor.py:183} INFO - Processing /home/airflow/.local/lib/python3.8/site-packages/airflow/example_dags/example_branch_labels.py took 0.127 seconds
[2024-06-12T18:32:07.187+0000] {processor.py:161} INFO - Started process (PID=642) to work on /home/airflow/.local/lib/python3.8/site-packages/airflow/example_dags/example_branch_labels.py
[2024-06-12T18:32:07.188+0000] {processor.py:830} INFO - Processing file /home/airflow/.local/lib/python3.8/site-packages/airflow/example_dags/example_branch_labels.py for tasks to queue
[2024-06-12T18:32:07.190+0000] {logging_mixin.py:188} INFO - [2024-06-12T18:32:07.189+0000] {dagbag.py:538} INFO - Filling up the DagBag from /home/airflow/.local/lib/python3.8/site-packages/airflow/example_dags/example_branch_labels.py
[2024-06-12T18:32:07.198+0000] {processor.py:840} INFO - DAG(s) 'example_branch_labels' retrieved from /home/airflow/.local/lib/python3.8/site-packages/airflow/example_dags/example_branch_labels.py
[2024-06-12T18:32:07.219+0000] {logging_mixin.py:188} INFO - [2024-06-12T18:32:07.219+0000] {dag.py:3036} INFO - Sync 1 DAGs
[2024-06-12T18:32:07.251+0000] {logging_mixin.py:188} INFO - [2024-06-12T18:32:07.250+0000] {dag.py:3823} INFO - Setting next_dagrun for example_branch_labels to 2024-06-11 00:00:00+00:00, run_after=2024-06-12 00:00:00+00:00
[2024-06-12T18:32:07.279+0000] {processor.py:183} INFO - Processing /home/airflow/.local/lib/python3.8/site-packages/airflow/example_dags/example_branch_labels.py took 0.095 seconds
[2024-06-12T18:32:38.063+0000] {processor.py:161} INFO - Started process (PID=699) to work on /home/airflow/.local/lib/python3.8/site-packages/airflow/example_dags/example_branch_labels.py
[2024-06-12T18:32:38.064+0000] {processor.py:830} INFO - Processing file /home/airflow/.local/lib/python3.8/site-packages/airflow/example_dags/example_branch_labels.py for tasks to queue
[2024-06-12T18:32:38.066+0000] {logging_mixin.py:188} INFO - [2024-06-12T18:32:38.066+0000] {dagbag.py:538} INFO - Filling up the DagBag from /home/airflow/.local/lib/python3.8/site-packages/airflow/example_dags/example_branch_labels.py
[2024-06-12T18:32:38.081+0000] {processor.py:840} INFO - DAG(s) 'example_branch_labels' retrieved from /home/airflow/.local/lib/python3.8/site-packages/airflow/example_dags/example_branch_labels.py
[2024-06-12T18:32:38.115+0000] {logging_mixin.py:188} INFO - [2024-06-12T18:32:38.114+0000] {dag.py:3036} INFO - Sync 1 DAGs
[2024-06-12T18:32:38.153+0000] {logging_mixin.py:188} INFO - [2024-06-12T18:32:38.152+0000] {dag.py:3823} INFO - Setting next_dagrun for example_branch_labels to 2024-06-11 00:00:00+00:00, run_after=2024-06-12 00:00:00+00:00
[2024-06-12T18:32:38.189+0000] {processor.py:183} INFO - Processing /home/airflow/.local/lib/python3.8/site-packages/airflow/example_dags/example_branch_labels.py took 0.130 seconds
[2024-06-12T18:33:08.375+0000] {processor.py:161} INFO - Started process (PID=755) to work on /home/airflow/.local/lib/python3.8/site-packages/airflow/example_dags/example_branch_labels.py
[2024-06-12T18:33:08.378+0000] {processor.py:830} INFO - Processing file /home/airflow/.local/lib/python3.8/site-packages/airflow/example_dags/example_branch_labels.py for tasks to queue
[2024-06-12T18:33:08.381+0000] {logging_mixin.py:188} INFO - [2024-06-12T18:33:08.381+0000] {dagbag.py:538} INFO - Filling up the DagBag from /home/airflow/.local/lib/python3.8/site-packages/airflow/example_dags/example_branch_labels.py
[2024-06-12T18:33:08.395+0000] {processor.py:840} INFO - DAG(s) 'example_branch_labels' retrieved from /home/airflow/.local/lib/python3.8/site-packages/airflow/example_dags/example_branch_labels.py
[2024-06-12T18:33:08.437+0000] {logging_mixin.py:188} INFO - [2024-06-12T18:33:08.436+0000] {dag.py:3036} INFO - Sync 1 DAGs
[2024-06-12T18:33:08.483+0000] {logging_mixin.py:188} INFO - [2024-06-12T18:33:08.482+0000] {dag.py:3823} INFO - Setting next_dagrun for example_branch_labels to 2024-06-11 00:00:00+00:00, run_after=2024-06-12 00:00:00+00:00
[2024-06-12T18:33:08.522+0000] {processor.py:183} INFO - Processing /home/airflow/.local/lib/python3.8/site-packages/airflow/example_dags/example_branch_labels.py took 0.151 seconds
[2024-06-12T18:33:38.776+0000] {processor.py:161} INFO - Started process (PID=813) to work on /home/airflow/.local/lib/python3.8/site-packages/airflow/example_dags/example_branch_labels.py
[2024-06-12T18:33:38.777+0000] {processor.py:830} INFO - Processing file /home/airflow/.local/lib/python3.8/site-packages/airflow/example_dags/example_branch_labels.py for tasks to queue
[2024-06-12T18:33:38.779+0000] {logging_mixin.py:188} INFO - [2024-06-12T18:33:38.779+0000] {dagbag.py:538} INFO - Filling up the DagBag from /home/airflow/.local/lib/python3.8/site-packages/airflow/example_dags/example_branch_labels.py
[2024-06-12T18:33:38.789+0000] {processor.py:840} INFO - DAG(s) 'example_branch_labels' retrieved from /home/airflow/.local/lib/python3.8/site-packages/airflow/example_dags/example_branch_labels.py
[2024-06-12T18:33:38.817+0000] {logging_mixin.py:188} INFO - [2024-06-12T18:33:38.817+0000] {dag.py:3036} INFO - Sync 1 DAGs
[2024-06-12T18:33:38.860+0000] {logging_mixin.py:188} INFO - [2024-06-12T18:33:38.859+0000] {dag.py:3823} INFO - Setting next_dagrun for example_branch_labels to 2024-06-11 00:00:00+00:00, run_after=2024-06-12 00:00:00+00:00
[2024-06-12T18:33:38.899+0000] {processor.py:183} INFO - Processing /home/airflow/.local/lib/python3.8/site-packages/airflow/example_dags/example_branch_labels.py took 0.127 seconds
[2024-06-12T18:34:09.462+0000] {processor.py:161} INFO - Started process (PID=870) to work on /home/airflow/.local/lib/python3.8/site-packages/airflow/example_dags/example_branch_labels.py
[2024-06-12T18:34:09.464+0000] {processor.py:830} INFO - Processing file /home/airflow/.local/lib/python3.8/site-packages/airflow/example_dags/example_branch_labels.py for tasks to queue
[2024-06-12T18:34:09.468+0000] {logging_mixin.py:188} INFO - [2024-06-12T18:34:09.467+0000] {dagbag.py:538} INFO - Filling up the DagBag from /home/airflow/.local/lib/python3.8/site-packages/airflow/example_dags/example_branch_labels.py
[2024-06-12T18:34:09.502+0000] {processor.py:840} INFO - DAG(s) 'example_branch_labels' retrieved from /home/airflow/.local/lib/python3.8/site-packages/airflow/example_dags/example_branch_labels.py
[2024-06-12T18:34:09.541+0000] {logging_mixin.py:188} INFO - [2024-06-12T18:34:09.540+0000] {dag.py:3036} INFO - Sync 1 DAGs
[2024-06-12T18:34:09.587+0000] {logging_mixin.py:188} INFO - [2024-06-12T18:34:09.587+0000] {dag.py:3823} INFO - Setting next_dagrun for example_branch_labels to 2024-06-11 00:00:00+00:00, run_after=2024-06-12 00:00:00+00:00
[2024-06-12T18:34:09.619+0000] {processor.py:183} INFO - Processing /home/airflow/.local/lib/python3.8/site-packages/airflow/example_dags/example_branch_labels.py took 0.165 seconds
[2024-06-12T18:34:40.368+0000] {processor.py:161} INFO - Started process (PID=927) to work on /home/airflow/.local/lib/python3.8/site-packages/airflow/example_dags/example_branch_labels.py
[2024-06-12T18:34:40.369+0000] {processor.py:830} INFO - Processing file /home/airflow/.local/lib/python3.8/site-packages/airflow/example_dags/example_branch_labels.py for tasks to queue
[2024-06-12T18:34:40.371+0000] {logging_mixin.py:188} INFO - [2024-06-12T18:34:40.371+0000] {dagbag.py:538} INFO - Filling up the DagBag from /home/airflow/.local/lib/python3.8/site-packages/airflow/example_dags/example_branch_labels.py
[2024-06-12T18:34:40.380+0000] {processor.py:840} INFO - DAG(s) 'example_branch_labels' retrieved from /home/airflow/.local/lib/python3.8/site-packages/airflow/example_dags/example_branch_labels.py
[2024-06-12T18:34:40.406+0000] {logging_mixin.py:188} INFO - [2024-06-12T18:34:40.406+0000] {dag.py:3036} INFO - Sync 1 DAGs
[2024-06-12T18:34:40.441+0000] {logging_mixin.py:188} INFO - [2024-06-12T18:34:40.441+0000] {dag.py:3823} INFO - Setting next_dagrun for example_branch_labels to 2024-06-11 00:00:00+00:00, run_after=2024-06-12 00:00:00+00:00
[2024-06-12T18:34:40.474+0000] {processor.py:183} INFO - Processing /home/airflow/.local/lib/python3.8/site-packages/airflow/example_dags/example_branch_labels.py took 0.109 seconds
[2024-06-12T18:35:10.886+0000] {processor.py:161} INFO - Started process (PID=984) to work on /home/airflow/.local/lib/python3.8/site-packages/airflow/example_dags/example_branch_labels.py
[2024-06-12T18:35:10.888+0000] {processor.py:830} INFO - Processing file /home/airflow/.local/lib/python3.8/site-packages/airflow/example_dags/example_branch_labels.py for tasks to queue
[2024-06-12T18:35:10.890+0000] {logging_mixin.py:188} INFO - [2024-06-12T18:35:10.890+0000] {dagbag.py:538} INFO - Filling up the DagBag from /home/airflow/.local/lib/python3.8/site-packages/airflow/example_dags/example_branch_labels.py
[2024-06-12T18:35:10.902+0000] {processor.py:840} INFO - DAG(s) 'example_branch_labels' retrieved from /home/airflow/.local/lib/python3.8/site-packages/airflow/example_dags/example_branch_labels.py
[2024-06-12T18:35:10.929+0000] {logging_mixin.py:188} INFO - [2024-06-12T18:35:10.929+0000] {dag.py:3036} INFO - Sync 1 DAGs
[2024-06-12T18:35:10.967+0000] {logging_mixin.py:188} INFO - [2024-06-12T18:35:10.966+0000] {dag.py:3823} INFO - Setting next_dagrun for example_branch_labels to 2024-06-11 00:00:00+00:00, run_after=2024-06-12 00:00:00+00:00
[2024-06-12T18:35:10.997+0000] {processor.py:183} INFO - Processing /home/airflow/.local/lib/python3.8/site-packages/airflow/example_dags/example_branch_labels.py took 0.116 seconds
[2024-06-12T18:35:41.329+0000] {processor.py:161} INFO - Started process (PID=1041) to work on /home/airflow/.local/lib/python3.8/site-packages/airflow/example_dags/example_branch_labels.py
[2024-06-12T18:35:41.330+0000] {processor.py:830} INFO - Processing file /home/airflow/.local/lib/python3.8/site-packages/airflow/example_dags/example_branch_labels.py for tasks to queue
[2024-06-12T18:35:41.333+0000] {logging_mixin.py:188} INFO - [2024-06-12T18:35:41.333+0000] {dagbag.py:538} INFO - Filling up the DagBag from /home/airflow/.local/lib/python3.8/site-packages/airflow/example_dags/example_branch_labels.py
[2024-06-12T18:35:41.348+0000] {processor.py:840} INFO - DAG(s) 'example_branch_labels' retrieved from /home/airflow/.local/lib/python3.8/site-packages/airflow/example_dags/example_branch_labels.py
[2024-06-12T18:35:41.384+0000] {logging_mixin.py:188} INFO - [2024-06-12T18:35:41.383+0000] {dag.py:3036} INFO - Sync 1 DAGs
[2024-06-12T18:35:41.417+0000] {logging_mixin.py:188} INFO - [2024-06-12T18:35:41.416+0000] {dag.py:3823} INFO - Setting next_dagrun for example_branch_labels to 2024-06-11 00:00:00+00:00, run_after=2024-06-12 00:00:00+00:00
[2024-06-12T18:35:41.445+0000] {processor.py:183} INFO - Processing /home/airflow/.local/lib/python3.8/site-packages/airflow/example_dags/example_branch_labels.py took 0.121 seconds
