[2024-06-12T18:04:15.540+0000] {processor.py:161} INFO - Started process (PID=88) to work on /home/airflow/.local/lib/python3.8/site-packages/airflow/example_dags/example_skip_dag.py
[2024-06-12T18:04:15.543+0000] {processor.py:830} INFO - Processing file /home/airflow/.local/lib/python3.8/site-packages/airflow/example_dags/example_skip_dag.py for tasks to queue
[2024-06-12T18:04:15.547+0000] {logging_mixin.py:188} INFO - [2024-06-12T18:04:15.546+0000] {dagbag.py:538} INFO - Filling up the DagBag from /home/airflow/.local/lib/python3.8/site-packages/airflow/example_dags/example_skip_dag.py
[2024-06-12T18:04:15.560+0000] {processor.py:840} INFO - DAG(s) 'example_skip_dag' retrieved from /home/airflow/.local/lib/python3.8/site-packages/airflow/example_dags/example_skip_dag.py
[2024-06-12T18:04:15.631+0000] {logging_mixin.py:188} INFO - [2024-06-12T18:04:15.631+0000] {dag.py:3036} INFO - Sync 1 DAGs
[2024-06-12T18:04:15.674+0000] {logging_mixin.py:188} INFO - [2024-06-12T18:04:15.674+0000] {dag.py:3823} INFO - Setting next_dagrun for example_skip_dag to 2024-06-11 00:00:00+00:00, run_after=2024-06-12 00:00:00+00:00
[2024-06-12T18:04:15.712+0000] {processor.py:183} INFO - Processing /home/airflow/.local/lib/python3.8/site-packages/airflow/example_dags/example_skip_dag.py took 0.176 seconds
[2024-06-12T18:05:48.750+0000] {processor.py:161} INFO - Started process (PID=169) to work on /home/airflow/.local/lib/python3.8/site-packages/airflow/example_dags/example_skip_dag.py
[2024-06-12T18:05:48.754+0000] {processor.py:830} INFO - Processing file /home/airflow/.local/lib/python3.8/site-packages/airflow/example_dags/example_skip_dag.py for tasks to queue
[2024-06-12T18:05:48.762+0000] {logging_mixin.py:188} INFO - [2024-06-12T18:05:48.761+0000] {dagbag.py:538} INFO - Filling up the DagBag from /home/airflow/.local/lib/python3.8/site-packages/airflow/example_dags/example_skip_dag.py
[2024-06-12T18:05:48.789+0000] {processor.py:840} INFO - DAG(s) 'example_skip_dag' retrieved from /home/airflow/.local/lib/python3.8/site-packages/airflow/example_dags/example_skip_dag.py
[2024-06-12T18:05:48.849+0000] {logging_mixin.py:188} INFO - [2024-06-12T18:05:48.848+0000] {dag.py:3036} INFO - Sync 1 DAGs
[2024-06-12T18:05:48.906+0000] {logging_mixin.py:188} INFO - [2024-06-12T18:05:48.905+0000] {dag.py:3823} INFO - Setting next_dagrun for example_skip_dag to 2024-06-11 00:00:00+00:00, run_after=2024-06-12 00:00:00+00:00
[2024-06-12T18:05:48.964+0000] {processor.py:183} INFO - Processing /home/airflow/.local/lib/python3.8/site-packages/airflow/example_dags/example_skip_dag.py took 0.220 seconds
[2024-06-12T18:06:19.093+0000] {processor.py:161} INFO - Started process (PID=234) to work on /home/airflow/.local/lib/python3.8/site-packages/airflow/example_dags/example_skip_dag.py
[2024-06-12T18:06:19.095+0000] {processor.py:830} INFO - Processing file /home/airflow/.local/lib/python3.8/site-packages/airflow/example_dags/example_skip_dag.py for tasks to queue
[2024-06-12T18:06:19.097+0000] {logging_mixin.py:188} INFO - [2024-06-12T18:06:19.096+0000] {dagbag.py:538} INFO - Filling up the DagBag from /home/airflow/.local/lib/python3.8/site-packages/airflow/example_dags/example_skip_dag.py
[2024-06-12T18:06:19.111+0000] {processor.py:840} INFO - DAG(s) 'example_skip_dag' retrieved from /home/airflow/.local/lib/python3.8/site-packages/airflow/example_dags/example_skip_dag.py
[2024-06-12T18:06:19.131+0000] {logging_mixin.py:188} INFO - [2024-06-12T18:06:19.130+0000] {dag.py:3036} INFO - Sync 1 DAGs
[2024-06-12T18:06:19.177+0000] {logging_mixin.py:188} INFO - [2024-06-12T18:06:19.177+0000] {dag.py:3823} INFO - Setting next_dagrun for example_skip_dag to 2024-06-11 00:00:00+00:00, run_after=2024-06-12 00:00:00+00:00
[2024-06-12T18:06:19.209+0000] {processor.py:183} INFO - Processing /home/airflow/.local/lib/python3.8/site-packages/airflow/example_dags/example_skip_dag.py took 0.121 seconds
[2024-06-12T18:06:51.461+0000] {processor.py:161} INFO - Started process (PID=293) to work on /home/airflow/.local/lib/python3.8/site-packages/airflow/example_dags/example_skip_dag.py
[2024-06-12T18:06:51.462+0000] {processor.py:830} INFO - Processing file /home/airflow/.local/lib/python3.8/site-packages/airflow/example_dags/example_skip_dag.py for tasks to queue
[2024-06-12T18:06:51.463+0000] {logging_mixin.py:188} INFO - [2024-06-12T18:06:51.463+0000] {dagbag.py:538} INFO - Filling up the DagBag from /home/airflow/.local/lib/python3.8/site-packages/airflow/example_dags/example_skip_dag.py
[2024-06-12T18:06:51.474+0000] {processor.py:840} INFO - DAG(s) 'example_skip_dag' retrieved from /home/airflow/.local/lib/python3.8/site-packages/airflow/example_dags/example_skip_dag.py
[2024-06-12T18:06:51.612+0000] {logging_mixin.py:188} INFO - [2024-06-12T18:06:51.611+0000] {dag.py:3036} INFO - Sync 1 DAGs
[2024-06-12T18:06:51.641+0000] {logging_mixin.py:188} INFO - [2024-06-12T18:06:51.640+0000] {dag.py:3823} INFO - Setting next_dagrun for example_skip_dag to 2024-06-11 00:00:00+00:00, run_after=2024-06-12 00:00:00+00:00
[2024-06-12T18:06:51.671+0000] {processor.py:183} INFO - Processing /home/airflow/.local/lib/python3.8/site-packages/airflow/example_dags/example_skip_dag.py took 0.214 seconds
[2024-06-12T18:07:22.240+0000] {processor.py:161} INFO - Started process (PID=358) to work on /home/airflow/.local/lib/python3.8/site-packages/airflow/example_dags/example_skip_dag.py
[2024-06-12T18:07:22.241+0000] {processor.py:830} INFO - Processing file /home/airflow/.local/lib/python3.8/site-packages/airflow/example_dags/example_skip_dag.py for tasks to queue
[2024-06-12T18:07:22.242+0000] {logging_mixin.py:188} INFO - [2024-06-12T18:07:22.242+0000] {dagbag.py:538} INFO - Filling up the DagBag from /home/airflow/.local/lib/python3.8/site-packages/airflow/example_dags/example_skip_dag.py
[2024-06-12T18:07:22.252+0000] {processor.py:840} INFO - DAG(s) 'example_skip_dag' retrieved from /home/airflow/.local/lib/python3.8/site-packages/airflow/example_dags/example_skip_dag.py
[2024-06-12T18:07:22.279+0000] {logging_mixin.py:188} INFO - [2024-06-12T18:07:22.279+0000] {dag.py:3036} INFO - Sync 1 DAGs
[2024-06-12T18:07:22.310+0000] {logging_mixin.py:188} INFO - [2024-06-12T18:07:22.310+0000] {dag.py:3823} INFO - Setting next_dagrun for example_skip_dag to 2024-06-11 00:00:00+00:00, run_after=2024-06-12 00:00:00+00:00
[2024-06-12T18:07:22.337+0000] {processor.py:183} INFO - Processing /home/airflow/.local/lib/python3.8/site-packages/airflow/example_dags/example_skip_dag.py took 0.102 seconds
[2024-06-12T18:08:02.676+0000] {processor.py:161} INFO - Started process (PID=445) to work on /home/airflow/.local/lib/python3.8/site-packages/airflow/example_dags/example_skip_dag.py
[2024-06-12T18:08:02.677+0000] {processor.py:830} INFO - Processing file /home/airflow/.local/lib/python3.8/site-packages/airflow/example_dags/example_skip_dag.py for tasks to queue
[2024-06-12T18:08:02.679+0000] {logging_mixin.py:188} INFO - [2024-06-12T18:08:02.678+0000] {dagbag.py:538} INFO - Filling up the DagBag from /home/airflow/.local/lib/python3.8/site-packages/airflow/example_dags/example_skip_dag.py
[2024-06-12T18:08:02.693+0000] {processor.py:840} INFO - DAG(s) 'example_skip_dag' retrieved from /home/airflow/.local/lib/python3.8/site-packages/airflow/example_dags/example_skip_dag.py
[2024-06-12T18:08:02.726+0000] {logging_mixin.py:188} INFO - [2024-06-12T18:08:02.725+0000] {dag.py:3036} INFO - Sync 1 DAGs
[2024-06-12T18:08:02.768+0000] {logging_mixin.py:188} INFO - [2024-06-12T18:08:02.767+0000] {dag.py:3823} INFO - Setting next_dagrun for example_skip_dag to 2024-06-11 00:00:00+00:00, run_after=2024-06-12 00:00:00+00:00
[2024-06-12T18:08:02.812+0000] {processor.py:183} INFO - Processing /home/airflow/.local/lib/python3.8/site-packages/airflow/example_dags/example_skip_dag.py took 0.142 seconds
[2024-06-12T18:08:40.122+0000] {processor.py:161} INFO - Started process (PID=508) to work on /home/airflow/.local/lib/python3.8/site-packages/airflow/example_dags/example_skip_dag.py
[2024-06-12T18:08:40.124+0000] {processor.py:830} INFO - Processing file /home/airflow/.local/lib/python3.8/site-packages/airflow/example_dags/example_skip_dag.py for tasks to queue
[2024-06-12T18:08:40.126+0000] {logging_mixin.py:188} INFO - [2024-06-12T18:08:40.125+0000] {dagbag.py:538} INFO - Filling up the DagBag from /home/airflow/.local/lib/python3.8/site-packages/airflow/example_dags/example_skip_dag.py
[2024-06-12T18:08:40.137+0000] {processor.py:840} INFO - DAG(s) 'example_skip_dag' retrieved from /home/airflow/.local/lib/python3.8/site-packages/airflow/example_dags/example_skip_dag.py
[2024-06-12T18:08:40.174+0000] {logging_mixin.py:188} INFO - [2024-06-12T18:08:40.174+0000] {dag.py:3036} INFO - Sync 1 DAGs
[2024-06-12T18:08:40.213+0000] {logging_mixin.py:188} INFO - [2024-06-12T18:08:40.213+0000] {dag.py:3823} INFO - Setting next_dagrun for example_skip_dag to 2024-06-11 00:00:00+00:00, run_after=2024-06-12 00:00:00+00:00
[2024-06-12T18:08:40.248+0000] {processor.py:183} INFO - Processing /home/airflow/.local/lib/python3.8/site-packages/airflow/example_dags/example_skip_dag.py took 0.129 seconds
[2024-06-12T18:09:10.457+0000] {processor.py:161} INFO - Started process (PID=568) to work on /home/airflow/.local/lib/python3.8/site-packages/airflow/example_dags/example_skip_dag.py
[2024-06-12T18:09:10.457+0000] {processor.py:830} INFO - Processing file /home/airflow/.local/lib/python3.8/site-packages/airflow/example_dags/example_skip_dag.py for tasks to queue
[2024-06-12T18:09:10.458+0000] {logging_mixin.py:188} INFO - [2024-06-12T18:09:10.458+0000] {dagbag.py:538} INFO - Filling up the DagBag from /home/airflow/.local/lib/python3.8/site-packages/airflow/example_dags/example_skip_dag.py
[2024-06-12T18:09:10.465+0000] {processor.py:840} INFO - DAG(s) 'example_skip_dag' retrieved from /home/airflow/.local/lib/python3.8/site-packages/airflow/example_dags/example_skip_dag.py
[2024-06-12T18:09:10.477+0000] {logging_mixin.py:188} INFO - [2024-06-12T18:09:10.477+0000] {dag.py:3036} INFO - Sync 1 DAGs
[2024-06-12T18:09:10.504+0000] {logging_mixin.py:188} INFO - [2024-06-12T18:09:10.504+0000] {dag.py:3823} INFO - Setting next_dagrun for example_skip_dag to 2024-06-11 00:00:00+00:00, run_after=2024-06-12 00:00:00+00:00
[2024-06-12T18:09:10.526+0000] {processor.py:183} INFO - Processing /home/airflow/.local/lib/python3.8/site-packages/airflow/example_dags/example_skip_dag.py took 0.072 seconds
[2024-06-12T18:09:43.315+0000] {processor.py:161} INFO - Started process (PID=625) to work on /home/airflow/.local/lib/python3.8/site-packages/airflow/example_dags/example_skip_dag.py
[2024-06-12T18:09:43.316+0000] {processor.py:830} INFO - Processing file /home/airflow/.local/lib/python3.8/site-packages/airflow/example_dags/example_skip_dag.py for tasks to queue
[2024-06-12T18:09:43.318+0000] {logging_mixin.py:188} INFO - [2024-06-12T18:09:43.317+0000] {dagbag.py:538} INFO - Filling up the DagBag from /home/airflow/.local/lib/python3.8/site-packages/airflow/example_dags/example_skip_dag.py
[2024-06-12T18:09:43.332+0000] {processor.py:840} INFO - DAG(s) 'example_skip_dag' retrieved from /home/airflow/.local/lib/python3.8/site-packages/airflow/example_dags/example_skip_dag.py
[2024-06-12T18:09:43.480+0000] {logging_mixin.py:188} INFO - [2024-06-12T18:09:43.480+0000] {dag.py:3036} INFO - Sync 1 DAGs
[2024-06-12T18:09:43.507+0000] {logging_mixin.py:188} INFO - [2024-06-12T18:09:43.506+0000] {dag.py:3823} INFO - Setting next_dagrun for example_skip_dag to 2024-06-11 00:00:00+00:00, run_after=2024-06-12 00:00:00+00:00
[2024-06-12T18:09:43.536+0000] {processor.py:183} INFO - Processing /home/airflow/.local/lib/python3.8/site-packages/airflow/example_dags/example_skip_dag.py took 0.227 seconds
[2024-06-12T18:10:14.126+0000] {processor.py:161} INFO - Started process (PID=684) to work on /home/airflow/.local/lib/python3.8/site-packages/airflow/example_dags/example_skip_dag.py
[2024-06-12T18:10:14.127+0000] {processor.py:830} INFO - Processing file /home/airflow/.local/lib/python3.8/site-packages/airflow/example_dags/example_skip_dag.py for tasks to queue
[2024-06-12T18:10:14.128+0000] {logging_mixin.py:188} INFO - [2024-06-12T18:10:14.128+0000] {dagbag.py:538} INFO - Filling up the DagBag from /home/airflow/.local/lib/python3.8/site-packages/airflow/example_dags/example_skip_dag.py
[2024-06-12T18:10:14.139+0000] {processor.py:840} INFO - DAG(s) 'example_skip_dag' retrieved from /home/airflow/.local/lib/python3.8/site-packages/airflow/example_dags/example_skip_dag.py
[2024-06-12T18:10:14.164+0000] {logging_mixin.py:188} INFO - [2024-06-12T18:10:14.164+0000] {dag.py:3036} INFO - Sync 1 DAGs
[2024-06-12T18:10:14.193+0000] {logging_mixin.py:188} INFO - [2024-06-12T18:10:14.192+0000] {dag.py:3823} INFO - Setting next_dagrun for example_skip_dag to 2024-06-11 00:00:00+00:00, run_after=2024-06-12 00:00:00+00:00
[2024-06-12T18:10:14.233+0000] {processor.py:183} INFO - Processing /home/airflow/.local/lib/python3.8/site-packages/airflow/example_dags/example_skip_dag.py took 0.111 seconds
[2024-06-12T18:10:44.823+0000] {processor.py:161} INFO - Started process (PID=741) to work on /home/airflow/.local/lib/python3.8/site-packages/airflow/example_dags/example_skip_dag.py
[2024-06-12T18:10:44.824+0000] {processor.py:830} INFO - Processing file /home/airflow/.local/lib/python3.8/site-packages/airflow/example_dags/example_skip_dag.py for tasks to queue
[2024-06-12T18:10:44.825+0000] {logging_mixin.py:188} INFO - [2024-06-12T18:10:44.825+0000] {dagbag.py:538} INFO - Filling up the DagBag from /home/airflow/.local/lib/python3.8/site-packages/airflow/example_dags/example_skip_dag.py
[2024-06-12T18:10:44.833+0000] {processor.py:840} INFO - DAG(s) 'example_skip_dag' retrieved from /home/airflow/.local/lib/python3.8/site-packages/airflow/example_dags/example_skip_dag.py
[2024-06-12T18:10:44.859+0000] {logging_mixin.py:188} INFO - [2024-06-12T18:10:44.859+0000] {dag.py:3036} INFO - Sync 1 DAGs
[2024-06-12T18:10:44.888+0000] {logging_mixin.py:188} INFO - [2024-06-12T18:10:44.888+0000] {dag.py:3823} INFO - Setting next_dagrun for example_skip_dag to 2024-06-11 00:00:00+00:00, run_after=2024-06-12 00:00:00+00:00
[2024-06-12T18:10:44.913+0000] {processor.py:183} INFO - Processing /home/airflow/.local/lib/python3.8/site-packages/airflow/example_dags/example_skip_dag.py took 0.094 seconds
[2024-06-12T18:11:15.662+0000] {processor.py:161} INFO - Started process (PID=798) to work on /home/airflow/.local/lib/python3.8/site-packages/airflow/example_dags/example_skip_dag.py
[2024-06-12T18:11:15.664+0000] {processor.py:830} INFO - Processing file /home/airflow/.local/lib/python3.8/site-packages/airflow/example_dags/example_skip_dag.py for tasks to queue
[2024-06-12T18:11:15.665+0000] {logging_mixin.py:188} INFO - [2024-06-12T18:11:15.664+0000] {dagbag.py:538} INFO - Filling up the DagBag from /home/airflow/.local/lib/python3.8/site-packages/airflow/example_dags/example_skip_dag.py
[2024-06-12T18:11:15.674+0000] {processor.py:840} INFO - DAG(s) 'example_skip_dag' retrieved from /home/airflow/.local/lib/python3.8/site-packages/airflow/example_dags/example_skip_dag.py
[2024-06-12T18:11:15.698+0000] {logging_mixin.py:188} INFO - [2024-06-12T18:11:15.697+0000] {dag.py:3036} INFO - Sync 1 DAGs
[2024-06-12T18:11:15.725+0000] {logging_mixin.py:188} INFO - [2024-06-12T18:11:15.725+0000] {dag.py:3823} INFO - Setting next_dagrun for example_skip_dag to 2024-06-11 00:00:00+00:00, run_after=2024-06-12 00:00:00+00:00
[2024-06-12T18:11:15.747+0000] {processor.py:183} INFO - Processing /home/airflow/.local/lib/python3.8/site-packages/airflow/example_dags/example_skip_dag.py took 0.087 seconds
[2024-06-12T18:11:46.587+0000] {processor.py:161} INFO - Started process (PID=855) to work on /home/airflow/.local/lib/python3.8/site-packages/airflow/example_dags/example_skip_dag.py
[2024-06-12T18:11:46.589+0000] {processor.py:830} INFO - Processing file /home/airflow/.local/lib/python3.8/site-packages/airflow/example_dags/example_skip_dag.py for tasks to queue
[2024-06-12T18:11:46.590+0000] {logging_mixin.py:188} INFO - [2024-06-12T18:11:46.590+0000] {dagbag.py:538} INFO - Filling up the DagBag from /home/airflow/.local/lib/python3.8/site-packages/airflow/example_dags/example_skip_dag.py
[2024-06-12T18:11:46.602+0000] {processor.py:840} INFO - DAG(s) 'example_skip_dag' retrieved from /home/airflow/.local/lib/python3.8/site-packages/airflow/example_dags/example_skip_dag.py
[2024-06-12T18:11:46.638+0000] {logging_mixin.py:188} INFO - [2024-06-12T18:11:46.638+0000] {dag.py:3036} INFO - Sync 1 DAGs
[2024-06-12T18:11:46.675+0000] {logging_mixin.py:188} INFO - [2024-06-12T18:11:46.674+0000] {dag.py:3823} INFO - Setting next_dagrun for example_skip_dag to 2024-06-11 00:00:00+00:00, run_after=2024-06-12 00:00:00+00:00
[2024-06-12T18:11:46.708+0000] {processor.py:183} INFO - Processing /home/airflow/.local/lib/python3.8/site-packages/airflow/example_dags/example_skip_dag.py took 0.125 seconds
[2024-06-12T18:14:53.770+0000] {processor.py:161} INFO - Started process (PID=89) to work on /home/airflow/.local/lib/python3.8/site-packages/airflow/example_dags/example_skip_dag.py
[2024-06-12T18:14:53.780+0000] {processor.py:830} INFO - Processing file /home/airflow/.local/lib/python3.8/site-packages/airflow/example_dags/example_skip_dag.py for tasks to queue
[2024-06-12T18:14:53.783+0000] {logging_mixin.py:188} INFO - [2024-06-12T18:14:53.782+0000] {dagbag.py:538} INFO - Filling up the DagBag from /home/airflow/.local/lib/python3.8/site-packages/airflow/example_dags/example_skip_dag.py
[2024-06-12T18:14:53.801+0000] {processor.py:840} INFO - DAG(s) 'example_skip_dag' retrieved from /home/airflow/.local/lib/python3.8/site-packages/airflow/example_dags/example_skip_dag.py
[2024-06-12T18:14:53.874+0000] {logging_mixin.py:188} INFO - [2024-06-12T18:14:53.873+0000] {dag.py:3036} INFO - Sync 1 DAGs
[2024-06-12T18:14:53.932+0000] {logging_mixin.py:188} INFO - [2024-06-12T18:14:53.931+0000] {dag.py:3823} INFO - Setting next_dagrun for example_skip_dag to 2024-06-11 00:00:00+00:00, run_after=2024-06-12 00:00:00+00:00
[2024-06-12T18:14:53.968+0000] {processor.py:183} INFO - Processing /home/airflow/.local/lib/python3.8/site-packages/airflow/example_dags/example_skip_dag.py took 0.202 seconds
[2024-06-12T18:15:24.455+0000] {processor.py:161} INFO - Started process (PID=146) to work on /home/airflow/.local/lib/python3.8/site-packages/airflow/example_dags/example_skip_dag.py
[2024-06-12T18:15:24.456+0000] {processor.py:830} INFO - Processing file /home/airflow/.local/lib/python3.8/site-packages/airflow/example_dags/example_skip_dag.py for tasks to queue
[2024-06-12T18:15:24.458+0000] {logging_mixin.py:188} INFO - [2024-06-12T18:15:24.458+0000] {dagbag.py:538} INFO - Filling up the DagBag from /home/airflow/.local/lib/python3.8/site-packages/airflow/example_dags/example_skip_dag.py
[2024-06-12T18:15:24.465+0000] {processor.py:840} INFO - DAG(s) 'example_skip_dag' retrieved from /home/airflow/.local/lib/python3.8/site-packages/airflow/example_dags/example_skip_dag.py
[2024-06-12T18:15:24.478+0000] {logging_mixin.py:188} INFO - [2024-06-12T18:15:24.477+0000] {dag.py:3036} INFO - Sync 1 DAGs
[2024-06-12T18:15:24.505+0000] {logging_mixin.py:188} INFO - [2024-06-12T18:15:24.504+0000] {dag.py:3823} INFO - Setting next_dagrun for example_skip_dag to 2024-06-11 00:00:00+00:00, run_after=2024-06-12 00:00:00+00:00
[2024-06-12T18:15:24.533+0000] {processor.py:183} INFO - Processing /home/airflow/.local/lib/python3.8/site-packages/airflow/example_dags/example_skip_dag.py took 0.081 seconds
[2024-06-12T18:15:55.066+0000] {processor.py:161} INFO - Started process (PID=203) to work on /home/airflow/.local/lib/python3.8/site-packages/airflow/example_dags/example_skip_dag.py
[2024-06-12T18:15:55.067+0000] {processor.py:830} INFO - Processing file /home/airflow/.local/lib/python3.8/site-packages/airflow/example_dags/example_skip_dag.py for tasks to queue
[2024-06-12T18:15:55.069+0000] {logging_mixin.py:188} INFO - [2024-06-12T18:15:55.069+0000] {dagbag.py:538} INFO - Filling up the DagBag from /home/airflow/.local/lib/python3.8/site-packages/airflow/example_dags/example_skip_dag.py
[2024-06-12T18:15:55.076+0000] {processor.py:840} INFO - DAG(s) 'example_skip_dag' retrieved from /home/airflow/.local/lib/python3.8/site-packages/airflow/example_dags/example_skip_dag.py
[2024-06-12T18:15:55.195+0000] {logging_mixin.py:188} INFO - [2024-06-12T18:15:55.194+0000] {dag.py:3036} INFO - Sync 1 DAGs
[2024-06-12T18:15:55.227+0000] {logging_mixin.py:188} INFO - [2024-06-12T18:15:55.226+0000] {dag.py:3823} INFO - Setting next_dagrun for example_skip_dag to 2024-06-11 00:00:00+00:00, run_after=2024-06-12 00:00:00+00:00
[2024-06-12T18:15:55.251+0000] {processor.py:183} INFO - Processing /home/airflow/.local/lib/python3.8/site-packages/airflow/example_dags/example_skip_dag.py took 0.188 seconds
[2024-06-12T18:16:25.767+0000] {processor.py:161} INFO - Started process (PID=260) to work on /home/airflow/.local/lib/python3.8/site-packages/airflow/example_dags/example_skip_dag.py
[2024-06-12T18:16:25.768+0000] {processor.py:830} INFO - Processing file /home/airflow/.local/lib/python3.8/site-packages/airflow/example_dags/example_skip_dag.py for tasks to queue
[2024-06-12T18:16:25.769+0000] {logging_mixin.py:188} INFO - [2024-06-12T18:16:25.769+0000] {dagbag.py:538} INFO - Filling up the DagBag from /home/airflow/.local/lib/python3.8/site-packages/airflow/example_dags/example_skip_dag.py
[2024-06-12T18:16:25.775+0000] {processor.py:840} INFO - DAG(s) 'example_skip_dag' retrieved from /home/airflow/.local/lib/python3.8/site-packages/airflow/example_dags/example_skip_dag.py
[2024-06-12T18:16:25.787+0000] {logging_mixin.py:188} INFO - [2024-06-12T18:16:25.787+0000] {dag.py:3036} INFO - Sync 1 DAGs
[2024-06-12T18:16:25.815+0000] {logging_mixin.py:188} INFO - [2024-06-12T18:16:25.815+0000] {dag.py:3823} INFO - Setting next_dagrun for example_skip_dag to 2024-06-11 00:00:00+00:00, run_after=2024-06-12 00:00:00+00:00
[2024-06-12T18:16:25.840+0000] {processor.py:183} INFO - Processing /home/airflow/.local/lib/python3.8/site-packages/airflow/example_dags/example_skip_dag.py took 0.075 seconds
[2024-06-12T18:16:56.773+0000] {processor.py:161} INFO - Started process (PID=317) to work on /home/airflow/.local/lib/python3.8/site-packages/airflow/example_dags/example_skip_dag.py
[2024-06-12T18:16:56.774+0000] {processor.py:830} INFO - Processing file /home/airflow/.local/lib/python3.8/site-packages/airflow/example_dags/example_skip_dag.py for tasks to queue
[2024-06-12T18:16:56.776+0000] {logging_mixin.py:188} INFO - [2024-06-12T18:16:56.776+0000] {dagbag.py:538} INFO - Filling up the DagBag from /home/airflow/.local/lib/python3.8/site-packages/airflow/example_dags/example_skip_dag.py
[2024-06-12T18:16:56.782+0000] {processor.py:840} INFO - DAG(s) 'example_skip_dag' retrieved from /home/airflow/.local/lib/python3.8/site-packages/airflow/example_dags/example_skip_dag.py
[2024-06-12T18:16:56.891+0000] {logging_mixin.py:188} INFO - [2024-06-12T18:16:56.890+0000] {dag.py:3036} INFO - Sync 1 DAGs
[2024-06-12T18:16:56.911+0000] {logging_mixin.py:188} INFO - [2024-06-12T18:16:56.910+0000] {dag.py:3823} INFO - Setting next_dagrun for example_skip_dag to 2024-06-11 00:00:00+00:00, run_after=2024-06-12 00:00:00+00:00
[2024-06-12T18:16:56.933+0000] {processor.py:183} INFO - Processing /home/airflow/.local/lib/python3.8/site-packages/airflow/example_dags/example_skip_dag.py took 0.164 seconds
[2024-06-12T18:17:27.400+0000] {processor.py:161} INFO - Started process (PID=374) to work on /home/airflow/.local/lib/python3.8/site-packages/airflow/example_dags/example_skip_dag.py
[2024-06-12T18:17:27.401+0000] {processor.py:830} INFO - Processing file /home/airflow/.local/lib/python3.8/site-packages/airflow/example_dags/example_skip_dag.py for tasks to queue
[2024-06-12T18:17:27.403+0000] {logging_mixin.py:188} INFO - [2024-06-12T18:17:27.403+0000] {dagbag.py:538} INFO - Filling up the DagBag from /home/airflow/.local/lib/python3.8/site-packages/airflow/example_dags/example_skip_dag.py
[2024-06-12T18:17:27.409+0000] {processor.py:840} INFO - DAG(s) 'example_skip_dag' retrieved from /home/airflow/.local/lib/python3.8/site-packages/airflow/example_dags/example_skip_dag.py
[2024-06-12T18:17:27.430+0000] {logging_mixin.py:188} INFO - [2024-06-12T18:17:27.430+0000] {dag.py:3036} INFO - Sync 1 DAGs
[2024-06-12T18:17:27.452+0000] {logging_mixin.py:188} INFO - [2024-06-12T18:17:27.452+0000] {dag.py:3823} INFO - Setting next_dagrun for example_skip_dag to 2024-06-11 00:00:00+00:00, run_after=2024-06-12 00:00:00+00:00
[2024-06-12T18:17:27.475+0000] {processor.py:183} INFO - Processing /home/airflow/.local/lib/python3.8/site-packages/airflow/example_dags/example_skip_dag.py took 0.077 seconds
[2024-06-12T18:18:47.861+0000] {processor.py:161} INFO - Started process (PID=83) to work on /home/airflow/.local/lib/python3.8/site-packages/airflow/example_dags/example_skip_dag.py
[2024-06-12T18:18:47.862+0000] {processor.py:830} INFO - Processing file /home/airflow/.local/lib/python3.8/site-packages/airflow/example_dags/example_skip_dag.py for tasks to queue
[2024-06-12T18:18:47.864+0000] {logging_mixin.py:188} INFO - [2024-06-12T18:18:47.863+0000] {dagbag.py:538} INFO - Filling up the DagBag from /home/airflow/.local/lib/python3.8/site-packages/airflow/example_dags/example_skip_dag.py
[2024-06-12T18:18:47.870+0000] {processor.py:840} INFO - DAG(s) 'example_skip_dag' retrieved from /home/airflow/.local/lib/python3.8/site-packages/airflow/example_dags/example_skip_dag.py
[2024-06-12T18:18:47.882+0000] {logging_mixin.py:188} INFO - [2024-06-12T18:18:47.881+0000] {dag.py:3036} INFO - Sync 1 DAGs
[2024-06-12T18:18:47.907+0000] {logging_mixin.py:188} INFO - [2024-06-12T18:18:47.907+0000] {dag.py:3823} INFO - Setting next_dagrun for example_skip_dag to 2024-06-11 00:00:00+00:00, run_after=2024-06-12 00:00:00+00:00
[2024-06-12T18:18:47.932+0000] {processor.py:183} INFO - Processing /home/airflow/.local/lib/python3.8/site-packages/airflow/example_dags/example_skip_dag.py took 0.074 seconds
[2024-06-12T18:19:19.531+0000] {processor.py:161} INFO - Started process (PID=140) to work on /home/airflow/.local/lib/python3.8/site-packages/airflow/example_dags/example_skip_dag.py
[2024-06-12T18:19:19.532+0000] {processor.py:830} INFO - Processing file /home/airflow/.local/lib/python3.8/site-packages/airflow/example_dags/example_skip_dag.py for tasks to queue
[2024-06-12T18:19:19.534+0000] {logging_mixin.py:188} INFO - [2024-06-12T18:19:19.534+0000] {dagbag.py:538} INFO - Filling up the DagBag from /home/airflow/.local/lib/python3.8/site-packages/airflow/example_dags/example_skip_dag.py
[2024-06-12T18:19:19.543+0000] {processor.py:840} INFO - DAG(s) 'example_skip_dag' retrieved from /home/airflow/.local/lib/python3.8/site-packages/airflow/example_dags/example_skip_dag.py
[2024-06-12T18:19:19.557+0000] {logging_mixin.py:188} INFO - [2024-06-12T18:19:19.557+0000] {dag.py:3036} INFO - Sync 1 DAGs
[2024-06-12T18:19:19.587+0000] {logging_mixin.py:188} INFO - [2024-06-12T18:19:19.587+0000] {dag.py:3823} INFO - Setting next_dagrun for example_skip_dag to 2024-06-11 00:00:00+00:00, run_after=2024-06-12 00:00:00+00:00
[2024-06-12T18:19:19.616+0000] {processor.py:183} INFO - Processing /home/airflow/.local/lib/python3.8/site-packages/airflow/example_dags/example_skip_dag.py took 0.088 seconds
[2024-06-12T18:19:53.057+0000] {processor.py:161} INFO - Started process (PID=197) to work on /home/airflow/.local/lib/python3.8/site-packages/airflow/example_dags/example_skip_dag.py
[2024-06-12T18:19:53.058+0000] {processor.py:830} INFO - Processing file /home/airflow/.local/lib/python3.8/site-packages/airflow/example_dags/example_skip_dag.py for tasks to queue
[2024-06-12T18:19:53.060+0000] {logging_mixin.py:188} INFO - [2024-06-12T18:19:53.060+0000] {dagbag.py:538} INFO - Filling up the DagBag from /home/airflow/.local/lib/python3.8/site-packages/airflow/example_dags/example_skip_dag.py
[2024-06-12T18:19:53.068+0000] {processor.py:840} INFO - DAG(s) 'example_skip_dag' retrieved from /home/airflow/.local/lib/python3.8/site-packages/airflow/example_dags/example_skip_dag.py
[2024-06-12T18:19:53.227+0000] {logging_mixin.py:188} INFO - [2024-06-12T18:19:53.226+0000] {dag.py:3036} INFO - Sync 1 DAGs
[2024-06-12T18:19:53.265+0000] {logging_mixin.py:188} INFO - [2024-06-12T18:19:53.265+0000] {dag.py:3823} INFO - Setting next_dagrun for example_skip_dag to 2024-06-11 00:00:00+00:00, run_after=2024-06-12 00:00:00+00:00
[2024-06-12T18:19:53.302+0000] {processor.py:183} INFO - Processing /home/airflow/.local/lib/python3.8/site-packages/airflow/example_dags/example_skip_dag.py took 0.249 seconds
[2024-06-12T18:20:23.619+0000] {processor.py:161} INFO - Started process (PID=255) to work on /home/airflow/.local/lib/python3.8/site-packages/airflow/example_dags/example_skip_dag.py
[2024-06-12T18:20:23.621+0000] {processor.py:830} INFO - Processing file /home/airflow/.local/lib/python3.8/site-packages/airflow/example_dags/example_skip_dag.py for tasks to queue
[2024-06-12T18:20:23.625+0000] {logging_mixin.py:188} INFO - [2024-06-12T18:20:23.624+0000] {dagbag.py:538} INFO - Filling up the DagBag from /home/airflow/.local/lib/python3.8/site-packages/airflow/example_dags/example_skip_dag.py
[2024-06-12T18:20:23.638+0000] {processor.py:840} INFO - DAG(s) 'example_skip_dag' retrieved from /home/airflow/.local/lib/python3.8/site-packages/airflow/example_dags/example_skip_dag.py
[2024-06-12T18:20:23.676+0000] {logging_mixin.py:188} INFO - [2024-06-12T18:20:23.676+0000] {dag.py:3036} INFO - Sync 1 DAGs
[2024-06-12T18:20:23.718+0000] {logging_mixin.py:188} INFO - [2024-06-12T18:20:23.718+0000] {dag.py:3823} INFO - Setting next_dagrun for example_skip_dag to 2024-06-11 00:00:00+00:00, run_after=2024-06-12 00:00:00+00:00
[2024-06-12T18:20:23.746+0000] {processor.py:183} INFO - Processing /home/airflow/.local/lib/python3.8/site-packages/airflow/example_dags/example_skip_dag.py took 0.133 seconds
[2024-06-12T18:20:54.099+0000] {processor.py:161} INFO - Started process (PID=311) to work on /home/airflow/.local/lib/python3.8/site-packages/airflow/example_dags/example_skip_dag.py
[2024-06-12T18:20:54.100+0000] {processor.py:830} INFO - Processing file /home/airflow/.local/lib/python3.8/site-packages/airflow/example_dags/example_skip_dag.py for tasks to queue
[2024-06-12T18:20:54.102+0000] {logging_mixin.py:188} INFO - [2024-06-12T18:20:54.102+0000] {dagbag.py:538} INFO - Filling up the DagBag from /home/airflow/.local/lib/python3.8/site-packages/airflow/example_dags/example_skip_dag.py
[2024-06-12T18:20:54.111+0000] {processor.py:840} INFO - DAG(s) 'example_skip_dag' retrieved from /home/airflow/.local/lib/python3.8/site-packages/airflow/example_dags/example_skip_dag.py
[2024-06-12T18:20:54.138+0000] {logging_mixin.py:188} INFO - [2024-06-12T18:20:54.137+0000] {dag.py:3036} INFO - Sync 1 DAGs
[2024-06-12T18:20:54.174+0000] {logging_mixin.py:188} INFO - [2024-06-12T18:20:54.174+0000] {dag.py:3823} INFO - Setting next_dagrun for example_skip_dag to 2024-06-11 00:00:00+00:00, run_after=2024-06-12 00:00:00+00:00
[2024-06-12T18:20:54.210+0000] {processor.py:183} INFO - Processing /home/airflow/.local/lib/python3.8/site-packages/airflow/example_dags/example_skip_dag.py took 0.114 seconds
[2024-06-12T18:21:24.329+0000] {processor.py:161} INFO - Started process (PID=368) to work on /home/airflow/.local/lib/python3.8/site-packages/airflow/example_dags/example_skip_dag.py
[2024-06-12T18:21:24.330+0000] {processor.py:830} INFO - Processing file /home/airflow/.local/lib/python3.8/site-packages/airflow/example_dags/example_skip_dag.py for tasks to queue
[2024-06-12T18:21:24.333+0000] {logging_mixin.py:188} INFO - [2024-06-12T18:21:24.332+0000] {dagbag.py:538} INFO - Filling up the DagBag from /home/airflow/.local/lib/python3.8/site-packages/airflow/example_dags/example_skip_dag.py
[2024-06-12T18:21:24.342+0000] {processor.py:840} INFO - DAG(s) 'example_skip_dag' retrieved from /home/airflow/.local/lib/python3.8/site-packages/airflow/example_dags/example_skip_dag.py
[2024-06-12T18:21:24.367+0000] {logging_mixin.py:188} INFO - [2024-06-12T18:21:24.367+0000] {dag.py:3036} INFO - Sync 1 DAGs
[2024-06-12T18:21:24.395+0000] {logging_mixin.py:188} INFO - [2024-06-12T18:21:24.395+0000] {dag.py:3823} INFO - Setting next_dagrun for example_skip_dag to 2024-06-11 00:00:00+00:00, run_after=2024-06-12 00:00:00+00:00
[2024-06-12T18:21:24.425+0000] {processor.py:183} INFO - Processing /home/airflow/.local/lib/python3.8/site-packages/airflow/example_dags/example_skip_dag.py took 0.100 seconds
[2024-06-12T18:21:54.493+0000] {processor.py:161} INFO - Started process (PID=425) to work on /home/airflow/.local/lib/python3.8/site-packages/airflow/example_dags/example_skip_dag.py
[2024-06-12T18:21:54.494+0000] {processor.py:830} INFO - Processing file /home/airflow/.local/lib/python3.8/site-packages/airflow/example_dags/example_skip_dag.py for tasks to queue
[2024-06-12T18:21:54.496+0000] {logging_mixin.py:188} INFO - [2024-06-12T18:21:54.496+0000] {dagbag.py:538} INFO - Filling up the DagBag from /home/airflow/.local/lib/python3.8/site-packages/airflow/example_dags/example_skip_dag.py
[2024-06-12T18:21:54.502+0000] {processor.py:840} INFO - DAG(s) 'example_skip_dag' retrieved from /home/airflow/.local/lib/python3.8/site-packages/airflow/example_dags/example_skip_dag.py
[2024-06-12T18:21:54.525+0000] {logging_mixin.py:188} INFO - [2024-06-12T18:21:54.524+0000] {dag.py:3036} INFO - Sync 1 DAGs
[2024-06-12T18:21:54.549+0000] {logging_mixin.py:188} INFO - [2024-06-12T18:21:54.549+0000] {dag.py:3823} INFO - Setting next_dagrun for example_skip_dag to 2024-06-11 00:00:00+00:00, run_after=2024-06-12 00:00:00+00:00
[2024-06-12T18:21:54.573+0000] {processor.py:183} INFO - Processing /home/airflow/.local/lib/python3.8/site-packages/airflow/example_dags/example_skip_dag.py took 0.082 seconds
[2024-06-12T18:22:24.870+0000] {processor.py:161} INFO - Started process (PID=482) to work on /home/airflow/.local/lib/python3.8/site-packages/airflow/example_dags/example_skip_dag.py
[2024-06-12T18:22:24.871+0000] {processor.py:830} INFO - Processing file /home/airflow/.local/lib/python3.8/site-packages/airflow/example_dags/example_skip_dag.py for tasks to queue
[2024-06-12T18:22:24.873+0000] {logging_mixin.py:188} INFO - [2024-06-12T18:22:24.873+0000] {dagbag.py:538} INFO - Filling up the DagBag from /home/airflow/.local/lib/python3.8/site-packages/airflow/example_dags/example_skip_dag.py
[2024-06-12T18:22:24.882+0000] {processor.py:840} INFO - DAG(s) 'example_skip_dag' retrieved from /home/airflow/.local/lib/python3.8/site-packages/airflow/example_dags/example_skip_dag.py
[2024-06-12T18:22:24.911+0000] {logging_mixin.py:188} INFO - [2024-06-12T18:22:24.910+0000] {dag.py:3036} INFO - Sync 1 DAGs
[2024-06-12T18:22:24.945+0000] {logging_mixin.py:188} INFO - [2024-06-12T18:22:24.945+0000] {dag.py:3823} INFO - Setting next_dagrun for example_skip_dag to 2024-06-11 00:00:00+00:00, run_after=2024-06-12 00:00:00+00:00
[2024-06-12T18:22:24.976+0000] {processor.py:183} INFO - Processing /home/airflow/.local/lib/python3.8/site-packages/airflow/example_dags/example_skip_dag.py took 0.111 seconds
[2024-06-12T18:22:55.362+0000] {processor.py:161} INFO - Started process (PID=539) to work on /home/airflow/.local/lib/python3.8/site-packages/airflow/example_dags/example_skip_dag.py
[2024-06-12T18:22:55.363+0000] {processor.py:830} INFO - Processing file /home/airflow/.local/lib/python3.8/site-packages/airflow/example_dags/example_skip_dag.py for tasks to queue
[2024-06-12T18:22:55.366+0000] {logging_mixin.py:188} INFO - [2024-06-12T18:22:55.365+0000] {dagbag.py:538} INFO - Filling up the DagBag from /home/airflow/.local/lib/python3.8/site-packages/airflow/example_dags/example_skip_dag.py
[2024-06-12T18:22:55.374+0000] {processor.py:840} INFO - DAG(s) 'example_skip_dag' retrieved from /home/airflow/.local/lib/python3.8/site-packages/airflow/example_dags/example_skip_dag.py
[2024-06-12T18:22:55.402+0000] {logging_mixin.py:188} INFO - [2024-06-12T18:22:55.402+0000] {dag.py:3036} INFO - Sync 1 DAGs
[2024-06-12T18:22:55.434+0000] {logging_mixin.py:188} INFO - [2024-06-12T18:22:55.434+0000] {dag.py:3823} INFO - Setting next_dagrun for example_skip_dag to 2024-06-11 00:00:00+00:00, run_after=2024-06-12 00:00:00+00:00
[2024-06-12T18:22:55.467+0000] {processor.py:183} INFO - Processing /home/airflow/.local/lib/python3.8/site-packages/airflow/example_dags/example_skip_dag.py took 0.110 seconds
[2024-06-12T18:23:25.680+0000] {processor.py:161} INFO - Started process (PID=596) to work on /home/airflow/.local/lib/python3.8/site-packages/airflow/example_dags/example_skip_dag.py
[2024-06-12T18:23:25.682+0000] {processor.py:830} INFO - Processing file /home/airflow/.local/lib/python3.8/site-packages/airflow/example_dags/example_skip_dag.py for tasks to queue
[2024-06-12T18:23:25.684+0000] {logging_mixin.py:188} INFO - [2024-06-12T18:23:25.684+0000] {dagbag.py:538} INFO - Filling up the DagBag from /home/airflow/.local/lib/python3.8/site-packages/airflow/example_dags/example_skip_dag.py
[2024-06-12T18:23:25.693+0000] {processor.py:840} INFO - DAG(s) 'example_skip_dag' retrieved from /home/airflow/.local/lib/python3.8/site-packages/airflow/example_dags/example_skip_dag.py
[2024-06-12T18:23:25.721+0000] {logging_mixin.py:188} INFO - [2024-06-12T18:23:25.721+0000] {dag.py:3036} INFO - Sync 1 DAGs
[2024-06-12T18:23:25.749+0000] {logging_mixin.py:188} INFO - [2024-06-12T18:23:25.748+0000] {dag.py:3823} INFO - Setting next_dagrun for example_skip_dag to 2024-06-11 00:00:00+00:00, run_after=2024-06-12 00:00:00+00:00
[2024-06-12T18:23:25.777+0000] {processor.py:183} INFO - Processing /home/airflow/.local/lib/python3.8/site-packages/airflow/example_dags/example_skip_dag.py took 0.101 seconds
[2024-06-12T18:23:57.092+0000] {processor.py:161} INFO - Started process (PID=653) to work on /home/airflow/.local/lib/python3.8/site-packages/airflow/example_dags/example_skip_dag.py
[2024-06-12T18:23:57.093+0000] {processor.py:830} INFO - Processing file /home/airflow/.local/lib/python3.8/site-packages/airflow/example_dags/example_skip_dag.py for tasks to queue
[2024-06-12T18:23:57.095+0000] {logging_mixin.py:188} INFO - [2024-06-12T18:23:57.094+0000] {dagbag.py:538} INFO - Filling up the DagBag from /home/airflow/.local/lib/python3.8/site-packages/airflow/example_dags/example_skip_dag.py
[2024-06-12T18:23:57.103+0000] {processor.py:840} INFO - DAG(s) 'example_skip_dag' retrieved from /home/airflow/.local/lib/python3.8/site-packages/airflow/example_dags/example_skip_dag.py
[2024-06-12T18:23:57.130+0000] {logging_mixin.py:188} INFO - [2024-06-12T18:23:57.129+0000] {dag.py:3036} INFO - Sync 1 DAGs
[2024-06-12T18:23:57.158+0000] {logging_mixin.py:188} INFO - [2024-06-12T18:23:57.157+0000] {dag.py:3823} INFO - Setting next_dagrun for example_skip_dag to 2024-06-11 00:00:00+00:00, run_after=2024-06-12 00:00:00+00:00
[2024-06-12T18:23:57.187+0000] {processor.py:183} INFO - Processing /home/airflow/.local/lib/python3.8/site-packages/airflow/example_dags/example_skip_dag.py took 0.098 seconds
[2024-06-12T18:24:28.038+0000] {processor.py:161} INFO - Started process (PID=710) to work on /home/airflow/.local/lib/python3.8/site-packages/airflow/example_dags/example_skip_dag.py
[2024-06-12T18:24:28.039+0000] {processor.py:830} INFO - Processing file /home/airflow/.local/lib/python3.8/site-packages/airflow/example_dags/example_skip_dag.py for tasks to queue
[2024-06-12T18:24:28.041+0000] {logging_mixin.py:188} INFO - [2024-06-12T18:24:28.040+0000] {dagbag.py:538} INFO - Filling up the DagBag from /home/airflow/.local/lib/python3.8/site-packages/airflow/example_dags/example_skip_dag.py
[2024-06-12T18:24:28.048+0000] {processor.py:840} INFO - DAG(s) 'example_skip_dag' retrieved from /home/airflow/.local/lib/python3.8/site-packages/airflow/example_dags/example_skip_dag.py
[2024-06-12T18:24:28.062+0000] {logging_mixin.py:188} INFO - [2024-06-12T18:24:28.062+0000] {dag.py:3036} INFO - Sync 1 DAGs
[2024-06-12T18:24:28.094+0000] {logging_mixin.py:188} INFO - [2024-06-12T18:24:28.094+0000] {dag.py:3823} INFO - Setting next_dagrun for example_skip_dag to 2024-06-11 00:00:00+00:00, run_after=2024-06-12 00:00:00+00:00
[2024-06-12T18:24:28.121+0000] {processor.py:183} INFO - Processing /home/airflow/.local/lib/python3.8/site-packages/airflow/example_dags/example_skip_dag.py took 0.087 seconds
[2024-06-12T18:24:59.202+0000] {processor.py:161} INFO - Started process (PID=767) to work on /home/airflow/.local/lib/python3.8/site-packages/airflow/example_dags/example_skip_dag.py
[2024-06-12T18:24:59.203+0000] {processor.py:830} INFO - Processing file /home/airflow/.local/lib/python3.8/site-packages/airflow/example_dags/example_skip_dag.py for tasks to queue
[2024-06-12T18:24:59.205+0000] {logging_mixin.py:188} INFO - [2024-06-12T18:24:59.204+0000] {dagbag.py:538} INFO - Filling up the DagBag from /home/airflow/.local/lib/python3.8/site-packages/airflow/example_dags/example_skip_dag.py
[2024-06-12T18:24:59.210+0000] {processor.py:840} INFO - DAG(s) 'example_skip_dag' retrieved from /home/airflow/.local/lib/python3.8/site-packages/airflow/example_dags/example_skip_dag.py
[2024-06-12T18:24:59.327+0000] {logging_mixin.py:188} INFO - [2024-06-12T18:24:59.327+0000] {dag.py:3036} INFO - Sync 1 DAGs
[2024-06-12T18:24:59.351+0000] {logging_mixin.py:188} INFO - [2024-06-12T18:24:59.351+0000] {dag.py:3823} INFO - Setting next_dagrun for example_skip_dag to 2024-06-11 00:00:00+00:00, run_after=2024-06-12 00:00:00+00:00
[2024-06-12T18:24:59.374+0000] {processor.py:183} INFO - Processing /home/airflow/.local/lib/python3.8/site-packages/airflow/example_dags/example_skip_dag.py took 0.175 seconds
[2024-06-12T18:25:29.469+0000] {processor.py:161} INFO - Started process (PID=826) to work on /home/airflow/.local/lib/python3.8/site-packages/airflow/example_dags/example_skip_dag.py
[2024-06-12T18:25:29.471+0000] {processor.py:830} INFO - Processing file /home/airflow/.local/lib/python3.8/site-packages/airflow/example_dags/example_skip_dag.py for tasks to queue
[2024-06-12T18:25:29.473+0000] {logging_mixin.py:188} INFO - [2024-06-12T18:25:29.473+0000] {dagbag.py:538} INFO - Filling up the DagBag from /home/airflow/.local/lib/python3.8/site-packages/airflow/example_dags/example_skip_dag.py
[2024-06-12T18:25:29.482+0000] {processor.py:840} INFO - DAG(s) 'example_skip_dag' retrieved from /home/airflow/.local/lib/python3.8/site-packages/airflow/example_dags/example_skip_dag.py
[2024-06-12T18:25:29.518+0000] {logging_mixin.py:188} INFO - [2024-06-12T18:25:29.518+0000] {dag.py:3036} INFO - Sync 1 DAGs
[2024-06-12T18:25:29.548+0000] {logging_mixin.py:188} INFO - [2024-06-12T18:25:29.547+0000] {dag.py:3823} INFO - Setting next_dagrun for example_skip_dag to 2024-06-11 00:00:00+00:00, run_after=2024-06-12 00:00:00+00:00
[2024-06-12T18:25:29.578+0000] {processor.py:183} INFO - Processing /home/airflow/.local/lib/python3.8/site-packages/airflow/example_dags/example_skip_dag.py took 0.111 seconds
[2024-06-12T18:27:01.127+0000] {processor.py:161} INFO - Started process (PID=83) to work on /home/airflow/.local/lib/python3.8/site-packages/airflow/example_dags/example_skip_dag.py
[2024-06-12T18:27:01.129+0000] {processor.py:830} INFO - Processing file /home/airflow/.local/lib/python3.8/site-packages/airflow/example_dags/example_skip_dag.py for tasks to queue
[2024-06-12T18:27:01.131+0000] {logging_mixin.py:188} INFO - [2024-06-12T18:27:01.130+0000] {dagbag.py:538} INFO - Filling up the DagBag from /home/airflow/.local/lib/python3.8/site-packages/airflow/example_dags/example_skip_dag.py
[2024-06-12T18:27:01.139+0000] {processor.py:840} INFO - DAG(s) 'example_skip_dag' retrieved from /home/airflow/.local/lib/python3.8/site-packages/airflow/example_dags/example_skip_dag.py
[2024-06-12T18:27:01.164+0000] {logging_mixin.py:188} INFO - [2024-06-12T18:27:01.163+0000] {dag.py:3036} INFO - Sync 1 DAGs
[2024-06-12T18:27:01.195+0000] {logging_mixin.py:188} INFO - [2024-06-12T18:27:01.195+0000] {dag.py:3823} INFO - Setting next_dagrun for example_skip_dag to 2024-06-11 00:00:00+00:00, run_after=2024-06-12 00:00:00+00:00
[2024-06-12T18:27:01.223+0000] {processor.py:183} INFO - Processing /home/airflow/.local/lib/python3.8/site-packages/airflow/example_dags/example_skip_dag.py took 0.100 seconds
[2024-06-12T18:27:31.443+0000] {processor.py:161} INFO - Started process (PID=140) to work on /home/airflow/.local/lib/python3.8/site-packages/airflow/example_dags/example_skip_dag.py
[2024-06-12T18:27:31.444+0000] {processor.py:830} INFO - Processing file /home/airflow/.local/lib/python3.8/site-packages/airflow/example_dags/example_skip_dag.py for tasks to queue
[2024-06-12T18:27:31.446+0000] {logging_mixin.py:188} INFO - [2024-06-12T18:27:31.446+0000] {dagbag.py:538} INFO - Filling up the DagBag from /home/airflow/.local/lib/python3.8/site-packages/airflow/example_dags/example_skip_dag.py
[2024-06-12T18:27:31.456+0000] {processor.py:840} INFO - DAG(s) 'example_skip_dag' retrieved from /home/airflow/.local/lib/python3.8/site-packages/airflow/example_dags/example_skip_dag.py
[2024-06-12T18:27:31.472+0000] {logging_mixin.py:188} INFO - [2024-06-12T18:27:31.472+0000] {dag.py:3036} INFO - Sync 1 DAGs
[2024-06-12T18:27:31.506+0000] {logging_mixin.py:188} INFO - [2024-06-12T18:27:31.506+0000] {dag.py:3823} INFO - Setting next_dagrun for example_skip_dag to 2024-06-11 00:00:00+00:00, run_after=2024-06-12 00:00:00+00:00
[2024-06-12T18:27:31.539+0000] {processor.py:183} INFO - Processing /home/airflow/.local/lib/python3.8/site-packages/airflow/example_dags/example_skip_dag.py took 0.099 seconds
[2024-06-12T18:28:05.101+0000] {processor.py:161} INFO - Started process (PID=197) to work on /home/airflow/.local/lib/python3.8/site-packages/airflow/example_dags/example_skip_dag.py
[2024-06-12T18:28:05.102+0000] {processor.py:830} INFO - Processing file /home/airflow/.local/lib/python3.8/site-packages/airflow/example_dags/example_skip_dag.py for tasks to queue
[2024-06-12T18:28:05.104+0000] {logging_mixin.py:188} INFO - [2024-06-12T18:28:05.104+0000] {dagbag.py:538} INFO - Filling up the DagBag from /home/airflow/.local/lib/python3.8/site-packages/airflow/example_dags/example_skip_dag.py
[2024-06-12T18:28:05.111+0000] {processor.py:840} INFO - DAG(s) 'example_skip_dag' retrieved from /home/airflow/.local/lib/python3.8/site-packages/airflow/example_dags/example_skip_dag.py
[2024-06-12T18:28:05.275+0000] {logging_mixin.py:188} INFO - [2024-06-12T18:28:05.275+0000] {dag.py:3036} INFO - Sync 1 DAGs
[2024-06-12T18:28:05.302+0000] {logging_mixin.py:188} INFO - [2024-06-12T18:28:05.302+0000] {dag.py:3823} INFO - Setting next_dagrun for example_skip_dag to 2024-06-11 00:00:00+00:00, run_after=2024-06-12 00:00:00+00:00
[2024-06-12T18:28:05.323+0000] {processor.py:183} INFO - Processing /home/airflow/.local/lib/python3.8/site-packages/airflow/example_dags/example_skip_dag.py took 0.225 seconds
[2024-06-12T18:28:35.489+0000] {processor.py:161} INFO - Started process (PID=256) to work on /home/airflow/.local/lib/python3.8/site-packages/airflow/example_dags/example_skip_dag.py
[2024-06-12T18:28:35.490+0000] {processor.py:830} INFO - Processing file /home/airflow/.local/lib/python3.8/site-packages/airflow/example_dags/example_skip_dag.py for tasks to queue
[2024-06-12T18:28:35.492+0000] {logging_mixin.py:188} INFO - [2024-06-12T18:28:35.492+0000] {dagbag.py:538} INFO - Filling up the DagBag from /home/airflow/.local/lib/python3.8/site-packages/airflow/example_dags/example_skip_dag.py
[2024-06-12T18:28:35.502+0000] {processor.py:840} INFO - DAG(s) 'example_skip_dag' retrieved from /home/airflow/.local/lib/python3.8/site-packages/airflow/example_dags/example_skip_dag.py
[2024-06-12T18:28:35.531+0000] {logging_mixin.py:188} INFO - [2024-06-12T18:28:35.531+0000] {dag.py:3036} INFO - Sync 1 DAGs
[2024-06-12T18:28:35.561+0000] {logging_mixin.py:188} INFO - [2024-06-12T18:28:35.560+0000] {dag.py:3823} INFO - Setting next_dagrun for example_skip_dag to 2024-06-11 00:00:00+00:00, run_after=2024-06-12 00:00:00+00:00
[2024-06-12T18:28:35.588+0000] {processor.py:183} INFO - Processing /home/airflow/.local/lib/python3.8/site-packages/airflow/example_dags/example_skip_dag.py took 0.103 seconds
[2024-06-12T18:29:05.633+0000] {processor.py:161} INFO - Started process (PID=311) to work on /home/airflow/.local/lib/python3.8/site-packages/airflow/example_dags/example_skip_dag.py
[2024-06-12T18:29:05.635+0000] {processor.py:830} INFO - Processing file /home/airflow/.local/lib/python3.8/site-packages/airflow/example_dags/example_skip_dag.py for tasks to queue
[2024-06-12T18:29:05.637+0000] {logging_mixin.py:188} INFO - [2024-06-12T18:29:05.636+0000] {dagbag.py:538} INFO - Filling up the DagBag from /home/airflow/.local/lib/python3.8/site-packages/airflow/example_dags/example_skip_dag.py
[2024-06-12T18:29:05.649+0000] {processor.py:840} INFO - DAG(s) 'example_skip_dag' retrieved from /home/airflow/.local/lib/python3.8/site-packages/airflow/example_dags/example_skip_dag.py
[2024-06-12T18:29:05.683+0000] {logging_mixin.py:188} INFO - [2024-06-12T18:29:05.683+0000] {dag.py:3036} INFO - Sync 1 DAGs
[2024-06-12T18:29:05.713+0000] {logging_mixin.py:188} INFO - [2024-06-12T18:29:05.713+0000] {dag.py:3823} INFO - Setting next_dagrun for example_skip_dag to 2024-06-11 00:00:00+00:00, run_after=2024-06-12 00:00:00+00:00
[2024-06-12T18:29:05.743+0000] {processor.py:183} INFO - Processing /home/airflow/.local/lib/python3.8/site-packages/airflow/example_dags/example_skip_dag.py took 0.114 seconds
[2024-06-12T18:29:36.448+0000] {processor.py:161} INFO - Started process (PID=368) to work on /home/airflow/.local/lib/python3.8/site-packages/airflow/example_dags/example_skip_dag.py
[2024-06-12T18:29:36.449+0000] {processor.py:830} INFO - Processing file /home/airflow/.local/lib/python3.8/site-packages/airflow/example_dags/example_skip_dag.py for tasks to queue
[2024-06-12T18:29:36.451+0000] {logging_mixin.py:188} INFO - [2024-06-12T18:29:36.450+0000] {dagbag.py:538} INFO - Filling up the DagBag from /home/airflow/.local/lib/python3.8/site-packages/airflow/example_dags/example_skip_dag.py
[2024-06-12T18:29:36.456+0000] {processor.py:840} INFO - DAG(s) 'example_skip_dag' retrieved from /home/airflow/.local/lib/python3.8/site-packages/airflow/example_dags/example_skip_dag.py
[2024-06-12T18:29:36.478+0000] {logging_mixin.py:188} INFO - [2024-06-12T18:29:36.477+0000] {dag.py:3036} INFO - Sync 1 DAGs
[2024-06-12T18:29:36.500+0000] {logging_mixin.py:188} INFO - [2024-06-12T18:29:36.499+0000] {dag.py:3823} INFO - Setting next_dagrun for example_skip_dag to 2024-06-11 00:00:00+00:00, run_after=2024-06-12 00:00:00+00:00
[2024-06-12T18:29:36.521+0000] {processor.py:183} INFO - Processing /home/airflow/.local/lib/python3.8/site-packages/airflow/example_dags/example_skip_dag.py took 0.075 seconds
[2024-06-12T18:30:07.161+0000] {processor.py:161} INFO - Started process (PID=425) to work on /home/airflow/.local/lib/python3.8/site-packages/airflow/example_dags/example_skip_dag.py
[2024-06-12T18:30:07.161+0000] {processor.py:830} INFO - Processing file /home/airflow/.local/lib/python3.8/site-packages/airflow/example_dags/example_skip_dag.py for tasks to queue
[2024-06-12T18:30:07.163+0000] {logging_mixin.py:188} INFO - [2024-06-12T18:30:07.163+0000] {dagbag.py:538} INFO - Filling up the DagBag from /home/airflow/.local/lib/python3.8/site-packages/airflow/example_dags/example_skip_dag.py
[2024-06-12T18:30:07.171+0000] {processor.py:840} INFO - DAG(s) 'example_skip_dag' retrieved from /home/airflow/.local/lib/python3.8/site-packages/airflow/example_dags/example_skip_dag.py
[2024-06-12T18:30:07.195+0000] {logging_mixin.py:188} INFO - [2024-06-12T18:30:07.194+0000] {dag.py:3036} INFO - Sync 1 DAGs
[2024-06-12T18:30:07.222+0000] {logging_mixin.py:188} INFO - [2024-06-12T18:30:07.222+0000] {dag.py:3823} INFO - Setting next_dagrun for example_skip_dag to 2024-06-11 00:00:00+00:00, run_after=2024-06-12 00:00:00+00:00
[2024-06-12T18:30:07.249+0000] {processor.py:183} INFO - Processing /home/airflow/.local/lib/python3.8/site-packages/airflow/example_dags/example_skip_dag.py took 0.092 seconds
[2024-06-12T18:30:37.342+0000] {processor.py:161} INFO - Started process (PID=482) to work on /home/airflow/.local/lib/python3.8/site-packages/airflow/example_dags/example_skip_dag.py
[2024-06-12T18:30:37.343+0000] {processor.py:830} INFO - Processing file /home/airflow/.local/lib/python3.8/site-packages/airflow/example_dags/example_skip_dag.py for tasks to queue
[2024-06-12T18:30:37.345+0000] {logging_mixin.py:188} INFO - [2024-06-12T18:30:37.345+0000] {dagbag.py:538} INFO - Filling up the DagBag from /home/airflow/.local/lib/python3.8/site-packages/airflow/example_dags/example_skip_dag.py
[2024-06-12T18:30:37.362+0000] {processor.py:840} INFO - DAG(s) 'example_skip_dag' retrieved from /home/airflow/.local/lib/python3.8/site-packages/airflow/example_dags/example_skip_dag.py
[2024-06-12T18:30:37.394+0000] {logging_mixin.py:188} INFO - [2024-06-12T18:30:37.393+0000] {dag.py:3036} INFO - Sync 1 DAGs
[2024-06-12T18:30:37.431+0000] {logging_mixin.py:188} INFO - [2024-06-12T18:30:37.431+0000] {dag.py:3823} INFO - Setting next_dagrun for example_skip_dag to 2024-06-11 00:00:00+00:00, run_after=2024-06-12 00:00:00+00:00
[2024-06-12T18:30:37.464+0000] {processor.py:183} INFO - Processing /home/airflow/.local/lib/python3.8/site-packages/airflow/example_dags/example_skip_dag.py took 0.126 seconds
[2024-06-12T18:31:08.152+0000] {processor.py:161} INFO - Started process (PID=539) to work on /home/airflow/.local/lib/python3.8/site-packages/airflow/example_dags/example_skip_dag.py
[2024-06-12T18:31:08.153+0000] {processor.py:830} INFO - Processing file /home/airflow/.local/lib/python3.8/site-packages/airflow/example_dags/example_skip_dag.py for tasks to queue
[2024-06-12T18:31:08.155+0000] {logging_mixin.py:188} INFO - [2024-06-12T18:31:08.155+0000] {dagbag.py:538} INFO - Filling up the DagBag from /home/airflow/.local/lib/python3.8/site-packages/airflow/example_dags/example_skip_dag.py
[2024-06-12T18:31:08.163+0000] {processor.py:840} INFO - DAG(s) 'example_skip_dag' retrieved from /home/airflow/.local/lib/python3.8/site-packages/airflow/example_dags/example_skip_dag.py
[2024-06-12T18:31:08.194+0000] {logging_mixin.py:188} INFO - [2024-06-12T18:31:08.193+0000] {dag.py:3036} INFO - Sync 1 DAGs
[2024-06-12T18:31:08.229+0000] {logging_mixin.py:188} INFO - [2024-06-12T18:31:08.228+0000] {dag.py:3823} INFO - Setting next_dagrun for example_skip_dag to 2024-06-11 00:00:00+00:00, run_after=2024-06-12 00:00:00+00:00
[2024-06-12T18:31:08.258+0000] {processor.py:183} INFO - Processing /home/airflow/.local/lib/python3.8/site-packages/airflow/example_dags/example_skip_dag.py took 0.109 seconds
[2024-06-12T18:31:38.575+0000] {processor.py:161} INFO - Started process (PID=596) to work on /home/airflow/.local/lib/python3.8/site-packages/airflow/example_dags/example_skip_dag.py
[2024-06-12T18:31:38.577+0000] {processor.py:830} INFO - Processing file /home/airflow/.local/lib/python3.8/site-packages/airflow/example_dags/example_skip_dag.py for tasks to queue
[2024-06-12T18:31:38.579+0000] {logging_mixin.py:188} INFO - [2024-06-12T18:31:38.578+0000] {dagbag.py:538} INFO - Filling up the DagBag from /home/airflow/.local/lib/python3.8/site-packages/airflow/example_dags/example_skip_dag.py
[2024-06-12T18:31:38.588+0000] {processor.py:840} INFO - DAG(s) 'example_skip_dag' retrieved from /home/airflow/.local/lib/python3.8/site-packages/airflow/example_dags/example_skip_dag.py
[2024-06-12T18:31:38.622+0000] {logging_mixin.py:188} INFO - [2024-06-12T18:31:38.622+0000] {dag.py:3036} INFO - Sync 1 DAGs
[2024-06-12T18:31:38.660+0000] {logging_mixin.py:188} INFO - [2024-06-12T18:31:38.659+0000] {dag.py:3823} INFO - Setting next_dagrun for example_skip_dag to 2024-06-11 00:00:00+00:00, run_after=2024-06-12 00:00:00+00:00
[2024-06-12T18:31:38.693+0000] {processor.py:183} INFO - Processing /home/airflow/.local/lib/python3.8/site-packages/airflow/example_dags/example_skip_dag.py took 0.122 seconds
[2024-06-12T18:32:08.888+0000] {processor.py:161} INFO - Started process (PID=653) to work on /home/airflow/.local/lib/python3.8/site-packages/airflow/example_dags/example_skip_dag.py
[2024-06-12T18:32:08.889+0000] {processor.py:830} INFO - Processing file /home/airflow/.local/lib/python3.8/site-packages/airflow/example_dags/example_skip_dag.py for tasks to queue
[2024-06-12T18:32:08.891+0000] {logging_mixin.py:188} INFO - [2024-06-12T18:32:08.890+0000] {dagbag.py:538} INFO - Filling up the DagBag from /home/airflow/.local/lib/python3.8/site-packages/airflow/example_dags/example_skip_dag.py
[2024-06-12T18:32:08.897+0000] {processor.py:840} INFO - DAG(s) 'example_skip_dag' retrieved from /home/airflow/.local/lib/python3.8/site-packages/airflow/example_dags/example_skip_dag.py
[2024-06-12T18:32:08.922+0000] {logging_mixin.py:188} INFO - [2024-06-12T18:32:08.922+0000] {dag.py:3036} INFO - Sync 1 DAGs
[2024-06-12T18:32:08.947+0000] {logging_mixin.py:188} INFO - [2024-06-12T18:32:08.946+0000] {dag.py:3823} INFO - Setting next_dagrun for example_skip_dag to 2024-06-11 00:00:00+00:00, run_after=2024-06-12 00:00:00+00:00
[2024-06-12T18:32:08.971+0000] {processor.py:183} INFO - Processing /home/airflow/.local/lib/python3.8/site-packages/airflow/example_dags/example_skip_dag.py took 0.086 seconds
[2024-06-12T18:32:39.498+0000] {processor.py:161} INFO - Started process (PID=710) to work on /home/airflow/.local/lib/python3.8/site-packages/airflow/example_dags/example_skip_dag.py
[2024-06-12T18:32:39.499+0000] {processor.py:830} INFO - Processing file /home/airflow/.local/lib/python3.8/site-packages/airflow/example_dags/example_skip_dag.py for tasks to queue
[2024-06-12T18:32:39.502+0000] {logging_mixin.py:188} INFO - [2024-06-12T18:32:39.501+0000] {dagbag.py:538} INFO - Filling up the DagBag from /home/airflow/.local/lib/python3.8/site-packages/airflow/example_dags/example_skip_dag.py
[2024-06-12T18:32:39.515+0000] {processor.py:840} INFO - DAG(s) 'example_skip_dag' retrieved from /home/airflow/.local/lib/python3.8/site-packages/airflow/example_dags/example_skip_dag.py
[2024-06-12T18:32:39.551+0000] {logging_mixin.py:188} INFO - [2024-06-12T18:32:39.551+0000] {dag.py:3036} INFO - Sync 1 DAGs
[2024-06-12T18:32:39.600+0000] {logging_mixin.py:188} INFO - [2024-06-12T18:32:39.599+0000] {dag.py:3823} INFO - Setting next_dagrun for example_skip_dag to 2024-06-11 00:00:00+00:00, run_after=2024-06-12 00:00:00+00:00
[2024-06-12T18:32:39.642+0000] {processor.py:183} INFO - Processing /home/airflow/.local/lib/python3.8/site-packages/airflow/example_dags/example_skip_dag.py took 0.149 seconds
[2024-06-12T18:33:10.265+0000] {processor.py:161} INFO - Started process (PID=768) to work on /home/airflow/.local/lib/python3.8/site-packages/airflow/example_dags/example_skip_dag.py
[2024-06-12T18:33:10.266+0000] {processor.py:830} INFO - Processing file /home/airflow/.local/lib/python3.8/site-packages/airflow/example_dags/example_skip_dag.py for tasks to queue
[2024-06-12T18:33:10.268+0000] {logging_mixin.py:188} INFO - [2024-06-12T18:33:10.268+0000] {dagbag.py:538} INFO - Filling up the DagBag from /home/airflow/.local/lib/python3.8/site-packages/airflow/example_dags/example_skip_dag.py
[2024-06-12T18:33:10.279+0000] {processor.py:840} INFO - DAG(s) 'example_skip_dag' retrieved from /home/airflow/.local/lib/python3.8/site-packages/airflow/example_dags/example_skip_dag.py
[2024-06-12T18:33:10.306+0000] {logging_mixin.py:188} INFO - [2024-06-12T18:33:10.305+0000] {dag.py:3036} INFO - Sync 1 DAGs
[2024-06-12T18:33:10.340+0000] {logging_mixin.py:188} INFO - [2024-06-12T18:33:10.340+0000] {dag.py:3823} INFO - Setting next_dagrun for example_skip_dag to 2024-06-11 00:00:00+00:00, run_after=2024-06-12 00:00:00+00:00
[2024-06-12T18:33:10.371+0000] {processor.py:183} INFO - Processing /home/airflow/.local/lib/python3.8/site-packages/airflow/example_dags/example_skip_dag.py took 0.111 seconds
[2024-06-12T18:33:41.161+0000] {processor.py:161} INFO - Started process (PID=826) to work on /home/airflow/.local/lib/python3.8/site-packages/airflow/example_dags/example_skip_dag.py
[2024-06-12T18:33:41.163+0000] {processor.py:830} INFO - Processing file /home/airflow/.local/lib/python3.8/site-packages/airflow/example_dags/example_skip_dag.py for tasks to queue
[2024-06-12T18:33:41.165+0000] {logging_mixin.py:188} INFO - [2024-06-12T18:33:41.164+0000] {dagbag.py:538} INFO - Filling up the DagBag from /home/airflow/.local/lib/python3.8/site-packages/airflow/example_dags/example_skip_dag.py
[2024-06-12T18:33:41.173+0000] {processor.py:840} INFO - DAG(s) 'example_skip_dag' retrieved from /home/airflow/.local/lib/python3.8/site-packages/airflow/example_dags/example_skip_dag.py
[2024-06-12T18:33:41.209+0000] {logging_mixin.py:188} INFO - [2024-06-12T18:33:41.208+0000] {dag.py:3036} INFO - Sync 1 DAGs
[2024-06-12T18:33:41.247+0000] {logging_mixin.py:188} INFO - [2024-06-12T18:33:41.247+0000] {dag.py:3823} INFO - Setting next_dagrun for example_skip_dag to 2024-06-11 00:00:00+00:00, run_after=2024-06-12 00:00:00+00:00
[2024-06-12T18:33:41.287+0000] {processor.py:183} INFO - Processing /home/airflow/.local/lib/python3.8/site-packages/airflow/example_dags/example_skip_dag.py took 0.129 seconds
[2024-06-12T18:34:11.813+0000] {processor.py:161} INFO - Started process (PID=889) to work on /home/airflow/.local/lib/python3.8/site-packages/airflow/example_dags/example_skip_dag.py
[2024-06-12T18:34:11.814+0000] {processor.py:830} INFO - Processing file /home/airflow/.local/lib/python3.8/site-packages/airflow/example_dags/example_skip_dag.py for tasks to queue
[2024-06-12T18:34:11.817+0000] {logging_mixin.py:188} INFO - [2024-06-12T18:34:11.816+0000] {dagbag.py:538} INFO - Filling up the DagBag from /home/airflow/.local/lib/python3.8/site-packages/airflow/example_dags/example_skip_dag.py
[2024-06-12T18:34:11.824+0000] {processor.py:840} INFO - DAG(s) 'example_skip_dag' retrieved from /home/airflow/.local/lib/python3.8/site-packages/airflow/example_dags/example_skip_dag.py
[2024-06-12T18:34:11.852+0000] {logging_mixin.py:188} INFO - [2024-06-12T18:34:11.852+0000] {dag.py:3036} INFO - Sync 1 DAGs
[2024-06-12T18:34:11.882+0000] {logging_mixin.py:188} INFO - [2024-06-12T18:34:11.882+0000] {dag.py:3823} INFO - Setting next_dagrun for example_skip_dag to 2024-06-11 00:00:00+00:00, run_after=2024-06-12 00:00:00+00:00
[2024-06-12T18:34:11.911+0000] {processor.py:183} INFO - Processing /home/airflow/.local/lib/python3.8/site-packages/airflow/example_dags/example_skip_dag.py took 0.103 seconds
[2024-06-12T18:34:42.732+0000] {processor.py:161} INFO - Started process (PID=946) to work on /home/airflow/.local/lib/python3.8/site-packages/airflow/example_dags/example_skip_dag.py
[2024-06-12T18:34:42.733+0000] {processor.py:830} INFO - Processing file /home/airflow/.local/lib/python3.8/site-packages/airflow/example_dags/example_skip_dag.py for tasks to queue
[2024-06-12T18:34:42.735+0000] {logging_mixin.py:188} INFO - [2024-06-12T18:34:42.735+0000] {dagbag.py:538} INFO - Filling up the DagBag from /home/airflow/.local/lib/python3.8/site-packages/airflow/example_dags/example_skip_dag.py
[2024-06-12T18:34:42.743+0000] {processor.py:840} INFO - DAG(s) 'example_skip_dag' retrieved from /home/airflow/.local/lib/python3.8/site-packages/airflow/example_dags/example_skip_dag.py
[2024-06-12T18:34:42.773+0000] {logging_mixin.py:188} INFO - [2024-06-12T18:34:42.773+0000] {dag.py:3036} INFO - Sync 1 DAGs
[2024-06-12T18:34:42.810+0000] {logging_mixin.py:188} INFO - [2024-06-12T18:34:42.810+0000] {dag.py:3823} INFO - Setting next_dagrun for example_skip_dag to 2024-06-11 00:00:00+00:00, run_after=2024-06-12 00:00:00+00:00
[2024-06-12T18:34:42.840+0000] {processor.py:183} INFO - Processing /home/airflow/.local/lib/python3.8/site-packages/airflow/example_dags/example_skip_dag.py took 0.111 seconds
[2024-06-12T18:35:12.909+0000] {processor.py:161} INFO - Started process (PID=1002) to work on /home/airflow/.local/lib/python3.8/site-packages/airflow/example_dags/example_skip_dag.py
[2024-06-12T18:35:12.910+0000] {processor.py:830} INFO - Processing file /home/airflow/.local/lib/python3.8/site-packages/airflow/example_dags/example_skip_dag.py for tasks to queue
[2024-06-12T18:35:12.912+0000] {logging_mixin.py:188} INFO - [2024-06-12T18:35:12.912+0000] {dagbag.py:538} INFO - Filling up the DagBag from /home/airflow/.local/lib/python3.8/site-packages/airflow/example_dags/example_skip_dag.py
[2024-06-12T18:35:12.920+0000] {processor.py:840} INFO - DAG(s) 'example_skip_dag' retrieved from /home/airflow/.local/lib/python3.8/site-packages/airflow/example_dags/example_skip_dag.py
[2024-06-12T18:35:12.948+0000] {logging_mixin.py:188} INFO - [2024-06-12T18:35:12.947+0000] {dag.py:3036} INFO - Sync 1 DAGs
[2024-06-12T18:35:12.978+0000] {logging_mixin.py:188} INFO - [2024-06-12T18:35:12.978+0000] {dag.py:3823} INFO - Setting next_dagrun for example_skip_dag to 2024-06-11 00:00:00+00:00, run_after=2024-06-12 00:00:00+00:00
[2024-06-12T18:35:13.009+0000] {processor.py:183} INFO - Processing /home/airflow/.local/lib/python3.8/site-packages/airflow/example_dags/example_skip_dag.py took 0.103 seconds
[2024-06-12T18:35:43.302+0000] {processor.py:161} INFO - Started process (PID=1058) to work on /home/airflow/.local/lib/python3.8/site-packages/airflow/example_dags/example_skip_dag.py
[2024-06-12T18:35:43.303+0000] {processor.py:830} INFO - Processing file /home/airflow/.local/lib/python3.8/site-packages/airflow/example_dags/example_skip_dag.py for tasks to queue
[2024-06-12T18:35:43.306+0000] {logging_mixin.py:188} INFO - [2024-06-12T18:35:43.305+0000] {dagbag.py:538} INFO - Filling up the DagBag from /home/airflow/.local/lib/python3.8/site-packages/airflow/example_dags/example_skip_dag.py
[2024-06-12T18:35:43.316+0000] {processor.py:840} INFO - DAG(s) 'example_skip_dag' retrieved from /home/airflow/.local/lib/python3.8/site-packages/airflow/example_dags/example_skip_dag.py
[2024-06-12T18:35:43.350+0000] {logging_mixin.py:188} INFO - [2024-06-12T18:35:43.350+0000] {dag.py:3036} INFO - Sync 1 DAGs
[2024-06-12T18:35:43.392+0000] {logging_mixin.py:188} INFO - [2024-06-12T18:35:43.391+0000] {dag.py:3823} INFO - Setting next_dagrun for example_skip_dag to 2024-06-11 00:00:00+00:00, run_after=2024-06-12 00:00:00+00:00
[2024-06-12T18:35:43.428+0000] {processor.py:183} INFO - Processing /home/airflow/.local/lib/python3.8/site-packages/airflow/example_dags/example_skip_dag.py took 0.140 seconds
