[2024-06-12T18:04:12.003+0000] {processor.py:161} INFO - Started process (PID=70) to work on /home/airflow/.local/lib/python3.8/site-packages/airflow/example_dags/example_branch_python_dop_operator_3.py
[2024-06-12T18:04:12.005+0000] {processor.py:830} INFO - Processing file /home/airflow/.local/lib/python3.8/site-packages/airflow/example_dags/example_branch_python_dop_operator_3.py for tasks to queue
[2024-06-12T18:04:12.008+0000] {logging_mixin.py:188} INFO - [2024-06-12T18:04:12.007+0000] {dagbag.py:538} INFO - Filling up the DagBag from /home/airflow/.local/lib/python3.8/site-packages/airflow/example_dags/example_branch_python_dop_operator_3.py
[2024-06-12T18:04:12.074+0000] {processor.py:840} INFO - DAG(s) 'example_branch_dop_operator_v3' retrieved from /home/airflow/.local/lib/python3.8/site-packages/airflow/example_dags/example_branch_python_dop_operator_3.py
[2024-06-12T18:04:12.176+0000] {logging_mixin.py:188} INFO - [2024-06-12T18:04:12.175+0000] {dag.py:3036} INFO - Sync 1 DAGs
[2024-06-12T18:04:12.315+0000] {logging_mixin.py:188} INFO - [2024-06-12T18:04:12.315+0000] {dag.py:3823} INFO - Setting next_dagrun for example_branch_dop_operator_v3 to 2024-06-12 18:03:00+00:00, run_after=2024-06-12 18:04:00+00:00
[2024-06-12T18:04:12.382+0000] {processor.py:183} INFO - Processing /home/airflow/.local/lib/python3.8/site-packages/airflow/example_dags/example_branch_python_dop_operator_3.py took 0.414 seconds
[2024-06-12T18:05:46.126+0000] {processor.py:161} INFO - Started process (PID=151) to work on /home/airflow/.local/lib/python3.8/site-packages/airflow/example_dags/example_branch_python_dop_operator_3.py
[2024-06-12T18:05:46.128+0000] {processor.py:830} INFO - Processing file /home/airflow/.local/lib/python3.8/site-packages/airflow/example_dags/example_branch_python_dop_operator_3.py for tasks to queue
[2024-06-12T18:05:46.133+0000] {logging_mixin.py:188} INFO - [2024-06-12T18:05:46.133+0000] {dagbag.py:538} INFO - Filling up the DagBag from /home/airflow/.local/lib/python3.8/site-packages/airflow/example_dags/example_branch_python_dop_operator_3.py
[2024-06-12T18:05:46.167+0000] {processor.py:840} INFO - DAG(s) 'example_branch_dop_operator_v3' retrieved from /home/airflow/.local/lib/python3.8/site-packages/airflow/example_dags/example_branch_python_dop_operator_3.py
[2024-06-12T18:05:46.219+0000] {logging_mixin.py:188} INFO - [2024-06-12T18:05:46.219+0000] {dag.py:3036} INFO - Sync 1 DAGs
[2024-06-12T18:05:46.324+0000] {logging_mixin.py:188} INFO - [2024-06-12T18:05:46.324+0000] {dag.py:3823} INFO - Setting next_dagrun for example_branch_dop_operator_v3 to 2024-06-12 18:04:00+00:00, run_after=2024-06-12 18:05:00+00:00
[2024-06-12T18:05:46.365+0000] {processor.py:183} INFO - Processing /home/airflow/.local/lib/python3.8/site-packages/airflow/example_dags/example_branch_python_dop_operator_3.py took 0.247 seconds
[2024-06-12T18:06:16.472+0000] {processor.py:161} INFO - Started process (PID=216) to work on /home/airflow/.local/lib/python3.8/site-packages/airflow/example_dags/example_branch_python_dop_operator_3.py
[2024-06-12T18:06:16.474+0000] {processor.py:830} INFO - Processing file /home/airflow/.local/lib/python3.8/site-packages/airflow/example_dags/example_branch_python_dop_operator_3.py for tasks to queue
[2024-06-12T18:06:16.475+0000] {logging_mixin.py:188} INFO - [2024-06-12T18:06:16.474+0000] {dagbag.py:538} INFO - Filling up the DagBag from /home/airflow/.local/lib/python3.8/site-packages/airflow/example_dags/example_branch_python_dop_operator_3.py
[2024-06-12T18:06:16.491+0000] {processor.py:840} INFO - DAG(s) 'example_branch_dop_operator_v3' retrieved from /home/airflow/.local/lib/python3.8/site-packages/airflow/example_dags/example_branch_python_dop_operator_3.py
[2024-06-12T18:06:16.512+0000] {logging_mixin.py:188} INFO - [2024-06-12T18:06:16.512+0000] {dag.py:3036} INFO - Sync 1 DAGs
[2024-06-12T18:06:16.570+0000] {logging_mixin.py:188} INFO - [2024-06-12T18:06:16.570+0000] {dag.py:3823} INFO - Setting next_dagrun for example_branch_dop_operator_v3 to 2024-06-12 18:05:00+00:00, run_after=2024-06-12 18:06:00+00:00
[2024-06-12T18:06:16.601+0000] {processor.py:183} INFO - Processing /home/airflow/.local/lib/python3.8/site-packages/airflow/example_dags/example_branch_python_dop_operator_3.py took 0.134 seconds
[2024-06-12T18:06:48.682+0000] {processor.py:161} INFO - Started process (PID=275) to work on /home/airflow/.local/lib/python3.8/site-packages/airflow/example_dags/example_branch_python_dop_operator_3.py
[2024-06-12T18:06:48.683+0000] {processor.py:830} INFO - Processing file /home/airflow/.local/lib/python3.8/site-packages/airflow/example_dags/example_branch_python_dop_operator_3.py for tasks to queue
[2024-06-12T18:06:48.684+0000] {logging_mixin.py:188} INFO - [2024-06-12T18:06:48.684+0000] {dagbag.py:538} INFO - Filling up the DagBag from /home/airflow/.local/lib/python3.8/site-packages/airflow/example_dags/example_branch_python_dop_operator_3.py
[2024-06-12T18:06:48.696+0000] {processor.py:840} INFO - DAG(s) 'example_branch_dop_operator_v3' retrieved from /home/airflow/.local/lib/python3.8/site-packages/airflow/example_dags/example_branch_python_dop_operator_3.py
[2024-06-12T18:06:48.861+0000] {logging_mixin.py:188} INFO - [2024-06-12T18:06:48.861+0000] {dag.py:3036} INFO - Sync 1 DAGs
[2024-06-12T18:06:48.900+0000] {logging_mixin.py:188} INFO - [2024-06-12T18:06:48.899+0000] {dag.py:3823} INFO - Setting next_dagrun for example_branch_dop_operator_v3 to 2024-06-12 18:05:00+00:00, run_after=2024-06-12 18:06:00+00:00
[2024-06-12T18:06:48.933+0000] {processor.py:183} INFO - Processing /home/airflow/.local/lib/python3.8/site-packages/airflow/example_dags/example_branch_python_dop_operator_3.py took 0.256 seconds
[2024-06-12T18:07:19.523+0000] {processor.py:161} INFO - Started process (PID=340) to work on /home/airflow/.local/lib/python3.8/site-packages/airflow/example_dags/example_branch_python_dop_operator_3.py
[2024-06-12T18:07:19.525+0000] {processor.py:830} INFO - Processing file /home/airflow/.local/lib/python3.8/site-packages/airflow/example_dags/example_branch_python_dop_operator_3.py for tasks to queue
[2024-06-12T18:07:19.526+0000] {logging_mixin.py:188} INFO - [2024-06-12T18:07:19.525+0000] {dagbag.py:538} INFO - Filling up the DagBag from /home/airflow/.local/lib/python3.8/site-packages/airflow/example_dags/example_branch_python_dop_operator_3.py
[2024-06-12T18:07:19.539+0000] {processor.py:840} INFO - DAG(s) 'example_branch_dop_operator_v3' retrieved from /home/airflow/.local/lib/python3.8/site-packages/airflow/example_dags/example_branch_python_dop_operator_3.py
[2024-06-12T18:07:19.567+0000] {logging_mixin.py:188} INFO - [2024-06-12T18:07:19.567+0000] {dag.py:3036} INFO - Sync 1 DAGs
[2024-06-12T18:07:19.614+0000] {logging_mixin.py:188} INFO - [2024-06-12T18:07:19.613+0000] {dag.py:3823} INFO - Setting next_dagrun for example_branch_dop_operator_v3 to 2024-06-12 18:06:00+00:00, run_after=2024-06-12 18:07:00+00:00
[2024-06-12T18:07:19.641+0000] {processor.py:183} INFO - Processing /home/airflow/.local/lib/python3.8/site-packages/airflow/example_dags/example_branch_python_dop_operator_3.py took 0.122 seconds
[2024-06-12T18:08:00.195+0000] {processor.py:161} INFO - Started process (PID=419) to work on /home/airflow/.local/lib/python3.8/site-packages/airflow/example_dags/example_branch_python_dop_operator_3.py
[2024-06-12T18:08:00.198+0000] {processor.py:830} INFO - Processing file /home/airflow/.local/lib/python3.8/site-packages/airflow/example_dags/example_branch_python_dop_operator_3.py for tasks to queue
[2024-06-12T18:08:00.200+0000] {logging_mixin.py:188} INFO - [2024-06-12T18:08:00.199+0000] {dagbag.py:538} INFO - Filling up the DagBag from /home/airflow/.local/lib/python3.8/site-packages/airflow/example_dags/example_branch_python_dop_operator_3.py
[2024-06-12T18:08:00.215+0000] {processor.py:840} INFO - DAG(s) 'example_branch_dop_operator_v3' retrieved from /home/airflow/.local/lib/python3.8/site-packages/airflow/example_dags/example_branch_python_dop_operator_3.py
[2024-06-12T18:08:00.272+0000] {logging_mixin.py:188} INFO - [2024-06-12T18:08:00.271+0000] {dag.py:3036} INFO - Sync 1 DAGs
[2024-06-12T18:08:00.387+0000] {logging_mixin.py:188} INFO - [2024-06-12T18:08:00.386+0000] {dag.py:3823} INFO - Setting next_dagrun for example_branch_dop_operator_v3 to 2024-06-12 18:07:00+00:00, run_after=2024-06-12 18:08:00+00:00
[2024-06-12T18:08:00.457+0000] {processor.py:183} INFO - Processing /home/airflow/.local/lib/python3.8/site-packages/airflow/example_dags/example_branch_python_dop_operator_3.py took 0.266 seconds
[2024-06-12T18:08:38.487+0000] {processor.py:161} INFO - Started process (PID=490) to work on /home/airflow/.local/lib/python3.8/site-packages/airflow/example_dags/example_branch_python_dop_operator_3.py
[2024-06-12T18:08:38.490+0000] {processor.py:830} INFO - Processing file /home/airflow/.local/lib/python3.8/site-packages/airflow/example_dags/example_branch_python_dop_operator_3.py for tasks to queue
[2024-06-12T18:08:38.493+0000] {logging_mixin.py:188} INFO - [2024-06-12T18:08:38.492+0000] {dagbag.py:538} INFO - Filling up the DagBag from /home/airflow/.local/lib/python3.8/site-packages/airflow/example_dags/example_branch_python_dop_operator_3.py
[2024-06-12T18:08:38.516+0000] {processor.py:840} INFO - DAG(s) 'example_branch_dop_operator_v3' retrieved from /home/airflow/.local/lib/python3.8/site-packages/airflow/example_dags/example_branch_python_dop_operator_3.py
[2024-06-12T18:08:38.574+0000] {logging_mixin.py:188} INFO - [2024-06-12T18:08:38.573+0000] {dag.py:3036} INFO - Sync 1 DAGs
[2024-06-12T18:08:38.631+0000] {logging_mixin.py:188} INFO - [2024-06-12T18:08:38.631+0000] {dag.py:3823} INFO - Setting next_dagrun for example_branch_dop_operator_v3 to 2024-06-12 18:07:00+00:00, run_after=2024-06-12 18:08:00+00:00
[2024-06-12T18:08:38.672+0000] {processor.py:183} INFO - Processing /home/airflow/.local/lib/python3.8/site-packages/airflow/example_dags/example_branch_python_dop_operator_3.py took 0.189 seconds
[2024-06-12T18:09:09.495+0000] {processor.py:161} INFO - Started process (PID=550) to work on /home/airflow/.local/lib/python3.8/site-packages/airflow/example_dags/example_branch_python_dop_operator_3.py
[2024-06-12T18:09:09.496+0000] {processor.py:830} INFO - Processing file /home/airflow/.local/lib/python3.8/site-packages/airflow/example_dags/example_branch_python_dop_operator_3.py for tasks to queue
[2024-06-12T18:09:09.497+0000] {logging_mixin.py:188} INFO - [2024-06-12T18:09:09.497+0000] {dagbag.py:538} INFO - Filling up the DagBag from /home/airflow/.local/lib/python3.8/site-packages/airflow/example_dags/example_branch_python_dop_operator_3.py
[2024-06-12T18:09:09.508+0000] {processor.py:840} INFO - DAG(s) 'example_branch_dop_operator_v3' retrieved from /home/airflow/.local/lib/python3.8/site-packages/airflow/example_dags/example_branch_python_dop_operator_3.py
[2024-06-12T18:09:09.522+0000] {logging_mixin.py:188} INFO - [2024-06-12T18:09:09.521+0000] {dag.py:3036} INFO - Sync 1 DAGs
[2024-06-12T18:09:09.556+0000] {logging_mixin.py:188} INFO - [2024-06-12T18:09:09.556+0000] {dag.py:3823} INFO - Setting next_dagrun for example_branch_dop_operator_v3 to 2024-06-12 18:08:00+00:00, run_after=2024-06-12 18:09:00+00:00
[2024-06-12T18:09:09.582+0000] {processor.py:183} INFO - Processing /home/airflow/.local/lib/python3.8/site-packages/airflow/example_dags/example_branch_python_dop_operator_3.py took 0.091 seconds
[2024-06-12T18:09:40.773+0000] {processor.py:161} INFO - Started process (PID=607) to work on /home/airflow/.local/lib/python3.8/site-packages/airflow/example_dags/example_branch_python_dop_operator_3.py
[2024-06-12T18:09:40.774+0000] {processor.py:830} INFO - Processing file /home/airflow/.local/lib/python3.8/site-packages/airflow/example_dags/example_branch_python_dop_operator_3.py for tasks to queue
[2024-06-12T18:09:40.775+0000] {logging_mixin.py:188} INFO - [2024-06-12T18:09:40.775+0000] {dagbag.py:538} INFO - Filling up the DagBag from /home/airflow/.local/lib/python3.8/site-packages/airflow/example_dags/example_branch_python_dop_operator_3.py
[2024-06-12T18:09:40.787+0000] {processor.py:840} INFO - DAG(s) 'example_branch_dop_operator_v3' retrieved from /home/airflow/.local/lib/python3.8/site-packages/airflow/example_dags/example_branch_python_dop_operator_3.py
[2024-06-12T18:09:40.913+0000] {logging_mixin.py:188} INFO - [2024-06-12T18:09:40.912+0000] {dag.py:3036} INFO - Sync 1 DAGs
[2024-06-12T18:09:40.945+0000] {logging_mixin.py:188} INFO - [2024-06-12T18:09:40.945+0000] {dag.py:3823} INFO - Setting next_dagrun for example_branch_dop_operator_v3 to 2024-06-12 18:08:00+00:00, run_after=2024-06-12 18:09:00+00:00
[2024-06-12T18:09:40.976+0000] {processor.py:183} INFO - Processing /home/airflow/.local/lib/python3.8/site-packages/airflow/example_dags/example_branch_python_dop_operator_3.py took 0.206 seconds
[2024-06-12T18:10:11.768+0000] {processor.py:161} INFO - Started process (PID=666) to work on /home/airflow/.local/lib/python3.8/site-packages/airflow/example_dags/example_branch_python_dop_operator_3.py
[2024-06-12T18:10:11.769+0000] {processor.py:830} INFO - Processing file /home/airflow/.local/lib/python3.8/site-packages/airflow/example_dags/example_branch_python_dop_operator_3.py for tasks to queue
[2024-06-12T18:10:11.770+0000] {logging_mixin.py:188} INFO - [2024-06-12T18:10:11.770+0000] {dagbag.py:538} INFO - Filling up the DagBag from /home/airflow/.local/lib/python3.8/site-packages/airflow/example_dags/example_branch_python_dop_operator_3.py
[2024-06-12T18:10:11.781+0000] {processor.py:840} INFO - DAG(s) 'example_branch_dop_operator_v3' retrieved from /home/airflow/.local/lib/python3.8/site-packages/airflow/example_dags/example_branch_python_dop_operator_3.py
[2024-06-12T18:10:11.803+0000] {logging_mixin.py:188} INFO - [2024-06-12T18:10:11.803+0000] {dag.py:3036} INFO - Sync 1 DAGs
[2024-06-12T18:10:11.836+0000] {logging_mixin.py:188} INFO - [2024-06-12T18:10:11.835+0000] {dag.py:3823} INFO - Setting next_dagrun for example_branch_dop_operator_v3 to 2024-06-12 18:09:00+00:00, run_after=2024-06-12 18:10:00+00:00
[2024-06-12T18:10:11.869+0000] {processor.py:183} INFO - Processing /home/airflow/.local/lib/python3.8/site-packages/airflow/example_dags/example_branch_python_dop_operator_3.py took 0.104 seconds
[2024-06-12T18:10:42.593+0000] {processor.py:161} INFO - Started process (PID=723) to work on /home/airflow/.local/lib/python3.8/site-packages/airflow/example_dags/example_branch_python_dop_operator_3.py
[2024-06-12T18:10:42.594+0000] {processor.py:830} INFO - Processing file /home/airflow/.local/lib/python3.8/site-packages/airflow/example_dags/example_branch_python_dop_operator_3.py for tasks to queue
[2024-06-12T18:10:42.595+0000] {logging_mixin.py:188} INFO - [2024-06-12T18:10:42.594+0000] {dagbag.py:538} INFO - Filling up the DagBag from /home/airflow/.local/lib/python3.8/site-packages/airflow/example_dags/example_branch_python_dop_operator_3.py
[2024-06-12T18:10:42.605+0000] {processor.py:840} INFO - DAG(s) 'example_branch_dop_operator_v3' retrieved from /home/airflow/.local/lib/python3.8/site-packages/airflow/example_dags/example_branch_python_dop_operator_3.py
[2024-06-12T18:10:42.627+0000] {logging_mixin.py:188} INFO - [2024-06-12T18:10:42.627+0000] {dag.py:3036} INFO - Sync 1 DAGs
[2024-06-12T18:10:42.663+0000] {logging_mixin.py:188} INFO - [2024-06-12T18:10:42.662+0000] {dag.py:3823} INFO - Setting next_dagrun for example_branch_dop_operator_v3 to 2024-06-12 18:09:00+00:00, run_after=2024-06-12 18:10:00+00:00
[2024-06-12T18:10:42.686+0000] {processor.py:183} INFO - Processing /home/airflow/.local/lib/python3.8/site-packages/airflow/example_dags/example_branch_python_dop_operator_3.py took 0.096 seconds
[2024-06-12T18:11:13.291+0000] {processor.py:161} INFO - Started process (PID=780) to work on /home/airflow/.local/lib/python3.8/site-packages/airflow/example_dags/example_branch_python_dop_operator_3.py
[2024-06-12T18:11:13.292+0000] {processor.py:830} INFO - Processing file /home/airflow/.local/lib/python3.8/site-packages/airflow/example_dags/example_branch_python_dop_operator_3.py for tasks to queue
[2024-06-12T18:11:13.293+0000] {logging_mixin.py:188} INFO - [2024-06-12T18:11:13.293+0000] {dagbag.py:538} INFO - Filling up the DagBag from /home/airflow/.local/lib/python3.8/site-packages/airflow/example_dags/example_branch_python_dop_operator_3.py
[2024-06-12T18:11:13.301+0000] {processor.py:840} INFO - DAG(s) 'example_branch_dop_operator_v3' retrieved from /home/airflow/.local/lib/python3.8/site-packages/airflow/example_dags/example_branch_python_dop_operator_3.py
[2024-06-12T18:11:13.322+0000] {logging_mixin.py:188} INFO - [2024-06-12T18:11:13.322+0000] {dag.py:3036} INFO - Sync 1 DAGs
[2024-06-12T18:11:13.350+0000] {logging_mixin.py:188} INFO - [2024-06-12T18:11:13.349+0000] {dag.py:3823} INFO - Setting next_dagrun for example_branch_dop_operator_v3 to 2024-06-12 18:10:00+00:00, run_after=2024-06-12 18:11:00+00:00
[2024-06-12T18:11:13.373+0000] {processor.py:183} INFO - Processing /home/airflow/.local/lib/python3.8/site-packages/airflow/example_dags/example_branch_python_dop_operator_3.py took 0.084 seconds
[2024-06-12T18:11:43.470+0000] {processor.py:161} INFO - Started process (PID=837) to work on /home/airflow/.local/lib/python3.8/site-packages/airflow/example_dags/example_branch_python_dop_operator_3.py
[2024-06-12T18:11:43.471+0000] {processor.py:830} INFO - Processing file /home/airflow/.local/lib/python3.8/site-packages/airflow/example_dags/example_branch_python_dop_operator_3.py for tasks to queue
[2024-06-12T18:11:43.473+0000] {logging_mixin.py:188} INFO - [2024-06-12T18:11:43.472+0000] {dagbag.py:538} INFO - Filling up the DagBag from /home/airflow/.local/lib/python3.8/site-packages/airflow/example_dags/example_branch_python_dop_operator_3.py
[2024-06-12T18:11:43.481+0000] {processor.py:840} INFO - DAG(s) 'example_branch_dop_operator_v3' retrieved from /home/airflow/.local/lib/python3.8/site-packages/airflow/example_dags/example_branch_python_dop_operator_3.py
[2024-06-12T18:11:43.505+0000] {logging_mixin.py:188} INFO - [2024-06-12T18:11:43.504+0000] {dag.py:3036} INFO - Sync 1 DAGs
[2024-06-12T18:11:43.535+0000] {logging_mixin.py:188} INFO - [2024-06-12T18:11:43.535+0000] {dag.py:3823} INFO - Setting next_dagrun for example_branch_dop_operator_v3 to 2024-06-12 18:10:00+00:00, run_after=2024-06-12 18:11:00+00:00
[2024-06-12T18:11:43.557+0000] {processor.py:183} INFO - Processing /home/airflow/.local/lib/python3.8/site-packages/airflow/example_dags/example_branch_python_dop_operator_3.py took 0.090 seconds
[2024-06-12T18:14:51.464+0000] {processor.py:161} INFO - Started process (PID=65) to work on /home/airflow/.local/lib/python3.8/site-packages/airflow/example_dags/example_branch_python_dop_operator_3.py
[2024-06-12T18:14:51.465+0000] {processor.py:830} INFO - Processing file /home/airflow/.local/lib/python3.8/site-packages/airflow/example_dags/example_branch_python_dop_operator_3.py for tasks to queue
[2024-06-12T18:14:51.468+0000] {logging_mixin.py:188} INFO - [2024-06-12T18:14:51.467+0000] {dagbag.py:538} INFO - Filling up the DagBag from /home/airflow/.local/lib/python3.8/site-packages/airflow/example_dags/example_branch_python_dop_operator_3.py
[2024-06-12T18:14:51.486+0000] {processor.py:840} INFO - DAG(s) 'example_branch_dop_operator_v3' retrieved from /home/airflow/.local/lib/python3.8/site-packages/airflow/example_dags/example_branch_python_dop_operator_3.py
[2024-06-12T18:14:51.517+0000] {logging_mixin.py:188} INFO - [2024-06-12T18:14:51.516+0000] {dag.py:3036} INFO - Sync 1 DAGs
[2024-06-12T18:14:51.569+0000] {logging_mixin.py:188} INFO - [2024-06-12T18:14:51.569+0000] {dag.py:3823} INFO - Setting next_dagrun for example_branch_dop_operator_v3 to 2024-06-12 18:13:00+00:00, run_after=2024-06-12 18:14:00+00:00
[2024-06-12T18:14:51.618+0000] {processor.py:183} INFO - Processing /home/airflow/.local/lib/python3.8/site-packages/airflow/example_dags/example_branch_python_dop_operator_3.py took 0.158 seconds
[2024-06-12T18:15:22.256+0000] {processor.py:161} INFO - Started process (PID=122) to work on /home/airflow/.local/lib/python3.8/site-packages/airflow/example_dags/example_branch_python_dop_operator_3.py
[2024-06-12T18:15:22.257+0000] {processor.py:830} INFO - Processing file /home/airflow/.local/lib/python3.8/site-packages/airflow/example_dags/example_branch_python_dop_operator_3.py for tasks to queue
[2024-06-12T18:15:22.259+0000] {logging_mixin.py:188} INFO - [2024-06-12T18:15:22.258+0000] {dagbag.py:538} INFO - Filling up the DagBag from /home/airflow/.local/lib/python3.8/site-packages/airflow/example_dags/example_branch_python_dop_operator_3.py
[2024-06-12T18:15:22.269+0000] {processor.py:840} INFO - DAG(s) 'example_branch_dop_operator_v3' retrieved from /home/airflow/.local/lib/python3.8/site-packages/airflow/example_dags/example_branch_python_dop_operator_3.py
[2024-06-12T18:15:22.282+0000] {logging_mixin.py:188} INFO - [2024-06-12T18:15:22.282+0000] {dag.py:3036} INFO - Sync 1 DAGs
[2024-06-12T18:15:22.316+0000] {logging_mixin.py:188} INFO - [2024-06-12T18:15:22.316+0000] {dag.py:3823} INFO - Setting next_dagrun for example_branch_dop_operator_v3 to 2024-06-12 18:14:00+00:00, run_after=2024-06-12 18:15:00+00:00
[2024-06-12T18:15:22.342+0000] {processor.py:183} INFO - Processing /home/airflow/.local/lib/python3.8/site-packages/airflow/example_dags/example_branch_python_dop_operator_3.py took 0.089 seconds
[2024-06-12T18:15:52.902+0000] {processor.py:161} INFO - Started process (PID=179) to work on /home/airflow/.local/lib/python3.8/site-packages/airflow/example_dags/example_branch_python_dop_operator_3.py
[2024-06-12T18:15:52.903+0000] {processor.py:830} INFO - Processing file /home/airflow/.local/lib/python3.8/site-packages/airflow/example_dags/example_branch_python_dop_operator_3.py for tasks to queue
[2024-06-12T18:15:52.905+0000] {logging_mixin.py:188} INFO - [2024-06-12T18:15:52.904+0000] {dagbag.py:538} INFO - Filling up the DagBag from /home/airflow/.local/lib/python3.8/site-packages/airflow/example_dags/example_branch_python_dop_operator_3.py
[2024-06-12T18:15:52.912+0000] {processor.py:840} INFO - DAG(s) 'example_branch_dop_operator_v3' retrieved from /home/airflow/.local/lib/python3.8/site-packages/airflow/example_dags/example_branch_python_dop_operator_3.py
[2024-06-12T18:15:53.047+0000] {logging_mixin.py:188} INFO - [2024-06-12T18:15:53.046+0000] {dag.py:3036} INFO - Sync 1 DAGs
[2024-06-12T18:15:53.079+0000] {logging_mixin.py:188} INFO - [2024-06-12T18:15:53.079+0000] {dag.py:3823} INFO - Setting next_dagrun for example_branch_dop_operator_v3 to 2024-06-12 18:14:00+00:00, run_after=2024-06-12 18:15:00+00:00
[2024-06-12T18:15:53.105+0000] {processor.py:183} INFO - Processing /home/airflow/.local/lib/python3.8/site-packages/airflow/example_dags/example_branch_python_dop_operator_3.py took 0.206 seconds
[2024-06-12T18:16:23.426+0000] {processor.py:161} INFO - Started process (PID=236) to work on /home/airflow/.local/lib/python3.8/site-packages/airflow/example_dags/example_branch_python_dop_operator_3.py
[2024-06-12T18:16:23.428+0000] {processor.py:830} INFO - Processing file /home/airflow/.local/lib/python3.8/site-packages/airflow/example_dags/example_branch_python_dop_operator_3.py for tasks to queue
[2024-06-12T18:16:23.432+0000] {logging_mixin.py:188} INFO - [2024-06-12T18:16:23.432+0000] {dagbag.py:538} INFO - Filling up the DagBag from /home/airflow/.local/lib/python3.8/site-packages/airflow/example_dags/example_branch_python_dop_operator_3.py
[2024-06-12T18:16:23.445+0000] {processor.py:840} INFO - DAG(s) 'example_branch_dop_operator_v3' retrieved from /home/airflow/.local/lib/python3.8/site-packages/airflow/example_dags/example_branch_python_dop_operator_3.py
[2024-06-12T18:16:23.459+0000] {logging_mixin.py:188} INFO - [2024-06-12T18:16:23.459+0000] {dag.py:3036} INFO - Sync 1 DAGs
[2024-06-12T18:16:23.500+0000] {logging_mixin.py:188} INFO - [2024-06-12T18:16:23.500+0000] {dag.py:3823} INFO - Setting next_dagrun for example_branch_dop_operator_v3 to 2024-06-12 18:15:00+00:00, run_after=2024-06-12 18:16:00+00:00
[2024-06-12T18:16:23.529+0000] {processor.py:183} INFO - Processing /home/airflow/.local/lib/python3.8/site-packages/airflow/example_dags/example_branch_python_dop_operator_3.py took 0.106 seconds
[2024-06-12T18:16:54.762+0000] {processor.py:161} INFO - Started process (PID=299) to work on /home/airflow/.local/lib/python3.8/site-packages/airflow/example_dags/example_branch_python_dop_operator_3.py
[2024-06-12T18:16:54.763+0000] {processor.py:830} INFO - Processing file /home/airflow/.local/lib/python3.8/site-packages/airflow/example_dags/example_branch_python_dop_operator_3.py for tasks to queue
[2024-06-12T18:16:54.765+0000] {logging_mixin.py:188} INFO - [2024-06-12T18:16:54.764+0000] {dagbag.py:538} INFO - Filling up the DagBag from /home/airflow/.local/lib/python3.8/site-packages/airflow/example_dags/example_branch_python_dop_operator_3.py
[2024-06-12T18:16:54.774+0000] {processor.py:840} INFO - DAG(s) 'example_branch_dop_operator_v3' retrieved from /home/airflow/.local/lib/python3.8/site-packages/airflow/example_dags/example_branch_python_dop_operator_3.py
[2024-06-12T18:16:54.897+0000] {logging_mixin.py:188} INFO - [2024-06-12T18:16:54.897+0000] {dag.py:3036} INFO - Sync 1 DAGs
[2024-06-12T18:16:54.928+0000] {logging_mixin.py:188} INFO - [2024-06-12T18:16:54.928+0000] {dag.py:3823} INFO - Setting next_dagrun for example_branch_dop_operator_v3 to 2024-06-12 18:15:00+00:00, run_after=2024-06-12 18:16:00+00:00
[2024-06-12T18:16:54.953+0000] {processor.py:183} INFO - Processing /home/airflow/.local/lib/python3.8/site-packages/airflow/example_dags/example_branch_python_dop_operator_3.py took 0.195 seconds
[2024-06-12T18:17:24.997+0000] {processor.py:161} INFO - Started process (PID=356) to work on /home/airflow/.local/lib/python3.8/site-packages/airflow/example_dags/example_branch_python_dop_operator_3.py
[2024-06-12T18:17:24.998+0000] {processor.py:830} INFO - Processing file /home/airflow/.local/lib/python3.8/site-packages/airflow/example_dags/example_branch_python_dop_operator_3.py for tasks to queue
[2024-06-12T18:17:25.000+0000] {logging_mixin.py:188} INFO - [2024-06-12T18:17:24.999+0000] {dagbag.py:538} INFO - Filling up the DagBag from /home/airflow/.local/lib/python3.8/site-packages/airflow/example_dags/example_branch_python_dop_operator_3.py
[2024-06-12T18:17:25.010+0000] {processor.py:840} INFO - DAG(s) 'example_branch_dop_operator_v3' retrieved from /home/airflow/.local/lib/python3.8/site-packages/airflow/example_dags/example_branch_python_dop_operator_3.py
[2024-06-12T18:17:25.033+0000] {logging_mixin.py:188} INFO - [2024-06-12T18:17:25.033+0000] {dag.py:3036} INFO - Sync 1 DAGs
[2024-06-12T18:17:25.079+0000] {logging_mixin.py:188} INFO - [2024-06-12T18:17:25.078+0000] {dag.py:3823} INFO - Setting next_dagrun for example_branch_dop_operator_v3 to 2024-06-12 18:16:00+00:00, run_after=2024-06-12 18:17:00+00:00
[2024-06-12T18:17:25.106+0000] {processor.py:183} INFO - Processing /home/airflow/.local/lib/python3.8/site-packages/airflow/example_dags/example_branch_python_dop_operator_3.py took 0.112 seconds
[2024-06-12T18:18:46.914+0000] {processor.py:161} INFO - Started process (PID=65) to work on /home/airflow/.local/lib/python3.8/site-packages/airflow/example_dags/example_branch_python_dop_operator_3.py
[2024-06-12T18:18:46.915+0000] {processor.py:830} INFO - Processing file /home/airflow/.local/lib/python3.8/site-packages/airflow/example_dags/example_branch_python_dop_operator_3.py for tasks to queue
[2024-06-12T18:18:46.917+0000] {logging_mixin.py:188} INFO - [2024-06-12T18:18:46.917+0000] {dagbag.py:538} INFO - Filling up the DagBag from /home/airflow/.local/lib/python3.8/site-packages/airflow/example_dags/example_branch_python_dop_operator_3.py
[2024-06-12T18:18:46.930+0000] {processor.py:840} INFO - DAG(s) 'example_branch_dop_operator_v3' retrieved from /home/airflow/.local/lib/python3.8/site-packages/airflow/example_dags/example_branch_python_dop_operator_3.py
[2024-06-12T18:18:46.943+0000] {logging_mixin.py:188} INFO - [2024-06-12T18:18:46.942+0000] {dag.py:3036} INFO - Sync 1 DAGs
[2024-06-12T18:18:46.972+0000] {logging_mixin.py:188} INFO - [2024-06-12T18:18:46.972+0000] {dag.py:3823} INFO - Setting next_dagrun for example_branch_dop_operator_v3 to 2024-06-12 18:17:00+00:00, run_after=2024-06-12 18:18:00+00:00
[2024-06-12T18:18:46.995+0000] {processor.py:183} INFO - Processing /home/airflow/.local/lib/python3.8/site-packages/airflow/example_dags/example_branch_python_dop_operator_3.py took 0.085 seconds
[2024-06-12T18:19:18.203+0000] {processor.py:161} INFO - Started process (PID=122) to work on /home/airflow/.local/lib/python3.8/site-packages/airflow/example_dags/example_branch_python_dop_operator_3.py
[2024-06-12T18:19:18.204+0000] {processor.py:830} INFO - Processing file /home/airflow/.local/lib/python3.8/site-packages/airflow/example_dags/example_branch_python_dop_operator_3.py for tasks to queue
[2024-06-12T18:19:18.207+0000] {logging_mixin.py:188} INFO - [2024-06-12T18:19:18.206+0000] {dagbag.py:538} INFO - Filling up the DagBag from /home/airflow/.local/lib/python3.8/site-packages/airflow/example_dags/example_branch_python_dop_operator_3.py
[2024-06-12T18:19:18.219+0000] {processor.py:840} INFO - DAG(s) 'example_branch_dop_operator_v3' retrieved from /home/airflow/.local/lib/python3.8/site-packages/airflow/example_dags/example_branch_python_dop_operator_3.py
[2024-06-12T18:19:18.236+0000] {logging_mixin.py:188} INFO - [2024-06-12T18:19:18.235+0000] {dag.py:3036} INFO - Sync 1 DAGs
[2024-06-12T18:19:18.285+0000] {logging_mixin.py:188} INFO - [2024-06-12T18:19:18.285+0000] {dag.py:3823} INFO - Setting next_dagrun for example_branch_dop_operator_v3 to 2024-06-12 18:18:00+00:00, run_after=2024-06-12 18:19:00+00:00
[2024-06-12T18:19:18.315+0000] {processor.py:183} INFO - Processing /home/airflow/.local/lib/python3.8/site-packages/airflow/example_dags/example_branch_python_dop_operator_3.py took 0.116 seconds
[2024-06-12T18:19:50.494+0000] {processor.py:161} INFO - Started process (PID=179) to work on /home/airflow/.local/lib/python3.8/site-packages/airflow/example_dags/example_branch_python_dop_operator_3.py
[2024-06-12T18:19:50.496+0000] {processor.py:830} INFO - Processing file /home/airflow/.local/lib/python3.8/site-packages/airflow/example_dags/example_branch_python_dop_operator_3.py for tasks to queue
[2024-06-12T18:19:50.498+0000] {logging_mixin.py:188} INFO - [2024-06-12T18:19:50.498+0000] {dagbag.py:538} INFO - Filling up the DagBag from /home/airflow/.local/lib/python3.8/site-packages/airflow/example_dags/example_branch_python_dop_operator_3.py
[2024-06-12T18:19:50.512+0000] {processor.py:840} INFO - DAG(s) 'example_branch_dop_operator_v3' retrieved from /home/airflow/.local/lib/python3.8/site-packages/airflow/example_dags/example_branch_python_dop_operator_3.py
[2024-06-12T18:19:50.655+0000] {logging_mixin.py:188} INFO - [2024-06-12T18:19:50.654+0000] {dag.py:3036} INFO - Sync 1 DAGs
[2024-06-12T18:19:50.688+0000] {logging_mixin.py:188} INFO - [2024-06-12T18:19:50.688+0000] {dag.py:3823} INFO - Setting next_dagrun for example_branch_dop_operator_v3 to 2024-06-12 18:18:00+00:00, run_after=2024-06-12 18:19:00+00:00
[2024-06-12T18:19:50.718+0000] {processor.py:183} INFO - Processing /home/airflow/.local/lib/python3.8/site-packages/airflow/example_dags/example_branch_python_dop_operator_3.py took 0.228 seconds
[2024-06-12T18:20:20.864+0000] {processor.py:161} INFO - Started process (PID=236) to work on /home/airflow/.local/lib/python3.8/site-packages/airflow/example_dags/example_branch_python_dop_operator_3.py
[2024-06-12T18:20:20.865+0000] {processor.py:830} INFO - Processing file /home/airflow/.local/lib/python3.8/site-packages/airflow/example_dags/example_branch_python_dop_operator_3.py for tasks to queue
[2024-06-12T18:20:20.867+0000] {logging_mixin.py:188} INFO - [2024-06-12T18:20:20.867+0000] {dagbag.py:538} INFO - Filling up the DagBag from /home/airflow/.local/lib/python3.8/site-packages/airflow/example_dags/example_branch_python_dop_operator_3.py
[2024-06-12T18:20:20.877+0000] {processor.py:840} INFO - DAG(s) 'example_branch_dop_operator_v3' retrieved from /home/airflow/.local/lib/python3.8/site-packages/airflow/example_dags/example_branch_python_dop_operator_3.py
[2024-06-12T18:20:20.903+0000] {logging_mixin.py:188} INFO - [2024-06-12T18:20:20.902+0000] {dag.py:3036} INFO - Sync 1 DAGs
[2024-06-12T18:20:20.943+0000] {logging_mixin.py:188} INFO - [2024-06-12T18:20:20.943+0000] {dag.py:3823} INFO - Setting next_dagrun for example_branch_dop_operator_v3 to 2024-06-12 18:19:00+00:00, run_after=2024-06-12 18:20:00+00:00
[2024-06-12T18:20:20.972+0000] {processor.py:183} INFO - Processing /home/airflow/.local/lib/python3.8/site-packages/airflow/example_dags/example_branch_python_dop_operator_3.py took 0.111 seconds
[2024-06-12T18:20:51.482+0000] {processor.py:161} INFO - Started process (PID=293) to work on /home/airflow/.local/lib/python3.8/site-packages/airflow/example_dags/example_branch_python_dop_operator_3.py
[2024-06-12T18:20:51.483+0000] {processor.py:830} INFO - Processing file /home/airflow/.local/lib/python3.8/site-packages/airflow/example_dags/example_branch_python_dop_operator_3.py for tasks to queue
[2024-06-12T18:20:51.485+0000] {logging_mixin.py:188} INFO - [2024-06-12T18:20:51.485+0000] {dagbag.py:538} INFO - Filling up the DagBag from /home/airflow/.local/lib/python3.8/site-packages/airflow/example_dags/example_branch_python_dop_operator_3.py
[2024-06-12T18:20:51.498+0000] {processor.py:840} INFO - DAG(s) 'example_branch_dop_operator_v3' retrieved from /home/airflow/.local/lib/python3.8/site-packages/airflow/example_dags/example_branch_python_dop_operator_3.py
[2024-06-12T18:20:51.523+0000] {logging_mixin.py:188} INFO - [2024-06-12T18:20:51.523+0000] {dag.py:3036} INFO - Sync 1 DAGs
[2024-06-12T18:20:51.558+0000] {logging_mixin.py:188} INFO - [2024-06-12T18:20:51.558+0000] {dag.py:3823} INFO - Setting next_dagrun for example_branch_dop_operator_v3 to 2024-06-12 18:19:00+00:00, run_after=2024-06-12 18:20:00+00:00
[2024-06-12T18:20:51.584+0000] {processor.py:183} INFO - Processing /home/airflow/.local/lib/python3.8/site-packages/airflow/example_dags/example_branch_python_dop_operator_3.py took 0.105 seconds
[2024-06-12T18:21:21.911+0000] {processor.py:161} INFO - Started process (PID=350) to work on /home/airflow/.local/lib/python3.8/site-packages/airflow/example_dags/example_branch_python_dop_operator_3.py
[2024-06-12T18:21:21.912+0000] {processor.py:830} INFO - Processing file /home/airflow/.local/lib/python3.8/site-packages/airflow/example_dags/example_branch_python_dop_operator_3.py for tasks to queue
[2024-06-12T18:21:21.915+0000] {logging_mixin.py:188} INFO - [2024-06-12T18:21:21.915+0000] {dagbag.py:538} INFO - Filling up the DagBag from /home/airflow/.local/lib/python3.8/site-packages/airflow/example_dags/example_branch_python_dop_operator_3.py
[2024-06-12T18:21:21.929+0000] {processor.py:840} INFO - DAG(s) 'example_branch_dop_operator_v3' retrieved from /home/airflow/.local/lib/python3.8/site-packages/airflow/example_dags/example_branch_python_dop_operator_3.py
[2024-06-12T18:21:21.954+0000] {logging_mixin.py:188} INFO - [2024-06-12T18:21:21.954+0000] {dag.py:3036} INFO - Sync 1 DAGs
[2024-06-12T18:21:21.991+0000] {logging_mixin.py:188} INFO - [2024-06-12T18:21:21.990+0000] {dag.py:3823} INFO - Setting next_dagrun for example_branch_dop_operator_v3 to 2024-06-12 18:20:00+00:00, run_after=2024-06-12 18:21:00+00:00
[2024-06-12T18:21:22.017+0000] {processor.py:183} INFO - Processing /home/airflow/.local/lib/python3.8/site-packages/airflow/example_dags/example_branch_python_dop_operator_3.py took 0.111 seconds
[2024-06-12T18:21:52.195+0000] {processor.py:161} INFO - Started process (PID=407) to work on /home/airflow/.local/lib/python3.8/site-packages/airflow/example_dags/example_branch_python_dop_operator_3.py
[2024-06-12T18:21:52.196+0000] {processor.py:830} INFO - Processing file /home/airflow/.local/lib/python3.8/site-packages/airflow/example_dags/example_branch_python_dop_operator_3.py for tasks to queue
[2024-06-12T18:21:52.198+0000] {logging_mixin.py:188} INFO - [2024-06-12T18:21:52.198+0000] {dagbag.py:538} INFO - Filling up the DagBag from /home/airflow/.local/lib/python3.8/site-packages/airflow/example_dags/example_branch_python_dop_operator_3.py
[2024-06-12T18:21:52.208+0000] {processor.py:840} INFO - DAG(s) 'example_branch_dop_operator_v3' retrieved from /home/airflow/.local/lib/python3.8/site-packages/airflow/example_dags/example_branch_python_dop_operator_3.py
[2024-06-12T18:21:52.231+0000] {logging_mixin.py:188} INFO - [2024-06-12T18:21:52.230+0000] {dag.py:3036} INFO - Sync 1 DAGs
[2024-06-12T18:21:52.265+0000] {logging_mixin.py:188} INFO - [2024-06-12T18:21:52.265+0000] {dag.py:3823} INFO - Setting next_dagrun for example_branch_dop_operator_v3 to 2024-06-12 18:20:00+00:00, run_after=2024-06-12 18:21:00+00:00
[2024-06-12T18:21:52.292+0000] {processor.py:183} INFO - Processing /home/airflow/.local/lib/python3.8/site-packages/airflow/example_dags/example_branch_python_dop_operator_3.py took 0.101 seconds
[2024-06-12T18:22:23.156+0000] {processor.py:161} INFO - Started process (PID=464) to work on /home/airflow/.local/lib/python3.8/site-packages/airflow/example_dags/example_branch_python_dop_operator_3.py
[2024-06-12T18:22:23.157+0000] {processor.py:830} INFO - Processing file /home/airflow/.local/lib/python3.8/site-packages/airflow/example_dags/example_branch_python_dop_operator_3.py for tasks to queue
[2024-06-12T18:22:23.160+0000] {logging_mixin.py:188} INFO - [2024-06-12T18:22:23.159+0000] {dagbag.py:538} INFO - Filling up the DagBag from /home/airflow/.local/lib/python3.8/site-packages/airflow/example_dags/example_branch_python_dop_operator_3.py
[2024-06-12T18:22:23.172+0000] {processor.py:840} INFO - DAG(s) 'example_branch_dop_operator_v3' retrieved from /home/airflow/.local/lib/python3.8/site-packages/airflow/example_dags/example_branch_python_dop_operator_3.py
[2024-06-12T18:22:23.199+0000] {logging_mixin.py:188} INFO - [2024-06-12T18:22:23.198+0000] {dag.py:3036} INFO - Sync 1 DAGs
[2024-06-12T18:22:23.240+0000] {logging_mixin.py:188} INFO - [2024-06-12T18:22:23.240+0000] {dag.py:3823} INFO - Setting next_dagrun for example_branch_dop_operator_v3 to 2024-06-12 18:21:00+00:00, run_after=2024-06-12 18:22:00+00:00
[2024-06-12T18:22:23.272+0000] {processor.py:183} INFO - Processing /home/airflow/.local/lib/python3.8/site-packages/airflow/example_dags/example_branch_python_dop_operator_3.py took 0.119 seconds
[2024-06-12T18:22:53.861+0000] {processor.py:161} INFO - Started process (PID=521) to work on /home/airflow/.local/lib/python3.8/site-packages/airflow/example_dags/example_branch_python_dop_operator_3.py
[2024-06-12T18:22:53.862+0000] {processor.py:830} INFO - Processing file /home/airflow/.local/lib/python3.8/site-packages/airflow/example_dags/example_branch_python_dop_operator_3.py for tasks to queue
[2024-06-12T18:22:53.865+0000] {logging_mixin.py:188} INFO - [2024-06-12T18:22:53.865+0000] {dagbag.py:538} INFO - Filling up the DagBag from /home/airflow/.local/lib/python3.8/site-packages/airflow/example_dags/example_branch_python_dop_operator_3.py
[2024-06-12T18:22:53.877+0000] {processor.py:840} INFO - DAG(s) 'example_branch_dop_operator_v3' retrieved from /home/airflow/.local/lib/python3.8/site-packages/airflow/example_dags/example_branch_python_dop_operator_3.py
[2024-06-12T18:22:53.903+0000] {logging_mixin.py:188} INFO - [2024-06-12T18:22:53.903+0000] {dag.py:3036} INFO - Sync 1 DAGs
[2024-06-12T18:22:53.939+0000] {logging_mixin.py:188} INFO - [2024-06-12T18:22:53.939+0000] {dag.py:3823} INFO - Setting next_dagrun for example_branch_dop_operator_v3 to 2024-06-12 18:21:00+00:00, run_after=2024-06-12 18:22:00+00:00
[2024-06-12T18:22:53.975+0000] {processor.py:183} INFO - Processing /home/airflow/.local/lib/python3.8/site-packages/airflow/example_dags/example_branch_python_dop_operator_3.py took 0.118 seconds
[2024-06-12T18:23:24.319+0000] {processor.py:161} INFO - Started process (PID=578) to work on /home/airflow/.local/lib/python3.8/site-packages/airflow/example_dags/example_branch_python_dop_operator_3.py
[2024-06-12T18:23:24.320+0000] {processor.py:830} INFO - Processing file /home/airflow/.local/lib/python3.8/site-packages/airflow/example_dags/example_branch_python_dop_operator_3.py for tasks to queue
[2024-06-12T18:23:24.322+0000] {logging_mixin.py:188} INFO - [2024-06-12T18:23:24.322+0000] {dagbag.py:538} INFO - Filling up the DagBag from /home/airflow/.local/lib/python3.8/site-packages/airflow/example_dags/example_branch_python_dop_operator_3.py
[2024-06-12T18:23:24.332+0000] {processor.py:840} INFO - DAG(s) 'example_branch_dop_operator_v3' retrieved from /home/airflow/.local/lib/python3.8/site-packages/airflow/example_dags/example_branch_python_dop_operator_3.py
[2024-06-12T18:23:24.358+0000] {logging_mixin.py:188} INFO - [2024-06-12T18:23:24.358+0000] {dag.py:3036} INFO - Sync 1 DAGs
[2024-06-12T18:23:24.391+0000] {logging_mixin.py:188} INFO - [2024-06-12T18:23:24.391+0000] {dag.py:3823} INFO - Setting next_dagrun for example_branch_dop_operator_v3 to 2024-06-12 18:22:00+00:00, run_after=2024-06-12 18:23:00+00:00
[2024-06-12T18:23:24.425+0000] {processor.py:183} INFO - Processing /home/airflow/.local/lib/python3.8/site-packages/airflow/example_dags/example_branch_python_dop_operator_3.py took 0.108 seconds
[2024-06-12T18:23:55.512+0000] {processor.py:161} INFO - Started process (PID=635) to work on /home/airflow/.local/lib/python3.8/site-packages/airflow/example_dags/example_branch_python_dop_operator_3.py
[2024-06-12T18:23:55.514+0000] {processor.py:830} INFO - Processing file /home/airflow/.local/lib/python3.8/site-packages/airflow/example_dags/example_branch_python_dop_operator_3.py for tasks to queue
[2024-06-12T18:23:55.517+0000] {logging_mixin.py:188} INFO - [2024-06-12T18:23:55.516+0000] {dagbag.py:538} INFO - Filling up the DagBag from /home/airflow/.local/lib/python3.8/site-packages/airflow/example_dags/example_branch_python_dop_operator_3.py
[2024-06-12T18:23:55.529+0000] {processor.py:840} INFO - DAG(s) 'example_branch_dop_operator_v3' retrieved from /home/airflow/.local/lib/python3.8/site-packages/airflow/example_dags/example_branch_python_dop_operator_3.py
[2024-06-12T18:23:55.560+0000] {logging_mixin.py:188} INFO - [2024-06-12T18:23:55.559+0000] {dag.py:3036} INFO - Sync 1 DAGs
[2024-06-12T18:23:55.607+0000] {logging_mixin.py:188} INFO - [2024-06-12T18:23:55.607+0000] {dag.py:3823} INFO - Setting next_dagrun for example_branch_dop_operator_v3 to 2024-06-12 18:22:00+00:00, run_after=2024-06-12 18:23:00+00:00
[2024-06-12T18:23:55.648+0000] {processor.py:183} INFO - Processing /home/airflow/.local/lib/python3.8/site-packages/airflow/example_dags/example_branch_python_dop_operator_3.py took 0.140 seconds
[2024-06-12T18:24:26.523+0000] {processor.py:161} INFO - Started process (PID=692) to work on /home/airflow/.local/lib/python3.8/site-packages/airflow/example_dags/example_branch_python_dop_operator_3.py
[2024-06-12T18:24:26.525+0000] {processor.py:830} INFO - Processing file /home/airflow/.local/lib/python3.8/site-packages/airflow/example_dags/example_branch_python_dop_operator_3.py for tasks to queue
[2024-06-12T18:24:26.527+0000] {logging_mixin.py:188} INFO - [2024-06-12T18:24:26.526+0000] {dagbag.py:538} INFO - Filling up the DagBag from /home/airflow/.local/lib/python3.8/site-packages/airflow/example_dags/example_branch_python_dop_operator_3.py
[2024-06-12T18:24:26.539+0000] {processor.py:840} INFO - DAG(s) 'example_branch_dop_operator_v3' retrieved from /home/airflow/.local/lib/python3.8/site-packages/airflow/example_dags/example_branch_python_dop_operator_3.py
[2024-06-12T18:24:26.556+0000] {logging_mixin.py:188} INFO - [2024-06-12T18:24:26.556+0000] {dag.py:3036} INFO - Sync 1 DAGs
[2024-06-12T18:24:26.603+0000] {logging_mixin.py:188} INFO - [2024-06-12T18:24:26.603+0000] {dag.py:3823} INFO - Setting next_dagrun for example_branch_dop_operator_v3 to 2024-06-12 18:23:00+00:00, run_after=2024-06-12 18:24:00+00:00
[2024-06-12T18:24:26.643+0000] {processor.py:183} INFO - Processing /home/airflow/.local/lib/python3.8/site-packages/airflow/example_dags/example_branch_python_dop_operator_3.py took 0.123 seconds
[2024-06-12T18:24:56.919+0000] {processor.py:161} INFO - Started process (PID=747) to work on /home/airflow/.local/lib/python3.8/site-packages/airflow/example_dags/example_branch_python_dop_operator_3.py
[2024-06-12T18:24:56.920+0000] {processor.py:830} INFO - Processing file /home/airflow/.local/lib/python3.8/site-packages/airflow/example_dags/example_branch_python_dop_operator_3.py for tasks to queue
[2024-06-12T18:24:56.922+0000] {logging_mixin.py:188} INFO - [2024-06-12T18:24:56.921+0000] {dagbag.py:538} INFO - Filling up the DagBag from /home/airflow/.local/lib/python3.8/site-packages/airflow/example_dags/example_branch_python_dop_operator_3.py
[2024-06-12T18:24:56.930+0000] {processor.py:840} INFO - DAG(s) 'example_branch_dop_operator_v3' retrieved from /home/airflow/.local/lib/python3.8/site-packages/airflow/example_dags/example_branch_python_dop_operator_3.py
[2024-06-12T18:24:57.048+0000] {logging_mixin.py:188} INFO - [2024-06-12T18:24:57.048+0000] {dag.py:3036} INFO - Sync 1 DAGs
[2024-06-12T18:24:57.079+0000] {logging_mixin.py:188} INFO - [2024-06-12T18:24:57.079+0000] {dag.py:3823} INFO - Setting next_dagrun for example_branch_dop_operator_v3 to 2024-06-12 18:23:00+00:00, run_after=2024-06-12 18:24:00+00:00
[2024-06-12T18:24:57.103+0000] {processor.py:183} INFO - Processing /home/airflow/.local/lib/python3.8/site-packages/airflow/example_dags/example_branch_python_dop_operator_3.py took 0.186 seconds
[2024-06-12T18:25:27.426+0000] {processor.py:161} INFO - Started process (PID=804) to work on /home/airflow/.local/lib/python3.8/site-packages/airflow/example_dags/example_branch_python_dop_operator_3.py
[2024-06-12T18:25:27.427+0000] {processor.py:830} INFO - Processing file /home/airflow/.local/lib/python3.8/site-packages/airflow/example_dags/example_branch_python_dop_operator_3.py for tasks to queue
[2024-06-12T18:25:27.429+0000] {logging_mixin.py:188} INFO - [2024-06-12T18:25:27.429+0000] {dagbag.py:538} INFO - Filling up the DagBag from /home/airflow/.local/lib/python3.8/site-packages/airflow/example_dags/example_branch_python_dop_operator_3.py
[2024-06-12T18:25:27.440+0000] {processor.py:840} INFO - DAG(s) 'example_branch_dop_operator_v3' retrieved from /home/airflow/.local/lib/python3.8/site-packages/airflow/example_dags/example_branch_python_dop_operator_3.py
[2024-06-12T18:25:27.468+0000] {logging_mixin.py:188} INFO - [2024-06-12T18:25:27.467+0000] {dag.py:3036} INFO - Sync 1 DAGs
[2024-06-12T18:25:27.508+0000] {logging_mixin.py:188} INFO - [2024-06-12T18:25:27.508+0000] {dag.py:3823} INFO - Setting next_dagrun for example_branch_dop_operator_v3 to 2024-06-12 18:24:00+00:00, run_after=2024-06-12 18:25:00+00:00
[2024-06-12T18:25:27.544+0000] {processor.py:183} INFO - Processing /home/airflow/.local/lib/python3.8/site-packages/airflow/example_dags/example_branch_python_dop_operator_3.py took 0.122 seconds
[2024-06-12T18:26:59.581+0000] {processor.py:161} INFO - Started process (PID=65) to work on /home/airflow/.local/lib/python3.8/site-packages/airflow/example_dags/example_branch_python_dop_operator_3.py
[2024-06-12T18:26:59.583+0000] {processor.py:830} INFO - Processing file /home/airflow/.local/lib/python3.8/site-packages/airflow/example_dags/example_branch_python_dop_operator_3.py for tasks to queue
[2024-06-12T18:26:59.586+0000] {logging_mixin.py:188} INFO - [2024-06-12T18:26:59.585+0000] {dagbag.py:538} INFO - Filling up the DagBag from /home/airflow/.local/lib/python3.8/site-packages/airflow/example_dags/example_branch_python_dop_operator_3.py
[2024-06-12T18:26:59.606+0000] {processor.py:840} INFO - DAG(s) 'example_branch_dop_operator_v3' retrieved from /home/airflow/.local/lib/python3.8/site-packages/airflow/example_dags/example_branch_python_dop_operator_3.py
[2024-06-12T18:26:59.647+0000] {logging_mixin.py:188} INFO - [2024-06-12T18:26:59.646+0000] {dag.py:3036} INFO - Sync 1 DAGs
[2024-06-12T18:26:59.693+0000] {logging_mixin.py:188} INFO - [2024-06-12T18:26:59.692+0000] {dag.py:3823} INFO - Setting next_dagrun for example_branch_dop_operator_v3 to 2024-06-12 18:25:00+00:00, run_after=2024-06-12 18:26:00+00:00
[2024-06-12T18:26:59.725+0000] {processor.py:183} INFO - Processing /home/airflow/.local/lib/python3.8/site-packages/airflow/example_dags/example_branch_python_dop_operator_3.py took 0.149 seconds
[2024-06-12T18:27:29.803+0000] {processor.py:161} INFO - Started process (PID=122) to work on /home/airflow/.local/lib/python3.8/site-packages/airflow/example_dags/example_branch_python_dop_operator_3.py
[2024-06-12T18:27:29.804+0000] {processor.py:830} INFO - Processing file /home/airflow/.local/lib/python3.8/site-packages/airflow/example_dags/example_branch_python_dop_operator_3.py for tasks to queue
[2024-06-12T18:27:29.807+0000] {logging_mixin.py:188} INFO - [2024-06-12T18:27:29.807+0000] {dagbag.py:538} INFO - Filling up the DagBag from /home/airflow/.local/lib/python3.8/site-packages/airflow/example_dags/example_branch_python_dop_operator_3.py
[2024-06-12T18:27:29.818+0000] {processor.py:840} INFO - DAG(s) 'example_branch_dop_operator_v3' retrieved from /home/airflow/.local/lib/python3.8/site-packages/airflow/example_dags/example_branch_python_dop_operator_3.py
[2024-06-12T18:27:29.835+0000] {logging_mixin.py:188} INFO - [2024-06-12T18:27:29.835+0000] {dag.py:3036} INFO - Sync 1 DAGs
[2024-06-12T18:27:29.882+0000] {logging_mixin.py:188} INFO - [2024-06-12T18:27:29.882+0000] {dag.py:3823} INFO - Setting next_dagrun for example_branch_dop_operator_v3 to 2024-06-12 18:26:00+00:00, run_after=2024-06-12 18:27:00+00:00
[2024-06-12T18:27:29.914+0000] {processor.py:183} INFO - Processing /home/airflow/.local/lib/python3.8/site-packages/airflow/example_dags/example_branch_python_dop_operator_3.py took 0.114 seconds
[2024-06-12T18:28:02.267+0000] {processor.py:161} INFO - Started process (PID=179) to work on /home/airflow/.local/lib/python3.8/site-packages/airflow/example_dags/example_branch_python_dop_operator_3.py
[2024-06-12T18:28:02.268+0000] {processor.py:830} INFO - Processing file /home/airflow/.local/lib/python3.8/site-packages/airflow/example_dags/example_branch_python_dop_operator_3.py for tasks to queue
[2024-06-12T18:28:02.271+0000] {logging_mixin.py:188} INFO - [2024-06-12T18:28:02.270+0000] {dagbag.py:538} INFO - Filling up the DagBag from /home/airflow/.local/lib/python3.8/site-packages/airflow/example_dags/example_branch_python_dop_operator_3.py
[2024-06-12T18:28:02.282+0000] {processor.py:840} INFO - DAG(s) 'example_branch_dop_operator_v3' retrieved from /home/airflow/.local/lib/python3.8/site-packages/airflow/example_dags/example_branch_python_dop_operator_3.py
[2024-06-12T18:28:02.507+0000] {logging_mixin.py:188} INFO - [2024-06-12T18:28:02.506+0000] {dag.py:3036} INFO - Sync 1 DAGs
[2024-06-12T18:28:02.545+0000] {logging_mixin.py:188} INFO - [2024-06-12T18:28:02.544+0000] {dag.py:3823} INFO - Setting next_dagrun for example_branch_dop_operator_v3 to 2024-06-12 18:27:00+00:00, run_after=2024-06-12 18:28:00+00:00
[2024-06-12T18:28:02.574+0000] {processor.py:183} INFO - Processing /home/airflow/.local/lib/python3.8/site-packages/airflow/example_dags/example_branch_python_dop_operator_3.py took 0.310 seconds
[2024-06-12T18:28:33.527+0000] {processor.py:161} INFO - Started process (PID=236) to work on /home/airflow/.local/lib/python3.8/site-packages/airflow/example_dags/example_branch_python_dop_operator_3.py
[2024-06-12T18:28:33.528+0000] {processor.py:830} INFO - Processing file /home/airflow/.local/lib/python3.8/site-packages/airflow/example_dags/example_branch_python_dop_operator_3.py for tasks to queue
[2024-06-12T18:28:33.532+0000] {logging_mixin.py:188} INFO - [2024-06-12T18:28:33.531+0000] {dagbag.py:538} INFO - Filling up the DagBag from /home/airflow/.local/lib/python3.8/site-packages/airflow/example_dags/example_branch_python_dop_operator_3.py
[2024-06-12T18:28:33.545+0000] {processor.py:840} INFO - DAG(s) 'example_branch_dop_operator_v3' retrieved from /home/airflow/.local/lib/python3.8/site-packages/airflow/example_dags/example_branch_python_dop_operator_3.py
[2024-06-12T18:28:33.570+0000] {logging_mixin.py:188} INFO - [2024-06-12T18:28:33.570+0000] {dag.py:3036} INFO - Sync 1 DAGs
[2024-06-12T18:28:33.605+0000] {logging_mixin.py:188} INFO - [2024-06-12T18:28:33.605+0000] {dag.py:3823} INFO - Setting next_dagrun for example_branch_dop_operator_v3 to 2024-06-12 18:27:00+00:00, run_after=2024-06-12 18:28:00+00:00
[2024-06-12T18:28:33.641+0000] {processor.py:183} INFO - Processing /home/airflow/.local/lib/python3.8/site-packages/airflow/example_dags/example_branch_python_dop_operator_3.py took 0.118 seconds
[2024-06-12T18:29:04.122+0000] {processor.py:161} INFO - Started process (PID=293) to work on /home/airflow/.local/lib/python3.8/site-packages/airflow/example_dags/example_branch_python_dop_operator_3.py
[2024-06-12T18:29:04.124+0000] {processor.py:830} INFO - Processing file /home/airflow/.local/lib/python3.8/site-packages/airflow/example_dags/example_branch_python_dop_operator_3.py for tasks to queue
[2024-06-12T18:29:04.130+0000] {logging_mixin.py:188} INFO - [2024-06-12T18:29:04.127+0000] {dagbag.py:538} INFO - Filling up the DagBag from /home/airflow/.local/lib/python3.8/site-packages/airflow/example_dags/example_branch_python_dop_operator_3.py
[2024-06-12T18:29:04.143+0000] {processor.py:840} INFO - DAG(s) 'example_branch_dop_operator_v3' retrieved from /home/airflow/.local/lib/python3.8/site-packages/airflow/example_dags/example_branch_python_dop_operator_3.py
[2024-06-12T18:29:04.166+0000] {logging_mixin.py:188} INFO - [2024-06-12T18:29:04.165+0000] {dag.py:3036} INFO - Sync 1 DAGs
[2024-06-12T18:29:04.197+0000] {logging_mixin.py:188} INFO - [2024-06-12T18:29:04.197+0000] {dag.py:3823} INFO - Setting next_dagrun for example_branch_dop_operator_v3 to 2024-06-12 18:28:00+00:00, run_after=2024-06-12 18:29:00+00:00
[2024-06-12T18:29:04.222+0000] {processor.py:183} INFO - Processing /home/airflow/.local/lib/python3.8/site-packages/airflow/example_dags/example_branch_python_dop_operator_3.py took 0.103 seconds
[2024-06-12T18:29:34.329+0000] {processor.py:161} INFO - Started process (PID=350) to work on /home/airflow/.local/lib/python3.8/site-packages/airflow/example_dags/example_branch_python_dop_operator_3.py
[2024-06-12T18:29:34.330+0000] {processor.py:830} INFO - Processing file /home/airflow/.local/lib/python3.8/site-packages/airflow/example_dags/example_branch_python_dop_operator_3.py for tasks to queue
[2024-06-12T18:29:34.333+0000] {logging_mixin.py:188} INFO - [2024-06-12T18:29:34.332+0000] {dagbag.py:538} INFO - Filling up the DagBag from /home/airflow/.local/lib/python3.8/site-packages/airflow/example_dags/example_branch_python_dop_operator_3.py
[2024-06-12T18:29:34.343+0000] {processor.py:840} INFO - DAG(s) 'example_branch_dop_operator_v3' retrieved from /home/airflow/.local/lib/python3.8/site-packages/airflow/example_dags/example_branch_python_dop_operator_3.py
[2024-06-12T18:29:34.364+0000] {logging_mixin.py:188} INFO - [2024-06-12T18:29:34.364+0000] {dag.py:3036} INFO - Sync 1 DAGs
[2024-06-12T18:29:34.398+0000] {logging_mixin.py:188} INFO - [2024-06-12T18:29:34.398+0000] {dag.py:3823} INFO - Setting next_dagrun for example_branch_dop_operator_v3 to 2024-06-12 18:28:00+00:00, run_after=2024-06-12 18:29:00+00:00
[2024-06-12T18:29:34.427+0000] {processor.py:183} INFO - Processing /home/airflow/.local/lib/python3.8/site-packages/airflow/example_dags/example_branch_python_dop_operator_3.py took 0.101 seconds
[2024-06-12T18:30:04.534+0000] {processor.py:161} INFO - Started process (PID=407) to work on /home/airflow/.local/lib/python3.8/site-packages/airflow/example_dags/example_branch_python_dop_operator_3.py
[2024-06-12T18:30:04.535+0000] {processor.py:830} INFO - Processing file /home/airflow/.local/lib/python3.8/site-packages/airflow/example_dags/example_branch_python_dop_operator_3.py for tasks to queue
[2024-06-12T18:30:04.537+0000] {logging_mixin.py:188} INFO - [2024-06-12T18:30:04.537+0000] {dagbag.py:538} INFO - Filling up the DagBag from /home/airflow/.local/lib/python3.8/site-packages/airflow/example_dags/example_branch_python_dop_operator_3.py
[2024-06-12T18:30:04.551+0000] {processor.py:840} INFO - DAG(s) 'example_branch_dop_operator_v3' retrieved from /home/airflow/.local/lib/python3.8/site-packages/airflow/example_dags/example_branch_python_dop_operator_3.py
[2024-06-12T18:30:04.583+0000] {logging_mixin.py:188} INFO - [2024-06-12T18:30:04.583+0000] {dag.py:3036} INFO - Sync 1 DAGs
[2024-06-12T18:30:04.639+0000] {logging_mixin.py:188} INFO - [2024-06-12T18:30:04.638+0000] {dag.py:3823} INFO - Setting next_dagrun for example_branch_dop_operator_v3 to 2024-06-12 18:29:00+00:00, run_after=2024-06-12 18:30:00+00:00
[2024-06-12T18:30:04.671+0000] {processor.py:183} INFO - Processing /home/airflow/.local/lib/python3.8/site-packages/airflow/example_dags/example_branch_python_dop_operator_3.py took 0.142 seconds
[2024-06-12T18:30:34.703+0000] {processor.py:161} INFO - Started process (PID=464) to work on /home/airflow/.local/lib/python3.8/site-packages/airflow/example_dags/example_branch_python_dop_operator_3.py
[2024-06-12T18:30:34.704+0000] {processor.py:830} INFO - Processing file /home/airflow/.local/lib/python3.8/site-packages/airflow/example_dags/example_branch_python_dop_operator_3.py for tasks to queue
[2024-06-12T18:30:34.706+0000] {logging_mixin.py:188} INFO - [2024-06-12T18:30:34.705+0000] {dagbag.py:538} INFO - Filling up the DagBag from /home/airflow/.local/lib/python3.8/site-packages/airflow/example_dags/example_branch_python_dop_operator_3.py
[2024-06-12T18:30:34.713+0000] {processor.py:840} INFO - DAG(s) 'example_branch_dop_operator_v3' retrieved from /home/airflow/.local/lib/python3.8/site-packages/airflow/example_dags/example_branch_python_dop_operator_3.py
[2024-06-12T18:30:34.733+0000] {logging_mixin.py:188} INFO - [2024-06-12T18:30:34.732+0000] {dag.py:3036} INFO - Sync 1 DAGs
[2024-06-12T18:30:34.771+0000] {logging_mixin.py:188} INFO - [2024-06-12T18:30:34.771+0000] {dag.py:3823} INFO - Setting next_dagrun for example_branch_dop_operator_v3 to 2024-06-12 18:29:00+00:00, run_after=2024-06-12 18:30:00+00:00
[2024-06-12T18:30:34.798+0000] {processor.py:183} INFO - Processing /home/airflow/.local/lib/python3.8/site-packages/airflow/example_dags/example_branch_python_dop_operator_3.py took 0.097 seconds
[2024-06-12T18:31:05.699+0000] {processor.py:161} INFO - Started process (PID=521) to work on /home/airflow/.local/lib/python3.8/site-packages/airflow/example_dags/example_branch_python_dop_operator_3.py
[2024-06-12T18:31:05.701+0000] {processor.py:830} INFO - Processing file /home/airflow/.local/lib/python3.8/site-packages/airflow/example_dags/example_branch_python_dop_operator_3.py for tasks to queue
[2024-06-12T18:31:05.703+0000] {logging_mixin.py:188} INFO - [2024-06-12T18:31:05.703+0000] {dagbag.py:538} INFO - Filling up the DagBag from /home/airflow/.local/lib/python3.8/site-packages/airflow/example_dags/example_branch_python_dop_operator_3.py
[2024-06-12T18:31:05.718+0000] {processor.py:840} INFO - DAG(s) 'example_branch_dop_operator_v3' retrieved from /home/airflow/.local/lib/python3.8/site-packages/airflow/example_dags/example_branch_python_dop_operator_3.py
[2024-06-12T18:31:05.747+0000] {logging_mixin.py:188} INFO - [2024-06-12T18:31:05.747+0000] {dag.py:3036} INFO - Sync 1 DAGs
[2024-06-12T18:31:05.788+0000] {logging_mixin.py:188} INFO - [2024-06-12T18:31:05.788+0000] {dag.py:3823} INFO - Setting next_dagrun for example_branch_dop_operator_v3 to 2024-06-12 18:30:00+00:00, run_after=2024-06-12 18:31:00+00:00
[2024-06-12T18:31:05.818+0000] {processor.py:183} INFO - Processing /home/airflow/.local/lib/python3.8/site-packages/airflow/example_dags/example_branch_python_dop_operator_3.py took 0.123 seconds
[2024-06-12T18:31:36.003+0000] {processor.py:161} INFO - Started process (PID=578) to work on /home/airflow/.local/lib/python3.8/site-packages/airflow/example_dags/example_branch_python_dop_operator_3.py
[2024-06-12T18:31:36.004+0000] {processor.py:830} INFO - Processing file /home/airflow/.local/lib/python3.8/site-packages/airflow/example_dags/example_branch_python_dop_operator_3.py for tasks to queue
[2024-06-12T18:31:36.006+0000] {logging_mixin.py:188} INFO - [2024-06-12T18:31:36.006+0000] {dagbag.py:538} INFO - Filling up the DagBag from /home/airflow/.local/lib/python3.8/site-packages/airflow/example_dags/example_branch_python_dop_operator_3.py
[2024-06-12T18:31:36.016+0000] {processor.py:840} INFO - DAG(s) 'example_branch_dop_operator_v3' retrieved from /home/airflow/.local/lib/python3.8/site-packages/airflow/example_dags/example_branch_python_dop_operator_3.py
[2024-06-12T18:31:36.041+0000] {logging_mixin.py:188} INFO - [2024-06-12T18:31:36.041+0000] {dag.py:3036} INFO - Sync 1 DAGs
[2024-06-12T18:31:36.078+0000] {logging_mixin.py:188} INFO - [2024-06-12T18:31:36.077+0000] {dag.py:3823} INFO - Setting next_dagrun for example_branch_dop_operator_v3 to 2024-06-12 18:30:00+00:00, run_after=2024-06-12 18:31:00+00:00
[2024-06-12T18:31:36.104+0000] {processor.py:183} INFO - Processing /home/airflow/.local/lib/python3.8/site-packages/airflow/example_dags/example_branch_python_dop_operator_3.py took 0.104 seconds
[2024-06-12T18:32:06.277+0000] {processor.py:161} INFO - Started process (PID=633) to work on /home/airflow/.local/lib/python3.8/site-packages/airflow/example_dags/example_branch_python_dop_operator_3.py
[2024-06-12T18:32:06.278+0000] {processor.py:830} INFO - Processing file /home/airflow/.local/lib/python3.8/site-packages/airflow/example_dags/example_branch_python_dop_operator_3.py for tasks to queue
[2024-06-12T18:32:06.280+0000] {logging_mixin.py:188} INFO - [2024-06-12T18:32:06.280+0000] {dagbag.py:538} INFO - Filling up the DagBag from /home/airflow/.local/lib/python3.8/site-packages/airflow/example_dags/example_branch_python_dop_operator_3.py
[2024-06-12T18:32:06.290+0000] {processor.py:840} INFO - DAG(s) 'example_branch_dop_operator_v3' retrieved from /home/airflow/.local/lib/python3.8/site-packages/airflow/example_dags/example_branch_python_dop_operator_3.py
[2024-06-12T18:32:06.312+0000] {logging_mixin.py:188} INFO - [2024-06-12T18:32:06.312+0000] {dag.py:3036} INFO - Sync 1 DAGs
[2024-06-12T18:32:06.344+0000] {logging_mixin.py:188} INFO - [2024-06-12T18:32:06.344+0000] {dag.py:3823} INFO - Setting next_dagrun for example_branch_dop_operator_v3 to 2024-06-12 18:31:00+00:00, run_after=2024-06-12 18:32:00+00:00
[2024-06-12T18:32:06.370+0000] {processor.py:183} INFO - Processing /home/airflow/.local/lib/python3.8/site-packages/airflow/example_dags/example_branch_python_dop_operator_3.py took 0.097 seconds
[2024-06-12T18:32:37.095+0000] {processor.py:161} INFO - Started process (PID=690) to work on /home/airflow/.local/lib/python3.8/site-packages/airflow/example_dags/example_branch_python_dop_operator_3.py
[2024-06-12T18:32:37.096+0000] {processor.py:830} INFO - Processing file /home/airflow/.local/lib/python3.8/site-packages/airflow/example_dags/example_branch_python_dop_operator_3.py for tasks to queue
[2024-06-12T18:32:37.098+0000] {logging_mixin.py:188} INFO - [2024-06-12T18:32:37.098+0000] {dagbag.py:538} INFO - Filling up the DagBag from /home/airflow/.local/lib/python3.8/site-packages/airflow/example_dags/example_branch_python_dop_operator_3.py
[2024-06-12T18:32:37.116+0000] {processor.py:840} INFO - DAG(s) 'example_branch_dop_operator_v3' retrieved from /home/airflow/.local/lib/python3.8/site-packages/airflow/example_dags/example_branch_python_dop_operator_3.py
[2024-06-12T18:32:37.148+0000] {logging_mixin.py:188} INFO - [2024-06-12T18:32:37.148+0000] {dag.py:3036} INFO - Sync 1 DAGs
[2024-06-12T18:32:37.200+0000] {logging_mixin.py:188} INFO - [2024-06-12T18:32:37.199+0000] {dag.py:3823} INFO - Setting next_dagrun for example_branch_dop_operator_v3 to 2024-06-12 18:31:00+00:00, run_after=2024-06-12 18:32:00+00:00
[2024-06-12T18:32:37.235+0000] {processor.py:183} INFO - Processing /home/airflow/.local/lib/python3.8/site-packages/airflow/example_dags/example_branch_python_dop_operator_3.py took 0.145 seconds
[2024-06-12T18:33:07.380+0000] {processor.py:161} INFO - Started process (PID=748) to work on /home/airflow/.local/lib/python3.8/site-packages/airflow/example_dags/example_branch_python_dop_operator_3.py
[2024-06-12T18:33:07.381+0000] {processor.py:830} INFO - Processing file /home/airflow/.local/lib/python3.8/site-packages/airflow/example_dags/example_branch_python_dop_operator_3.py for tasks to queue
[2024-06-12T18:33:07.383+0000] {logging_mixin.py:188} INFO - [2024-06-12T18:33:07.383+0000] {dagbag.py:538} INFO - Filling up the DagBag from /home/airflow/.local/lib/python3.8/site-packages/airflow/example_dags/example_branch_python_dop_operator_3.py
[2024-06-12T18:33:07.396+0000] {processor.py:840} INFO - DAG(s) 'example_branch_dop_operator_v3' retrieved from /home/airflow/.local/lib/python3.8/site-packages/airflow/example_dags/example_branch_python_dop_operator_3.py
[2024-06-12T18:33:07.423+0000] {logging_mixin.py:188} INFO - [2024-06-12T18:33:07.422+0000] {dag.py:3036} INFO - Sync 1 DAGs
[2024-06-12T18:33:07.460+0000] {logging_mixin.py:188} INFO - [2024-06-12T18:33:07.459+0000] {dag.py:3823} INFO - Setting next_dagrun for example_branch_dop_operator_v3 to 2024-06-12 18:32:00+00:00, run_after=2024-06-12 18:33:00+00:00
[2024-06-12T18:33:07.488+0000] {processor.py:183} INFO - Processing /home/airflow/.local/lib/python3.8/site-packages/airflow/example_dags/example_branch_python_dop_operator_3.py took 0.113 seconds
[2024-06-12T18:33:38.267+0000] {processor.py:161} INFO - Started process (PID=806) to work on /home/airflow/.local/lib/python3.8/site-packages/airflow/example_dags/example_branch_python_dop_operator_3.py
[2024-06-12T18:33:38.268+0000] {processor.py:830} INFO - Processing file /home/airflow/.local/lib/python3.8/site-packages/airflow/example_dags/example_branch_python_dop_operator_3.py for tasks to queue
[2024-06-12T18:33:38.271+0000] {logging_mixin.py:188} INFO - [2024-06-12T18:33:38.271+0000] {dagbag.py:538} INFO - Filling up the DagBag from /home/airflow/.local/lib/python3.8/site-packages/airflow/example_dags/example_branch_python_dop_operator_3.py
[2024-06-12T18:33:38.284+0000] {processor.py:840} INFO - DAG(s) 'example_branch_dop_operator_v3' retrieved from /home/airflow/.local/lib/python3.8/site-packages/airflow/example_dags/example_branch_python_dop_operator_3.py
[2024-06-12T18:33:38.312+0000] {logging_mixin.py:188} INFO - [2024-06-12T18:33:38.312+0000] {dag.py:3036} INFO - Sync 1 DAGs
[2024-06-12T18:33:38.362+0000] {logging_mixin.py:188} INFO - [2024-06-12T18:33:38.362+0000] {dag.py:3823} INFO - Setting next_dagrun for example_branch_dop_operator_v3 to 2024-06-12 18:32:00+00:00, run_after=2024-06-12 18:33:00+00:00
[2024-06-12T18:33:38.394+0000] {processor.py:183} INFO - Processing /home/airflow/.local/lib/python3.8/site-packages/airflow/example_dags/example_branch_python_dop_operator_3.py took 0.132 seconds
[2024-06-12T18:34:08.772+0000] {processor.py:161} INFO - Started process (PID=863) to work on /home/airflow/.local/lib/python3.8/site-packages/airflow/example_dags/example_branch_python_dop_operator_3.py
[2024-06-12T18:34:08.774+0000] {processor.py:830} INFO - Processing file /home/airflow/.local/lib/python3.8/site-packages/airflow/example_dags/example_branch_python_dop_operator_3.py for tasks to queue
[2024-06-12T18:34:08.777+0000] {logging_mixin.py:188} INFO - [2024-06-12T18:34:08.777+0000] {dagbag.py:538} INFO - Filling up the DagBag from /home/airflow/.local/lib/python3.8/site-packages/airflow/example_dags/example_branch_python_dop_operator_3.py
[2024-06-12T18:34:08.799+0000] {processor.py:840} INFO - DAG(s) 'example_branch_dop_operator_v3' retrieved from /home/airflow/.local/lib/python3.8/site-packages/airflow/example_dags/example_branch_python_dop_operator_3.py
[2024-06-12T18:34:08.844+0000] {logging_mixin.py:188} INFO - [2024-06-12T18:34:08.843+0000] {dag.py:3036} INFO - Sync 1 DAGs
[2024-06-12T18:34:08.898+0000] {logging_mixin.py:188} INFO - [2024-06-12T18:34:08.898+0000] {dag.py:3823} INFO - Setting next_dagrun for example_branch_dop_operator_v3 to 2024-06-12 18:33:00+00:00, run_after=2024-06-12 18:34:00+00:00
[2024-06-12T18:34:08.936+0000] {processor.py:183} INFO - Processing /home/airflow/.local/lib/python3.8/site-packages/airflow/example_dags/example_branch_python_dop_operator_3.py took 0.168 seconds
[2024-06-12T18:34:39.807+0000] {processor.py:161} INFO - Started process (PID=920) to work on /home/airflow/.local/lib/python3.8/site-packages/airflow/example_dags/example_branch_python_dop_operator_3.py
[2024-06-12T18:34:39.809+0000] {processor.py:830} INFO - Processing file /home/airflow/.local/lib/python3.8/site-packages/airflow/example_dags/example_branch_python_dop_operator_3.py for tasks to queue
[2024-06-12T18:34:39.811+0000] {logging_mixin.py:188} INFO - [2024-06-12T18:34:39.811+0000] {dagbag.py:538} INFO - Filling up the DagBag from /home/airflow/.local/lib/python3.8/site-packages/airflow/example_dags/example_branch_python_dop_operator_3.py
[2024-06-12T18:34:39.823+0000] {processor.py:840} INFO - DAG(s) 'example_branch_dop_operator_v3' retrieved from /home/airflow/.local/lib/python3.8/site-packages/airflow/example_dags/example_branch_python_dop_operator_3.py
[2024-06-12T18:34:39.856+0000] {logging_mixin.py:188} INFO - [2024-06-12T18:34:39.855+0000] {dag.py:3036} INFO - Sync 1 DAGs
[2024-06-12T18:34:39.892+0000] {logging_mixin.py:188} INFO - [2024-06-12T18:34:39.892+0000] {dag.py:3823} INFO - Setting next_dagrun for example_branch_dop_operator_v3 to 2024-06-12 18:33:00+00:00, run_after=2024-06-12 18:34:00+00:00
[2024-06-12T18:34:39.921+0000] {processor.py:183} INFO - Processing /home/airflow/.local/lib/python3.8/site-packages/airflow/example_dags/example_branch_python_dop_operator_3.py took 0.118 seconds
[2024-06-12T18:35:10.251+0000] {processor.py:161} INFO - Started process (PID=977) to work on /home/airflow/.local/lib/python3.8/site-packages/airflow/example_dags/example_branch_python_dop_operator_3.py
[2024-06-12T18:35:10.253+0000] {processor.py:830} INFO - Processing file /home/airflow/.local/lib/python3.8/site-packages/airflow/example_dags/example_branch_python_dop_operator_3.py for tasks to queue
[2024-06-12T18:35:10.255+0000] {logging_mixin.py:188} INFO - [2024-06-12T18:35:10.255+0000] {dagbag.py:538} INFO - Filling up the DagBag from /home/airflow/.local/lib/python3.8/site-packages/airflow/example_dags/example_branch_python_dop_operator_3.py
[2024-06-12T18:35:10.270+0000] {processor.py:840} INFO - DAG(s) 'example_branch_dop_operator_v3' retrieved from /home/airflow/.local/lib/python3.8/site-packages/airflow/example_dags/example_branch_python_dop_operator_3.py
[2024-06-12T18:35:10.303+0000] {logging_mixin.py:188} INFO - [2024-06-12T18:35:10.303+0000] {dag.py:3036} INFO - Sync 1 DAGs
[2024-06-12T18:35:10.353+0000] {logging_mixin.py:188} INFO - [2024-06-12T18:35:10.352+0000] {dag.py:3823} INFO - Setting next_dagrun for example_branch_dop_operator_v3 to 2024-06-12 18:34:00+00:00, run_after=2024-06-12 18:35:00+00:00
[2024-06-12T18:35:10.381+0000] {processor.py:183} INFO - Processing /home/airflow/.local/lib/python3.8/site-packages/airflow/example_dags/example_branch_python_dop_operator_3.py took 0.134 seconds
[2024-06-12T18:35:40.688+0000] {processor.py:161} INFO - Started process (PID=1034) to work on /home/airflow/.local/lib/python3.8/site-packages/airflow/example_dags/example_branch_python_dop_operator_3.py
[2024-06-12T18:35:40.690+0000] {processor.py:830} INFO - Processing file /home/airflow/.local/lib/python3.8/site-packages/airflow/example_dags/example_branch_python_dop_operator_3.py for tasks to queue
[2024-06-12T18:35:40.693+0000] {logging_mixin.py:188} INFO - [2024-06-12T18:35:40.692+0000] {dagbag.py:538} INFO - Filling up the DagBag from /home/airflow/.local/lib/python3.8/site-packages/airflow/example_dags/example_branch_python_dop_operator_3.py
[2024-06-12T18:35:40.704+0000] {processor.py:840} INFO - DAG(s) 'example_branch_dop_operator_v3' retrieved from /home/airflow/.local/lib/python3.8/site-packages/airflow/example_dags/example_branch_python_dop_operator_3.py
[2024-06-12T18:35:40.728+0000] {logging_mixin.py:188} INFO - [2024-06-12T18:35:40.727+0000] {dag.py:3036} INFO - Sync 1 DAGs
[2024-06-12T18:35:40.770+0000] {logging_mixin.py:188} INFO - [2024-06-12T18:35:40.769+0000] {dag.py:3823} INFO - Setting next_dagrun for example_branch_dop_operator_v3 to 2024-06-12 18:34:00+00:00, run_after=2024-06-12 18:35:00+00:00
[2024-06-12T18:35:40.799+0000] {processor.py:183} INFO - Processing /home/airflow/.local/lib/python3.8/site-packages/airflow/example_dags/example_branch_python_dop_operator_3.py took 0.115 seconds
