[2024-06-12T18:04:10.213+0000] {processor.py:161} INFO - Started process (PID=56) to work on /home/airflow/.local/lib/python3.8/site-packages/airflow/example_dags/example_local_kubernetes_executor.py
[2024-06-12T18:04:10.215+0000] {processor.py:830} INFO - Processing file /home/airflow/.local/lib/python3.8/site-packages/airflow/example_dags/example_local_kubernetes_executor.py for tasks to queue
[2024-06-12T18:04:10.219+0000] {logging_mixin.py:188} INFO - [2024-06-12T18:04:10.218+0000] {dagbag.py:538} INFO - Filling up the DagBag from /home/airflow/.local/lib/python3.8/site-packages/airflow/example_dags/example_local_kubernetes_executor.py
[2024-06-12T18:04:10.239+0000] {processor.py:840} INFO - DAG(s) 'example_local_kubernetes_executor' retrieved from /home/airflow/.local/lib/python3.8/site-packages/airflow/example_dags/example_local_kubernetes_executor.py
[2024-06-12T18:04:10.408+0000] {logging_mixin.py:188} INFO - [2024-06-12T18:04:10.408+0000] {dag.py:3036} INFO - Sync 1 DAGs
[2024-06-12T18:04:10.464+0000] {logging_mixin.py:188} INFO - [2024-06-12T18:04:10.464+0000] {dag.py:3823} INFO - Setting next_dagrun for example_local_kubernetes_executor to None, run_after=None
[2024-06-12T18:04:10.508+0000] {processor.py:183} INFO - Processing /home/airflow/.local/lib/python3.8/site-packages/airflow/example_dags/example_local_kubernetes_executor.py took 0.299 seconds
[2024-06-12T18:05:43.102+0000] {processor.py:161} INFO - Started process (PID=124) to work on /home/airflow/.local/lib/python3.8/site-packages/airflow/example_dags/example_local_kubernetes_executor.py
[2024-06-12T18:05:43.109+0000] {processor.py:830} INFO - Processing file /home/airflow/.local/lib/python3.8/site-packages/airflow/example_dags/example_local_kubernetes_executor.py for tasks to queue
[2024-06-12T18:05:43.113+0000] {logging_mixin.py:188} INFO - [2024-06-12T18:05:43.112+0000] {dagbag.py:538} INFO - Filling up the DagBag from /home/airflow/.local/lib/python3.8/site-packages/airflow/example_dags/example_local_kubernetes_executor.py
[2024-06-12T18:05:43.137+0000] {processor.py:840} INFO - DAG(s) 'example_local_kubernetes_executor' retrieved from /home/airflow/.local/lib/python3.8/site-packages/airflow/example_dags/example_local_kubernetes_executor.py
[2024-06-12T18:05:43.311+0000] {logging_mixin.py:188} INFO - [2024-06-12T18:05:43.311+0000] {dag.py:3036} INFO - Sync 1 DAGs
[2024-06-12T18:05:43.356+0000] {logging_mixin.py:188} INFO - [2024-06-12T18:05:43.356+0000] {dag.py:3823} INFO - Setting next_dagrun for example_local_kubernetes_executor to None, run_after=None
[2024-06-12T18:05:43.411+0000] {processor.py:183} INFO - Processing /home/airflow/.local/lib/python3.8/site-packages/airflow/example_dags/example_local_kubernetes_executor.py took 0.317 seconds
[2024-06-12T18:06:14.374+0000] {processor.py:161} INFO - Started process (PID=196) to work on /home/airflow/.local/lib/python3.8/site-packages/airflow/example_dags/example_local_kubernetes_executor.py
[2024-06-12T18:06:14.376+0000] {processor.py:830} INFO - Processing file /home/airflow/.local/lib/python3.8/site-packages/airflow/example_dags/example_local_kubernetes_executor.py for tasks to queue
[2024-06-12T18:06:14.377+0000] {logging_mixin.py:188} INFO - [2024-06-12T18:06:14.376+0000] {dagbag.py:538} INFO - Filling up the DagBag from /home/airflow/.local/lib/python3.8/site-packages/airflow/example_dags/example_local_kubernetes_executor.py
[2024-06-12T18:06:14.391+0000] {processor.py:840} INFO - DAG(s) 'example_local_kubernetes_executor' retrieved from /home/airflow/.local/lib/python3.8/site-packages/airflow/example_dags/example_local_kubernetes_executor.py
[2024-06-12T18:06:14.408+0000] {logging_mixin.py:188} INFO - [2024-06-12T18:06:14.407+0000] {dag.py:3036} INFO - Sync 1 DAGs
[2024-06-12T18:06:14.439+0000] {logging_mixin.py:188} INFO - [2024-06-12T18:06:14.438+0000] {dag.py:3823} INFO - Setting next_dagrun for example_local_kubernetes_executor to None, run_after=None
[2024-06-12T18:06:14.469+0000] {processor.py:183} INFO - Processing /home/airflow/.local/lib/python3.8/site-packages/airflow/example_dags/example_local_kubernetes_executor.py took 0.098 seconds
[2024-06-12T18:06:46.206+0000] {processor.py:161} INFO - Started process (PID=258) to work on /home/airflow/.local/lib/python3.8/site-packages/airflow/example_dags/example_local_kubernetes_executor.py
[2024-06-12T18:06:46.208+0000] {processor.py:830} INFO - Processing file /home/airflow/.local/lib/python3.8/site-packages/airflow/example_dags/example_local_kubernetes_executor.py for tasks to queue
[2024-06-12T18:06:46.209+0000] {logging_mixin.py:188} INFO - [2024-06-12T18:06:46.209+0000] {dagbag.py:538} INFO - Filling up the DagBag from /home/airflow/.local/lib/python3.8/site-packages/airflow/example_dags/example_local_kubernetes_executor.py
[2024-06-12T18:06:46.217+0000] {processor.py:840} INFO - DAG(s) 'example_local_kubernetes_executor' retrieved from /home/airflow/.local/lib/python3.8/site-packages/airflow/example_dags/example_local_kubernetes_executor.py
[2024-06-12T18:06:46.371+0000] {logging_mixin.py:188} INFO - [2024-06-12T18:06:46.371+0000] {dag.py:3036} INFO - Sync 1 DAGs
[2024-06-12T18:06:46.385+0000] {logging_mixin.py:188} INFO - [2024-06-12T18:06:46.385+0000] {dag.py:3823} INFO - Setting next_dagrun for example_local_kubernetes_executor to None, run_after=None
[2024-06-12T18:06:46.413+0000] {processor.py:183} INFO - Processing /home/airflow/.local/lib/python3.8/site-packages/airflow/example_dags/example_local_kubernetes_executor.py took 0.210 seconds
[2024-06-12T18:07:16.584+0000] {processor.py:161} INFO - Started process (PID=322) to work on /home/airflow/.local/lib/python3.8/site-packages/airflow/example_dags/example_local_kubernetes_executor.py
[2024-06-12T18:07:16.586+0000] {processor.py:830} INFO - Processing file /home/airflow/.local/lib/python3.8/site-packages/airflow/example_dags/example_local_kubernetes_executor.py for tasks to queue
[2024-06-12T18:07:16.587+0000] {logging_mixin.py:188} INFO - [2024-06-12T18:07:16.587+0000] {dagbag.py:538} INFO - Filling up the DagBag from /home/airflow/.local/lib/python3.8/site-packages/airflow/example_dags/example_local_kubernetes_executor.py
[2024-06-12T18:07:16.597+0000] {processor.py:840} INFO - DAG(s) 'example_local_kubernetes_executor' retrieved from /home/airflow/.local/lib/python3.8/site-packages/airflow/example_dags/example_local_kubernetes_executor.py
[2024-06-12T18:07:16.654+0000] {logging_mixin.py:188} INFO - [2024-06-12T18:07:16.653+0000] {dag.py:3036} INFO - Sync 1 DAGs
[2024-06-12T18:07:16.677+0000] {logging_mixin.py:188} INFO - [2024-06-12T18:07:16.677+0000] {dag.py:3823} INFO - Setting next_dagrun for example_local_kubernetes_executor to None, run_after=None
[2024-06-12T18:07:16.706+0000] {processor.py:183} INFO - Processing /home/airflow/.local/lib/python3.8/site-packages/airflow/example_dags/example_local_kubernetes_executor.py took 0.125 seconds
[2024-06-12T18:07:58.420+0000] {processor.py:161} INFO - Started process (PID=410) to work on /home/airflow/.local/lib/python3.8/site-packages/airflow/example_dags/example_local_kubernetes_executor.py
[2024-06-12T18:07:58.421+0000] {processor.py:830} INFO - Processing file /home/airflow/.local/lib/python3.8/site-packages/airflow/example_dags/example_local_kubernetes_executor.py for tasks to queue
[2024-06-12T18:07:58.424+0000] {logging_mixin.py:188} INFO - [2024-06-12T18:07:58.423+0000] {dagbag.py:538} INFO - Filling up the DagBag from /home/airflow/.local/lib/python3.8/site-packages/airflow/example_dags/example_local_kubernetes_executor.py
[2024-06-12T18:07:58.436+0000] {processor.py:840} INFO - DAG(s) 'example_local_kubernetes_executor' retrieved from /home/airflow/.local/lib/python3.8/site-packages/airflow/example_dags/example_local_kubernetes_executor.py
[2024-06-12T18:07:58.561+0000] {logging_mixin.py:188} INFO - [2024-06-12T18:07:58.561+0000] {dag.py:3036} INFO - Sync 1 DAGs
[2024-06-12T18:07:58.609+0000] {logging_mixin.py:188} INFO - [2024-06-12T18:07:58.608+0000] {dag.py:3823} INFO - Setting next_dagrun for example_local_kubernetes_executor to None, run_after=None
[2024-06-12T18:07:58.653+0000] {processor.py:183} INFO - Processing /home/airflow/.local/lib/python3.8/site-packages/airflow/example_dags/example_local_kubernetes_executor.py took 0.238 seconds
[2024-06-12T18:08:37.617+0000] {processor.py:161} INFO - Started process (PID=481) to work on /home/airflow/.local/lib/python3.8/site-packages/airflow/example_dags/example_local_kubernetes_executor.py
[2024-06-12T18:08:37.618+0000] {processor.py:830} INFO - Processing file /home/airflow/.local/lib/python3.8/site-packages/airflow/example_dags/example_local_kubernetes_executor.py for tasks to queue
[2024-06-12T18:08:37.621+0000] {logging_mixin.py:188} INFO - [2024-06-12T18:08:37.620+0000] {dagbag.py:538} INFO - Filling up the DagBag from /home/airflow/.local/lib/python3.8/site-packages/airflow/example_dags/example_local_kubernetes_executor.py
[2024-06-12T18:08:37.632+0000] {processor.py:840} INFO - DAG(s) 'example_local_kubernetes_executor' retrieved from /home/airflow/.local/lib/python3.8/site-packages/airflow/example_dags/example_local_kubernetes_executor.py
[2024-06-12T18:08:37.694+0000] {logging_mixin.py:188} INFO - [2024-06-12T18:08:37.694+0000] {dag.py:3036} INFO - Sync 1 DAGs
[2024-06-12T18:08:37.718+0000] {logging_mixin.py:188} INFO - [2024-06-12T18:08:37.718+0000] {dag.py:3823} INFO - Setting next_dagrun for example_local_kubernetes_executor to None, run_after=None
[2024-06-12T18:08:37.754+0000] {processor.py:183} INFO - Processing /home/airflow/.local/lib/python3.8/site-packages/airflow/example_dags/example_local_kubernetes_executor.py took 0.141 seconds
[2024-06-12T18:09:07.894+0000] {processor.py:161} INFO - Started process (PID=541) to work on /home/airflow/.local/lib/python3.8/site-packages/airflow/example_dags/example_local_kubernetes_executor.py
[2024-06-12T18:09:07.895+0000] {processor.py:830} INFO - Processing file /home/airflow/.local/lib/python3.8/site-packages/airflow/example_dags/example_local_kubernetes_executor.py for tasks to queue
[2024-06-12T18:09:07.896+0000] {logging_mixin.py:188} INFO - [2024-06-12T18:09:07.896+0000] {dagbag.py:538} INFO - Filling up the DagBag from /home/airflow/.local/lib/python3.8/site-packages/airflow/example_dags/example_local_kubernetes_executor.py
[2024-06-12T18:09:07.903+0000] {processor.py:840} INFO - DAG(s) 'example_local_kubernetes_executor' retrieved from /home/airflow/.local/lib/python3.8/site-packages/airflow/example_dags/example_local_kubernetes_executor.py
[2024-06-12T18:09:07.915+0000] {logging_mixin.py:188} INFO - [2024-06-12T18:09:07.915+0000] {dag.py:3036} INFO - Sync 1 DAGs
[2024-06-12T18:09:07.930+0000] {logging_mixin.py:188} INFO - [2024-06-12T18:09:07.930+0000] {dag.py:3823} INFO - Setting next_dagrun for example_local_kubernetes_executor to None, run_after=None
[2024-06-12T18:09:07.952+0000] {processor.py:183} INFO - Processing /home/airflow/.local/lib/python3.8/site-packages/airflow/example_dags/example_local_kubernetes_executor.py took 0.061 seconds
[2024-06-12T18:09:39.499+0000] {processor.py:161} INFO - Started process (PID=598) to work on /home/airflow/.local/lib/python3.8/site-packages/airflow/example_dags/example_local_kubernetes_executor.py
[2024-06-12T18:09:39.500+0000] {processor.py:830} INFO - Processing file /home/airflow/.local/lib/python3.8/site-packages/airflow/example_dags/example_local_kubernetes_executor.py for tasks to queue
[2024-06-12T18:09:39.501+0000] {logging_mixin.py:188} INFO - [2024-06-12T18:09:39.501+0000] {dagbag.py:538} INFO - Filling up the DagBag from /home/airflow/.local/lib/python3.8/site-packages/airflow/example_dags/example_local_kubernetes_executor.py
[2024-06-12T18:09:39.513+0000] {processor.py:840} INFO - DAG(s) 'example_local_kubernetes_executor' retrieved from /home/airflow/.local/lib/python3.8/site-packages/airflow/example_dags/example_local_kubernetes_executor.py
[2024-06-12T18:09:39.710+0000] {logging_mixin.py:188} INFO - [2024-06-12T18:09:39.709+0000] {dag.py:3036} INFO - Sync 1 DAGs
[2024-06-12T18:09:39.732+0000] {logging_mixin.py:188} INFO - [2024-06-12T18:09:39.732+0000] {dag.py:3823} INFO - Setting next_dagrun for example_local_kubernetes_executor to None, run_after=None
[2024-06-12T18:09:39.773+0000] {processor.py:183} INFO - Processing /home/airflow/.local/lib/python3.8/site-packages/airflow/example_dags/example_local_kubernetes_executor.py took 0.278 seconds
[2024-06-12T18:10:10.071+0000] {processor.py:161} INFO - Started process (PID=657) to work on /home/airflow/.local/lib/python3.8/site-packages/airflow/example_dags/example_local_kubernetes_executor.py
[2024-06-12T18:10:10.072+0000] {processor.py:830} INFO - Processing file /home/airflow/.local/lib/python3.8/site-packages/airflow/example_dags/example_local_kubernetes_executor.py for tasks to queue
[2024-06-12T18:10:10.073+0000] {logging_mixin.py:188} INFO - [2024-06-12T18:10:10.073+0000] {dagbag.py:538} INFO - Filling up the DagBag from /home/airflow/.local/lib/python3.8/site-packages/airflow/example_dags/example_local_kubernetes_executor.py
[2024-06-12T18:10:10.081+0000] {processor.py:840} INFO - DAG(s) 'example_local_kubernetes_executor' retrieved from /home/airflow/.local/lib/python3.8/site-packages/airflow/example_dags/example_local_kubernetes_executor.py
[2024-06-12T18:10:10.118+0000] {logging_mixin.py:188} INFO - [2024-06-12T18:10:10.118+0000] {dag.py:3036} INFO - Sync 1 DAGs
[2024-06-12T18:10:10.134+0000] {logging_mixin.py:188} INFO - [2024-06-12T18:10:10.133+0000] {dag.py:3823} INFO - Setting next_dagrun for example_local_kubernetes_executor to None, run_after=None
[2024-06-12T18:10:10.163+0000] {processor.py:183} INFO - Processing /home/airflow/.local/lib/python3.8/site-packages/airflow/example_dags/example_local_kubernetes_executor.py took 0.095 seconds
[2024-06-12T18:10:40.981+0000] {processor.py:161} INFO - Started process (PID=714) to work on /home/airflow/.local/lib/python3.8/site-packages/airflow/example_dags/example_local_kubernetes_executor.py
[2024-06-12T18:10:40.982+0000] {processor.py:830} INFO - Processing file /home/airflow/.local/lib/python3.8/site-packages/airflow/example_dags/example_local_kubernetes_executor.py for tasks to queue
[2024-06-12T18:10:40.984+0000] {logging_mixin.py:188} INFO - [2024-06-12T18:10:40.983+0000] {dagbag.py:538} INFO - Filling up the DagBag from /home/airflow/.local/lib/python3.8/site-packages/airflow/example_dags/example_local_kubernetes_executor.py
[2024-06-12T18:10:40.993+0000] {processor.py:840} INFO - DAG(s) 'example_local_kubernetes_executor' retrieved from /home/airflow/.local/lib/python3.8/site-packages/airflow/example_dags/example_local_kubernetes_executor.py
[2024-06-12T18:10:41.038+0000] {logging_mixin.py:188} INFO - [2024-06-12T18:10:41.038+0000] {dag.py:3036} INFO - Sync 1 DAGs
[2024-06-12T18:10:41.064+0000] {logging_mixin.py:188} INFO - [2024-06-12T18:10:41.063+0000] {dag.py:3823} INFO - Setting next_dagrun for example_local_kubernetes_executor to None, run_after=None
[2024-06-12T18:10:41.094+0000] {processor.py:183} INFO - Processing /home/airflow/.local/lib/python3.8/site-packages/airflow/example_dags/example_local_kubernetes_executor.py took 0.116 seconds
[2024-06-12T18:11:11.691+0000] {processor.py:161} INFO - Started process (PID=771) to work on /home/airflow/.local/lib/python3.8/site-packages/airflow/example_dags/example_local_kubernetes_executor.py
[2024-06-12T18:11:11.692+0000] {processor.py:830} INFO - Processing file /home/airflow/.local/lib/python3.8/site-packages/airflow/example_dags/example_local_kubernetes_executor.py for tasks to queue
[2024-06-12T18:11:11.693+0000] {logging_mixin.py:188} INFO - [2024-06-12T18:11:11.692+0000] {dagbag.py:538} INFO - Filling up the DagBag from /home/airflow/.local/lib/python3.8/site-packages/airflow/example_dags/example_local_kubernetes_executor.py
[2024-06-12T18:11:11.700+0000] {processor.py:840} INFO - DAG(s) 'example_local_kubernetes_executor' retrieved from /home/airflow/.local/lib/python3.8/site-packages/airflow/example_dags/example_local_kubernetes_executor.py
[2024-06-12T18:11:11.735+0000] {logging_mixin.py:188} INFO - [2024-06-12T18:11:11.735+0000] {dag.py:3036} INFO - Sync 1 DAGs
[2024-06-12T18:11:11.747+0000] {logging_mixin.py:188} INFO - [2024-06-12T18:11:11.747+0000] {dag.py:3823} INFO - Setting next_dagrun for example_local_kubernetes_executor to None, run_after=None
[2024-06-12T18:11:11.771+0000] {processor.py:183} INFO - Processing /home/airflow/.local/lib/python3.8/site-packages/airflow/example_dags/example_local_kubernetes_executor.py took 0.084 seconds
[2024-06-12T18:11:41.833+0000] {processor.py:161} INFO - Started process (PID=828) to work on /home/airflow/.local/lib/python3.8/site-packages/airflow/example_dags/example_local_kubernetes_executor.py
[2024-06-12T18:11:41.834+0000] {processor.py:830} INFO - Processing file /home/airflow/.local/lib/python3.8/site-packages/airflow/example_dags/example_local_kubernetes_executor.py for tasks to queue
[2024-06-12T18:11:41.835+0000] {logging_mixin.py:188} INFO - [2024-06-12T18:11:41.835+0000] {dagbag.py:538} INFO - Filling up the DagBag from /home/airflow/.local/lib/python3.8/site-packages/airflow/example_dags/example_local_kubernetes_executor.py
[2024-06-12T18:11:41.842+0000] {processor.py:840} INFO - DAG(s) 'example_local_kubernetes_executor' retrieved from /home/airflow/.local/lib/python3.8/site-packages/airflow/example_dags/example_local_kubernetes_executor.py
[2024-06-12T18:11:41.878+0000] {logging_mixin.py:188} INFO - [2024-06-12T18:11:41.878+0000] {dag.py:3036} INFO - Sync 1 DAGs
[2024-06-12T18:11:41.894+0000] {logging_mixin.py:188} INFO - [2024-06-12T18:11:41.893+0000] {dag.py:3823} INFO - Setting next_dagrun for example_local_kubernetes_executor to None, run_after=None
[2024-06-12T18:11:41.917+0000] {processor.py:183} INFO - Processing /home/airflow/.local/lib/python3.8/site-packages/airflow/example_dags/example_local_kubernetes_executor.py took 0.087 seconds
[2024-06-12T18:12:12.893+0000] {processor.py:161} INFO - Started process (PID=885) to work on /home/airflow/.local/lib/python3.8/site-packages/airflow/example_dags/example_local_kubernetes_executor.py
[2024-06-12T18:12:12.894+0000] {processor.py:830} INFO - Processing file /home/airflow/.local/lib/python3.8/site-packages/airflow/example_dags/example_local_kubernetes_executor.py for tasks to queue
[2024-06-12T18:12:12.895+0000] {logging_mixin.py:188} INFO - [2024-06-12T18:12:12.895+0000] {dagbag.py:538} INFO - Filling up the DagBag from /home/airflow/.local/lib/python3.8/site-packages/airflow/example_dags/example_local_kubernetes_executor.py
[2024-06-12T18:12:12.901+0000] {processor.py:840} INFO - DAG(s) 'example_local_kubernetes_executor' retrieved from /home/airflow/.local/lib/python3.8/site-packages/airflow/example_dags/example_local_kubernetes_executor.py
[2024-06-12T18:12:12.938+0000] {logging_mixin.py:188} INFO - [2024-06-12T18:12:12.938+0000] {dag.py:3036} INFO - Sync 1 DAGs
[2024-06-12T18:12:12.951+0000] {logging_mixin.py:188} INFO - [2024-06-12T18:12:12.951+0000] {dag.py:3823} INFO - Setting next_dagrun for example_local_kubernetes_executor to None, run_after=None
[2024-06-12T18:12:12.979+0000] {processor.py:183} INFO - Processing /home/airflow/.local/lib/python3.8/site-packages/airflow/example_dags/example_local_kubernetes_executor.py took 0.088 seconds
[2024-06-12T18:14:50.457+0000] {processor.py:161} INFO - Started process (PID=56) to work on /home/airflow/.local/lib/python3.8/site-packages/airflow/example_dags/example_local_kubernetes_executor.py
[2024-06-12T18:14:50.459+0000] {processor.py:830} INFO - Processing file /home/airflow/.local/lib/python3.8/site-packages/airflow/example_dags/example_local_kubernetes_executor.py for tasks to queue
[2024-06-12T18:14:50.461+0000] {logging_mixin.py:188} INFO - [2024-06-12T18:14:50.461+0000] {dagbag.py:538} INFO - Filling up the DagBag from /home/airflow/.local/lib/python3.8/site-packages/airflow/example_dags/example_local_kubernetes_executor.py
[2024-06-12T18:14:50.478+0000] {processor.py:840} INFO - DAG(s) 'example_local_kubernetes_executor' retrieved from /home/airflow/.local/lib/python3.8/site-packages/airflow/example_dags/example_local_kubernetes_executor.py
[2024-06-12T18:14:50.546+0000] {logging_mixin.py:188} INFO - [2024-06-12T18:14:50.545+0000] {dag.py:3036} INFO - Sync 1 DAGs
[2024-06-12T18:14:50.565+0000] {logging_mixin.py:188} INFO - [2024-06-12T18:14:50.565+0000] {dag.py:3823} INFO - Setting next_dagrun for example_local_kubernetes_executor to None, run_after=None
[2024-06-12T18:14:50.604+0000] {processor.py:183} INFO - Processing /home/airflow/.local/lib/python3.8/site-packages/airflow/example_dags/example_local_kubernetes_executor.py took 0.152 seconds
[2024-06-12T18:15:20.710+0000] {processor.py:161} INFO - Started process (PID=113) to work on /home/airflow/.local/lib/python3.8/site-packages/airflow/example_dags/example_local_kubernetes_executor.py
[2024-06-12T18:15:20.712+0000] {processor.py:830} INFO - Processing file /home/airflow/.local/lib/python3.8/site-packages/airflow/example_dags/example_local_kubernetes_executor.py for tasks to queue
[2024-06-12T18:15:20.714+0000] {logging_mixin.py:188} INFO - [2024-06-12T18:15:20.713+0000] {dagbag.py:538} INFO - Filling up the DagBag from /home/airflow/.local/lib/python3.8/site-packages/airflow/example_dags/example_local_kubernetes_executor.py
[2024-06-12T18:15:20.720+0000] {processor.py:840} INFO - DAG(s) 'example_local_kubernetes_executor' retrieved from /home/airflow/.local/lib/python3.8/site-packages/airflow/example_dags/example_local_kubernetes_executor.py
[2024-06-12T18:15:20.733+0000] {logging_mixin.py:188} INFO - [2024-06-12T18:15:20.733+0000] {dag.py:3036} INFO - Sync 1 DAGs
[2024-06-12T18:15:20.747+0000] {logging_mixin.py:188} INFO - [2024-06-12T18:15:20.746+0000] {dag.py:3823} INFO - Setting next_dagrun for example_local_kubernetes_executor to None, run_after=None
[2024-06-12T18:15:20.772+0000] {processor.py:183} INFO - Processing /home/airflow/.local/lib/python3.8/site-packages/airflow/example_dags/example_local_kubernetes_executor.py took 0.066 seconds
[2024-06-12T18:15:51.849+0000] {processor.py:161} INFO - Started process (PID=170) to work on /home/airflow/.local/lib/python3.8/site-packages/airflow/example_dags/example_local_kubernetes_executor.py
[2024-06-12T18:15:51.850+0000] {processor.py:830} INFO - Processing file /home/airflow/.local/lib/python3.8/site-packages/airflow/example_dags/example_local_kubernetes_executor.py for tasks to queue
[2024-06-12T18:15:51.852+0000] {logging_mixin.py:188} INFO - [2024-06-12T18:15:51.851+0000] {dagbag.py:538} INFO - Filling up the DagBag from /home/airflow/.local/lib/python3.8/site-packages/airflow/example_dags/example_local_kubernetes_executor.py
[2024-06-12T18:15:51.859+0000] {processor.py:840} INFO - DAG(s) 'example_local_kubernetes_executor' retrieved from /home/airflow/.local/lib/python3.8/site-packages/airflow/example_dags/example_local_kubernetes_executor.py
[2024-06-12T18:15:52.022+0000] {logging_mixin.py:188} INFO - [2024-06-12T18:15:52.021+0000] {dag.py:3036} INFO - Sync 1 DAGs
[2024-06-12T18:15:52.033+0000] {logging_mixin.py:188} INFO - [2024-06-12T18:15:52.033+0000] {dag.py:3823} INFO - Setting next_dagrun for example_local_kubernetes_executor to None, run_after=None
[2024-06-12T18:15:52.056+0000] {processor.py:183} INFO - Processing /home/airflow/.local/lib/python3.8/site-packages/airflow/example_dags/example_local_kubernetes_executor.py took 0.210 seconds
[2024-06-12T18:16:22.803+0000] {processor.py:161} INFO - Started process (PID=227) to work on /home/airflow/.local/lib/python3.8/site-packages/airflow/example_dags/example_local_kubernetes_executor.py
[2024-06-12T18:16:22.806+0000] {processor.py:830} INFO - Processing file /home/airflow/.local/lib/python3.8/site-packages/airflow/example_dags/example_local_kubernetes_executor.py for tasks to queue
[2024-06-12T18:16:22.809+0000] {logging_mixin.py:188} INFO - [2024-06-12T18:16:22.809+0000] {dagbag.py:538} INFO - Filling up the DagBag from /home/airflow/.local/lib/python3.8/site-packages/airflow/example_dags/example_local_kubernetes_executor.py
[2024-06-12T18:16:22.820+0000] {processor.py:840} INFO - DAG(s) 'example_local_kubernetes_executor' retrieved from /home/airflow/.local/lib/python3.8/site-packages/airflow/example_dags/example_local_kubernetes_executor.py
[2024-06-12T18:16:22.835+0000] {logging_mixin.py:188} INFO - [2024-06-12T18:16:22.835+0000] {dag.py:3036} INFO - Sync 1 DAGs
[2024-06-12T18:16:22.855+0000] {logging_mixin.py:188} INFO - [2024-06-12T18:16:22.855+0000] {dag.py:3823} INFO - Setting next_dagrun for example_local_kubernetes_executor to None, run_after=None
[2024-06-12T18:16:22.891+0000] {processor.py:183} INFO - Processing /home/airflow/.local/lib/python3.8/site-packages/airflow/example_dags/example_local_kubernetes_executor.py took 0.091 seconds
[2024-06-12T18:16:53.803+0000] {processor.py:161} INFO - Started process (PID=284) to work on /home/airflow/.local/lib/python3.8/site-packages/airflow/example_dags/example_local_kubernetes_executor.py
[2024-06-12T18:16:53.804+0000] {processor.py:830} INFO - Processing file /home/airflow/.local/lib/python3.8/site-packages/airflow/example_dags/example_local_kubernetes_executor.py for tasks to queue
[2024-06-12T18:16:53.807+0000] {logging_mixin.py:188} INFO - [2024-06-12T18:16:53.806+0000] {dagbag.py:538} INFO - Filling up the DagBag from /home/airflow/.local/lib/python3.8/site-packages/airflow/example_dags/example_local_kubernetes_executor.py
[2024-06-12T18:16:53.815+0000] {processor.py:840} INFO - DAG(s) 'example_local_kubernetes_executor' retrieved from /home/airflow/.local/lib/python3.8/site-packages/airflow/example_dags/example_local_kubernetes_executor.py
[2024-06-12T18:16:53.950+0000] {logging_mixin.py:188} INFO - [2024-06-12T18:16:53.950+0000] {dag.py:3036} INFO - Sync 1 DAGs
[2024-06-12T18:16:53.965+0000] {logging_mixin.py:188} INFO - [2024-06-12T18:16:53.965+0000] {dag.py:3823} INFO - Setting next_dagrun for example_local_kubernetes_executor to None, run_after=None
[2024-06-12T18:16:53.991+0000] {processor.py:183} INFO - Processing /home/airflow/.local/lib/python3.8/site-packages/airflow/example_dags/example_local_kubernetes_executor.py took 0.192 seconds
[2024-06-12T18:17:24.357+0000] {processor.py:161} INFO - Started process (PID=347) to work on /home/airflow/.local/lib/python3.8/site-packages/airflow/example_dags/example_local_kubernetes_executor.py
[2024-06-12T18:17:24.357+0000] {processor.py:830} INFO - Processing file /home/airflow/.local/lib/python3.8/site-packages/airflow/example_dags/example_local_kubernetes_executor.py for tasks to queue
[2024-06-12T18:17:24.359+0000] {logging_mixin.py:188} INFO - [2024-06-12T18:17:24.358+0000] {dagbag.py:538} INFO - Filling up the DagBag from /home/airflow/.local/lib/python3.8/site-packages/airflow/example_dags/example_local_kubernetes_executor.py
[2024-06-12T18:17:24.364+0000] {processor.py:840} INFO - DAG(s) 'example_local_kubernetes_executor' retrieved from /home/airflow/.local/lib/python3.8/site-packages/airflow/example_dags/example_local_kubernetes_executor.py
[2024-06-12T18:17:24.394+0000] {logging_mixin.py:188} INFO - [2024-06-12T18:17:24.394+0000] {dag.py:3036} INFO - Sync 1 DAGs
[2024-06-12T18:17:24.407+0000] {logging_mixin.py:188} INFO - [2024-06-12T18:17:24.407+0000] {dag.py:3823} INFO - Setting next_dagrun for example_local_kubernetes_executor to None, run_after=None
[2024-06-12T18:17:24.430+0000] {processor.py:183} INFO - Processing /home/airflow/.local/lib/python3.8/site-packages/airflow/example_dags/example_local_kubernetes_executor.py took 0.076 seconds
[2024-06-12T18:18:46.355+0000] {processor.py:161} INFO - Started process (PID=56) to work on /home/airflow/.local/lib/python3.8/site-packages/airflow/example_dags/example_local_kubernetes_executor.py
[2024-06-12T18:18:46.356+0000] {processor.py:830} INFO - Processing file /home/airflow/.local/lib/python3.8/site-packages/airflow/example_dags/example_local_kubernetes_executor.py for tasks to queue
[2024-06-12T18:18:46.358+0000] {logging_mixin.py:188} INFO - [2024-06-12T18:18:46.358+0000] {dagbag.py:538} INFO - Filling up the DagBag from /home/airflow/.local/lib/python3.8/site-packages/airflow/example_dags/example_local_kubernetes_executor.py
[2024-06-12T18:18:46.367+0000] {processor.py:840} INFO - DAG(s) 'example_local_kubernetes_executor' retrieved from /home/airflow/.local/lib/python3.8/site-packages/airflow/example_dags/example_local_kubernetes_executor.py
[2024-06-12T18:18:46.379+0000] {logging_mixin.py:188} INFO - [2024-06-12T18:18:46.379+0000] {dag.py:3036} INFO - Sync 1 DAGs
[2024-06-12T18:18:46.395+0000] {logging_mixin.py:188} INFO - [2024-06-12T18:18:46.395+0000] {dag.py:3823} INFO - Setting next_dagrun for example_local_kubernetes_executor to None, run_after=None
[2024-06-12T18:18:46.421+0000] {processor.py:183} INFO - Processing /home/airflow/.local/lib/python3.8/site-packages/airflow/example_dags/example_local_kubernetes_executor.py took 0.069 seconds
[2024-06-12T18:19:17.475+0000] {processor.py:161} INFO - Started process (PID=113) to work on /home/airflow/.local/lib/python3.8/site-packages/airflow/example_dags/example_local_kubernetes_executor.py
[2024-06-12T18:19:17.476+0000] {processor.py:830} INFO - Processing file /home/airflow/.local/lib/python3.8/site-packages/airflow/example_dags/example_local_kubernetes_executor.py for tasks to queue
[2024-06-12T18:19:17.478+0000] {logging_mixin.py:188} INFO - [2024-06-12T18:19:17.478+0000] {dagbag.py:538} INFO - Filling up the DagBag from /home/airflow/.local/lib/python3.8/site-packages/airflow/example_dags/example_local_kubernetes_executor.py
[2024-06-12T18:19:17.486+0000] {processor.py:840} INFO - DAG(s) 'example_local_kubernetes_executor' retrieved from /home/airflow/.local/lib/python3.8/site-packages/airflow/example_dags/example_local_kubernetes_executor.py
[2024-06-12T18:19:17.501+0000] {logging_mixin.py:188} INFO - [2024-06-12T18:19:17.500+0000] {dag.py:3036} INFO - Sync 1 DAGs
[2024-06-12T18:19:17.518+0000] {logging_mixin.py:188} INFO - [2024-06-12T18:19:17.517+0000] {dag.py:3823} INFO - Setting next_dagrun for example_local_kubernetes_executor to None, run_after=None
[2024-06-12T18:19:17.553+0000] {processor.py:183} INFO - Processing /home/airflow/.local/lib/python3.8/site-packages/airflow/example_dags/example_local_kubernetes_executor.py took 0.081 seconds
[2024-06-12T18:19:49.155+0000] {processor.py:161} INFO - Started process (PID=170) to work on /home/airflow/.local/lib/python3.8/site-packages/airflow/example_dags/example_local_kubernetes_executor.py
[2024-06-12T18:19:49.157+0000] {processor.py:830} INFO - Processing file /home/airflow/.local/lib/python3.8/site-packages/airflow/example_dags/example_local_kubernetes_executor.py for tasks to queue
[2024-06-12T18:19:49.159+0000] {logging_mixin.py:188} INFO - [2024-06-12T18:19:49.159+0000] {dagbag.py:538} INFO - Filling up the DagBag from /home/airflow/.local/lib/python3.8/site-packages/airflow/example_dags/example_local_kubernetes_executor.py
[2024-06-12T18:19:49.167+0000] {processor.py:840} INFO - DAG(s) 'example_local_kubernetes_executor' retrieved from /home/airflow/.local/lib/python3.8/site-packages/airflow/example_dags/example_local_kubernetes_executor.py
[2024-06-12T18:19:49.334+0000] {logging_mixin.py:188} INFO - [2024-06-12T18:19:49.334+0000] {dag.py:3036} INFO - Sync 1 DAGs
[2024-06-12T18:19:49.351+0000] {logging_mixin.py:188} INFO - [2024-06-12T18:19:49.350+0000] {dag.py:3823} INFO - Setting next_dagrun for example_local_kubernetes_executor to None, run_after=None
[2024-06-12T18:19:49.384+0000] {processor.py:183} INFO - Processing /home/airflow/.local/lib/python3.8/site-packages/airflow/example_dags/example_local_kubernetes_executor.py took 0.232 seconds
[2024-06-12T18:20:20.170+0000] {processor.py:161} INFO - Started process (PID=227) to work on /home/airflow/.local/lib/python3.8/site-packages/airflow/example_dags/example_local_kubernetes_executor.py
[2024-06-12T18:20:20.172+0000] {processor.py:830} INFO - Processing file /home/airflow/.local/lib/python3.8/site-packages/airflow/example_dags/example_local_kubernetes_executor.py for tasks to queue
[2024-06-12T18:20:20.175+0000] {logging_mixin.py:188} INFO - [2024-06-12T18:20:20.175+0000] {dagbag.py:538} INFO - Filling up the DagBag from /home/airflow/.local/lib/python3.8/site-packages/airflow/example_dags/example_local_kubernetes_executor.py
[2024-06-12T18:20:20.187+0000] {processor.py:840} INFO - DAG(s) 'example_local_kubernetes_executor' retrieved from /home/airflow/.local/lib/python3.8/site-packages/airflow/example_dags/example_local_kubernetes_executor.py
[2024-06-12T18:20:20.237+0000] {logging_mixin.py:188} INFO - [2024-06-12T18:20:20.237+0000] {dag.py:3036} INFO - Sync 1 DAGs
[2024-06-12T18:20:20.257+0000] {logging_mixin.py:188} INFO - [2024-06-12T18:20:20.256+0000] {dag.py:3823} INFO - Setting next_dagrun for example_local_kubernetes_executor to None, run_after=None
[2024-06-12T18:20:20.285+0000] {processor.py:183} INFO - Processing /home/airflow/.local/lib/python3.8/site-packages/airflow/example_dags/example_local_kubernetes_executor.py took 0.120 seconds
[2024-06-12T18:20:50.691+0000] {processor.py:161} INFO - Started process (PID=284) to work on /home/airflow/.local/lib/python3.8/site-packages/airflow/example_dags/example_local_kubernetes_executor.py
[2024-06-12T18:20:50.692+0000] {processor.py:830} INFO - Processing file /home/airflow/.local/lib/python3.8/site-packages/airflow/example_dags/example_local_kubernetes_executor.py for tasks to queue
[2024-06-12T18:20:50.694+0000] {logging_mixin.py:188} INFO - [2024-06-12T18:20:50.694+0000] {dagbag.py:538} INFO - Filling up the DagBag from /home/airflow/.local/lib/python3.8/site-packages/airflow/example_dags/example_local_kubernetes_executor.py
[2024-06-12T18:20:50.704+0000] {processor.py:840} INFO - DAG(s) 'example_local_kubernetes_executor' retrieved from /home/airflow/.local/lib/python3.8/site-packages/airflow/example_dags/example_local_kubernetes_executor.py
[2024-06-12T18:20:50.757+0000] {logging_mixin.py:188} INFO - [2024-06-12T18:20:50.756+0000] {dag.py:3036} INFO - Sync 1 DAGs
[2024-06-12T18:20:50.775+0000] {logging_mixin.py:188} INFO - [2024-06-12T18:20:50.774+0000] {dag.py:3823} INFO - Setting next_dagrun for example_local_kubernetes_executor to None, run_after=None
[2024-06-12T18:20:50.809+0000] {processor.py:183} INFO - Processing /home/airflow/.local/lib/python3.8/site-packages/airflow/example_dags/example_local_kubernetes_executor.py took 0.122 seconds
[2024-06-12T18:21:20.847+0000] {processor.py:161} INFO - Started process (PID=341) to work on /home/airflow/.local/lib/python3.8/site-packages/airflow/example_dags/example_local_kubernetes_executor.py
[2024-06-12T18:21:20.849+0000] {processor.py:830} INFO - Processing file /home/airflow/.local/lib/python3.8/site-packages/airflow/example_dags/example_local_kubernetes_executor.py for tasks to queue
[2024-06-12T18:21:20.852+0000] {logging_mixin.py:188} INFO - [2024-06-12T18:21:20.852+0000] {dagbag.py:538} INFO - Filling up the DagBag from /home/airflow/.local/lib/python3.8/site-packages/airflow/example_dags/example_local_kubernetes_executor.py
[2024-06-12T18:21:20.866+0000] {processor.py:840} INFO - DAG(s) 'example_local_kubernetes_executor' retrieved from /home/airflow/.local/lib/python3.8/site-packages/airflow/example_dags/example_local_kubernetes_executor.py
[2024-06-12T18:21:20.913+0000] {logging_mixin.py:188} INFO - [2024-06-12T18:21:20.913+0000] {dag.py:3036} INFO - Sync 1 DAGs
[2024-06-12T18:21:20.929+0000] {logging_mixin.py:188} INFO - [2024-06-12T18:21:20.929+0000] {dag.py:3823} INFO - Setting next_dagrun for example_local_kubernetes_executor to None, run_after=None
[2024-06-12T18:21:20.963+0000] {processor.py:183} INFO - Processing /home/airflow/.local/lib/python3.8/site-packages/airflow/example_dags/example_local_kubernetes_executor.py took 0.121 seconds
[2024-06-12T18:21:51.209+0000] {processor.py:161} INFO - Started process (PID=398) to work on /home/airflow/.local/lib/python3.8/site-packages/airflow/example_dags/example_local_kubernetes_executor.py
[2024-06-12T18:21:51.210+0000] {processor.py:830} INFO - Processing file /home/airflow/.local/lib/python3.8/site-packages/airflow/example_dags/example_local_kubernetes_executor.py for tasks to queue
[2024-06-12T18:21:51.212+0000] {logging_mixin.py:188} INFO - [2024-06-12T18:21:51.212+0000] {dagbag.py:538} INFO - Filling up the DagBag from /home/airflow/.local/lib/python3.8/site-packages/airflow/example_dags/example_local_kubernetes_executor.py
[2024-06-12T18:21:51.220+0000] {processor.py:840} INFO - DAG(s) 'example_local_kubernetes_executor' retrieved from /home/airflow/.local/lib/python3.8/site-packages/airflow/example_dags/example_local_kubernetes_executor.py
[2024-06-12T18:21:51.271+0000] {logging_mixin.py:188} INFO - [2024-06-12T18:21:51.270+0000] {dag.py:3036} INFO - Sync 1 DAGs
[2024-06-12T18:21:51.293+0000] {logging_mixin.py:188} INFO - [2024-06-12T18:21:51.293+0000] {dag.py:3823} INFO - Setting next_dagrun for example_local_kubernetes_executor to None, run_after=None
[2024-06-12T18:21:51.323+0000] {processor.py:183} INFO - Processing /home/airflow/.local/lib/python3.8/site-packages/airflow/example_dags/example_local_kubernetes_executor.py took 0.117 seconds
[2024-06-12T18:22:22.215+0000] {processor.py:161} INFO - Started process (PID=455) to work on /home/airflow/.local/lib/python3.8/site-packages/airflow/example_dags/example_local_kubernetes_executor.py
[2024-06-12T18:22:22.217+0000] {processor.py:830} INFO - Processing file /home/airflow/.local/lib/python3.8/site-packages/airflow/example_dags/example_local_kubernetes_executor.py for tasks to queue
[2024-06-12T18:22:22.220+0000] {logging_mixin.py:188} INFO - [2024-06-12T18:22:22.220+0000] {dagbag.py:538} INFO - Filling up the DagBag from /home/airflow/.local/lib/python3.8/site-packages/airflow/example_dags/example_local_kubernetes_executor.py
[2024-06-12T18:22:22.234+0000] {processor.py:840} INFO - DAG(s) 'example_local_kubernetes_executor' retrieved from /home/airflow/.local/lib/python3.8/site-packages/airflow/example_dags/example_local_kubernetes_executor.py
[2024-06-12T18:22:22.298+0000] {logging_mixin.py:188} INFO - [2024-06-12T18:22:22.297+0000] {dag.py:3036} INFO - Sync 1 DAGs
[2024-06-12T18:22:22.323+0000] {logging_mixin.py:188} INFO - [2024-06-12T18:22:22.323+0000] {dag.py:3823} INFO - Setting next_dagrun for example_local_kubernetes_executor to None, run_after=None
[2024-06-12T18:22:22.363+0000] {processor.py:183} INFO - Processing /home/airflow/.local/lib/python3.8/site-packages/airflow/example_dags/example_local_kubernetes_executor.py took 0.153 seconds
[2024-06-12T18:22:52.457+0000] {processor.py:161} INFO - Started process (PID=510) to work on /home/airflow/.local/lib/python3.8/site-packages/airflow/example_dags/example_local_kubernetes_executor.py
[2024-06-12T18:22:52.459+0000] {processor.py:830} INFO - Processing file /home/airflow/.local/lib/python3.8/site-packages/airflow/example_dags/example_local_kubernetes_executor.py for tasks to queue
[2024-06-12T18:22:52.461+0000] {logging_mixin.py:188} INFO - [2024-06-12T18:22:52.461+0000] {dagbag.py:538} INFO - Filling up the DagBag from /home/airflow/.local/lib/python3.8/site-packages/airflow/example_dags/example_local_kubernetes_executor.py
[2024-06-12T18:22:52.472+0000] {processor.py:840} INFO - DAG(s) 'example_local_kubernetes_executor' retrieved from /home/airflow/.local/lib/python3.8/site-packages/airflow/example_dags/example_local_kubernetes_executor.py
[2024-06-12T18:22:52.534+0000] {logging_mixin.py:188} INFO - [2024-06-12T18:22:52.533+0000] {dag.py:3036} INFO - Sync 1 DAGs
[2024-06-12T18:22:52.561+0000] {logging_mixin.py:188} INFO - [2024-06-12T18:22:52.561+0000] {dag.py:3823} INFO - Setting next_dagrun for example_local_kubernetes_executor to None, run_after=None
[2024-06-12T18:22:52.600+0000] {processor.py:183} INFO - Processing /home/airflow/.local/lib/python3.8/site-packages/airflow/example_dags/example_local_kubernetes_executor.py took 0.147 seconds
[2024-06-12T18:23:22.859+0000] {processor.py:161} INFO - Started process (PID=567) to work on /home/airflow/.local/lib/python3.8/site-packages/airflow/example_dags/example_local_kubernetes_executor.py
[2024-06-12T18:23:22.860+0000] {processor.py:830} INFO - Processing file /home/airflow/.local/lib/python3.8/site-packages/airflow/example_dags/example_local_kubernetes_executor.py for tasks to queue
[2024-06-12T18:23:22.862+0000] {logging_mixin.py:188} INFO - [2024-06-12T18:23:22.862+0000] {dagbag.py:538} INFO - Filling up the DagBag from /home/airflow/.local/lib/python3.8/site-packages/airflow/example_dags/example_local_kubernetes_executor.py
[2024-06-12T18:23:22.872+0000] {processor.py:840} INFO - DAG(s) 'example_local_kubernetes_executor' retrieved from /home/airflow/.local/lib/python3.8/site-packages/airflow/example_dags/example_local_kubernetes_executor.py
[2024-06-12T18:23:22.919+0000] {logging_mixin.py:188} INFO - [2024-06-12T18:23:22.918+0000] {dag.py:3036} INFO - Sync 1 DAGs
[2024-06-12T18:23:22.935+0000] {logging_mixin.py:188} INFO - [2024-06-12T18:23:22.935+0000] {dag.py:3823} INFO - Setting next_dagrun for example_local_kubernetes_executor to None, run_after=None
[2024-06-12T18:23:22.970+0000] {processor.py:183} INFO - Processing /home/airflow/.local/lib/python3.8/site-packages/airflow/example_dags/example_local_kubernetes_executor.py took 0.116 seconds
[2024-06-12T18:23:53.519+0000] {processor.py:161} INFO - Started process (PID=624) to work on /home/airflow/.local/lib/python3.8/site-packages/airflow/example_dags/example_local_kubernetes_executor.py
[2024-06-12T18:23:53.521+0000] {processor.py:830} INFO - Processing file /home/airflow/.local/lib/python3.8/site-packages/airflow/example_dags/example_local_kubernetes_executor.py for tasks to queue
[2024-06-12T18:23:53.523+0000] {logging_mixin.py:188} INFO - [2024-06-12T18:23:53.523+0000] {dagbag.py:538} INFO - Filling up the DagBag from /home/airflow/.local/lib/python3.8/site-packages/airflow/example_dags/example_local_kubernetes_executor.py
[2024-06-12T18:23:53.533+0000] {processor.py:840} INFO - DAG(s) 'example_local_kubernetes_executor' retrieved from /home/airflow/.local/lib/python3.8/site-packages/airflow/example_dags/example_local_kubernetes_executor.py
[2024-06-12T18:23:53.585+0000] {logging_mixin.py:188} INFO - [2024-06-12T18:23:53.585+0000] {dag.py:3036} INFO - Sync 1 DAGs
[2024-06-12T18:23:53.609+0000] {logging_mixin.py:188} INFO - [2024-06-12T18:23:53.608+0000] {dag.py:3823} INFO - Setting next_dagrun for example_local_kubernetes_executor to None, run_after=None
[2024-06-12T18:23:53.645+0000] {processor.py:183} INFO - Processing /home/airflow/.local/lib/python3.8/site-packages/airflow/example_dags/example_local_kubernetes_executor.py took 0.129 seconds
[2024-06-12T18:24:23.760+0000] {processor.py:161} INFO - Started process (PID=681) to work on /home/airflow/.local/lib/python3.8/site-packages/airflow/example_dags/example_local_kubernetes_executor.py
[2024-06-12T18:24:23.761+0000] {processor.py:830} INFO - Processing file /home/airflow/.local/lib/python3.8/site-packages/airflow/example_dags/example_local_kubernetes_executor.py for tasks to queue
[2024-06-12T18:24:23.763+0000] {logging_mixin.py:188} INFO - [2024-06-12T18:24:23.763+0000] {dagbag.py:538} INFO - Filling up the DagBag from /home/airflow/.local/lib/python3.8/site-packages/airflow/example_dags/example_local_kubernetes_executor.py
[2024-06-12T18:24:23.770+0000] {processor.py:840} INFO - DAG(s) 'example_local_kubernetes_executor' retrieved from /home/airflow/.local/lib/python3.8/site-packages/airflow/example_dags/example_local_kubernetes_executor.py
[2024-06-12T18:24:23.782+0000] {logging_mixin.py:188} INFO - [2024-06-12T18:24:23.782+0000] {dag.py:3036} INFO - Sync 1 DAGs
[2024-06-12T18:24:23.798+0000] {logging_mixin.py:188} INFO - [2024-06-12T18:24:23.798+0000] {dag.py:3823} INFO - Setting next_dagrun for example_local_kubernetes_executor to None, run_after=None
[2024-06-12T18:24:23.823+0000] {processor.py:183} INFO - Processing /home/airflow/.local/lib/python3.8/site-packages/airflow/example_dags/example_local_kubernetes_executor.py took 0.066 seconds
[2024-06-12T18:24:54.032+0000] {processor.py:161} INFO - Started process (PID=738) to work on /home/airflow/.local/lib/python3.8/site-packages/airflow/example_dags/example_local_kubernetes_executor.py
[2024-06-12T18:24:54.034+0000] {processor.py:830} INFO - Processing file /home/airflow/.local/lib/python3.8/site-packages/airflow/example_dags/example_local_kubernetes_executor.py for tasks to queue
[2024-06-12T18:24:54.035+0000] {logging_mixin.py:188} INFO - [2024-06-12T18:24:54.035+0000] {dagbag.py:538} INFO - Filling up the DagBag from /home/airflow/.local/lib/python3.8/site-packages/airflow/example_dags/example_local_kubernetes_executor.py
[2024-06-12T18:24:54.041+0000] {processor.py:840} INFO - DAG(s) 'example_local_kubernetes_executor' retrieved from /home/airflow/.local/lib/python3.8/site-packages/airflow/example_dags/example_local_kubernetes_executor.py
[2024-06-12T18:24:54.170+0000] {logging_mixin.py:188} INFO - [2024-06-12T18:24:54.170+0000] {dag.py:3036} INFO - Sync 1 DAGs
[2024-06-12T18:24:54.184+0000] {logging_mixin.py:188} INFO - [2024-06-12T18:24:54.184+0000] {dag.py:3823} INFO - Setting next_dagrun for example_local_kubernetes_executor to None, run_after=None
[2024-06-12T18:24:54.209+0000] {processor.py:183} INFO - Processing /home/airflow/.local/lib/python3.8/site-packages/airflow/example_dags/example_local_kubernetes_executor.py took 0.179 seconds
[2024-06-12T18:25:24.628+0000] {processor.py:161} INFO - Started process (PID=795) to work on /home/airflow/.local/lib/python3.8/site-packages/airflow/example_dags/example_local_kubernetes_executor.py
[2024-06-12T18:25:24.630+0000] {processor.py:830} INFO - Processing file /home/airflow/.local/lib/python3.8/site-packages/airflow/example_dags/example_local_kubernetes_executor.py for tasks to queue
[2024-06-12T18:25:24.632+0000] {logging_mixin.py:188} INFO - [2024-06-12T18:25:24.631+0000] {dagbag.py:538} INFO - Filling up the DagBag from /home/airflow/.local/lib/python3.8/site-packages/airflow/example_dags/example_local_kubernetes_executor.py
[2024-06-12T18:25:24.641+0000] {processor.py:840} INFO - DAG(s) 'example_local_kubernetes_executor' retrieved from /home/airflow/.local/lib/python3.8/site-packages/airflow/example_dags/example_local_kubernetes_executor.py
[2024-06-12T18:25:24.684+0000] {logging_mixin.py:188} INFO - [2024-06-12T18:25:24.683+0000] {dag.py:3036} INFO - Sync 1 DAGs
[2024-06-12T18:25:24.700+0000] {logging_mixin.py:188} INFO - [2024-06-12T18:25:24.699+0000] {dag.py:3823} INFO - Setting next_dagrun for example_local_kubernetes_executor to None, run_after=None
[2024-06-12T18:25:24.729+0000] {processor.py:183} INFO - Processing /home/airflow/.local/lib/python3.8/site-packages/airflow/example_dags/example_local_kubernetes_executor.py took 0.104 seconds
[2024-06-12T18:26:58.454+0000] {processor.py:161} INFO - Started process (PID=56) to work on /home/airflow/.local/lib/python3.8/site-packages/airflow/example_dags/example_local_kubernetes_executor.py
[2024-06-12T18:26:58.461+0000] {processor.py:830} INFO - Processing file /home/airflow/.local/lib/python3.8/site-packages/airflow/example_dags/example_local_kubernetes_executor.py for tasks to queue
[2024-06-12T18:26:58.464+0000] {logging_mixin.py:188} INFO - [2024-06-12T18:26:58.464+0000] {dagbag.py:538} INFO - Filling up the DagBag from /home/airflow/.local/lib/python3.8/site-packages/airflow/example_dags/example_local_kubernetes_executor.py
[2024-06-12T18:26:58.483+0000] {processor.py:840} INFO - DAG(s) 'example_local_kubernetes_executor' retrieved from /home/airflow/.local/lib/python3.8/site-packages/airflow/example_dags/example_local_kubernetes_executor.py
[2024-06-12T18:26:58.574+0000] {logging_mixin.py:188} INFO - [2024-06-12T18:26:58.574+0000] {dag.py:3036} INFO - Sync 1 DAGs
[2024-06-12T18:26:58.603+0000] {logging_mixin.py:188} INFO - [2024-06-12T18:26:58.602+0000] {dag.py:3823} INFO - Setting next_dagrun for example_local_kubernetes_executor to None, run_after=None
[2024-06-12T18:26:58.675+0000] {processor.py:183} INFO - Processing /home/airflow/.local/lib/python3.8/site-packages/airflow/example_dags/example_local_kubernetes_executor.py took 0.226 seconds
[2024-06-12T18:27:29.227+0000] {processor.py:161} INFO - Started process (PID=113) to work on /home/airflow/.local/lib/python3.8/site-packages/airflow/example_dags/example_local_kubernetes_executor.py
[2024-06-12T18:27:29.228+0000] {processor.py:830} INFO - Processing file /home/airflow/.local/lib/python3.8/site-packages/airflow/example_dags/example_local_kubernetes_executor.py for tasks to queue
[2024-06-12T18:27:29.230+0000] {logging_mixin.py:188} INFO - [2024-06-12T18:27:29.230+0000] {dagbag.py:538} INFO - Filling up the DagBag from /home/airflow/.local/lib/python3.8/site-packages/airflow/example_dags/example_local_kubernetes_executor.py
[2024-06-12T18:27:29.238+0000] {processor.py:840} INFO - DAG(s) 'example_local_kubernetes_executor' retrieved from /home/airflow/.local/lib/python3.8/site-packages/airflow/example_dags/example_local_kubernetes_executor.py
[2024-06-12T18:27:29.253+0000] {logging_mixin.py:188} INFO - [2024-06-12T18:27:29.253+0000] {dag.py:3036} INFO - Sync 1 DAGs
[2024-06-12T18:27:29.286+0000] {logging_mixin.py:188} INFO - [2024-06-12T18:27:29.286+0000] {dag.py:3823} INFO - Setting next_dagrun for example_local_kubernetes_executor to None, run_after=None
[2024-06-12T18:27:29.325+0000] {processor.py:183} INFO - Processing /home/airflow/.local/lib/python3.8/site-packages/airflow/example_dags/example_local_kubernetes_executor.py took 0.101 seconds
[2024-06-12T18:28:00.750+0000] {processor.py:161} INFO - Started process (PID=170) to work on /home/airflow/.local/lib/python3.8/site-packages/airflow/example_dags/example_local_kubernetes_executor.py
[2024-06-12T18:28:00.751+0000] {processor.py:830} INFO - Processing file /home/airflow/.local/lib/python3.8/site-packages/airflow/example_dags/example_local_kubernetes_executor.py for tasks to queue
[2024-06-12T18:28:00.755+0000] {logging_mixin.py:188} INFO - [2024-06-12T18:28:00.754+0000] {dagbag.py:538} INFO - Filling up the DagBag from /home/airflow/.local/lib/python3.8/site-packages/airflow/example_dags/example_local_kubernetes_executor.py
[2024-06-12T18:28:00.765+0000] {processor.py:840} INFO - DAG(s) 'example_local_kubernetes_executor' retrieved from /home/airflow/.local/lib/python3.8/site-packages/airflow/example_dags/example_local_kubernetes_executor.py
[2024-06-12T18:28:00.955+0000] {logging_mixin.py:188} INFO - [2024-06-12T18:28:00.954+0000] {dag.py:3036} INFO - Sync 1 DAGs
[2024-06-12T18:28:00.971+0000] {logging_mixin.py:188} INFO - [2024-06-12T18:28:00.970+0000] {dag.py:3823} INFO - Setting next_dagrun for example_local_kubernetes_executor to None, run_after=None
[2024-06-12T18:28:01.002+0000] {processor.py:183} INFO - Processing /home/airflow/.local/lib/python3.8/site-packages/airflow/example_dags/example_local_kubernetes_executor.py took 0.256 seconds
[2024-06-12T18:28:31.756+0000] {processor.py:161} INFO - Started process (PID=227) to work on /home/airflow/.local/lib/python3.8/site-packages/airflow/example_dags/example_local_kubernetes_executor.py
[2024-06-12T18:28:31.757+0000] {processor.py:830} INFO - Processing file /home/airflow/.local/lib/python3.8/site-packages/airflow/example_dags/example_local_kubernetes_executor.py for tasks to queue
[2024-06-12T18:28:31.759+0000] {logging_mixin.py:188} INFO - [2024-06-12T18:28:31.759+0000] {dagbag.py:538} INFO - Filling up the DagBag from /home/airflow/.local/lib/python3.8/site-packages/airflow/example_dags/example_local_kubernetes_executor.py
[2024-06-12T18:28:31.767+0000] {processor.py:840} INFO - DAG(s) 'example_local_kubernetes_executor' retrieved from /home/airflow/.local/lib/python3.8/site-packages/airflow/example_dags/example_local_kubernetes_executor.py
[2024-06-12T18:28:31.808+0000] {logging_mixin.py:188} INFO - [2024-06-12T18:28:31.808+0000] {dag.py:3036} INFO - Sync 1 DAGs
[2024-06-12T18:28:31.830+0000] {logging_mixin.py:188} INFO - [2024-06-12T18:28:31.830+0000] {dag.py:3823} INFO - Setting next_dagrun for example_local_kubernetes_executor to None, run_after=None
[2024-06-12T18:28:31.861+0000] {processor.py:183} INFO - Processing /home/airflow/.local/lib/python3.8/site-packages/airflow/example_dags/example_local_kubernetes_executor.py took 0.108 seconds
[2024-06-12T18:29:02.206+0000] {processor.py:161} INFO - Started process (PID=284) to work on /home/airflow/.local/lib/python3.8/site-packages/airflow/example_dags/example_local_kubernetes_executor.py
[2024-06-12T18:29:02.207+0000] {processor.py:830} INFO - Processing file /home/airflow/.local/lib/python3.8/site-packages/airflow/example_dags/example_local_kubernetes_executor.py for tasks to queue
[2024-06-12T18:29:02.210+0000] {logging_mixin.py:188} INFO - [2024-06-12T18:29:02.209+0000] {dagbag.py:538} INFO - Filling up the DagBag from /home/airflow/.local/lib/python3.8/site-packages/airflow/example_dags/example_local_kubernetes_executor.py
[2024-06-12T18:29:02.218+0000] {processor.py:840} INFO - DAG(s) 'example_local_kubernetes_executor' retrieved from /home/airflow/.local/lib/python3.8/site-packages/airflow/example_dags/example_local_kubernetes_executor.py
[2024-06-12T18:29:02.269+0000] {logging_mixin.py:188} INFO - [2024-06-12T18:29:02.268+0000] {dag.py:3036} INFO - Sync 1 DAGs
[2024-06-12T18:29:02.291+0000] {logging_mixin.py:188} INFO - [2024-06-12T18:29:02.290+0000] {dag.py:3823} INFO - Setting next_dagrun for example_local_kubernetes_executor to None, run_after=None
[2024-06-12T18:29:02.332+0000] {processor.py:183} INFO - Processing /home/airflow/.local/lib/python3.8/site-packages/airflow/example_dags/example_local_kubernetes_executor.py took 0.129 seconds
[2024-06-12T18:29:32.624+0000] {processor.py:161} INFO - Started process (PID=341) to work on /home/airflow/.local/lib/python3.8/site-packages/airflow/example_dags/example_local_kubernetes_executor.py
[2024-06-12T18:29:32.626+0000] {processor.py:830} INFO - Processing file /home/airflow/.local/lib/python3.8/site-packages/airflow/example_dags/example_local_kubernetes_executor.py for tasks to queue
[2024-06-12T18:29:32.628+0000] {logging_mixin.py:188} INFO - [2024-06-12T18:29:32.627+0000] {dagbag.py:538} INFO - Filling up the DagBag from /home/airflow/.local/lib/python3.8/site-packages/airflow/example_dags/example_local_kubernetes_executor.py
[2024-06-12T18:29:32.635+0000] {processor.py:840} INFO - DAG(s) 'example_local_kubernetes_executor' retrieved from /home/airflow/.local/lib/python3.8/site-packages/airflow/example_dags/example_local_kubernetes_executor.py
[2024-06-12T18:29:32.672+0000] {logging_mixin.py:188} INFO - [2024-06-12T18:29:32.672+0000] {dag.py:3036} INFO - Sync 1 DAGs
[2024-06-12T18:29:32.688+0000] {logging_mixin.py:188} INFO - [2024-06-12T18:29:32.688+0000] {dag.py:3823} INFO - Setting next_dagrun for example_local_kubernetes_executor to None, run_after=None
[2024-06-12T18:29:32.709+0000] {processor.py:183} INFO - Processing /home/airflow/.local/lib/python3.8/site-packages/airflow/example_dags/example_local_kubernetes_executor.py took 0.087 seconds
[2024-06-12T18:30:02.752+0000] {processor.py:161} INFO - Started process (PID=396) to work on /home/airflow/.local/lib/python3.8/site-packages/airflow/example_dags/example_local_kubernetes_executor.py
[2024-06-12T18:30:02.753+0000] {processor.py:830} INFO - Processing file /home/airflow/.local/lib/python3.8/site-packages/airflow/example_dags/example_local_kubernetes_executor.py for tasks to queue
[2024-06-12T18:30:02.755+0000] {logging_mixin.py:188} INFO - [2024-06-12T18:30:02.755+0000] {dagbag.py:538} INFO - Filling up the DagBag from /home/airflow/.local/lib/python3.8/site-packages/airflow/example_dags/example_local_kubernetes_executor.py
[2024-06-12T18:30:02.765+0000] {processor.py:840} INFO - DAG(s) 'example_local_kubernetes_executor' retrieved from /home/airflow/.local/lib/python3.8/site-packages/airflow/example_dags/example_local_kubernetes_executor.py
[2024-06-12T18:30:02.822+0000] {logging_mixin.py:188} INFO - [2024-06-12T18:30:02.821+0000] {dag.py:3036} INFO - Sync 1 DAGs
[2024-06-12T18:30:02.846+0000] {logging_mixin.py:188} INFO - [2024-06-12T18:30:02.846+0000] {dag.py:3823} INFO - Setting next_dagrun for example_local_kubernetes_executor to None, run_after=None
[2024-06-12T18:30:02.885+0000] {processor.py:183} INFO - Processing /home/airflow/.local/lib/python3.8/site-packages/airflow/example_dags/example_local_kubernetes_executor.py took 0.137 seconds
[2024-06-12T18:30:34.002+0000] {processor.py:161} INFO - Started process (PID=455) to work on /home/airflow/.local/lib/python3.8/site-packages/airflow/example_dags/example_local_kubernetes_executor.py
[2024-06-12T18:30:34.003+0000] {processor.py:830} INFO - Processing file /home/airflow/.local/lib/python3.8/site-packages/airflow/example_dags/example_local_kubernetes_executor.py for tasks to queue
[2024-06-12T18:30:34.005+0000] {logging_mixin.py:188} INFO - [2024-06-12T18:30:34.004+0000] {dagbag.py:538} INFO - Filling up the DagBag from /home/airflow/.local/lib/python3.8/site-packages/airflow/example_dags/example_local_kubernetes_executor.py
[2024-06-12T18:30:34.013+0000] {processor.py:840} INFO - DAG(s) 'example_local_kubernetes_executor' retrieved from /home/airflow/.local/lib/python3.8/site-packages/airflow/example_dags/example_local_kubernetes_executor.py
[2024-06-12T18:30:34.053+0000] {logging_mixin.py:188} INFO - [2024-06-12T18:30:34.053+0000] {dag.py:3036} INFO - Sync 1 DAGs
[2024-06-12T18:30:34.068+0000] {logging_mixin.py:188} INFO - [2024-06-12T18:30:34.067+0000] {dag.py:3823} INFO - Setting next_dagrun for example_local_kubernetes_executor to None, run_after=None
[2024-06-12T18:30:34.101+0000] {processor.py:183} INFO - Processing /home/airflow/.local/lib/python3.8/site-packages/airflow/example_dags/example_local_kubernetes_executor.py took 0.101 seconds
[2024-06-12T18:31:04.197+0000] {processor.py:161} INFO - Started process (PID=510) to work on /home/airflow/.local/lib/python3.8/site-packages/airflow/example_dags/example_local_kubernetes_executor.py
[2024-06-12T18:31:04.199+0000] {processor.py:830} INFO - Processing file /home/airflow/.local/lib/python3.8/site-packages/airflow/example_dags/example_local_kubernetes_executor.py for tasks to queue
[2024-06-12T18:31:04.201+0000] {logging_mixin.py:188} INFO - [2024-06-12T18:31:04.201+0000] {dagbag.py:538} INFO - Filling up the DagBag from /home/airflow/.local/lib/python3.8/site-packages/airflow/example_dags/example_local_kubernetes_executor.py
[2024-06-12T18:31:04.213+0000] {processor.py:840} INFO - DAG(s) 'example_local_kubernetes_executor' retrieved from /home/airflow/.local/lib/python3.8/site-packages/airflow/example_dags/example_local_kubernetes_executor.py
[2024-06-12T18:31:04.290+0000] {logging_mixin.py:188} INFO - [2024-06-12T18:31:04.290+0000] {dag.py:3036} INFO - Sync 1 DAGs
[2024-06-12T18:31:04.310+0000] {logging_mixin.py:188} INFO - [2024-06-12T18:31:04.309+0000] {dag.py:3823} INFO - Setting next_dagrun for example_local_kubernetes_executor to None, run_after=None
[2024-06-12T18:31:04.339+0000] {processor.py:183} INFO - Processing /home/airflow/.local/lib/python3.8/site-packages/airflow/example_dags/example_local_kubernetes_executor.py took 0.146 seconds
[2024-06-12T18:31:34.483+0000] {processor.py:161} INFO - Started process (PID=567) to work on /home/airflow/.local/lib/python3.8/site-packages/airflow/example_dags/example_local_kubernetes_executor.py
[2024-06-12T18:31:34.485+0000] {processor.py:830} INFO - Processing file /home/airflow/.local/lib/python3.8/site-packages/airflow/example_dags/example_local_kubernetes_executor.py for tasks to queue
[2024-06-12T18:31:34.488+0000] {logging_mixin.py:188} INFO - [2024-06-12T18:31:34.488+0000] {dagbag.py:538} INFO - Filling up the DagBag from /home/airflow/.local/lib/python3.8/site-packages/airflow/example_dags/example_local_kubernetes_executor.py
[2024-06-12T18:31:34.502+0000] {processor.py:840} INFO - DAG(s) 'example_local_kubernetes_executor' retrieved from /home/airflow/.local/lib/python3.8/site-packages/airflow/example_dags/example_local_kubernetes_executor.py
[2024-06-12T18:31:34.562+0000] {logging_mixin.py:188} INFO - [2024-06-12T18:31:34.562+0000] {dag.py:3036} INFO - Sync 1 DAGs
[2024-06-12T18:31:34.585+0000] {logging_mixin.py:188} INFO - [2024-06-12T18:31:34.584+0000] {dag.py:3823} INFO - Setting next_dagrun for example_local_kubernetes_executor to None, run_after=None
[2024-06-12T18:31:34.616+0000] {processor.py:183} INFO - Processing /home/airflow/.local/lib/python3.8/site-packages/airflow/example_dags/example_local_kubernetes_executor.py took 0.139 seconds
[2024-06-12T18:32:04.760+0000] {processor.py:161} INFO - Started process (PID=624) to work on /home/airflow/.local/lib/python3.8/site-packages/airflow/example_dags/example_local_kubernetes_executor.py
[2024-06-12T18:32:04.761+0000] {processor.py:830} INFO - Processing file /home/airflow/.local/lib/python3.8/site-packages/airflow/example_dags/example_local_kubernetes_executor.py for tasks to queue
[2024-06-12T18:32:04.764+0000] {logging_mixin.py:188} INFO - [2024-06-12T18:32:04.763+0000] {dagbag.py:538} INFO - Filling up the DagBag from /home/airflow/.local/lib/python3.8/site-packages/airflow/example_dags/example_local_kubernetes_executor.py
[2024-06-12T18:32:04.775+0000] {processor.py:840} INFO - DAG(s) 'example_local_kubernetes_executor' retrieved from /home/airflow/.local/lib/python3.8/site-packages/airflow/example_dags/example_local_kubernetes_executor.py
[2024-06-12T18:32:04.840+0000] {logging_mixin.py:188} INFO - [2024-06-12T18:32:04.840+0000] {dag.py:3036} INFO - Sync 1 DAGs
[2024-06-12T18:32:04.866+0000] {logging_mixin.py:188} INFO - [2024-06-12T18:32:04.866+0000] {dag.py:3823} INFO - Setting next_dagrun for example_local_kubernetes_executor to None, run_after=None
[2024-06-12T18:32:05.123+0000] {processor.py:183} INFO - Processing /home/airflow/.local/lib/python3.8/site-packages/airflow/example_dags/example_local_kubernetes_executor.py took 0.367 seconds
[2024-06-12T18:32:35.304+0000] {processor.py:161} INFO - Started process (PID=681) to work on /home/airflow/.local/lib/python3.8/site-packages/airflow/example_dags/example_local_kubernetes_executor.py
[2024-06-12T18:32:35.305+0000] {processor.py:830} INFO - Processing file /home/airflow/.local/lib/python3.8/site-packages/airflow/example_dags/example_local_kubernetes_executor.py for tasks to queue
[2024-06-12T18:32:35.307+0000] {logging_mixin.py:188} INFO - [2024-06-12T18:32:35.307+0000] {dagbag.py:538} INFO - Filling up the DagBag from /home/airflow/.local/lib/python3.8/site-packages/airflow/example_dags/example_local_kubernetes_executor.py
[2024-06-12T18:32:35.319+0000] {processor.py:840} INFO - DAG(s) 'example_local_kubernetes_executor' retrieved from /home/airflow/.local/lib/python3.8/site-packages/airflow/example_dags/example_local_kubernetes_executor.py
[2024-06-12T18:32:35.368+0000] {logging_mixin.py:188} INFO - [2024-06-12T18:32:35.367+0000] {dag.py:3036} INFO - Sync 1 DAGs
[2024-06-12T18:32:35.389+0000] {logging_mixin.py:188} INFO - [2024-06-12T18:32:35.389+0000] {dag.py:3823} INFO - Setting next_dagrun for example_local_kubernetes_executor to None, run_after=None
[2024-06-12T18:32:35.423+0000] {processor.py:183} INFO - Processing /home/airflow/.local/lib/python3.8/site-packages/airflow/example_dags/example_local_kubernetes_executor.py took 0.124 seconds
[2024-06-12T18:33:05.470+0000] {processor.py:161} INFO - Started process (PID=739) to work on /home/airflow/.local/lib/python3.8/site-packages/airflow/example_dags/example_local_kubernetes_executor.py
[2024-06-12T18:33:05.474+0000] {processor.py:830} INFO - Processing file /home/airflow/.local/lib/python3.8/site-packages/airflow/example_dags/example_local_kubernetes_executor.py for tasks to queue
[2024-06-12T18:33:05.477+0000] {logging_mixin.py:188} INFO - [2024-06-12T18:33:05.476+0000] {dagbag.py:538} INFO - Filling up the DagBag from /home/airflow/.local/lib/python3.8/site-packages/airflow/example_dags/example_local_kubernetes_executor.py
[2024-06-12T18:33:05.491+0000] {processor.py:840} INFO - DAG(s) 'example_local_kubernetes_executor' retrieved from /home/airflow/.local/lib/python3.8/site-packages/airflow/example_dags/example_local_kubernetes_executor.py
[2024-06-12T18:33:05.544+0000] {logging_mixin.py:188} INFO - [2024-06-12T18:33:05.544+0000] {dag.py:3036} INFO - Sync 1 DAGs
[2024-06-12T18:33:05.569+0000] {logging_mixin.py:188} INFO - [2024-06-12T18:33:05.568+0000] {dag.py:3823} INFO - Setting next_dagrun for example_local_kubernetes_executor to None, run_after=None
[2024-06-12T18:33:05.601+0000] {processor.py:183} INFO - Processing /home/airflow/.local/lib/python3.8/site-packages/airflow/example_dags/example_local_kubernetes_executor.py took 0.135 seconds
[2024-06-12T18:33:35.669+0000] {processor.py:161} INFO - Started process (PID=797) to work on /home/airflow/.local/lib/python3.8/site-packages/airflow/example_dags/example_local_kubernetes_executor.py
[2024-06-12T18:33:35.670+0000] {processor.py:830} INFO - Processing file /home/airflow/.local/lib/python3.8/site-packages/airflow/example_dags/example_local_kubernetes_executor.py for tasks to queue
[2024-06-12T18:33:35.672+0000] {logging_mixin.py:188} INFO - [2024-06-12T18:33:35.671+0000] {dagbag.py:538} INFO - Filling up the DagBag from /home/airflow/.local/lib/python3.8/site-packages/airflow/example_dags/example_local_kubernetes_executor.py
[2024-06-12T18:33:35.680+0000] {processor.py:840} INFO - DAG(s) 'example_local_kubernetes_executor' retrieved from /home/airflow/.local/lib/python3.8/site-packages/airflow/example_dags/example_local_kubernetes_executor.py
[2024-06-12T18:33:35.726+0000] {logging_mixin.py:188} INFO - [2024-06-12T18:33:35.726+0000] {dag.py:3036} INFO - Sync 1 DAGs
[2024-06-12T18:33:35.745+0000] {logging_mixin.py:188} INFO - [2024-06-12T18:33:35.744+0000] {dag.py:3823} INFO - Setting next_dagrun for example_local_kubernetes_executor to None, run_after=None
[2024-06-12T18:33:35.771+0000] {processor.py:183} INFO - Processing /home/airflow/.local/lib/python3.8/site-packages/airflow/example_dags/example_local_kubernetes_executor.py took 0.105 seconds
[2024-06-12T18:34:06.059+0000] {processor.py:161} INFO - Started process (PID=854) to work on /home/airflow/.local/lib/python3.8/site-packages/airflow/example_dags/example_local_kubernetes_executor.py
[2024-06-12T18:34:06.061+0000] {processor.py:830} INFO - Processing file /home/airflow/.local/lib/python3.8/site-packages/airflow/example_dags/example_local_kubernetes_executor.py for tasks to queue
[2024-06-12T18:34:06.063+0000] {logging_mixin.py:188} INFO - [2024-06-12T18:34:06.062+0000] {dagbag.py:538} INFO - Filling up the DagBag from /home/airflow/.local/lib/python3.8/site-packages/airflow/example_dags/example_local_kubernetes_executor.py
[2024-06-12T18:34:06.071+0000] {processor.py:840} INFO - DAG(s) 'example_local_kubernetes_executor' retrieved from /home/airflow/.local/lib/python3.8/site-packages/airflow/example_dags/example_local_kubernetes_executor.py
[2024-06-12T18:34:06.116+0000] {logging_mixin.py:188} INFO - [2024-06-12T18:34:06.116+0000] {dag.py:3036} INFO - Sync 1 DAGs
[2024-06-12T18:34:06.132+0000] {logging_mixin.py:188} INFO - [2024-06-12T18:34:06.132+0000] {dag.py:3823} INFO - Setting next_dagrun for example_local_kubernetes_executor to None, run_after=None
[2024-06-12T18:34:06.164+0000] {processor.py:183} INFO - Processing /home/airflow/.local/lib/python3.8/site-packages/airflow/example_dags/example_local_kubernetes_executor.py took 0.108 seconds
[2024-06-12T18:34:37.097+0000] {processor.py:161} INFO - Started process (PID=911) to work on /home/airflow/.local/lib/python3.8/site-packages/airflow/example_dags/example_local_kubernetes_executor.py
[2024-06-12T18:34:37.098+0000] {processor.py:830} INFO - Processing file /home/airflow/.local/lib/python3.8/site-packages/airflow/example_dags/example_local_kubernetes_executor.py for tasks to queue
[2024-06-12T18:34:37.100+0000] {logging_mixin.py:188} INFO - [2024-06-12T18:34:37.100+0000] {dagbag.py:538} INFO - Filling up the DagBag from /home/airflow/.local/lib/python3.8/site-packages/airflow/example_dags/example_local_kubernetes_executor.py
[2024-06-12T18:34:37.108+0000] {processor.py:840} INFO - DAG(s) 'example_local_kubernetes_executor' retrieved from /home/airflow/.local/lib/python3.8/site-packages/airflow/example_dags/example_local_kubernetes_executor.py
[2024-06-12T18:34:37.153+0000] {logging_mixin.py:188} INFO - [2024-06-12T18:34:37.153+0000] {dag.py:3036} INFO - Sync 1 DAGs
[2024-06-12T18:34:37.176+0000] {logging_mixin.py:188} INFO - [2024-06-12T18:34:37.176+0000] {dag.py:3823} INFO - Setting next_dagrun for example_local_kubernetes_executor to None, run_after=None
[2024-06-12T18:34:37.211+0000] {processor.py:183} INFO - Processing /home/airflow/.local/lib/python3.8/site-packages/airflow/example_dags/example_local_kubernetes_executor.py took 0.117 seconds
[2024-06-12T18:35:07.493+0000] {processor.py:161} INFO - Started process (PID=968) to work on /home/airflow/.local/lib/python3.8/site-packages/airflow/example_dags/example_local_kubernetes_executor.py
[2024-06-12T18:35:07.494+0000] {processor.py:830} INFO - Processing file /home/airflow/.local/lib/python3.8/site-packages/airflow/example_dags/example_local_kubernetes_executor.py for tasks to queue
[2024-06-12T18:35:07.496+0000] {logging_mixin.py:188} INFO - [2024-06-12T18:35:07.495+0000] {dagbag.py:538} INFO - Filling up the DagBag from /home/airflow/.local/lib/python3.8/site-packages/airflow/example_dags/example_local_kubernetes_executor.py
[2024-06-12T18:35:07.505+0000] {processor.py:840} INFO - DAG(s) 'example_local_kubernetes_executor' retrieved from /home/airflow/.local/lib/python3.8/site-packages/airflow/example_dags/example_local_kubernetes_executor.py
[2024-06-12T18:35:07.550+0000] {logging_mixin.py:188} INFO - [2024-06-12T18:35:07.549+0000] {dag.py:3036} INFO - Sync 1 DAGs
[2024-06-12T18:35:07.568+0000] {logging_mixin.py:188} INFO - [2024-06-12T18:35:07.568+0000] {dag.py:3823} INFO - Setting next_dagrun for example_local_kubernetes_executor to None, run_after=None
[2024-06-12T18:35:07.595+0000] {processor.py:183} INFO - Processing /home/airflow/.local/lib/python3.8/site-packages/airflow/example_dags/example_local_kubernetes_executor.py took 0.106 seconds
[2024-06-12T18:35:37.968+0000] {processor.py:161} INFO - Started process (PID=1025) to work on /home/airflow/.local/lib/python3.8/site-packages/airflow/example_dags/example_local_kubernetes_executor.py
[2024-06-12T18:35:37.969+0000] {processor.py:830} INFO - Processing file /home/airflow/.local/lib/python3.8/site-packages/airflow/example_dags/example_local_kubernetes_executor.py for tasks to queue
[2024-06-12T18:35:37.971+0000] {logging_mixin.py:188} INFO - [2024-06-12T18:35:37.970+0000] {dagbag.py:538} INFO - Filling up the DagBag from /home/airflow/.local/lib/python3.8/site-packages/airflow/example_dags/example_local_kubernetes_executor.py
[2024-06-12T18:35:37.978+0000] {processor.py:840} INFO - DAG(s) 'example_local_kubernetes_executor' retrieved from /home/airflow/.local/lib/python3.8/site-packages/airflow/example_dags/example_local_kubernetes_executor.py
[2024-06-12T18:35:38.030+0000] {logging_mixin.py:188} INFO - [2024-06-12T18:35:38.029+0000] {dag.py:3036} INFO - Sync 1 DAGs
[2024-06-12T18:35:38.045+0000] {logging_mixin.py:188} INFO - [2024-06-12T18:35:38.045+0000] {dag.py:3823} INFO - Setting next_dagrun for example_local_kubernetes_executor to None, run_after=None
[2024-06-12T18:35:38.074+0000] {processor.py:183} INFO - Processing /home/airflow/.local/lib/python3.8/site-packages/airflow/example_dags/example_local_kubernetes_executor.py took 0.110 seconds
