[2024-06-12T18:04:15.290+0000] {processor.py:161} INFO - Started process (PID=87) to work on /home/airflow/.local/lib/python3.8/site-packages/airflow/example_dags/example_bash_operator.py
[2024-06-12T18:04:15.292+0000] {processor.py:830} INFO - Processing file /home/airflow/.local/lib/python3.8/site-packages/airflow/example_dags/example_bash_operator.py for tasks to queue
[2024-06-12T18:04:15.303+0000] {logging_mixin.py:188} INFO - [2024-06-12T18:04:15.302+0000] {dagbag.py:538} INFO - Filling up the DagBag from /home/airflow/.local/lib/python3.8/site-packages/airflow/example_dags/example_bash_operator.py
[2024-06-12T18:04:15.377+0000] {processor.py:840} INFO - DAG(s) 'example_bash_operator' retrieved from /home/airflow/.local/lib/python3.8/site-packages/airflow/example_dags/example_bash_operator.py
[2024-06-12T18:04:15.490+0000] {logging_mixin.py:188} INFO - [2024-06-12T18:04:15.490+0000] {dag.py:3036} INFO - Sync 1 DAGs
[2024-06-12T18:04:15.551+0000] {logging_mixin.py:188} INFO - [2024-06-12T18:04:15.551+0000] {dag.py:3823} INFO - Setting next_dagrun for example_bash_operator to 2024-06-11 00:00:00+00:00, run_after=2024-06-12 00:00:00+00:00
[2024-06-12T18:04:15.602+0000] {processor.py:183} INFO - Processing /home/airflow/.local/lib/python3.8/site-packages/airflow/example_dags/example_bash_operator.py took 0.321 seconds
[2024-06-12T18:05:48.516+0000] {processor.py:161} INFO - Started process (PID=168) to work on /home/airflow/.local/lib/python3.8/site-packages/airflow/example_dags/example_bash_operator.py
[2024-06-12T18:05:48.519+0000] {processor.py:830} INFO - Processing file /home/airflow/.local/lib/python3.8/site-packages/airflow/example_dags/example_bash_operator.py for tasks to queue
[2024-06-12T18:05:48.522+0000] {logging_mixin.py:188} INFO - [2024-06-12T18:05:48.522+0000] {dagbag.py:538} INFO - Filling up the DagBag from /home/airflow/.local/lib/python3.8/site-packages/airflow/example_dags/example_bash_operator.py
[2024-06-12T18:05:48.551+0000] {processor.py:840} INFO - DAG(s) 'example_bash_operator' retrieved from /home/airflow/.local/lib/python3.8/site-packages/airflow/example_dags/example_bash_operator.py
[2024-06-12T18:05:48.619+0000] {logging_mixin.py:188} INFO - [2024-06-12T18:05:48.618+0000] {dag.py:3036} INFO - Sync 1 DAGs
[2024-06-12T18:05:48.740+0000] {logging_mixin.py:188} INFO - [2024-06-12T18:05:48.739+0000] {dag.py:3823} INFO - Setting next_dagrun for example_bash_operator to 2024-06-11 00:00:00+00:00, run_after=2024-06-12 00:00:00+00:00
[2024-06-12T18:05:48.791+0000] {processor.py:183} INFO - Processing /home/airflow/.local/lib/python3.8/site-packages/airflow/example_dags/example_bash_operator.py took 0.285 seconds
[2024-06-12T18:06:18.884+0000] {processor.py:161} INFO - Started process (PID=233) to work on /home/airflow/.local/lib/python3.8/site-packages/airflow/example_dags/example_bash_operator.py
[2024-06-12T18:06:18.888+0000] {processor.py:830} INFO - Processing file /home/airflow/.local/lib/python3.8/site-packages/airflow/example_dags/example_bash_operator.py for tasks to queue
[2024-06-12T18:06:18.890+0000] {logging_mixin.py:188} INFO - [2024-06-12T18:06:18.889+0000] {dagbag.py:538} INFO - Filling up the DagBag from /home/airflow/.local/lib/python3.8/site-packages/airflow/example_dags/example_bash_operator.py
[2024-06-12T18:06:18.921+0000] {processor.py:840} INFO - DAG(s) 'example_bash_operator' retrieved from /home/airflow/.local/lib/python3.8/site-packages/airflow/example_dags/example_bash_operator.py
[2024-06-12T18:06:18.944+0000] {logging_mixin.py:188} INFO - [2024-06-12T18:06:18.943+0000] {dag.py:3036} INFO - Sync 1 DAGs
[2024-06-12T18:06:18.989+0000] {logging_mixin.py:188} INFO - [2024-06-12T18:06:18.988+0000] {dag.py:3823} INFO - Setting next_dagrun for example_bash_operator to 2024-06-11 00:00:00+00:00, run_after=2024-06-12 00:00:00+00:00
[2024-06-12T18:06:19.036+0000] {processor.py:183} INFO - Processing /home/airflow/.local/lib/python3.8/site-packages/airflow/example_dags/example_bash_operator.py took 0.158 seconds
[2024-06-12T18:06:51.333+0000] {processor.py:161} INFO - Started process (PID=292) to work on /home/airflow/.local/lib/python3.8/site-packages/airflow/example_dags/example_bash_operator.py
[2024-06-12T18:06:51.334+0000] {processor.py:830} INFO - Processing file /home/airflow/.local/lib/python3.8/site-packages/airflow/example_dags/example_bash_operator.py for tasks to queue
[2024-06-12T18:06:51.335+0000] {logging_mixin.py:188} INFO - [2024-06-12T18:06:51.334+0000] {dagbag.py:538} INFO - Filling up the DagBag from /home/airflow/.local/lib/python3.8/site-packages/airflow/example_dags/example_bash_operator.py
[2024-06-12T18:06:51.352+0000] {processor.py:840} INFO - DAG(s) 'example_bash_operator' retrieved from /home/airflow/.local/lib/python3.8/site-packages/airflow/example_dags/example_bash_operator.py
[2024-06-12T18:06:51.503+0000] {logging_mixin.py:188} INFO - [2024-06-12T18:06:51.502+0000] {dag.py:3036} INFO - Sync 1 DAGs
[2024-06-12T18:06:51.533+0000] {logging_mixin.py:188} INFO - [2024-06-12T18:06:51.533+0000] {dag.py:3823} INFO - Setting next_dagrun for example_bash_operator to 2024-06-11 00:00:00+00:00, run_after=2024-06-12 00:00:00+00:00
[2024-06-12T18:06:51.614+0000] {processor.py:183} INFO - Processing /home/airflow/.local/lib/python3.8/site-packages/airflow/example_dags/example_bash_operator.py took 0.285 seconds
[2024-06-12T18:07:22.220+0000] {processor.py:161} INFO - Started process (PID=357) to work on /home/airflow/.local/lib/python3.8/site-packages/airflow/example_dags/example_bash_operator.py
[2024-06-12T18:07:22.221+0000] {processor.py:830} INFO - Processing file /home/airflow/.local/lib/python3.8/site-packages/airflow/example_dags/example_bash_operator.py for tasks to queue
[2024-06-12T18:07:22.223+0000] {logging_mixin.py:188} INFO - [2024-06-12T18:07:22.222+0000] {dagbag.py:538} INFO - Filling up the DagBag from /home/airflow/.local/lib/python3.8/site-packages/airflow/example_dags/example_bash_operator.py
[2024-06-12T18:07:22.238+0000] {processor.py:840} INFO - DAG(s) 'example_bash_operator' retrieved from /home/airflow/.local/lib/python3.8/site-packages/airflow/example_dags/example_bash_operator.py
[2024-06-12T18:07:22.282+0000] {logging_mixin.py:188} INFO - [2024-06-12T18:07:22.282+0000] {dag.py:3036} INFO - Sync 1 DAGs
[2024-06-12T18:07:22.312+0000] {logging_mixin.py:188} INFO - [2024-06-12T18:07:22.312+0000] {dag.py:3823} INFO - Setting next_dagrun for example_bash_operator to 2024-06-11 00:00:00+00:00, run_after=2024-06-12 00:00:00+00:00
[2024-06-12T18:07:22.337+0000] {processor.py:183} INFO - Processing /home/airflow/.local/lib/python3.8/site-packages/airflow/example_dags/example_bash_operator.py took 0.121 seconds
[2024-06-12T18:08:02.571+0000] {processor.py:161} INFO - Started process (PID=444) to work on /home/airflow/.local/lib/python3.8/site-packages/airflow/example_dags/example_bash_operator.py
[2024-06-12T18:08:02.572+0000] {processor.py:830} INFO - Processing file /home/airflow/.local/lib/python3.8/site-packages/airflow/example_dags/example_bash_operator.py for tasks to queue
[2024-06-12T18:08:02.573+0000] {logging_mixin.py:188} INFO - [2024-06-12T18:08:02.573+0000] {dagbag.py:538} INFO - Filling up the DagBag from /home/airflow/.local/lib/python3.8/site-packages/airflow/example_dags/example_bash_operator.py
[2024-06-12T18:08:02.596+0000] {processor.py:840} INFO - DAG(s) 'example_bash_operator' retrieved from /home/airflow/.local/lib/python3.8/site-packages/airflow/example_dags/example_bash_operator.py
[2024-06-12T18:08:02.657+0000] {logging_mixin.py:188} INFO - [2024-06-12T18:08:02.656+0000] {dag.py:3036} INFO - Sync 1 DAGs
[2024-06-12T18:08:02.710+0000] {logging_mixin.py:188} INFO - [2024-06-12T18:08:02.710+0000] {dag.py:3823} INFO - Setting next_dagrun for example_bash_operator to 2024-06-11 00:00:00+00:00, run_after=2024-06-12 00:00:00+00:00
[2024-06-12T18:08:02.746+0000] {processor.py:183} INFO - Processing /home/airflow/.local/lib/python3.8/site-packages/airflow/example_dags/example_bash_operator.py took 0.181 seconds
[2024-06-12T18:08:40.065+0000] {processor.py:161} INFO - Started process (PID=507) to work on /home/airflow/.local/lib/python3.8/site-packages/airflow/example_dags/example_bash_operator.py
[2024-06-12T18:08:40.066+0000] {processor.py:830} INFO - Processing file /home/airflow/.local/lib/python3.8/site-packages/airflow/example_dags/example_bash_operator.py for tasks to queue
[2024-06-12T18:08:40.067+0000] {logging_mixin.py:188} INFO - [2024-06-12T18:08:40.067+0000] {dagbag.py:538} INFO - Filling up the DagBag from /home/airflow/.local/lib/python3.8/site-packages/airflow/example_dags/example_bash_operator.py
[2024-06-12T18:08:40.086+0000] {processor.py:840} INFO - DAG(s) 'example_bash_operator' retrieved from /home/airflow/.local/lib/python3.8/site-packages/airflow/example_dags/example_bash_operator.py
[2024-06-12T18:08:40.141+0000] {logging_mixin.py:188} INFO - [2024-06-12T18:08:40.141+0000] {dag.py:3036} INFO - Sync 1 DAGs
[2024-06-12T18:08:40.186+0000] {logging_mixin.py:188} INFO - [2024-06-12T18:08:40.186+0000] {dag.py:3823} INFO - Setting next_dagrun for example_bash_operator to 2024-06-11 00:00:00+00:00, run_after=2024-06-12 00:00:00+00:00
[2024-06-12T18:08:40.222+0000] {processor.py:183} INFO - Processing /home/airflow/.local/lib/python3.8/site-packages/airflow/example_dags/example_bash_operator.py took 0.161 seconds
[2024-06-12T18:09:10.456+0000] {processor.py:161} INFO - Started process (PID=567) to work on /home/airflow/.local/lib/python3.8/site-packages/airflow/example_dags/example_bash_operator.py
[2024-06-12T18:09:10.457+0000] {processor.py:830} INFO - Processing file /home/airflow/.local/lib/python3.8/site-packages/airflow/example_dags/example_bash_operator.py for tasks to queue
[2024-06-12T18:09:10.458+0000] {logging_mixin.py:188} INFO - [2024-06-12T18:09:10.458+0000] {dagbag.py:538} INFO - Filling up the DagBag from /home/airflow/.local/lib/python3.8/site-packages/airflow/example_dags/example_bash_operator.py
[2024-06-12T18:09:10.472+0000] {processor.py:840} INFO - DAG(s) 'example_bash_operator' retrieved from /home/airflow/.local/lib/python3.8/site-packages/airflow/example_dags/example_bash_operator.py
[2024-06-12T18:09:10.484+0000] {logging_mixin.py:188} INFO - [2024-06-12T18:09:10.483+0000] {dag.py:3036} INFO - Sync 1 DAGs
[2024-06-12T18:09:10.512+0000] {logging_mixin.py:188} INFO - [2024-06-12T18:09:10.511+0000] {dag.py:3823} INFO - Setting next_dagrun for example_bash_operator to 2024-06-11 00:00:00+00:00, run_after=2024-06-12 00:00:00+00:00
[2024-06-12T18:09:10.537+0000] {processor.py:183} INFO - Processing /home/airflow/.local/lib/python3.8/site-packages/airflow/example_dags/example_bash_operator.py took 0.083 seconds
[2024-06-12T18:09:43.098+0000] {processor.py:161} INFO - Started process (PID=624) to work on /home/airflow/.local/lib/python3.8/site-packages/airflow/example_dags/example_bash_operator.py
[2024-06-12T18:09:43.099+0000] {processor.py:830} INFO - Processing file /home/airflow/.local/lib/python3.8/site-packages/airflow/example_dags/example_bash_operator.py for tasks to queue
[2024-06-12T18:09:43.101+0000] {logging_mixin.py:188} INFO - [2024-06-12T18:09:43.100+0000] {dagbag.py:538} INFO - Filling up the DagBag from /home/airflow/.local/lib/python3.8/site-packages/airflow/example_dags/example_bash_operator.py
[2024-06-12T18:09:43.115+0000] {processor.py:840} INFO - DAG(s) 'example_bash_operator' retrieved from /home/airflow/.local/lib/python3.8/site-packages/airflow/example_dags/example_bash_operator.py
[2024-06-12T18:09:43.280+0000] {logging_mixin.py:188} INFO - [2024-06-12T18:09:43.280+0000] {dag.py:3036} INFO - Sync 1 DAGs
[2024-06-12T18:09:43.334+0000] {logging_mixin.py:188} INFO - [2024-06-12T18:09:43.334+0000] {dag.py:3823} INFO - Setting next_dagrun for example_bash_operator to 2024-06-11 00:00:00+00:00, run_after=2024-06-12 00:00:00+00:00
[2024-06-12T18:09:43.383+0000] {processor.py:183} INFO - Processing /home/airflow/.local/lib/python3.8/site-packages/airflow/example_dags/example_bash_operator.py took 0.291 seconds
[2024-06-12T18:10:13.964+0000] {processor.py:161} INFO - Started process (PID=683) to work on /home/airflow/.local/lib/python3.8/site-packages/airflow/example_dags/example_bash_operator.py
[2024-06-12T18:10:13.965+0000] {processor.py:830} INFO - Processing file /home/airflow/.local/lib/python3.8/site-packages/airflow/example_dags/example_bash_operator.py for tasks to queue
[2024-06-12T18:10:13.966+0000] {logging_mixin.py:188} INFO - [2024-06-12T18:10:13.966+0000] {dagbag.py:538} INFO - Filling up the DagBag from /home/airflow/.local/lib/python3.8/site-packages/airflow/example_dags/example_bash_operator.py
[2024-06-12T18:10:13.979+0000] {processor.py:840} INFO - DAG(s) 'example_bash_operator' retrieved from /home/airflow/.local/lib/python3.8/site-packages/airflow/example_dags/example_bash_operator.py
[2024-06-12T18:10:14.014+0000] {logging_mixin.py:188} INFO - [2024-06-12T18:10:14.013+0000] {dag.py:3036} INFO - Sync 1 DAGs
[2024-06-12T18:10:14.047+0000] {logging_mixin.py:188} INFO - [2024-06-12T18:10:14.047+0000] {dag.py:3823} INFO - Setting next_dagrun for example_bash_operator to 2024-06-11 00:00:00+00:00, run_after=2024-06-12 00:00:00+00:00
[2024-06-12T18:10:14.081+0000] {processor.py:183} INFO - Processing /home/airflow/.local/lib/python3.8/site-packages/airflow/example_dags/example_bash_operator.py took 0.120 seconds
[2024-06-12T18:10:44.719+0000] {processor.py:161} INFO - Started process (PID=740) to work on /home/airflow/.local/lib/python3.8/site-packages/airflow/example_dags/example_bash_operator.py
[2024-06-12T18:10:44.721+0000] {processor.py:830} INFO - Processing file /home/airflow/.local/lib/python3.8/site-packages/airflow/example_dags/example_bash_operator.py for tasks to queue
[2024-06-12T18:10:44.722+0000] {logging_mixin.py:188} INFO - [2024-06-12T18:10:44.722+0000] {dagbag.py:538} INFO - Filling up the DagBag from /home/airflow/.local/lib/python3.8/site-packages/airflow/example_dags/example_bash_operator.py
[2024-06-12T18:10:44.735+0000] {processor.py:840} INFO - DAG(s) 'example_bash_operator' retrieved from /home/airflow/.local/lib/python3.8/site-packages/airflow/example_dags/example_bash_operator.py
[2024-06-12T18:10:44.774+0000] {logging_mixin.py:188} INFO - [2024-06-12T18:10:44.774+0000] {dag.py:3036} INFO - Sync 1 DAGs
[2024-06-12T18:10:44.806+0000] {logging_mixin.py:188} INFO - [2024-06-12T18:10:44.805+0000] {dag.py:3823} INFO - Setting next_dagrun for example_bash_operator to 2024-06-11 00:00:00+00:00, run_after=2024-06-12 00:00:00+00:00
[2024-06-12T18:10:44.832+0000] {processor.py:183} INFO - Processing /home/airflow/.local/lib/python3.8/site-packages/airflow/example_dags/example_bash_operator.py took 0.116 seconds
[2024-06-12T18:11:15.532+0000] {processor.py:161} INFO - Started process (PID=797) to work on /home/airflow/.local/lib/python3.8/site-packages/airflow/example_dags/example_bash_operator.py
[2024-06-12T18:11:15.533+0000] {processor.py:830} INFO - Processing file /home/airflow/.local/lib/python3.8/site-packages/airflow/example_dags/example_bash_operator.py for tasks to queue
[2024-06-12T18:11:15.535+0000] {logging_mixin.py:188} INFO - [2024-06-12T18:11:15.534+0000] {dagbag.py:538} INFO - Filling up the DagBag from /home/airflow/.local/lib/python3.8/site-packages/airflow/example_dags/example_bash_operator.py
[2024-06-12T18:11:15.548+0000] {processor.py:840} INFO - DAG(s) 'example_bash_operator' retrieved from /home/airflow/.local/lib/python3.8/site-packages/airflow/example_dags/example_bash_operator.py
[2024-06-12T18:11:15.585+0000] {logging_mixin.py:188} INFO - [2024-06-12T18:11:15.585+0000] {dag.py:3036} INFO - Sync 1 DAGs
[2024-06-12T18:11:15.610+0000] {logging_mixin.py:188} INFO - [2024-06-12T18:11:15.610+0000] {dag.py:3823} INFO - Setting next_dagrun for example_bash_operator to 2024-06-11 00:00:00+00:00, run_after=2024-06-12 00:00:00+00:00
[2024-06-12T18:11:15.631+0000] {processor.py:183} INFO - Processing /home/airflow/.local/lib/python3.8/site-packages/airflow/example_dags/example_bash_operator.py took 0.103 seconds
[2024-06-12T18:11:46.567+0000] {processor.py:161} INFO - Started process (PID=854) to work on /home/airflow/.local/lib/python3.8/site-packages/airflow/example_dags/example_bash_operator.py
[2024-06-12T18:11:46.568+0000] {processor.py:830} INFO - Processing file /home/airflow/.local/lib/python3.8/site-packages/airflow/example_dags/example_bash_operator.py for tasks to queue
[2024-06-12T18:11:46.570+0000] {logging_mixin.py:188} INFO - [2024-06-12T18:11:46.569+0000] {dagbag.py:538} INFO - Filling up the DagBag from /home/airflow/.local/lib/python3.8/site-packages/airflow/example_dags/example_bash_operator.py
[2024-06-12T18:11:46.584+0000] {processor.py:840} INFO - DAG(s) 'example_bash_operator' retrieved from /home/airflow/.local/lib/python3.8/site-packages/airflow/example_dags/example_bash_operator.py
[2024-06-12T18:11:46.635+0000] {logging_mixin.py:188} INFO - [2024-06-12T18:11:46.634+0000] {dag.py:3036} INFO - Sync 1 DAGs
[2024-06-12T18:11:46.671+0000] {logging_mixin.py:188} INFO - [2024-06-12T18:11:46.671+0000] {dag.py:3823} INFO - Setting next_dagrun for example_bash_operator to 2024-06-11 00:00:00+00:00, run_after=2024-06-12 00:00:00+00:00
[2024-06-12T18:11:46.699+0000] {processor.py:183} INFO - Processing /home/airflow/.local/lib/python3.8/site-packages/airflow/example_dags/example_bash_operator.py took 0.135 seconds
[2024-06-12T18:14:53.609+0000] {processor.py:161} INFO - Started process (PID=88) to work on /home/airflow/.local/lib/python3.8/site-packages/airflow/example_dags/example_bash_operator.py
[2024-06-12T18:14:53.611+0000] {processor.py:830} INFO - Processing file /home/airflow/.local/lib/python3.8/site-packages/airflow/example_dags/example_bash_operator.py for tasks to queue
[2024-06-12T18:14:53.615+0000] {logging_mixin.py:188} INFO - [2024-06-12T18:14:53.614+0000] {dagbag.py:538} INFO - Filling up the DagBag from /home/airflow/.local/lib/python3.8/site-packages/airflow/example_dags/example_bash_operator.py
[2024-06-12T18:14:53.643+0000] {processor.py:840} INFO - DAG(s) 'example_bash_operator' retrieved from /home/airflow/.local/lib/python3.8/site-packages/airflow/example_dags/example_bash_operator.py
[2024-06-12T18:14:53.723+0000] {logging_mixin.py:188} INFO - [2024-06-12T18:14:53.723+0000] {dag.py:3036} INFO - Sync 1 DAGs
[2024-06-12T18:14:53.813+0000] {logging_mixin.py:188} INFO - [2024-06-12T18:14:53.813+0000] {dag.py:3823} INFO - Setting next_dagrun for example_bash_operator to 2024-06-11 00:00:00+00:00, run_after=2024-06-12 00:00:00+00:00
[2024-06-12T18:14:53.864+0000] {processor.py:183} INFO - Processing /home/airflow/.local/lib/python3.8/site-packages/airflow/example_dags/example_bash_operator.py took 0.259 seconds
[2024-06-12T18:15:24.371+0000] {processor.py:161} INFO - Started process (PID=145) to work on /home/airflow/.local/lib/python3.8/site-packages/airflow/example_dags/example_bash_operator.py
[2024-06-12T18:15:24.372+0000] {processor.py:830} INFO - Processing file /home/airflow/.local/lib/python3.8/site-packages/airflow/example_dags/example_bash_operator.py for tasks to queue
[2024-06-12T18:15:24.373+0000] {logging_mixin.py:188} INFO - [2024-06-12T18:15:24.373+0000] {dagbag.py:538} INFO - Filling up the DagBag from /home/airflow/.local/lib/python3.8/site-packages/airflow/example_dags/example_bash_operator.py
[2024-06-12T18:15:24.388+0000] {processor.py:840} INFO - DAG(s) 'example_bash_operator' retrieved from /home/airflow/.local/lib/python3.8/site-packages/airflow/example_dags/example_bash_operator.py
[2024-06-12T18:15:24.399+0000] {logging_mixin.py:188} INFO - [2024-06-12T18:15:24.399+0000] {dag.py:3036} INFO - Sync 1 DAGs
[2024-06-12T18:15:24.428+0000] {logging_mixin.py:188} INFO - [2024-06-12T18:15:24.428+0000] {dag.py:3823} INFO - Setting next_dagrun for example_bash_operator to 2024-06-11 00:00:00+00:00, run_after=2024-06-12 00:00:00+00:00
[2024-06-12T18:15:24.455+0000] {processor.py:183} INFO - Processing /home/airflow/.local/lib/python3.8/site-packages/airflow/example_dags/example_bash_operator.py took 0.087 seconds
[2024-06-12T18:15:54.858+0000] {processor.py:161} INFO - Started process (PID=202) to work on /home/airflow/.local/lib/python3.8/site-packages/airflow/example_dags/example_bash_operator.py
[2024-06-12T18:15:54.859+0000] {processor.py:830} INFO - Processing file /home/airflow/.local/lib/python3.8/site-packages/airflow/example_dags/example_bash_operator.py for tasks to queue
[2024-06-12T18:15:54.861+0000] {logging_mixin.py:188} INFO - [2024-06-12T18:15:54.861+0000] {dagbag.py:538} INFO - Filling up the DagBag from /home/airflow/.local/lib/python3.8/site-packages/airflow/example_dags/example_bash_operator.py
[2024-06-12T18:15:54.873+0000] {processor.py:840} INFO - DAG(s) 'example_bash_operator' retrieved from /home/airflow/.local/lib/python3.8/site-packages/airflow/example_dags/example_bash_operator.py
[2024-06-12T18:15:55.016+0000] {logging_mixin.py:188} INFO - [2024-06-12T18:15:55.016+0000] {dag.py:3036} INFO - Sync 1 DAGs
[2024-06-12T18:15:55.050+0000] {logging_mixin.py:188} INFO - [2024-06-12T18:15:55.049+0000] {dag.py:3823} INFO - Setting next_dagrun for example_bash_operator to 2024-06-11 00:00:00+00:00, run_after=2024-06-12 00:00:00+00:00
[2024-06-12T18:15:55.077+0000] {processor.py:183} INFO - Processing /home/airflow/.local/lib/python3.8/site-packages/airflow/example_dags/example_bash_operator.py took 0.222 seconds
[2024-06-12T18:16:25.658+0000] {processor.py:161} INFO - Started process (PID=259) to work on /home/airflow/.local/lib/python3.8/site-packages/airflow/example_dags/example_bash_operator.py
[2024-06-12T18:16:25.659+0000] {processor.py:830} INFO - Processing file /home/airflow/.local/lib/python3.8/site-packages/airflow/example_dags/example_bash_operator.py for tasks to queue
[2024-06-12T18:16:25.661+0000] {logging_mixin.py:188} INFO - [2024-06-12T18:16:25.660+0000] {dagbag.py:538} INFO - Filling up the DagBag from /home/airflow/.local/lib/python3.8/site-packages/airflow/example_dags/example_bash_operator.py
[2024-06-12T18:16:25.672+0000] {processor.py:840} INFO - DAG(s) 'example_bash_operator' retrieved from /home/airflow/.local/lib/python3.8/site-packages/airflow/example_dags/example_bash_operator.py
[2024-06-12T18:16:25.684+0000] {logging_mixin.py:188} INFO - [2024-06-12T18:16:25.684+0000] {dag.py:3036} INFO - Sync 1 DAGs
[2024-06-12T18:16:25.713+0000] {logging_mixin.py:188} INFO - [2024-06-12T18:16:25.713+0000] {dag.py:3823} INFO - Setting next_dagrun for example_bash_operator to 2024-06-11 00:00:00+00:00, run_after=2024-06-12 00:00:00+00:00
[2024-06-12T18:16:25.737+0000] {processor.py:183} INFO - Processing /home/airflow/.local/lib/python3.8/site-packages/airflow/example_dags/example_bash_operator.py took 0.082 seconds
[2024-06-12T18:16:56.744+0000] {processor.py:161} INFO - Started process (PID=316) to work on /home/airflow/.local/lib/python3.8/site-packages/airflow/example_dags/example_bash_operator.py
[2024-06-12T18:16:56.744+0000] {processor.py:830} INFO - Processing file /home/airflow/.local/lib/python3.8/site-packages/airflow/example_dags/example_bash_operator.py for tasks to queue
[2024-06-12T18:16:56.746+0000] {logging_mixin.py:188} INFO - [2024-06-12T18:16:56.746+0000] {dagbag.py:538} INFO - Filling up the DagBag from /home/airflow/.local/lib/python3.8/site-packages/airflow/example_dags/example_bash_operator.py
[2024-06-12T18:16:56.756+0000] {processor.py:840} INFO - DAG(s) 'example_bash_operator' retrieved from /home/airflow/.local/lib/python3.8/site-packages/airflow/example_dags/example_bash_operator.py
[2024-06-12T18:16:56.879+0000] {logging_mixin.py:188} INFO - [2024-06-12T18:16:56.879+0000] {dag.py:3036} INFO - Sync 1 DAGs
[2024-06-12T18:16:56.901+0000] {logging_mixin.py:188} INFO - [2024-06-12T18:16:56.901+0000] {dag.py:3823} INFO - Setting next_dagrun for example_bash_operator to 2024-06-11 00:00:00+00:00, run_after=2024-06-12 00:00:00+00:00
[2024-06-12T18:16:56.924+0000] {processor.py:183} INFO - Processing /home/airflow/.local/lib/python3.8/site-packages/airflow/example_dags/example_bash_operator.py took 0.183 seconds
[2024-06-12T18:17:27.377+0000] {processor.py:161} INFO - Started process (PID=373) to work on /home/airflow/.local/lib/python3.8/site-packages/airflow/example_dags/example_bash_operator.py
[2024-06-12T18:17:27.378+0000] {processor.py:830} INFO - Processing file /home/airflow/.local/lib/python3.8/site-packages/airflow/example_dags/example_bash_operator.py for tasks to queue
[2024-06-12T18:17:27.379+0000] {logging_mixin.py:188} INFO - [2024-06-12T18:17:27.379+0000] {dagbag.py:538} INFO - Filling up the DagBag from /home/airflow/.local/lib/python3.8/site-packages/airflow/example_dags/example_bash_operator.py
[2024-06-12T18:17:27.390+0000] {processor.py:840} INFO - DAG(s) 'example_bash_operator' retrieved from /home/airflow/.local/lib/python3.8/site-packages/airflow/example_dags/example_bash_operator.py
[2024-06-12T18:17:27.423+0000] {logging_mixin.py:188} INFO - [2024-06-12T18:17:27.423+0000] {dag.py:3036} INFO - Sync 1 DAGs
[2024-06-12T18:17:27.448+0000] {logging_mixin.py:188} INFO - [2024-06-12T18:17:27.448+0000] {dag.py:3823} INFO - Setting next_dagrun for example_bash_operator to 2024-06-11 00:00:00+00:00, run_after=2024-06-12 00:00:00+00:00
[2024-06-12T18:17:27.471+0000] {processor.py:183} INFO - Processing /home/airflow/.local/lib/python3.8/site-packages/airflow/example_dags/example_bash_operator.py took 0.098 seconds
[2024-06-12T18:18:47.860+0000] {processor.py:161} INFO - Started process (PID=82) to work on /home/airflow/.local/lib/python3.8/site-packages/airflow/example_dags/example_bash_operator.py
[2024-06-12T18:18:47.861+0000] {processor.py:830} INFO - Processing file /home/airflow/.local/lib/python3.8/site-packages/airflow/example_dags/example_bash_operator.py for tasks to queue
[2024-06-12T18:18:47.863+0000] {logging_mixin.py:188} INFO - [2024-06-12T18:18:47.863+0000] {dagbag.py:538} INFO - Filling up the DagBag from /home/airflow/.local/lib/python3.8/site-packages/airflow/example_dags/example_bash_operator.py
[2024-06-12T18:18:47.877+0000] {processor.py:840} INFO - DAG(s) 'example_bash_operator' retrieved from /home/airflow/.local/lib/python3.8/site-packages/airflow/example_dags/example_bash_operator.py
[2024-06-12T18:18:47.888+0000] {logging_mixin.py:188} INFO - [2024-06-12T18:18:47.888+0000] {dag.py:3036} INFO - Sync 1 DAGs
[2024-06-12T18:18:47.914+0000] {logging_mixin.py:188} INFO - [2024-06-12T18:18:47.914+0000] {dag.py:3823} INFO - Setting next_dagrun for example_bash_operator to 2024-06-11 00:00:00+00:00, run_after=2024-06-12 00:00:00+00:00
[2024-06-12T18:18:47.938+0000] {processor.py:183} INFO - Processing /home/airflow/.local/lib/python3.8/site-packages/airflow/example_dags/example_bash_operator.py took 0.080 seconds
[2024-06-12T18:19:19.508+0000] {processor.py:161} INFO - Started process (PID=139) to work on /home/airflow/.local/lib/python3.8/site-packages/airflow/example_dags/example_bash_operator.py
[2024-06-12T18:19:19.509+0000] {processor.py:830} INFO - Processing file /home/airflow/.local/lib/python3.8/site-packages/airflow/example_dags/example_bash_operator.py for tasks to queue
[2024-06-12T18:19:19.512+0000] {logging_mixin.py:188} INFO - [2024-06-12T18:19:19.512+0000] {dagbag.py:538} INFO - Filling up the DagBag from /home/airflow/.local/lib/python3.8/site-packages/airflow/example_dags/example_bash_operator.py
[2024-06-12T18:19:19.531+0000] {processor.py:840} INFO - DAG(s) 'example_bash_operator' retrieved from /home/airflow/.local/lib/python3.8/site-packages/airflow/example_dags/example_bash_operator.py
[2024-06-12T18:19:19.546+0000] {logging_mixin.py:188} INFO - [2024-06-12T18:19:19.546+0000] {dag.py:3036} INFO - Sync 1 DAGs
[2024-06-12T18:19:19.577+0000] {logging_mixin.py:188} INFO - [2024-06-12T18:19:19.576+0000] {dag.py:3823} INFO - Setting next_dagrun for example_bash_operator to 2024-06-11 00:00:00+00:00, run_after=2024-06-12 00:00:00+00:00
[2024-06-12T18:19:19.604+0000] {processor.py:183} INFO - Processing /home/airflow/.local/lib/python3.8/site-packages/airflow/example_dags/example_bash_operator.py took 0.099 seconds
[2024-06-12T18:19:52.792+0000] {processor.py:161} INFO - Started process (PID=196) to work on /home/airflow/.local/lib/python3.8/site-packages/airflow/example_dags/example_bash_operator.py
[2024-06-12T18:19:52.793+0000] {processor.py:830} INFO - Processing file /home/airflow/.local/lib/python3.8/site-packages/airflow/example_dags/example_bash_operator.py for tasks to queue
[2024-06-12T18:19:52.796+0000] {logging_mixin.py:188} INFO - [2024-06-12T18:19:52.795+0000] {dagbag.py:538} INFO - Filling up the DagBag from /home/airflow/.local/lib/python3.8/site-packages/airflow/example_dags/example_bash_operator.py
[2024-06-12T18:19:52.809+0000] {processor.py:840} INFO - DAG(s) 'example_bash_operator' retrieved from /home/airflow/.local/lib/python3.8/site-packages/airflow/example_dags/example_bash_operator.py
[2024-06-12T18:19:52.986+0000] {logging_mixin.py:188} INFO - [2024-06-12T18:19:52.985+0000] {dag.py:3036} INFO - Sync 1 DAGs
[2024-06-12T18:19:53.024+0000] {logging_mixin.py:188} INFO - [2024-06-12T18:19:53.023+0000] {dag.py:3823} INFO - Setting next_dagrun for example_bash_operator to 2024-06-11 00:00:00+00:00, run_after=2024-06-12 00:00:00+00:00
[2024-06-12T18:19:53.061+0000] {processor.py:183} INFO - Processing /home/airflow/.local/lib/python3.8/site-packages/airflow/example_dags/example_bash_operator.py took 0.272 seconds
[2024-06-12T18:20:23.464+0000] {processor.py:161} INFO - Started process (PID=253) to work on /home/airflow/.local/lib/python3.8/site-packages/airflow/example_dags/example_bash_operator.py
[2024-06-12T18:20:23.466+0000] {processor.py:830} INFO - Processing file /home/airflow/.local/lib/python3.8/site-packages/airflow/example_dags/example_bash_operator.py for tasks to queue
[2024-06-12T18:20:23.468+0000] {logging_mixin.py:188} INFO - [2024-06-12T18:20:23.468+0000] {dagbag.py:538} INFO - Filling up the DagBag from /home/airflow/.local/lib/python3.8/site-packages/airflow/example_dags/example_bash_operator.py
[2024-06-12T18:20:23.493+0000] {processor.py:840} INFO - DAG(s) 'example_bash_operator' retrieved from /home/airflow/.local/lib/python3.8/site-packages/airflow/example_dags/example_bash_operator.py
[2024-06-12T18:20:23.546+0000] {logging_mixin.py:188} INFO - [2024-06-12T18:20:23.545+0000] {dag.py:3036} INFO - Sync 1 DAGs
[2024-06-12T18:20:23.582+0000] {logging_mixin.py:188} INFO - [2024-06-12T18:20:23.581+0000] {dag.py:3823} INFO - Setting next_dagrun for example_bash_operator to 2024-06-11 00:00:00+00:00, run_after=2024-06-12 00:00:00+00:00
[2024-06-12T18:20:23.619+0000] {processor.py:183} INFO - Processing /home/airflow/.local/lib/python3.8/site-packages/airflow/example_dags/example_bash_operator.py took 0.158 seconds
[2024-06-12T18:20:54.099+0000] {processor.py:161} INFO - Started process (PID=310) to work on /home/airflow/.local/lib/python3.8/site-packages/airflow/example_dags/example_bash_operator.py
[2024-06-12T18:20:54.100+0000] {processor.py:830} INFO - Processing file /home/airflow/.local/lib/python3.8/site-packages/airflow/example_dags/example_bash_operator.py for tasks to queue
[2024-06-12T18:20:54.102+0000] {logging_mixin.py:188} INFO - [2024-06-12T18:20:54.102+0000] {dagbag.py:538} INFO - Filling up the DagBag from /home/airflow/.local/lib/python3.8/site-packages/airflow/example_dags/example_bash_operator.py
[2024-06-12T18:20:54.118+0000] {processor.py:840} INFO - DAG(s) 'example_bash_operator' retrieved from /home/airflow/.local/lib/python3.8/site-packages/airflow/example_dags/example_bash_operator.py
[2024-06-12T18:20:54.167+0000] {logging_mixin.py:188} INFO - [2024-06-12T18:20:54.167+0000] {dag.py:3036} INFO - Sync 1 DAGs
[2024-06-12T18:20:54.207+0000] {logging_mixin.py:188} INFO - [2024-06-12T18:20:54.206+0000] {dag.py:3823} INFO - Setting next_dagrun for example_bash_operator to 2024-06-11 00:00:00+00:00, run_after=2024-06-12 00:00:00+00:00
[2024-06-12T18:20:54.236+0000] {processor.py:183} INFO - Processing /home/airflow/.local/lib/python3.8/site-packages/airflow/example_dags/example_bash_operator.py took 0.142 seconds
[2024-06-12T18:21:24.272+0000] {processor.py:161} INFO - Started process (PID=367) to work on /home/airflow/.local/lib/python3.8/site-packages/airflow/example_dags/example_bash_operator.py
[2024-06-12T18:21:24.273+0000] {processor.py:830} INFO - Processing file /home/airflow/.local/lib/python3.8/site-packages/airflow/example_dags/example_bash_operator.py for tasks to queue
[2024-06-12T18:21:24.275+0000] {logging_mixin.py:188} INFO - [2024-06-12T18:21:24.275+0000] {dagbag.py:538} INFO - Filling up the DagBag from /home/airflow/.local/lib/python3.8/site-packages/airflow/example_dags/example_bash_operator.py
[2024-06-12T18:21:24.294+0000] {processor.py:840} INFO - DAG(s) 'example_bash_operator' retrieved from /home/airflow/.local/lib/python3.8/site-packages/airflow/example_dags/example_bash_operator.py
[2024-06-12T18:21:24.348+0000] {logging_mixin.py:188} INFO - [2024-06-12T18:21:24.347+0000] {dag.py:3036} INFO - Sync 1 DAGs
[2024-06-12T18:21:24.376+0000] {logging_mixin.py:188} INFO - [2024-06-12T18:21:24.376+0000] {dag.py:3823} INFO - Setting next_dagrun for example_bash_operator to 2024-06-11 00:00:00+00:00, run_after=2024-06-12 00:00:00+00:00
[2024-06-12T18:21:24.405+0000] {processor.py:183} INFO - Processing /home/airflow/.local/lib/python3.8/site-packages/airflow/example_dags/example_bash_operator.py took 0.135 seconds
[2024-06-12T18:21:54.492+0000] {processor.py:161} INFO - Started process (PID=424) to work on /home/airflow/.local/lib/python3.8/site-packages/airflow/example_dags/example_bash_operator.py
[2024-06-12T18:21:54.493+0000] {processor.py:830} INFO - Processing file /home/airflow/.local/lib/python3.8/site-packages/airflow/example_dags/example_bash_operator.py for tasks to queue
[2024-06-12T18:21:54.495+0000] {logging_mixin.py:188} INFO - [2024-06-12T18:21:54.494+0000] {dagbag.py:538} INFO - Filling up the DagBag from /home/airflow/.local/lib/python3.8/site-packages/airflow/example_dags/example_bash_operator.py
[2024-06-12T18:21:54.506+0000] {processor.py:840} INFO - DAG(s) 'example_bash_operator' retrieved from /home/airflow/.local/lib/python3.8/site-packages/airflow/example_dags/example_bash_operator.py
[2024-06-12T18:21:54.535+0000] {logging_mixin.py:188} INFO - [2024-06-12T18:21:54.535+0000] {dag.py:3036} INFO - Sync 1 DAGs
[2024-06-12T18:21:54.559+0000] {logging_mixin.py:188} INFO - [2024-06-12T18:21:54.559+0000] {dag.py:3823} INFO - Setting next_dagrun for example_bash_operator to 2024-06-11 00:00:00+00:00, run_after=2024-06-12 00:00:00+00:00
[2024-06-12T18:21:54.582+0000] {processor.py:183} INFO - Processing /home/airflow/.local/lib/python3.8/site-packages/airflow/example_dags/example_bash_operator.py took 0.092 seconds
[2024-06-12T18:22:24.741+0000] {processor.py:161} INFO - Started process (PID=481) to work on /home/airflow/.local/lib/python3.8/site-packages/airflow/example_dags/example_bash_operator.py
[2024-06-12T18:22:24.742+0000] {processor.py:830} INFO - Processing file /home/airflow/.local/lib/python3.8/site-packages/airflow/example_dags/example_bash_operator.py for tasks to queue
[2024-06-12T18:22:24.744+0000] {logging_mixin.py:188} INFO - [2024-06-12T18:22:24.744+0000] {dagbag.py:538} INFO - Filling up the DagBag from /home/airflow/.local/lib/python3.8/site-packages/airflow/example_dags/example_bash_operator.py
[2024-06-12T18:22:24.758+0000] {processor.py:840} INFO - DAG(s) 'example_bash_operator' retrieved from /home/airflow/.local/lib/python3.8/site-packages/airflow/example_dags/example_bash_operator.py
[2024-06-12T18:22:24.804+0000] {logging_mixin.py:188} INFO - [2024-06-12T18:22:24.803+0000] {dag.py:3036} INFO - Sync 1 DAGs
[2024-06-12T18:22:24.837+0000] {logging_mixin.py:188} INFO - [2024-06-12T18:22:24.837+0000] {dag.py:3823} INFO - Setting next_dagrun for example_bash_operator to 2024-06-11 00:00:00+00:00, run_after=2024-06-12 00:00:00+00:00
[2024-06-12T18:22:24.867+0000] {processor.py:183} INFO - Processing /home/airflow/.local/lib/python3.8/site-packages/airflow/example_dags/example_bash_operator.py took 0.130 seconds
[2024-06-12T18:22:55.318+0000] {processor.py:161} INFO - Started process (PID=538) to work on /home/airflow/.local/lib/python3.8/site-packages/airflow/example_dags/example_bash_operator.py
[2024-06-12T18:22:55.319+0000] {processor.py:830} INFO - Processing file /home/airflow/.local/lib/python3.8/site-packages/airflow/example_dags/example_bash_operator.py for tasks to queue
[2024-06-12T18:22:55.322+0000] {logging_mixin.py:188} INFO - [2024-06-12T18:22:55.322+0000] {dagbag.py:538} INFO - Filling up the DagBag from /home/airflow/.local/lib/python3.8/site-packages/airflow/example_dags/example_bash_operator.py
[2024-06-12T18:22:55.338+0000] {processor.py:840} INFO - DAG(s) 'example_bash_operator' retrieved from /home/airflow/.local/lib/python3.8/site-packages/airflow/example_dags/example_bash_operator.py
[2024-06-12T18:22:55.390+0000] {logging_mixin.py:188} INFO - [2024-06-12T18:22:55.390+0000] {dag.py:3036} INFO - Sync 1 DAGs
[2024-06-12T18:22:55.421+0000] {logging_mixin.py:188} INFO - [2024-06-12T18:22:55.421+0000] {dag.py:3823} INFO - Setting next_dagrun for example_bash_operator to 2024-06-11 00:00:00+00:00, run_after=2024-06-12 00:00:00+00:00
[2024-06-12T18:22:55.455+0000] {processor.py:183} INFO - Processing /home/airflow/.local/lib/python3.8/site-packages/airflow/example_dags/example_bash_operator.py took 0.140 seconds
[2024-06-12T18:23:25.542+0000] {processor.py:161} INFO - Started process (PID=595) to work on /home/airflow/.local/lib/python3.8/site-packages/airflow/example_dags/example_bash_operator.py
[2024-06-12T18:23:25.543+0000] {processor.py:830} INFO - Processing file /home/airflow/.local/lib/python3.8/site-packages/airflow/example_dags/example_bash_operator.py for tasks to queue
[2024-06-12T18:23:25.545+0000] {logging_mixin.py:188} INFO - [2024-06-12T18:23:25.545+0000] {dagbag.py:538} INFO - Filling up the DagBag from /home/airflow/.local/lib/python3.8/site-packages/airflow/example_dags/example_bash_operator.py
[2024-06-12T18:23:25.562+0000] {processor.py:840} INFO - DAG(s) 'example_bash_operator' retrieved from /home/airflow/.local/lib/python3.8/site-packages/airflow/example_dags/example_bash_operator.py
[2024-06-12T18:23:25.613+0000] {logging_mixin.py:188} INFO - [2024-06-12T18:23:25.613+0000] {dag.py:3036} INFO - Sync 1 DAGs
[2024-06-12T18:23:25.648+0000] {logging_mixin.py:188} INFO - [2024-06-12T18:23:25.648+0000] {dag.py:3823} INFO - Setting next_dagrun for example_bash_operator to 2024-06-11 00:00:00+00:00, run_after=2024-06-12 00:00:00+00:00
[2024-06-12T18:23:25.683+0000] {processor.py:183} INFO - Processing /home/airflow/.local/lib/python3.8/site-packages/airflow/example_dags/example_bash_operator.py took 0.145 seconds
[2024-06-12T18:23:56.957+0000] {processor.py:161} INFO - Started process (PID=652) to work on /home/airflow/.local/lib/python3.8/site-packages/airflow/example_dags/example_bash_operator.py
[2024-06-12T18:23:56.958+0000] {processor.py:830} INFO - Processing file /home/airflow/.local/lib/python3.8/site-packages/airflow/example_dags/example_bash_operator.py for tasks to queue
[2024-06-12T18:23:56.960+0000] {logging_mixin.py:188} INFO - [2024-06-12T18:23:56.960+0000] {dagbag.py:538} INFO - Filling up the DagBag from /home/airflow/.local/lib/python3.8/site-packages/airflow/example_dags/example_bash_operator.py
[2024-06-12T18:23:56.976+0000] {processor.py:840} INFO - DAG(s) 'example_bash_operator' retrieved from /home/airflow/.local/lib/python3.8/site-packages/airflow/example_dags/example_bash_operator.py
[2024-06-12T18:23:57.025+0000] {logging_mixin.py:188} INFO - [2024-06-12T18:23:57.024+0000] {dag.py:3036} INFO - Sync 1 DAGs
[2024-06-12T18:23:57.056+0000] {logging_mixin.py:188} INFO - [2024-06-12T18:23:57.056+0000] {dag.py:3823} INFO - Setting next_dagrun for example_bash_operator to 2024-06-11 00:00:00+00:00, run_after=2024-06-12 00:00:00+00:00
[2024-06-12T18:23:57.088+0000] {processor.py:183} INFO - Processing /home/airflow/.local/lib/python3.8/site-packages/airflow/example_dags/example_bash_operator.py took 0.135 seconds
[2024-06-12T18:24:27.969+0000] {processor.py:161} INFO - Started process (PID=709) to work on /home/airflow/.local/lib/python3.8/site-packages/airflow/example_dags/example_bash_operator.py
[2024-06-12T18:24:27.970+0000] {processor.py:830} INFO - Processing file /home/airflow/.local/lib/python3.8/site-packages/airflow/example_dags/example_bash_operator.py for tasks to queue
[2024-06-12T18:24:27.972+0000] {logging_mixin.py:188} INFO - [2024-06-12T18:24:27.972+0000] {dagbag.py:538} INFO - Filling up the DagBag from /home/airflow/.local/lib/python3.8/site-packages/airflow/example_dags/example_bash_operator.py
[2024-06-12T18:24:27.986+0000] {processor.py:840} INFO - DAG(s) 'example_bash_operator' retrieved from /home/airflow/.local/lib/python3.8/site-packages/airflow/example_dags/example_bash_operator.py
[2024-06-12T18:24:27.998+0000] {logging_mixin.py:188} INFO - [2024-06-12T18:24:27.998+0000] {dag.py:3036} INFO - Sync 1 DAGs
[2024-06-12T18:24:28.032+0000] {logging_mixin.py:188} INFO - [2024-06-12T18:24:28.031+0000] {dag.py:3823} INFO - Setting next_dagrun for example_bash_operator to 2024-06-11 00:00:00+00:00, run_after=2024-06-12 00:00:00+00:00
[2024-06-12T18:24:28.059+0000] {processor.py:183} INFO - Processing /home/airflow/.local/lib/python3.8/site-packages/airflow/example_dags/example_bash_operator.py took 0.095 seconds
[2024-06-12T18:24:59.001+0000] {processor.py:161} INFO - Started process (PID=766) to work on /home/airflow/.local/lib/python3.8/site-packages/airflow/example_dags/example_bash_operator.py
[2024-06-12T18:24:59.002+0000] {processor.py:830} INFO - Processing file /home/airflow/.local/lib/python3.8/site-packages/airflow/example_dags/example_bash_operator.py for tasks to queue
[2024-06-12T18:24:59.003+0000] {logging_mixin.py:188} INFO - [2024-06-12T18:24:59.003+0000] {dagbag.py:538} INFO - Filling up the DagBag from /home/airflow/.local/lib/python3.8/site-packages/airflow/example_dags/example_bash_operator.py
[2024-06-12T18:24:59.017+0000] {processor.py:840} INFO - DAG(s) 'example_bash_operator' retrieved from /home/airflow/.local/lib/python3.8/site-packages/airflow/example_dags/example_bash_operator.py
[2024-06-12T18:24:59.154+0000] {logging_mixin.py:188} INFO - [2024-06-12T18:24:59.154+0000] {dag.py:3036} INFO - Sync 1 DAGs
[2024-06-12T18:24:59.181+0000] {logging_mixin.py:188} INFO - [2024-06-12T18:24:59.181+0000] {dag.py:3823} INFO - Setting next_dagrun for example_bash_operator to 2024-06-11 00:00:00+00:00, run_after=2024-06-12 00:00:00+00:00
[2024-06-12T18:24:59.206+0000] {processor.py:183} INFO - Processing /home/airflow/.local/lib/python3.8/site-packages/airflow/example_dags/example_bash_operator.py took 0.208 seconds
[2024-06-12T18:25:29.360+0000] {processor.py:161} INFO - Started process (PID=823) to work on /home/airflow/.local/lib/python3.8/site-packages/airflow/example_dags/example_bash_operator.py
[2024-06-12T18:25:29.361+0000] {processor.py:830} INFO - Processing file /home/airflow/.local/lib/python3.8/site-packages/airflow/example_dags/example_bash_operator.py for tasks to queue
[2024-06-12T18:25:29.364+0000] {logging_mixin.py:188} INFO - [2024-06-12T18:25:29.363+0000] {dagbag.py:538} INFO - Filling up the DagBag from /home/airflow/.local/lib/python3.8/site-packages/airflow/example_dags/example_bash_operator.py
[2024-06-12T18:25:29.380+0000] {processor.py:840} INFO - DAG(s) 'example_bash_operator' retrieved from /home/airflow/.local/lib/python3.8/site-packages/airflow/example_dags/example_bash_operator.py
[2024-06-12T18:25:29.424+0000] {logging_mixin.py:188} INFO - [2024-06-12T18:25:29.423+0000] {dag.py:3036} INFO - Sync 1 DAGs
[2024-06-12T18:25:29.456+0000] {logging_mixin.py:188} INFO - [2024-06-12T18:25:29.456+0000] {dag.py:3823} INFO - Setting next_dagrun for example_bash_operator to 2024-06-11 00:00:00+00:00, run_after=2024-06-12 00:00:00+00:00
[2024-06-12T18:25:29.484+0000] {processor.py:183} INFO - Processing /home/airflow/.local/lib/python3.8/site-packages/airflow/example_dags/example_bash_operator.py took 0.127 seconds
[2024-06-12T18:27:01.092+0000] {processor.py:161} INFO - Started process (PID=82) to work on /home/airflow/.local/lib/python3.8/site-packages/airflow/example_dags/example_bash_operator.py
[2024-06-12T18:27:01.094+0000] {processor.py:830} INFO - Processing file /home/airflow/.local/lib/python3.8/site-packages/airflow/example_dags/example_bash_operator.py for tasks to queue
[2024-06-12T18:27:01.097+0000] {logging_mixin.py:188} INFO - [2024-06-12T18:27:01.097+0000] {dagbag.py:538} INFO - Filling up the DagBag from /home/airflow/.local/lib/python3.8/site-packages/airflow/example_dags/example_bash_operator.py
[2024-06-12T18:27:01.113+0000] {processor.py:840} INFO - DAG(s) 'example_bash_operator' retrieved from /home/airflow/.local/lib/python3.8/site-packages/airflow/example_dags/example_bash_operator.py
[2024-06-12T18:27:01.151+0000] {logging_mixin.py:188} INFO - [2024-06-12T18:27:01.150+0000] {dag.py:3036} INFO - Sync 1 DAGs
[2024-06-12T18:27:01.184+0000] {logging_mixin.py:188} INFO - [2024-06-12T18:27:01.183+0000] {dag.py:3823} INFO - Setting next_dagrun for example_bash_operator to 2024-06-11 00:00:00+00:00, run_after=2024-06-12 00:00:00+00:00
[2024-06-12T18:27:01.210+0000] {processor.py:183} INFO - Processing /home/airflow/.local/lib/python3.8/site-packages/airflow/example_dags/example_bash_operator.py took 0.122 seconds
[2024-06-12T18:27:31.287+0000] {processor.py:161} INFO - Started process (PID=139) to work on /home/airflow/.local/lib/python3.8/site-packages/airflow/example_dags/example_bash_operator.py
[2024-06-12T18:27:31.288+0000] {processor.py:830} INFO - Processing file /home/airflow/.local/lib/python3.8/site-packages/airflow/example_dags/example_bash_operator.py for tasks to queue
[2024-06-12T18:27:31.291+0000] {logging_mixin.py:188} INFO - [2024-06-12T18:27:31.291+0000] {dagbag.py:538} INFO - Filling up the DagBag from /home/airflow/.local/lib/python3.8/site-packages/airflow/example_dags/example_bash_operator.py
[2024-06-12T18:27:31.316+0000] {processor.py:840} INFO - DAG(s) 'example_bash_operator' retrieved from /home/airflow/.local/lib/python3.8/site-packages/airflow/example_dags/example_bash_operator.py
[2024-06-12T18:27:31.333+0000] {logging_mixin.py:188} INFO - [2024-06-12T18:27:31.332+0000] {dag.py:3036} INFO - Sync 1 DAGs
[2024-06-12T18:27:31.370+0000] {logging_mixin.py:188} INFO - [2024-06-12T18:27:31.370+0000] {dag.py:3823} INFO - Setting next_dagrun for example_bash_operator to 2024-06-11 00:00:00+00:00, run_after=2024-06-12 00:00:00+00:00
[2024-06-12T18:27:31.402+0000] {processor.py:183} INFO - Processing /home/airflow/.local/lib/python3.8/site-packages/airflow/example_dags/example_bash_operator.py took 0.118 seconds
[2024-06-12T18:28:04.926+0000] {processor.py:161} INFO - Started process (PID=196) to work on /home/airflow/.local/lib/python3.8/site-packages/airflow/example_dags/example_bash_operator.py
[2024-06-12T18:28:04.927+0000] {processor.py:830} INFO - Processing file /home/airflow/.local/lib/python3.8/site-packages/airflow/example_dags/example_bash_operator.py for tasks to queue
[2024-06-12T18:28:04.928+0000] {logging_mixin.py:188} INFO - [2024-06-12T18:28:04.928+0000] {dagbag.py:538} INFO - Filling up the DagBag from /home/airflow/.local/lib/python3.8/site-packages/airflow/example_dags/example_bash_operator.py
[2024-06-12T18:28:04.939+0000] {processor.py:840} INFO - DAG(s) 'example_bash_operator' retrieved from /home/airflow/.local/lib/python3.8/site-packages/airflow/example_dags/example_bash_operator.py
[2024-06-12T18:28:05.060+0000] {logging_mixin.py:188} INFO - [2024-06-12T18:28:05.059+0000] {dag.py:3036} INFO - Sync 1 DAGs
[2024-06-12T18:28:05.084+0000] {logging_mixin.py:188} INFO - [2024-06-12T18:28:05.084+0000] {dag.py:3823} INFO - Setting next_dagrun for example_bash_operator to 2024-06-11 00:00:00+00:00, run_after=2024-06-12 00:00:00+00:00
[2024-06-12T18:28:05.114+0000] {processor.py:183} INFO - Processing /home/airflow/.local/lib/python3.8/site-packages/airflow/example_dags/example_bash_operator.py took 0.191 seconds
[2024-06-12T18:28:35.263+0000] {processor.py:161} INFO - Started process (PID=253) to work on /home/airflow/.local/lib/python3.8/site-packages/airflow/example_dags/example_bash_operator.py
[2024-06-12T18:28:35.264+0000] {processor.py:830} INFO - Processing file /home/airflow/.local/lib/python3.8/site-packages/airflow/example_dags/example_bash_operator.py for tasks to queue
[2024-06-12T18:28:35.266+0000] {logging_mixin.py:188} INFO - [2024-06-12T18:28:35.265+0000] {dagbag.py:538} INFO - Filling up the DagBag from /home/airflow/.local/lib/python3.8/site-packages/airflow/example_dags/example_bash_operator.py
[2024-06-12T18:28:35.280+0000] {processor.py:840} INFO - DAG(s) 'example_bash_operator' retrieved from /home/airflow/.local/lib/python3.8/site-packages/airflow/example_dags/example_bash_operator.py
[2024-06-12T18:28:35.318+0000] {logging_mixin.py:188} INFO - [2024-06-12T18:28:35.318+0000] {dag.py:3036} INFO - Sync 1 DAGs
[2024-06-12T18:28:35.350+0000] {logging_mixin.py:188} INFO - [2024-06-12T18:28:35.349+0000] {dag.py:3823} INFO - Setting next_dagrun for example_bash_operator to 2024-06-11 00:00:00+00:00, run_after=2024-06-12 00:00:00+00:00
[2024-06-12T18:28:35.386+0000] {processor.py:183} INFO - Processing /home/airflow/.local/lib/python3.8/site-packages/airflow/example_dags/example_bash_operator.py took 0.126 seconds
[2024-06-12T18:29:05.473+0000] {processor.py:161} INFO - Started process (PID=310) to work on /home/airflow/.local/lib/python3.8/site-packages/airflow/example_dags/example_bash_operator.py
[2024-06-12T18:29:05.475+0000] {processor.py:830} INFO - Processing file /home/airflow/.local/lib/python3.8/site-packages/airflow/example_dags/example_bash_operator.py for tasks to queue
[2024-06-12T18:29:05.477+0000] {logging_mixin.py:188} INFO - [2024-06-12T18:29:05.477+0000] {dagbag.py:538} INFO - Filling up the DagBag from /home/airflow/.local/lib/python3.8/site-packages/airflow/example_dags/example_bash_operator.py
[2024-06-12T18:29:05.498+0000] {processor.py:840} INFO - DAG(s) 'example_bash_operator' retrieved from /home/airflow/.local/lib/python3.8/site-packages/airflow/example_dags/example_bash_operator.py
[2024-06-12T18:29:05.571+0000] {logging_mixin.py:188} INFO - [2024-06-12T18:29:05.571+0000] {dag.py:3036} INFO - Sync 1 DAGs
[2024-06-12T18:29:05.607+0000] {logging_mixin.py:188} INFO - [2024-06-12T18:29:05.606+0000] {dag.py:3823} INFO - Setting next_dagrun for example_bash_operator to 2024-06-11 00:00:00+00:00, run_after=2024-06-12 00:00:00+00:00
[2024-06-12T18:29:05.639+0000] {processor.py:183} INFO - Processing /home/airflow/.local/lib/python3.8/site-packages/airflow/example_dags/example_bash_operator.py took 0.173 seconds
[2024-06-12T18:29:36.414+0000] {processor.py:161} INFO - Started process (PID=367) to work on /home/airflow/.local/lib/python3.8/site-packages/airflow/example_dags/example_bash_operator.py
[2024-06-12T18:29:36.415+0000] {processor.py:830} INFO - Processing file /home/airflow/.local/lib/python3.8/site-packages/airflow/example_dags/example_bash_operator.py for tasks to queue
[2024-06-12T18:29:36.416+0000] {logging_mixin.py:188} INFO - [2024-06-12T18:29:36.416+0000] {dagbag.py:538} INFO - Filling up the DagBag from /home/airflow/.local/lib/python3.8/site-packages/airflow/example_dags/example_bash_operator.py
[2024-06-12T18:29:36.428+0000] {processor.py:840} INFO - DAG(s) 'example_bash_operator' retrieved from /home/airflow/.local/lib/python3.8/site-packages/airflow/example_dags/example_bash_operator.py
[2024-06-12T18:29:36.460+0000] {logging_mixin.py:188} INFO - [2024-06-12T18:29:36.459+0000] {dag.py:3036} INFO - Sync 1 DAGs
[2024-06-12T18:29:36.485+0000] {logging_mixin.py:188} INFO - [2024-06-12T18:29:36.485+0000] {dag.py:3823} INFO - Setting next_dagrun for example_bash_operator to 2024-06-11 00:00:00+00:00, run_after=2024-06-12 00:00:00+00:00
[2024-06-12T18:29:36.505+0000] {processor.py:183} INFO - Processing /home/airflow/.local/lib/python3.8/site-packages/airflow/example_dags/example_bash_operator.py took 0.094 seconds
[2024-06-12T18:30:07.033+0000] {processor.py:161} INFO - Started process (PID=424) to work on /home/airflow/.local/lib/python3.8/site-packages/airflow/example_dags/example_bash_operator.py
[2024-06-12T18:30:07.035+0000] {processor.py:830} INFO - Processing file /home/airflow/.local/lib/python3.8/site-packages/airflow/example_dags/example_bash_operator.py for tasks to queue
[2024-06-12T18:30:07.036+0000] {logging_mixin.py:188} INFO - [2024-06-12T18:30:07.036+0000] {dagbag.py:538} INFO - Filling up the DagBag from /home/airflow/.local/lib/python3.8/site-packages/airflow/example_dags/example_bash_operator.py
[2024-06-12T18:30:07.047+0000] {processor.py:840} INFO - DAG(s) 'example_bash_operator' retrieved from /home/airflow/.local/lib/python3.8/site-packages/airflow/example_dags/example_bash_operator.py
[2024-06-12T18:30:07.080+0000] {logging_mixin.py:188} INFO - [2024-06-12T18:30:07.080+0000] {dag.py:3036} INFO - Sync 1 DAGs
[2024-06-12T18:30:07.108+0000] {logging_mixin.py:188} INFO - [2024-06-12T18:30:07.108+0000] {dag.py:3823} INFO - Setting next_dagrun for example_bash_operator to 2024-06-11 00:00:00+00:00, run_after=2024-06-12 00:00:00+00:00
[2024-06-12T18:30:07.130+0000] {processor.py:183} INFO - Processing /home/airflow/.local/lib/python3.8/site-packages/airflow/example_dags/example_bash_operator.py took 0.099 seconds
[2024-06-12T18:30:37.188+0000] {processor.py:161} INFO - Started process (PID=481) to work on /home/airflow/.local/lib/python3.8/site-packages/airflow/example_dags/example_bash_operator.py
[2024-06-12T18:30:37.189+0000] {processor.py:830} INFO - Processing file /home/airflow/.local/lib/python3.8/site-packages/airflow/example_dags/example_bash_operator.py for tasks to queue
[2024-06-12T18:30:37.191+0000] {logging_mixin.py:188} INFO - [2024-06-12T18:30:37.191+0000] {dagbag.py:538} INFO - Filling up the DagBag from /home/airflow/.local/lib/python3.8/site-packages/airflow/example_dags/example_bash_operator.py
[2024-06-12T18:30:37.207+0000] {processor.py:840} INFO - DAG(s) 'example_bash_operator' retrieved from /home/airflow/.local/lib/python3.8/site-packages/airflow/example_dags/example_bash_operator.py
[2024-06-12T18:30:37.250+0000] {logging_mixin.py:188} INFO - [2024-06-12T18:30:37.249+0000] {dag.py:3036} INFO - Sync 1 DAGs
[2024-06-12T18:30:37.277+0000] {logging_mixin.py:188} INFO - [2024-06-12T18:30:37.277+0000] {dag.py:3823} INFO - Setting next_dagrun for example_bash_operator to 2024-06-11 00:00:00+00:00, run_after=2024-06-12 00:00:00+00:00
[2024-06-12T18:30:37.309+0000] {processor.py:183} INFO - Processing /home/airflow/.local/lib/python3.8/site-packages/airflow/example_dags/example_bash_operator.py took 0.125 seconds
[2024-06-12T18:31:08.120+0000] {processor.py:161} INFO - Started process (PID=538) to work on /home/airflow/.local/lib/python3.8/site-packages/airflow/example_dags/example_bash_operator.py
[2024-06-12T18:31:08.121+0000] {processor.py:830} INFO - Processing file /home/airflow/.local/lib/python3.8/site-packages/airflow/example_dags/example_bash_operator.py for tasks to queue
[2024-06-12T18:31:08.123+0000] {logging_mixin.py:188} INFO - [2024-06-12T18:31:08.122+0000] {dagbag.py:538} INFO - Filling up the DagBag from /home/airflow/.local/lib/python3.8/site-packages/airflow/example_dags/example_bash_operator.py
[2024-06-12T18:31:08.137+0000] {processor.py:840} INFO - DAG(s) 'example_bash_operator' retrieved from /home/airflow/.local/lib/python3.8/site-packages/airflow/example_dags/example_bash_operator.py
[2024-06-12T18:31:08.179+0000] {logging_mixin.py:188} INFO - [2024-06-12T18:31:08.179+0000] {dag.py:3036} INFO - Sync 1 DAGs
[2024-06-12T18:31:08.213+0000] {logging_mixin.py:188} INFO - [2024-06-12T18:31:08.213+0000] {dag.py:3823} INFO - Setting next_dagrun for example_bash_operator to 2024-06-11 00:00:00+00:00, run_after=2024-06-12 00:00:00+00:00
[2024-06-12T18:31:08.241+0000] {processor.py:183} INFO - Processing /home/airflow/.local/lib/python3.8/site-packages/airflow/example_dags/example_bash_operator.py took 0.125 seconds
[2024-06-12T18:31:38.451+0000] {processor.py:161} INFO - Started process (PID=595) to work on /home/airflow/.local/lib/python3.8/site-packages/airflow/example_dags/example_bash_operator.py
[2024-06-12T18:31:38.452+0000] {processor.py:830} INFO - Processing file /home/airflow/.local/lib/python3.8/site-packages/airflow/example_dags/example_bash_operator.py for tasks to queue
[2024-06-12T18:31:38.454+0000] {logging_mixin.py:188} INFO - [2024-06-12T18:31:38.454+0000] {dagbag.py:538} INFO - Filling up the DagBag from /home/airflow/.local/lib/python3.8/site-packages/airflow/example_dags/example_bash_operator.py
[2024-06-12T18:31:38.469+0000] {processor.py:840} INFO - DAG(s) 'example_bash_operator' retrieved from /home/airflow/.local/lib/python3.8/site-packages/airflow/example_dags/example_bash_operator.py
[2024-06-12T18:31:38.510+0000] {logging_mixin.py:188} INFO - [2024-06-12T18:31:38.510+0000] {dag.py:3036} INFO - Sync 1 DAGs
[2024-06-12T18:31:38.540+0000] {logging_mixin.py:188} INFO - [2024-06-12T18:31:38.539+0000] {dag.py:3823} INFO - Setting next_dagrun for example_bash_operator to 2024-06-11 00:00:00+00:00, run_after=2024-06-12 00:00:00+00:00
[2024-06-12T18:31:38.574+0000] {processor.py:183} INFO - Processing /home/airflow/.local/lib/python3.8/site-packages/airflow/example_dags/example_bash_operator.py took 0.126 seconds
[2024-06-12T18:32:08.855+0000] {processor.py:161} INFO - Started process (PID=652) to work on /home/airflow/.local/lib/python3.8/site-packages/airflow/example_dags/example_bash_operator.py
[2024-06-12T18:32:08.856+0000] {processor.py:830} INFO - Processing file /home/airflow/.local/lib/python3.8/site-packages/airflow/example_dags/example_bash_operator.py for tasks to queue
[2024-06-12T18:32:08.858+0000] {logging_mixin.py:188} INFO - [2024-06-12T18:32:08.857+0000] {dagbag.py:538} INFO - Filling up the DagBag from /home/airflow/.local/lib/python3.8/site-packages/airflow/example_dags/example_bash_operator.py
[2024-06-12T18:32:08.872+0000] {processor.py:840} INFO - DAG(s) 'example_bash_operator' retrieved from /home/airflow/.local/lib/python3.8/site-packages/airflow/example_dags/example_bash_operator.py
[2024-06-12T18:32:08.907+0000] {logging_mixin.py:188} INFO - [2024-06-12T18:32:08.907+0000] {dag.py:3036} INFO - Sync 1 DAGs
[2024-06-12T18:32:08.936+0000] {logging_mixin.py:188} INFO - [2024-06-12T18:32:08.935+0000] {dag.py:3823} INFO - Setting next_dagrun for example_bash_operator to 2024-06-11 00:00:00+00:00, run_after=2024-06-12 00:00:00+00:00
[2024-06-12T18:32:08.959+0000] {processor.py:183} INFO - Processing /home/airflow/.local/lib/python3.8/site-packages/airflow/example_dags/example_bash_operator.py took 0.108 seconds
[2024-06-12T18:32:39.455+0000] {processor.py:161} INFO - Started process (PID=709) to work on /home/airflow/.local/lib/python3.8/site-packages/airflow/example_dags/example_bash_operator.py
[2024-06-12T18:32:39.456+0000] {processor.py:830} INFO - Processing file /home/airflow/.local/lib/python3.8/site-packages/airflow/example_dags/example_bash_operator.py for tasks to queue
[2024-06-12T18:32:39.459+0000] {logging_mixin.py:188} INFO - [2024-06-12T18:32:39.459+0000] {dagbag.py:538} INFO - Filling up the DagBag from /home/airflow/.local/lib/python3.8/site-packages/airflow/example_dags/example_bash_operator.py
[2024-06-12T18:32:39.479+0000] {processor.py:840} INFO - DAG(s) 'example_bash_operator' retrieved from /home/airflow/.local/lib/python3.8/site-packages/airflow/example_dags/example_bash_operator.py
[2024-06-12T18:32:39.532+0000] {logging_mixin.py:188} INFO - [2024-06-12T18:32:39.531+0000] {dag.py:3036} INFO - Sync 1 DAGs
[2024-06-12T18:32:39.578+0000] {logging_mixin.py:188} INFO - [2024-06-12T18:32:39.578+0000] {dag.py:3823} INFO - Setting next_dagrun for example_bash_operator to 2024-06-11 00:00:00+00:00, run_after=2024-06-12 00:00:00+00:00
[2024-06-12T18:32:39.621+0000] {processor.py:183} INFO - Processing /home/airflow/.local/lib/python3.8/site-packages/airflow/example_dags/example_bash_operator.py took 0.176 seconds
[2024-06-12T18:33:10.260+0000] {processor.py:161} INFO - Started process (PID=767) to work on /home/airflow/.local/lib/python3.8/site-packages/airflow/example_dags/example_bash_operator.py
[2024-06-12T18:33:10.261+0000] {processor.py:830} INFO - Processing file /home/airflow/.local/lib/python3.8/site-packages/airflow/example_dags/example_bash_operator.py for tasks to queue
[2024-06-12T18:33:10.264+0000] {logging_mixin.py:188} INFO - [2024-06-12T18:33:10.264+0000] {dagbag.py:538} INFO - Filling up the DagBag from /home/airflow/.local/lib/python3.8/site-packages/airflow/example_dags/example_bash_operator.py
[2024-06-12T18:33:10.281+0000] {processor.py:840} INFO - DAG(s) 'example_bash_operator' retrieved from /home/airflow/.local/lib/python3.8/site-packages/airflow/example_dags/example_bash_operator.py
[2024-06-12T18:33:10.323+0000] {logging_mixin.py:188} INFO - [2024-06-12T18:33:10.323+0000] {dag.py:3036} INFO - Sync 1 DAGs
[2024-06-12T18:33:10.355+0000] {logging_mixin.py:188} INFO - [2024-06-12T18:33:10.355+0000] {dag.py:3823} INFO - Setting next_dagrun for example_bash_operator to 2024-06-11 00:00:00+00:00, run_after=2024-06-12 00:00:00+00:00
[2024-06-12T18:33:10.386+0000] {processor.py:183} INFO - Processing /home/airflow/.local/lib/python3.8/site-packages/airflow/example_dags/example_bash_operator.py took 0.130 seconds
[2024-06-12T18:33:41.027+0000] {processor.py:161} INFO - Started process (PID=825) to work on /home/airflow/.local/lib/python3.8/site-packages/airflow/example_dags/example_bash_operator.py
[2024-06-12T18:33:41.028+0000] {processor.py:830} INFO - Processing file /home/airflow/.local/lib/python3.8/site-packages/airflow/example_dags/example_bash_operator.py for tasks to queue
[2024-06-12T18:33:41.030+0000] {logging_mixin.py:188} INFO - [2024-06-12T18:33:41.030+0000] {dagbag.py:538} INFO - Filling up the DagBag from /home/airflow/.local/lib/python3.8/site-packages/airflow/example_dags/example_bash_operator.py
[2024-06-12T18:33:41.052+0000] {processor.py:840} INFO - DAG(s) 'example_bash_operator' retrieved from /home/airflow/.local/lib/python3.8/site-packages/airflow/example_dags/example_bash_operator.py
[2024-06-12T18:33:41.096+0000] {logging_mixin.py:188} INFO - [2024-06-12T18:33:41.095+0000] {dag.py:3036} INFO - Sync 1 DAGs
[2024-06-12T18:33:41.132+0000] {logging_mixin.py:188} INFO - [2024-06-12T18:33:41.132+0000] {dag.py:3823} INFO - Setting next_dagrun for example_bash_operator to 2024-06-11 00:00:00+00:00, run_after=2024-06-12 00:00:00+00:00
[2024-06-12T18:33:41.166+0000] {processor.py:183} INFO - Processing /home/airflow/.local/lib/python3.8/site-packages/airflow/example_dags/example_bash_operator.py took 0.144 seconds
[2024-06-12T18:34:11.765+0000] {processor.py:161} INFO - Started process (PID=888) to work on /home/airflow/.local/lib/python3.8/site-packages/airflow/example_dags/example_bash_operator.py
[2024-06-12T18:34:11.766+0000] {processor.py:830} INFO - Processing file /home/airflow/.local/lib/python3.8/site-packages/airflow/example_dags/example_bash_operator.py for tasks to queue
[2024-06-12T18:34:11.769+0000] {logging_mixin.py:188} INFO - [2024-06-12T18:34:11.768+0000] {dagbag.py:538} INFO - Filling up the DagBag from /home/airflow/.local/lib/python3.8/site-packages/airflow/example_dags/example_bash_operator.py
[2024-06-12T18:34:11.785+0000] {processor.py:840} INFO - DAG(s) 'example_bash_operator' retrieved from /home/airflow/.local/lib/python3.8/site-packages/airflow/example_dags/example_bash_operator.py
[2024-06-12T18:34:11.833+0000] {logging_mixin.py:188} INFO - [2024-06-12T18:34:11.832+0000] {dag.py:3036} INFO - Sync 1 DAGs
[2024-06-12T18:34:11.864+0000] {logging_mixin.py:188} INFO - [2024-06-12T18:34:11.864+0000] {dag.py:3823} INFO - Setting next_dagrun for example_bash_operator to 2024-06-11 00:00:00+00:00, run_after=2024-06-12 00:00:00+00:00
[2024-06-12T18:34:11.893+0000] {processor.py:183} INFO - Processing /home/airflow/.local/lib/python3.8/site-packages/airflow/example_dags/example_bash_operator.py took 0.131 seconds
[2024-06-12T18:34:42.551+0000] {processor.py:161} INFO - Started process (PID=945) to work on /home/airflow/.local/lib/python3.8/site-packages/airflow/example_dags/example_bash_operator.py
[2024-06-12T18:34:42.552+0000] {processor.py:830} INFO - Processing file /home/airflow/.local/lib/python3.8/site-packages/airflow/example_dags/example_bash_operator.py for tasks to queue
[2024-06-12T18:34:42.556+0000] {logging_mixin.py:188} INFO - [2024-06-12T18:34:42.554+0000] {dagbag.py:538} INFO - Filling up the DagBag from /home/airflow/.local/lib/python3.8/site-packages/airflow/example_dags/example_bash_operator.py
[2024-06-12T18:34:42.579+0000] {processor.py:840} INFO - DAG(s) 'example_bash_operator' retrieved from /home/airflow/.local/lib/python3.8/site-packages/airflow/example_dags/example_bash_operator.py
[2024-06-12T18:34:42.624+0000] {logging_mixin.py:188} INFO - [2024-06-12T18:34:42.624+0000] {dag.py:3036} INFO - Sync 1 DAGs
[2024-06-12T18:34:42.662+0000] {logging_mixin.py:188} INFO - [2024-06-12T18:34:42.662+0000] {dag.py:3823} INFO - Setting next_dagrun for example_bash_operator to 2024-06-11 00:00:00+00:00, run_after=2024-06-12 00:00:00+00:00
[2024-06-12T18:34:42.697+0000] {processor.py:183} INFO - Processing /home/airflow/.local/lib/python3.8/site-packages/airflow/example_dags/example_bash_operator.py took 0.149 seconds
[2024-06-12T18:35:12.740+0000] {processor.py:161} INFO - Started process (PID=1000) to work on /home/airflow/.local/lib/python3.8/site-packages/airflow/example_dags/example_bash_operator.py
[2024-06-12T18:35:12.742+0000] {processor.py:830} INFO - Processing file /home/airflow/.local/lib/python3.8/site-packages/airflow/example_dags/example_bash_operator.py for tasks to queue
[2024-06-12T18:35:12.745+0000] {logging_mixin.py:188} INFO - [2024-06-12T18:35:12.744+0000] {dagbag.py:538} INFO - Filling up the DagBag from /home/airflow/.local/lib/python3.8/site-packages/airflow/example_dags/example_bash_operator.py
[2024-06-12T18:35:12.766+0000] {processor.py:840} INFO - DAG(s) 'example_bash_operator' retrieved from /home/airflow/.local/lib/python3.8/site-packages/airflow/example_dags/example_bash_operator.py
[2024-06-12T18:35:12.804+0000] {logging_mixin.py:188} INFO - [2024-06-12T18:35:12.804+0000] {dag.py:3036} INFO - Sync 1 DAGs
[2024-06-12T18:35:12.834+0000] {logging_mixin.py:188} INFO - [2024-06-12T18:35:12.834+0000] {dag.py:3823} INFO - Setting next_dagrun for example_bash_operator to 2024-06-11 00:00:00+00:00, run_after=2024-06-12 00:00:00+00:00
[2024-06-12T18:35:12.863+0000] {processor.py:183} INFO - Processing /home/airflow/.local/lib/python3.8/site-packages/airflow/example_dags/example_bash_operator.py took 0.127 seconds
[2024-06-12T18:35:43.228+0000] {processor.py:161} INFO - Started process (PID=1057) to work on /home/airflow/.local/lib/python3.8/site-packages/airflow/example_dags/example_bash_operator.py
[2024-06-12T18:35:43.229+0000] {processor.py:830} INFO - Processing file /home/airflow/.local/lib/python3.8/site-packages/airflow/example_dags/example_bash_operator.py for tasks to queue
[2024-06-12T18:35:43.231+0000] {logging_mixin.py:188} INFO - [2024-06-12T18:35:43.230+0000] {dagbag.py:538} INFO - Filling up the DagBag from /home/airflow/.local/lib/python3.8/site-packages/airflow/example_dags/example_bash_operator.py
[2024-06-12T18:35:43.258+0000] {processor.py:840} INFO - DAG(s) 'example_bash_operator' retrieved from /home/airflow/.local/lib/python3.8/site-packages/airflow/example_dags/example_bash_operator.py
[2024-06-12T18:35:43.329+0000] {logging_mixin.py:188} INFO - [2024-06-12T18:35:43.328+0000] {dag.py:3036} INFO - Sync 1 DAGs
[2024-06-12T18:35:43.367+0000] {logging_mixin.py:188} INFO - [2024-06-12T18:35:43.367+0000] {dag.py:3823} INFO - Setting next_dagrun for example_bash_operator to 2024-06-11 00:00:00+00:00, run_after=2024-06-12 00:00:00+00:00
[2024-06-12T18:35:43.410+0000] {processor.py:183} INFO - Processing /home/airflow/.local/lib/python3.8/site-packages/airflow/example_dags/example_bash_operator.py took 0.186 seconds
