[2024-06-12T18:04:12.966+0000] {processor.py:161} INFO - Started process (PID=74) to work on /home/airflow/.local/lib/python3.8/site-packages/airflow/example_dags/tutorial_dag.py
[2024-06-12T18:04:12.968+0000] {processor.py:830} INFO - Processing file /home/airflow/.local/lib/python3.8/site-packages/airflow/example_dags/tutorial_dag.py for tasks to queue
[2024-06-12T18:04:12.977+0000] {logging_mixin.py:188} INFO - [2024-06-12T18:04:12.976+0000] {dagbag.py:538} INFO - Filling up the DagBag from /home/airflow/.local/lib/python3.8/site-packages/airflow/example_dags/tutorial_dag.py
[2024-06-12T18:04:13.012+0000] {processor.py:840} INFO - DAG(s) 'tutorial_dag' retrieved from /home/airflow/.local/lib/python3.8/site-packages/airflow/example_dags/tutorial_dag.py
[2024-06-12T18:04:13.104+0000] {logging_mixin.py:188} INFO - [2024-06-12T18:04:13.103+0000] {dag.py:3036} INFO - Sync 1 DAGs
[2024-06-12T18:04:13.171+0000] {logging_mixin.py:188} INFO - [2024-06-12T18:04:13.171+0000] {dag.py:3823} INFO - Setting next_dagrun for tutorial_dag to None, run_after=None
[2024-06-12T18:04:13.223+0000] {processor.py:183} INFO - Processing /home/airflow/.local/lib/python3.8/site-packages/airflow/example_dags/tutorial_dag.py took 0.282 seconds
[2024-06-12T18:05:46.705+0000] {processor.py:161} INFO - Started process (PID=155) to work on /home/airflow/.local/lib/python3.8/site-packages/airflow/example_dags/tutorial_dag.py
[2024-06-12T18:05:46.707+0000] {processor.py:830} INFO - Processing file /home/airflow/.local/lib/python3.8/site-packages/airflow/example_dags/tutorial_dag.py for tasks to queue
[2024-06-12T18:05:46.716+0000] {logging_mixin.py:188} INFO - [2024-06-12T18:05:46.715+0000] {dagbag.py:538} INFO - Filling up the DagBag from /home/airflow/.local/lib/python3.8/site-packages/airflow/example_dags/tutorial_dag.py
[2024-06-12T18:05:46.724+0000] {processor.py:840} INFO - DAG(s) 'tutorial_dag' retrieved from /home/airflow/.local/lib/python3.8/site-packages/airflow/example_dags/tutorial_dag.py
[2024-06-12T18:05:46.755+0000] {logging_mixin.py:188} INFO - [2024-06-12T18:05:46.754+0000] {dag.py:3036} INFO - Sync 1 DAGs
[2024-06-12T18:05:46.776+0000] {logging_mixin.py:188} INFO - [2024-06-12T18:05:46.776+0000] {dag.py:3823} INFO - Setting next_dagrun for tutorial_dag to None, run_after=None
[2024-06-12T18:05:46.812+0000] {processor.py:183} INFO - Processing /home/airflow/.local/lib/python3.8/site-packages/airflow/example_dags/tutorial_dag.py took 0.115 seconds
[2024-06-12T18:06:17.053+0000] {processor.py:161} INFO - Started process (PID=220) to work on /home/airflow/.local/lib/python3.8/site-packages/airflow/example_dags/tutorial_dag.py
[2024-06-12T18:06:17.055+0000] {processor.py:830} INFO - Processing file /home/airflow/.local/lib/python3.8/site-packages/airflow/example_dags/tutorial_dag.py for tasks to queue
[2024-06-12T18:06:17.057+0000] {logging_mixin.py:188} INFO - [2024-06-12T18:06:17.056+0000] {dagbag.py:538} INFO - Filling up the DagBag from /home/airflow/.local/lib/python3.8/site-packages/airflow/example_dags/tutorial_dag.py
[2024-06-12T18:06:17.067+0000] {processor.py:840} INFO - DAG(s) 'tutorial_dag' retrieved from /home/airflow/.local/lib/python3.8/site-packages/airflow/example_dags/tutorial_dag.py
[2024-06-12T18:06:17.087+0000] {logging_mixin.py:188} INFO - [2024-06-12T18:06:17.087+0000] {dag.py:3036} INFO - Sync 1 DAGs
[2024-06-12T18:06:17.117+0000] {logging_mixin.py:188} INFO - [2024-06-12T18:06:17.117+0000] {dag.py:3823} INFO - Setting next_dagrun for tutorial_dag to None, run_after=None
[2024-06-12T18:06:17.154+0000] {processor.py:183} INFO - Processing /home/airflow/.local/lib/python3.8/site-packages/airflow/example_dags/tutorial_dag.py took 0.106 seconds
[2024-06-12T18:06:49.383+0000] {processor.py:161} INFO - Started process (PID=279) to work on /home/airflow/.local/lib/python3.8/site-packages/airflow/example_dags/tutorial_dag.py
[2024-06-12T18:06:49.385+0000] {processor.py:830} INFO - Processing file /home/airflow/.local/lib/python3.8/site-packages/airflow/example_dags/tutorial_dag.py for tasks to queue
[2024-06-12T18:06:49.386+0000] {logging_mixin.py:188} INFO - [2024-06-12T18:06:49.385+0000] {dagbag.py:538} INFO - Filling up the DagBag from /home/airflow/.local/lib/python3.8/site-packages/airflow/example_dags/tutorial_dag.py
[2024-06-12T18:06:49.397+0000] {processor.py:840} INFO - DAG(s) 'tutorial_dag' retrieved from /home/airflow/.local/lib/python3.8/site-packages/airflow/example_dags/tutorial_dag.py
[2024-06-12T18:06:49.559+0000] {logging_mixin.py:188} INFO - [2024-06-12T18:06:49.559+0000] {dag.py:3036} INFO - Sync 1 DAGs
[2024-06-12T18:06:49.576+0000] {logging_mixin.py:188} INFO - [2024-06-12T18:06:49.576+0000] {dag.py:3823} INFO - Setting next_dagrun for tutorial_dag to None, run_after=None
[2024-06-12T18:06:49.612+0000] {processor.py:183} INFO - Processing /home/airflow/.local/lib/python3.8/site-packages/airflow/example_dags/tutorial_dag.py took 0.232 seconds
[2024-06-12T18:07:20.023+0000] {processor.py:161} INFO - Started process (PID=344) to work on /home/airflow/.local/lib/python3.8/site-packages/airflow/example_dags/tutorial_dag.py
[2024-06-12T18:07:20.024+0000] {processor.py:830} INFO - Processing file /home/airflow/.local/lib/python3.8/site-packages/airflow/example_dags/tutorial_dag.py for tasks to queue
[2024-06-12T18:07:20.026+0000] {logging_mixin.py:188} INFO - [2024-06-12T18:07:20.025+0000] {dagbag.py:538} INFO - Filling up the DagBag from /home/airflow/.local/lib/python3.8/site-packages/airflow/example_dags/tutorial_dag.py
[2024-06-12T18:07:20.032+0000] {processor.py:840} INFO - DAG(s) 'tutorial_dag' retrieved from /home/airflow/.local/lib/python3.8/site-packages/airflow/example_dags/tutorial_dag.py
[2024-06-12T18:07:20.061+0000] {logging_mixin.py:188} INFO - [2024-06-12T18:07:20.060+0000] {dag.py:3036} INFO - Sync 1 DAGs
[2024-06-12T18:07:20.077+0000] {logging_mixin.py:188} INFO - [2024-06-12T18:07:20.077+0000] {dag.py:3823} INFO - Setting next_dagrun for tutorial_dag to None, run_after=None
[2024-06-12T18:07:20.102+0000] {processor.py:183} INFO - Processing /home/airflow/.local/lib/python3.8/site-packages/airflow/example_dags/tutorial_dag.py took 0.083 seconds
[2024-06-12T18:08:00.924+0000] {processor.py:161} INFO - Started process (PID=423) to work on /home/airflow/.local/lib/python3.8/site-packages/airflow/example_dags/tutorial_dag.py
[2024-06-12T18:08:00.927+0000] {processor.py:830} INFO - Processing file /home/airflow/.local/lib/python3.8/site-packages/airflow/example_dags/tutorial_dag.py for tasks to queue
[2024-06-12T18:08:00.933+0000] {logging_mixin.py:188} INFO - [2024-06-12T18:08:00.928+0000] {dagbag.py:538} INFO - Filling up the DagBag from /home/airflow/.local/lib/python3.8/site-packages/airflow/example_dags/tutorial_dag.py
[2024-06-12T18:08:00.950+0000] {processor.py:840} INFO - DAG(s) 'tutorial_dag' retrieved from /home/airflow/.local/lib/python3.8/site-packages/airflow/example_dags/tutorial_dag.py
[2024-06-12T18:08:01.049+0000] {logging_mixin.py:188} INFO - [2024-06-12T18:08:01.049+0000] {dag.py:3036} INFO - Sync 1 DAGs
[2024-06-12T18:08:01.089+0000] {logging_mixin.py:188} INFO - [2024-06-12T18:08:01.088+0000] {dag.py:3823} INFO - Setting next_dagrun for tutorial_dag to None, run_after=None
[2024-06-12T18:08:01.155+0000] {processor.py:183} INFO - Processing /home/airflow/.local/lib/python3.8/site-packages/airflow/example_dags/tutorial_dag.py took 0.242 seconds
[2024-06-12T18:08:38.932+0000] {processor.py:161} INFO - Started process (PID=494) to work on /home/airflow/.local/lib/python3.8/site-packages/airflow/example_dags/tutorial_dag.py
[2024-06-12T18:08:38.933+0000] {processor.py:830} INFO - Processing file /home/airflow/.local/lib/python3.8/site-packages/airflow/example_dags/tutorial_dag.py for tasks to queue
[2024-06-12T18:08:38.935+0000] {logging_mixin.py:188} INFO - [2024-06-12T18:08:38.934+0000] {dagbag.py:538} INFO - Filling up the DagBag from /home/airflow/.local/lib/python3.8/site-packages/airflow/example_dags/tutorial_dag.py
[2024-06-12T18:08:38.947+0000] {processor.py:840} INFO - DAG(s) 'tutorial_dag' retrieved from /home/airflow/.local/lib/python3.8/site-packages/airflow/example_dags/tutorial_dag.py
[2024-06-12T18:08:38.979+0000] {logging_mixin.py:188} INFO - [2024-06-12T18:08:38.978+0000] {dag.py:3036} INFO - Sync 1 DAGs
[2024-06-12T18:08:39.004+0000] {logging_mixin.py:188} INFO - [2024-06-12T18:08:39.003+0000] {dag.py:3823} INFO - Setting next_dagrun for tutorial_dag to None, run_after=None
[2024-06-12T18:08:39.048+0000] {processor.py:183} INFO - Processing /home/airflow/.local/lib/python3.8/site-packages/airflow/example_dags/tutorial_dag.py took 0.120 seconds
[2024-06-12T18:09:09.744+0000] {processor.py:161} INFO - Started process (PID=554) to work on /home/airflow/.local/lib/python3.8/site-packages/airflow/example_dags/tutorial_dag.py
[2024-06-12T18:09:09.745+0000] {processor.py:830} INFO - Processing file /home/airflow/.local/lib/python3.8/site-packages/airflow/example_dags/tutorial_dag.py for tasks to queue
[2024-06-12T18:09:09.746+0000] {logging_mixin.py:188} INFO - [2024-06-12T18:09:09.746+0000] {dagbag.py:538} INFO - Filling up the DagBag from /home/airflow/.local/lib/python3.8/site-packages/airflow/example_dags/tutorial_dag.py
[2024-06-12T18:09:09.753+0000] {processor.py:840} INFO - DAG(s) 'tutorial_dag' retrieved from /home/airflow/.local/lib/python3.8/site-packages/airflow/example_dags/tutorial_dag.py
[2024-06-12T18:09:09.768+0000] {logging_mixin.py:188} INFO - [2024-06-12T18:09:09.768+0000] {dag.py:3036} INFO - Sync 1 DAGs
[2024-06-12T18:09:09.787+0000] {logging_mixin.py:188} INFO - [2024-06-12T18:09:09.787+0000] {dag.py:3823} INFO - Setting next_dagrun for tutorial_dag to None, run_after=None
[2024-06-12T18:09:09.810+0000] {processor.py:183} INFO - Processing /home/airflow/.local/lib/python3.8/site-packages/airflow/example_dags/tutorial_dag.py took 0.070 seconds
[2024-06-12T18:09:41.297+0000] {processor.py:161} INFO - Started process (PID=611) to work on /home/airflow/.local/lib/python3.8/site-packages/airflow/example_dags/tutorial_dag.py
[2024-06-12T18:09:41.298+0000] {processor.py:830} INFO - Processing file /home/airflow/.local/lib/python3.8/site-packages/airflow/example_dags/tutorial_dag.py for tasks to queue
[2024-06-12T18:09:41.299+0000] {logging_mixin.py:188} INFO - [2024-06-12T18:09:41.299+0000] {dagbag.py:538} INFO - Filling up the DagBag from /home/airflow/.local/lib/python3.8/site-packages/airflow/example_dags/tutorial_dag.py
[2024-06-12T18:09:41.305+0000] {processor.py:840} INFO - DAG(s) 'tutorial_dag' retrieved from /home/airflow/.local/lib/python3.8/site-packages/airflow/example_dags/tutorial_dag.py
[2024-06-12T18:09:41.428+0000] {logging_mixin.py:188} INFO - [2024-06-12T18:09:41.428+0000] {dag.py:3036} INFO - Sync 1 DAGs
[2024-06-12T18:09:41.442+0000] {logging_mixin.py:188} INFO - [2024-06-12T18:09:41.441+0000] {dag.py:3823} INFO - Setting next_dagrun for tutorial_dag to None, run_after=None
[2024-06-12T18:09:41.473+0000] {processor.py:183} INFO - Processing /home/airflow/.local/lib/python3.8/site-packages/airflow/example_dags/tutorial_dag.py took 0.180 seconds
[2024-06-12T18:10:12.142+0000] {processor.py:161} INFO - Started process (PID=670) to work on /home/airflow/.local/lib/python3.8/site-packages/airflow/example_dags/tutorial_dag.py
[2024-06-12T18:10:12.143+0000] {processor.py:830} INFO - Processing file /home/airflow/.local/lib/python3.8/site-packages/airflow/example_dags/tutorial_dag.py for tasks to queue
[2024-06-12T18:10:12.144+0000] {logging_mixin.py:188} INFO - [2024-06-12T18:10:12.144+0000] {dagbag.py:538} INFO - Filling up the DagBag from /home/airflow/.local/lib/python3.8/site-packages/airflow/example_dags/tutorial_dag.py
[2024-06-12T18:10:12.150+0000] {processor.py:840} INFO - DAG(s) 'tutorial_dag' retrieved from /home/airflow/.local/lib/python3.8/site-packages/airflow/example_dags/tutorial_dag.py
[2024-06-12T18:10:12.174+0000] {logging_mixin.py:188} INFO - [2024-06-12T18:10:12.174+0000] {dag.py:3036} INFO - Sync 1 DAGs
[2024-06-12T18:10:12.191+0000] {logging_mixin.py:188} INFO - [2024-06-12T18:10:12.191+0000] {dag.py:3823} INFO - Setting next_dagrun for tutorial_dag to None, run_after=None
[2024-06-12T18:10:12.217+0000] {processor.py:183} INFO - Processing /home/airflow/.local/lib/python3.8/site-packages/airflow/example_dags/tutorial_dag.py took 0.078 seconds
[2024-06-12T18:10:42.975+0000] {processor.py:161} INFO - Started process (PID=727) to work on /home/airflow/.local/lib/python3.8/site-packages/airflow/example_dags/tutorial_dag.py
[2024-06-12T18:10:42.976+0000] {processor.py:830} INFO - Processing file /home/airflow/.local/lib/python3.8/site-packages/airflow/example_dags/tutorial_dag.py for tasks to queue
[2024-06-12T18:10:42.978+0000] {logging_mixin.py:188} INFO - [2024-06-12T18:10:42.977+0000] {dagbag.py:538} INFO - Filling up the DagBag from /home/airflow/.local/lib/python3.8/site-packages/airflow/example_dags/tutorial_dag.py
[2024-06-12T18:10:42.986+0000] {processor.py:840} INFO - DAG(s) 'tutorial_dag' retrieved from /home/airflow/.local/lib/python3.8/site-packages/airflow/example_dags/tutorial_dag.py
[2024-06-12T18:10:43.012+0000] {logging_mixin.py:188} INFO - [2024-06-12T18:10:43.012+0000] {dag.py:3036} INFO - Sync 1 DAGs
[2024-06-12T18:10:43.033+0000] {logging_mixin.py:188} INFO - [2024-06-12T18:10:43.033+0000] {dag.py:3823} INFO - Setting next_dagrun for tutorial_dag to None, run_after=None
[2024-06-12T18:10:43.061+0000] {processor.py:183} INFO - Processing /home/airflow/.local/lib/python3.8/site-packages/airflow/example_dags/tutorial_dag.py took 0.090 seconds
[2024-06-12T18:11:13.663+0000] {processor.py:161} INFO - Started process (PID=784) to work on /home/airflow/.local/lib/python3.8/site-packages/airflow/example_dags/tutorial_dag.py
[2024-06-12T18:11:13.665+0000] {processor.py:830} INFO - Processing file /home/airflow/.local/lib/python3.8/site-packages/airflow/example_dags/tutorial_dag.py for tasks to queue
[2024-06-12T18:11:13.666+0000] {logging_mixin.py:188} INFO - [2024-06-12T18:11:13.665+0000] {dagbag.py:538} INFO - Filling up the DagBag from /home/airflow/.local/lib/python3.8/site-packages/airflow/example_dags/tutorial_dag.py
[2024-06-12T18:11:13.673+0000] {processor.py:840} INFO - DAG(s) 'tutorial_dag' retrieved from /home/airflow/.local/lib/python3.8/site-packages/airflow/example_dags/tutorial_dag.py
[2024-06-12T18:11:13.697+0000] {logging_mixin.py:188} INFO - [2024-06-12T18:11:13.697+0000] {dag.py:3036} INFO - Sync 1 DAGs
[2024-06-12T18:11:13.711+0000] {logging_mixin.py:188} INFO - [2024-06-12T18:11:13.711+0000] {dag.py:3823} INFO - Setting next_dagrun for tutorial_dag to None, run_after=None
[2024-06-12T18:11:13.733+0000] {processor.py:183} INFO - Processing /home/airflow/.local/lib/python3.8/site-packages/airflow/example_dags/tutorial_dag.py took 0.073 seconds
[2024-06-12T18:11:43.842+0000] {processor.py:161} INFO - Started process (PID=841) to work on /home/airflow/.local/lib/python3.8/site-packages/airflow/example_dags/tutorial_dag.py
[2024-06-12T18:11:43.843+0000] {processor.py:830} INFO - Processing file /home/airflow/.local/lib/python3.8/site-packages/airflow/example_dags/tutorial_dag.py for tasks to queue
[2024-06-12T18:11:43.844+0000] {logging_mixin.py:188} INFO - [2024-06-12T18:11:43.844+0000] {dagbag.py:538} INFO - Filling up the DagBag from /home/airflow/.local/lib/python3.8/site-packages/airflow/example_dags/tutorial_dag.py
[2024-06-12T18:11:43.849+0000] {processor.py:840} INFO - DAG(s) 'tutorial_dag' retrieved from /home/airflow/.local/lib/python3.8/site-packages/airflow/example_dags/tutorial_dag.py
[2024-06-12T18:11:43.873+0000] {logging_mixin.py:188} INFO - [2024-06-12T18:11:43.873+0000] {dag.py:3036} INFO - Sync 1 DAGs
[2024-06-12T18:11:43.888+0000] {logging_mixin.py:188} INFO - [2024-06-12T18:11:43.888+0000] {dag.py:3823} INFO - Setting next_dagrun for tutorial_dag to None, run_after=None
[2024-06-12T18:11:43.923+0000] {processor.py:183} INFO - Processing /home/airflow/.local/lib/python3.8/site-packages/airflow/example_dags/tutorial_dag.py took 0.084 seconds
[2024-06-12T18:14:51.859+0000] {processor.py:161} INFO - Started process (PID=69) to work on /home/airflow/.local/lib/python3.8/site-packages/airflow/example_dags/tutorial_dag.py
[2024-06-12T18:14:51.861+0000] {processor.py:830} INFO - Processing file /home/airflow/.local/lib/python3.8/site-packages/airflow/example_dags/tutorial_dag.py for tasks to queue
[2024-06-12T18:14:51.864+0000] {logging_mixin.py:188} INFO - [2024-06-12T18:14:51.863+0000] {dagbag.py:538} INFO - Filling up the DagBag from /home/airflow/.local/lib/python3.8/site-packages/airflow/example_dags/tutorial_dag.py
[2024-06-12T18:14:51.871+0000] {processor.py:840} INFO - DAG(s) 'tutorial_dag' retrieved from /home/airflow/.local/lib/python3.8/site-packages/airflow/example_dags/tutorial_dag.py
[2024-06-12T18:14:51.902+0000] {logging_mixin.py:188} INFO - [2024-06-12T18:14:51.901+0000] {dag.py:3036} INFO - Sync 1 DAGs
[2024-06-12T18:14:51.918+0000] {logging_mixin.py:188} INFO - [2024-06-12T18:14:51.918+0000] {dag.py:3823} INFO - Setting next_dagrun for tutorial_dag to None, run_after=None
[2024-06-12T18:14:52.009+0000] {processor.py:183} INFO - Processing /home/airflow/.local/lib/python3.8/site-packages/airflow/example_dags/tutorial_dag.py took 0.153 seconds
[2024-06-12T18:15:22.487+0000] {processor.py:161} INFO - Started process (PID=126) to work on /home/airflow/.local/lib/python3.8/site-packages/airflow/example_dags/tutorial_dag.py
[2024-06-12T18:15:22.487+0000] {processor.py:830} INFO - Processing file /home/airflow/.local/lib/python3.8/site-packages/airflow/example_dags/tutorial_dag.py for tasks to queue
[2024-06-12T18:15:22.489+0000] {logging_mixin.py:188} INFO - [2024-06-12T18:15:22.489+0000] {dagbag.py:538} INFO - Filling up the DagBag from /home/airflow/.local/lib/python3.8/site-packages/airflow/example_dags/tutorial_dag.py
[2024-06-12T18:15:22.493+0000] {processor.py:840} INFO - DAG(s) 'tutorial_dag' retrieved from /home/airflow/.local/lib/python3.8/site-packages/airflow/example_dags/tutorial_dag.py
[2024-06-12T18:15:22.504+0000] {logging_mixin.py:188} INFO - [2024-06-12T18:15:22.503+0000] {dag.py:3036} INFO - Sync 1 DAGs
[2024-06-12T18:15:22.516+0000] {logging_mixin.py:188} INFO - [2024-06-12T18:15:22.515+0000] {dag.py:3823} INFO - Setting next_dagrun for tutorial_dag to None, run_after=None
[2024-06-12T18:15:22.541+0000] {processor.py:183} INFO - Processing /home/airflow/.local/lib/python3.8/site-packages/airflow/example_dags/tutorial_dag.py took 0.057 seconds
[2024-06-12T18:15:53.402+0000] {processor.py:161} INFO - Started process (PID=183) to work on /home/airflow/.local/lib/python3.8/site-packages/airflow/example_dags/tutorial_dag.py
[2024-06-12T18:15:53.403+0000] {processor.py:830} INFO - Processing file /home/airflow/.local/lib/python3.8/site-packages/airflow/example_dags/tutorial_dag.py for tasks to queue
[2024-06-12T18:15:53.407+0000] {logging_mixin.py:188} INFO - [2024-06-12T18:15:53.406+0000] {dagbag.py:538} INFO - Filling up the DagBag from /home/airflow/.local/lib/python3.8/site-packages/airflow/example_dags/tutorial_dag.py
[2024-06-12T18:15:53.419+0000] {processor.py:840} INFO - DAG(s) 'tutorial_dag' retrieved from /home/airflow/.local/lib/python3.8/site-packages/airflow/example_dags/tutorial_dag.py
[2024-06-12T18:15:53.556+0000] {logging_mixin.py:188} INFO - [2024-06-12T18:15:53.556+0000] {dag.py:3036} INFO - Sync 1 DAGs
[2024-06-12T18:15:53.572+0000] {logging_mixin.py:188} INFO - [2024-06-12T18:15:53.571+0000] {dag.py:3823} INFO - Setting next_dagrun for tutorial_dag to None, run_after=None
[2024-06-12T18:15:53.600+0000] {processor.py:183} INFO - Processing /home/airflow/.local/lib/python3.8/site-packages/airflow/example_dags/tutorial_dag.py took 0.202 seconds
[2024-06-12T18:16:23.704+0000] {processor.py:161} INFO - Started process (PID=240) to work on /home/airflow/.local/lib/python3.8/site-packages/airflow/example_dags/tutorial_dag.py
[2024-06-12T18:16:23.705+0000] {processor.py:830} INFO - Processing file /home/airflow/.local/lib/python3.8/site-packages/airflow/example_dags/tutorial_dag.py for tasks to queue
[2024-06-12T18:16:23.707+0000] {logging_mixin.py:188} INFO - [2024-06-12T18:16:23.706+0000] {dagbag.py:538} INFO - Filling up the DagBag from /home/airflow/.local/lib/python3.8/site-packages/airflow/example_dags/tutorial_dag.py
[2024-06-12T18:16:23.712+0000] {processor.py:840} INFO - DAG(s) 'tutorial_dag' retrieved from /home/airflow/.local/lib/python3.8/site-packages/airflow/example_dags/tutorial_dag.py
[2024-06-12T18:16:23.724+0000] {logging_mixin.py:188} INFO - [2024-06-12T18:16:23.723+0000] {dag.py:3036} INFO - Sync 1 DAGs
[2024-06-12T18:16:23.746+0000] {logging_mixin.py:188} INFO - [2024-06-12T18:16:23.745+0000] {dag.py:3823} INFO - Setting next_dagrun for tutorial_dag to None, run_after=None
[2024-06-12T18:16:23.778+0000] {processor.py:183} INFO - Processing /home/airflow/.local/lib/python3.8/site-packages/airflow/example_dags/tutorial_dag.py took 0.077 seconds
[2024-06-12T18:16:55.252+0000] {processor.py:161} INFO - Started process (PID=303) to work on /home/airflow/.local/lib/python3.8/site-packages/airflow/example_dags/tutorial_dag.py
[2024-06-12T18:16:55.253+0000] {processor.py:830} INFO - Processing file /home/airflow/.local/lib/python3.8/site-packages/airflow/example_dags/tutorial_dag.py for tasks to queue
[2024-06-12T18:16:55.254+0000] {logging_mixin.py:188} INFO - [2024-06-12T18:16:55.254+0000] {dagbag.py:538} INFO - Filling up the DagBag from /home/airflow/.local/lib/python3.8/site-packages/airflow/example_dags/tutorial_dag.py
[2024-06-12T18:16:55.259+0000] {processor.py:840} INFO - DAG(s) 'tutorial_dag' retrieved from /home/airflow/.local/lib/python3.8/site-packages/airflow/example_dags/tutorial_dag.py
[2024-06-12T18:16:55.366+0000] {logging_mixin.py:188} INFO - [2024-06-12T18:16:55.366+0000] {dag.py:3036} INFO - Sync 1 DAGs
[2024-06-12T18:16:55.379+0000] {logging_mixin.py:188} INFO - [2024-06-12T18:16:55.379+0000] {dag.py:3823} INFO - Setting next_dagrun for tutorial_dag to None, run_after=None
[2024-06-12T18:16:55.404+0000] {processor.py:183} INFO - Processing /home/airflow/.local/lib/python3.8/site-packages/airflow/example_dags/tutorial_dag.py took 0.154 seconds
[2024-06-12T18:17:25.493+0000] {processor.py:161} INFO - Started process (PID=360) to work on /home/airflow/.local/lib/python3.8/site-packages/airflow/example_dags/tutorial_dag.py
[2024-06-12T18:17:25.494+0000] {processor.py:830} INFO - Processing file /home/airflow/.local/lib/python3.8/site-packages/airflow/example_dags/tutorial_dag.py for tasks to queue
[2024-06-12T18:17:25.495+0000] {logging_mixin.py:188} INFO - [2024-06-12T18:17:25.495+0000] {dagbag.py:538} INFO - Filling up the DagBag from /home/airflow/.local/lib/python3.8/site-packages/airflow/example_dags/tutorial_dag.py
[2024-06-12T18:17:25.499+0000] {processor.py:840} INFO - DAG(s) 'tutorial_dag' retrieved from /home/airflow/.local/lib/python3.8/site-packages/airflow/example_dags/tutorial_dag.py
[2024-06-12T18:17:25.518+0000] {logging_mixin.py:188} INFO - [2024-06-12T18:17:25.518+0000] {dag.py:3036} INFO - Sync 1 DAGs
[2024-06-12T18:17:25.529+0000] {logging_mixin.py:188} INFO - [2024-06-12T18:17:25.529+0000] {dag.py:3823} INFO - Setting next_dagrun for tutorial_dag to None, run_after=None
[2024-06-12T18:17:25.550+0000] {processor.py:183} INFO - Processing /home/airflow/.local/lib/python3.8/site-packages/airflow/example_dags/tutorial_dag.py took 0.060 seconds
[2024-06-12T18:18:47.131+0000] {processor.py:161} INFO - Started process (PID=69) to work on /home/airflow/.local/lib/python3.8/site-packages/airflow/example_dags/tutorial_dag.py
[2024-06-12T18:18:47.132+0000] {processor.py:830} INFO - Processing file /home/airflow/.local/lib/python3.8/site-packages/airflow/example_dags/tutorial_dag.py for tasks to queue
[2024-06-12T18:18:47.134+0000] {logging_mixin.py:188} INFO - [2024-06-12T18:18:47.133+0000] {dagbag.py:538} INFO - Filling up the DagBag from /home/airflow/.local/lib/python3.8/site-packages/airflow/example_dags/tutorial_dag.py
[2024-06-12T18:18:47.139+0000] {processor.py:840} INFO - DAG(s) 'tutorial_dag' retrieved from /home/airflow/.local/lib/python3.8/site-packages/airflow/example_dags/tutorial_dag.py
[2024-06-12T18:18:47.150+0000] {logging_mixin.py:188} INFO - [2024-06-12T18:18:47.150+0000] {dag.py:3036} INFO - Sync 1 DAGs
[2024-06-12T18:18:47.164+0000] {logging_mixin.py:188} INFO - [2024-06-12T18:18:47.164+0000] {dag.py:3823} INFO - Setting next_dagrun for tutorial_dag to None, run_after=None
[2024-06-12T18:18:47.185+0000] {processor.py:183} INFO - Processing /home/airflow/.local/lib/python3.8/site-packages/airflow/example_dags/tutorial_dag.py took 0.056 seconds
[2024-06-12T18:19:18.501+0000] {processor.py:161} INFO - Started process (PID=126) to work on /home/airflow/.local/lib/python3.8/site-packages/airflow/example_dags/tutorial_dag.py
[2024-06-12T18:19:18.502+0000] {processor.py:830} INFO - Processing file /home/airflow/.local/lib/python3.8/site-packages/airflow/example_dags/tutorial_dag.py for tasks to queue
[2024-06-12T18:19:18.504+0000] {logging_mixin.py:188} INFO - [2024-06-12T18:19:18.504+0000] {dagbag.py:538} INFO - Filling up the DagBag from /home/airflow/.local/lib/python3.8/site-packages/airflow/example_dags/tutorial_dag.py
[2024-06-12T18:19:18.510+0000] {processor.py:840} INFO - DAG(s) 'tutorial_dag' retrieved from /home/airflow/.local/lib/python3.8/site-packages/airflow/example_dags/tutorial_dag.py
[2024-06-12T18:19:18.525+0000] {logging_mixin.py:188} INFO - [2024-06-12T18:19:18.524+0000] {dag.py:3036} INFO - Sync 1 DAGs
[2024-06-12T18:19:18.543+0000] {logging_mixin.py:188} INFO - [2024-06-12T18:19:18.542+0000] {dag.py:3823} INFO - Setting next_dagrun for tutorial_dag to None, run_after=None
[2024-06-12T18:19:18.572+0000] {processor.py:183} INFO - Processing /home/airflow/.local/lib/python3.8/site-packages/airflow/example_dags/tutorial_dag.py took 0.074 seconds
[2024-06-12T18:19:51.029+0000] {processor.py:161} INFO - Started process (PID=183) to work on /home/airflow/.local/lib/python3.8/site-packages/airflow/example_dags/tutorial_dag.py
[2024-06-12T18:19:51.030+0000] {processor.py:830} INFO - Processing file /home/airflow/.local/lib/python3.8/site-packages/airflow/example_dags/tutorial_dag.py for tasks to queue
[2024-06-12T18:19:51.032+0000] {logging_mixin.py:188} INFO - [2024-06-12T18:19:51.032+0000] {dagbag.py:538} INFO - Filling up the DagBag from /home/airflow/.local/lib/python3.8/site-packages/airflow/example_dags/tutorial_dag.py
[2024-06-12T18:19:51.038+0000] {processor.py:840} INFO - DAG(s) 'tutorial_dag' retrieved from /home/airflow/.local/lib/python3.8/site-packages/airflow/example_dags/tutorial_dag.py
[2024-06-12T18:19:51.185+0000] {logging_mixin.py:188} INFO - [2024-06-12T18:19:51.185+0000] {dag.py:3036} INFO - Sync 1 DAGs
[2024-06-12T18:19:51.199+0000] {logging_mixin.py:188} INFO - [2024-06-12T18:19:51.199+0000] {dag.py:3823} INFO - Setting next_dagrun for tutorial_dag to None, run_after=None
[2024-06-12T18:19:51.234+0000] {processor.py:183} INFO - Processing /home/airflow/.local/lib/python3.8/site-packages/airflow/example_dags/tutorial_dag.py took 0.209 seconds
[2024-06-12T18:20:21.338+0000] {processor.py:161} INFO - Started process (PID=240) to work on /home/airflow/.local/lib/python3.8/site-packages/airflow/example_dags/tutorial_dag.py
[2024-06-12T18:20:21.340+0000] {processor.py:830} INFO - Processing file /home/airflow/.local/lib/python3.8/site-packages/airflow/example_dags/tutorial_dag.py for tasks to queue
[2024-06-12T18:20:21.342+0000] {logging_mixin.py:188} INFO - [2024-06-12T18:20:21.342+0000] {dagbag.py:538} INFO - Filling up the DagBag from /home/airflow/.local/lib/python3.8/site-packages/airflow/example_dags/tutorial_dag.py
[2024-06-12T18:20:21.351+0000] {processor.py:840} INFO - DAG(s) 'tutorial_dag' retrieved from /home/airflow/.local/lib/python3.8/site-packages/airflow/example_dags/tutorial_dag.py
[2024-06-12T18:20:21.375+0000] {logging_mixin.py:188} INFO - [2024-06-12T18:20:21.375+0000] {dag.py:3036} INFO - Sync 1 DAGs
[2024-06-12T18:20:21.394+0000] {logging_mixin.py:188} INFO - [2024-06-12T18:20:21.394+0000] {dag.py:3823} INFO - Setting next_dagrun for tutorial_dag to None, run_after=None
[2024-06-12T18:20:21.421+0000] {processor.py:183} INFO - Processing /home/airflow/.local/lib/python3.8/site-packages/airflow/example_dags/tutorial_dag.py took 0.087 seconds
[2024-06-12T18:20:51.790+0000] {processor.py:161} INFO - Started process (PID=297) to work on /home/airflow/.local/lib/python3.8/site-packages/airflow/example_dags/tutorial_dag.py
[2024-06-12T18:20:51.791+0000] {processor.py:830} INFO - Processing file /home/airflow/.local/lib/python3.8/site-packages/airflow/example_dags/tutorial_dag.py for tasks to queue
[2024-06-12T18:20:51.793+0000] {logging_mixin.py:188} INFO - [2024-06-12T18:20:51.793+0000] {dagbag.py:538} INFO - Filling up the DagBag from /home/airflow/.local/lib/python3.8/site-packages/airflow/example_dags/tutorial_dag.py
[2024-06-12T18:20:51.799+0000] {processor.py:840} INFO - DAG(s) 'tutorial_dag' retrieved from /home/airflow/.local/lib/python3.8/site-packages/airflow/example_dags/tutorial_dag.py
[2024-06-12T18:20:51.822+0000] {logging_mixin.py:188} INFO - [2024-06-12T18:20:51.821+0000] {dag.py:3036} INFO - Sync 1 DAGs
[2024-06-12T18:20:51.838+0000] {logging_mixin.py:188} INFO - [2024-06-12T18:20:51.837+0000] {dag.py:3823} INFO - Setting next_dagrun for tutorial_dag to None, run_after=None
[2024-06-12T18:20:51.865+0000] {processor.py:183} INFO - Processing /home/airflow/.local/lib/python3.8/site-packages/airflow/example_dags/tutorial_dag.py took 0.078 seconds
[2024-06-12T18:21:22.213+0000] {processor.py:161} INFO - Started process (PID=354) to work on /home/airflow/.local/lib/python3.8/site-packages/airflow/example_dags/tutorial_dag.py
[2024-06-12T18:21:22.214+0000] {processor.py:830} INFO - Processing file /home/airflow/.local/lib/python3.8/site-packages/airflow/example_dags/tutorial_dag.py for tasks to queue
[2024-06-12T18:21:22.217+0000] {logging_mixin.py:188} INFO - [2024-06-12T18:21:22.216+0000] {dagbag.py:538} INFO - Filling up the DagBag from /home/airflow/.local/lib/python3.8/site-packages/airflow/example_dags/tutorial_dag.py
[2024-06-12T18:21:22.223+0000] {processor.py:840} INFO - DAG(s) 'tutorial_dag' retrieved from /home/airflow/.local/lib/python3.8/site-packages/airflow/example_dags/tutorial_dag.py
[2024-06-12T18:21:22.250+0000] {logging_mixin.py:188} INFO - [2024-06-12T18:21:22.250+0000] {dag.py:3036} INFO - Sync 1 DAGs
[2024-06-12T18:21:22.268+0000] {logging_mixin.py:188} INFO - [2024-06-12T18:21:22.268+0000] {dag.py:3823} INFO - Setting next_dagrun for tutorial_dag to None, run_after=None
[2024-06-12T18:21:22.299+0000] {processor.py:183} INFO - Processing /home/airflow/.local/lib/python3.8/site-packages/airflow/example_dags/tutorial_dag.py took 0.090 seconds
[2024-06-12T18:21:52.471+0000] {processor.py:161} INFO - Started process (PID=411) to work on /home/airflow/.local/lib/python3.8/site-packages/airflow/example_dags/tutorial_dag.py
[2024-06-12T18:21:52.472+0000] {processor.py:830} INFO - Processing file /home/airflow/.local/lib/python3.8/site-packages/airflow/example_dags/tutorial_dag.py for tasks to queue
[2024-06-12T18:21:52.474+0000] {logging_mixin.py:188} INFO - [2024-06-12T18:21:52.473+0000] {dagbag.py:538} INFO - Filling up the DagBag from /home/airflow/.local/lib/python3.8/site-packages/airflow/example_dags/tutorial_dag.py
[2024-06-12T18:21:52.481+0000] {processor.py:840} INFO - DAG(s) 'tutorial_dag' retrieved from /home/airflow/.local/lib/python3.8/site-packages/airflow/example_dags/tutorial_dag.py
[2024-06-12T18:21:52.504+0000] {logging_mixin.py:188} INFO - [2024-06-12T18:21:52.503+0000] {dag.py:3036} INFO - Sync 1 DAGs
[2024-06-12T18:21:52.518+0000] {logging_mixin.py:188} INFO - [2024-06-12T18:21:52.517+0000] {dag.py:3823} INFO - Setting next_dagrun for tutorial_dag to None, run_after=None
[2024-06-12T18:21:52.543+0000] {processor.py:183} INFO - Processing /home/airflow/.local/lib/python3.8/site-packages/airflow/example_dags/tutorial_dag.py took 0.074 seconds
[2024-06-12T18:22:23.482+0000] {processor.py:161} INFO - Started process (PID=468) to work on /home/airflow/.local/lib/python3.8/site-packages/airflow/example_dags/tutorial_dag.py
[2024-06-12T18:22:23.483+0000] {processor.py:830} INFO - Processing file /home/airflow/.local/lib/python3.8/site-packages/airflow/example_dags/tutorial_dag.py for tasks to queue
[2024-06-12T18:22:23.485+0000] {logging_mixin.py:188} INFO - [2024-06-12T18:22:23.484+0000] {dagbag.py:538} INFO - Filling up the DagBag from /home/airflow/.local/lib/python3.8/site-packages/airflow/example_dags/tutorial_dag.py
[2024-06-12T18:22:23.490+0000] {processor.py:840} INFO - DAG(s) 'tutorial_dag' retrieved from /home/airflow/.local/lib/python3.8/site-packages/airflow/example_dags/tutorial_dag.py
[2024-06-12T18:22:23.515+0000] {logging_mixin.py:188} INFO - [2024-06-12T18:22:23.515+0000] {dag.py:3036} INFO - Sync 1 DAGs
[2024-06-12T18:22:23.536+0000] {logging_mixin.py:188} INFO - [2024-06-12T18:22:23.535+0000] {dag.py:3823} INFO - Setting next_dagrun for tutorial_dag to None, run_after=None
[2024-06-12T18:22:23.568+0000] {processor.py:183} INFO - Processing /home/airflow/.local/lib/python3.8/site-packages/airflow/example_dags/tutorial_dag.py took 0.090 seconds
[2024-06-12T18:22:54.315+0000] {processor.py:161} INFO - Started process (PID=525) to work on /home/airflow/.local/lib/python3.8/site-packages/airflow/example_dags/tutorial_dag.py
[2024-06-12T18:22:54.316+0000] {processor.py:830} INFO - Processing file /home/airflow/.local/lib/python3.8/site-packages/airflow/example_dags/tutorial_dag.py for tasks to queue
[2024-06-12T18:22:54.319+0000] {logging_mixin.py:188} INFO - [2024-06-12T18:22:54.319+0000] {dagbag.py:538} INFO - Filling up the DagBag from /home/airflow/.local/lib/python3.8/site-packages/airflow/example_dags/tutorial_dag.py
[2024-06-12T18:22:54.325+0000] {processor.py:840} INFO - DAG(s) 'tutorial_dag' retrieved from /home/airflow/.local/lib/python3.8/site-packages/airflow/example_dags/tutorial_dag.py
[2024-06-12T18:22:54.353+0000] {logging_mixin.py:188} INFO - [2024-06-12T18:22:54.352+0000] {dag.py:3036} INFO - Sync 1 DAGs
[2024-06-12T18:22:54.372+0000] {logging_mixin.py:188} INFO - [2024-06-12T18:22:54.372+0000] {dag.py:3823} INFO - Setting next_dagrun for tutorial_dag to None, run_after=None
[2024-06-12T18:22:54.410+0000] {processor.py:183} INFO - Processing /home/airflow/.local/lib/python3.8/site-packages/airflow/example_dags/tutorial_dag.py took 0.099 seconds
[2024-06-12T18:23:24.682+0000] {processor.py:161} INFO - Started process (PID=582) to work on /home/airflow/.local/lib/python3.8/site-packages/airflow/example_dags/tutorial_dag.py
[2024-06-12T18:23:24.684+0000] {processor.py:830} INFO - Processing file /home/airflow/.local/lib/python3.8/site-packages/airflow/example_dags/tutorial_dag.py for tasks to queue
[2024-06-12T18:23:24.686+0000] {logging_mixin.py:188} INFO - [2024-06-12T18:23:24.685+0000] {dagbag.py:538} INFO - Filling up the DagBag from /home/airflow/.local/lib/python3.8/site-packages/airflow/example_dags/tutorial_dag.py
[2024-06-12T18:23:24.691+0000] {processor.py:840} INFO - DAG(s) 'tutorial_dag' retrieved from /home/airflow/.local/lib/python3.8/site-packages/airflow/example_dags/tutorial_dag.py
[2024-06-12T18:23:24.715+0000] {logging_mixin.py:188} INFO - [2024-06-12T18:23:24.714+0000] {dag.py:3036} INFO - Sync 1 DAGs
[2024-06-12T18:23:24.732+0000] {logging_mixin.py:188} INFO - [2024-06-12T18:23:24.731+0000] {dag.py:3823} INFO - Setting next_dagrun for tutorial_dag to None, run_after=None
[2024-06-12T18:23:24.760+0000] {processor.py:183} INFO - Processing /home/airflow/.local/lib/python3.8/site-packages/airflow/example_dags/tutorial_dag.py took 0.081 seconds
[2024-06-12T18:23:56.057+0000] {processor.py:161} INFO - Started process (PID=639) to work on /home/airflow/.local/lib/python3.8/site-packages/airflow/example_dags/tutorial_dag.py
[2024-06-12T18:23:56.058+0000] {processor.py:830} INFO - Processing file /home/airflow/.local/lib/python3.8/site-packages/airflow/example_dags/tutorial_dag.py for tasks to queue
[2024-06-12T18:23:56.061+0000] {logging_mixin.py:188} INFO - [2024-06-12T18:23:56.061+0000] {dagbag.py:538} INFO - Filling up the DagBag from /home/airflow/.local/lib/python3.8/site-packages/airflow/example_dags/tutorial_dag.py
[2024-06-12T18:23:56.068+0000] {processor.py:840} INFO - DAG(s) 'tutorial_dag' retrieved from /home/airflow/.local/lib/python3.8/site-packages/airflow/example_dags/tutorial_dag.py
[2024-06-12T18:23:56.096+0000] {logging_mixin.py:188} INFO - [2024-06-12T18:23:56.096+0000] {dag.py:3036} INFO - Sync 1 DAGs
[2024-06-12T18:23:56.113+0000] {logging_mixin.py:188} INFO - [2024-06-12T18:23:56.113+0000] {dag.py:3823} INFO - Setting next_dagrun for tutorial_dag to None, run_after=None
[2024-06-12T18:23:56.143+0000] {processor.py:183} INFO - Processing /home/airflow/.local/lib/python3.8/site-packages/airflow/example_dags/tutorial_dag.py took 0.090 seconds
[2024-06-12T18:24:27.102+0000] {processor.py:161} INFO - Started process (PID=696) to work on /home/airflow/.local/lib/python3.8/site-packages/airflow/example_dags/tutorial_dag.py
[2024-06-12T18:24:27.103+0000] {processor.py:830} INFO - Processing file /home/airflow/.local/lib/python3.8/site-packages/airflow/example_dags/tutorial_dag.py for tasks to queue
[2024-06-12T18:24:27.106+0000] {logging_mixin.py:188} INFO - [2024-06-12T18:24:27.105+0000] {dagbag.py:538} INFO - Filling up the DagBag from /home/airflow/.local/lib/python3.8/site-packages/airflow/example_dags/tutorial_dag.py
[2024-06-12T18:24:27.113+0000] {processor.py:840} INFO - DAG(s) 'tutorial_dag' retrieved from /home/airflow/.local/lib/python3.8/site-packages/airflow/example_dags/tutorial_dag.py
[2024-06-12T18:24:27.128+0000] {logging_mixin.py:188} INFO - [2024-06-12T18:24:27.128+0000] {dag.py:3036} INFO - Sync 1 DAGs
[2024-06-12T18:24:27.150+0000] {logging_mixin.py:188} INFO - [2024-06-12T18:24:27.149+0000] {dag.py:3823} INFO - Setting next_dagrun for tutorial_dag to None, run_after=None
[2024-06-12T18:24:27.181+0000] {processor.py:183} INFO - Processing /home/airflow/.local/lib/python3.8/site-packages/airflow/example_dags/tutorial_dag.py took 0.083 seconds
[2024-06-12T18:24:57.523+0000] {processor.py:161} INFO - Started process (PID=753) to work on /home/airflow/.local/lib/python3.8/site-packages/airflow/example_dags/tutorial_dag.py
[2024-06-12T18:24:57.524+0000] {processor.py:830} INFO - Processing file /home/airflow/.local/lib/python3.8/site-packages/airflow/example_dags/tutorial_dag.py for tasks to queue
[2024-06-12T18:24:57.525+0000] {logging_mixin.py:188} INFO - [2024-06-12T18:24:57.525+0000] {dagbag.py:538} INFO - Filling up the DagBag from /home/airflow/.local/lib/python3.8/site-packages/airflow/example_dags/tutorial_dag.py
[2024-06-12T18:24:57.530+0000] {processor.py:840} INFO - DAG(s) 'tutorial_dag' retrieved from /home/airflow/.local/lib/python3.8/site-packages/airflow/example_dags/tutorial_dag.py
[2024-06-12T18:24:57.647+0000] {logging_mixin.py:188} INFO - [2024-06-12T18:24:57.647+0000] {dag.py:3036} INFO - Sync 1 DAGs
[2024-06-12T18:24:57.661+0000] {logging_mixin.py:188} INFO - [2024-06-12T18:24:57.660+0000] {dag.py:3823} INFO - Setting next_dagrun for tutorial_dag to None, run_after=None
[2024-06-12T18:24:57.686+0000] {processor.py:183} INFO - Processing /home/airflow/.local/lib/python3.8/site-packages/airflow/example_dags/tutorial_dag.py took 0.166 seconds
[2024-06-12T18:25:27.917+0000] {processor.py:161} INFO - Started process (PID=808) to work on /home/airflow/.local/lib/python3.8/site-packages/airflow/example_dags/tutorial_dag.py
[2024-06-12T18:25:27.918+0000] {processor.py:830} INFO - Processing file /home/airflow/.local/lib/python3.8/site-packages/airflow/example_dags/tutorial_dag.py for tasks to queue
[2024-06-12T18:25:27.920+0000] {logging_mixin.py:188} INFO - [2024-06-12T18:25:27.920+0000] {dagbag.py:538} INFO - Filling up the DagBag from /home/airflow/.local/lib/python3.8/site-packages/airflow/example_dags/tutorial_dag.py
[2024-06-12T18:25:27.925+0000] {processor.py:840} INFO - DAG(s) 'tutorial_dag' retrieved from /home/airflow/.local/lib/python3.8/site-packages/airflow/example_dags/tutorial_dag.py
[2024-06-12T18:25:27.951+0000] {logging_mixin.py:188} INFO - [2024-06-12T18:25:27.951+0000] {dag.py:3036} INFO - Sync 1 DAGs
[2024-06-12T18:25:27.969+0000] {logging_mixin.py:188} INFO - [2024-06-12T18:25:27.969+0000] {dag.py:3823} INFO - Setting next_dagrun for tutorial_dag to None, run_after=None
[2024-06-12T18:25:27.996+0000] {processor.py:183} INFO - Processing /home/airflow/.local/lib/python3.8/site-packages/airflow/example_dags/tutorial_dag.py took 0.083 seconds
[2024-06-12T18:26:59.943+0000] {processor.py:161} INFO - Started process (PID=69) to work on /home/airflow/.local/lib/python3.8/site-packages/airflow/example_dags/tutorial_dag.py
[2024-06-12T18:26:59.944+0000] {processor.py:830} INFO - Processing file /home/airflow/.local/lib/python3.8/site-packages/airflow/example_dags/tutorial_dag.py for tasks to queue
[2024-06-12T18:26:59.947+0000] {logging_mixin.py:188} INFO - [2024-06-12T18:26:59.946+0000] {dagbag.py:538} INFO - Filling up the DagBag from /home/airflow/.local/lib/python3.8/site-packages/airflow/example_dags/tutorial_dag.py
[2024-06-12T18:26:59.953+0000] {processor.py:840} INFO - DAG(s) 'tutorial_dag' retrieved from /home/airflow/.local/lib/python3.8/site-packages/airflow/example_dags/tutorial_dag.py
[2024-06-12T18:26:59.979+0000] {logging_mixin.py:188} INFO - [2024-06-12T18:26:59.978+0000] {dag.py:3036} INFO - Sync 1 DAGs
[2024-06-12T18:26:59.997+0000] {logging_mixin.py:188} INFO - [2024-06-12T18:26:59.996+0000] {dag.py:3823} INFO - Setting next_dagrun for tutorial_dag to None, run_after=None
[2024-06-12T18:27:00.035+0000] {processor.py:183} INFO - Processing /home/airflow/.local/lib/python3.8/site-packages/airflow/example_dags/tutorial_dag.py took 0.095 seconds
[2024-06-12T18:27:30.117+0000] {processor.py:161} INFO - Started process (PID=126) to work on /home/airflow/.local/lib/python3.8/site-packages/airflow/example_dags/tutorial_dag.py
[2024-06-12T18:27:30.118+0000] {processor.py:830} INFO - Processing file /home/airflow/.local/lib/python3.8/site-packages/airflow/example_dags/tutorial_dag.py for tasks to queue
[2024-06-12T18:27:30.120+0000] {logging_mixin.py:188} INFO - [2024-06-12T18:27:30.120+0000] {dagbag.py:538} INFO - Filling up the DagBag from /home/airflow/.local/lib/python3.8/site-packages/airflow/example_dags/tutorial_dag.py
[2024-06-12T18:27:30.126+0000] {processor.py:840} INFO - DAG(s) 'tutorial_dag' retrieved from /home/airflow/.local/lib/python3.8/site-packages/airflow/example_dags/tutorial_dag.py
[2024-06-12T18:27:30.143+0000] {logging_mixin.py:188} INFO - [2024-06-12T18:27:30.142+0000] {dag.py:3036} INFO - Sync 1 DAGs
[2024-06-12T18:27:30.164+0000] {logging_mixin.py:188} INFO - [2024-06-12T18:27:30.164+0000] {dag.py:3823} INFO - Setting next_dagrun for tutorial_dag to None, run_after=None
[2024-06-12T18:27:30.192+0000] {processor.py:183} INFO - Processing /home/airflow/.local/lib/python3.8/site-packages/airflow/example_dags/tutorial_dag.py took 0.079 seconds
[2024-06-12T18:28:02.969+0000] {processor.py:161} INFO - Started process (PID=183) to work on /home/airflow/.local/lib/python3.8/site-packages/airflow/example_dags/tutorial_dag.py
[2024-06-12T18:28:02.970+0000] {processor.py:830} INFO - Processing file /home/airflow/.local/lib/python3.8/site-packages/airflow/example_dags/tutorial_dag.py for tasks to queue
[2024-06-12T18:28:02.973+0000] {logging_mixin.py:188} INFO - [2024-06-12T18:28:02.972+0000] {dagbag.py:538} INFO - Filling up the DagBag from /home/airflow/.local/lib/python3.8/site-packages/airflow/example_dags/tutorial_dag.py
[2024-06-12T18:28:02.980+0000] {processor.py:840} INFO - DAG(s) 'tutorial_dag' retrieved from /home/airflow/.local/lib/python3.8/site-packages/airflow/example_dags/tutorial_dag.py
[2024-06-12T18:28:03.138+0000] {logging_mixin.py:188} INFO - [2024-06-12T18:28:03.138+0000] {dag.py:3036} INFO - Sync 1 DAGs
[2024-06-12T18:28:03.156+0000] {logging_mixin.py:188} INFO - [2024-06-12T18:28:03.156+0000] {dag.py:3823} INFO - Setting next_dagrun for tutorial_dag to None, run_after=None
[2024-06-12T18:28:03.186+0000] {processor.py:183} INFO - Processing /home/airflow/.local/lib/python3.8/site-packages/airflow/example_dags/tutorial_dag.py took 0.220 seconds
[2024-06-12T18:28:33.849+0000] {processor.py:161} INFO - Started process (PID=240) to work on /home/airflow/.local/lib/python3.8/site-packages/airflow/example_dags/tutorial_dag.py
[2024-06-12T18:28:33.850+0000] {processor.py:830} INFO - Processing file /home/airflow/.local/lib/python3.8/site-packages/airflow/example_dags/tutorial_dag.py for tasks to queue
[2024-06-12T18:28:33.852+0000] {logging_mixin.py:188} INFO - [2024-06-12T18:28:33.852+0000] {dagbag.py:538} INFO - Filling up the DagBag from /home/airflow/.local/lib/python3.8/site-packages/airflow/example_dags/tutorial_dag.py
[2024-06-12T18:28:33.859+0000] {processor.py:840} INFO - DAG(s) 'tutorial_dag' retrieved from /home/airflow/.local/lib/python3.8/site-packages/airflow/example_dags/tutorial_dag.py
[2024-06-12T18:28:33.886+0000] {logging_mixin.py:188} INFO - [2024-06-12T18:28:33.885+0000] {dag.py:3036} INFO - Sync 1 DAGs
[2024-06-12T18:28:33.906+0000] {logging_mixin.py:188} INFO - [2024-06-12T18:28:33.906+0000] {dag.py:3823} INFO - Setting next_dagrun for tutorial_dag to None, run_after=None
[2024-06-12T18:28:33.938+0000] {processor.py:183} INFO - Processing /home/airflow/.local/lib/python3.8/site-packages/airflow/example_dags/tutorial_dag.py took 0.093 seconds
[2024-06-12T18:29:04.410+0000] {processor.py:161} INFO - Started process (PID=297) to work on /home/airflow/.local/lib/python3.8/site-packages/airflow/example_dags/tutorial_dag.py
[2024-06-12T18:29:04.412+0000] {processor.py:830} INFO - Processing file /home/airflow/.local/lib/python3.8/site-packages/airflow/example_dags/tutorial_dag.py for tasks to queue
[2024-06-12T18:29:04.413+0000] {logging_mixin.py:188} INFO - [2024-06-12T18:29:04.413+0000] {dagbag.py:538} INFO - Filling up the DagBag from /home/airflow/.local/lib/python3.8/site-packages/airflow/example_dags/tutorial_dag.py
[2024-06-12T18:29:04.418+0000] {processor.py:840} INFO - DAG(s) 'tutorial_dag' retrieved from /home/airflow/.local/lib/python3.8/site-packages/airflow/example_dags/tutorial_dag.py
[2024-06-12T18:29:04.439+0000] {logging_mixin.py:188} INFO - [2024-06-12T18:29:04.439+0000] {dag.py:3036} INFO - Sync 1 DAGs
[2024-06-12T18:29:04.453+0000] {logging_mixin.py:188} INFO - [2024-06-12T18:29:04.452+0000] {dag.py:3823} INFO - Setting next_dagrun for tutorial_dag to None, run_after=None
[2024-06-12T18:29:04.476+0000] {processor.py:183} INFO - Processing /home/airflow/.local/lib/python3.8/site-packages/airflow/example_dags/tutorial_dag.py took 0.068 seconds
[2024-06-12T18:29:34.599+0000] {processor.py:161} INFO - Started process (PID=354) to work on /home/airflow/.local/lib/python3.8/site-packages/airflow/example_dags/tutorial_dag.py
[2024-06-12T18:29:34.600+0000] {processor.py:830} INFO - Processing file /home/airflow/.local/lib/python3.8/site-packages/airflow/example_dags/tutorial_dag.py for tasks to queue
[2024-06-12T18:29:34.602+0000] {logging_mixin.py:188} INFO - [2024-06-12T18:29:34.602+0000] {dagbag.py:538} INFO - Filling up the DagBag from /home/airflow/.local/lib/python3.8/site-packages/airflow/example_dags/tutorial_dag.py
[2024-06-12T18:29:34.608+0000] {processor.py:840} INFO - DAG(s) 'tutorial_dag' retrieved from /home/airflow/.local/lib/python3.8/site-packages/airflow/example_dags/tutorial_dag.py
[2024-06-12T18:29:34.632+0000] {logging_mixin.py:188} INFO - [2024-06-12T18:29:34.632+0000] {dag.py:3036} INFO - Sync 1 DAGs
[2024-06-12T18:29:34.650+0000] {logging_mixin.py:188} INFO - [2024-06-12T18:29:34.649+0000] {dag.py:3823} INFO - Setting next_dagrun for tutorial_dag to None, run_after=None
[2024-06-12T18:29:34.675+0000] {processor.py:183} INFO - Processing /home/airflow/.local/lib/python3.8/site-packages/airflow/example_dags/tutorial_dag.py took 0.079 seconds
[2024-06-12T18:30:04.828+0000] {processor.py:161} INFO - Started process (PID=410) to work on /home/airflow/.local/lib/python3.8/site-packages/airflow/example_dags/tutorial_dag.py
[2024-06-12T18:30:04.830+0000] {processor.py:830} INFO - Processing file /home/airflow/.local/lib/python3.8/site-packages/airflow/example_dags/tutorial_dag.py for tasks to queue
[2024-06-12T18:30:04.833+0000] {logging_mixin.py:188} INFO - [2024-06-12T18:30:04.832+0000] {dagbag.py:538} INFO - Filling up the DagBag from /home/airflow/.local/lib/python3.8/site-packages/airflow/example_dags/tutorial_dag.py
[2024-06-12T18:30:04.841+0000] {processor.py:840} INFO - DAG(s) 'tutorial_dag' retrieved from /home/airflow/.local/lib/python3.8/site-packages/airflow/example_dags/tutorial_dag.py
[2024-06-12T18:30:04.875+0000] {logging_mixin.py:188} INFO - [2024-06-12T18:30:04.874+0000] {dag.py:3036} INFO - Sync 1 DAGs
[2024-06-12T18:30:04.896+0000] {logging_mixin.py:188} INFO - [2024-06-12T18:30:04.895+0000] {dag.py:3823} INFO - Setting next_dagrun for tutorial_dag to None, run_after=None
[2024-06-12T18:30:04.932+0000] {processor.py:183} INFO - Processing /home/airflow/.local/lib/python3.8/site-packages/airflow/example_dags/tutorial_dag.py took 0.107 seconds
[2024-06-12T18:30:34.979+0000] {processor.py:161} INFO - Started process (PID=467) to work on /home/airflow/.local/lib/python3.8/site-packages/airflow/example_dags/tutorial_dag.py
[2024-06-12T18:30:34.980+0000] {processor.py:830} INFO - Processing file /home/airflow/.local/lib/python3.8/site-packages/airflow/example_dags/tutorial_dag.py for tasks to queue
[2024-06-12T18:30:34.982+0000] {logging_mixin.py:188} INFO - [2024-06-12T18:30:34.981+0000] {dagbag.py:538} INFO - Filling up the DagBag from /home/airflow/.local/lib/python3.8/site-packages/airflow/example_dags/tutorial_dag.py
[2024-06-12T18:30:34.988+0000] {processor.py:840} INFO - DAG(s) 'tutorial_dag' retrieved from /home/airflow/.local/lib/python3.8/site-packages/airflow/example_dags/tutorial_dag.py
[2024-06-12T18:30:35.014+0000] {logging_mixin.py:188} INFO - [2024-06-12T18:30:35.013+0000] {dag.py:3036} INFO - Sync 1 DAGs
[2024-06-12T18:30:35.030+0000] {logging_mixin.py:188} INFO - [2024-06-12T18:30:35.029+0000] {dag.py:3823} INFO - Setting next_dagrun for tutorial_dag to None, run_after=None
[2024-06-12T18:30:35.057+0000] {processor.py:183} INFO - Processing /home/airflow/.local/lib/python3.8/site-packages/airflow/example_dags/tutorial_dag.py took 0.081 seconds
[2024-06-12T18:31:06.036+0000] {processor.py:161} INFO - Started process (PID=525) to work on /home/airflow/.local/lib/python3.8/site-packages/airflow/example_dags/tutorial_dag.py
[2024-06-12T18:31:06.039+0000] {processor.py:830} INFO - Processing file /home/airflow/.local/lib/python3.8/site-packages/airflow/example_dags/tutorial_dag.py for tasks to queue
[2024-06-12T18:31:06.041+0000] {logging_mixin.py:188} INFO - [2024-06-12T18:31:06.040+0000] {dagbag.py:538} INFO - Filling up the DagBag from /home/airflow/.local/lib/python3.8/site-packages/airflow/example_dags/tutorial_dag.py
[2024-06-12T18:31:06.048+0000] {processor.py:840} INFO - DAG(s) 'tutorial_dag' retrieved from /home/airflow/.local/lib/python3.8/site-packages/airflow/example_dags/tutorial_dag.py
[2024-06-12T18:31:06.078+0000] {logging_mixin.py:188} INFO - [2024-06-12T18:31:06.078+0000] {dag.py:3036} INFO - Sync 1 DAGs
[2024-06-12T18:31:06.100+0000] {logging_mixin.py:188} INFO - [2024-06-12T18:31:06.100+0000] {dag.py:3823} INFO - Setting next_dagrun for tutorial_dag to None, run_after=None
[2024-06-12T18:31:06.133+0000] {processor.py:183} INFO - Processing /home/airflow/.local/lib/python3.8/site-packages/airflow/example_dags/tutorial_dag.py took 0.101 seconds
[2024-06-12T18:31:36.498+0000] {processor.py:161} INFO - Started process (PID=582) to work on /home/airflow/.local/lib/python3.8/site-packages/airflow/example_dags/tutorial_dag.py
[2024-06-12T18:31:36.499+0000] {processor.py:830} INFO - Processing file /home/airflow/.local/lib/python3.8/site-packages/airflow/example_dags/tutorial_dag.py for tasks to queue
[2024-06-12T18:31:36.501+0000] {logging_mixin.py:188} INFO - [2024-06-12T18:31:36.500+0000] {dagbag.py:538} INFO - Filling up the DagBag from /home/airflow/.local/lib/python3.8/site-packages/airflow/example_dags/tutorial_dag.py
[2024-06-12T18:31:36.508+0000] {processor.py:840} INFO - DAG(s) 'tutorial_dag' retrieved from /home/airflow/.local/lib/python3.8/site-packages/airflow/example_dags/tutorial_dag.py
[2024-06-12T18:31:36.538+0000] {logging_mixin.py:188} INFO - [2024-06-12T18:31:36.538+0000] {dag.py:3036} INFO - Sync 1 DAGs
[2024-06-12T18:31:36.560+0000] {logging_mixin.py:188} INFO - [2024-06-12T18:31:36.560+0000] {dag.py:3823} INFO - Setting next_dagrun for tutorial_dag to None, run_after=None
[2024-06-12T18:31:36.590+0000] {processor.py:183} INFO - Processing /home/airflow/.local/lib/python3.8/site-packages/airflow/example_dags/tutorial_dag.py took 0.096 seconds
[2024-06-12T18:32:06.835+0000] {processor.py:161} INFO - Started process (PID=639) to work on /home/airflow/.local/lib/python3.8/site-packages/airflow/example_dags/tutorial_dag.py
[2024-06-12T18:32:06.836+0000] {processor.py:830} INFO - Processing file /home/airflow/.local/lib/python3.8/site-packages/airflow/example_dags/tutorial_dag.py for tasks to queue
[2024-06-12T18:32:06.838+0000] {logging_mixin.py:188} INFO - [2024-06-12T18:32:06.838+0000] {dagbag.py:538} INFO - Filling up the DagBag from /home/airflow/.local/lib/python3.8/site-packages/airflow/example_dags/tutorial_dag.py
[2024-06-12T18:32:06.844+0000] {processor.py:840} INFO - DAG(s) 'tutorial_dag' retrieved from /home/airflow/.local/lib/python3.8/site-packages/airflow/example_dags/tutorial_dag.py
[2024-06-12T18:32:06.871+0000] {logging_mixin.py:188} INFO - [2024-06-12T18:32:06.870+0000] {dag.py:3036} INFO - Sync 1 DAGs
[2024-06-12T18:32:06.887+0000] {logging_mixin.py:188} INFO - [2024-06-12T18:32:06.887+0000] {dag.py:3823} INFO - Setting next_dagrun for tutorial_dag to None, run_after=None
[2024-06-12T18:32:06.915+0000] {processor.py:183} INFO - Processing /home/airflow/.local/lib/python3.8/site-packages/airflow/example_dags/tutorial_dag.py took 0.083 seconds
[2024-06-12T18:32:37.645+0000] {processor.py:161} INFO - Started process (PID=695) to work on /home/airflow/.local/lib/python3.8/site-packages/airflow/example_dags/tutorial_dag.py
[2024-06-12T18:32:37.646+0000] {processor.py:830} INFO - Processing file /home/airflow/.local/lib/python3.8/site-packages/airflow/example_dags/tutorial_dag.py for tasks to queue
[2024-06-12T18:32:37.649+0000] {logging_mixin.py:188} INFO - [2024-06-12T18:32:37.648+0000] {dagbag.py:538} INFO - Filling up the DagBag from /home/airflow/.local/lib/python3.8/site-packages/airflow/example_dags/tutorial_dag.py
[2024-06-12T18:32:37.657+0000] {processor.py:840} INFO - DAG(s) 'tutorial_dag' retrieved from /home/airflow/.local/lib/python3.8/site-packages/airflow/example_dags/tutorial_dag.py
[2024-06-12T18:32:37.685+0000] {logging_mixin.py:188} INFO - [2024-06-12T18:32:37.685+0000] {dag.py:3036} INFO - Sync 1 DAGs
[2024-06-12T18:32:37.704+0000] {logging_mixin.py:188} INFO - [2024-06-12T18:32:37.704+0000] {dag.py:3823} INFO - Setting next_dagrun for tutorial_dag to None, run_after=None
[2024-06-12T18:32:37.738+0000] {processor.py:183} INFO - Processing /home/airflow/.local/lib/python3.8/site-packages/airflow/example_dags/tutorial_dag.py took 0.097 seconds
[2024-06-12T18:33:07.859+0000] {processor.py:161} INFO - Started process (PID=752) to work on /home/airflow/.local/lib/python3.8/site-packages/airflow/example_dags/tutorial_dag.py
[2024-06-12T18:33:07.861+0000] {processor.py:830} INFO - Processing file /home/airflow/.local/lib/python3.8/site-packages/airflow/example_dags/tutorial_dag.py for tasks to queue
[2024-06-12T18:33:07.865+0000] {logging_mixin.py:188} INFO - [2024-06-12T18:33:07.864+0000] {dagbag.py:538} INFO - Filling up the DagBag from /home/airflow/.local/lib/python3.8/site-packages/airflow/example_dags/tutorial_dag.py
[2024-06-12T18:33:07.871+0000] {processor.py:840} INFO - DAG(s) 'tutorial_dag' retrieved from /home/airflow/.local/lib/python3.8/site-packages/airflow/example_dags/tutorial_dag.py
[2024-06-12T18:33:07.897+0000] {logging_mixin.py:188} INFO - [2024-06-12T18:33:07.897+0000] {dag.py:3036} INFO - Sync 1 DAGs
[2024-06-12T18:33:07.916+0000] {logging_mixin.py:188} INFO - [2024-06-12T18:33:07.916+0000] {dag.py:3823} INFO - Setting next_dagrun for tutorial_dag to None, run_after=None
[2024-06-12T18:33:07.944+0000] {processor.py:183} INFO - Processing /home/airflow/.local/lib/python3.8/site-packages/airflow/example_dags/tutorial_dag.py took 0.088 seconds
[2024-06-12T18:33:38.604+0000] {processor.py:161} INFO - Started process (PID=810) to work on /home/airflow/.local/lib/python3.8/site-packages/airflow/example_dags/tutorial_dag.py
[2024-06-12T18:33:38.605+0000] {processor.py:830} INFO - Processing file /home/airflow/.local/lib/python3.8/site-packages/airflow/example_dags/tutorial_dag.py for tasks to queue
[2024-06-12T18:33:38.608+0000] {logging_mixin.py:188} INFO - [2024-06-12T18:33:38.608+0000] {dagbag.py:538} INFO - Filling up the DagBag from /home/airflow/.local/lib/python3.8/site-packages/airflow/example_dags/tutorial_dag.py
[2024-06-12T18:33:38.616+0000] {processor.py:840} INFO - DAG(s) 'tutorial_dag' retrieved from /home/airflow/.local/lib/python3.8/site-packages/airflow/example_dags/tutorial_dag.py
[2024-06-12T18:33:38.645+0000] {logging_mixin.py:188} INFO - [2024-06-12T18:33:38.644+0000] {dag.py:3036} INFO - Sync 1 DAGs
[2024-06-12T18:33:38.665+0000] {logging_mixin.py:188} INFO - [2024-06-12T18:33:38.665+0000] {dag.py:3823} INFO - Setting next_dagrun for tutorial_dag to None, run_after=None
[2024-06-12T18:33:38.700+0000] {processor.py:183} INFO - Processing /home/airflow/.local/lib/python3.8/site-packages/airflow/example_dags/tutorial_dag.py took 0.100 seconds
[2024-06-12T18:34:09.171+0000] {processor.py:161} INFO - Started process (PID=867) to work on /home/airflow/.local/lib/python3.8/site-packages/airflow/example_dags/tutorial_dag.py
[2024-06-12T18:34:09.172+0000] {processor.py:830} INFO - Processing file /home/airflow/.local/lib/python3.8/site-packages/airflow/example_dags/tutorial_dag.py for tasks to queue
[2024-06-12T18:34:09.175+0000] {logging_mixin.py:188} INFO - [2024-06-12T18:34:09.174+0000] {dagbag.py:538} INFO - Filling up the DagBag from /home/airflow/.local/lib/python3.8/site-packages/airflow/example_dags/tutorial_dag.py
[2024-06-12T18:34:09.184+0000] {processor.py:840} INFO - DAG(s) 'tutorial_dag' retrieved from /home/airflow/.local/lib/python3.8/site-packages/airflow/example_dags/tutorial_dag.py
[2024-06-12T18:34:09.226+0000] {logging_mixin.py:188} INFO - [2024-06-12T18:34:09.225+0000] {dag.py:3036} INFO - Sync 1 DAGs
[2024-06-12T18:34:09.261+0000] {logging_mixin.py:188} INFO - [2024-06-12T18:34:09.261+0000] {dag.py:3823} INFO - Setting next_dagrun for tutorial_dag to None, run_after=None
[2024-06-12T18:34:09.300+0000] {processor.py:183} INFO - Processing /home/airflow/.local/lib/python3.8/site-packages/airflow/example_dags/tutorial_dag.py took 0.133 seconds
[2024-06-12T18:34:40.135+0000] {processor.py:161} INFO - Started process (PID=924) to work on /home/airflow/.local/lib/python3.8/site-packages/airflow/example_dags/tutorial_dag.py
[2024-06-12T18:34:40.136+0000] {processor.py:830} INFO - Processing file /home/airflow/.local/lib/python3.8/site-packages/airflow/example_dags/tutorial_dag.py for tasks to queue
[2024-06-12T18:34:40.138+0000] {logging_mixin.py:188} INFO - [2024-06-12T18:34:40.137+0000] {dagbag.py:538} INFO - Filling up the DagBag from /home/airflow/.local/lib/python3.8/site-packages/airflow/example_dags/tutorial_dag.py
[2024-06-12T18:34:40.143+0000] {processor.py:840} INFO - DAG(s) 'tutorial_dag' retrieved from /home/airflow/.local/lib/python3.8/site-packages/airflow/example_dags/tutorial_dag.py
[2024-06-12T18:34:40.167+0000] {logging_mixin.py:188} INFO - [2024-06-12T18:34:40.167+0000] {dag.py:3036} INFO - Sync 1 DAGs
[2024-06-12T18:34:40.181+0000] {logging_mixin.py:188} INFO - [2024-06-12T18:34:40.181+0000] {dag.py:3823} INFO - Setting next_dagrun for tutorial_dag to None, run_after=None
[2024-06-12T18:34:40.208+0000] {processor.py:183} INFO - Processing /home/airflow/.local/lib/python3.8/site-packages/airflow/example_dags/tutorial_dag.py took 0.076 seconds
[2024-06-12T18:35:10.599+0000] {processor.py:161} INFO - Started process (PID=981) to work on /home/airflow/.local/lib/python3.8/site-packages/airflow/example_dags/tutorial_dag.py
[2024-06-12T18:35:10.600+0000] {processor.py:830} INFO - Processing file /home/airflow/.local/lib/python3.8/site-packages/airflow/example_dags/tutorial_dag.py for tasks to queue
[2024-06-12T18:35:10.602+0000] {logging_mixin.py:188} INFO - [2024-06-12T18:35:10.602+0000] {dagbag.py:538} INFO - Filling up the DagBag from /home/airflow/.local/lib/python3.8/site-packages/airflow/example_dags/tutorial_dag.py
[2024-06-12T18:35:10.608+0000] {processor.py:840} INFO - DAG(s) 'tutorial_dag' retrieved from /home/airflow/.local/lib/python3.8/site-packages/airflow/example_dags/tutorial_dag.py
[2024-06-12T18:35:10.640+0000] {logging_mixin.py:188} INFO - [2024-06-12T18:35:10.639+0000] {dag.py:3036} INFO - Sync 1 DAGs
[2024-06-12T18:35:10.657+0000] {logging_mixin.py:188} INFO - [2024-06-12T18:35:10.657+0000] {dag.py:3823} INFO - Setting next_dagrun for tutorial_dag to None, run_after=None
[2024-06-12T18:35:10.687+0000] {processor.py:183} INFO - Processing /home/airflow/.local/lib/python3.8/site-packages/airflow/example_dags/tutorial_dag.py took 0.092 seconds
[2024-06-12T18:35:41.139+0000] {processor.py:161} INFO - Started process (PID=1038) to work on /home/airflow/.local/lib/python3.8/site-packages/airflow/example_dags/tutorial_dag.py
[2024-06-12T18:35:41.141+0000] {processor.py:830} INFO - Processing file /home/airflow/.local/lib/python3.8/site-packages/airflow/example_dags/tutorial_dag.py for tasks to queue
[2024-06-12T18:35:41.144+0000] {logging_mixin.py:188} INFO - [2024-06-12T18:35:41.143+0000] {dagbag.py:538} INFO - Filling up the DagBag from /home/airflow/.local/lib/python3.8/site-packages/airflow/example_dags/tutorial_dag.py
[2024-06-12T18:35:41.151+0000] {processor.py:840} INFO - DAG(s) 'tutorial_dag' retrieved from /home/airflow/.local/lib/python3.8/site-packages/airflow/example_dags/tutorial_dag.py
[2024-06-12T18:35:41.178+0000] {logging_mixin.py:188} INFO - [2024-06-12T18:35:41.177+0000] {dag.py:3036} INFO - Sync 1 DAGs
[2024-06-12T18:35:41.197+0000] {logging_mixin.py:188} INFO - [2024-06-12T18:35:41.197+0000] {dag.py:3823} INFO - Setting next_dagrun for tutorial_dag to None, run_after=None
[2024-06-12T18:35:41.226+0000] {processor.py:183} INFO - Processing /home/airflow/.local/lib/python3.8/site-packages/airflow/example_dags/tutorial_dag.py took 0.091 seconds
