[2024-06-12T18:04:10.698+0000] {processor.py:161} INFO - Started process (PID=58) to work on /home/airflow/.local/lib/python3.8/site-packages/airflow/example_dags/tutorial_objectstorage.py
[2024-06-12T18:04:10.718+0000] {processor.py:830} INFO - Processing file /home/airflow/.local/lib/python3.8/site-packages/airflow/example_dags/tutorial_objectstorage.py for tasks to queue
[2024-06-12T18:04:10.741+0000] {logging_mixin.py:188} INFO - [2024-06-12T18:04:10.737+0000] {dagbag.py:538} INFO - Filling up the DagBag from /home/airflow/.local/lib/python3.8/site-packages/airflow/example_dags/tutorial_objectstorage.py
[2024-06-12T18:04:10.761+0000] {processor.py:840} INFO - DAG(s) 'tutorial_objectstorage' retrieved from /home/airflow/.local/lib/python3.8/site-packages/airflow/example_dags/tutorial_objectstorage.py
[2024-06-12T18:04:10.836+0000] {logging_mixin.py:188} INFO - [2024-06-12T18:04:10.835+0000] {dag.py:3036} INFO - Sync 1 DAGs
[2024-06-12T18:04:10.889+0000] {logging_mixin.py:188} INFO - [2024-06-12T18:04:10.889+0000] {dag.py:3823} INFO - Setting next_dagrun for tutorial_objectstorage to None, run_after=None
[2024-06-12T18:04:10.988+0000] {processor.py:183} INFO - Processing /home/airflow/.local/lib/python3.8/site-packages/airflow/example_dags/tutorial_objectstorage.py took 0.297 seconds
[2024-06-12T18:05:43.462+0000] {processor.py:161} INFO - Started process (PID=126) to work on /home/airflow/.local/lib/python3.8/site-packages/airflow/example_dags/tutorial_objectstorage.py
[2024-06-12T18:05:43.464+0000] {processor.py:830} INFO - Processing file /home/airflow/.local/lib/python3.8/site-packages/airflow/example_dags/tutorial_objectstorage.py for tasks to queue
[2024-06-12T18:05:43.467+0000] {logging_mixin.py:188} INFO - [2024-06-12T18:05:43.467+0000] {dagbag.py:538} INFO - Filling up the DagBag from /home/airflow/.local/lib/python3.8/site-packages/airflow/example_dags/tutorial_objectstorage.py
[2024-06-12T18:05:43.482+0000] {processor.py:840} INFO - DAG(s) 'tutorial_objectstorage' retrieved from /home/airflow/.local/lib/python3.8/site-packages/airflow/example_dags/tutorial_objectstorage.py
[2024-06-12T18:05:43.544+0000] {logging_mixin.py:188} INFO - [2024-06-12T18:05:43.544+0000] {dag.py:3036} INFO - Sync 1 DAGs
[2024-06-12T18:05:43.597+0000] {logging_mixin.py:188} INFO - [2024-06-12T18:05:43.596+0000] {dag.py:3823} INFO - Setting next_dagrun for tutorial_objectstorage to None, run_after=None
[2024-06-12T18:05:43.670+0000] {processor.py:183} INFO - Processing /home/airflow/.local/lib/python3.8/site-packages/airflow/example_dags/tutorial_objectstorage.py took 0.213 seconds
[2024-06-12T18:06:14.855+0000] {processor.py:161} INFO - Started process (PID=200) to work on /home/airflow/.local/lib/python3.8/site-packages/airflow/example_dags/tutorial_objectstorage.py
[2024-06-12T18:06:14.857+0000] {processor.py:830} INFO - Processing file /home/airflow/.local/lib/python3.8/site-packages/airflow/example_dags/tutorial_objectstorage.py for tasks to queue
[2024-06-12T18:06:14.858+0000] {logging_mixin.py:188} INFO - [2024-06-12T18:06:14.858+0000] {dagbag.py:538} INFO - Filling up the DagBag from /home/airflow/.local/lib/python3.8/site-packages/airflow/example_dags/tutorial_objectstorage.py
[2024-06-12T18:06:14.869+0000] {processor.py:840} INFO - DAG(s) 'tutorial_objectstorage' retrieved from /home/airflow/.local/lib/python3.8/site-packages/airflow/example_dags/tutorial_objectstorage.py
[2024-06-12T18:06:14.888+0000] {logging_mixin.py:188} INFO - [2024-06-12T18:06:14.888+0000] {dag.py:3036} INFO - Sync 1 DAGs
[2024-06-12T18:06:14.910+0000] {logging_mixin.py:188} INFO - [2024-06-12T18:06:14.910+0000] {dag.py:3823} INFO - Setting next_dagrun for tutorial_objectstorage to None, run_after=None
[2024-06-12T18:06:14.940+0000] {processor.py:183} INFO - Processing /home/airflow/.local/lib/python3.8/site-packages/airflow/example_dags/tutorial_objectstorage.py took 0.089 seconds
[2024-06-12T18:06:46.441+0000] {processor.py:161} INFO - Started process (PID=260) to work on /home/airflow/.local/lib/python3.8/site-packages/airflow/example_dags/tutorial_objectstorage.py
[2024-06-12T18:06:46.443+0000] {processor.py:830} INFO - Processing file /home/airflow/.local/lib/python3.8/site-packages/airflow/example_dags/tutorial_objectstorage.py for tasks to queue
[2024-06-12T18:06:46.444+0000] {logging_mixin.py:188} INFO - [2024-06-12T18:06:46.443+0000] {dagbag.py:538} INFO - Filling up the DagBag from /home/airflow/.local/lib/python3.8/site-packages/airflow/example_dags/tutorial_objectstorage.py
[2024-06-12T18:06:46.451+0000] {processor.py:840} INFO - DAG(s) 'tutorial_objectstorage' retrieved from /home/airflow/.local/lib/python3.8/site-packages/airflow/example_dags/tutorial_objectstorage.py
[2024-06-12T18:06:46.605+0000] {logging_mixin.py:188} INFO - [2024-06-12T18:06:46.605+0000] {dag.py:3036} INFO - Sync 1 DAGs
[2024-06-12T18:06:46.620+0000] {logging_mixin.py:188} INFO - [2024-06-12T18:06:46.620+0000] {dag.py:3823} INFO - Setting next_dagrun for tutorial_objectstorage to None, run_after=None
[2024-06-12T18:06:46.649+0000] {processor.py:183} INFO - Processing /home/airflow/.local/lib/python3.8/site-packages/airflow/example_dags/tutorial_objectstorage.py took 0.212 seconds
[2024-06-12T18:07:16.935+0000] {processor.py:161} INFO - Started process (PID=325) to work on /home/airflow/.local/lib/python3.8/site-packages/airflow/example_dags/tutorial_objectstorage.py
[2024-06-12T18:07:16.936+0000] {processor.py:830} INFO - Processing file /home/airflow/.local/lib/python3.8/site-packages/airflow/example_dags/tutorial_objectstorage.py for tasks to queue
[2024-06-12T18:07:16.938+0000] {logging_mixin.py:188} INFO - [2024-06-12T18:07:16.937+0000] {dagbag.py:538} INFO - Filling up the DagBag from /home/airflow/.local/lib/python3.8/site-packages/airflow/example_dags/tutorial_objectstorage.py
[2024-06-12T18:07:16.946+0000] {processor.py:840} INFO - DAG(s) 'tutorial_objectstorage' retrieved from /home/airflow/.local/lib/python3.8/site-packages/airflow/example_dags/tutorial_objectstorage.py
[2024-06-12T18:07:16.971+0000] {logging_mixin.py:188} INFO - [2024-06-12T18:07:16.971+0000] {dag.py:3036} INFO - Sync 1 DAGs
[2024-06-12T18:07:16.988+0000] {logging_mixin.py:188} INFO - [2024-06-12T18:07:16.987+0000] {dag.py:3823} INFO - Setting next_dagrun for tutorial_objectstorage to None, run_after=None
[2024-06-12T18:07:17.016+0000] {processor.py:183} INFO - Processing /home/airflow/.local/lib/python3.8/site-packages/airflow/example_dags/tutorial_objectstorage.py took 0.087 seconds
[2024-06-12T18:07:58.735+0000] {processor.py:161} INFO - Started process (PID=412) to work on /home/airflow/.local/lib/python3.8/site-packages/airflow/example_dags/tutorial_objectstorage.py
[2024-06-12T18:07:58.740+0000] {processor.py:830} INFO - Processing file /home/airflow/.local/lib/python3.8/site-packages/airflow/example_dags/tutorial_objectstorage.py for tasks to queue
[2024-06-12T18:07:58.753+0000] {logging_mixin.py:188} INFO - [2024-06-12T18:07:58.752+0000] {dagbag.py:538} INFO - Filling up the DagBag from /home/airflow/.local/lib/python3.8/site-packages/airflow/example_dags/tutorial_objectstorage.py
[2024-06-12T18:07:58.796+0000] {processor.py:840} INFO - DAG(s) 'tutorial_objectstorage' retrieved from /home/airflow/.local/lib/python3.8/site-packages/airflow/example_dags/tutorial_objectstorage.py
[2024-06-12T18:07:58.853+0000] {logging_mixin.py:188} INFO - [2024-06-12T18:07:58.853+0000] {dag.py:3036} INFO - Sync 1 DAGs
[2024-06-12T18:07:58.909+0000] {logging_mixin.py:188} INFO - [2024-06-12T18:07:58.908+0000] {dag.py:3823} INFO - Setting next_dagrun for tutorial_objectstorage to None, run_after=None
[2024-06-12T18:07:59.023+0000] {processor.py:183} INFO - Processing /home/airflow/.local/lib/python3.8/site-packages/airflow/example_dags/tutorial_objectstorage.py took 0.294 seconds
[2024-06-12T18:08:37.796+0000] {processor.py:161} INFO - Started process (PID=483) to work on /home/airflow/.local/lib/python3.8/site-packages/airflow/example_dags/tutorial_objectstorage.py
[2024-06-12T18:08:37.797+0000] {processor.py:830} INFO - Processing file /home/airflow/.local/lib/python3.8/site-packages/airflow/example_dags/tutorial_objectstorage.py for tasks to queue
[2024-06-12T18:08:37.799+0000] {logging_mixin.py:188} INFO - [2024-06-12T18:08:37.798+0000] {dagbag.py:538} INFO - Filling up the DagBag from /home/airflow/.local/lib/python3.8/site-packages/airflow/example_dags/tutorial_objectstorage.py
[2024-06-12T18:08:37.810+0000] {processor.py:840} INFO - DAG(s) 'tutorial_objectstorage' retrieved from /home/airflow/.local/lib/python3.8/site-packages/airflow/example_dags/tutorial_objectstorage.py
[2024-06-12T18:08:37.841+0000] {logging_mixin.py:188} INFO - [2024-06-12T18:08:37.841+0000] {dag.py:3036} INFO - Sync 1 DAGs
[2024-06-12T18:08:37.867+0000] {logging_mixin.py:188} INFO - [2024-06-12T18:08:37.867+0000] {dag.py:3823} INFO - Setting next_dagrun for tutorial_objectstorage to None, run_after=None
[2024-06-12T18:08:37.915+0000] {processor.py:183} INFO - Processing /home/airflow/.local/lib/python3.8/site-packages/airflow/example_dags/tutorial_objectstorage.py took 0.124 seconds
[2024-06-12T18:09:08.078+0000] {processor.py:161} INFO - Started process (PID=543) to work on /home/airflow/.local/lib/python3.8/site-packages/airflow/example_dags/tutorial_objectstorage.py
[2024-06-12T18:09:08.079+0000] {processor.py:830} INFO - Processing file /home/airflow/.local/lib/python3.8/site-packages/airflow/example_dags/tutorial_objectstorage.py for tasks to queue
[2024-06-12T18:09:08.080+0000] {logging_mixin.py:188} INFO - [2024-06-12T18:09:08.080+0000] {dagbag.py:538} INFO - Filling up the DagBag from /home/airflow/.local/lib/python3.8/site-packages/airflow/example_dags/tutorial_objectstorage.py
[2024-06-12T18:09:08.088+0000] {processor.py:840} INFO - DAG(s) 'tutorial_objectstorage' retrieved from /home/airflow/.local/lib/python3.8/site-packages/airflow/example_dags/tutorial_objectstorage.py
[2024-06-12T18:09:08.101+0000] {logging_mixin.py:188} INFO - [2024-06-12T18:09:08.101+0000] {dag.py:3036} INFO - Sync 1 DAGs
[2024-06-12T18:09:08.115+0000] {logging_mixin.py:188} INFO - [2024-06-12T18:09:08.114+0000] {dag.py:3823} INFO - Setting next_dagrun for tutorial_objectstorage to None, run_after=None
[2024-06-12T18:09:08.137+0000] {processor.py:183} INFO - Processing /home/airflow/.local/lib/python3.8/site-packages/airflow/example_dags/tutorial_objectstorage.py took 0.062 seconds
[2024-06-12T18:09:39.812+0000] {processor.py:161} INFO - Started process (PID=600) to work on /home/airflow/.local/lib/python3.8/site-packages/airflow/example_dags/tutorial_objectstorage.py
[2024-06-12T18:09:39.813+0000] {processor.py:830} INFO - Processing file /home/airflow/.local/lib/python3.8/site-packages/airflow/example_dags/tutorial_objectstorage.py for tasks to queue
[2024-06-12T18:09:39.814+0000] {logging_mixin.py:188} INFO - [2024-06-12T18:09:39.814+0000] {dagbag.py:538} INFO - Filling up the DagBag from /home/airflow/.local/lib/python3.8/site-packages/airflow/example_dags/tutorial_objectstorage.py
[2024-06-12T18:09:39.822+0000] {processor.py:840} INFO - DAG(s) 'tutorial_objectstorage' retrieved from /home/airflow/.local/lib/python3.8/site-packages/airflow/example_dags/tutorial_objectstorage.py
[2024-06-12T18:09:39.944+0000] {logging_mixin.py:188} INFO - [2024-06-12T18:09:39.944+0000] {dag.py:3036} INFO - Sync 1 DAGs
[2024-06-12T18:09:39.961+0000] {logging_mixin.py:188} INFO - [2024-06-12T18:09:39.961+0000] {dag.py:3823} INFO - Setting next_dagrun for tutorial_objectstorage to None, run_after=None
[2024-06-12T18:09:40.009+0000] {processor.py:183} INFO - Processing /home/airflow/.local/lib/python3.8/site-packages/airflow/example_dags/tutorial_objectstorage.py took 0.201 seconds
[2024-06-12T18:10:10.153+0000] {processor.py:161} INFO - Started process (PID=658) to work on /home/airflow/.local/lib/python3.8/site-packages/airflow/example_dags/tutorial_objectstorage.py
[2024-06-12T18:10:10.155+0000] {processor.py:830} INFO - Processing file /home/airflow/.local/lib/python3.8/site-packages/airflow/example_dags/tutorial_objectstorage.py for tasks to queue
[2024-06-12T18:10:10.156+0000] {logging_mixin.py:188} INFO - [2024-06-12T18:10:10.156+0000] {dagbag.py:538} INFO - Filling up the DagBag from /home/airflow/.local/lib/python3.8/site-packages/airflow/example_dags/tutorial_objectstorage.py
[2024-06-12T18:10:10.166+0000] {processor.py:840} INFO - DAG(s) 'tutorial_objectstorage' retrieved from /home/airflow/.local/lib/python3.8/site-packages/airflow/example_dags/tutorial_objectstorage.py
[2024-06-12T18:10:10.191+0000] {logging_mixin.py:188} INFO - [2024-06-12T18:10:10.191+0000] {dag.py:3036} INFO - Sync 1 DAGs
[2024-06-12T18:10:10.209+0000] {logging_mixin.py:188} INFO - [2024-06-12T18:10:10.209+0000] {dag.py:3823} INFO - Setting next_dagrun for tutorial_objectstorage to None, run_after=None
[2024-06-12T18:10:10.235+0000] {processor.py:183} INFO - Processing /home/airflow/.local/lib/python3.8/site-packages/airflow/example_dags/tutorial_objectstorage.py took 0.086 seconds
[2024-06-12T18:10:41.120+0000] {processor.py:161} INFO - Started process (PID=716) to work on /home/airflow/.local/lib/python3.8/site-packages/airflow/example_dags/tutorial_objectstorage.py
[2024-06-12T18:10:41.121+0000] {processor.py:830} INFO - Processing file /home/airflow/.local/lib/python3.8/site-packages/airflow/example_dags/tutorial_objectstorage.py for tasks to queue
[2024-06-12T18:10:41.122+0000] {logging_mixin.py:188} INFO - [2024-06-12T18:10:41.122+0000] {dagbag.py:538} INFO - Filling up the DagBag from /home/airflow/.local/lib/python3.8/site-packages/airflow/example_dags/tutorial_objectstorage.py
[2024-06-12T18:10:41.129+0000] {processor.py:840} INFO - DAG(s) 'tutorial_objectstorage' retrieved from /home/airflow/.local/lib/python3.8/site-packages/airflow/example_dags/tutorial_objectstorage.py
[2024-06-12T18:10:41.149+0000] {logging_mixin.py:188} INFO - [2024-06-12T18:10:41.149+0000] {dag.py:3036} INFO - Sync 1 DAGs
[2024-06-12T18:10:41.161+0000] {logging_mixin.py:188} INFO - [2024-06-12T18:10:41.161+0000] {dag.py:3823} INFO - Setting next_dagrun for tutorial_objectstorage to None, run_after=None
[2024-06-12T18:10:41.183+0000] {processor.py:183} INFO - Processing /home/airflow/.local/lib/python3.8/site-packages/airflow/example_dags/tutorial_objectstorage.py took 0.066 seconds
[2024-06-12T18:11:11.805+0000] {processor.py:161} INFO - Started process (PID=773) to work on /home/airflow/.local/lib/python3.8/site-packages/airflow/example_dags/tutorial_objectstorage.py
[2024-06-12T18:11:11.807+0000] {processor.py:830} INFO - Processing file /home/airflow/.local/lib/python3.8/site-packages/airflow/example_dags/tutorial_objectstorage.py for tasks to queue
[2024-06-12T18:11:11.808+0000] {logging_mixin.py:188} INFO - [2024-06-12T18:11:11.807+0000] {dagbag.py:538} INFO - Filling up the DagBag from /home/airflow/.local/lib/python3.8/site-packages/airflow/example_dags/tutorial_objectstorage.py
[2024-06-12T18:11:11.815+0000] {processor.py:840} INFO - DAG(s) 'tutorial_objectstorage' retrieved from /home/airflow/.local/lib/python3.8/site-packages/airflow/example_dags/tutorial_objectstorage.py
[2024-06-12T18:11:11.838+0000] {logging_mixin.py:188} INFO - [2024-06-12T18:11:11.838+0000] {dag.py:3036} INFO - Sync 1 DAGs
[2024-06-12T18:11:11.853+0000] {logging_mixin.py:188} INFO - [2024-06-12T18:11:11.852+0000] {dag.py:3823} INFO - Setting next_dagrun for tutorial_objectstorage to None, run_after=None
[2024-06-12T18:11:11.879+0000] {processor.py:183} INFO - Processing /home/airflow/.local/lib/python3.8/site-packages/airflow/example_dags/tutorial_objectstorage.py took 0.077 seconds
[2024-06-12T18:11:41.913+0000] {processor.py:161} INFO - Started process (PID=829) to work on /home/airflow/.local/lib/python3.8/site-packages/airflow/example_dags/tutorial_objectstorage.py
[2024-06-12T18:11:41.914+0000] {processor.py:830} INFO - Processing file /home/airflow/.local/lib/python3.8/site-packages/airflow/example_dags/tutorial_objectstorage.py for tasks to queue
[2024-06-12T18:11:41.915+0000] {logging_mixin.py:188} INFO - [2024-06-12T18:11:41.915+0000] {dagbag.py:538} INFO - Filling up the DagBag from /home/airflow/.local/lib/python3.8/site-packages/airflow/example_dags/tutorial_objectstorage.py
[2024-06-12T18:11:41.923+0000] {processor.py:840} INFO - DAG(s) 'tutorial_objectstorage' retrieved from /home/airflow/.local/lib/python3.8/site-packages/airflow/example_dags/tutorial_objectstorage.py
[2024-06-12T18:11:41.943+0000] {logging_mixin.py:188} INFO - [2024-06-12T18:11:41.943+0000] {dag.py:3036} INFO - Sync 1 DAGs
[2024-06-12T18:11:41.957+0000] {logging_mixin.py:188} INFO - [2024-06-12T18:11:41.957+0000] {dag.py:3823} INFO - Setting next_dagrun for tutorial_objectstorage to None, run_after=None
[2024-06-12T18:11:41.982+0000] {processor.py:183} INFO - Processing /home/airflow/.local/lib/python3.8/site-packages/airflow/example_dags/tutorial_objectstorage.py took 0.072 seconds
[2024-06-12T18:12:13.010+0000] {processor.py:161} INFO - Started process (PID=887) to work on /home/airflow/.local/lib/python3.8/site-packages/airflow/example_dags/tutorial_objectstorage.py
[2024-06-12T18:12:13.011+0000] {processor.py:830} INFO - Processing file /home/airflow/.local/lib/python3.8/site-packages/airflow/example_dags/tutorial_objectstorage.py for tasks to queue
[2024-06-12T18:12:13.012+0000] {logging_mixin.py:188} INFO - [2024-06-12T18:12:13.011+0000] {dagbag.py:538} INFO - Filling up the DagBag from /home/airflow/.local/lib/python3.8/site-packages/airflow/example_dags/tutorial_objectstorage.py
[2024-06-12T18:12:13.021+0000] {processor.py:840} INFO - DAG(s) 'tutorial_objectstorage' retrieved from /home/airflow/.local/lib/python3.8/site-packages/airflow/example_dags/tutorial_objectstorage.py
[2024-06-12T18:12:13.040+0000] {logging_mixin.py:188} INFO - [2024-06-12T18:12:13.040+0000] {dag.py:3036} INFO - Sync 1 DAGs
[2024-06-12T18:12:13.053+0000] {logging_mixin.py:188} INFO - [2024-06-12T18:12:13.052+0000] {dag.py:3823} INFO - Setting next_dagrun for tutorial_objectstorage to None, run_after=None
[2024-06-12T18:12:13.073+0000] {processor.py:183} INFO - Processing /home/airflow/.local/lib/python3.8/site-packages/airflow/example_dags/tutorial_objectstorage.py took 0.067 seconds
[2024-06-12T18:14:50.752+0000] {processor.py:161} INFO - Started process (PID=58) to work on /home/airflow/.local/lib/python3.8/site-packages/airflow/example_dags/tutorial_objectstorage.py
[2024-06-12T18:14:50.754+0000] {processor.py:830} INFO - Processing file /home/airflow/.local/lib/python3.8/site-packages/airflow/example_dags/tutorial_objectstorage.py for tasks to queue
[2024-06-12T18:14:50.756+0000] {logging_mixin.py:188} INFO - [2024-06-12T18:14:50.756+0000] {dagbag.py:538} INFO - Filling up the DagBag from /home/airflow/.local/lib/python3.8/site-packages/airflow/example_dags/tutorial_objectstorage.py
[2024-06-12T18:14:50.766+0000] {processor.py:840} INFO - DAG(s) 'tutorial_objectstorage' retrieved from /home/airflow/.local/lib/python3.8/site-packages/airflow/example_dags/tutorial_objectstorage.py
[2024-06-12T18:14:50.793+0000] {logging_mixin.py:188} INFO - [2024-06-12T18:14:50.793+0000] {dag.py:3036} INFO - Sync 1 DAGs
[2024-06-12T18:14:50.810+0000] {logging_mixin.py:188} INFO - [2024-06-12T18:14:50.810+0000] {dag.py:3823} INFO - Setting next_dagrun for tutorial_objectstorage to None, run_after=None
[2024-06-12T18:14:50.837+0000] {processor.py:183} INFO - Processing /home/airflow/.local/lib/python3.8/site-packages/airflow/example_dags/tutorial_objectstorage.py took 0.089 seconds
[2024-06-12T18:15:20.917+0000] {processor.py:161} INFO - Started process (PID=115) to work on /home/airflow/.local/lib/python3.8/site-packages/airflow/example_dags/tutorial_objectstorage.py
[2024-06-12T18:15:20.919+0000] {processor.py:830} INFO - Processing file /home/airflow/.local/lib/python3.8/site-packages/airflow/example_dags/tutorial_objectstorage.py for tasks to queue
[2024-06-12T18:15:20.921+0000] {logging_mixin.py:188} INFO - [2024-06-12T18:15:20.921+0000] {dagbag.py:538} INFO - Filling up the DagBag from /home/airflow/.local/lib/python3.8/site-packages/airflow/example_dags/tutorial_objectstorage.py
[2024-06-12T18:15:20.930+0000] {processor.py:840} INFO - DAG(s) 'tutorial_objectstorage' retrieved from /home/airflow/.local/lib/python3.8/site-packages/airflow/example_dags/tutorial_objectstorage.py
[2024-06-12T18:15:20.942+0000] {logging_mixin.py:188} INFO - [2024-06-12T18:15:20.942+0000] {dag.py:3036} INFO - Sync 1 DAGs
[2024-06-12T18:15:20.955+0000] {logging_mixin.py:188} INFO - [2024-06-12T18:15:20.954+0000] {dag.py:3823} INFO - Setting next_dagrun for tutorial_objectstorage to None, run_after=None
[2024-06-12T18:15:20.976+0000] {processor.py:183} INFO - Processing /home/airflow/.local/lib/python3.8/site-packages/airflow/example_dags/tutorial_objectstorage.py took 0.063 seconds
[2024-06-12T18:15:52.082+0000] {processor.py:161} INFO - Started process (PID=172) to work on /home/airflow/.local/lib/python3.8/site-packages/airflow/example_dags/tutorial_objectstorage.py
[2024-06-12T18:15:52.083+0000] {processor.py:830} INFO - Processing file /home/airflow/.local/lib/python3.8/site-packages/airflow/example_dags/tutorial_objectstorage.py for tasks to queue
[2024-06-12T18:15:52.085+0000] {logging_mixin.py:188} INFO - [2024-06-12T18:15:52.085+0000] {dagbag.py:538} INFO - Filling up the DagBag from /home/airflow/.local/lib/python3.8/site-packages/airflow/example_dags/tutorial_objectstorage.py
[2024-06-12T18:15:52.091+0000] {processor.py:840} INFO - DAG(s) 'tutorial_objectstorage' retrieved from /home/airflow/.local/lib/python3.8/site-packages/airflow/example_dags/tutorial_objectstorage.py
[2024-06-12T18:15:52.206+0000] {logging_mixin.py:188} INFO - [2024-06-12T18:15:52.206+0000] {dag.py:3036} INFO - Sync 1 DAGs
[2024-06-12T18:15:52.217+0000] {logging_mixin.py:188} INFO - [2024-06-12T18:15:52.217+0000] {dag.py:3823} INFO - Setting next_dagrun for tutorial_objectstorage to None, run_after=None
[2024-06-12T18:15:52.242+0000] {processor.py:183} INFO - Processing /home/airflow/.local/lib/python3.8/site-packages/airflow/example_dags/tutorial_objectstorage.py took 0.164 seconds
[2024-06-12T18:16:22.925+0000] {processor.py:161} INFO - Started process (PID=229) to work on /home/airflow/.local/lib/python3.8/site-packages/airflow/example_dags/tutorial_objectstorage.py
[2024-06-12T18:16:22.926+0000] {processor.py:830} INFO - Processing file /home/airflow/.local/lib/python3.8/site-packages/airflow/example_dags/tutorial_objectstorage.py for tasks to queue
[2024-06-12T18:16:22.929+0000] {logging_mixin.py:188} INFO - [2024-06-12T18:16:22.929+0000] {dagbag.py:538} INFO - Filling up the DagBag from /home/airflow/.local/lib/python3.8/site-packages/airflow/example_dags/tutorial_objectstorage.py
[2024-06-12T18:16:22.937+0000] {processor.py:840} INFO - DAG(s) 'tutorial_objectstorage' retrieved from /home/airflow/.local/lib/python3.8/site-packages/airflow/example_dags/tutorial_objectstorage.py
[2024-06-12T18:16:22.951+0000] {logging_mixin.py:188} INFO - [2024-06-12T18:16:22.951+0000] {dag.py:3036} INFO - Sync 1 DAGs
[2024-06-12T18:16:22.967+0000] {logging_mixin.py:188} INFO - [2024-06-12T18:16:22.967+0000] {dag.py:3823} INFO - Setting next_dagrun for tutorial_objectstorage to None, run_after=None
[2024-06-12T18:16:22.999+0000] {processor.py:183} INFO - Processing /home/airflow/.local/lib/python3.8/site-packages/airflow/example_dags/tutorial_objectstorage.py took 0.076 seconds
[2024-06-12T18:16:54.017+0000] {processor.py:161} INFO - Started process (PID=292) to work on /home/airflow/.local/lib/python3.8/site-packages/airflow/example_dags/tutorial_objectstorage.py
[2024-06-12T18:16:54.018+0000] {processor.py:830} INFO - Processing file /home/airflow/.local/lib/python3.8/site-packages/airflow/example_dags/tutorial_objectstorage.py for tasks to queue
[2024-06-12T18:16:54.019+0000] {logging_mixin.py:188} INFO - [2024-06-12T18:16:54.019+0000] {dagbag.py:538} INFO - Filling up the DagBag from /home/airflow/.local/lib/python3.8/site-packages/airflow/example_dags/tutorial_objectstorage.py
[2024-06-12T18:16:54.025+0000] {processor.py:840} INFO - DAG(s) 'tutorial_objectstorage' retrieved from /home/airflow/.local/lib/python3.8/site-packages/airflow/example_dags/tutorial_objectstorage.py
[2024-06-12T18:16:54.135+0000] {logging_mixin.py:188} INFO - [2024-06-12T18:16:54.135+0000] {dag.py:3036} INFO - Sync 1 DAGs
[2024-06-12T18:16:54.151+0000] {logging_mixin.py:188} INFO - [2024-06-12T18:16:54.151+0000] {dag.py:3823} INFO - Setting next_dagrun for tutorial_objectstorage to None, run_after=None
[2024-06-12T18:16:54.174+0000] {processor.py:183} INFO - Processing /home/airflow/.local/lib/python3.8/site-packages/airflow/example_dags/tutorial_objectstorage.py took 0.160 seconds
[2024-06-12T18:17:24.459+0000] {processor.py:161} INFO - Started process (PID=349) to work on /home/airflow/.local/lib/python3.8/site-packages/airflow/example_dags/tutorial_objectstorage.py
[2024-06-12T18:17:24.459+0000] {processor.py:830} INFO - Processing file /home/airflow/.local/lib/python3.8/site-packages/airflow/example_dags/tutorial_objectstorage.py for tasks to queue
[2024-06-12T18:17:24.461+0000] {logging_mixin.py:188} INFO - [2024-06-12T18:17:24.461+0000] {dagbag.py:538} INFO - Filling up the DagBag from /home/airflow/.local/lib/python3.8/site-packages/airflow/example_dags/tutorial_objectstorage.py
[2024-06-12T18:17:24.466+0000] {processor.py:840} INFO - DAG(s) 'tutorial_objectstorage' retrieved from /home/airflow/.local/lib/python3.8/site-packages/airflow/example_dags/tutorial_objectstorage.py
[2024-06-12T18:17:24.484+0000] {logging_mixin.py:188} INFO - [2024-06-12T18:17:24.484+0000] {dag.py:3036} INFO - Sync 1 DAGs
[2024-06-12T18:17:24.496+0000] {logging_mixin.py:188} INFO - [2024-06-12T18:17:24.496+0000] {dag.py:3823} INFO - Setting next_dagrun for tutorial_objectstorage to None, run_after=None
[2024-06-12T18:17:24.518+0000] {processor.py:183} INFO - Processing /home/airflow/.local/lib/python3.8/site-packages/airflow/example_dags/tutorial_objectstorage.py took 0.061 seconds
[2024-06-12T18:18:46.534+0000] {processor.py:161} INFO - Started process (PID=58) to work on /home/airflow/.local/lib/python3.8/site-packages/airflow/example_dags/tutorial_objectstorage.py
[2024-06-12T18:18:46.535+0000] {processor.py:830} INFO - Processing file /home/airflow/.local/lib/python3.8/site-packages/airflow/example_dags/tutorial_objectstorage.py for tasks to queue
[2024-06-12T18:18:46.537+0000] {logging_mixin.py:188} INFO - [2024-06-12T18:18:46.536+0000] {dagbag.py:538} INFO - Filling up the DagBag from /home/airflow/.local/lib/python3.8/site-packages/airflow/example_dags/tutorial_objectstorage.py
[2024-06-12T18:18:46.550+0000] {processor.py:840} INFO - DAG(s) 'tutorial_objectstorage' retrieved from /home/airflow/.local/lib/python3.8/site-packages/airflow/example_dags/tutorial_objectstorage.py
[2024-06-12T18:18:46.563+0000] {logging_mixin.py:188} INFO - [2024-06-12T18:18:46.563+0000] {dag.py:3036} INFO - Sync 1 DAGs
[2024-06-12T18:18:46.580+0000] {logging_mixin.py:188} INFO - [2024-06-12T18:18:46.580+0000] {dag.py:3823} INFO - Setting next_dagrun for tutorial_objectstorage to None, run_after=None
[2024-06-12T18:18:46.613+0000] {processor.py:183} INFO - Processing /home/airflow/.local/lib/python3.8/site-packages/airflow/example_dags/tutorial_objectstorage.py took 0.082 seconds
[2024-06-12T18:19:17.590+0000] {processor.py:161} INFO - Started process (PID=115) to work on /home/airflow/.local/lib/python3.8/site-packages/airflow/example_dags/tutorial_objectstorage.py
[2024-06-12T18:19:17.591+0000] {processor.py:830} INFO - Processing file /home/airflow/.local/lib/python3.8/site-packages/airflow/example_dags/tutorial_objectstorage.py for tasks to queue
[2024-06-12T18:19:17.593+0000] {logging_mixin.py:188} INFO - [2024-06-12T18:19:17.593+0000] {dagbag.py:538} INFO - Filling up the DagBag from /home/airflow/.local/lib/python3.8/site-packages/airflow/example_dags/tutorial_objectstorage.py
[2024-06-12T18:19:17.599+0000] {processor.py:840} INFO - DAG(s) 'tutorial_objectstorage' retrieved from /home/airflow/.local/lib/python3.8/site-packages/airflow/example_dags/tutorial_objectstorage.py
[2024-06-12T18:19:17.614+0000] {logging_mixin.py:188} INFO - [2024-06-12T18:19:17.614+0000] {dag.py:3036} INFO - Sync 1 DAGs
[2024-06-12T18:19:17.631+0000] {logging_mixin.py:188} INFO - [2024-06-12T18:19:17.630+0000] {dag.py:3823} INFO - Setting next_dagrun for tutorial_objectstorage to None, run_after=None
[2024-06-12T18:19:17.659+0000] {processor.py:183} INFO - Processing /home/airflow/.local/lib/python3.8/site-packages/airflow/example_dags/tutorial_objectstorage.py took 0.073 seconds
[2024-06-12T18:19:49.423+0000] {processor.py:161} INFO - Started process (PID=172) to work on /home/airflow/.local/lib/python3.8/site-packages/airflow/example_dags/tutorial_objectstorage.py
[2024-06-12T18:19:49.424+0000] {processor.py:830} INFO - Processing file /home/airflow/.local/lib/python3.8/site-packages/airflow/example_dags/tutorial_objectstorage.py for tasks to queue
[2024-06-12T18:19:49.426+0000] {logging_mixin.py:188} INFO - [2024-06-12T18:19:49.426+0000] {dagbag.py:538} INFO - Filling up the DagBag from /home/airflow/.local/lib/python3.8/site-packages/airflow/example_dags/tutorial_objectstorage.py
[2024-06-12T18:19:49.435+0000] {processor.py:840} INFO - DAG(s) 'tutorial_objectstorage' retrieved from /home/airflow/.local/lib/python3.8/site-packages/airflow/example_dags/tutorial_objectstorage.py
[2024-06-12T18:19:49.578+0000] {logging_mixin.py:188} INFO - [2024-06-12T18:19:49.577+0000] {dag.py:3036} INFO - Sync 1 DAGs
[2024-06-12T18:19:49.594+0000] {logging_mixin.py:188} INFO - [2024-06-12T18:19:49.594+0000] {dag.py:3823} INFO - Setting next_dagrun for tutorial_objectstorage to None, run_after=None
[2024-06-12T18:19:49.628+0000] {processor.py:183} INFO - Processing /home/airflow/.local/lib/python3.8/site-packages/airflow/example_dags/tutorial_objectstorage.py took 0.209 seconds
[2024-06-12T18:20:20.324+0000] {processor.py:161} INFO - Started process (PID=229) to work on /home/airflow/.local/lib/python3.8/site-packages/airflow/example_dags/tutorial_objectstorage.py
[2024-06-12T18:20:20.325+0000] {processor.py:830} INFO - Processing file /home/airflow/.local/lib/python3.8/site-packages/airflow/example_dags/tutorial_objectstorage.py for tasks to queue
[2024-06-12T18:20:20.328+0000] {logging_mixin.py:188} INFO - [2024-06-12T18:20:20.327+0000] {dagbag.py:538} INFO - Filling up the DagBag from /home/airflow/.local/lib/python3.8/site-packages/airflow/example_dags/tutorial_objectstorage.py
[2024-06-12T18:20:20.336+0000] {processor.py:840} INFO - DAG(s) 'tutorial_objectstorage' retrieved from /home/airflow/.local/lib/python3.8/site-packages/airflow/example_dags/tutorial_objectstorage.py
[2024-06-12T18:20:20.367+0000] {logging_mixin.py:188} INFO - [2024-06-12T18:20:20.366+0000] {dag.py:3036} INFO - Sync 1 DAGs
[2024-06-12T18:20:20.401+0000] {logging_mixin.py:188} INFO - [2024-06-12T18:20:20.401+0000] {dag.py:3823} INFO - Setting next_dagrun for tutorial_objectstorage to None, run_after=None
[2024-06-12T18:20:20.435+0000] {processor.py:183} INFO - Processing /home/airflow/.local/lib/python3.8/site-packages/airflow/example_dags/tutorial_objectstorage.py took 0.115 seconds
[2024-06-12T18:20:50.852+0000] {processor.py:161} INFO - Started process (PID=286) to work on /home/airflow/.local/lib/python3.8/site-packages/airflow/example_dags/tutorial_objectstorage.py
[2024-06-12T18:20:50.853+0000] {processor.py:830} INFO - Processing file /home/airflow/.local/lib/python3.8/site-packages/airflow/example_dags/tutorial_objectstorage.py for tasks to queue
[2024-06-12T18:20:50.856+0000] {logging_mixin.py:188} INFO - [2024-06-12T18:20:50.855+0000] {dagbag.py:538} INFO - Filling up the DagBag from /home/airflow/.local/lib/python3.8/site-packages/airflow/example_dags/tutorial_objectstorage.py
[2024-06-12T18:20:50.864+0000] {processor.py:840} INFO - DAG(s) 'tutorial_objectstorage' retrieved from /home/airflow/.local/lib/python3.8/site-packages/airflow/example_dags/tutorial_objectstorage.py
[2024-06-12T18:20:50.892+0000] {logging_mixin.py:188} INFO - [2024-06-12T18:20:50.892+0000] {dag.py:3036} INFO - Sync 1 DAGs
[2024-06-12T18:20:50.910+0000] {logging_mixin.py:188} INFO - [2024-06-12T18:20:50.910+0000] {dag.py:3823} INFO - Setting next_dagrun for tutorial_objectstorage to None, run_after=None
[2024-06-12T18:20:50.945+0000] {processor.py:183} INFO - Processing /home/airflow/.local/lib/python3.8/site-packages/airflow/example_dags/tutorial_objectstorage.py took 0.097 seconds
[2024-06-12T18:21:21.002+0000] {processor.py:161} INFO - Started process (PID=342) to work on /home/airflow/.local/lib/python3.8/site-packages/airflow/example_dags/tutorial_objectstorage.py
[2024-06-12T18:21:21.003+0000] {processor.py:830} INFO - Processing file /home/airflow/.local/lib/python3.8/site-packages/airflow/example_dags/tutorial_objectstorage.py for tasks to queue
[2024-06-12T18:21:21.004+0000] {logging_mixin.py:188} INFO - [2024-06-12T18:21:21.004+0000] {dagbag.py:538} INFO - Filling up the DagBag from /home/airflow/.local/lib/python3.8/site-packages/airflow/example_dags/tutorial_objectstorage.py
[2024-06-12T18:21:21.011+0000] {processor.py:840} INFO - DAG(s) 'tutorial_objectstorage' retrieved from /home/airflow/.local/lib/python3.8/site-packages/airflow/example_dags/tutorial_objectstorage.py
[2024-06-12T18:21:21.034+0000] {logging_mixin.py:188} INFO - [2024-06-12T18:21:21.034+0000] {dag.py:3036} INFO - Sync 1 DAGs
[2024-06-12T18:21:21.050+0000] {logging_mixin.py:188} INFO - [2024-06-12T18:21:21.050+0000] {dag.py:3823} INFO - Setting next_dagrun for tutorial_objectstorage to None, run_after=None
[2024-06-12T18:21:21.079+0000] {processor.py:183} INFO - Processing /home/airflow/.local/lib/python3.8/site-packages/airflow/example_dags/tutorial_objectstorage.py took 0.080 seconds
[2024-06-12T18:21:51.501+0000] {processor.py:161} INFO - Started process (PID=400) to work on /home/airflow/.local/lib/python3.8/site-packages/airflow/example_dags/tutorial_objectstorage.py
[2024-06-12T18:21:51.502+0000] {processor.py:830} INFO - Processing file /home/airflow/.local/lib/python3.8/site-packages/airflow/example_dags/tutorial_objectstorage.py for tasks to queue
[2024-06-12T18:21:51.504+0000] {logging_mixin.py:188} INFO - [2024-06-12T18:21:51.504+0000] {dagbag.py:538} INFO - Filling up the DagBag from /home/airflow/.local/lib/python3.8/site-packages/airflow/example_dags/tutorial_objectstorage.py
[2024-06-12T18:21:51.513+0000] {processor.py:840} INFO - DAG(s) 'tutorial_objectstorage' retrieved from /home/airflow/.local/lib/python3.8/site-packages/airflow/example_dags/tutorial_objectstorage.py
[2024-06-12T18:21:51.539+0000] {logging_mixin.py:188} INFO - [2024-06-12T18:21:51.538+0000] {dag.py:3036} INFO - Sync 1 DAGs
[2024-06-12T18:21:51.558+0000] {logging_mixin.py:188} INFO - [2024-06-12T18:21:51.558+0000] {dag.py:3823} INFO - Setting next_dagrun for tutorial_objectstorage to None, run_after=None
[2024-06-12T18:21:51.589+0000] {processor.py:183} INFO - Processing /home/airflow/.local/lib/python3.8/site-packages/airflow/example_dags/tutorial_objectstorage.py took 0.092 seconds
[2024-06-12T18:22:22.600+0000] {processor.py:161} INFO - Started process (PID=457) to work on /home/airflow/.local/lib/python3.8/site-packages/airflow/example_dags/tutorial_objectstorage.py
[2024-06-12T18:22:22.602+0000] {processor.py:830} INFO - Processing file /home/airflow/.local/lib/python3.8/site-packages/airflow/example_dags/tutorial_objectstorage.py for tasks to queue
[2024-06-12T18:22:22.605+0000] {logging_mixin.py:188} INFO - [2024-06-12T18:22:22.604+0000] {dagbag.py:538} INFO - Filling up the DagBag from /home/airflow/.local/lib/python3.8/site-packages/airflow/example_dags/tutorial_objectstorage.py
[2024-06-12T18:22:22.615+0000] {processor.py:840} INFO - DAG(s) 'tutorial_objectstorage' retrieved from /home/airflow/.local/lib/python3.8/site-packages/airflow/example_dags/tutorial_objectstorage.py
[2024-06-12T18:22:22.644+0000] {logging_mixin.py:188} INFO - [2024-06-12T18:22:22.643+0000] {dag.py:3036} INFO - Sync 1 DAGs
[2024-06-12T18:22:22.665+0000] {logging_mixin.py:188} INFO - [2024-06-12T18:22:22.665+0000] {dag.py:3823} INFO - Setting next_dagrun for tutorial_objectstorage to None, run_after=None
[2024-06-12T18:22:22.699+0000] {processor.py:183} INFO - Processing /home/airflow/.local/lib/python3.8/site-packages/airflow/example_dags/tutorial_objectstorage.py took 0.102 seconds
[2024-06-12T18:22:52.912+0000] {processor.py:161} INFO - Started process (PID=513) to work on /home/airflow/.local/lib/python3.8/site-packages/airflow/example_dags/tutorial_objectstorage.py
[2024-06-12T18:22:52.914+0000] {processor.py:830} INFO - Processing file /home/airflow/.local/lib/python3.8/site-packages/airflow/example_dags/tutorial_objectstorage.py for tasks to queue
[2024-06-12T18:22:52.917+0000] {logging_mixin.py:188} INFO - [2024-06-12T18:22:52.917+0000] {dagbag.py:538} INFO - Filling up the DagBag from /home/airflow/.local/lib/python3.8/site-packages/airflow/example_dags/tutorial_objectstorage.py
[2024-06-12T18:22:52.928+0000] {processor.py:840} INFO - DAG(s) 'tutorial_objectstorage' retrieved from /home/airflow/.local/lib/python3.8/site-packages/airflow/example_dags/tutorial_objectstorage.py
[2024-06-12T18:22:52.965+0000] {logging_mixin.py:188} INFO - [2024-06-12T18:22:52.965+0000] {dag.py:3036} INFO - Sync 1 DAGs
[2024-06-12T18:22:52.989+0000] {logging_mixin.py:188} INFO - [2024-06-12T18:22:52.988+0000] {dag.py:3823} INFO - Setting next_dagrun for tutorial_objectstorage to None, run_after=None
[2024-06-12T18:22:53.027+0000] {processor.py:183} INFO - Processing /home/airflow/.local/lib/python3.8/site-packages/airflow/example_dags/tutorial_objectstorage.py took 0.120 seconds
[2024-06-12T18:23:23.212+0000] {processor.py:161} INFO - Started process (PID=569) to work on /home/airflow/.local/lib/python3.8/site-packages/airflow/example_dags/tutorial_objectstorage.py
[2024-06-12T18:23:23.214+0000] {processor.py:830} INFO - Processing file /home/airflow/.local/lib/python3.8/site-packages/airflow/example_dags/tutorial_objectstorage.py for tasks to queue
[2024-06-12T18:23:23.216+0000] {logging_mixin.py:188} INFO - [2024-06-12T18:23:23.215+0000] {dagbag.py:538} INFO - Filling up the DagBag from /home/airflow/.local/lib/python3.8/site-packages/airflow/example_dags/tutorial_objectstorage.py
[2024-06-12T18:23:23.224+0000] {processor.py:840} INFO - DAG(s) 'tutorial_objectstorage' retrieved from /home/airflow/.local/lib/python3.8/site-packages/airflow/example_dags/tutorial_objectstorage.py
[2024-06-12T18:23:23.250+0000] {logging_mixin.py:188} INFO - [2024-06-12T18:23:23.250+0000] {dag.py:3036} INFO - Sync 1 DAGs
[2024-06-12T18:23:23.268+0000] {logging_mixin.py:188} INFO - [2024-06-12T18:23:23.268+0000] {dag.py:3823} INFO - Setting next_dagrun for tutorial_objectstorage to None, run_after=None
[2024-06-12T18:23:23.302+0000] {processor.py:183} INFO - Processing /home/airflow/.local/lib/python3.8/site-packages/airflow/example_dags/tutorial_objectstorage.py took 0.093 seconds
[2024-06-12T18:23:53.682+0000] {processor.py:161} INFO - Started process (PID=626) to work on /home/airflow/.local/lib/python3.8/site-packages/airflow/example_dags/tutorial_objectstorage.py
[2024-06-12T18:23:53.684+0000] {processor.py:830} INFO - Processing file /home/airflow/.local/lib/python3.8/site-packages/airflow/example_dags/tutorial_objectstorage.py for tasks to queue
[2024-06-12T18:23:53.687+0000] {logging_mixin.py:188} INFO - [2024-06-12T18:23:53.686+0000] {dagbag.py:538} INFO - Filling up the DagBag from /home/airflow/.local/lib/python3.8/site-packages/airflow/example_dags/tutorial_objectstorage.py
[2024-06-12T18:23:53.694+0000] {processor.py:840} INFO - DAG(s) 'tutorial_objectstorage' retrieved from /home/airflow/.local/lib/python3.8/site-packages/airflow/example_dags/tutorial_objectstorage.py
[2024-06-12T18:23:53.724+0000] {logging_mixin.py:188} INFO - [2024-06-12T18:23:53.724+0000] {dag.py:3036} INFO - Sync 1 DAGs
[2024-06-12T18:23:53.743+0000] {logging_mixin.py:188} INFO - [2024-06-12T18:23:53.742+0000] {dag.py:3823} INFO - Setting next_dagrun for tutorial_objectstorage to None, run_after=None
[2024-06-12T18:23:53.778+0000] {processor.py:183} INFO - Processing /home/airflow/.local/lib/python3.8/site-packages/airflow/example_dags/tutorial_objectstorage.py took 0.100 seconds
[2024-06-12T18:24:23.850+0000] {processor.py:161} INFO - Started process (PID=683) to work on /home/airflow/.local/lib/python3.8/site-packages/airflow/example_dags/tutorial_objectstorage.py
[2024-06-12T18:24:23.851+0000] {processor.py:830} INFO - Processing file /home/airflow/.local/lib/python3.8/site-packages/airflow/example_dags/tutorial_objectstorage.py for tasks to queue
[2024-06-12T18:24:23.852+0000] {logging_mixin.py:188} INFO - [2024-06-12T18:24:23.852+0000] {dagbag.py:538} INFO - Filling up the DagBag from /home/airflow/.local/lib/python3.8/site-packages/airflow/example_dags/tutorial_objectstorage.py
[2024-06-12T18:24:23.859+0000] {processor.py:840} INFO - DAG(s) 'tutorial_objectstorage' retrieved from /home/airflow/.local/lib/python3.8/site-packages/airflow/example_dags/tutorial_objectstorage.py
[2024-06-12T18:24:23.870+0000] {logging_mixin.py:188} INFO - [2024-06-12T18:24:23.869+0000] {dag.py:3036} INFO - Sync 1 DAGs
[2024-06-12T18:24:23.883+0000] {logging_mixin.py:188} INFO - [2024-06-12T18:24:23.883+0000] {dag.py:3823} INFO - Setting next_dagrun for tutorial_objectstorage to None, run_after=None
[2024-06-12T18:24:23.905+0000] {processor.py:183} INFO - Processing /home/airflow/.local/lib/python3.8/site-packages/airflow/example_dags/tutorial_objectstorage.py took 0.058 seconds
[2024-06-12T18:24:54.243+0000] {processor.py:161} INFO - Started process (PID=740) to work on /home/airflow/.local/lib/python3.8/site-packages/airflow/example_dags/tutorial_objectstorage.py
[2024-06-12T18:24:54.243+0000] {processor.py:830} INFO - Processing file /home/airflow/.local/lib/python3.8/site-packages/airflow/example_dags/tutorial_objectstorage.py for tasks to queue
[2024-06-12T18:24:54.246+0000] {logging_mixin.py:188} INFO - [2024-06-12T18:24:54.245+0000] {dagbag.py:538} INFO - Filling up the DagBag from /home/airflow/.local/lib/python3.8/site-packages/airflow/example_dags/tutorial_objectstorage.py
[2024-06-12T18:24:54.253+0000] {processor.py:840} INFO - DAG(s) 'tutorial_objectstorage' retrieved from /home/airflow/.local/lib/python3.8/site-packages/airflow/example_dags/tutorial_objectstorage.py
[2024-06-12T18:24:54.377+0000] {logging_mixin.py:188} INFO - [2024-06-12T18:24:54.376+0000] {dag.py:3036} INFO - Sync 1 DAGs
[2024-06-12T18:24:54.390+0000] {logging_mixin.py:188} INFO - [2024-06-12T18:24:54.389+0000] {dag.py:3823} INFO - Setting next_dagrun for tutorial_objectstorage to None, run_after=None
[2024-06-12T18:24:54.413+0000] {processor.py:183} INFO - Processing /home/airflow/.local/lib/python3.8/site-packages/airflow/example_dags/tutorial_objectstorage.py took 0.174 seconds
[2024-06-12T18:25:24.764+0000] {processor.py:161} INFO - Started process (PID=796) to work on /home/airflow/.local/lib/python3.8/site-packages/airflow/example_dags/tutorial_objectstorage.py
[2024-06-12T18:25:24.765+0000] {processor.py:830} INFO - Processing file /home/airflow/.local/lib/python3.8/site-packages/airflow/example_dags/tutorial_objectstorage.py for tasks to queue
[2024-06-12T18:25:24.767+0000] {logging_mixin.py:188} INFO - [2024-06-12T18:25:24.767+0000] {dagbag.py:538} INFO - Filling up the DagBag from /home/airflow/.local/lib/python3.8/site-packages/airflow/example_dags/tutorial_objectstorage.py
[2024-06-12T18:25:24.776+0000] {processor.py:840} INFO - DAG(s) 'tutorial_objectstorage' retrieved from /home/airflow/.local/lib/python3.8/site-packages/airflow/example_dags/tutorial_objectstorage.py
[2024-06-12T18:25:24.807+0000] {logging_mixin.py:188} INFO - [2024-06-12T18:25:24.806+0000] {dag.py:3036} INFO - Sync 1 DAGs
[2024-06-12T18:25:24.829+0000] {logging_mixin.py:188} INFO - [2024-06-12T18:25:24.829+0000] {dag.py:3823} INFO - Setting next_dagrun for tutorial_objectstorage to None, run_after=None
[2024-06-12T18:25:24.863+0000] {processor.py:183} INFO - Processing /home/airflow/.local/lib/python3.8/site-packages/airflow/example_dags/tutorial_objectstorage.py took 0.102 seconds
[2024-06-12T18:26:58.838+0000] {processor.py:161} INFO - Started process (PID=58) to work on /home/airflow/.local/lib/python3.8/site-packages/airflow/example_dags/tutorial_objectstorage.py
[2024-06-12T18:26:58.840+0000] {processor.py:830} INFO - Processing file /home/airflow/.local/lib/python3.8/site-packages/airflow/example_dags/tutorial_objectstorage.py for tasks to queue
[2024-06-12T18:26:58.842+0000] {logging_mixin.py:188} INFO - [2024-06-12T18:26:58.842+0000] {dagbag.py:538} INFO - Filling up the DagBag from /home/airflow/.local/lib/python3.8/site-packages/airflow/example_dags/tutorial_objectstorage.py
[2024-06-12T18:26:58.856+0000] {processor.py:840} INFO - DAG(s) 'tutorial_objectstorage' retrieved from /home/airflow/.local/lib/python3.8/site-packages/airflow/example_dags/tutorial_objectstorage.py
[2024-06-12T18:26:58.901+0000] {logging_mixin.py:188} INFO - [2024-06-12T18:26:58.900+0000] {dag.py:3036} INFO - Sync 1 DAGs
[2024-06-12T18:26:58.949+0000] {logging_mixin.py:188} INFO - [2024-06-12T18:26:58.947+0000] {dag.py:3823} INFO - Setting next_dagrun for tutorial_objectstorage to None, run_after=None
[2024-06-12T18:26:58.994+0000] {processor.py:183} INFO - Processing /home/airflow/.local/lib/python3.8/site-packages/airflow/example_dags/tutorial_objectstorage.py took 0.160 seconds
[2024-06-12T18:27:29.357+0000] {processor.py:161} INFO - Started process (PID=115) to work on /home/airflow/.local/lib/python3.8/site-packages/airflow/example_dags/tutorial_objectstorage.py
[2024-06-12T18:27:29.358+0000] {processor.py:830} INFO - Processing file /home/airflow/.local/lib/python3.8/site-packages/airflow/example_dags/tutorial_objectstorage.py for tasks to queue
[2024-06-12T18:27:29.360+0000] {logging_mixin.py:188} INFO - [2024-06-12T18:27:29.360+0000] {dagbag.py:538} INFO - Filling up the DagBag from /home/airflow/.local/lib/python3.8/site-packages/airflow/example_dags/tutorial_objectstorage.py
[2024-06-12T18:27:29.369+0000] {processor.py:840} INFO - DAG(s) 'tutorial_objectstorage' retrieved from /home/airflow/.local/lib/python3.8/site-packages/airflow/example_dags/tutorial_objectstorage.py
[2024-06-12T18:27:29.383+0000] {logging_mixin.py:188} INFO - [2024-06-12T18:27:29.382+0000] {dag.py:3036} INFO - Sync 1 DAGs
[2024-06-12T18:27:29.402+0000] {logging_mixin.py:188} INFO - [2024-06-12T18:27:29.401+0000] {dag.py:3823} INFO - Setting next_dagrun for tutorial_objectstorage to None, run_after=None
[2024-06-12T18:27:29.430+0000] {processor.py:183} INFO - Processing /home/airflow/.local/lib/python3.8/site-packages/airflow/example_dags/tutorial_objectstorage.py took 0.077 seconds
[2024-06-12T18:28:01.041+0000] {processor.py:161} INFO - Started process (PID=172) to work on /home/airflow/.local/lib/python3.8/site-packages/airflow/example_dags/tutorial_objectstorage.py
[2024-06-12T18:28:01.043+0000] {processor.py:830} INFO - Processing file /home/airflow/.local/lib/python3.8/site-packages/airflow/example_dags/tutorial_objectstorage.py for tasks to queue
[2024-06-12T18:28:01.045+0000] {logging_mixin.py:188} INFO - [2024-06-12T18:28:01.045+0000] {dagbag.py:538} INFO - Filling up the DagBag from /home/airflow/.local/lib/python3.8/site-packages/airflow/example_dags/tutorial_objectstorage.py
[2024-06-12T18:28:01.054+0000] {processor.py:840} INFO - DAG(s) 'tutorial_objectstorage' retrieved from /home/airflow/.local/lib/python3.8/site-packages/airflow/example_dags/tutorial_objectstorage.py
[2024-06-12T18:28:01.229+0000] {logging_mixin.py:188} INFO - [2024-06-12T18:28:01.229+0000] {dag.py:3036} INFO - Sync 1 DAGs
[2024-06-12T18:28:01.253+0000] {logging_mixin.py:188} INFO - [2024-06-12T18:28:01.252+0000] {dag.py:3823} INFO - Setting next_dagrun for tutorial_objectstorage to None, run_after=None
[2024-06-12T18:28:01.288+0000] {processor.py:183} INFO - Processing /home/airflow/.local/lib/python3.8/site-packages/airflow/example_dags/tutorial_objectstorage.py took 0.250 seconds
[2024-06-12T18:28:31.897+0000] {processor.py:161} INFO - Started process (PID=229) to work on /home/airflow/.local/lib/python3.8/site-packages/airflow/example_dags/tutorial_objectstorage.py
[2024-06-12T18:28:31.899+0000] {processor.py:830} INFO - Processing file /home/airflow/.local/lib/python3.8/site-packages/airflow/example_dags/tutorial_objectstorage.py for tasks to queue
[2024-06-12T18:28:31.901+0000] {logging_mixin.py:188} INFO - [2024-06-12T18:28:31.901+0000] {dagbag.py:538} INFO - Filling up the DagBag from /home/airflow/.local/lib/python3.8/site-packages/airflow/example_dags/tutorial_objectstorage.py
[2024-06-12T18:28:31.910+0000] {processor.py:840} INFO - DAG(s) 'tutorial_objectstorage' retrieved from /home/airflow/.local/lib/python3.8/site-packages/airflow/example_dags/tutorial_objectstorage.py
[2024-06-12T18:28:31.937+0000] {logging_mixin.py:188} INFO - [2024-06-12T18:28:31.937+0000] {dag.py:3036} INFO - Sync 1 DAGs
[2024-06-12T18:28:31.958+0000] {logging_mixin.py:188} INFO - [2024-06-12T18:28:31.957+0000] {dag.py:3823} INFO - Setting next_dagrun for tutorial_objectstorage to None, run_after=None
[2024-06-12T18:28:31.989+0000] {processor.py:183} INFO - Processing /home/airflow/.local/lib/python3.8/site-packages/airflow/example_dags/tutorial_objectstorage.py took 0.097 seconds
[2024-06-12T18:29:02.370+0000] {processor.py:161} INFO - Started process (PID=286) to work on /home/airflow/.local/lib/python3.8/site-packages/airflow/example_dags/tutorial_objectstorage.py
[2024-06-12T18:29:02.371+0000] {processor.py:830} INFO - Processing file /home/airflow/.local/lib/python3.8/site-packages/airflow/example_dags/tutorial_objectstorage.py for tasks to queue
[2024-06-12T18:29:02.374+0000] {logging_mixin.py:188} INFO - [2024-06-12T18:29:02.373+0000] {dagbag.py:538} INFO - Filling up the DagBag from /home/airflow/.local/lib/python3.8/site-packages/airflow/example_dags/tutorial_objectstorage.py
[2024-06-12T18:29:02.385+0000] {processor.py:840} INFO - DAG(s) 'tutorial_objectstorage' retrieved from /home/airflow/.local/lib/python3.8/site-packages/airflow/example_dags/tutorial_objectstorage.py
[2024-06-12T18:29:02.416+0000] {logging_mixin.py:188} INFO - [2024-06-12T18:29:02.415+0000] {dag.py:3036} INFO - Sync 1 DAGs
[2024-06-12T18:29:02.435+0000] {logging_mixin.py:188} INFO - [2024-06-12T18:29:02.434+0000] {dag.py:3823} INFO - Setting next_dagrun for tutorial_objectstorage to None, run_after=None
[2024-06-12T18:29:02.470+0000] {processor.py:183} INFO - Processing /home/airflow/.local/lib/python3.8/site-packages/airflow/example_dags/tutorial_objectstorage.py took 0.104 seconds
[2024-06-12T18:29:32.738+0000] {processor.py:161} INFO - Started process (PID=342) to work on /home/airflow/.local/lib/python3.8/site-packages/airflow/example_dags/tutorial_objectstorage.py
[2024-06-12T18:29:32.739+0000] {processor.py:830} INFO - Processing file /home/airflow/.local/lib/python3.8/site-packages/airflow/example_dags/tutorial_objectstorage.py for tasks to queue
[2024-06-12T18:29:32.740+0000] {logging_mixin.py:188} INFO - [2024-06-12T18:29:32.740+0000] {dagbag.py:538} INFO - Filling up the DagBag from /home/airflow/.local/lib/python3.8/site-packages/airflow/example_dags/tutorial_objectstorage.py
[2024-06-12T18:29:32.746+0000] {processor.py:840} INFO - DAG(s) 'tutorial_objectstorage' retrieved from /home/airflow/.local/lib/python3.8/site-packages/airflow/example_dags/tutorial_objectstorage.py
[2024-06-12T18:29:32.766+0000] {logging_mixin.py:188} INFO - [2024-06-12T18:29:32.766+0000] {dag.py:3036} INFO - Sync 1 DAGs
[2024-06-12T18:29:32.782+0000] {logging_mixin.py:188} INFO - [2024-06-12T18:29:32.781+0000] {dag.py:3823} INFO - Setting next_dagrun for tutorial_objectstorage to None, run_after=None
[2024-06-12T18:29:32.805+0000] {processor.py:183} INFO - Processing /home/airflow/.local/lib/python3.8/site-packages/airflow/example_dags/tutorial_objectstorage.py took 0.070 seconds
[2024-06-12T18:30:03.749+0000] {processor.py:161} INFO - Started process (PID=399) to work on /home/airflow/.local/lib/python3.8/site-packages/airflow/example_dags/tutorial_objectstorage.py
[2024-06-12T18:30:03.751+0000] {processor.py:830} INFO - Processing file /home/airflow/.local/lib/python3.8/site-packages/airflow/example_dags/tutorial_objectstorage.py for tasks to queue
[2024-06-12T18:30:03.753+0000] {logging_mixin.py:188} INFO - [2024-06-12T18:30:03.753+0000] {dagbag.py:538} INFO - Filling up the DagBag from /home/airflow/.local/lib/python3.8/site-packages/airflow/example_dags/tutorial_objectstorage.py
[2024-06-12T18:30:03.763+0000] {processor.py:840} INFO - DAG(s) 'tutorial_objectstorage' retrieved from /home/airflow/.local/lib/python3.8/site-packages/airflow/example_dags/tutorial_objectstorage.py
[2024-06-12T18:30:03.794+0000] {logging_mixin.py:188} INFO - [2024-06-12T18:30:03.793+0000] {dag.py:3036} INFO - Sync 1 DAGs
[2024-06-12T18:30:03.811+0000] {logging_mixin.py:188} INFO - [2024-06-12T18:30:03.811+0000] {dag.py:3823} INFO - Setting next_dagrun for tutorial_objectstorage to None, run_after=None
[2024-06-12T18:30:03.846+0000] {processor.py:183} INFO - Processing /home/airflow/.local/lib/python3.8/site-packages/airflow/example_dags/tutorial_objectstorage.py took 0.101 seconds
[2024-06-12T18:30:34.271+0000] {processor.py:161} INFO - Started process (PID=457) to work on /home/airflow/.local/lib/python3.8/site-packages/airflow/example_dags/tutorial_objectstorage.py
[2024-06-12T18:30:34.272+0000] {processor.py:830} INFO - Processing file /home/airflow/.local/lib/python3.8/site-packages/airflow/example_dags/tutorial_objectstorage.py for tasks to queue
[2024-06-12T18:30:34.274+0000] {logging_mixin.py:188} INFO - [2024-06-12T18:30:34.273+0000] {dagbag.py:538} INFO - Filling up the DagBag from /home/airflow/.local/lib/python3.8/site-packages/airflow/example_dags/tutorial_objectstorage.py
[2024-06-12T18:30:34.279+0000] {processor.py:840} INFO - DAG(s) 'tutorial_objectstorage' retrieved from /home/airflow/.local/lib/python3.8/site-packages/airflow/example_dags/tutorial_objectstorage.py
[2024-06-12T18:30:34.298+0000] {logging_mixin.py:188} INFO - [2024-06-12T18:30:34.297+0000] {dag.py:3036} INFO - Sync 1 DAGs
[2024-06-12T18:30:34.310+0000] {logging_mixin.py:188} INFO - [2024-06-12T18:30:34.309+0000] {dag.py:3823} INFO - Setting next_dagrun for tutorial_objectstorage to None, run_after=None
[2024-06-12T18:30:34.331+0000] {processor.py:183} INFO - Processing /home/airflow/.local/lib/python3.8/site-packages/airflow/example_dags/tutorial_objectstorage.py took 0.062 seconds
[2024-06-12T18:31:04.605+0000] {processor.py:161} INFO - Started process (PID=512) to work on /home/airflow/.local/lib/python3.8/site-packages/airflow/example_dags/tutorial_objectstorage.py
[2024-06-12T18:31:04.606+0000] {processor.py:830} INFO - Processing file /home/airflow/.local/lib/python3.8/site-packages/airflow/example_dags/tutorial_objectstorage.py for tasks to queue
[2024-06-12T18:31:04.608+0000] {logging_mixin.py:188} INFO - [2024-06-12T18:31:04.608+0000] {dagbag.py:538} INFO - Filling up the DagBag from /home/airflow/.local/lib/python3.8/site-packages/airflow/example_dags/tutorial_objectstorage.py
[2024-06-12T18:31:04.620+0000] {processor.py:840} INFO - DAG(s) 'tutorial_objectstorage' retrieved from /home/airflow/.local/lib/python3.8/site-packages/airflow/example_dags/tutorial_objectstorage.py
[2024-06-12T18:31:04.650+0000] {logging_mixin.py:188} INFO - [2024-06-12T18:31:04.650+0000] {dag.py:3036} INFO - Sync 1 DAGs
[2024-06-12T18:31:04.674+0000] {logging_mixin.py:188} INFO - [2024-06-12T18:31:04.673+0000] {dag.py:3823} INFO - Setting next_dagrun for tutorial_objectstorage to None, run_after=None
[2024-06-12T18:31:04.708+0000] {processor.py:183} INFO - Processing /home/airflow/.local/lib/python3.8/site-packages/airflow/example_dags/tutorial_objectstorage.py took 0.107 seconds
[2024-06-12T18:31:34.895+0000] {processor.py:161} INFO - Started process (PID=569) to work on /home/airflow/.local/lib/python3.8/site-packages/airflow/example_dags/tutorial_objectstorage.py
[2024-06-12T18:31:34.897+0000] {processor.py:830} INFO - Processing file /home/airflow/.local/lib/python3.8/site-packages/airflow/example_dags/tutorial_objectstorage.py for tasks to queue
[2024-06-12T18:31:34.900+0000] {logging_mixin.py:188} INFO - [2024-06-12T18:31:34.899+0000] {dagbag.py:538} INFO - Filling up the DagBag from /home/airflow/.local/lib/python3.8/site-packages/airflow/example_dags/tutorial_objectstorage.py
[2024-06-12T18:31:34.910+0000] {processor.py:840} INFO - DAG(s) 'tutorial_objectstorage' retrieved from /home/airflow/.local/lib/python3.8/site-packages/airflow/example_dags/tutorial_objectstorage.py
[2024-06-12T18:31:34.943+0000] {logging_mixin.py:188} INFO - [2024-06-12T18:31:34.943+0000] {dag.py:3036} INFO - Sync 1 DAGs
[2024-06-12T18:31:34.962+0000] {logging_mixin.py:188} INFO - [2024-06-12T18:31:34.961+0000] {dag.py:3823} INFO - Setting next_dagrun for tutorial_objectstorage to None, run_after=None
[2024-06-12T18:31:34.995+0000] {processor.py:183} INFO - Processing /home/airflow/.local/lib/python3.8/site-packages/airflow/example_dags/tutorial_objectstorage.py took 0.103 seconds
[2024-06-12T18:32:05.164+0000] {processor.py:161} INFO - Started process (PID=626) to work on /home/airflow/.local/lib/python3.8/site-packages/airflow/example_dags/tutorial_objectstorage.py
[2024-06-12T18:32:05.166+0000] {processor.py:830} INFO - Processing file /home/airflow/.local/lib/python3.8/site-packages/airflow/example_dags/tutorial_objectstorage.py for tasks to queue
[2024-06-12T18:32:05.169+0000] {logging_mixin.py:188} INFO - [2024-06-12T18:32:05.168+0000] {dagbag.py:538} INFO - Filling up the DagBag from /home/airflow/.local/lib/python3.8/site-packages/airflow/example_dags/tutorial_objectstorage.py
[2024-06-12T18:32:05.178+0000] {processor.py:840} INFO - DAG(s) 'tutorial_objectstorage' retrieved from /home/airflow/.local/lib/python3.8/site-packages/airflow/example_dags/tutorial_objectstorage.py
[2024-06-12T18:32:05.209+0000] {logging_mixin.py:188} INFO - [2024-06-12T18:32:05.208+0000] {dag.py:3036} INFO - Sync 1 DAGs
[2024-06-12T18:32:05.231+0000] {logging_mixin.py:188} INFO - [2024-06-12T18:32:05.231+0000] {dag.py:3823} INFO - Setting next_dagrun for tutorial_objectstorage to None, run_after=None
[2024-06-12T18:32:05.268+0000] {processor.py:183} INFO - Processing /home/airflow/.local/lib/python3.8/site-packages/airflow/example_dags/tutorial_objectstorage.py took 0.110 seconds
[2024-06-12T18:32:35.465+0000] {processor.py:161} INFO - Started process (PID=683) to work on /home/airflow/.local/lib/python3.8/site-packages/airflow/example_dags/tutorial_objectstorage.py
[2024-06-12T18:32:35.466+0000] {processor.py:830} INFO - Processing file /home/airflow/.local/lib/python3.8/site-packages/airflow/example_dags/tutorial_objectstorage.py for tasks to queue
[2024-06-12T18:32:35.468+0000] {logging_mixin.py:188} INFO - [2024-06-12T18:32:35.468+0000] {dagbag.py:538} INFO - Filling up the DagBag from /home/airflow/.local/lib/python3.8/site-packages/airflow/example_dags/tutorial_objectstorage.py
[2024-06-12T18:32:35.476+0000] {processor.py:840} INFO - DAG(s) 'tutorial_objectstorage' retrieved from /home/airflow/.local/lib/python3.8/site-packages/airflow/example_dags/tutorial_objectstorage.py
[2024-06-12T18:32:35.505+0000] {logging_mixin.py:188} INFO - [2024-06-12T18:32:35.504+0000] {dag.py:3036} INFO - Sync 1 DAGs
[2024-06-12T18:32:35.526+0000] {logging_mixin.py:188} INFO - [2024-06-12T18:32:35.526+0000] {dag.py:3823} INFO - Setting next_dagrun for tutorial_objectstorage to None, run_after=None
[2024-06-12T18:32:35.560+0000] {processor.py:183} INFO - Processing /home/airflow/.local/lib/python3.8/site-packages/airflow/example_dags/tutorial_objectstorage.py took 0.098 seconds
[2024-06-12T18:33:05.653+0000] {processor.py:161} INFO - Started process (PID=740) to work on /home/airflow/.local/lib/python3.8/site-packages/airflow/example_dags/tutorial_objectstorage.py
[2024-06-12T18:33:05.655+0000] {processor.py:830} INFO - Processing file /home/airflow/.local/lib/python3.8/site-packages/airflow/example_dags/tutorial_objectstorage.py for tasks to queue
[2024-06-12T18:33:05.662+0000] {logging_mixin.py:188} INFO - [2024-06-12T18:33:05.661+0000] {dagbag.py:538} INFO - Filling up the DagBag from /home/airflow/.local/lib/python3.8/site-packages/airflow/example_dags/tutorial_objectstorage.py
[2024-06-12T18:33:05.670+0000] {processor.py:840} INFO - DAG(s) 'tutorial_objectstorage' retrieved from /home/airflow/.local/lib/python3.8/site-packages/airflow/example_dags/tutorial_objectstorage.py
[2024-06-12T18:33:05.703+0000] {logging_mixin.py:188} INFO - [2024-06-12T18:33:05.702+0000] {dag.py:3036} INFO - Sync 1 DAGs
[2024-06-12T18:33:05.727+0000] {logging_mixin.py:188} INFO - [2024-06-12T18:33:05.727+0000] {dag.py:3823} INFO - Setting next_dagrun for tutorial_objectstorage to None, run_after=None
[2024-06-12T18:33:05.762+0000] {processor.py:183} INFO - Processing /home/airflow/.local/lib/python3.8/site-packages/airflow/example_dags/tutorial_objectstorage.py took 0.114 seconds
[2024-06-12T18:33:35.803+0000] {processor.py:161} INFO - Started process (PID=798) to work on /home/airflow/.local/lib/python3.8/site-packages/airflow/example_dags/tutorial_objectstorage.py
[2024-06-12T18:33:35.804+0000] {processor.py:830} INFO - Processing file /home/airflow/.local/lib/python3.8/site-packages/airflow/example_dags/tutorial_objectstorage.py for tasks to queue
[2024-06-12T18:33:35.806+0000] {logging_mixin.py:188} INFO - [2024-06-12T18:33:35.806+0000] {dagbag.py:538} INFO - Filling up the DagBag from /home/airflow/.local/lib/python3.8/site-packages/airflow/example_dags/tutorial_objectstorage.py
[2024-06-12T18:33:35.812+0000] {processor.py:840} INFO - DAG(s) 'tutorial_objectstorage' retrieved from /home/airflow/.local/lib/python3.8/site-packages/airflow/example_dags/tutorial_objectstorage.py
[2024-06-12T18:33:35.832+0000] {logging_mixin.py:188} INFO - [2024-06-12T18:33:35.832+0000] {dag.py:3036} INFO - Sync 1 DAGs
[2024-06-12T18:33:35.845+0000] {logging_mixin.py:188} INFO - [2024-06-12T18:33:35.845+0000] {dag.py:3823} INFO - Setting next_dagrun for tutorial_objectstorage to None, run_after=None
[2024-06-12T18:33:35.872+0000] {processor.py:183} INFO - Processing /home/airflow/.local/lib/python3.8/site-packages/airflow/example_dags/tutorial_objectstorage.py took 0.071 seconds
[2024-06-12T18:34:06.207+0000] {processor.py:161} INFO - Started process (PID=855) to work on /home/airflow/.local/lib/python3.8/site-packages/airflow/example_dags/tutorial_objectstorage.py
[2024-06-12T18:34:06.208+0000] {processor.py:830} INFO - Processing file /home/airflow/.local/lib/python3.8/site-packages/airflow/example_dags/tutorial_objectstorage.py for tasks to queue
[2024-06-12T18:34:06.212+0000] {logging_mixin.py:188} INFO - [2024-06-12T18:34:06.212+0000] {dagbag.py:538} INFO - Filling up the DagBag from /home/airflow/.local/lib/python3.8/site-packages/airflow/example_dags/tutorial_objectstorage.py
[2024-06-12T18:34:06.220+0000] {processor.py:840} INFO - DAG(s) 'tutorial_objectstorage' retrieved from /home/airflow/.local/lib/python3.8/site-packages/airflow/example_dags/tutorial_objectstorage.py
[2024-06-12T18:34:06.247+0000] {logging_mixin.py:188} INFO - [2024-06-12T18:34:06.247+0000] {dag.py:3036} INFO - Sync 1 DAGs
[2024-06-12T18:34:06.265+0000] {logging_mixin.py:188} INFO - [2024-06-12T18:34:06.264+0000] {dag.py:3823} INFO - Setting next_dagrun for tutorial_objectstorage to None, run_after=None
[2024-06-12T18:34:06.296+0000] {processor.py:183} INFO - Processing /home/airflow/.local/lib/python3.8/site-packages/airflow/example_dags/tutorial_objectstorage.py took 0.092 seconds
[2024-06-12T18:34:37.254+0000] {processor.py:161} INFO - Started process (PID=912) to work on /home/airflow/.local/lib/python3.8/site-packages/airflow/example_dags/tutorial_objectstorage.py
[2024-06-12T18:34:37.255+0000] {processor.py:830} INFO - Processing file /home/airflow/.local/lib/python3.8/site-packages/airflow/example_dags/tutorial_objectstorage.py for tasks to queue
[2024-06-12T18:34:37.257+0000] {logging_mixin.py:188} INFO - [2024-06-12T18:34:37.257+0000] {dagbag.py:538} INFO - Filling up the DagBag from /home/airflow/.local/lib/python3.8/site-packages/airflow/example_dags/tutorial_objectstorage.py
[2024-06-12T18:34:37.264+0000] {processor.py:840} INFO - DAG(s) 'tutorial_objectstorage' retrieved from /home/airflow/.local/lib/python3.8/site-packages/airflow/example_dags/tutorial_objectstorage.py
[2024-06-12T18:34:37.290+0000] {logging_mixin.py:188} INFO - [2024-06-12T18:34:37.289+0000] {dag.py:3036} INFO - Sync 1 DAGs
[2024-06-12T18:34:37.306+0000] {logging_mixin.py:188} INFO - [2024-06-12T18:34:37.306+0000] {dag.py:3823} INFO - Setting next_dagrun for tutorial_objectstorage to None, run_after=None
[2024-06-12T18:34:37.333+0000] {processor.py:183} INFO - Processing /home/airflow/.local/lib/python3.8/site-packages/airflow/example_dags/tutorial_objectstorage.py took 0.083 seconds
[2024-06-12T18:35:07.632+0000] {processor.py:161} INFO - Started process (PID=969) to work on /home/airflow/.local/lib/python3.8/site-packages/airflow/example_dags/tutorial_objectstorage.py
[2024-06-12T18:35:07.633+0000] {processor.py:830} INFO - Processing file /home/airflow/.local/lib/python3.8/site-packages/airflow/example_dags/tutorial_objectstorage.py for tasks to queue
[2024-06-12T18:35:07.635+0000] {logging_mixin.py:188} INFO - [2024-06-12T18:35:07.635+0000] {dagbag.py:538} INFO - Filling up the DagBag from /home/airflow/.local/lib/python3.8/site-packages/airflow/example_dags/tutorial_objectstorage.py
[2024-06-12T18:35:07.642+0000] {processor.py:840} INFO - DAG(s) 'tutorial_objectstorage' retrieved from /home/airflow/.local/lib/python3.8/site-packages/airflow/example_dags/tutorial_objectstorage.py
[2024-06-12T18:35:07.665+0000] {logging_mixin.py:188} INFO - [2024-06-12T18:35:07.665+0000] {dag.py:3036} INFO - Sync 1 DAGs
[2024-06-12T18:35:07.682+0000] {logging_mixin.py:188} INFO - [2024-06-12T18:35:07.682+0000] {dag.py:3823} INFO - Setting next_dagrun for tutorial_objectstorage to None, run_after=None
[2024-06-12T18:35:07.709+0000] {processor.py:183} INFO - Processing /home/airflow/.local/lib/python3.8/site-packages/airflow/example_dags/tutorial_objectstorage.py took 0.081 seconds
[2024-06-12T18:35:38.117+0000] {processor.py:161} INFO - Started process (PID=1026) to work on /home/airflow/.local/lib/python3.8/site-packages/airflow/example_dags/tutorial_objectstorage.py
[2024-06-12T18:35:38.118+0000] {processor.py:830} INFO - Processing file /home/airflow/.local/lib/python3.8/site-packages/airflow/example_dags/tutorial_objectstorage.py for tasks to queue
[2024-06-12T18:35:38.121+0000] {logging_mixin.py:188} INFO - [2024-06-12T18:35:38.120+0000] {dagbag.py:538} INFO - Filling up the DagBag from /home/airflow/.local/lib/python3.8/site-packages/airflow/example_dags/tutorial_objectstorage.py
[2024-06-12T18:35:38.128+0000] {processor.py:840} INFO - DAG(s) 'tutorial_objectstorage' retrieved from /home/airflow/.local/lib/python3.8/site-packages/airflow/example_dags/tutorial_objectstorage.py
[2024-06-12T18:35:38.151+0000] {logging_mixin.py:188} INFO - [2024-06-12T18:35:38.151+0000] {dag.py:3036} INFO - Sync 1 DAGs
[2024-06-12T18:35:38.167+0000] {logging_mixin.py:188} INFO - [2024-06-12T18:35:38.167+0000] {dag.py:3823} INFO - Setting next_dagrun for tutorial_objectstorage to None, run_after=None
[2024-06-12T18:35:38.202+0000] {processor.py:183} INFO - Processing /home/airflow/.local/lib/python3.8/site-packages/airflow/example_dags/tutorial_objectstorage.py took 0.088 seconds
