[2024-06-12T18:04:13.337+0000] {processor.py:161} INFO - Started process (PID=76) to work on /home/airflow/.local/lib/python3.8/site-packages/airflow/example_dags/tutorial_taskflow_api.py
[2024-06-12T18:04:13.345+0000] {processor.py:830} INFO - Processing file /home/airflow/.local/lib/python3.8/site-packages/airflow/example_dags/tutorial_taskflow_api.py for tasks to queue
[2024-06-12T18:04:13.353+0000] {logging_mixin.py:188} INFO - [2024-06-12T18:04:13.353+0000] {dagbag.py:538} INFO - Filling up the DagBag from /home/airflow/.local/lib/python3.8/site-packages/airflow/example_dags/tutorial_taskflow_api.py
[2024-06-12T18:04:13.377+0000] {processor.py:840} INFO - DAG(s) 'tutorial_taskflow_api' retrieved from /home/airflow/.local/lib/python3.8/site-packages/airflow/example_dags/tutorial_taskflow_api.py
[2024-06-12T18:04:13.430+0000] {logging_mixin.py:188} INFO - [2024-06-12T18:04:13.429+0000] {dag.py:3036} INFO - Sync 1 DAGs
[2024-06-12T18:04:13.453+0000] {logging_mixin.py:188} INFO - [2024-06-12T18:04:13.452+0000] {dag.py:3823} INFO - Setting next_dagrun for tutorial_taskflow_api to None, run_after=None
[2024-06-12T18:04:13.507+0000] {processor.py:183} INFO - Processing /home/airflow/.local/lib/python3.8/site-packages/airflow/example_dags/tutorial_taskflow_api.py took 0.222 seconds
[2024-06-12T18:05:46.882+0000] {processor.py:161} INFO - Started process (PID=157) to work on /home/airflow/.local/lib/python3.8/site-packages/airflow/example_dags/tutorial_taskflow_api.py
[2024-06-12T18:05:46.884+0000] {processor.py:830} INFO - Processing file /home/airflow/.local/lib/python3.8/site-packages/airflow/example_dags/tutorial_taskflow_api.py for tasks to queue
[2024-06-12T18:05:46.890+0000] {logging_mixin.py:188} INFO - [2024-06-12T18:05:46.889+0000] {dagbag.py:538} INFO - Filling up the DagBag from /home/airflow/.local/lib/python3.8/site-packages/airflow/example_dags/tutorial_taskflow_api.py
[2024-06-12T18:05:46.901+0000] {processor.py:840} INFO - DAG(s) 'tutorial_taskflow_api' retrieved from /home/airflow/.local/lib/python3.8/site-packages/airflow/example_dags/tutorial_taskflow_api.py
[2024-06-12T18:05:46.944+0000] {logging_mixin.py:188} INFO - [2024-06-12T18:05:46.944+0000] {dag.py:3036} INFO - Sync 1 DAGs
[2024-06-12T18:05:46.999+0000] {logging_mixin.py:188} INFO - [2024-06-12T18:05:46.998+0000] {dag.py:3823} INFO - Setting next_dagrun for tutorial_taskflow_api to None, run_after=None
[2024-06-12T18:05:47.066+0000] {processor.py:183} INFO - Processing /home/airflow/.local/lib/python3.8/site-packages/airflow/example_dags/tutorial_taskflow_api.py took 0.189 seconds
[2024-06-12T18:06:17.377+0000] {processor.py:161} INFO - Started process (PID=222) to work on /home/airflow/.local/lib/python3.8/site-packages/airflow/example_dags/tutorial_taskflow_api.py
[2024-06-12T18:06:17.378+0000] {processor.py:830} INFO - Processing file /home/airflow/.local/lib/python3.8/site-packages/airflow/example_dags/tutorial_taskflow_api.py for tasks to queue
[2024-06-12T18:06:17.380+0000] {logging_mixin.py:188} INFO - [2024-06-12T18:06:17.379+0000] {dagbag.py:538} INFO - Filling up the DagBag from /home/airflow/.local/lib/python3.8/site-packages/airflow/example_dags/tutorial_taskflow_api.py
[2024-06-12T18:06:17.411+0000] {processor.py:840} INFO - DAG(s) 'tutorial_taskflow_api' retrieved from /home/airflow/.local/lib/python3.8/site-packages/airflow/example_dags/tutorial_taskflow_api.py
[2024-06-12T18:06:17.457+0000] {logging_mixin.py:188} INFO - [2024-06-12T18:06:17.456+0000] {dag.py:3036} INFO - Sync 1 DAGs
[2024-06-12T18:06:17.494+0000] {logging_mixin.py:188} INFO - [2024-06-12T18:06:17.494+0000] {dag.py:3823} INFO - Setting next_dagrun for tutorial_taskflow_api to None, run_after=None
[2024-06-12T18:06:17.548+0000] {processor.py:183} INFO - Processing /home/airflow/.local/lib/python3.8/site-packages/airflow/example_dags/tutorial_taskflow_api.py took 0.175 seconds
[2024-06-12T18:06:49.656+0000] {processor.py:161} INFO - Started process (PID=281) to work on /home/airflow/.local/lib/python3.8/site-packages/airflow/example_dags/tutorial_taskflow_api.py
[2024-06-12T18:06:49.657+0000] {processor.py:830} INFO - Processing file /home/airflow/.local/lib/python3.8/site-packages/airflow/example_dags/tutorial_taskflow_api.py for tasks to queue
[2024-06-12T18:06:49.658+0000] {logging_mixin.py:188} INFO - [2024-06-12T18:06:49.658+0000] {dagbag.py:538} INFO - Filling up the DagBag from /home/airflow/.local/lib/python3.8/site-packages/airflow/example_dags/tutorial_taskflow_api.py
[2024-06-12T18:06:49.666+0000] {processor.py:840} INFO - DAG(s) 'tutorial_taskflow_api' retrieved from /home/airflow/.local/lib/python3.8/site-packages/airflow/example_dags/tutorial_taskflow_api.py
[2024-06-12T18:06:49.832+0000] {logging_mixin.py:188} INFO - [2024-06-12T18:06:49.831+0000] {dag.py:3036} INFO - Sync 1 DAGs
[2024-06-12T18:06:49.863+0000] {logging_mixin.py:188} INFO - [2024-06-12T18:06:49.862+0000] {dag.py:3823} INFO - Setting next_dagrun for tutorial_taskflow_api to None, run_after=None
[2024-06-12T18:06:49.909+0000] {processor.py:183} INFO - Processing /home/airflow/.local/lib/python3.8/site-packages/airflow/example_dags/tutorial_taskflow_api.py took 0.256 seconds
[2024-06-12T18:07:20.147+0000] {processor.py:161} INFO - Started process (PID=346) to work on /home/airflow/.local/lib/python3.8/site-packages/airflow/example_dags/tutorial_taskflow_api.py
[2024-06-12T18:07:20.148+0000] {processor.py:830} INFO - Processing file /home/airflow/.local/lib/python3.8/site-packages/airflow/example_dags/tutorial_taskflow_api.py for tasks to queue
[2024-06-12T18:07:20.149+0000] {logging_mixin.py:188} INFO - [2024-06-12T18:07:20.149+0000] {dagbag.py:538} INFO - Filling up the DagBag from /home/airflow/.local/lib/python3.8/site-packages/airflow/example_dags/tutorial_taskflow_api.py
[2024-06-12T18:07:20.157+0000] {processor.py:840} INFO - DAG(s) 'tutorial_taskflow_api' retrieved from /home/airflow/.local/lib/python3.8/site-packages/airflow/example_dags/tutorial_taskflow_api.py
[2024-06-12T18:07:20.189+0000] {logging_mixin.py:188} INFO - [2024-06-12T18:07:20.188+0000] {dag.py:3036} INFO - Sync 1 DAGs
[2024-06-12T18:07:20.209+0000] {logging_mixin.py:188} INFO - [2024-06-12T18:07:20.208+0000] {dag.py:3823} INFO - Setting next_dagrun for tutorial_taskflow_api to None, run_after=None
[2024-06-12T18:07:20.233+0000] {processor.py:183} INFO - Processing /home/airflow/.local/lib/python3.8/site-packages/airflow/example_dags/tutorial_taskflow_api.py took 0.089 seconds
[2024-06-12T18:08:01.229+0000] {processor.py:161} INFO - Started process (PID=425) to work on /home/airflow/.local/lib/python3.8/site-packages/airflow/example_dags/tutorial_taskflow_api.py
[2024-06-12T18:08:01.231+0000] {processor.py:830} INFO - Processing file /home/airflow/.local/lib/python3.8/site-packages/airflow/example_dags/tutorial_taskflow_api.py for tasks to queue
[2024-06-12T18:08:01.236+0000] {logging_mixin.py:188} INFO - [2024-06-12T18:08:01.232+0000] {dagbag.py:538} INFO - Filling up the DagBag from /home/airflow/.local/lib/python3.8/site-packages/airflow/example_dags/tutorial_taskflow_api.py
[2024-06-12T18:08:01.255+0000] {processor.py:840} INFO - DAG(s) 'tutorial_taskflow_api' retrieved from /home/airflow/.local/lib/python3.8/site-packages/airflow/example_dags/tutorial_taskflow_api.py
[2024-06-12T18:08:01.295+0000] {logging_mixin.py:188} INFO - [2024-06-12T18:08:01.295+0000] {dag.py:3036} INFO - Sync 1 DAGs
[2024-06-12T18:08:01.325+0000] {logging_mixin.py:188} INFO - [2024-06-12T18:08:01.324+0000] {dag.py:3823} INFO - Setting next_dagrun for tutorial_taskflow_api to None, run_after=None
[2024-06-12T18:08:01.376+0000] {processor.py:183} INFO - Processing /home/airflow/.local/lib/python3.8/site-packages/airflow/example_dags/tutorial_taskflow_api.py took 0.157 seconds
[2024-06-12T18:08:39.111+0000] {processor.py:161} INFO - Started process (PID=496) to work on /home/airflow/.local/lib/python3.8/site-packages/airflow/example_dags/tutorial_taskflow_api.py
[2024-06-12T18:08:39.116+0000] {processor.py:830} INFO - Processing file /home/airflow/.local/lib/python3.8/site-packages/airflow/example_dags/tutorial_taskflow_api.py for tasks to queue
[2024-06-12T18:08:39.118+0000] {logging_mixin.py:188} INFO - [2024-06-12T18:08:39.117+0000] {dagbag.py:538} INFO - Filling up the DagBag from /home/airflow/.local/lib/python3.8/site-packages/airflow/example_dags/tutorial_taskflow_api.py
[2024-06-12T18:08:39.128+0000] {processor.py:840} INFO - DAG(s) 'tutorial_taskflow_api' retrieved from /home/airflow/.local/lib/python3.8/site-packages/airflow/example_dags/tutorial_taskflow_api.py
[2024-06-12T18:08:39.159+0000] {logging_mixin.py:188} INFO - [2024-06-12T18:08:39.158+0000] {dag.py:3036} INFO - Sync 1 DAGs
[2024-06-12T18:08:39.179+0000] {logging_mixin.py:188} INFO - [2024-06-12T18:08:39.179+0000] {dag.py:3823} INFO - Setting next_dagrun for tutorial_taskflow_api to None, run_after=None
[2024-06-12T18:08:39.213+0000] {processor.py:183} INFO - Processing /home/airflow/.local/lib/python3.8/site-packages/airflow/example_dags/tutorial_taskflow_api.py took 0.112 seconds
[2024-06-12T18:09:09.838+0000] {processor.py:161} INFO - Started process (PID=556) to work on /home/airflow/.local/lib/python3.8/site-packages/airflow/example_dags/tutorial_taskflow_api.py
[2024-06-12T18:09:09.839+0000] {processor.py:830} INFO - Processing file /home/airflow/.local/lib/python3.8/site-packages/airflow/example_dags/tutorial_taskflow_api.py for tasks to queue
[2024-06-12T18:09:09.840+0000] {logging_mixin.py:188} INFO - [2024-06-12T18:09:09.840+0000] {dagbag.py:538} INFO - Filling up the DagBag from /home/airflow/.local/lib/python3.8/site-packages/airflow/example_dags/tutorial_taskflow_api.py
[2024-06-12T18:09:09.849+0000] {processor.py:840} INFO - DAG(s) 'tutorial_taskflow_api' retrieved from /home/airflow/.local/lib/python3.8/site-packages/airflow/example_dags/tutorial_taskflow_api.py
[2024-06-12T18:09:09.861+0000] {logging_mixin.py:188} INFO - [2024-06-12T18:09:09.861+0000] {dag.py:3036} INFO - Sync 1 DAGs
[2024-06-12T18:09:09.876+0000] {logging_mixin.py:188} INFO - [2024-06-12T18:09:09.875+0000] {dag.py:3823} INFO - Setting next_dagrun for tutorial_taskflow_api to None, run_after=None
[2024-06-12T18:09:09.898+0000] {processor.py:183} INFO - Processing /home/airflow/.local/lib/python3.8/site-packages/airflow/example_dags/tutorial_taskflow_api.py took 0.063 seconds
[2024-06-12T18:09:41.512+0000] {processor.py:161} INFO - Started process (PID=613) to work on /home/airflow/.local/lib/python3.8/site-packages/airflow/example_dags/tutorial_taskflow_api.py
[2024-06-12T18:09:41.513+0000] {processor.py:830} INFO - Processing file /home/airflow/.local/lib/python3.8/site-packages/airflow/example_dags/tutorial_taskflow_api.py for tasks to queue
[2024-06-12T18:09:41.515+0000] {logging_mixin.py:188} INFO - [2024-06-12T18:09:41.514+0000] {dagbag.py:538} INFO - Filling up the DagBag from /home/airflow/.local/lib/python3.8/site-packages/airflow/example_dags/tutorial_taskflow_api.py
[2024-06-12T18:09:41.524+0000] {processor.py:840} INFO - DAG(s) 'tutorial_taskflow_api' retrieved from /home/airflow/.local/lib/python3.8/site-packages/airflow/example_dags/tutorial_taskflow_api.py
[2024-06-12T18:09:41.673+0000] {logging_mixin.py:188} INFO - [2024-06-12T18:09:41.673+0000] {dag.py:3036} INFO - Sync 1 DAGs
[2024-06-12T18:09:41.687+0000] {logging_mixin.py:188} INFO - [2024-06-12T18:09:41.686+0000] {dag.py:3823} INFO - Setting next_dagrun for tutorial_taskflow_api to None, run_after=None
[2024-06-12T18:09:41.721+0000] {processor.py:183} INFO - Processing /home/airflow/.local/lib/python3.8/site-packages/airflow/example_dags/tutorial_taskflow_api.py took 0.213 seconds
[2024-06-12T18:10:12.246+0000] {processor.py:161} INFO - Started process (PID=672) to work on /home/airflow/.local/lib/python3.8/site-packages/airflow/example_dags/tutorial_taskflow_api.py
[2024-06-12T18:10:12.247+0000] {processor.py:830} INFO - Processing file /home/airflow/.local/lib/python3.8/site-packages/airflow/example_dags/tutorial_taskflow_api.py for tasks to queue
[2024-06-12T18:10:12.248+0000] {logging_mixin.py:188} INFO - [2024-06-12T18:10:12.247+0000] {dagbag.py:538} INFO - Filling up the DagBag from /home/airflow/.local/lib/python3.8/site-packages/airflow/example_dags/tutorial_taskflow_api.py
[2024-06-12T18:10:12.256+0000] {processor.py:840} INFO - DAG(s) 'tutorial_taskflow_api' retrieved from /home/airflow/.local/lib/python3.8/site-packages/airflow/example_dags/tutorial_taskflow_api.py
[2024-06-12T18:10:12.281+0000] {logging_mixin.py:188} INFO - [2024-06-12T18:10:12.281+0000] {dag.py:3036} INFO - Sync 1 DAGs
[2024-06-12T18:10:12.295+0000] {logging_mixin.py:188} INFO - [2024-06-12T18:10:12.294+0000] {dag.py:3823} INFO - Setting next_dagrun for tutorial_taskflow_api to None, run_after=None
[2024-06-12T18:10:12.320+0000] {processor.py:183} INFO - Processing /home/airflow/.local/lib/python3.8/site-packages/airflow/example_dags/tutorial_taskflow_api.py took 0.078 seconds
[2024-06-12T18:10:43.089+0000] {processor.py:161} INFO - Started process (PID=729) to work on /home/airflow/.local/lib/python3.8/site-packages/airflow/example_dags/tutorial_taskflow_api.py
[2024-06-12T18:10:43.090+0000] {processor.py:830} INFO - Processing file /home/airflow/.local/lib/python3.8/site-packages/airflow/example_dags/tutorial_taskflow_api.py for tasks to queue
[2024-06-12T18:10:43.091+0000] {logging_mixin.py:188} INFO - [2024-06-12T18:10:43.091+0000] {dagbag.py:538} INFO - Filling up the DagBag from /home/airflow/.local/lib/python3.8/site-packages/airflow/example_dags/tutorial_taskflow_api.py
[2024-06-12T18:10:43.098+0000] {processor.py:840} INFO - DAG(s) 'tutorial_taskflow_api' retrieved from /home/airflow/.local/lib/python3.8/site-packages/airflow/example_dags/tutorial_taskflow_api.py
[2024-06-12T18:10:43.123+0000] {logging_mixin.py:188} INFO - [2024-06-12T18:10:43.122+0000] {dag.py:3036} INFO - Sync 1 DAGs
[2024-06-12T18:10:43.137+0000] {logging_mixin.py:188} INFO - [2024-06-12T18:10:43.137+0000] {dag.py:3823} INFO - Setting next_dagrun for tutorial_taskflow_api to None, run_after=None
[2024-06-12T18:10:43.162+0000] {processor.py:183} INFO - Processing /home/airflow/.local/lib/python3.8/site-packages/airflow/example_dags/tutorial_taskflow_api.py took 0.076 seconds
[2024-06-12T18:11:13.762+0000] {processor.py:161} INFO - Started process (PID=786) to work on /home/airflow/.local/lib/python3.8/site-packages/airflow/example_dags/tutorial_taskflow_api.py
[2024-06-12T18:11:13.764+0000] {processor.py:830} INFO - Processing file /home/airflow/.local/lib/python3.8/site-packages/airflow/example_dags/tutorial_taskflow_api.py for tasks to queue
[2024-06-12T18:11:13.765+0000] {logging_mixin.py:188} INFO - [2024-06-12T18:11:13.764+0000] {dagbag.py:538} INFO - Filling up the DagBag from /home/airflow/.local/lib/python3.8/site-packages/airflow/example_dags/tutorial_taskflow_api.py
[2024-06-12T18:11:13.773+0000] {processor.py:840} INFO - DAG(s) 'tutorial_taskflow_api' retrieved from /home/airflow/.local/lib/python3.8/site-packages/airflow/example_dags/tutorial_taskflow_api.py
[2024-06-12T18:11:13.796+0000] {logging_mixin.py:188} INFO - [2024-06-12T18:11:13.796+0000] {dag.py:3036} INFO - Sync 1 DAGs
[2024-06-12T18:11:13.813+0000] {logging_mixin.py:188} INFO - [2024-06-12T18:11:13.812+0000] {dag.py:3823} INFO - Setting next_dagrun for tutorial_taskflow_api to None, run_after=None
[2024-06-12T18:11:13.838+0000] {processor.py:183} INFO - Processing /home/airflow/.local/lib/python3.8/site-packages/airflow/example_dags/tutorial_taskflow_api.py took 0.080 seconds
[2024-06-12T18:11:43.954+0000] {processor.py:161} INFO - Started process (PID=843) to work on /home/airflow/.local/lib/python3.8/site-packages/airflow/example_dags/tutorial_taskflow_api.py
[2024-06-12T18:11:43.955+0000] {processor.py:830} INFO - Processing file /home/airflow/.local/lib/python3.8/site-packages/airflow/example_dags/tutorial_taskflow_api.py for tasks to queue
[2024-06-12T18:11:43.956+0000] {logging_mixin.py:188} INFO - [2024-06-12T18:11:43.956+0000] {dagbag.py:538} INFO - Filling up the DagBag from /home/airflow/.local/lib/python3.8/site-packages/airflow/example_dags/tutorial_taskflow_api.py
[2024-06-12T18:11:43.964+0000] {processor.py:840} INFO - DAG(s) 'tutorial_taskflow_api' retrieved from /home/airflow/.local/lib/python3.8/site-packages/airflow/example_dags/tutorial_taskflow_api.py
[2024-06-12T18:11:43.986+0000] {logging_mixin.py:188} INFO - [2024-06-12T18:11:43.986+0000] {dag.py:3036} INFO - Sync 1 DAGs
[2024-06-12T18:11:44.001+0000] {logging_mixin.py:188} INFO - [2024-06-12T18:11:44.000+0000] {dag.py:3823} INFO - Setting next_dagrun for tutorial_taskflow_api to None, run_after=None
[2024-06-12T18:11:44.022+0000] {processor.py:183} INFO - Processing /home/airflow/.local/lib/python3.8/site-packages/airflow/example_dags/tutorial_taskflow_api.py took 0.072 seconds
[2024-06-12T18:14:52.054+0000] {processor.py:161} INFO - Started process (PID=71) to work on /home/airflow/.local/lib/python3.8/site-packages/airflow/example_dags/tutorial_taskflow_api.py
[2024-06-12T18:14:52.060+0000] {processor.py:830} INFO - Processing file /home/airflow/.local/lib/python3.8/site-packages/airflow/example_dags/tutorial_taskflow_api.py for tasks to queue
[2024-06-12T18:14:52.068+0000] {logging_mixin.py:188} INFO - [2024-06-12T18:14:52.067+0000] {dagbag.py:538} INFO - Filling up the DagBag from /home/airflow/.local/lib/python3.8/site-packages/airflow/example_dags/tutorial_taskflow_api.py
[2024-06-12T18:14:52.090+0000] {processor.py:840} INFO - DAG(s) 'tutorial_taskflow_api' retrieved from /home/airflow/.local/lib/python3.8/site-packages/airflow/example_dags/tutorial_taskflow_api.py
[2024-06-12T18:14:52.138+0000] {logging_mixin.py:188} INFO - [2024-06-12T18:14:52.137+0000] {dag.py:3036} INFO - Sync 1 DAGs
[2024-06-12T18:14:52.169+0000] {logging_mixin.py:188} INFO - [2024-06-12T18:14:52.168+0000] {dag.py:3823} INFO - Setting next_dagrun for tutorial_taskflow_api to None, run_after=None
[2024-06-12T18:14:52.221+0000] {processor.py:183} INFO - Processing /home/airflow/.local/lib/python3.8/site-packages/airflow/example_dags/tutorial_taskflow_api.py took 0.176 seconds
[2024-06-12T18:15:22.568+0000] {processor.py:161} INFO - Started process (PID=128) to work on /home/airflow/.local/lib/python3.8/site-packages/airflow/example_dags/tutorial_taskflow_api.py
[2024-06-12T18:15:22.569+0000] {processor.py:830} INFO - Processing file /home/airflow/.local/lib/python3.8/site-packages/airflow/example_dags/tutorial_taskflow_api.py for tasks to queue
[2024-06-12T18:15:22.571+0000] {logging_mixin.py:188} INFO - [2024-06-12T18:15:22.571+0000] {dagbag.py:538} INFO - Filling up the DagBag from /home/airflow/.local/lib/python3.8/site-packages/airflow/example_dags/tutorial_taskflow_api.py
[2024-06-12T18:15:22.577+0000] {processor.py:840} INFO - DAG(s) 'tutorial_taskflow_api' retrieved from /home/airflow/.local/lib/python3.8/site-packages/airflow/example_dags/tutorial_taskflow_api.py
[2024-06-12T18:15:22.588+0000] {logging_mixin.py:188} INFO - [2024-06-12T18:15:22.587+0000] {dag.py:3036} INFO - Sync 1 DAGs
[2024-06-12T18:15:22.601+0000] {logging_mixin.py:188} INFO - [2024-06-12T18:15:22.601+0000] {dag.py:3823} INFO - Setting next_dagrun for tutorial_taskflow_api to None, run_after=None
[2024-06-12T18:15:22.625+0000] {processor.py:183} INFO - Processing /home/airflow/.local/lib/python3.8/site-packages/airflow/example_dags/tutorial_taskflow_api.py took 0.059 seconds
[2024-06-12T18:15:53.638+0000] {processor.py:161} INFO - Started process (PID=185) to work on /home/airflow/.local/lib/python3.8/site-packages/airflow/example_dags/tutorial_taskflow_api.py
[2024-06-12T18:15:53.639+0000] {processor.py:830} INFO - Processing file /home/airflow/.local/lib/python3.8/site-packages/airflow/example_dags/tutorial_taskflow_api.py for tasks to queue
[2024-06-12T18:15:53.641+0000] {logging_mixin.py:188} INFO - [2024-06-12T18:15:53.640+0000] {dagbag.py:538} INFO - Filling up the DagBag from /home/airflow/.local/lib/python3.8/site-packages/airflow/example_dags/tutorial_taskflow_api.py
[2024-06-12T18:15:53.648+0000] {processor.py:840} INFO - DAG(s) 'tutorial_taskflow_api' retrieved from /home/airflow/.local/lib/python3.8/site-packages/airflow/example_dags/tutorial_taskflow_api.py
[2024-06-12T18:15:53.789+0000] {logging_mixin.py:188} INFO - [2024-06-12T18:15:53.788+0000] {dag.py:3036} INFO - Sync 1 DAGs
[2024-06-12T18:15:53.801+0000] {logging_mixin.py:188} INFO - [2024-06-12T18:15:53.801+0000] {dag.py:3823} INFO - Setting next_dagrun for tutorial_taskflow_api to None, run_after=None
[2024-06-12T18:15:53.824+0000] {processor.py:183} INFO - Processing /home/airflow/.local/lib/python3.8/site-packages/airflow/example_dags/tutorial_taskflow_api.py took 0.190 seconds
[2024-06-12T18:16:23.920+0000] {processor.py:161} INFO - Started process (PID=248) to work on /home/airflow/.local/lib/python3.8/site-packages/airflow/example_dags/tutorial_taskflow_api.py
[2024-06-12T18:16:23.922+0000] {processor.py:830} INFO - Processing file /home/airflow/.local/lib/python3.8/site-packages/airflow/example_dags/tutorial_taskflow_api.py for tasks to queue
[2024-06-12T18:16:23.924+0000] {logging_mixin.py:188} INFO - [2024-06-12T18:16:23.923+0000] {dagbag.py:538} INFO - Filling up the DagBag from /home/airflow/.local/lib/python3.8/site-packages/airflow/example_dags/tutorial_taskflow_api.py
[2024-06-12T18:16:23.930+0000] {processor.py:840} INFO - DAG(s) 'tutorial_taskflow_api' retrieved from /home/airflow/.local/lib/python3.8/site-packages/airflow/example_dags/tutorial_taskflow_api.py
[2024-06-12T18:16:23.942+0000] {logging_mixin.py:188} INFO - [2024-06-12T18:16:23.942+0000] {dag.py:3036} INFO - Sync 1 DAGs
[2024-06-12T18:16:23.961+0000] {logging_mixin.py:188} INFO - [2024-06-12T18:16:23.960+0000] {dag.py:3823} INFO - Setting next_dagrun for tutorial_taskflow_api to None, run_after=None
[2024-06-12T18:16:23.988+0000] {processor.py:183} INFO - Processing /home/airflow/.local/lib/python3.8/site-packages/airflow/example_dags/tutorial_taskflow_api.py took 0.071 seconds
[2024-06-12T18:16:55.432+0000] {processor.py:161} INFO - Started process (PID=305) to work on /home/airflow/.local/lib/python3.8/site-packages/airflow/example_dags/tutorial_taskflow_api.py
[2024-06-12T18:16:55.433+0000] {processor.py:830} INFO - Processing file /home/airflow/.local/lib/python3.8/site-packages/airflow/example_dags/tutorial_taskflow_api.py for tasks to queue
[2024-06-12T18:16:55.434+0000] {logging_mixin.py:188} INFO - [2024-06-12T18:16:55.434+0000] {dagbag.py:538} INFO - Filling up the DagBag from /home/airflow/.local/lib/python3.8/site-packages/airflow/example_dags/tutorial_taskflow_api.py
[2024-06-12T18:16:55.441+0000] {processor.py:840} INFO - DAG(s) 'tutorial_taskflow_api' retrieved from /home/airflow/.local/lib/python3.8/site-packages/airflow/example_dags/tutorial_taskflow_api.py
[2024-06-12T18:16:55.555+0000] {logging_mixin.py:188} INFO - [2024-06-12T18:16:55.555+0000] {dag.py:3036} INFO - Sync 1 DAGs
[2024-06-12T18:16:55.570+0000] {logging_mixin.py:188} INFO - [2024-06-12T18:16:55.570+0000] {dag.py:3823} INFO - Setting next_dagrun for tutorial_taskflow_api to None, run_after=None
[2024-06-12T18:16:55.597+0000] {processor.py:183} INFO - Processing /home/airflow/.local/lib/python3.8/site-packages/airflow/example_dags/tutorial_taskflow_api.py took 0.168 seconds
[2024-06-12T18:17:25.683+0000] {processor.py:161} INFO - Started process (PID=362) to work on /home/airflow/.local/lib/python3.8/site-packages/airflow/example_dags/tutorial_taskflow_api.py
[2024-06-12T18:17:25.684+0000] {processor.py:830} INFO - Processing file /home/airflow/.local/lib/python3.8/site-packages/airflow/example_dags/tutorial_taskflow_api.py for tasks to queue
[2024-06-12T18:17:25.686+0000] {logging_mixin.py:188} INFO - [2024-06-12T18:17:25.685+0000] {dagbag.py:538} INFO - Filling up the DagBag from /home/airflow/.local/lib/python3.8/site-packages/airflow/example_dags/tutorial_taskflow_api.py
[2024-06-12T18:17:25.690+0000] {processor.py:840} INFO - DAG(s) 'tutorial_taskflow_api' retrieved from /home/airflow/.local/lib/python3.8/site-packages/airflow/example_dags/tutorial_taskflow_api.py
[2024-06-12T18:17:25.710+0000] {logging_mixin.py:188} INFO - [2024-06-12T18:17:25.710+0000] {dag.py:3036} INFO - Sync 1 DAGs
[2024-06-12T18:17:25.722+0000] {logging_mixin.py:188} INFO - [2024-06-12T18:17:25.722+0000] {dag.py:3823} INFO - Setting next_dagrun for tutorial_taskflow_api to None, run_after=None
[2024-06-12T18:17:25.744+0000] {processor.py:183} INFO - Processing /home/airflow/.local/lib/python3.8/site-packages/airflow/example_dags/tutorial_taskflow_api.py took 0.064 seconds
[2024-06-12T18:18:47.209+0000] {processor.py:161} INFO - Started process (PID=71) to work on /home/airflow/.local/lib/python3.8/site-packages/airflow/example_dags/tutorial_taskflow_api.py
[2024-06-12T18:18:47.211+0000] {processor.py:830} INFO - Processing file /home/airflow/.local/lib/python3.8/site-packages/airflow/example_dags/tutorial_taskflow_api.py for tasks to queue
[2024-06-12T18:18:47.213+0000] {logging_mixin.py:188} INFO - [2024-06-12T18:18:47.212+0000] {dagbag.py:538} INFO - Filling up the DagBag from /home/airflow/.local/lib/python3.8/site-packages/airflow/example_dags/tutorial_taskflow_api.py
[2024-06-12T18:18:47.220+0000] {processor.py:840} INFO - DAG(s) 'tutorial_taskflow_api' retrieved from /home/airflow/.local/lib/python3.8/site-packages/airflow/example_dags/tutorial_taskflow_api.py
[2024-06-12T18:18:47.232+0000] {logging_mixin.py:188} INFO - [2024-06-12T18:18:47.232+0000] {dag.py:3036} INFO - Sync 1 DAGs
[2024-06-12T18:18:47.248+0000] {logging_mixin.py:188} INFO - [2024-06-12T18:18:47.248+0000] {dag.py:3823} INFO - Setting next_dagrun for tutorial_taskflow_api to None, run_after=None
[2024-06-12T18:18:47.272+0000] {processor.py:183} INFO - Processing /home/airflow/.local/lib/python3.8/site-packages/airflow/example_dags/tutorial_taskflow_api.py took 0.066 seconds
[2024-06-12T18:19:18.612+0000] {processor.py:161} INFO - Started process (PID=128) to work on /home/airflow/.local/lib/python3.8/site-packages/airflow/example_dags/tutorial_taskflow_api.py
[2024-06-12T18:19:18.613+0000] {processor.py:830} INFO - Processing file /home/airflow/.local/lib/python3.8/site-packages/airflow/example_dags/tutorial_taskflow_api.py for tasks to queue
[2024-06-12T18:19:18.615+0000] {logging_mixin.py:188} INFO - [2024-06-12T18:19:18.615+0000] {dagbag.py:538} INFO - Filling up the DagBag from /home/airflow/.local/lib/python3.8/site-packages/airflow/example_dags/tutorial_taskflow_api.py
[2024-06-12T18:19:18.623+0000] {processor.py:840} INFO - DAG(s) 'tutorial_taskflow_api' retrieved from /home/airflow/.local/lib/python3.8/site-packages/airflow/example_dags/tutorial_taskflow_api.py
[2024-06-12T18:19:18.638+0000] {logging_mixin.py:188} INFO - [2024-06-12T18:19:18.638+0000] {dag.py:3036} INFO - Sync 1 DAGs
[2024-06-12T18:19:18.659+0000] {logging_mixin.py:188} INFO - [2024-06-12T18:19:18.659+0000] {dag.py:3823} INFO - Setting next_dagrun for tutorial_taskflow_api to None, run_after=None
[2024-06-12T18:19:18.696+0000] {processor.py:183} INFO - Processing /home/airflow/.local/lib/python3.8/site-packages/airflow/example_dags/tutorial_taskflow_api.py took 0.089 seconds
[2024-06-12T18:19:51.266+0000] {processor.py:161} INFO - Started process (PID=185) to work on /home/airflow/.local/lib/python3.8/site-packages/airflow/example_dags/tutorial_taskflow_api.py
[2024-06-12T18:19:51.267+0000] {processor.py:830} INFO - Processing file /home/airflow/.local/lib/python3.8/site-packages/airflow/example_dags/tutorial_taskflow_api.py for tasks to queue
[2024-06-12T18:19:51.269+0000] {logging_mixin.py:188} INFO - [2024-06-12T18:19:51.269+0000] {dagbag.py:538} INFO - Filling up the DagBag from /home/airflow/.local/lib/python3.8/site-packages/airflow/example_dags/tutorial_taskflow_api.py
[2024-06-12T18:19:51.277+0000] {processor.py:840} INFO - DAG(s) 'tutorial_taskflow_api' retrieved from /home/airflow/.local/lib/python3.8/site-packages/airflow/example_dags/tutorial_taskflow_api.py
[2024-06-12T18:19:51.470+0000] {logging_mixin.py:188} INFO - [2024-06-12T18:19:51.469+0000] {dag.py:3036} INFO - Sync 1 DAGs
[2024-06-12T18:19:51.484+0000] {logging_mixin.py:188} INFO - [2024-06-12T18:19:51.484+0000] {dag.py:3823} INFO - Setting next_dagrun for tutorial_taskflow_api to None, run_after=None
[2024-06-12T18:19:51.523+0000] {processor.py:183} INFO - Processing /home/airflow/.local/lib/python3.8/site-packages/airflow/example_dags/tutorial_taskflow_api.py took 0.260 seconds
[2024-06-12T18:20:22.483+0000] {processor.py:161} INFO - Started process (PID=242) to work on /home/airflow/.local/lib/python3.8/site-packages/airflow/example_dags/tutorial_taskflow_api.py
[2024-06-12T18:20:22.485+0000] {processor.py:830} INFO - Processing file /home/airflow/.local/lib/python3.8/site-packages/airflow/example_dags/tutorial_taskflow_api.py for tasks to queue
[2024-06-12T18:20:22.488+0000] {logging_mixin.py:188} INFO - [2024-06-12T18:20:22.487+0000] {dagbag.py:538} INFO - Filling up the DagBag from /home/airflow/.local/lib/python3.8/site-packages/airflow/example_dags/tutorial_taskflow_api.py
[2024-06-12T18:20:22.496+0000] {processor.py:840} INFO - DAG(s) 'tutorial_taskflow_api' retrieved from /home/airflow/.local/lib/python3.8/site-packages/airflow/example_dags/tutorial_taskflow_api.py
[2024-06-12T18:20:22.526+0000] {logging_mixin.py:188} INFO - [2024-06-12T18:20:22.526+0000] {dag.py:3036} INFO - Sync 1 DAGs
[2024-06-12T18:20:22.544+0000] {logging_mixin.py:188} INFO - [2024-06-12T18:20:22.544+0000] {dag.py:3823} INFO - Setting next_dagrun for tutorial_taskflow_api to None, run_after=None
[2024-06-12T18:20:22.582+0000] {processor.py:183} INFO - Processing /home/airflow/.local/lib/python3.8/site-packages/airflow/example_dags/tutorial_taskflow_api.py took 0.105 seconds
[2024-06-12T18:20:52.916+0000] {processor.py:161} INFO - Started process (PID=299) to work on /home/airflow/.local/lib/python3.8/site-packages/airflow/example_dags/tutorial_taskflow_api.py
[2024-06-12T18:20:52.917+0000] {processor.py:830} INFO - Processing file /home/airflow/.local/lib/python3.8/site-packages/airflow/example_dags/tutorial_taskflow_api.py for tasks to queue
[2024-06-12T18:20:52.919+0000] {logging_mixin.py:188} INFO - [2024-06-12T18:20:52.919+0000] {dagbag.py:538} INFO - Filling up the DagBag from /home/airflow/.local/lib/python3.8/site-packages/airflow/example_dags/tutorial_taskflow_api.py
[2024-06-12T18:20:52.927+0000] {processor.py:840} INFO - DAG(s) 'tutorial_taskflow_api' retrieved from /home/airflow/.local/lib/python3.8/site-packages/airflow/example_dags/tutorial_taskflow_api.py
[2024-06-12T18:20:52.953+0000] {logging_mixin.py:188} INFO - [2024-06-12T18:20:52.953+0000] {dag.py:3036} INFO - Sync 1 DAGs
[2024-06-12T18:20:52.974+0000] {logging_mixin.py:188} INFO - [2024-06-12T18:20:52.973+0000] {dag.py:3823} INFO - Setting next_dagrun for tutorial_taskflow_api to None, run_after=None
[2024-06-12T18:20:53.009+0000] {processor.py:183} INFO - Processing /home/airflow/.local/lib/python3.8/site-packages/airflow/example_dags/tutorial_taskflow_api.py took 0.099 seconds
[2024-06-12T18:21:23.376+0000] {processor.py:161} INFO - Started process (PID=356) to work on /home/airflow/.local/lib/python3.8/site-packages/airflow/example_dags/tutorial_taskflow_api.py
[2024-06-12T18:21:23.377+0000] {processor.py:830} INFO - Processing file /home/airflow/.local/lib/python3.8/site-packages/airflow/example_dags/tutorial_taskflow_api.py for tasks to queue
[2024-06-12T18:21:23.379+0000] {logging_mixin.py:188} INFO - [2024-06-12T18:21:23.379+0000] {dagbag.py:538} INFO - Filling up the DagBag from /home/airflow/.local/lib/python3.8/site-packages/airflow/example_dags/tutorial_taskflow_api.py
[2024-06-12T18:21:23.388+0000] {processor.py:840} INFO - DAG(s) 'tutorial_taskflow_api' retrieved from /home/airflow/.local/lib/python3.8/site-packages/airflow/example_dags/tutorial_taskflow_api.py
[2024-06-12T18:21:23.414+0000] {logging_mixin.py:188} INFO - [2024-06-12T18:21:23.414+0000] {dag.py:3036} INFO - Sync 1 DAGs
[2024-06-12T18:21:23.434+0000] {logging_mixin.py:188} INFO - [2024-06-12T18:21:23.434+0000] {dag.py:3823} INFO - Setting next_dagrun for tutorial_taskflow_api to None, run_after=None
[2024-06-12T18:21:23.464+0000] {processor.py:183} INFO - Processing /home/airflow/.local/lib/python3.8/site-packages/airflow/example_dags/tutorial_taskflow_api.py took 0.092 seconds
[2024-06-12T18:21:53.603+0000] {processor.py:161} INFO - Started process (PID=413) to work on /home/airflow/.local/lib/python3.8/site-packages/airflow/example_dags/tutorial_taskflow_api.py
[2024-06-12T18:21:53.604+0000] {processor.py:830} INFO - Processing file /home/airflow/.local/lib/python3.8/site-packages/airflow/example_dags/tutorial_taskflow_api.py for tasks to queue
[2024-06-12T18:21:53.606+0000] {logging_mixin.py:188} INFO - [2024-06-12T18:21:53.606+0000] {dagbag.py:538} INFO - Filling up the DagBag from /home/airflow/.local/lib/python3.8/site-packages/airflow/example_dags/tutorial_taskflow_api.py
[2024-06-12T18:21:53.612+0000] {processor.py:840} INFO - DAG(s) 'tutorial_taskflow_api' retrieved from /home/airflow/.local/lib/python3.8/site-packages/airflow/example_dags/tutorial_taskflow_api.py
[2024-06-12T18:21:53.634+0000] {logging_mixin.py:188} INFO - [2024-06-12T18:21:53.634+0000] {dag.py:3036} INFO - Sync 1 DAGs
[2024-06-12T18:21:53.648+0000] {logging_mixin.py:188} INFO - [2024-06-12T18:21:53.647+0000] {dag.py:3823} INFO - Setting next_dagrun for tutorial_taskflow_api to None, run_after=None
[2024-06-12T18:21:53.681+0000] {processor.py:183} INFO - Processing /home/airflow/.local/lib/python3.8/site-packages/airflow/example_dags/tutorial_taskflow_api.py took 0.081 seconds
[2024-06-12T18:22:23.751+0000] {processor.py:161} INFO - Started process (PID=470) to work on /home/airflow/.local/lib/python3.8/site-packages/airflow/example_dags/tutorial_taskflow_api.py
[2024-06-12T18:22:23.752+0000] {processor.py:830} INFO - Processing file /home/airflow/.local/lib/python3.8/site-packages/airflow/example_dags/tutorial_taskflow_api.py for tasks to queue
[2024-06-12T18:22:23.755+0000] {logging_mixin.py:188} INFO - [2024-06-12T18:22:23.755+0000] {dagbag.py:538} INFO - Filling up the DagBag from /home/airflow/.local/lib/python3.8/site-packages/airflow/example_dags/tutorial_taskflow_api.py
[2024-06-12T18:22:23.766+0000] {processor.py:840} INFO - DAG(s) 'tutorial_taskflow_api' retrieved from /home/airflow/.local/lib/python3.8/site-packages/airflow/example_dags/tutorial_taskflow_api.py
[2024-06-12T18:22:23.795+0000] {logging_mixin.py:188} INFO - [2024-06-12T18:22:23.795+0000] {dag.py:3036} INFO - Sync 1 DAGs
[2024-06-12T18:22:23.813+0000] {logging_mixin.py:188} INFO - [2024-06-12T18:22:23.812+0000] {dag.py:3823} INFO - Setting next_dagrun for tutorial_taskflow_api to None, run_after=None
[2024-06-12T18:22:23.843+0000] {processor.py:183} INFO - Processing /home/airflow/.local/lib/python3.8/site-packages/airflow/example_dags/tutorial_taskflow_api.py took 0.095 seconds
[2024-06-12T18:22:54.444+0000] {processor.py:161} INFO - Started process (PID=527) to work on /home/airflow/.local/lib/python3.8/site-packages/airflow/example_dags/tutorial_taskflow_api.py
[2024-06-12T18:22:54.445+0000] {processor.py:830} INFO - Processing file /home/airflow/.local/lib/python3.8/site-packages/airflow/example_dags/tutorial_taskflow_api.py for tasks to queue
[2024-06-12T18:22:54.449+0000] {logging_mixin.py:188} INFO - [2024-06-12T18:22:54.448+0000] {dagbag.py:538} INFO - Filling up the DagBag from /home/airflow/.local/lib/python3.8/site-packages/airflow/example_dags/tutorial_taskflow_api.py
[2024-06-12T18:22:54.458+0000] {processor.py:840} INFO - DAG(s) 'tutorial_taskflow_api' retrieved from /home/airflow/.local/lib/python3.8/site-packages/airflow/example_dags/tutorial_taskflow_api.py
[2024-06-12T18:22:54.485+0000] {logging_mixin.py:188} INFO - [2024-06-12T18:22:54.485+0000] {dag.py:3036} INFO - Sync 1 DAGs
[2024-06-12T18:22:54.503+0000] {logging_mixin.py:188} INFO - [2024-06-12T18:22:54.503+0000] {dag.py:3823} INFO - Setting next_dagrun for tutorial_taskflow_api to None, run_after=None
[2024-06-12T18:22:54.532+0000] {processor.py:183} INFO - Processing /home/airflow/.local/lib/python3.8/site-packages/airflow/example_dags/tutorial_taskflow_api.py took 0.092 seconds
[2024-06-12T18:23:24.792+0000] {processor.py:161} INFO - Started process (PID=584) to work on /home/airflow/.local/lib/python3.8/site-packages/airflow/example_dags/tutorial_taskflow_api.py
[2024-06-12T18:23:24.793+0000] {processor.py:830} INFO - Processing file /home/airflow/.local/lib/python3.8/site-packages/airflow/example_dags/tutorial_taskflow_api.py for tasks to queue
[2024-06-12T18:23:24.795+0000] {logging_mixin.py:188} INFO - [2024-06-12T18:23:24.794+0000] {dagbag.py:538} INFO - Filling up the DagBag from /home/airflow/.local/lib/python3.8/site-packages/airflow/example_dags/tutorial_taskflow_api.py
[2024-06-12T18:23:24.801+0000] {processor.py:840} INFO - DAG(s) 'tutorial_taskflow_api' retrieved from /home/airflow/.local/lib/python3.8/site-packages/airflow/example_dags/tutorial_taskflow_api.py
[2024-06-12T18:23:24.824+0000] {logging_mixin.py:188} INFO - [2024-06-12T18:23:24.824+0000] {dag.py:3036} INFO - Sync 1 DAGs
[2024-06-12T18:23:24.844+0000] {logging_mixin.py:188} INFO - [2024-06-12T18:23:24.843+0000] {dag.py:3823} INFO - Setting next_dagrun for tutorial_taskflow_api to None, run_after=None
[2024-06-12T18:23:24.879+0000] {processor.py:183} INFO - Processing /home/airflow/.local/lib/python3.8/site-packages/airflow/example_dags/tutorial_taskflow_api.py took 0.090 seconds
[2024-06-12T18:23:56.174+0000] {processor.py:161} INFO - Started process (PID=641) to work on /home/airflow/.local/lib/python3.8/site-packages/airflow/example_dags/tutorial_taskflow_api.py
[2024-06-12T18:23:56.176+0000] {processor.py:830} INFO - Processing file /home/airflow/.local/lib/python3.8/site-packages/airflow/example_dags/tutorial_taskflow_api.py for tasks to queue
[2024-06-12T18:23:56.178+0000] {logging_mixin.py:188} INFO - [2024-06-12T18:23:56.177+0000] {dagbag.py:538} INFO - Filling up the DagBag from /home/airflow/.local/lib/python3.8/site-packages/airflow/example_dags/tutorial_taskflow_api.py
[2024-06-12T18:23:56.185+0000] {processor.py:840} INFO - DAG(s) 'tutorial_taskflow_api' retrieved from /home/airflow/.local/lib/python3.8/site-packages/airflow/example_dags/tutorial_taskflow_api.py
[2024-06-12T18:23:56.209+0000] {logging_mixin.py:188} INFO - [2024-06-12T18:23:56.208+0000] {dag.py:3036} INFO - Sync 1 DAGs
[2024-06-12T18:23:56.227+0000] {logging_mixin.py:188} INFO - [2024-06-12T18:23:56.226+0000] {dag.py:3823} INFO - Setting next_dagrun for tutorial_taskflow_api to None, run_after=None
[2024-06-12T18:23:56.254+0000] {processor.py:183} INFO - Processing /home/airflow/.local/lib/python3.8/site-packages/airflow/example_dags/tutorial_taskflow_api.py took 0.082 seconds
[2024-06-12T18:24:27.265+0000] {processor.py:161} INFO - Started process (PID=698) to work on /home/airflow/.local/lib/python3.8/site-packages/airflow/example_dags/tutorial_taskflow_api.py
[2024-06-12T18:24:27.267+0000] {processor.py:830} INFO - Processing file /home/airflow/.local/lib/python3.8/site-packages/airflow/example_dags/tutorial_taskflow_api.py for tasks to queue
[2024-06-12T18:24:27.269+0000] {logging_mixin.py:188} INFO - [2024-06-12T18:24:27.269+0000] {dagbag.py:538} INFO - Filling up the DagBag from /home/airflow/.local/lib/python3.8/site-packages/airflow/example_dags/tutorial_taskflow_api.py
[2024-06-12T18:24:27.281+0000] {processor.py:840} INFO - DAG(s) 'tutorial_taskflow_api' retrieved from /home/airflow/.local/lib/python3.8/site-packages/airflow/example_dags/tutorial_taskflow_api.py
[2024-06-12T18:24:27.296+0000] {logging_mixin.py:188} INFO - [2024-06-12T18:24:27.296+0000] {dag.py:3036} INFO - Sync 1 DAGs
[2024-06-12T18:24:27.314+0000] {logging_mixin.py:188} INFO - [2024-06-12T18:24:27.313+0000] {dag.py:3823} INFO - Setting next_dagrun for tutorial_taskflow_api to None, run_after=None
[2024-06-12T18:24:27.343+0000] {processor.py:183} INFO - Processing /home/airflow/.local/lib/python3.8/site-packages/airflow/example_dags/tutorial_taskflow_api.py took 0.084 seconds
[2024-06-12T18:24:57.910+0000] {processor.py:161} INFO - Started process (PID=755) to work on /home/airflow/.local/lib/python3.8/site-packages/airflow/example_dags/tutorial_taskflow_api.py
[2024-06-12T18:24:57.911+0000] {processor.py:830} INFO - Processing file /home/airflow/.local/lib/python3.8/site-packages/airflow/example_dags/tutorial_taskflow_api.py for tasks to queue
[2024-06-12T18:24:57.913+0000] {logging_mixin.py:188} INFO - [2024-06-12T18:24:57.913+0000] {dagbag.py:538} INFO - Filling up the DagBag from /home/airflow/.local/lib/python3.8/site-packages/airflow/example_dags/tutorial_taskflow_api.py
[2024-06-12T18:24:57.920+0000] {processor.py:840} INFO - DAG(s) 'tutorial_taskflow_api' retrieved from /home/airflow/.local/lib/python3.8/site-packages/airflow/example_dags/tutorial_taskflow_api.py
[2024-06-12T18:24:58.043+0000] {logging_mixin.py:188} INFO - [2024-06-12T18:24:58.042+0000] {dag.py:3036} INFO - Sync 1 DAGs
[2024-06-12T18:24:58.056+0000] {logging_mixin.py:188} INFO - [2024-06-12T18:24:58.056+0000] {dag.py:3823} INFO - Setting next_dagrun for tutorial_taskflow_api to None, run_after=None
[2024-06-12T18:24:58.081+0000] {processor.py:183} INFO - Processing /home/airflow/.local/lib/python3.8/site-packages/airflow/example_dags/tutorial_taskflow_api.py took 0.173 seconds
[2024-06-12T18:25:28.169+0000] {processor.py:161} INFO - Started process (PID=812) to work on /home/airflow/.local/lib/python3.8/site-packages/airflow/example_dags/tutorial_taskflow_api.py
[2024-06-12T18:25:28.170+0000] {processor.py:830} INFO - Processing file /home/airflow/.local/lib/python3.8/site-packages/airflow/example_dags/tutorial_taskflow_api.py for tasks to queue
[2024-06-12T18:25:28.172+0000] {logging_mixin.py:188} INFO - [2024-06-12T18:25:28.172+0000] {dagbag.py:538} INFO - Filling up the DagBag from /home/airflow/.local/lib/python3.8/site-packages/airflow/example_dags/tutorial_taskflow_api.py
[2024-06-12T18:25:28.179+0000] {processor.py:840} INFO - DAG(s) 'tutorial_taskflow_api' retrieved from /home/airflow/.local/lib/python3.8/site-packages/airflow/example_dags/tutorial_taskflow_api.py
[2024-06-12T18:25:28.202+0000] {logging_mixin.py:188} INFO - [2024-06-12T18:25:28.202+0000] {dag.py:3036} INFO - Sync 1 DAGs
[2024-06-12T18:25:28.218+0000] {logging_mixin.py:188} INFO - [2024-06-12T18:25:28.217+0000] {dag.py:3823} INFO - Setting next_dagrun for tutorial_taskflow_api to None, run_after=None
[2024-06-12T18:25:28.250+0000] {processor.py:183} INFO - Processing /home/airflow/.local/lib/python3.8/site-packages/airflow/example_dags/tutorial_taskflow_api.py took 0.085 seconds
[2024-06-12T18:27:00.070+0000] {processor.py:161} INFO - Started process (PID=71) to work on /home/airflow/.local/lib/python3.8/site-packages/airflow/example_dags/tutorial_taskflow_api.py
[2024-06-12T18:27:00.071+0000] {processor.py:830} INFO - Processing file /home/airflow/.local/lib/python3.8/site-packages/airflow/example_dags/tutorial_taskflow_api.py for tasks to queue
[2024-06-12T18:27:00.073+0000] {logging_mixin.py:188} INFO - [2024-06-12T18:27:00.073+0000] {dagbag.py:538} INFO - Filling up the DagBag from /home/airflow/.local/lib/python3.8/site-packages/airflow/example_dags/tutorial_taskflow_api.py
[2024-06-12T18:27:00.080+0000] {processor.py:840} INFO - DAG(s) 'tutorial_taskflow_api' retrieved from /home/airflow/.local/lib/python3.8/site-packages/airflow/example_dags/tutorial_taskflow_api.py
[2024-06-12T18:27:00.106+0000] {logging_mixin.py:188} INFO - [2024-06-12T18:27:00.106+0000] {dag.py:3036} INFO - Sync 1 DAGs
[2024-06-12T18:27:00.125+0000] {logging_mixin.py:188} INFO - [2024-06-12T18:27:00.124+0000] {dag.py:3823} INFO - Setting next_dagrun for tutorial_taskflow_api to None, run_after=None
[2024-06-12T18:27:00.158+0000] {processor.py:183} INFO - Processing /home/airflow/.local/lib/python3.8/site-packages/airflow/example_dags/tutorial_taskflow_api.py took 0.091 seconds
[2024-06-12T18:27:30.236+0000] {processor.py:161} INFO - Started process (PID=128) to work on /home/airflow/.local/lib/python3.8/site-packages/airflow/example_dags/tutorial_taskflow_api.py
[2024-06-12T18:27:30.237+0000] {processor.py:830} INFO - Processing file /home/airflow/.local/lib/python3.8/site-packages/airflow/example_dags/tutorial_taskflow_api.py for tasks to queue
[2024-06-12T18:27:30.239+0000] {logging_mixin.py:188} INFO - [2024-06-12T18:27:30.238+0000] {dagbag.py:538} INFO - Filling up the DagBag from /home/airflow/.local/lib/python3.8/site-packages/airflow/example_dags/tutorial_taskflow_api.py
[2024-06-12T18:27:30.246+0000] {processor.py:840} INFO - DAG(s) 'tutorial_taskflow_api' retrieved from /home/airflow/.local/lib/python3.8/site-packages/airflow/example_dags/tutorial_taskflow_api.py
[2024-06-12T18:27:30.261+0000] {logging_mixin.py:188} INFO - [2024-06-12T18:27:30.261+0000] {dag.py:3036} INFO - Sync 1 DAGs
[2024-06-12T18:27:30.280+0000] {logging_mixin.py:188} INFO - [2024-06-12T18:27:30.280+0000] {dag.py:3823} INFO - Setting next_dagrun for tutorial_taskflow_api to None, run_after=None
[2024-06-12T18:27:30.315+0000] {processor.py:183} INFO - Processing /home/airflow/.local/lib/python3.8/site-packages/airflow/example_dags/tutorial_taskflow_api.py took 0.084 seconds
[2024-06-12T18:28:03.219+0000] {processor.py:161} INFO - Started process (PID=185) to work on /home/airflow/.local/lib/python3.8/site-packages/airflow/example_dags/tutorial_taskflow_api.py
[2024-06-12T18:28:03.220+0000] {processor.py:830} INFO - Processing file /home/airflow/.local/lib/python3.8/site-packages/airflow/example_dags/tutorial_taskflow_api.py for tasks to queue
[2024-06-12T18:28:03.223+0000] {logging_mixin.py:188} INFO - [2024-06-12T18:28:03.222+0000] {dagbag.py:538} INFO - Filling up the DagBag from /home/airflow/.local/lib/python3.8/site-packages/airflow/example_dags/tutorial_taskflow_api.py
[2024-06-12T18:28:03.230+0000] {processor.py:840} INFO - DAG(s) 'tutorial_taskflow_api' retrieved from /home/airflow/.local/lib/python3.8/site-packages/airflow/example_dags/tutorial_taskflow_api.py
[2024-06-12T18:28:03.385+0000] {logging_mixin.py:188} INFO - [2024-06-12T18:28:03.384+0000] {dag.py:3036} INFO - Sync 1 DAGs
[2024-06-12T18:28:03.408+0000] {logging_mixin.py:188} INFO - [2024-06-12T18:28:03.407+0000] {dag.py:3823} INFO - Setting next_dagrun for tutorial_taskflow_api to None, run_after=None
[2024-06-12T18:28:03.462+0000] {processor.py:183} INFO - Processing /home/airflow/.local/lib/python3.8/site-packages/airflow/example_dags/tutorial_taskflow_api.py took 0.247 seconds
[2024-06-12T18:28:34.012+0000] {processor.py:161} INFO - Started process (PID=242) to work on /home/airflow/.local/lib/python3.8/site-packages/airflow/example_dags/tutorial_taskflow_api.py
[2024-06-12T18:28:34.014+0000] {processor.py:830} INFO - Processing file /home/airflow/.local/lib/python3.8/site-packages/airflow/example_dags/tutorial_taskflow_api.py for tasks to queue
[2024-06-12T18:28:34.016+0000] {logging_mixin.py:188} INFO - [2024-06-12T18:28:34.016+0000] {dagbag.py:538} INFO - Filling up the DagBag from /home/airflow/.local/lib/python3.8/site-packages/airflow/example_dags/tutorial_taskflow_api.py
[2024-06-12T18:28:34.028+0000] {processor.py:840} INFO - DAG(s) 'tutorial_taskflow_api' retrieved from /home/airflow/.local/lib/python3.8/site-packages/airflow/example_dags/tutorial_taskflow_api.py
[2024-06-12T18:28:34.062+0000] {logging_mixin.py:188} INFO - [2024-06-12T18:28:34.061+0000] {dag.py:3036} INFO - Sync 1 DAGs
[2024-06-12T18:28:34.086+0000] {logging_mixin.py:188} INFO - [2024-06-12T18:28:34.085+0000] {dag.py:3823} INFO - Setting next_dagrun for tutorial_taskflow_api to None, run_after=None
[2024-06-12T18:28:34.123+0000] {processor.py:183} INFO - Processing /home/airflow/.local/lib/python3.8/site-packages/airflow/example_dags/tutorial_taskflow_api.py took 0.116 seconds
[2024-06-12T18:29:04.522+0000] {processor.py:161} INFO - Started process (PID=299) to work on /home/airflow/.local/lib/python3.8/site-packages/airflow/example_dags/tutorial_taskflow_api.py
[2024-06-12T18:29:04.523+0000] {processor.py:830} INFO - Processing file /home/airflow/.local/lib/python3.8/site-packages/airflow/example_dags/tutorial_taskflow_api.py for tasks to queue
[2024-06-12T18:29:04.524+0000] {logging_mixin.py:188} INFO - [2024-06-12T18:29:04.524+0000] {dagbag.py:538} INFO - Filling up the DagBag from /home/airflow/.local/lib/python3.8/site-packages/airflow/example_dags/tutorial_taskflow_api.py
[2024-06-12T18:29:04.529+0000] {processor.py:840} INFO - DAG(s) 'tutorial_taskflow_api' retrieved from /home/airflow/.local/lib/python3.8/site-packages/airflow/example_dags/tutorial_taskflow_api.py
[2024-06-12T18:29:04.549+0000] {logging_mixin.py:188} INFO - [2024-06-12T18:29:04.548+0000] {dag.py:3036} INFO - Sync 1 DAGs
[2024-06-12T18:29:04.563+0000] {logging_mixin.py:188} INFO - [2024-06-12T18:29:04.562+0000] {dag.py:3823} INFO - Setting next_dagrun for tutorial_taskflow_api to None, run_after=None
[2024-06-12T18:29:04.587+0000] {processor.py:183} INFO - Processing /home/airflow/.local/lib/python3.8/site-packages/airflow/example_dags/tutorial_taskflow_api.py took 0.068 seconds
[2024-06-12T18:29:34.720+0000] {processor.py:161} INFO - Started process (PID=356) to work on /home/airflow/.local/lib/python3.8/site-packages/airflow/example_dags/tutorial_taskflow_api.py
[2024-06-12T18:29:34.722+0000] {processor.py:830} INFO - Processing file /home/airflow/.local/lib/python3.8/site-packages/airflow/example_dags/tutorial_taskflow_api.py for tasks to queue
[2024-06-12T18:29:34.723+0000] {logging_mixin.py:188} INFO - [2024-06-12T18:29:34.723+0000] {dagbag.py:538} INFO - Filling up the DagBag from /home/airflow/.local/lib/python3.8/site-packages/airflow/example_dags/tutorial_taskflow_api.py
[2024-06-12T18:29:34.729+0000] {processor.py:840} INFO - DAG(s) 'tutorial_taskflow_api' retrieved from /home/airflow/.local/lib/python3.8/site-packages/airflow/example_dags/tutorial_taskflow_api.py
[2024-06-12T18:29:34.751+0000] {logging_mixin.py:188} INFO - [2024-06-12T18:29:34.750+0000] {dag.py:3036} INFO - Sync 1 DAGs
[2024-06-12T18:29:34.765+0000] {logging_mixin.py:188} INFO - [2024-06-12T18:29:34.765+0000] {dag.py:3823} INFO - Setting next_dagrun for tutorial_taskflow_api to None, run_after=None
[2024-06-12T18:29:34.790+0000] {processor.py:183} INFO - Processing /home/airflow/.local/lib/python3.8/site-packages/airflow/example_dags/tutorial_taskflow_api.py took 0.073 seconds
[2024-06-12T18:30:05.106+0000] {processor.py:161} INFO - Started process (PID=413) to work on /home/airflow/.local/lib/python3.8/site-packages/airflow/example_dags/tutorial_taskflow_api.py
[2024-06-12T18:30:05.107+0000] {processor.py:830} INFO - Processing file /home/airflow/.local/lib/python3.8/site-packages/airflow/example_dags/tutorial_taskflow_api.py for tasks to queue
[2024-06-12T18:30:05.110+0000] {logging_mixin.py:188} INFO - [2024-06-12T18:30:05.109+0000] {dagbag.py:538} INFO - Filling up the DagBag from /home/airflow/.local/lib/python3.8/site-packages/airflow/example_dags/tutorial_taskflow_api.py
[2024-06-12T18:30:05.120+0000] {processor.py:840} INFO - DAG(s) 'tutorial_taskflow_api' retrieved from /home/airflow/.local/lib/python3.8/site-packages/airflow/example_dags/tutorial_taskflow_api.py
[2024-06-12T18:30:05.149+0000] {logging_mixin.py:188} INFO - [2024-06-12T18:30:05.149+0000] {dag.py:3036} INFO - Sync 1 DAGs
[2024-06-12T18:30:05.173+0000] {logging_mixin.py:188} INFO - [2024-06-12T18:30:05.173+0000] {dag.py:3823} INFO - Setting next_dagrun for tutorial_taskflow_api to None, run_after=None
[2024-06-12T18:30:05.205+0000] {processor.py:183} INFO - Processing /home/airflow/.local/lib/python3.8/site-packages/airflow/example_dags/tutorial_taskflow_api.py took 0.103 seconds
[2024-06-12T18:30:35.254+0000] {processor.py:161} INFO - Started process (PID=470) to work on /home/airflow/.local/lib/python3.8/site-packages/airflow/example_dags/tutorial_taskflow_api.py
[2024-06-12T18:30:35.255+0000] {processor.py:830} INFO - Processing file /home/airflow/.local/lib/python3.8/site-packages/airflow/example_dags/tutorial_taskflow_api.py for tasks to queue
[2024-06-12T18:30:35.257+0000] {logging_mixin.py:188} INFO - [2024-06-12T18:30:35.257+0000] {dagbag.py:538} INFO - Filling up the DagBag from /home/airflow/.local/lib/python3.8/site-packages/airflow/example_dags/tutorial_taskflow_api.py
[2024-06-12T18:30:35.263+0000] {processor.py:840} INFO - DAG(s) 'tutorial_taskflow_api' retrieved from /home/airflow/.local/lib/python3.8/site-packages/airflow/example_dags/tutorial_taskflow_api.py
[2024-06-12T18:30:35.283+0000] {logging_mixin.py:188} INFO - [2024-06-12T18:30:35.283+0000] {dag.py:3036} INFO - Sync 1 DAGs
[2024-06-12T18:30:35.297+0000] {logging_mixin.py:188} INFO - [2024-06-12T18:30:35.297+0000] {dag.py:3823} INFO - Setting next_dagrun for tutorial_taskflow_api to None, run_after=None
[2024-06-12T18:30:35.322+0000] {processor.py:183} INFO - Processing /home/airflow/.local/lib/python3.8/site-packages/airflow/example_dags/tutorial_taskflow_api.py took 0.072 seconds
[2024-06-12T18:31:06.196+0000] {processor.py:161} INFO - Started process (PID=527) to work on /home/airflow/.local/lib/python3.8/site-packages/airflow/example_dags/tutorial_taskflow_api.py
[2024-06-12T18:31:06.197+0000] {processor.py:830} INFO - Processing file /home/airflow/.local/lib/python3.8/site-packages/airflow/example_dags/tutorial_taskflow_api.py for tasks to queue
[2024-06-12T18:31:06.200+0000] {logging_mixin.py:188} INFO - [2024-06-12T18:31:06.199+0000] {dagbag.py:538} INFO - Filling up the DagBag from /home/airflow/.local/lib/python3.8/site-packages/airflow/example_dags/tutorial_taskflow_api.py
[2024-06-12T18:31:06.208+0000] {processor.py:840} INFO - DAG(s) 'tutorial_taskflow_api' retrieved from /home/airflow/.local/lib/python3.8/site-packages/airflow/example_dags/tutorial_taskflow_api.py
[2024-06-12T18:31:06.234+0000] {logging_mixin.py:188} INFO - [2024-06-12T18:31:06.233+0000] {dag.py:3036} INFO - Sync 1 DAGs
[2024-06-12T18:31:06.253+0000] {logging_mixin.py:188} INFO - [2024-06-12T18:31:06.252+0000] {dag.py:3823} INFO - Setting next_dagrun for tutorial_taskflow_api to None, run_after=None
[2024-06-12T18:31:06.282+0000] {processor.py:183} INFO - Processing /home/airflow/.local/lib/python3.8/site-packages/airflow/example_dags/tutorial_taskflow_api.py took 0.090 seconds
[2024-06-12T18:31:36.624+0000] {processor.py:161} INFO - Started process (PID=584) to work on /home/airflow/.local/lib/python3.8/site-packages/airflow/example_dags/tutorial_taskflow_api.py
[2024-06-12T18:31:36.626+0000] {processor.py:830} INFO - Processing file /home/airflow/.local/lib/python3.8/site-packages/airflow/example_dags/tutorial_taskflow_api.py for tasks to queue
[2024-06-12T18:31:36.629+0000] {logging_mixin.py:188} INFO - [2024-06-12T18:31:36.628+0000] {dagbag.py:538} INFO - Filling up the DagBag from /home/airflow/.local/lib/python3.8/site-packages/airflow/example_dags/tutorial_taskflow_api.py
[2024-06-12T18:31:36.639+0000] {processor.py:840} INFO - DAG(s) 'tutorial_taskflow_api' retrieved from /home/airflow/.local/lib/python3.8/site-packages/airflow/example_dags/tutorial_taskflow_api.py
[2024-06-12T18:31:36.684+0000] {logging_mixin.py:188} INFO - [2024-06-12T18:31:36.683+0000] {dag.py:3036} INFO - Sync 1 DAGs
[2024-06-12T18:31:36.705+0000] {logging_mixin.py:188} INFO - [2024-06-12T18:31:36.704+0000] {dag.py:3823} INFO - Setting next_dagrun for tutorial_taskflow_api to None, run_after=None
[2024-06-12T18:31:36.741+0000] {processor.py:183} INFO - Processing /home/airflow/.local/lib/python3.8/site-packages/airflow/example_dags/tutorial_taskflow_api.py took 0.121 seconds
[2024-06-12T18:32:07.070+0000] {processor.py:161} INFO - Started process (PID=641) to work on /home/airflow/.local/lib/python3.8/site-packages/airflow/example_dags/tutorial_taskflow_api.py
[2024-06-12T18:32:07.071+0000] {processor.py:830} INFO - Processing file /home/airflow/.local/lib/python3.8/site-packages/airflow/example_dags/tutorial_taskflow_api.py for tasks to queue
[2024-06-12T18:32:07.072+0000] {logging_mixin.py:188} INFO - [2024-06-12T18:32:07.072+0000] {dagbag.py:538} INFO - Filling up the DagBag from /home/airflow/.local/lib/python3.8/site-packages/airflow/example_dags/tutorial_taskflow_api.py
[2024-06-12T18:32:07.079+0000] {processor.py:840} INFO - DAG(s) 'tutorial_taskflow_api' retrieved from /home/airflow/.local/lib/python3.8/site-packages/airflow/example_dags/tutorial_taskflow_api.py
[2024-06-12T18:32:07.103+0000] {logging_mixin.py:188} INFO - [2024-06-12T18:32:07.103+0000] {dag.py:3036} INFO - Sync 1 DAGs
[2024-06-12T18:32:07.119+0000] {logging_mixin.py:188} INFO - [2024-06-12T18:32:07.119+0000] {dag.py:3823} INFO - Setting next_dagrun for tutorial_taskflow_api to None, run_after=None
[2024-06-12T18:32:07.148+0000] {processor.py:183} INFO - Processing /home/airflow/.local/lib/python3.8/site-packages/airflow/example_dags/tutorial_taskflow_api.py took 0.082 seconds
[2024-06-12T18:32:37.925+0000] {processor.py:161} INFO - Started process (PID=698) to work on /home/airflow/.local/lib/python3.8/site-packages/airflow/example_dags/tutorial_taskflow_api.py
[2024-06-12T18:32:37.926+0000] {processor.py:830} INFO - Processing file /home/airflow/.local/lib/python3.8/site-packages/airflow/example_dags/tutorial_taskflow_api.py for tasks to queue
[2024-06-12T18:32:37.928+0000] {logging_mixin.py:188} INFO - [2024-06-12T18:32:37.928+0000] {dagbag.py:538} INFO - Filling up the DagBag from /home/airflow/.local/lib/python3.8/site-packages/airflow/example_dags/tutorial_taskflow_api.py
[2024-06-12T18:32:37.937+0000] {processor.py:840} INFO - DAG(s) 'tutorial_taskflow_api' retrieved from /home/airflow/.local/lib/python3.8/site-packages/airflow/example_dags/tutorial_taskflow_api.py
[2024-06-12T18:32:37.965+0000] {logging_mixin.py:188} INFO - [2024-06-12T18:32:37.965+0000] {dag.py:3036} INFO - Sync 1 DAGs
[2024-06-12T18:32:37.986+0000] {logging_mixin.py:188} INFO - [2024-06-12T18:32:37.985+0000] {dag.py:3823} INFO - Setting next_dagrun for tutorial_taskflow_api to None, run_after=None
[2024-06-12T18:32:38.023+0000] {processor.py:183} INFO - Processing /home/airflow/.local/lib/python3.8/site-packages/airflow/example_dags/tutorial_taskflow_api.py took 0.103 seconds
[2024-06-12T18:33:08.188+0000] {processor.py:161} INFO - Started process (PID=754) to work on /home/airflow/.local/lib/python3.8/site-packages/airflow/example_dags/tutorial_taskflow_api.py
[2024-06-12T18:33:08.190+0000] {processor.py:830} INFO - Processing file /home/airflow/.local/lib/python3.8/site-packages/airflow/example_dags/tutorial_taskflow_api.py for tasks to queue
[2024-06-12T18:33:08.194+0000] {logging_mixin.py:188} INFO - [2024-06-12T18:33:08.193+0000] {dagbag.py:538} INFO - Filling up the DagBag from /home/airflow/.local/lib/python3.8/site-packages/airflow/example_dags/tutorial_taskflow_api.py
[2024-06-12T18:33:08.210+0000] {processor.py:840} INFO - DAG(s) 'tutorial_taskflow_api' retrieved from /home/airflow/.local/lib/python3.8/site-packages/airflow/example_dags/tutorial_taskflow_api.py
[2024-06-12T18:33:08.248+0000] {logging_mixin.py:188} INFO - [2024-06-12T18:33:08.247+0000] {dag.py:3036} INFO - Sync 1 DAGs
[2024-06-12T18:33:08.280+0000] {logging_mixin.py:188} INFO - [2024-06-12T18:33:08.280+0000] {dag.py:3823} INFO - Setting next_dagrun for tutorial_taskflow_api to None, run_after=None
[2024-06-12T18:33:08.327+0000] {processor.py:183} INFO - Processing /home/airflow/.local/lib/python3.8/site-packages/airflow/example_dags/tutorial_taskflow_api.py took 0.143 seconds
[2024-06-12T18:33:38.735+0000] {processor.py:161} INFO - Started process (PID=812) to work on /home/airflow/.local/lib/python3.8/site-packages/airflow/example_dags/tutorial_taskflow_api.py
[2024-06-12T18:33:38.736+0000] {processor.py:830} INFO - Processing file /home/airflow/.local/lib/python3.8/site-packages/airflow/example_dags/tutorial_taskflow_api.py for tasks to queue
[2024-06-12T18:33:38.739+0000] {logging_mixin.py:188} INFO - [2024-06-12T18:33:38.738+0000] {dagbag.py:538} INFO - Filling up the DagBag from /home/airflow/.local/lib/python3.8/site-packages/airflow/example_dags/tutorial_taskflow_api.py
[2024-06-12T18:33:38.746+0000] {processor.py:840} INFO - DAG(s) 'tutorial_taskflow_api' retrieved from /home/airflow/.local/lib/python3.8/site-packages/airflow/example_dags/tutorial_taskflow_api.py
[2024-06-12T18:33:38.773+0000] {logging_mixin.py:188} INFO - [2024-06-12T18:33:38.773+0000] {dag.py:3036} INFO - Sync 1 DAGs
[2024-06-12T18:33:38.791+0000] {logging_mixin.py:188} INFO - [2024-06-12T18:33:38.790+0000] {dag.py:3823} INFO - Setting next_dagrun for tutorial_taskflow_api to None, run_after=None
[2024-06-12T18:33:38.824+0000] {processor.py:183} INFO - Processing /home/airflow/.local/lib/python3.8/site-packages/airflow/example_dags/tutorial_taskflow_api.py took 0.092 seconds
[2024-06-12T18:34:09.339+0000] {processor.py:161} INFO - Started process (PID=869) to work on /home/airflow/.local/lib/python3.8/site-packages/airflow/example_dags/tutorial_taskflow_api.py
[2024-06-12T18:34:09.340+0000] {processor.py:830} INFO - Processing file /home/airflow/.local/lib/python3.8/site-packages/airflow/example_dags/tutorial_taskflow_api.py for tasks to queue
[2024-06-12T18:34:09.343+0000] {logging_mixin.py:188} INFO - [2024-06-12T18:34:09.343+0000] {dagbag.py:538} INFO - Filling up the DagBag from /home/airflow/.local/lib/python3.8/site-packages/airflow/example_dags/tutorial_taskflow_api.py
[2024-06-12T18:34:09.359+0000] {processor.py:840} INFO - DAG(s) 'tutorial_taskflow_api' retrieved from /home/airflow/.local/lib/python3.8/site-packages/airflow/example_dags/tutorial_taskflow_api.py
[2024-06-12T18:34:09.399+0000] {logging_mixin.py:188} INFO - [2024-06-12T18:34:09.398+0000] {dag.py:3036} INFO - Sync 1 DAGs
[2024-06-12T18:34:09.422+0000] {logging_mixin.py:188} INFO - [2024-06-12T18:34:09.421+0000] {dag.py:3823} INFO - Setting next_dagrun for tutorial_taskflow_api to None, run_after=None
[2024-06-12T18:34:09.483+0000] {processor.py:183} INFO - Processing /home/airflow/.local/lib/python3.8/site-packages/airflow/example_dags/tutorial_taskflow_api.py took 0.149 seconds
[2024-06-12T18:34:40.246+0000] {processor.py:161} INFO - Started process (PID=926) to work on /home/airflow/.local/lib/python3.8/site-packages/airflow/example_dags/tutorial_taskflow_api.py
[2024-06-12T18:34:40.248+0000] {processor.py:830} INFO - Processing file /home/airflow/.local/lib/python3.8/site-packages/airflow/example_dags/tutorial_taskflow_api.py for tasks to queue
[2024-06-12T18:34:40.250+0000] {logging_mixin.py:188} INFO - [2024-06-12T18:34:40.249+0000] {dagbag.py:538} INFO - Filling up the DagBag from /home/airflow/.local/lib/python3.8/site-packages/airflow/example_dags/tutorial_taskflow_api.py
[2024-06-12T18:34:40.256+0000] {processor.py:840} INFO - DAG(s) 'tutorial_taskflow_api' retrieved from /home/airflow/.local/lib/python3.8/site-packages/airflow/example_dags/tutorial_taskflow_api.py
[2024-06-12T18:34:40.283+0000] {logging_mixin.py:188} INFO - [2024-06-12T18:34:40.282+0000] {dag.py:3036} INFO - Sync 1 DAGs
[2024-06-12T18:34:40.299+0000] {logging_mixin.py:188} INFO - [2024-06-12T18:34:40.299+0000] {dag.py:3823} INFO - Setting next_dagrun for tutorial_taskflow_api to None, run_after=None
[2024-06-12T18:34:40.327+0000] {processor.py:183} INFO - Processing /home/airflow/.local/lib/python3.8/site-packages/airflow/example_dags/tutorial_taskflow_api.py took 0.083 seconds
[2024-06-12T18:35:10.731+0000] {processor.py:161} INFO - Started process (PID=983) to work on /home/airflow/.local/lib/python3.8/site-packages/airflow/example_dags/tutorial_taskflow_api.py
[2024-06-12T18:35:10.732+0000] {processor.py:830} INFO - Processing file /home/airflow/.local/lib/python3.8/site-packages/airflow/example_dags/tutorial_taskflow_api.py for tasks to queue
[2024-06-12T18:35:10.734+0000] {logging_mixin.py:188} INFO - [2024-06-12T18:35:10.734+0000] {dagbag.py:538} INFO - Filling up the DagBag from /home/airflow/.local/lib/python3.8/site-packages/airflow/example_dags/tutorial_taskflow_api.py
[2024-06-12T18:35:10.744+0000] {processor.py:840} INFO - DAG(s) 'tutorial_taskflow_api' retrieved from /home/airflow/.local/lib/python3.8/site-packages/airflow/example_dags/tutorial_taskflow_api.py
[2024-06-12T18:35:10.777+0000] {logging_mixin.py:188} INFO - [2024-06-12T18:35:10.776+0000] {dag.py:3036} INFO - Sync 1 DAGs
[2024-06-12T18:35:10.801+0000] {logging_mixin.py:188} INFO - [2024-06-12T18:35:10.801+0000] {dag.py:3823} INFO - Setting next_dagrun for tutorial_taskflow_api to None, run_after=None
[2024-06-12T18:35:10.842+0000] {processor.py:183} INFO - Processing /home/airflow/.local/lib/python3.8/site-packages/airflow/example_dags/tutorial_taskflow_api.py took 0.115 seconds
[2024-06-12T18:35:41.261+0000] {processor.py:161} INFO - Started process (PID=1040) to work on /home/airflow/.local/lib/python3.8/site-packages/airflow/example_dags/tutorial_taskflow_api.py
[2024-06-12T18:35:41.262+0000] {processor.py:830} INFO - Processing file /home/airflow/.local/lib/python3.8/site-packages/airflow/example_dags/tutorial_taskflow_api.py for tasks to queue
[2024-06-12T18:35:41.266+0000] {logging_mixin.py:188} INFO - [2024-06-12T18:35:41.265+0000] {dagbag.py:538} INFO - Filling up the DagBag from /home/airflow/.local/lib/python3.8/site-packages/airflow/example_dags/tutorial_taskflow_api.py
[2024-06-12T18:35:41.273+0000] {processor.py:840} INFO - DAG(s) 'tutorial_taskflow_api' retrieved from /home/airflow/.local/lib/python3.8/site-packages/airflow/example_dags/tutorial_taskflow_api.py
[2024-06-12T18:35:41.305+0000] {logging_mixin.py:188} INFO - [2024-06-12T18:35:41.305+0000] {dag.py:3036} INFO - Sync 1 DAGs
[2024-06-12T18:35:41.329+0000] {logging_mixin.py:188} INFO - [2024-06-12T18:35:41.328+0000] {dag.py:3823} INFO - Setting next_dagrun for tutorial_taskflow_api to None, run_after=None
[2024-06-12T18:35:41.370+0000] {processor.py:183} INFO - Processing /home/airflow/.local/lib/python3.8/site-packages/airflow/example_dags/tutorial_taskflow_api.py took 0.113 seconds
