[2024-06-12T18:04:09.590+0000] {processor.py:161} INFO - Started process (PID=53) to work on /home/airflow/.local/lib/python3.8/site-packages/airflow/example_dags/tutorial.py
[2024-06-12T18:04:09.591+0000] {processor.py:830} INFO - Processing file /home/airflow/.local/lib/python3.8/site-packages/airflow/example_dags/tutorial.py for tasks to queue
[2024-06-12T18:04:09.598+0000] {logging_mixin.py:188} INFO - [2024-06-12T18:04:09.597+0000] {dagbag.py:538} INFO - Filling up the DagBag from /home/airflow/.local/lib/python3.8/site-packages/airflow/example_dags/tutorial.py
[2024-06-12T18:04:09.652+0000] {processor.py:840} INFO - DAG(s) 'tutorial' retrieved from /home/airflow/.local/lib/python3.8/site-packages/airflow/example_dags/tutorial.py
[2024-06-12T18:04:09.685+0000] {logging_mixin.py:188} INFO - [2024-06-12T18:04:09.684+0000] {dag.py:3036} INFO - Sync 1 DAGs
[2024-06-12T18:04:09.753+0000] {logging_mixin.py:188} INFO - [2024-06-12T18:04:09.750+0000] {dag.py:3823} INFO - Setting next_dagrun for tutorial to 2024-06-11 00:00:00+00:00, run_after=2024-06-12 00:00:00+00:00
[2024-06-12T18:04:09.828+0000] {processor.py:183} INFO - Processing /home/airflow/.local/lib/python3.8/site-packages/airflow/example_dags/tutorial.py took 0.247 seconds
[2024-06-12T18:05:42.666+0000] {processor.py:161} INFO - Started process (PID=115) to work on /home/airflow/.local/lib/python3.8/site-packages/airflow/example_dags/tutorial.py
[2024-06-12T18:05:42.674+0000] {processor.py:830} INFO - Processing file /home/airflow/.local/lib/python3.8/site-packages/airflow/example_dags/tutorial.py for tasks to queue
[2024-06-12T18:05:42.686+0000] {logging_mixin.py:188} INFO - [2024-06-12T18:05:42.685+0000] {dagbag.py:538} INFO - Filling up the DagBag from /home/airflow/.local/lib/python3.8/site-packages/airflow/example_dags/tutorial.py
[2024-06-12T18:05:42.709+0000] {processor.py:840} INFO - DAG(s) 'tutorial' retrieved from /home/airflow/.local/lib/python3.8/site-packages/airflow/example_dags/tutorial.py
[2024-06-12T18:05:42.811+0000] {logging_mixin.py:188} INFO - [2024-06-12T18:05:42.810+0000] {dag.py:3036} INFO - Sync 1 DAGs
[2024-06-12T18:05:42.883+0000] {logging_mixin.py:188} INFO - [2024-06-12T18:05:42.883+0000] {dag.py:3823} INFO - Setting next_dagrun for tutorial to 2024-06-11 00:00:00+00:00, run_after=2024-06-12 00:00:00+00:00
[2024-06-12T18:05:42.969+0000] {processor.py:183} INFO - Processing /home/airflow/.local/lib/python3.8/site-packages/airflow/example_dags/tutorial.py took 0.307 seconds
[2024-06-12T18:06:14.059+0000] {processor.py:161} INFO - Started process (PID=193) to work on /home/airflow/.local/lib/python3.8/site-packages/airflow/example_dags/tutorial.py
[2024-06-12T18:06:14.060+0000] {processor.py:830} INFO - Processing file /home/airflow/.local/lib/python3.8/site-packages/airflow/example_dags/tutorial.py for tasks to queue
[2024-06-12T18:06:14.062+0000] {logging_mixin.py:188} INFO - [2024-06-12T18:06:14.061+0000] {dagbag.py:538} INFO - Filling up the DagBag from /home/airflow/.local/lib/python3.8/site-packages/airflow/example_dags/tutorial.py
[2024-06-12T18:06:14.072+0000] {processor.py:840} INFO - DAG(s) 'tutorial' retrieved from /home/airflow/.local/lib/python3.8/site-packages/airflow/example_dags/tutorial.py
[2024-06-12T18:06:14.089+0000] {logging_mixin.py:188} INFO - [2024-06-12T18:06:14.088+0000] {dag.py:3036} INFO - Sync 1 DAGs
[2024-06-12T18:06:14.127+0000] {logging_mixin.py:188} INFO - [2024-06-12T18:06:14.127+0000] {dag.py:3823} INFO - Setting next_dagrun for tutorial to 2024-06-11 00:00:00+00:00, run_after=2024-06-12 00:00:00+00:00
[2024-06-12T18:06:14.161+0000] {processor.py:183} INFO - Processing /home/airflow/.local/lib/python3.8/site-packages/airflow/example_dags/tutorial.py took 0.106 seconds
[2024-06-12T18:06:44.732+0000] {processor.py:161} INFO - Started process (PID=250) to work on /home/airflow/.local/lib/python3.8/site-packages/airflow/example_dags/tutorial.py
[2024-06-12T18:06:44.733+0000] {processor.py:830} INFO - Processing file /home/airflow/.local/lib/python3.8/site-packages/airflow/example_dags/tutorial.py for tasks to queue
[2024-06-12T18:06:44.734+0000] {logging_mixin.py:188} INFO - [2024-06-12T18:06:44.734+0000] {dagbag.py:538} INFO - Filling up the DagBag from /home/airflow/.local/lib/python3.8/site-packages/airflow/example_dags/tutorial.py
[2024-06-12T18:06:44.744+0000] {processor.py:840} INFO - DAG(s) 'tutorial' retrieved from /home/airflow/.local/lib/python3.8/site-packages/airflow/example_dags/tutorial.py
[2024-06-12T18:06:44.866+0000] {logging_mixin.py:188} INFO - [2024-06-12T18:06:44.865+0000] {dag.py:3036} INFO - Sync 1 DAGs
[2024-06-12T18:06:44.894+0000] {logging_mixin.py:188} INFO - [2024-06-12T18:06:44.893+0000] {dag.py:3823} INFO - Setting next_dagrun for tutorial to 2024-06-11 00:00:00+00:00, run_after=2024-06-12 00:00:00+00:00
[2024-06-12T18:06:44.932+0000] {processor.py:183} INFO - Processing /home/airflow/.local/lib/python3.8/site-packages/airflow/example_dags/tutorial.py took 0.203 seconds
[2024-06-12T18:07:15.092+0000] {processor.py:161} INFO - Started process (PID=315) to work on /home/airflow/.local/lib/python3.8/site-packages/airflow/example_dags/tutorial.py
[2024-06-12T18:07:15.093+0000] {processor.py:830} INFO - Processing file /home/airflow/.local/lib/python3.8/site-packages/airflow/example_dags/tutorial.py for tasks to queue
[2024-06-12T18:07:15.094+0000] {logging_mixin.py:188} INFO - [2024-06-12T18:07:15.094+0000] {dagbag.py:538} INFO - Filling up the DagBag from /home/airflow/.local/lib/python3.8/site-packages/airflow/example_dags/tutorial.py
[2024-06-12T18:07:15.103+0000] {processor.py:840} INFO - DAG(s) 'tutorial' retrieved from /home/airflow/.local/lib/python3.8/site-packages/airflow/example_dags/tutorial.py
[2024-06-12T18:07:15.129+0000] {logging_mixin.py:188} INFO - [2024-06-12T18:07:15.128+0000] {dag.py:3036} INFO - Sync 1 DAGs
[2024-06-12T18:07:15.154+0000] {logging_mixin.py:188} INFO - [2024-06-12T18:07:15.153+0000] {dag.py:3823} INFO - Setting next_dagrun for tutorial to 2024-06-11 00:00:00+00:00, run_after=2024-06-12 00:00:00+00:00
[2024-06-12T18:07:15.179+0000] {processor.py:183} INFO - Processing /home/airflow/.local/lib/python3.8/site-packages/airflow/example_dags/tutorial.py took 0.091 seconds
[2024-06-12T18:07:58.015+0000] {processor.py:161} INFO - Started process (PID=407) to work on /home/airflow/.local/lib/python3.8/site-packages/airflow/example_dags/tutorial.py
[2024-06-12T18:07:58.017+0000] {processor.py:830} INFO - Processing file /home/airflow/.local/lib/python3.8/site-packages/airflow/example_dags/tutorial.py for tasks to queue
[2024-06-12T18:07:58.018+0000] {logging_mixin.py:188} INFO - [2024-06-12T18:07:58.018+0000] {dagbag.py:538} INFO - Filling up the DagBag from /home/airflow/.local/lib/python3.8/site-packages/airflow/example_dags/tutorial.py
[2024-06-12T18:07:58.030+0000] {processor.py:840} INFO - DAG(s) 'tutorial' retrieved from /home/airflow/.local/lib/python3.8/site-packages/airflow/example_dags/tutorial.py
[2024-06-12T18:07:58.076+0000] {logging_mixin.py:188} INFO - [2024-06-12T18:07:58.076+0000] {dag.py:3036} INFO - Sync 1 DAGs
[2024-06-12T18:07:58.133+0000] {logging_mixin.py:188} INFO - [2024-06-12T18:07:58.132+0000] {dag.py:3823} INFO - Setting next_dagrun for tutorial to 2024-06-11 00:00:00+00:00, run_after=2024-06-12 00:00:00+00:00
[2024-06-12T18:07:58.192+0000] {processor.py:183} INFO - Processing /home/airflow/.local/lib/python3.8/site-packages/airflow/example_dags/tutorial.py took 0.183 seconds
[2024-06-12T18:08:37.320+0000] {processor.py:161} INFO - Started process (PID=478) to work on /home/airflow/.local/lib/python3.8/site-packages/airflow/example_dags/tutorial.py
[2024-06-12T18:08:37.323+0000] {processor.py:830} INFO - Processing file /home/airflow/.local/lib/python3.8/site-packages/airflow/example_dags/tutorial.py for tasks to queue
[2024-06-12T18:08:37.325+0000] {logging_mixin.py:188} INFO - [2024-06-12T18:08:37.324+0000] {dagbag.py:538} INFO - Filling up the DagBag from /home/airflow/.local/lib/python3.8/site-packages/airflow/example_dags/tutorial.py
[2024-06-12T18:08:37.338+0000] {processor.py:840} INFO - DAG(s) 'tutorial' retrieved from /home/airflow/.local/lib/python3.8/site-packages/airflow/example_dags/tutorial.py
[2024-06-12T18:08:37.373+0000] {logging_mixin.py:188} INFO - [2024-06-12T18:08:37.372+0000] {dag.py:3036} INFO - Sync 1 DAGs
[2024-06-12T18:08:37.417+0000] {logging_mixin.py:188} INFO - [2024-06-12T18:08:37.416+0000] {dag.py:3823} INFO - Setting next_dagrun for tutorial to 2024-06-11 00:00:00+00:00, run_after=2024-06-12 00:00:00+00:00
[2024-06-12T18:08:37.451+0000] {processor.py:183} INFO - Processing /home/airflow/.local/lib/python3.8/site-packages/airflow/example_dags/tutorial.py took 0.137 seconds
[2024-06-12T18:09:07.700+0000] {processor.py:161} INFO - Started process (PID=538) to work on /home/airflow/.local/lib/python3.8/site-packages/airflow/example_dags/tutorial.py
[2024-06-12T18:09:07.701+0000] {processor.py:830} INFO - Processing file /home/airflow/.local/lib/python3.8/site-packages/airflow/example_dags/tutorial.py for tasks to queue
[2024-06-12T18:09:07.702+0000] {logging_mixin.py:188} INFO - [2024-06-12T18:09:07.702+0000] {dagbag.py:538} INFO - Filling up the DagBag from /home/airflow/.local/lib/python3.8/site-packages/airflow/example_dags/tutorial.py
[2024-06-12T18:09:07.709+0000] {processor.py:840} INFO - DAG(s) 'tutorial' retrieved from /home/airflow/.local/lib/python3.8/site-packages/airflow/example_dags/tutorial.py
[2024-06-12T18:09:07.720+0000] {logging_mixin.py:188} INFO - [2024-06-12T18:09:07.720+0000] {dag.py:3036} INFO - Sync 1 DAGs
[2024-06-12T18:09:07.749+0000] {logging_mixin.py:188} INFO - [2024-06-12T18:09:07.748+0000] {dag.py:3823} INFO - Setting next_dagrun for tutorial to 2024-06-11 00:00:00+00:00, run_after=2024-06-12 00:00:00+00:00
[2024-06-12T18:09:07.771+0000] {processor.py:183} INFO - Processing /home/airflow/.local/lib/python3.8/site-packages/airflow/example_dags/tutorial.py took 0.074 seconds
[2024-06-12T18:09:38.908+0000] {processor.py:161} INFO - Started process (PID=595) to work on /home/airflow/.local/lib/python3.8/site-packages/airflow/example_dags/tutorial.py
[2024-06-12T18:09:38.909+0000] {processor.py:830} INFO - Processing file /home/airflow/.local/lib/python3.8/site-packages/airflow/example_dags/tutorial.py for tasks to queue
[2024-06-12T18:09:38.911+0000] {logging_mixin.py:188} INFO - [2024-06-12T18:09:38.910+0000] {dagbag.py:538} INFO - Filling up the DagBag from /home/airflow/.local/lib/python3.8/site-packages/airflow/example_dags/tutorial.py
[2024-06-12T18:09:38.919+0000] {processor.py:840} INFO - DAG(s) 'tutorial' retrieved from /home/airflow/.local/lib/python3.8/site-packages/airflow/example_dags/tutorial.py
[2024-06-12T18:09:39.068+0000] {logging_mixin.py:188} INFO - [2024-06-12T18:09:39.068+0000] {dag.py:3036} INFO - Sync 1 DAGs
[2024-06-12T18:09:39.105+0000] {logging_mixin.py:188} INFO - [2024-06-12T18:09:39.104+0000] {dag.py:3823} INFO - Setting next_dagrun for tutorial to 2024-06-11 00:00:00+00:00, run_after=2024-06-12 00:00:00+00:00
[2024-06-12T18:09:39.142+0000] {processor.py:183} INFO - Processing /home/airflow/.local/lib/python3.8/site-packages/airflow/example_dags/tutorial.py took 0.237 seconds
[2024-06-12T18:10:09.916+0000] {processor.py:161} INFO - Started process (PID=654) to work on /home/airflow/.local/lib/python3.8/site-packages/airflow/example_dags/tutorial.py
[2024-06-12T18:10:09.917+0000] {processor.py:830} INFO - Processing file /home/airflow/.local/lib/python3.8/site-packages/airflow/example_dags/tutorial.py for tasks to queue
[2024-06-12T18:10:09.918+0000] {logging_mixin.py:188} INFO - [2024-06-12T18:10:09.918+0000] {dagbag.py:538} INFO - Filling up the DagBag from /home/airflow/.local/lib/python3.8/site-packages/airflow/example_dags/tutorial.py
[2024-06-12T18:10:09.927+0000] {processor.py:840} INFO - DAG(s) 'tutorial' retrieved from /home/airflow/.local/lib/python3.8/site-packages/airflow/example_dags/tutorial.py
[2024-06-12T18:10:09.951+0000] {logging_mixin.py:188} INFO - [2024-06-12T18:10:09.951+0000] {dag.py:3036} INFO - Sync 1 DAGs
[2024-06-12T18:10:09.978+0000] {logging_mixin.py:188} INFO - [2024-06-12T18:10:09.978+0000] {dag.py:3823} INFO - Setting next_dagrun for tutorial to 2024-06-11 00:00:00+00:00, run_after=2024-06-12 00:00:00+00:00
[2024-06-12T18:10:10.002+0000] {processor.py:183} INFO - Processing /home/airflow/.local/lib/python3.8/site-packages/airflow/example_dags/tutorial.py took 0.089 seconds
[2024-06-12T18:10:40.810+0000] {processor.py:161} INFO - Started process (PID=711) to work on /home/airflow/.local/lib/python3.8/site-packages/airflow/example_dags/tutorial.py
[2024-06-12T18:10:40.811+0000] {processor.py:830} INFO - Processing file /home/airflow/.local/lib/python3.8/site-packages/airflow/example_dags/tutorial.py for tasks to queue
[2024-06-12T18:10:40.812+0000] {logging_mixin.py:188} INFO - [2024-06-12T18:10:40.812+0000] {dagbag.py:538} INFO - Filling up the DagBag from /home/airflow/.local/lib/python3.8/site-packages/airflow/example_dags/tutorial.py
[2024-06-12T18:10:40.820+0000] {processor.py:840} INFO - DAG(s) 'tutorial' retrieved from /home/airflow/.local/lib/python3.8/site-packages/airflow/example_dags/tutorial.py
[2024-06-12T18:10:40.848+0000] {logging_mixin.py:188} INFO - [2024-06-12T18:10:40.847+0000] {dag.py:3036} INFO - Sync 1 DAGs
[2024-06-12T18:10:40.877+0000] {logging_mixin.py:188} INFO - [2024-06-12T18:10:40.877+0000] {dag.py:3823} INFO - Setting next_dagrun for tutorial to 2024-06-11 00:00:00+00:00, run_after=2024-06-12 00:00:00+00:00
[2024-06-12T18:10:40.900+0000] {processor.py:183} INFO - Processing /home/airflow/.local/lib/python3.8/site-packages/airflow/example_dags/tutorial.py took 0.094 seconds
[2024-06-12T18:11:11.545+0000] {processor.py:161} INFO - Started process (PID=768) to work on /home/airflow/.local/lib/python3.8/site-packages/airflow/example_dags/tutorial.py
[2024-06-12T18:11:11.546+0000] {processor.py:830} INFO - Processing file /home/airflow/.local/lib/python3.8/site-packages/airflow/example_dags/tutorial.py for tasks to queue
[2024-06-12T18:11:11.547+0000] {logging_mixin.py:188} INFO - [2024-06-12T18:11:11.547+0000] {dagbag.py:538} INFO - Filling up the DagBag from /home/airflow/.local/lib/python3.8/site-packages/airflow/example_dags/tutorial.py
[2024-06-12T18:11:11.554+0000] {processor.py:840} INFO - DAG(s) 'tutorial' retrieved from /home/airflow/.local/lib/python3.8/site-packages/airflow/example_dags/tutorial.py
[2024-06-12T18:11:11.575+0000] {logging_mixin.py:188} INFO - [2024-06-12T18:11:11.575+0000] {dag.py:3036} INFO - Sync 1 DAGs
[2024-06-12T18:11:11.598+0000] {logging_mixin.py:188} INFO - [2024-06-12T18:11:11.597+0000] {dag.py:3823} INFO - Setting next_dagrun for tutorial to 2024-06-11 00:00:00+00:00, run_after=2024-06-12 00:00:00+00:00
[2024-06-12T18:11:11.623+0000] {processor.py:183} INFO - Processing /home/airflow/.local/lib/python3.8/site-packages/airflow/example_dags/tutorial.py took 0.081 seconds
[2024-06-12T18:11:41.693+0000] {processor.py:161} INFO - Started process (PID=825) to work on /home/airflow/.local/lib/python3.8/site-packages/airflow/example_dags/tutorial.py
[2024-06-12T18:11:41.694+0000] {processor.py:830} INFO - Processing file /home/airflow/.local/lib/python3.8/site-packages/airflow/example_dags/tutorial.py for tasks to queue
[2024-06-12T18:11:41.695+0000] {logging_mixin.py:188} INFO - [2024-06-12T18:11:41.695+0000] {dagbag.py:538} INFO - Filling up the DagBag from /home/airflow/.local/lib/python3.8/site-packages/airflow/example_dags/tutorial.py
[2024-06-12T18:11:41.702+0000] {processor.py:840} INFO - DAG(s) 'tutorial' retrieved from /home/airflow/.local/lib/python3.8/site-packages/airflow/example_dags/tutorial.py
[2024-06-12T18:11:41.722+0000] {logging_mixin.py:188} INFO - [2024-06-12T18:11:41.722+0000] {dag.py:3036} INFO - Sync 1 DAGs
[2024-06-12T18:11:41.746+0000] {logging_mixin.py:188} INFO - [2024-06-12T18:11:41.746+0000] {dag.py:3823} INFO - Setting next_dagrun for tutorial to 2024-06-11 00:00:00+00:00, run_after=2024-06-12 00:00:00+00:00
[2024-06-12T18:11:41.768+0000] {processor.py:183} INFO - Processing /home/airflow/.local/lib/python3.8/site-packages/airflow/example_dags/tutorial.py took 0.078 seconds
[2024-06-12T18:12:12.755+0000] {processor.py:161} INFO - Started process (PID=882) to work on /home/airflow/.local/lib/python3.8/site-packages/airflow/example_dags/tutorial.py
[2024-06-12T18:12:12.756+0000] {processor.py:830} INFO - Processing file /home/airflow/.local/lib/python3.8/site-packages/airflow/example_dags/tutorial.py for tasks to queue
[2024-06-12T18:12:12.757+0000] {logging_mixin.py:188} INFO - [2024-06-12T18:12:12.757+0000] {dagbag.py:538} INFO - Filling up the DagBag from /home/airflow/.local/lib/python3.8/site-packages/airflow/example_dags/tutorial.py
[2024-06-12T18:12:12.764+0000] {processor.py:840} INFO - DAG(s) 'tutorial' retrieved from /home/airflow/.local/lib/python3.8/site-packages/airflow/example_dags/tutorial.py
[2024-06-12T18:12:12.786+0000] {logging_mixin.py:188} INFO - [2024-06-12T18:12:12.786+0000] {dag.py:3036} INFO - Sync 1 DAGs
[2024-06-12T18:12:12.812+0000] {logging_mixin.py:188} INFO - [2024-06-12T18:12:12.812+0000] {dag.py:3823} INFO - Setting next_dagrun for tutorial to 2024-06-11 00:00:00+00:00, run_after=2024-06-12 00:00:00+00:00
[2024-06-12T18:12:12.834+0000] {processor.py:183} INFO - Processing /home/airflow/.local/lib/python3.8/site-packages/airflow/example_dags/tutorial.py took 0.083 seconds
[2024-06-12T18:14:50.106+0000] {processor.py:161} INFO - Started process (PID=53) to work on /home/airflow/.local/lib/python3.8/site-packages/airflow/example_dags/tutorial.py
[2024-06-12T18:14:50.109+0000] {processor.py:830} INFO - Processing file /home/airflow/.local/lib/python3.8/site-packages/airflow/example_dags/tutorial.py for tasks to queue
[2024-06-12T18:14:50.116+0000] {logging_mixin.py:188} INFO - [2024-06-12T18:14:50.115+0000] {dagbag.py:538} INFO - Filling up the DagBag from /home/airflow/.local/lib/python3.8/site-packages/airflow/example_dags/tutorial.py
[2024-06-12T18:14:50.135+0000] {processor.py:840} INFO - DAG(s) 'tutorial' retrieved from /home/airflow/.local/lib/python3.8/site-packages/airflow/example_dags/tutorial.py
[2024-06-12T18:14:50.168+0000] {logging_mixin.py:188} INFO - [2024-06-12T18:14:50.168+0000] {dag.py:3036} INFO - Sync 1 DAGs
[2024-06-12T18:14:50.216+0000] {logging_mixin.py:188} INFO - [2024-06-12T18:14:50.216+0000] {dag.py:3823} INFO - Setting next_dagrun for tutorial to 2024-06-11 00:00:00+00:00, run_after=2024-06-12 00:00:00+00:00
[2024-06-12T18:14:50.253+0000] {processor.py:183} INFO - Processing /home/airflow/.local/lib/python3.8/site-packages/airflow/example_dags/tutorial.py took 0.151 seconds
[2024-06-12T18:15:20.575+0000] {processor.py:161} INFO - Started process (PID=110) to work on /home/airflow/.local/lib/python3.8/site-packages/airflow/example_dags/tutorial.py
[2024-06-12T18:15:20.576+0000] {processor.py:830} INFO - Processing file /home/airflow/.local/lib/python3.8/site-packages/airflow/example_dags/tutorial.py for tasks to queue
[2024-06-12T18:15:20.579+0000] {logging_mixin.py:188} INFO - [2024-06-12T18:15:20.578+0000] {dagbag.py:538} INFO - Filling up the DagBag from /home/airflow/.local/lib/python3.8/site-packages/airflow/example_dags/tutorial.py
[2024-06-12T18:15:20.586+0000] {processor.py:840} INFO - DAG(s) 'tutorial' retrieved from /home/airflow/.local/lib/python3.8/site-packages/airflow/example_dags/tutorial.py
[2024-06-12T18:15:20.597+0000] {logging_mixin.py:188} INFO - [2024-06-12T18:15:20.597+0000] {dag.py:3036} INFO - Sync 1 DAGs
[2024-06-12T18:15:20.628+0000] {logging_mixin.py:188} INFO - [2024-06-12T18:15:20.628+0000] {dag.py:3823} INFO - Setting next_dagrun for tutorial to 2024-06-11 00:00:00+00:00, run_after=2024-06-12 00:00:00+00:00
[2024-06-12T18:15:20.655+0000] {processor.py:183} INFO - Processing /home/airflow/.local/lib/python3.8/site-packages/airflow/example_dags/tutorial.py took 0.083 seconds
[2024-06-12T18:15:51.557+0000] {processor.py:161} INFO - Started process (PID=167) to work on /home/airflow/.local/lib/python3.8/site-packages/airflow/example_dags/tutorial.py
[2024-06-12T18:15:51.558+0000] {processor.py:830} INFO - Processing file /home/airflow/.local/lib/python3.8/site-packages/airflow/example_dags/tutorial.py for tasks to queue
[2024-06-12T18:15:51.560+0000] {logging_mixin.py:188} INFO - [2024-06-12T18:15:51.560+0000] {dagbag.py:538} INFO - Filling up the DagBag from /home/airflow/.local/lib/python3.8/site-packages/airflow/example_dags/tutorial.py
[2024-06-12T18:15:51.566+0000] {processor.py:840} INFO - DAG(s) 'tutorial' retrieved from /home/airflow/.local/lib/python3.8/site-packages/airflow/example_dags/tutorial.py
[2024-06-12T18:15:51.694+0000] {logging_mixin.py:188} INFO - [2024-06-12T18:15:51.693+0000] {dag.py:3036} INFO - Sync 1 DAGs
[2024-06-12T18:15:51.719+0000] {logging_mixin.py:188} INFO - [2024-06-12T18:15:51.719+0000] {dag.py:3823} INFO - Setting next_dagrun for tutorial to 2024-06-11 00:00:00+00:00, run_after=2024-06-12 00:00:00+00:00
[2024-06-12T18:15:51.746+0000] {processor.py:183} INFO - Processing /home/airflow/.local/lib/python3.8/site-packages/airflow/example_dags/tutorial.py took 0.193 seconds
[2024-06-12T18:16:22.540+0000] {processor.py:161} INFO - Started process (PID=224) to work on /home/airflow/.local/lib/python3.8/site-packages/airflow/example_dags/tutorial.py
[2024-06-12T18:16:22.541+0000] {processor.py:830} INFO - Processing file /home/airflow/.local/lib/python3.8/site-packages/airflow/example_dags/tutorial.py for tasks to queue
[2024-06-12T18:16:22.544+0000] {logging_mixin.py:188} INFO - [2024-06-12T18:16:22.543+0000] {dagbag.py:538} INFO - Filling up the DagBag from /home/airflow/.local/lib/python3.8/site-packages/airflow/example_dags/tutorial.py
[2024-06-12T18:16:22.551+0000] {processor.py:840} INFO - DAG(s) 'tutorial' retrieved from /home/airflow/.local/lib/python3.8/site-packages/airflow/example_dags/tutorial.py
[2024-06-12T18:16:22.566+0000] {logging_mixin.py:188} INFO - [2024-06-12T18:16:22.566+0000] {dag.py:3036} INFO - Sync 1 DAGs
[2024-06-12T18:16:22.616+0000] {logging_mixin.py:188} INFO - [2024-06-12T18:16:22.615+0000] {dag.py:3823} INFO - Setting next_dagrun for tutorial to 2024-06-11 00:00:00+00:00, run_after=2024-06-12 00:00:00+00:00
[2024-06-12T18:16:22.648+0000] {processor.py:183} INFO - Processing /home/airflow/.local/lib/python3.8/site-packages/airflow/example_dags/tutorial.py took 0.111 seconds
[2024-06-12T18:16:53.310+0000] {processor.py:161} INFO - Started process (PID=281) to work on /home/airflow/.local/lib/python3.8/site-packages/airflow/example_dags/tutorial.py
[2024-06-12T18:16:53.311+0000] {processor.py:830} INFO - Processing file /home/airflow/.local/lib/python3.8/site-packages/airflow/example_dags/tutorial.py for tasks to queue
[2024-06-12T18:16:53.315+0000] {logging_mixin.py:188} INFO - [2024-06-12T18:16:53.314+0000] {dagbag.py:538} INFO - Filling up the DagBag from /home/airflow/.local/lib/python3.8/site-packages/airflow/example_dags/tutorial.py
[2024-06-12T18:16:53.322+0000] {processor.py:840} INFO - DAG(s) 'tutorial' retrieved from /home/airflow/.local/lib/python3.8/site-packages/airflow/example_dags/tutorial.py
[2024-06-12T18:16:53.490+0000] {logging_mixin.py:188} INFO - [2024-06-12T18:16:53.490+0000] {dag.py:3036} INFO - Sync 1 DAGs
[2024-06-12T18:16:53.515+0000] {logging_mixin.py:188} INFO - [2024-06-12T18:16:53.515+0000] {dag.py:3823} INFO - Setting next_dagrun for tutorial to 2024-06-11 00:00:00+00:00, run_after=2024-06-12 00:00:00+00:00
[2024-06-12T18:16:53.538+0000] {processor.py:183} INFO - Processing /home/airflow/.local/lib/python3.8/site-packages/airflow/example_dags/tutorial.py took 0.231 seconds
[2024-06-12T18:17:24.205+0000] {processor.py:161} INFO - Started process (PID=344) to work on /home/airflow/.local/lib/python3.8/site-packages/airflow/example_dags/tutorial.py
[2024-06-12T18:17:24.206+0000] {processor.py:830} INFO - Processing file /home/airflow/.local/lib/python3.8/site-packages/airflow/example_dags/tutorial.py for tasks to queue
[2024-06-12T18:17:24.208+0000] {logging_mixin.py:188} INFO - [2024-06-12T18:17:24.207+0000] {dagbag.py:538} INFO - Filling up the DagBag from /home/airflow/.local/lib/python3.8/site-packages/airflow/example_dags/tutorial.py
[2024-06-12T18:17:24.214+0000] {processor.py:840} INFO - DAG(s) 'tutorial' retrieved from /home/airflow/.local/lib/python3.8/site-packages/airflow/example_dags/tutorial.py
[2024-06-12T18:17:24.235+0000] {logging_mixin.py:188} INFO - [2024-06-12T18:17:24.234+0000] {dag.py:3036} INFO - Sync 1 DAGs
[2024-06-12T18:17:24.260+0000] {logging_mixin.py:188} INFO - [2024-06-12T18:17:24.260+0000] {dag.py:3823} INFO - Setting next_dagrun for tutorial to 2024-06-11 00:00:00+00:00, run_after=2024-06-12 00:00:00+00:00
[2024-06-12T18:17:24.283+0000] {processor.py:183} INFO - Processing /home/airflow/.local/lib/python3.8/site-packages/airflow/example_dags/tutorial.py took 0.081 seconds
[2024-06-12T18:18:46.131+0000] {processor.py:161} INFO - Started process (PID=53) to work on /home/airflow/.local/lib/python3.8/site-packages/airflow/example_dags/tutorial.py
[2024-06-12T18:18:46.132+0000] {processor.py:830} INFO - Processing file /home/airflow/.local/lib/python3.8/site-packages/airflow/example_dags/tutorial.py for tasks to queue
[2024-06-12T18:18:46.134+0000] {logging_mixin.py:188} INFO - [2024-06-12T18:18:46.133+0000] {dagbag.py:538} INFO - Filling up the DagBag from /home/airflow/.local/lib/python3.8/site-packages/airflow/example_dags/tutorial.py
[2024-06-12T18:18:46.142+0000] {processor.py:840} INFO - DAG(s) 'tutorial' retrieved from /home/airflow/.local/lib/python3.8/site-packages/airflow/example_dags/tutorial.py
[2024-06-12T18:18:46.155+0000] {logging_mixin.py:188} INFO - [2024-06-12T18:18:46.155+0000] {dag.py:3036} INFO - Sync 1 DAGs
[2024-06-12T18:18:46.181+0000] {logging_mixin.py:188} INFO - [2024-06-12T18:18:46.180+0000] {dag.py:3823} INFO - Setting next_dagrun for tutorial to 2024-06-11 00:00:00+00:00, run_after=2024-06-12 00:00:00+00:00
[2024-06-12T18:18:46.209+0000] {processor.py:183} INFO - Processing /home/airflow/.local/lib/python3.8/site-packages/airflow/example_dags/tutorial.py took 0.082 seconds
[2024-06-12T18:19:17.234+0000] {processor.py:161} INFO - Started process (PID=110) to work on /home/airflow/.local/lib/python3.8/site-packages/airflow/example_dags/tutorial.py
[2024-06-12T18:19:17.235+0000] {processor.py:830} INFO - Processing file /home/airflow/.local/lib/python3.8/site-packages/airflow/example_dags/tutorial.py for tasks to queue
[2024-06-12T18:19:17.237+0000] {logging_mixin.py:188} INFO - [2024-06-12T18:19:17.237+0000] {dagbag.py:538} INFO - Filling up the DagBag from /home/airflow/.local/lib/python3.8/site-packages/airflow/example_dags/tutorial.py
[2024-06-12T18:19:17.245+0000] {processor.py:840} INFO - DAG(s) 'tutorial' retrieved from /home/airflow/.local/lib/python3.8/site-packages/airflow/example_dags/tutorial.py
[2024-06-12T18:19:17.259+0000] {logging_mixin.py:188} INFO - [2024-06-12T18:19:17.259+0000] {dag.py:3036} INFO - Sync 1 DAGs
[2024-06-12T18:19:17.291+0000] {logging_mixin.py:188} INFO - [2024-06-12T18:19:17.291+0000] {dag.py:3823} INFO - Setting next_dagrun for tutorial to 2024-06-11 00:00:00+00:00, run_after=2024-06-12 00:00:00+00:00
[2024-06-12T18:19:17.320+0000] {processor.py:183} INFO - Processing /home/airflow/.local/lib/python3.8/site-packages/airflow/example_dags/tutorial.py took 0.089 seconds
[2024-06-12T18:19:48.578+0000] {processor.py:161} INFO - Started process (PID=167) to work on /home/airflow/.local/lib/python3.8/site-packages/airflow/example_dags/tutorial.py
[2024-06-12T18:19:48.580+0000] {processor.py:830} INFO - Processing file /home/airflow/.local/lib/python3.8/site-packages/airflow/example_dags/tutorial.py for tasks to queue
[2024-06-12T18:19:48.582+0000] {logging_mixin.py:188} INFO - [2024-06-12T18:19:48.582+0000] {dagbag.py:538} INFO - Filling up the DagBag from /home/airflow/.local/lib/python3.8/site-packages/airflow/example_dags/tutorial.py
[2024-06-12T18:19:48.588+0000] {processor.py:840} INFO - DAG(s) 'tutorial' retrieved from /home/airflow/.local/lib/python3.8/site-packages/airflow/example_dags/tutorial.py
[2024-06-12T18:19:48.750+0000] {logging_mixin.py:188} INFO - [2024-06-12T18:19:48.750+0000] {dag.py:3036} INFO - Sync 1 DAGs
[2024-06-12T18:19:48.785+0000] {logging_mixin.py:188} INFO - [2024-06-12T18:19:48.784+0000] {dag.py:3823} INFO - Setting next_dagrun for tutorial to 2024-06-11 00:00:00+00:00, run_after=2024-06-12 00:00:00+00:00
[2024-06-12T18:19:48.820+0000] {processor.py:183} INFO - Processing /home/airflow/.local/lib/python3.8/site-packages/airflow/example_dags/tutorial.py took 0.244 seconds
[2024-06-12T18:20:18.974+0000] {processor.py:161} INFO - Started process (PID=224) to work on /home/airflow/.local/lib/python3.8/site-packages/airflow/example_dags/tutorial.py
[2024-06-12T18:20:18.975+0000] {processor.py:830} INFO - Processing file /home/airflow/.local/lib/python3.8/site-packages/airflow/example_dags/tutorial.py for tasks to queue
[2024-06-12T18:20:18.978+0000] {logging_mixin.py:188} INFO - [2024-06-12T18:20:18.977+0000] {dagbag.py:538} INFO - Filling up the DagBag from /home/airflow/.local/lib/python3.8/site-packages/airflow/example_dags/tutorial.py
[2024-06-12T18:20:18.983+0000] {processor.py:840} INFO - DAG(s) 'tutorial' retrieved from /home/airflow/.local/lib/python3.8/site-packages/airflow/example_dags/tutorial.py
[2024-06-12T18:20:19.008+0000] {logging_mixin.py:188} INFO - [2024-06-12T18:20:19.007+0000] {dag.py:3036} INFO - Sync 1 DAGs
[2024-06-12T18:20:19.038+0000] {logging_mixin.py:188} INFO - [2024-06-12T18:20:19.037+0000] {dag.py:3823} INFO - Setting next_dagrun for tutorial to 2024-06-11 00:00:00+00:00, run_after=2024-06-12 00:00:00+00:00
[2024-06-12T18:20:19.063+0000] {processor.py:183} INFO - Processing /home/airflow/.local/lib/python3.8/site-packages/airflow/example_dags/tutorial.py took 0.092 seconds
[2024-06-12T18:20:49.356+0000] {processor.py:161} INFO - Started process (PID=281) to work on /home/airflow/.local/lib/python3.8/site-packages/airflow/example_dags/tutorial.py
[2024-06-12T18:20:49.358+0000] {processor.py:830} INFO - Processing file /home/airflow/.local/lib/python3.8/site-packages/airflow/example_dags/tutorial.py for tasks to queue
[2024-06-12T18:20:49.360+0000] {logging_mixin.py:188} INFO - [2024-06-12T18:20:49.359+0000] {dagbag.py:538} INFO - Filling up the DagBag from /home/airflow/.local/lib/python3.8/site-packages/airflow/example_dags/tutorial.py
[2024-06-12T18:20:49.367+0000] {processor.py:840} INFO - DAG(s) 'tutorial' retrieved from /home/airflow/.local/lib/python3.8/site-packages/airflow/example_dags/tutorial.py
[2024-06-12T18:20:49.398+0000] {logging_mixin.py:188} INFO - [2024-06-12T18:20:49.397+0000] {dag.py:3036} INFO - Sync 1 DAGs
[2024-06-12T18:20:49.431+0000] {logging_mixin.py:188} INFO - [2024-06-12T18:20:49.431+0000] {dag.py:3823} INFO - Setting next_dagrun for tutorial to 2024-06-11 00:00:00+00:00, run_after=2024-06-12 00:00:00+00:00
[2024-06-12T18:20:49.467+0000] {processor.py:183} INFO - Processing /home/airflow/.local/lib/python3.8/site-packages/airflow/example_dags/tutorial.py took 0.116 seconds
[2024-06-12T18:21:19.536+0000] {processor.py:161} INFO - Started process (PID=336) to work on /home/airflow/.local/lib/python3.8/site-packages/airflow/example_dags/tutorial.py
[2024-06-12T18:21:19.538+0000] {processor.py:830} INFO - Processing file /home/airflow/.local/lib/python3.8/site-packages/airflow/example_dags/tutorial.py for tasks to queue
[2024-06-12T18:21:19.540+0000] {logging_mixin.py:188} INFO - [2024-06-12T18:21:19.539+0000] {dagbag.py:538} INFO - Filling up the DagBag from /home/airflow/.local/lib/python3.8/site-packages/airflow/example_dags/tutorial.py
[2024-06-12T18:21:19.546+0000] {processor.py:840} INFO - DAG(s) 'tutorial' retrieved from /home/airflow/.local/lib/python3.8/site-packages/airflow/example_dags/tutorial.py
[2024-06-12T18:21:19.570+0000] {logging_mixin.py:188} INFO - [2024-06-12T18:21:19.569+0000] {dag.py:3036} INFO - Sync 1 DAGs
[2024-06-12T18:21:19.599+0000] {logging_mixin.py:188} INFO - [2024-06-12T18:21:19.598+0000] {dag.py:3823} INFO - Setting next_dagrun for tutorial to 2024-06-11 00:00:00+00:00, run_after=2024-06-12 00:00:00+00:00
[2024-06-12T18:21:19.626+0000] {processor.py:183} INFO - Processing /home/airflow/.local/lib/python3.8/site-packages/airflow/example_dags/tutorial.py took 0.093 seconds
[2024-06-12T18:21:49.717+0000] {processor.py:161} INFO - Started process (PID=393) to work on /home/airflow/.local/lib/python3.8/site-packages/airflow/example_dags/tutorial.py
[2024-06-12T18:21:49.718+0000] {processor.py:830} INFO - Processing file /home/airflow/.local/lib/python3.8/site-packages/airflow/example_dags/tutorial.py for tasks to queue
[2024-06-12T18:21:49.720+0000] {logging_mixin.py:188} INFO - [2024-06-12T18:21:49.720+0000] {dagbag.py:538} INFO - Filling up the DagBag from /home/airflow/.local/lib/python3.8/site-packages/airflow/example_dags/tutorial.py
[2024-06-12T18:21:49.727+0000] {processor.py:840} INFO - DAG(s) 'tutorial' retrieved from /home/airflow/.local/lib/python3.8/site-packages/airflow/example_dags/tutorial.py
[2024-06-12T18:21:49.755+0000] {logging_mixin.py:188} INFO - [2024-06-12T18:21:49.755+0000] {dag.py:3036} INFO - Sync 1 DAGs
[2024-06-12T18:21:49.788+0000] {logging_mixin.py:188} INFO - [2024-06-12T18:21:49.788+0000] {dag.py:3823} INFO - Setting next_dagrun for tutorial to 2024-06-11 00:00:00+00:00, run_after=2024-06-12 00:00:00+00:00
[2024-06-12T18:21:49.827+0000] {processor.py:183} INFO - Processing /home/airflow/.local/lib/python3.8/site-packages/airflow/example_dags/tutorial.py took 0.114 seconds
[2024-06-12T18:22:20.743+0000] {processor.py:161} INFO - Started process (PID=450) to work on /home/airflow/.local/lib/python3.8/site-packages/airflow/example_dags/tutorial.py
[2024-06-12T18:22:20.744+0000] {processor.py:830} INFO - Processing file /home/airflow/.local/lib/python3.8/site-packages/airflow/example_dags/tutorial.py for tasks to queue
[2024-06-12T18:22:20.745+0000] {logging_mixin.py:188} INFO - [2024-06-12T18:22:20.745+0000] {dagbag.py:538} INFO - Filling up the DagBag from /home/airflow/.local/lib/python3.8/site-packages/airflow/example_dags/tutorial.py
[2024-06-12T18:22:20.750+0000] {processor.py:840} INFO - DAG(s) 'tutorial' retrieved from /home/airflow/.local/lib/python3.8/site-packages/airflow/example_dags/tutorial.py
[2024-06-12T18:22:20.769+0000] {logging_mixin.py:188} INFO - [2024-06-12T18:22:20.768+0000] {dag.py:3036} INFO - Sync 1 DAGs
[2024-06-12T18:22:20.791+0000] {logging_mixin.py:188} INFO - [2024-06-12T18:22:20.791+0000] {dag.py:3823} INFO - Setting next_dagrun for tutorial to 2024-06-11 00:00:00+00:00, run_after=2024-06-12 00:00:00+00:00
[2024-06-12T18:22:20.818+0000] {processor.py:183} INFO - Processing /home/airflow/.local/lib/python3.8/site-packages/airflow/example_dags/tutorial.py took 0.078 seconds
[2024-06-12T18:22:51.243+0000] {processor.py:161} INFO - Started process (PID=507) to work on /home/airflow/.local/lib/python3.8/site-packages/airflow/example_dags/tutorial.py
[2024-06-12T18:22:51.244+0000] {processor.py:830} INFO - Processing file /home/airflow/.local/lib/python3.8/site-packages/airflow/example_dags/tutorial.py for tasks to queue
[2024-06-12T18:22:51.246+0000] {logging_mixin.py:188} INFO - [2024-06-12T18:22:51.246+0000] {dagbag.py:538} INFO - Filling up the DagBag from /home/airflow/.local/lib/python3.8/site-packages/airflow/example_dags/tutorial.py
[2024-06-12T18:22:51.253+0000] {processor.py:840} INFO - DAG(s) 'tutorial' retrieved from /home/airflow/.local/lib/python3.8/site-packages/airflow/example_dags/tutorial.py
[2024-06-12T18:22:51.281+0000] {logging_mixin.py:188} INFO - [2024-06-12T18:22:51.281+0000] {dag.py:3036} INFO - Sync 1 DAGs
[2024-06-12T18:22:51.311+0000] {logging_mixin.py:188} INFO - [2024-06-12T18:22:51.311+0000] {dag.py:3823} INFO - Setting next_dagrun for tutorial to 2024-06-11 00:00:00+00:00, run_after=2024-06-12 00:00:00+00:00
[2024-06-12T18:22:51.347+0000] {processor.py:183} INFO - Processing /home/airflow/.local/lib/python3.8/site-packages/airflow/example_dags/tutorial.py took 0.107 seconds
[2024-06-12T18:23:21.600+0000] {processor.py:161} INFO - Started process (PID=564) to work on /home/airflow/.local/lib/python3.8/site-packages/airflow/example_dags/tutorial.py
[2024-06-12T18:23:21.602+0000] {processor.py:830} INFO - Processing file /home/airflow/.local/lib/python3.8/site-packages/airflow/example_dags/tutorial.py for tasks to queue
[2024-06-12T18:23:21.604+0000] {logging_mixin.py:188} INFO - [2024-06-12T18:23:21.603+0000] {dagbag.py:538} INFO - Filling up the DagBag from /home/airflow/.local/lib/python3.8/site-packages/airflow/example_dags/tutorial.py
[2024-06-12T18:23:21.611+0000] {processor.py:840} INFO - DAG(s) 'tutorial' retrieved from /home/airflow/.local/lib/python3.8/site-packages/airflow/example_dags/tutorial.py
[2024-06-12T18:23:21.641+0000] {logging_mixin.py:188} INFO - [2024-06-12T18:23:21.640+0000] {dag.py:3036} INFO - Sync 1 DAGs
[2024-06-12T18:23:21.670+0000] {logging_mixin.py:188} INFO - [2024-06-12T18:23:21.670+0000] {dag.py:3823} INFO - Setting next_dagrun for tutorial to 2024-06-11 00:00:00+00:00, run_after=2024-06-12 00:00:00+00:00
[2024-06-12T18:23:21.705+0000] {processor.py:183} INFO - Processing /home/airflow/.local/lib/python3.8/site-packages/airflow/example_dags/tutorial.py took 0.109 seconds
[2024-06-12T18:23:52.218+0000] {processor.py:161} INFO - Started process (PID=621) to work on /home/airflow/.local/lib/python3.8/site-packages/airflow/example_dags/tutorial.py
[2024-06-12T18:23:52.220+0000] {processor.py:830} INFO - Processing file /home/airflow/.local/lib/python3.8/site-packages/airflow/example_dags/tutorial.py for tasks to queue
[2024-06-12T18:23:52.222+0000] {logging_mixin.py:188} INFO - [2024-06-12T18:23:52.222+0000] {dagbag.py:538} INFO - Filling up the DagBag from /home/airflow/.local/lib/python3.8/site-packages/airflow/example_dags/tutorial.py
[2024-06-12T18:23:52.230+0000] {processor.py:840} INFO - DAG(s) 'tutorial' retrieved from /home/airflow/.local/lib/python3.8/site-packages/airflow/example_dags/tutorial.py
[2024-06-12T18:23:52.258+0000] {logging_mixin.py:188} INFO - [2024-06-12T18:23:52.258+0000] {dag.py:3036} INFO - Sync 1 DAGs
[2024-06-12T18:23:52.287+0000] {logging_mixin.py:188} INFO - [2024-06-12T18:23:52.287+0000] {dag.py:3823} INFO - Setting next_dagrun for tutorial to 2024-06-11 00:00:00+00:00, run_after=2024-06-12 00:00:00+00:00
[2024-06-12T18:23:52.315+0000] {processor.py:183} INFO - Processing /home/airflow/.local/lib/python3.8/site-packages/airflow/example_dags/tutorial.py took 0.100 seconds
[2024-06-12T18:24:22.649+0000] {processor.py:161} INFO - Started process (PID=678) to work on /home/airflow/.local/lib/python3.8/site-packages/airflow/example_dags/tutorial.py
[2024-06-12T18:24:22.650+0000] {processor.py:830} INFO - Processing file /home/airflow/.local/lib/python3.8/site-packages/airflow/example_dags/tutorial.py for tasks to queue
[2024-06-12T18:24:22.651+0000] {logging_mixin.py:188} INFO - [2024-06-12T18:24:22.651+0000] {dagbag.py:538} INFO - Filling up the DagBag from /home/airflow/.local/lib/python3.8/site-packages/airflow/example_dags/tutorial.py
[2024-06-12T18:24:22.656+0000] {processor.py:840} INFO - DAG(s) 'tutorial' retrieved from /home/airflow/.local/lib/python3.8/site-packages/airflow/example_dags/tutorial.py
[2024-06-12T18:24:22.666+0000] {logging_mixin.py:188} INFO - [2024-06-12T18:24:22.666+0000] {dag.py:3036} INFO - Sync 1 DAGs
[2024-06-12T18:24:22.693+0000] {logging_mixin.py:188} INFO - [2024-06-12T18:24:22.693+0000] {dag.py:3823} INFO - Setting next_dagrun for tutorial to 2024-06-11 00:00:00+00:00, run_after=2024-06-12 00:00:00+00:00
[2024-06-12T18:24:22.719+0000] {processor.py:183} INFO - Processing /home/airflow/.local/lib/python3.8/site-packages/airflow/example_dags/tutorial.py took 0.072 seconds
[2024-06-12T18:24:53.574+0000] {processor.py:161} INFO - Started process (PID=735) to work on /home/airflow/.local/lib/python3.8/site-packages/airflow/example_dags/tutorial.py
[2024-06-12T18:24:53.575+0000] {processor.py:830} INFO - Processing file /home/airflow/.local/lib/python3.8/site-packages/airflow/example_dags/tutorial.py for tasks to queue
[2024-06-12T18:24:53.577+0000] {logging_mixin.py:188} INFO - [2024-06-12T18:24:53.577+0000] {dagbag.py:538} INFO - Filling up the DagBag from /home/airflow/.local/lib/python3.8/site-packages/airflow/example_dags/tutorial.py
[2024-06-12T18:24:53.584+0000] {processor.py:840} INFO - DAG(s) 'tutorial' retrieved from /home/airflow/.local/lib/python3.8/site-packages/airflow/example_dags/tutorial.py
[2024-06-12T18:24:53.716+0000] {logging_mixin.py:188} INFO - [2024-06-12T18:24:53.716+0000] {dag.py:3036} INFO - Sync 1 DAGs
[2024-06-12T18:24:53.742+0000] {logging_mixin.py:188} INFO - [2024-06-12T18:24:53.742+0000] {dag.py:3823} INFO - Setting next_dagrun for tutorial to 2024-06-11 00:00:00+00:00, run_after=2024-06-12 00:00:00+00:00
[2024-06-12T18:24:53.767+0000] {processor.py:183} INFO - Processing /home/airflow/.local/lib/python3.8/site-packages/airflow/example_dags/tutorial.py took 0.197 seconds
[2024-06-12T18:25:24.474+0000] {processor.py:161} INFO - Started process (PID=792) to work on /home/airflow/.local/lib/python3.8/site-packages/airflow/example_dags/tutorial.py
[2024-06-12T18:25:24.475+0000] {processor.py:830} INFO - Processing file /home/airflow/.local/lib/python3.8/site-packages/airflow/example_dags/tutorial.py for tasks to queue
[2024-06-12T18:25:24.478+0000] {logging_mixin.py:188} INFO - [2024-06-12T18:25:24.477+0000] {dagbag.py:538} INFO - Filling up the DagBag from /home/airflow/.local/lib/python3.8/site-packages/airflow/example_dags/tutorial.py
[2024-06-12T18:25:24.487+0000] {processor.py:840} INFO - DAG(s) 'tutorial' retrieved from /home/airflow/.local/lib/python3.8/site-packages/airflow/example_dags/tutorial.py
[2024-06-12T18:25:24.516+0000] {logging_mixin.py:188} INFO - [2024-06-12T18:25:24.515+0000] {dag.py:3036} INFO - Sync 1 DAGs
[2024-06-12T18:25:24.543+0000] {logging_mixin.py:188} INFO - [2024-06-12T18:25:24.543+0000] {dag.py:3823} INFO - Setting next_dagrun for tutorial to 2024-06-11 00:00:00+00:00, run_after=2024-06-12 00:00:00+00:00
[2024-06-12T18:25:24.577+0000] {processor.py:183} INFO - Processing /home/airflow/.local/lib/python3.8/site-packages/airflow/example_dags/tutorial.py took 0.109 seconds
[2024-06-12T18:26:58.115+0000] {processor.py:161} INFO - Started process (PID=53) to work on /home/airflow/.local/lib/python3.8/site-packages/airflow/example_dags/tutorial.py
[2024-06-12T18:26:58.120+0000] {processor.py:830} INFO - Processing file /home/airflow/.local/lib/python3.8/site-packages/airflow/example_dags/tutorial.py for tasks to queue
[2024-06-12T18:26:58.126+0000] {logging_mixin.py:188} INFO - [2024-06-12T18:26:58.125+0000] {dagbag.py:538} INFO - Filling up the DagBag from /home/airflow/.local/lib/python3.8/site-packages/airflow/example_dags/tutorial.py
[2024-06-12T18:26:58.145+0000] {processor.py:840} INFO - DAG(s) 'tutorial' retrieved from /home/airflow/.local/lib/python3.8/site-packages/airflow/example_dags/tutorial.py
[2024-06-12T18:26:58.193+0000] {logging_mixin.py:188} INFO - [2024-06-12T18:26:58.192+0000] {dag.py:3036} INFO - Sync 1 DAGs
[2024-06-12T18:26:58.257+0000] {logging_mixin.py:188} INFO - [2024-06-12T18:26:58.256+0000] {dag.py:3823} INFO - Setting next_dagrun for tutorial to 2024-06-11 00:00:00+00:00, run_after=2024-06-12 00:00:00+00:00
[2024-06-12T18:26:58.291+0000] {processor.py:183} INFO - Processing /home/airflow/.local/lib/python3.8/site-packages/airflow/example_dags/tutorial.py took 0.186 seconds
[2024-06-12T18:27:29.018+0000] {processor.py:161} INFO - Started process (PID=110) to work on /home/airflow/.local/lib/python3.8/site-packages/airflow/example_dags/tutorial.py
[2024-06-12T18:27:29.019+0000] {processor.py:830} INFO - Processing file /home/airflow/.local/lib/python3.8/site-packages/airflow/example_dags/tutorial.py for tasks to queue
[2024-06-12T18:27:29.021+0000] {logging_mixin.py:188} INFO - [2024-06-12T18:27:29.020+0000] {dagbag.py:538} INFO - Filling up the DagBag from /home/airflow/.local/lib/python3.8/site-packages/airflow/example_dags/tutorial.py
[2024-06-12T18:27:29.028+0000] {processor.py:840} INFO - DAG(s) 'tutorial' retrieved from /home/airflow/.local/lib/python3.8/site-packages/airflow/example_dags/tutorial.py
[2024-06-12T18:27:29.042+0000] {logging_mixin.py:188} INFO - [2024-06-12T18:27:29.041+0000] {dag.py:3036} INFO - Sync 1 DAGs
[2024-06-12T18:27:29.071+0000] {logging_mixin.py:188} INFO - [2024-06-12T18:27:29.070+0000] {dag.py:3823} INFO - Setting next_dagrun for tutorial to 2024-06-11 00:00:00+00:00, run_after=2024-06-12 00:00:00+00:00
[2024-06-12T18:27:29.102+0000] {processor.py:183} INFO - Processing /home/airflow/.local/lib/python3.8/site-packages/airflow/example_dags/tutorial.py took 0.087 seconds
[2024-06-12T18:28:00.376+0000] {processor.py:161} INFO - Started process (PID=167) to work on /home/airflow/.local/lib/python3.8/site-packages/airflow/example_dags/tutorial.py
[2024-06-12T18:28:00.377+0000] {processor.py:830} INFO - Processing file /home/airflow/.local/lib/python3.8/site-packages/airflow/example_dags/tutorial.py for tasks to queue
[2024-06-12T18:28:00.380+0000] {logging_mixin.py:188} INFO - [2024-06-12T18:28:00.379+0000] {dagbag.py:538} INFO - Filling up the DagBag from /home/airflow/.local/lib/python3.8/site-packages/airflow/example_dags/tutorial.py
[2024-06-12T18:28:00.395+0000] {processor.py:840} INFO - DAG(s) 'tutorial' retrieved from /home/airflow/.local/lib/python3.8/site-packages/airflow/example_dags/tutorial.py
[2024-06-12T18:28:00.588+0000] {logging_mixin.py:188} INFO - [2024-06-12T18:28:00.588+0000] {dag.py:3036} INFO - Sync 1 DAGs
[2024-06-12T18:28:00.620+0000] {logging_mixin.py:188} INFO - [2024-06-12T18:28:00.620+0000] {dag.py:3823} INFO - Setting next_dagrun for tutorial to 2024-06-11 00:00:00+00:00, run_after=2024-06-12 00:00:00+00:00
[2024-06-12T18:28:00.656+0000] {processor.py:183} INFO - Processing /home/airflow/.local/lib/python3.8/site-packages/airflow/example_dags/tutorial.py took 0.292 seconds
[2024-06-12T18:28:31.591+0000] {processor.py:161} INFO - Started process (PID=224) to work on /home/airflow/.local/lib/python3.8/site-packages/airflow/example_dags/tutorial.py
[2024-06-12T18:28:31.592+0000] {processor.py:830} INFO - Processing file /home/airflow/.local/lib/python3.8/site-packages/airflow/example_dags/tutorial.py for tasks to queue
[2024-06-12T18:28:31.595+0000] {logging_mixin.py:188} INFO - [2024-06-12T18:28:31.595+0000] {dagbag.py:538} INFO - Filling up the DagBag from /home/airflow/.local/lib/python3.8/site-packages/airflow/example_dags/tutorial.py
[2024-06-12T18:28:31.604+0000] {processor.py:840} INFO - DAG(s) 'tutorial' retrieved from /home/airflow/.local/lib/python3.8/site-packages/airflow/example_dags/tutorial.py
[2024-06-12T18:28:31.632+0000] {logging_mixin.py:188} INFO - [2024-06-12T18:28:31.631+0000] {dag.py:3036} INFO - Sync 1 DAGs
[2024-06-12T18:28:31.666+0000] {logging_mixin.py:188} INFO - [2024-06-12T18:28:31.666+0000] {dag.py:3823} INFO - Setting next_dagrun for tutorial to 2024-06-11 00:00:00+00:00, run_after=2024-06-12 00:00:00+00:00
[2024-06-12T18:28:31.698+0000] {processor.py:183} INFO - Processing /home/airflow/.local/lib/python3.8/site-packages/airflow/example_dags/tutorial.py took 0.113 seconds
[2024-06-12T18:29:02.026+0000] {processor.py:161} INFO - Started process (PID=281) to work on /home/airflow/.local/lib/python3.8/site-packages/airflow/example_dags/tutorial.py
[2024-06-12T18:29:02.028+0000] {processor.py:830} INFO - Processing file /home/airflow/.local/lib/python3.8/site-packages/airflow/example_dags/tutorial.py for tasks to queue
[2024-06-12T18:29:02.030+0000] {logging_mixin.py:188} INFO - [2024-06-12T18:29:02.030+0000] {dagbag.py:538} INFO - Filling up the DagBag from /home/airflow/.local/lib/python3.8/site-packages/airflow/example_dags/tutorial.py
[2024-06-12T18:29:02.042+0000] {processor.py:840} INFO - DAG(s) 'tutorial' retrieved from /home/airflow/.local/lib/python3.8/site-packages/airflow/example_dags/tutorial.py
[2024-06-12T18:29:02.083+0000] {logging_mixin.py:188} INFO - [2024-06-12T18:29:02.082+0000] {dag.py:3036} INFO - Sync 1 DAGs
[2024-06-12T18:29:02.122+0000] {logging_mixin.py:188} INFO - [2024-06-12T18:29:02.121+0000] {dag.py:3823} INFO - Setting next_dagrun for tutorial to 2024-06-11 00:00:00+00:00, run_after=2024-06-12 00:00:00+00:00
[2024-06-12T18:29:02.152+0000] {processor.py:183} INFO - Processing /home/airflow/.local/lib/python3.8/site-packages/airflow/example_dags/tutorial.py took 0.130 seconds
[2024-06-12T18:29:32.214+0000] {processor.py:161} INFO - Started process (PID=337) to work on /home/airflow/.local/lib/python3.8/site-packages/airflow/example_dags/tutorial.py
[2024-06-12T18:29:32.216+0000] {processor.py:830} INFO - Processing file /home/airflow/.local/lib/python3.8/site-packages/airflow/example_dags/tutorial.py for tasks to queue
[2024-06-12T18:29:32.218+0000] {logging_mixin.py:188} INFO - [2024-06-12T18:29:32.218+0000] {dagbag.py:538} INFO - Filling up the DagBag from /home/airflow/.local/lib/python3.8/site-packages/airflow/example_dags/tutorial.py
[2024-06-12T18:29:32.226+0000] {processor.py:840} INFO - DAG(s) 'tutorial' retrieved from /home/airflow/.local/lib/python3.8/site-packages/airflow/example_dags/tutorial.py
[2024-06-12T18:29:32.252+0000] {logging_mixin.py:188} INFO - [2024-06-12T18:29:32.252+0000] {dag.py:3036} INFO - Sync 1 DAGs
[2024-06-12T18:29:32.285+0000] {logging_mixin.py:188} INFO - [2024-06-12T18:29:32.285+0000] {dag.py:3823} INFO - Setting next_dagrun for tutorial to 2024-06-11 00:00:00+00:00, run_after=2024-06-12 00:00:00+00:00
[2024-06-12T18:29:32.320+0000] {processor.py:183} INFO - Processing /home/airflow/.local/lib/python3.8/site-packages/airflow/example_dags/tutorial.py took 0.109 seconds
[2024-06-12T18:30:02.535+0000] {processor.py:161} INFO - Started process (PID=393) to work on /home/airflow/.local/lib/python3.8/site-packages/airflow/example_dags/tutorial.py
[2024-06-12T18:30:02.536+0000] {processor.py:830} INFO - Processing file /home/airflow/.local/lib/python3.8/site-packages/airflow/example_dags/tutorial.py for tasks to queue
[2024-06-12T18:30:02.539+0000] {logging_mixin.py:188} INFO - [2024-06-12T18:30:02.538+0000] {dagbag.py:538} INFO - Filling up the DagBag from /home/airflow/.local/lib/python3.8/site-packages/airflow/example_dags/tutorial.py
[2024-06-12T18:30:02.549+0000] {processor.py:840} INFO - DAG(s) 'tutorial' retrieved from /home/airflow/.local/lib/python3.8/site-packages/airflow/example_dags/tutorial.py
[2024-06-12T18:30:02.587+0000] {logging_mixin.py:188} INFO - [2024-06-12T18:30:02.587+0000] {dag.py:3036} INFO - Sync 1 DAGs
[2024-06-12T18:30:02.641+0000] {logging_mixin.py:188} INFO - [2024-06-12T18:30:02.640+0000] {dag.py:3823} INFO - Setting next_dagrun for tutorial to 2024-06-11 00:00:00+00:00, run_after=2024-06-12 00:00:00+00:00
[2024-06-12T18:30:02.681+0000] {processor.py:183} INFO - Processing /home/airflow/.local/lib/python3.8/site-packages/airflow/example_dags/tutorial.py took 0.152 seconds
[2024-06-12T18:30:32.759+0000] {processor.py:161} INFO - Started process (PID=450) to work on /home/airflow/.local/lib/python3.8/site-packages/airflow/example_dags/tutorial.py
[2024-06-12T18:30:32.760+0000] {processor.py:830} INFO - Processing file /home/airflow/.local/lib/python3.8/site-packages/airflow/example_dags/tutorial.py for tasks to queue
[2024-06-12T18:30:32.762+0000] {logging_mixin.py:188} INFO - [2024-06-12T18:30:32.761+0000] {dagbag.py:538} INFO - Filling up the DagBag from /home/airflow/.local/lib/python3.8/site-packages/airflow/example_dags/tutorial.py
[2024-06-12T18:30:32.767+0000] {processor.py:840} INFO - DAG(s) 'tutorial' retrieved from /home/airflow/.local/lib/python3.8/site-packages/airflow/example_dags/tutorial.py
[2024-06-12T18:30:32.788+0000] {logging_mixin.py:188} INFO - [2024-06-12T18:30:32.787+0000] {dag.py:3036} INFO - Sync 1 DAGs
[2024-06-12T18:30:32.812+0000] {logging_mixin.py:188} INFO - [2024-06-12T18:30:32.812+0000] {dag.py:3823} INFO - Setting next_dagrun for tutorial to 2024-06-11 00:00:00+00:00, run_after=2024-06-12 00:00:00+00:00
[2024-06-12T18:30:32.834+0000] {processor.py:183} INFO - Processing /home/airflow/.local/lib/python3.8/site-packages/airflow/example_dags/tutorial.py took 0.079 seconds
[2024-06-12T18:31:03.019+0000] {processor.py:161} INFO - Started process (PID=507) to work on /home/airflow/.local/lib/python3.8/site-packages/airflow/example_dags/tutorial.py
[2024-06-12T18:31:03.021+0000] {processor.py:830} INFO - Processing file /home/airflow/.local/lib/python3.8/site-packages/airflow/example_dags/tutorial.py for tasks to queue
[2024-06-12T18:31:03.023+0000] {logging_mixin.py:188} INFO - [2024-06-12T18:31:03.023+0000] {dagbag.py:538} INFO - Filling up the DagBag from /home/airflow/.local/lib/python3.8/site-packages/airflow/example_dags/tutorial.py
[2024-06-12T18:31:03.033+0000] {processor.py:840} INFO - DAG(s) 'tutorial' retrieved from /home/airflow/.local/lib/python3.8/site-packages/airflow/example_dags/tutorial.py
[2024-06-12T18:31:03.064+0000] {logging_mixin.py:188} INFO - [2024-06-12T18:31:03.064+0000] {dag.py:3036} INFO - Sync 1 DAGs
[2024-06-12T18:31:03.105+0000] {logging_mixin.py:188} INFO - [2024-06-12T18:31:03.105+0000] {dag.py:3823} INFO - Setting next_dagrun for tutorial to 2024-06-11 00:00:00+00:00, run_after=2024-06-12 00:00:00+00:00
[2024-06-12T18:31:03.137+0000] {processor.py:183} INFO - Processing /home/airflow/.local/lib/python3.8/site-packages/airflow/example_dags/tutorial.py took 0.123 seconds
[2024-06-12T18:31:33.307+0000] {processor.py:161} INFO - Started process (PID=564) to work on /home/airflow/.local/lib/python3.8/site-packages/airflow/example_dags/tutorial.py
[2024-06-12T18:31:33.309+0000] {processor.py:830} INFO - Processing file /home/airflow/.local/lib/python3.8/site-packages/airflow/example_dags/tutorial.py for tasks to queue
[2024-06-12T18:31:33.312+0000] {logging_mixin.py:188} INFO - [2024-06-12T18:31:33.312+0000] {dagbag.py:538} INFO - Filling up the DagBag from /home/airflow/.local/lib/python3.8/site-packages/airflow/example_dags/tutorial.py
[2024-06-12T18:31:33.322+0000] {processor.py:840} INFO - DAG(s) 'tutorial' retrieved from /home/airflow/.local/lib/python3.8/site-packages/airflow/example_dags/tutorial.py
[2024-06-12T18:31:33.353+0000] {logging_mixin.py:188} INFO - [2024-06-12T18:31:33.353+0000] {dag.py:3036} INFO - Sync 1 DAGs
[2024-06-12T18:31:33.392+0000] {logging_mixin.py:188} INFO - [2024-06-12T18:31:33.392+0000] {dag.py:3823} INFO - Setting next_dagrun for tutorial to 2024-06-11 00:00:00+00:00, run_after=2024-06-12 00:00:00+00:00
[2024-06-12T18:31:33.423+0000] {processor.py:183} INFO - Processing /home/airflow/.local/lib/python3.8/site-packages/airflow/example_dags/tutorial.py took 0.121 seconds
[2024-06-12T18:32:03.598+0000] {processor.py:161} INFO - Started process (PID=621) to work on /home/airflow/.local/lib/python3.8/site-packages/airflow/example_dags/tutorial.py
[2024-06-12T18:32:03.599+0000] {processor.py:830} INFO - Processing file /home/airflow/.local/lib/python3.8/site-packages/airflow/example_dags/tutorial.py for tasks to queue
[2024-06-12T18:32:03.601+0000] {logging_mixin.py:188} INFO - [2024-06-12T18:32:03.601+0000] {dagbag.py:538} INFO - Filling up the DagBag from /home/airflow/.local/lib/python3.8/site-packages/airflow/example_dags/tutorial.py
[2024-06-12T18:32:03.609+0000] {processor.py:840} INFO - DAG(s) 'tutorial' retrieved from /home/airflow/.local/lib/python3.8/site-packages/airflow/example_dags/tutorial.py
[2024-06-12T18:32:03.637+0000] {logging_mixin.py:188} INFO - [2024-06-12T18:32:03.637+0000] {dag.py:3036} INFO - Sync 1 DAGs
[2024-06-12T18:32:03.672+0000] {logging_mixin.py:188} INFO - [2024-06-12T18:32:03.672+0000] {dag.py:3823} INFO - Setting next_dagrun for tutorial to 2024-06-11 00:00:00+00:00, run_after=2024-06-12 00:00:00+00:00
[2024-06-12T18:32:03.707+0000] {processor.py:183} INFO - Processing /home/airflow/.local/lib/python3.8/site-packages/airflow/example_dags/tutorial.py took 0.113 seconds
[2024-06-12T18:32:33.815+0000] {processor.py:161} INFO - Started process (PID=678) to work on /home/airflow/.local/lib/python3.8/site-packages/airflow/example_dags/tutorial.py
[2024-06-12T18:32:33.816+0000] {processor.py:830} INFO - Processing file /home/airflow/.local/lib/python3.8/site-packages/airflow/example_dags/tutorial.py for tasks to queue
[2024-06-12T18:32:33.819+0000] {logging_mixin.py:188} INFO - [2024-06-12T18:32:33.818+0000] {dagbag.py:538} INFO - Filling up the DagBag from /home/airflow/.local/lib/python3.8/site-packages/airflow/example_dags/tutorial.py
[2024-06-12T18:32:33.826+0000] {processor.py:840} INFO - DAG(s) 'tutorial' retrieved from /home/airflow/.local/lib/python3.8/site-packages/airflow/example_dags/tutorial.py
[2024-06-12T18:32:33.853+0000] {logging_mixin.py:188} INFO - [2024-06-12T18:32:33.852+0000] {dag.py:3036} INFO - Sync 1 DAGs
[2024-06-12T18:32:33.889+0000] {logging_mixin.py:188} INFO - [2024-06-12T18:32:33.889+0000] {dag.py:3823} INFO - Setting next_dagrun for tutorial to 2024-06-11 00:00:00+00:00, run_after=2024-06-12 00:00:00+00:00
[2024-06-12T18:32:33.922+0000] {processor.py:183} INFO - Processing /home/airflow/.local/lib/python3.8/site-packages/airflow/example_dags/tutorial.py took 0.111 seconds
[2024-06-12T18:33:04.268+0000] {processor.py:161} INFO - Started process (PID=736) to work on /home/airflow/.local/lib/python3.8/site-packages/airflow/example_dags/tutorial.py
[2024-06-12T18:33:04.269+0000] {processor.py:830} INFO - Processing file /home/airflow/.local/lib/python3.8/site-packages/airflow/example_dags/tutorial.py for tasks to queue
[2024-06-12T18:33:04.272+0000] {logging_mixin.py:188} INFO - [2024-06-12T18:33:04.271+0000] {dagbag.py:538} INFO - Filling up the DagBag from /home/airflow/.local/lib/python3.8/site-packages/airflow/example_dags/tutorial.py
[2024-06-12T18:33:04.281+0000] {processor.py:840} INFO - DAG(s) 'tutorial' retrieved from /home/airflow/.local/lib/python3.8/site-packages/airflow/example_dags/tutorial.py
[2024-06-12T18:33:04.317+0000] {logging_mixin.py:188} INFO - [2024-06-12T18:33:04.317+0000] {dag.py:3036} INFO - Sync 1 DAGs
[2024-06-12T18:33:04.356+0000] {logging_mixin.py:188} INFO - [2024-06-12T18:33:04.355+0000] {dag.py:3823} INFO - Setting next_dagrun for tutorial to 2024-06-11 00:00:00+00:00, run_after=2024-06-12 00:00:00+00:00
[2024-06-12T18:33:04.407+0000] {processor.py:183} INFO - Processing /home/airflow/.local/lib/python3.8/site-packages/airflow/example_dags/tutorial.py took 0.145 seconds
[2024-06-12T18:33:34.525+0000] {processor.py:161} INFO - Started process (PID=794) to work on /home/airflow/.local/lib/python3.8/site-packages/airflow/example_dags/tutorial.py
[2024-06-12T18:33:34.526+0000] {processor.py:830} INFO - Processing file /home/airflow/.local/lib/python3.8/site-packages/airflow/example_dags/tutorial.py for tasks to queue
[2024-06-12T18:33:34.528+0000] {logging_mixin.py:188} INFO - [2024-06-12T18:33:34.528+0000] {dagbag.py:538} INFO - Filling up the DagBag from /home/airflow/.local/lib/python3.8/site-packages/airflow/example_dags/tutorial.py
[2024-06-12T18:33:34.539+0000] {processor.py:840} INFO - DAG(s) 'tutorial' retrieved from /home/airflow/.local/lib/python3.8/site-packages/airflow/example_dags/tutorial.py
[2024-06-12T18:33:34.566+0000] {logging_mixin.py:188} INFO - [2024-06-12T18:33:34.565+0000] {dag.py:3036} INFO - Sync 1 DAGs
[2024-06-12T18:33:34.599+0000] {logging_mixin.py:188} INFO - [2024-06-12T18:33:34.598+0000] {dag.py:3823} INFO - Setting next_dagrun for tutorial to 2024-06-11 00:00:00+00:00, run_after=2024-06-12 00:00:00+00:00
[2024-06-12T18:33:34.628+0000] {processor.py:183} INFO - Processing /home/airflow/.local/lib/python3.8/site-packages/airflow/example_dags/tutorial.py took 0.106 seconds
[2024-06-12T18:34:04.914+0000] {processor.py:161} INFO - Started process (PID=851) to work on /home/airflow/.local/lib/python3.8/site-packages/airflow/example_dags/tutorial.py
[2024-06-12T18:34:04.915+0000] {processor.py:830} INFO - Processing file /home/airflow/.local/lib/python3.8/site-packages/airflow/example_dags/tutorial.py for tasks to queue
[2024-06-12T18:34:04.917+0000] {logging_mixin.py:188} INFO - [2024-06-12T18:34:04.917+0000] {dagbag.py:538} INFO - Filling up the DagBag from /home/airflow/.local/lib/python3.8/site-packages/airflow/example_dags/tutorial.py
[2024-06-12T18:34:04.924+0000] {processor.py:840} INFO - DAG(s) 'tutorial' retrieved from /home/airflow/.local/lib/python3.8/site-packages/airflow/example_dags/tutorial.py
[2024-06-12T18:34:04.948+0000] {logging_mixin.py:188} INFO - [2024-06-12T18:34:04.948+0000] {dag.py:3036} INFO - Sync 1 DAGs
[2024-06-12T18:34:04.981+0000] {logging_mixin.py:188} INFO - [2024-06-12T18:34:04.981+0000] {dag.py:3823} INFO - Setting next_dagrun for tutorial to 2024-06-11 00:00:00+00:00, run_after=2024-06-12 00:00:00+00:00
[2024-06-12T18:34:05.007+0000] {processor.py:183} INFO - Processing /home/airflow/.local/lib/python3.8/site-packages/airflow/example_dags/tutorial.py took 0.097 seconds
[2024-06-12T18:34:35.934+0000] {processor.py:161} INFO - Started process (PID=908) to work on /home/airflow/.local/lib/python3.8/site-packages/airflow/example_dags/tutorial.py
[2024-06-12T18:34:35.935+0000] {processor.py:830} INFO - Processing file /home/airflow/.local/lib/python3.8/site-packages/airflow/example_dags/tutorial.py for tasks to queue
[2024-06-12T18:34:35.938+0000] {logging_mixin.py:188} INFO - [2024-06-12T18:34:35.937+0000] {dagbag.py:538} INFO - Filling up the DagBag from /home/airflow/.local/lib/python3.8/site-packages/airflow/example_dags/tutorial.py
[2024-06-12T18:34:35.946+0000] {processor.py:840} INFO - DAG(s) 'tutorial' retrieved from /home/airflow/.local/lib/python3.8/site-packages/airflow/example_dags/tutorial.py
[2024-06-12T18:34:35.977+0000] {logging_mixin.py:188} INFO - [2024-06-12T18:34:35.977+0000] {dag.py:3036} INFO - Sync 1 DAGs
[2024-06-12T18:34:36.014+0000] {logging_mixin.py:188} INFO - [2024-06-12T18:34:36.014+0000] {dag.py:3823} INFO - Setting next_dagrun for tutorial to 2024-06-11 00:00:00+00:00, run_after=2024-06-12 00:00:00+00:00
[2024-06-12T18:34:36.047+0000] {processor.py:183} INFO - Processing /home/airflow/.local/lib/python3.8/site-packages/airflow/example_dags/tutorial.py took 0.118 seconds
[2024-06-12T18:35:06.328+0000] {processor.py:161} INFO - Started process (PID=965) to work on /home/airflow/.local/lib/python3.8/site-packages/airflow/example_dags/tutorial.py
[2024-06-12T18:35:06.329+0000] {processor.py:830} INFO - Processing file /home/airflow/.local/lib/python3.8/site-packages/airflow/example_dags/tutorial.py for tasks to queue
[2024-06-12T18:35:06.331+0000] {logging_mixin.py:188} INFO - [2024-06-12T18:35:06.331+0000] {dagbag.py:538} INFO - Filling up the DagBag from /home/airflow/.local/lib/python3.8/site-packages/airflow/example_dags/tutorial.py
[2024-06-12T18:35:06.338+0000] {processor.py:840} INFO - DAG(s) 'tutorial' retrieved from /home/airflow/.local/lib/python3.8/site-packages/airflow/example_dags/tutorial.py
[2024-06-12T18:35:06.368+0000] {logging_mixin.py:188} INFO - [2024-06-12T18:35:06.367+0000] {dag.py:3036} INFO - Sync 1 DAGs
[2024-06-12T18:35:06.410+0000] {logging_mixin.py:188} INFO - [2024-06-12T18:35:06.409+0000] {dag.py:3823} INFO - Setting next_dagrun for tutorial to 2024-06-11 00:00:00+00:00, run_after=2024-06-12 00:00:00+00:00
[2024-06-12T18:35:06.442+0000] {processor.py:183} INFO - Processing /home/airflow/.local/lib/python3.8/site-packages/airflow/example_dags/tutorial.py took 0.119 seconds
[2024-06-12T18:35:36.820+0000] {processor.py:161} INFO - Started process (PID=1022) to work on /home/airflow/.local/lib/python3.8/site-packages/airflow/example_dags/tutorial.py
[2024-06-12T18:35:36.822+0000] {processor.py:830} INFO - Processing file /home/airflow/.local/lib/python3.8/site-packages/airflow/example_dags/tutorial.py for tasks to queue
[2024-06-12T18:35:36.824+0000] {logging_mixin.py:188} INFO - [2024-06-12T18:35:36.824+0000] {dagbag.py:538} INFO - Filling up the DagBag from /home/airflow/.local/lib/python3.8/site-packages/airflow/example_dags/tutorial.py
[2024-06-12T18:35:36.831+0000] {processor.py:840} INFO - DAG(s) 'tutorial' retrieved from /home/airflow/.local/lib/python3.8/site-packages/airflow/example_dags/tutorial.py
[2024-06-12T18:35:36.858+0000] {logging_mixin.py:188} INFO - [2024-06-12T18:35:36.858+0000] {dag.py:3036} INFO - Sync 1 DAGs
[2024-06-12T18:35:36.889+0000] {logging_mixin.py:188} INFO - [2024-06-12T18:35:36.889+0000] {dag.py:3823} INFO - Setting next_dagrun for tutorial to 2024-06-11 00:00:00+00:00, run_after=2024-06-12 00:00:00+00:00
[2024-06-12T18:35:36.920+0000] {processor.py:183} INFO - Processing /home/airflow/.local/lib/python3.8/site-packages/airflow/example_dags/tutorial.py took 0.103 seconds
